NC_005042.1_885 NC_005042.1_442 NC_005042.1_591 NC_005042.1_324 NC_005042.1_892 NC_005042.1_1068 NC_005042.1_672 NC_005042.1_1029 NC_005042.1_840 NC_005042.1_826 NC_005042.1_1523 NC_005042.1_148 NC_005042.1_427 NC_005042.1_1035 
NC_005042.1_1267 NC_005042.1_1178 NC_005042.1_1465 NC_005042.1_1300 NC_005042.1_894 NC_005042.1_1185 NC_005042.1_787 NC_005042.1_889 NC_005042.1_1180 
NC_005042.1_490 NC_005042.1_1887 NC_005042.1_1815 NC_005042.1_1375 NC_005042.1_575 
NC_005042.1_1804 NC_005042.1_153 NC_005042.1_1092 NC_005042.1_159 NC_005042.1_197 
NC_005042.1_928 NC_005042.1_1351 NC_005042.1_258 NC_005042.1_987 
NC_005042.1_58 NC_005042.1_1105 NC_005042.1_1345 NC_005042.1_743 
NC_005042.1_1399 NC_005042.1_1840 NC_005042.1_1400 NC_005042.1_927 
NC_005042.1_1442 NC_005042.1_1172 NC_005042.1_854 NC_005042.1_814 
NC_005042.1_1464 NC_005042.1_1179 NC_005042.1_1183 NC_005042.1_1184 
NC_005042.1_236 NC_005042.1_1091 NC_005042.1_1116 
NC_005042.1_1906 NC_005042.1_1122 NC_005042.1_239 
NC_005042.1_1570 NC_005042.1_1545 NC_005042.1_1486 
NC_005042.1_985 NC_005042.1_939 NC_005042.1_95 
NC_005042.1_1230 NC_005042.1_683 NC_005042.1_617 
NC_005042.1_1596 NC_005042.1_691 NC_005042.1_1572 
NC_005042.1_436 NC_005042.1_570 NC_005042.1_1477 
NC_005042.1_722 NC_005042.1_1012 NC_005042.1_422 
NC_005042.1_1487 NC_005042.1_1608 NC_005042.1_811 
NC_005042.1_1187 NC_005042.1_1534 NC_005042.1_1549 
NC_005042.1_1147 NC_005042.1_5 
NC_005042.1_1698 NC_005042.1_1699 
NC_005042.1_1558 NC_005042.1_1273 
NC_005042.1_945 NC_005042.1_1895 
NC_005042.1_1207 NC_005042.1_108 
NC_005042.1_45 NC_005042.1_46 
NC_005042.1_445 NC_005042.1_1616 
NC_005042.1_176 NC_005042.1_1076 
NC_005042.1_245 NC_005042.1_808 
NC_005042.1_1280 NC_005042.1_738 
NC_005042.1_1756 NC_005042.1_1880 
NC_005042.1_139 NC_005042.1_170 
NC_005042.1_1372 NC_005042.1_10 
NC_005042.1_1384 NC_005042.1_564 
NC_005042.1_467 NC_005042.1_1411 
NC_005042.1_1386 NC_005042.1_1561 
NC_005042.1_1391 NC_005042.1_124 
NC_005042.1_363 NC_005042.1_1023 
NC_005042.1_1256 NC_005042.1_242 
NC_005042.1_794 NC_005042.1_1146 
NC_005042.1_525 NC_005042.1_351 
NC_005042.1_956 NC_005042.1_198 
NC_005042.1_109 NC_005042.1_1671 
NC_005042.1_1656 NC_005042.1_434 
NC_005042.1_36 NC_005042.1_1046 
NC_005042.1_1253 NC_005042.1_1627 
NC_005042.1_1528 NC_005042.1_484 
NC_005042.1_1708 NC_005042.1_208 
NC_005042.1_255 NC_005042.1_1266 
NC_005042.1_1603 NC_005042.1_23 
NC_005042.1_1555 NC_005042.1_1601 
NC_005042.1_399 NC_005042.1_146 
NC_005042.1_1341 NC_005042.1_1339 
NC_005042.1_1051 NC_005042.1_1139 
NC_005042.1_1559 NC_005042.1_711 
NC_005042.1_1108 NC_005042.1_1696 
NC_005042.1_183 NC_005042.1_1356 
NC_005042.1_1781 NC_005042.1_1814 
NC_005042.1_1303 NC_005042.1_1302 
NC_005042.1_1605 NC_005042.1_532 
NC_005042.1_741 NC_005042.1_1425 
NC_005042.1_508 NC_005042.1_1064 
NC_005042.1_314 NC_005042.1_544 
NC_005042.1_488 NC_005042.1_505 
NC_005042.1_559 NC_005042.1_1826 
NC_005042.1_552 NC_005042.1_545 
NC_005042.1_1209 NC_005042.1_657 
NC_005042.1_1001 NC_005042.1_1446 
NC_005042.1_994 NC_005042.1_995 
NC_005042.1_1498 NC_005042.1_1469 
NC_005042.1_784 NC_005042.1_1016 
NC_005042.1_724 NC_005042.1_584 
NC_005042.1_596 NC_005042.1_1530 
NC_005042.1_1459 NC_005042.1_1204 
NC_005042.1_1510 NC_005042.1_654 
NC_005042.1_550 NC_005042.1_551 
NC_005042.1_1242 NC_005042.1_285 
NC_005042.1_1577 NC_005042.1_1544 
NC_005042.1_1174 NC_005042.1_263 
NC_005042.1_718 NC_005042.1_1583 
NC_005042.1_1579 NC_005042.1_1551 
NC_005042.1_1492 NC_005042.1_1535 
NC_005042.1_641 NC_005042.1_667 
NC_005042.1_712 NC_005042.1_635 
NC_005042.1_618 NC_005042.1_684 
NC_005042.1_1574 NC_005042.1_1580 
NC_005042.1_1557 NC_005042.1_1589 
NC_005042.1_1694 
NC_005042.1_1664 
NC_005042.1_905 
NC_005042.1_1082 
NC_005042.1_1101 
NC_005042.1_964 
NC_005042.1_600 
NC_005042.1_73 
NC_005042.1_966 
NC_005042.1_1008 
NC_005042.1_753 
NC_005042.1_1675 
NC_005042.1_611 
NC_005042.1_899 
NC_005042.1_1099 
NC_005042.1_1666 
NC_005042.1_48 
NC_005042.1_1754 
NC_005042.1_1246 
NC_005042.1_1904 
NC_005042.1_271 
NC_005042.1_1853 
NC_005042.1_1825 
NC_005042.1_1868 
NC_005042.1_607 
NC_005042.1_1647 
NC_005042.1_625 
NC_005042.1_1829 
NC_005042.1_1682 
NC_005042.1_703 
NC_005042.1_429 
NC_005042.1_49 
NC_005042.1_1276 
NC_005042.1_954 
NC_005042.1_1890 
NC_005042.1_1783 
NC_005042.1_832 
NC_005042.1_974 
NC_005042.1_1430 
NC_005042.1_64 
NC_005042.1_336 
NC_005042.1_248 
NC_005042.1_3 
NC_005042.1_548 
NC_005042.1_819 
NC_005042.1_220 
NC_005042.1_996 
NC_005042.1_1087 
NC_005042.1_156 
NC_005042.1_492 
NC_005042.1_1320 
NC_005042.1_835 
NC_005042.1_334 
NC_005042.1_1077 
NC_005042.1_1141 
NC_005042.1_322 
NC_005042.1_1886 
NC_005042.1_1414 
NC_005042.1_1691 
NC_005042.1_1433 
NC_005042.1_624 
NC_005042.1_759 
NC_005042.1_1373 
NC_005042.1_1865 
NC_005042.1_288 
NC_005042.1_1833 
NC_005042.1_1860 
NC_005042.1_1794 
NC_005042.1_395 
NC_005042.1_175 
NC_005042.1_81 
NC_005042.1_1050 
NC_005042.1_1820 
NC_005042.1_60 
NC_005042.1_84 
NC_005042.1_935 
NC_005042.1_50 
NC_005042.1_1836 
NC_005042.1_1073 
NC_005042.1_699 
NC_005042.1_961 
NC_005042.1_1285 
NC_005042.1_1665 
NC_005042.1_1790 
NC_005042.1_941 
NC_005042.1_679 
NC_005042.1_1348 
NC_005042.1_991 
NC_005042.1_1683 
NC_005042.1_100 
NC_005042.1_1306 
NC_005042.1_1697 
NC_005042.1_1876 
NC_005042.1_420 
NC_005042.1_1103 
NC_005042.1_215 
NC_005042.1_415 
NC_005042.1_513 
NC_005042.1_838 
NC_005042.1_834 
NC_005042.1_503 
NC_005042.1_558 
NC_005042.1_42 
NC_005042.1_930 
NC_005042.1_1543 
NC_005042.1_729 
NC_005042.1_609 
NC_005042.1_1661 
NC_005042.1_1343 
NC_005042.1_1832 
NC_005042.1_521 
NC_005042.1_709 
NC_005042.1_901 
NC_005042.1_1063 
NC_005042.1_460 
NC_005042.1_1542 
NC_005042.1_1779 
NC_005042.1_1102 
NC_005042.1_1626 
NC_005042.1_1905 
NC_005042.1_1842 
NC_005042.1_851 
NC_005042.1_1038 
NC_005042.1_452 
NC_005042.1_122 
NC_005042.1_438 
NC_005042.1_92 
NC_005042.1_1877 
NC_005042.1_136 
NC_005042.1_606 
NC_005042.1_812 
NC_005042.1_950 
NC_005042.1_875 
NC_005042.1_1164 
NC_005042.1_1678 
NC_005042.1_1162 
NC_005042.1_295 
NC_005042.1_1144 
NC_005042.1_119 
NC_005042.1_221 
NC_005042.1_1086 
NC_005042.1_189 
NC_005042.1_953 
NC_005042.1_61 
NC_005042.1_1613 
NC_005042.1_540 
NC_005042.1_1448 
NC_005042.1_38 
NC_005042.1_1611 
NC_005042.1_483 
NC_005042.1_428 
NC_005042.1_1030 
NC_005042.1_1056 
NC_005042.1_579 
NC_005042.1_1042 
NC_005042.1_1770 
NC_005042.1_301 
NC_005042.1_1247 
NC_005042.1_1892 
NC_005042.1_353 
NC_005042.1_1125 
NC_005042.1_934 
NC_005042.1_1844 
NC_005042.1_549 
NC_005042.1_801 
NC_005042.1_1270 
NC_005042.1_977 
NC_005042.1_1134 
NC_005042.1_1631 
NC_005042.1_1335 
NC_005042.1_408 
NC_005042.1_1376 
NC_005042.1_1803 
NC_005042.1_298 
NC_005042.1_1061 
NC_005042.1_1434 
NC_005042.1_1565 
NC_005042.1_1524 
NC_005042.1_219 
NC_005042.1_1744 
NC_005042.1_507 
NC_005042.1_1424 
NC_005042.1_315 
NC_005042.1_414 
NC_005042.1_1378 
NC_005042.1_770 
NC_005042.1_1316 
NC_005042.1_53 
NC_005042.1_400 
NC_005042.1_1618 
NC_005042.1_1145 
NC_005042.1_312 
NC_005042.1_752 
NC_005042.1_4 
NC_005042.1_1003 
NC_005042.1_366 
NC_005042.1_313 
NC_005042.1_487 
NC_005042.1_88 
NC_005042.1_1137 
NC_005042.1_1251 
NC_005042.1_1789 
NC_005042.1_1742 
NC_005042.1_1810 
NC_005042.1_1776 
NC_005042.1_1047 
NC_005042.1_205 
NC_005042.1_377 
NC_005042.1_1272 
NC_005042.1_1673 
NC_005042.1_605 
NC_005042.1_847 
NC_005042.1_1325 
NC_005042.1_1816 
NC_005042.1_1859 
NC_005042.1_1451 
NC_005042.1_546 
NC_005042.1_11 
NC_005042.1_1136 
NC_005042.1_384 
NC_005042.1_290 
NC_005042.1_325 
NC_005042.1_580 
NC_005042.1_101 
NC_005042.1_1839 
NC_005042.1_1891 
NC_005042.1_1060 
NC_005042.1_1795 
NC_005042.1_1121 
NC_005042.1_12 
NC_005042.1_120 
NC_005042.1_1646 
NC_005042.1_1560 
NC_005042.1_1903 
NC_005042.1_62 
NC_005042.1_158 
NC_005042.1_274 
NC_005042.1_562 
NC_005042.1_1526 
NC_005042.1_788 
NC_005042.1_1004 
NC_005042.1_1758 
NC_005042.1_1782 
NC_005042.1_372 
NC_005042.1_1044 
NC_005042.1_1114 
NC_005042.1_217 
NC_005042.1_397 
NC_005042.1_1059 
NC_005042.1_1415 
NC_005042.1_22 
NC_005042.1_1777 
NC_005042.1_1841 
NC_005042.1_76 
NC_005042.1_1070 
NC_005042.1_511 
NC_005042.1_836 
NC_005042.1_1389 
NC_005042.1_93 
NC_005042.1_1432 
NC_005042.1_893 
NC_005042.1_1057 
NC_005042.1_1468 
NC_005042.1_510 
NC_005042.1_804 
NC_005042.1_1624 
NC_005042.1_1160 
NC_005042.1_1622 
NC_005042.1_1718 
NC_005042.1_341 
NC_005042.1_419 
NC_005042.1_1135 
NC_005042.1_1843 
NC_005042.1_501 
NC_005042.1_845 
NC_005042.1_1080 
NC_005042.1_160 
NC_005042.1_1214 
NC_005042.1_1355 
NC_005042.1_1652 
NC_005042.1_1299 
NC_005042.1_1390 
NC_005042.1_238 
NC_005042.1_976 
NC_005042.1_1893 
NC_005042.1_346 
NC_005042.1_846 
NC_005042.1_1855 
NC_005042.1_1640 
NC_005042.1_261 
NC_005042.1_309 
NC_005042.1_809 
NC_005042.1_1766 
NC_005042.1_1759 
NC_005042.1_1317 
NC_005042.1_708 
NC_005042.1_291 
NC_005042.1_761 
NC_005042.1_1602 
NC_005042.1_1645 
NC_005042.1_1387 
NC_005042.1_1669 
NC_005042.1_958 
NC_005042.1_362 
NC_005042.1_1440 
NC_005042.1_1885 
NC_005042.1_292 
NC_005042.1_509 
NC_005042.1_973 
NC_005042.1_1329 
NC_005042.1_541 
NC_005042.1_750 
NC_005042.1_821 
NC_005042.1_85 
NC_005042.1_1397 
NC_005042.1_1421 
NC_005042.1_191 
NC_005042.1_335 
NC_005042.1_563 
NC_005042.1_1793 
NC_005042.1_202 
NC_005042.1_75 
NC_005042.1_374 
NC_005042.1_477 
NC_005042.1_56 
NC_005042.1_1248 
NC_005042.1_1638 
NC_005042.1_782 
NC_005042.1_1332 
NC_005042.1_1344 
NC_005042.1_1388 
NC_005042.1_1304 
NC_005042.1_349 
NC_005042.1_299 
NC_005042.1_800 
NC_005042.1_929 
NC_005042.1_1681 
NC_005042.1_481 
NC_005042.1_1024 
NC_005042.1_1366 
NC_005042.1_348 
NC_005042.1_59 
NC_005042.1_1377 
NC_005042.1_1749 
NC_005042.1_534 
NC_005042.1_86 
NC_005042.1_1165 
NC_005042.1_1404 
NC_005042.1_1899 
NC_005042.1_224 
NC_005042.1_1019 
NC_005042.1_432 
NC_005042.1_1342 
NC_005042.1_142 
NC_005042.1_1813 
NC_005042.1_1690 
NC_005042.1_1066 
NC_005042.1_1797 
NC_005042.1_1850 
NC_005042.1_200 
NC_005042.1_466 
NC_005042.1_728 
NC_005042.1_831 
NC_005042.1_409 
NC_005042.1_1473 
NC_005042.1_167 
NC_005042.1_676 
NC_005042.1_1595 
NC_005042.1_319 
NC_005042.1_704 
NC_005042.1_98 
NC_005042.1_1027 
NC_005042.1_1195 
NC_005042.1_623 
NC_005042.1_114 
NC_005042.1_178 
NC_005042.1_228 
NC_005042.1_128 
NC_005042.1_520 
NC_005042.1_943 
NC_005042.1_1426 
NC_005042.1_1778 
NC_005042.1_259 
NC_005042.1_825 
NC_005042.1_401 
NC_005042.1_873 
NC_005042.1_1148 
NC_005042.1_519 
NC_005042.1_1 
NC_005042.1_1225 
NC_005042.1_195 
NC_005042.1_390 
NC_005042.1_1851 
NC_005042.1_187 
NC_005042.1_802 
NC_005042.1_1315 
NC_005042.1_67 
NC_005042.1_682 
NC_005042.1_1131 
NC_005042.1_1567 
NC_005042.1_1648 
NC_005042.1_1706 
NC_005042.1_1755 
NC_005042.1_37 
NC_005042.1_747 
NC_005042.1_1740 
NC_005042.1_1748 
NC_005042.1_17 
NC_005042.1_188 
NC_005042.1_1017 
NC_005042.1_103 
NC_005042.1_1117 
NC_005042.1_214 
NC_005042.1_227 
NC_005042.1_515 
NC_005042.1_65 
NC_005042.1_841 
NC_005042.1_1875 
NC_005042.1_305 
NC_005042.1_307 
NC_005042.1_1395 
NC_005042.1_908 
NC_005042.1_1218 
NC_005042.1_1250 
NC_005042.1_1298 
NC_005042.1_1901 
NC_005042.1_1908 
NC_005042.1_398 
NC_005042.1_52 
NC_005042.1_861 
NC_005042.1_1398 
NC_005042.1_1340 
NC_005042.1_1018 
NC_005042.1_1352 
NC_005042.1_822 
NC_005042.1_493 
NC_005042.1_90 
NC_005042.1_1133 
NC_005042.1_1374 
NC_005042.1_868 
NC_005042.1_1053 
NC_005042.1_1244 
NC_005042.1_1156 
NC_005042.1_1307 
NC_005042.1_256 
NC_005042.1_866 
NC_005042.1_472 
NC_005042.1_773 
NC_005042.1_1318 
NC_005042.1_1894 
NC_005042.1_1738 
NC_005042.1_1760 
NC_005042.1_565 
NC_005042.1_566 
NC_005042.1_951 
NC_005042.1_25 
NC_005042.1_1527 
NC_005042.1_1889 
NC_005042.1_226 
NC_005042.1_464 
NC_005042.1_855 
NC_005042.1_859 
NC_005042.1_1628 
NC_005042.1_1799 
NC_005042.1_1049 
NC_005042.1_1752 
NC_005042.1_1812 
NC_005042.1_860 
NC_005042.1_658 
NC_005042.1_971 
NC_005042.1_1245 
NC_005042.1_79 
NC_005042.1_1088 
NC_005042.1_1392 
NC_005042.1_1807 
NC_005042.1_675 
NC_005042.1_538 
NC_005042.1_810 
NC_005042.1_1074 
NC_005042.1_1155 
NC_005042.1_1662 
NC_005042.1_1000 
NC_005042.1_1327 
NC_005042.1_370 
NC_005042.1_500 
NC_005042.1_528 
NC_005042.1_775 
NC_005042.1_1361 
NC_005042.1_1769 
NC_005042.1_867 
NC_005042.1_1418 
NC_005042.1_269 
NC_005042.1_74 
NC_005042.1_872 
NC_005042.1_1022 
NC_005042.1_1761 
NC_005042.1_1838 
NC_005042.1_1283 
NC_005042.1_28 
NC_005042.1_1328 
NC_005042.1_746 
NC_005042.1_1089 
NC_005042.1_1005 
NC_005042.1_1072 
NC_005042.1_1163 
NC_005042.1_330 
NC_005042.1_673 
NC_005042.1_731 
NC_005042.1_1831 
NC_005042.1_1835 
NC_005042.1_265 
NC_005042.1_796 
NC_005042.1_1357 
NC_005042.1_514 
NC_005042.1_246 
NC_005042.1_308 
NC_005042.1_66 
NC_005042.1_795 
NC_005042.1_844 
NC_005042.1_14 
NC_005042.1_24 
NC_005042.1_433 
NC_005042.1_441 
NC_005042.1_1111 
NC_005042.1_1401 
NC_005042.1_152 
NC_005042.1_244 
NC_005042.1_249 
NC_005042.1_529 
NC_005042.1_1058 
NC_005042.1_161 
NC_005042.1_1623 
NC_005042.1_1823 
NC_005042.1_1128 
NC_005042.1_680 
NC_005042.1_769 
NC_005042.1_173 
NC_005042.1_402 
NC_005042.1_482 
NC_005042.1_766 
NC_005042.1_948 
NC_005042.1_253 
NC_005042.1_895 
NC_005042.1_1259 
NC_005042.1_1262 
NC_005042.1_1883 
NC_005042.1_1370 
NC_005042.1_203 
NC_005042.1_1110 
NC_005042.1_204 
NC_005042.1_281 
NC_005042.1_771 
NC_005042.1_1308 
NC_005042.1_1441 
NC_005042.1_7 
NC_005042.1_1203 
NC_005042.1_1347 
NC_005042.1_222 
NC_005042.1_376 
NC_005042.1_1350 
NC_005042.1_154 
NC_005042.1_1630 
NC_005042.1_1702 
NC_005042.1_421 
NC_005042.1_593 
NC_005042.1_1075 
NC_005042.1_1291 
NC_005042.1_1336 
NC_005042.1_489 
NC_005042.1_1367 
NC_005042.1_333 
NC_005042.1_117 
NC_005042.1_123 
NC_005042.1_1439 
NC_005042.1_63 
NC_005042.1_143 
NC_005042.1_1714 
NC_005042.1_842 
NC_005042.1_455 
NC_005042.1_828 
NC_005042.1_1687 
NC_005042.1_19 
NC_005042.1_440 
NC_005042.1_799 
NC_005042.1_1293 
NC_005042.1_1402 
NC_005042.1_179 
NC_005042.1_206 
NC_005042.1_946 
NC_005042.1_1326 
NC_005042.1_254 
NC_005042.1_1212 
NC_005042.1_1857 
NC_005042.1_1322 
NC_005042.1_1360 
NC_005042.1_199 
NC_005042.1_385 
NC_005042.1_1321 
NC_005042.1_1447 
NC_005042.1_1700 
NC_005042.1_494 
NC_005042.1_592 
NC_005042.1_965 
NC_005042.1_169 
NC_005042.1_1873 
NC_005042.1_454 
NC_005042.1_1140 
NC_005042.1_130 
NC_005042.1_1837 
NC_005042.1_1036 
NC_005042.1_1028 
NC_005042.1_1482 
NC_005042.1_1896 
NC_005042.1_450 
NC_005042.1_681 
NC_005042.1_877 
NC_005042.1_1821 
NC_005042.1_674 
NC_005042.1_865 
NC_005042.1_1241 
NC_005042.1_162 
NC_005042.1_340 
NC_005042.1_1429 
NC_005042.1_30 
NC_005042.1_524 
NC_005042.1_805 
NC_005042.1_1120 
NC_005042.1_1279 
NC_005042.1_1550 
NC_005042.1_1575 
NC_005042.1_1745 
NC_005042.1_451 
NC_005042.1_539 
NC_005042.1_881 
NC_005042.1_758 
NC_005042.1_1338 
NC_005042.1_177 
NC_005042.1_21 
NC_005042.1_1118 
NC_005042.1_1278 
NC_005042.1_1289 
NC_005042.1_1383 
NC_005042.1_356 
NC_005042.1_1062 
NC_005042.1_863 
NC_005042.1_1067 
NC_005042.1_371 
NC_005042.1_6 
NC_005042.1_1069 
NC_005042.1_1881 
NC_005042.1_1712 
NC_005042.1_47 
NC_005042.1_736 
NC_005042.1_1294 
NC_005042.1_1497 
NC_005042.1_1743 
NC_005042.1_311 
NC_005042.1_1346 
NC_005042.1_1733 
NC_005042.1_1872 
NC_005042.1_216 
NC_005042.1_223 
NC_005042.1_944 
NC_005042.1_1750 
NC_005042.1_1113 
NC_005042.1_1780 
NC_005042.1_443 
NC_005042.1_955 
NC_005042.1_1427 
NC_005042.1_824 
NC_005042.1_118 
NC_005042.1_368 
NC_005042.1_306 
NC_005042.1_323 
NC_005042.1_1686 
NC_005042.1_969 
NC_005042.1_765 
NC_005042.1_470 
NC_005042.1_526 
NC_005042.1_1871 
NC_005042.1_478 
NC_005042.1_906 
NC_005042.1_389 
NC_005042.1_986 
NC_005042.1_1168 
NC_005042.1_1358 
NC_005042.1_1054 
NC_005042.1_1762 
NC_005042.1_1394 
NC_005042.1_439 
NC_005042.1_1593 
NC_005042.1_1848 
NC_005042.1_360 
NC_005042.1_417 
NC_005042.1_1644 
NC_005042.1_345 
NC_005042.1_1309 
NC_005042.1_1660 
NC_005042.1_476 
NC_005042.1_1292 
NC_005042.1_1052 
NC_005042.1_137 
NC_005042.1_569 
NC_005042.1_730 
NC_005042.1_1112 
NC_005042.1_267 
NC_005042.1_1385 
NC_005042.1_1480 
NC_005042.1_498 
NC_005042.1_1020 
NC_005042.1_1521 
NC_005042.1_260 
NC_005042.1_626 
NC_005042.1_87 
NC_005042.1_1450 
NC_005042.1_1667 
NC_005042.1_523 
NC_005042.1_1592 
NC_005042.1_1621 
NC_005042.1_1798 
NC_005042.1_1882 
NC_005042.1_382 
NC_005042.1_904 
NC_005042.1_1834 
NC_005042.1_317 
NC_005042.1_720 
NC_005042.1_1021 
NC_005042.1_1055 
NC_005042.1_1295 
NC_005042.1_1739 
NC_005042.1_448 
NC_005042.1_1772 
NC_005042.1_423 
NC_005042.1_543 
NC_005042.1_1396 
NC_005042.1_225 
NC_005042.1_391 
NC_005042.1_876 
NC_005042.1_1548 
NC_005042.1_327 
NC_005042.1_350 
NC_005042.1_1033 
NC_005042.1_97 
NC_005042.1_1655 
NC_005042.1_426 
NC_005042.1_533 
NC_005042.1_556 
NC_005042.1_1032 
NC_005042.1_13 
NC_005042.1_837 
NC_005042.1_1650 
NC_005042.1_296 
NC_005042.1_1701 
NC_005042.1_453 
NC_005042.1_458 
NC_005042.1_535 
NC_005042.1_990 
NC_005042.1_1198 
NC_005042.1_1438 
NC_005042.1_1786 
NC_005042.1_8 
NC_005042.1_1416 
NC_005042.1_1806 
NC_005042.1_1824 
NC_005042.1_2 
NC_005042.1_823 
NC_005042.1_843 
NC_005042.1_1098 
NC_005042.1_1154 
NC_005042.1_471 
NC_005042.1_700 
NC_005042.1_96 
NC_005042.1_1369 
NC_005042.1_1403 
NC_005042.1_174 
NC_005042.1_213 
NC_005042.1_780 
NC_005042.1_1431 
NC_005042.1_1856 
NC_005042.1_280 
NC_005042.1_833 
NC_005042.1_1730 
NC_005042.1_527 
NC_005042.1_779 
NC_005042.1_890 
NC_005042.1_903 
NC_005042.1_1333 
NC_005042.1_1467 
NC_005042.1_16 
NC_005042.1_1324 
NC_005042.1_133 
NC_005042.1_1491 
NC_005042.1_1636 
NC_005042.1_1773 
NC_005042.1_776 
NC_005042.1_1006 
NC_005042.1_1420 
NC_005042.1_150 
NC_005042.1_1239 
NC_005042.1_375 
NC_005042.1_1337 
NC_005042.1_829 
NC_005042.1_1123 
NC_005042.1_1594 
NC_005042.1_1649 
NC_005042.1_1670 
NC_005042.1_1774 
NC_005042.1_196 
NC_005042.1_517 
NC_005042.1_848 
NC_005042.1_1007 
NC_005042.1_560 
NC_005042.1_793 
NC_005042.1_530 
NC_005042.1_102 
NC_005042.1_232 
NC_005042.1_803 
NC_005042.1_1264 
NC_005042.1_1275 
NC_005042.1_424 
NC_005042.1_790 
NC_005042.1_1037 
NC_005042.1_963 
NC_005042.1_518 
NC_005042.1_820 
NC_005042.1_1330 
NC_005042.1_257 
NC_005042.1_392 
NC_005042.1_418 
NC_005042.1_1277 
NC_005042.1_1097 
NC_005042.1_1879 
NC_005042.1_449 
NC_005042.1_577 
NC_005042.1_1878 
NC_005042.1_883 
NC_005042.1_1546 
NC_005042.1_394 
NC_005042.1_129 
NC_005042.1_1364 
NC_005042.1_165 
NC_005042.1_1382 
NC_005042.1_1588 
NC_005042.1_435 
NC_005042.1_756 
NC_005042.1_1282 
NC_005042.1_361 
NC_005042.1_431 
NC_005042.1_597 
NC_005042.1_1193 
NC_005042.1_155 
NC_005042.1_1688 
NC_005042.1_1830 
NC_005042.1_266 
NC_005042.1_1290 
NC_005042.1_1331 
NC_005042.1_1651 
NC_005042.1_1736 
NC_005042.1_186 
NC_005042.1_234 
NC_005042.1_145 
NC_005042.1_1679 
NC_005042.1_1809 
NC_005042.1_364 
NC_005042.1_858 
NC_005042.1_1639 
NC_005042.1_1888 
NC_005042.1_830 
NC_005042.1_884 
NC_005042.1_1461 
NC_005042.1_557 
NC_005042.1_907 
NC_005042.1_1031 
NC_005042.1_151 
NC_005042.1_1764 
NC_005042.1_561 
NC_005042.1_926 
NC_005042.1_978 
NC_005042.1_1150 
NC_005042.1_1297 
NC_005042.1_172 
NC_005042.1_252 
NC_005042.1_273 
NC_005042.1_276 
NC_005042.1_957 
NC_005042.1_1119 
NC_005042.1_1585 
NC_005042.1_652 
NC_005042.1_671 
NC_005042.1_952 
NC_005042.1_1413 
NC_005042.1_1720 
NC_005042.1_1735 
NC_005042.1_602 
NC_005042.1_898 
NC_005042.1_9 
NC_005042.1_121 
NC_005042.1_1211 
NC_005042.1_1898 
NC_005042.1_316 
NC_005042.1_57 
NC_005042.1_1078 
NC_005042.1_1268 
NC_005042.1_1600 
NC_005042.1_26 
NC_005042.1_289 
NC_005042.1_387 
NC_005042.1_480 
NC_005042.1_1768 
NC_005042.1_1867 
NC_005042.1_318 
NC_005042.1_998 
NC_005042.1_1243 
NC_005042.1_1419 
NC_005042.1_1483 
NC_005042.1_631 
NC_005042.1_853 
NC_005042.1_1587 
NC_005042.1_284 
NC_005042.1_381 
NC_005042.1_272 
NC_005042.1_40 
NC_005042.1_797 
NC_005042.1_83 
NC_005042.1_979 
NC_005042.1_1025 
NC_005042.1_1349 
NC_005042.1_1513 
NC_005042.1_339 
NC_005042.1_405 
NC_005042.1_1822 
NC_005042.1_193 
NC_005042.1_302 
NC_005042.1_910 
NC_005042.1_1151 
NC_005042.1_1423 
NC_005042.1_163 
NC_005042.1_185 
NC_005042.1_212 
NC_005042.1_278 
NC_005042.1_437 
NC_005042.1_94 
NC_005042.1_997 
NC_005042.1_1704 
NC_005042.1_983 
NC_005042.1_1083 
NC_005042.1_1379 
NC_005042.1_277 
NC_005042.1_888 
NC_005042.1_911 
NC_005042.1_1334 
NC_005042.1_1564 
NC_005042.1_1625 
NC_005042.1_210 
NC_005042.1_342 
NC_005042.1_357 
NC_005042.1_393 
NC_005042.1_1040 
NC_005042.1_1311 
NC_005042.1_164 
NC_005042.1_677 
NC_005042.1_879 
NC_005042.1_1254 
NC_005042.1_1265 
NC_005042.1_321 
NC_005042.1_310 
NC_005042.1_1684 
NC_005042.1_621 
NC_005042.1_131 
NC_005042.1_1071 
NC_005042.1_275 
NC_005042.1_388 
NC_005042.1_1158 
NC_005042.1_1907 
NC_005042.1_241 
NC_005042.1_300 
NC_005042.1_962 
NC_005042.1_1359 
NC_005042.1_1449 
NC_005042.1_791 
NC_005042.1_806 
NC_005042.1_1284 
NC_005042.1_320 
NC_005042.1_486 
NC_005042.1_599 
NC_005042.1_1106 
NC_005042.1_1847 
NC_005042.1_874 
NC_005042.1_1130 
NC_005042.1_1763 
NC_005042.1_461 
NC_005042.1_849 
NC_005042.1_463 
NC_005042.1_495 
NC_005042.1_721 
NC_005042.1_1632 
NC_005042.1_1717 
NC_005042.1_1729 
NC_005042.1_1863 
NC_005042.1_270 
NC_005042.1_337 
NC_005042.1_516 
NC_005042.1_1127 
NC_005042.1_1612 
NC_005042.1_326 
NC_005042.1_343 
NC_005042.1_886 
NC_005042.1_981 
NC_005042.1_1654 
NC_005042.1_878 
NC_005042.1_1496 
NC_005042.1_1722 
NC_005042.1_1724 
NC_005042.1_1685 
NC_005042.1_194 
NC_005042.1_456 
NC_005042.1_870 
NC_005042.1_44 
NC_005042.1_1096 
NC_005042.1_1353 
NC_005042.1_1788 
NC_005042.1_1747 
NC_005042.1_231 
NC_005042.1_425 
NC_005042.1_469 
NC_005042.1_698 
NC_005042.1_864 
NC_005042.1_1109 
NC_005042.1_1100 
NC_005042.1_1132 
NC_005042.1_1175 
NC_005042.1_1501 
NC_005042.1_157 
NC_005042.1_713 
NC_005042.1_1368 
NC_005042.1_1458 
NC_005042.1_229 
NC_005042.1_473 
NC_005042.1_604 
NC_005042.1_1138 
NC_005042.1_1633 
NC_005042.1_1862 
NC_005042.1_27 
NC_005042.1_1707 
NC_005042.1_51 
NC_005042.1_869 
NC_005042.1_1107 
NC_005042.1_816 
NC_005042.1_1263 
NC_005042.1_1811 
NC_005042.1_444 
NC_005042.1_716 
NC_005042.1_896 
NC_005042.1_1805 
NC_005042.1_1479 
NC_005042.1_15 
NC_005042.1_182 
NC_005042.1_697 
NC_005042.1_982 
NC_005042.1_1508 
NC_005042.1_1800 
NC_005042.1_474 
NC_005042.1_1045 
NC_005042.1_1124 
NC_005042.1_1223 
NC_005042.1_1884 
NC_005042.1_54 
NC_005042.1_1861 
NC_005042.1_578 
NC_005042.1_959 
NC_005042.1_1462 
NC_005042.1_1531 
NC_005042.1_365 
NC_005042.1_576 
NC_005042.1_933 
NC_005042.1_960 
NC_005042.1_1233 
NC_005042.1_1620 
NC_005042.1_396 
NC_005042.1_1202 
NC_005042.1_1827 
NC_005042.1_383 
NC_005042.1_628 
NC_005042.1_1159 
NC_005042.1_1380 
NC_005042.1_1607 
NC_005042.1_352 
NC_005042.1_760 
NC_005042.1_1041 
NC_005042.1_1692 
NC_005042.1_1757 
NC_005042.1_1771 
NC_005042.1_1157 
NC_005042.1_1405 
NC_005042.1_1672 
NC_005042.1_1703 
NC_005042.1_1751 
NC_005042.1_338 
NC_005042.1_999 
NC_005042.1_1221 
NC_005042.1_512 
NC_005042.1_595 
NC_005042.1_69 
NC_005042.1_1034 
NC_005042.1_1115 
NC_005042.1_138 
NC_005042.1_1634 
NC_005042.1_1723 
NC_005042.1_1784 
NC_005042.1_211 
NC_005042.1_871 
NC_005042.1_1436 
NC_005042.1_1737 
NC_005042.1_1858 
NC_005042.1_1869 
NC_005042.1_1897 
NC_005042.1_218 
NC_005042.1_497 
NC_005042.1_620 
NC_005042.1_1428 
NC_005042.1_1719 
NC_005042.1_1711 
NC_005042.1_1753 
NC_005042.1_798 
NC_005042.1_1288 
NC_005042.1_1365 
NC_005042.1_355 
NC_005042.1_380 
NC_005042.1_430 
NC_005042.1_1509 
NC_005042.1_777 
NC_005042.1_1015 
NC_005042.1_651 
NC_005042.1_282 
NC_005042.1_763 
NC_005042.1_949 
NC_005042.1_1129 
NC_005042.1_168 
NC_005042.1_201 
NC_005042.1_502 
NC_005042.1_1237 
NC_005042.1_1818 
NC_005042.1_329 
NC_005042.1_762 
NC_005042.1_1084 
NC_005042.1_1507 
NC_005042.1_1775 
NC_005042.1_233 
NC_005042.1_504 
NC_005042.1_1864 
NC_005042.1_1081 
NC_005042.1_141 
NC_005042.1_637 
NC_005042.1_1296 
NC_005042.1_1522 
NC_005042.1_537 
NC_005042.1_749 
NC_005042.1_1393 
NC_005042.1_1619 
NC_005042.1_1710 
NC_005042.1_748 
NC_005042.1_1417 
NC_005042.1_1637 
NC_005042.1_1641 
NC_005042.1_850 
NC_005042.1_1485 
NC_005042.1_247 
NC_005042.1_447 
NC_005042.1_1026 
NC_005042.1_1235 
NC_005042.1_1314 
NC_005042.1_1453 
NC_005042.1_237 
NC_005042.1_947 
NC_005042.1_367 
NC_005042.1_555 
NC_005042.1_126 
NC_005042.1_1371 
NC_005042.1_140 
NC_005042.1_664 
NC_005042.1_1142 
NC_005042.1_1153 
NC_005042.1_1216 
NC_005042.1_135 
NC_005042.1_1584 
NC_005042.1_1658 
NC_005042.1_1715 
NC_005042.1_230 
NC_005042.1_32 
NC_005042.1_1808 
NC_005042.1_1854 
NC_005042.1_639 
NC_005042.1_757 
NC_005042.1_913 
NC_005042.1_1222 
NC_005042.1_149 
NC_005042.1_373 
NC_005042.1_572 
NC_005042.1_68 
NC_005042.1_862 
NC_005042.1_1079 
NC_005042.1_112 
NC_005042.1_1313 
NC_005042.1_696 
NC_005042.1_764 
NC_005042.1_919 
NC_005042.1_1689 
NC_005042.1_72 
NC_005042.1_916 
NC_005042.1_1182 
NC_005042.1_378 
NC_005042.1_733 
NC_005042.1_754 
NC_005042.1_89 
NC_005042.1_921 
NC_005042.1_1269 
NC_005042.1_1563 
NC_005042.1_1609 
NC_005042.1_1693 
NC_005042.1_1731 
NC_005042.1_1817 
NC_005042.1_34 
NC_005042.1_542 
NC_005042.1_668 
NC_005042.1_1721 
NC_005042.1_303 
NC_005042.1_506 
NC_005042.1_105 
NC_005042.1_1716 
NC_005042.1_1726 
NC_005042.1_1746 
NC_005042.1_522 
NC_005042.1_574 
NC_005042.1_629 
NC_005042.1_815 
NC_005042.1_1274 
NC_005042.1_1310 
NC_005042.1_1552 
NC_005042.1_328 
NC_005042.1_354 
NC_005042.1_627 
NC_005042.1_1090 
NC_005042.1_1166 
NC_005042.1_1410 
NC_005042.1_1657 
NC_005042.1_1677 
NC_005042.1_41 
NC_005042.1_993 
NC_005042.1_1249 
NC_005042.1_1725 
NC_005042.1_767 
NC_005042.1_1176 
NC_005042.1_1435 
NC_005042.1_190 
NC_005042.1_690 
NC_005042.1_774 
NC_005042.1_839 
NC_005042.1_1065 
NC_005042.1_1488 
NC_005042.1_1713 
NC_005042.1_588 
NC_005042.1_589 
NC_005042.1_912 
NC_005042.1_171 
NC_005042.1_1846 
NC_005042.1_20 
NC_005042.1_897 
NC_005042.1_1445 
NC_005042.1_379 
NC_005042.1_547 
NC_005042.1_582 
NC_005042.1_583 
NC_005042.1_82 
NC_005042.1_1215 
NC_005042.1_1525 
NC_005042.1_1643 
NC_005042.1_640 
NC_005042.1_989 
NC_005042.1_1578 
NC_005042.1_264 
NC_005042.1_1002 
NC_005042.1_1227 
NC_005042.1_1232 
NC_005042.1_1695 
NC_005042.1_568 
NC_005042.1_116 
NC_005042.1_1819 
NC_005042.1_499 
NC_005042.1_739 
NC_005042.1_931 
NC_005042.1_184 
NC_005042.1_479 
NC_005042.1_1094 
NC_005042.1_1149 
NC_005042.1_1189 
NC_005042.1_192 
NC_005042.1_622 
NC_005042.1_1422 
NC_005042.1_1452 
NC_005042.1_359 
NC_005042.1_936 
NC_005042.1_1206 
NC_005042.1_1734 
NC_005042.1_573 
NC_005042.1_914 
NC_005042.1_937 
NC_005042.1_938 
NC_005042.1_1554 
NC_005042.1_1604 
NC_005042.1_1617 
NC_005042.1_1680 
NC_005042.1_407 
NC_005042.1_240 
NC_005042.1_1493 
NC_005042.1_744 
NC_005042.1_932 
NC_005042.1_1196 
NC_005042.1_1852 
NC_005042.1_404 
NC_005042.1_459 
NC_005042.1_813 
NC_005042.1_104 
NC_005042.1_1319 
NC_005042.1_1668 
NC_005042.1_852 
NC_005042.1_1048 
NC_005042.1_1208 
NC_005042.1_1236 
NC_005042.1_1409 
NC_005042.1_1785 
NC_005042.1_645 
NC_005042.1_719 
NC_005042.1_1252 
NC_005042.1_1642 
NC_005042.1_268 
NC_005042.1_457 
NC_005042.1_701 
NC_005042.1_1104 
NC_005042.1_1514 
NC_005042.1_180 
NC_005042.1_294 
NC_005042.1_485 
NC_005042.1_1238 
NC_005042.1_1444 
NC_005042.1_35 
NC_005042.1_115 
NC_005042.1_1709 
NC_005042.1_1257 
NC_005042.1_243 
NC_005042.1_619 
NC_005042.1_807 
NC_005042.1_887 
NC_005042.1_1181 
NC_005042.1_1674 
NC_005042.1_644 
NC_005042.1_707 
NC_005042.1_1412 
NC_005042.1_1540 
NC_005042.1_1581 
NC_005042.1_1732 
NC_005042.1_1741 
NC_005042.1_735 
NC_005042.1_924 
NC_005042.1_1093 
NC_005042.1_1568 
NC_005042.1_386 
NC_005042.1_554 
NC_005042.1_653 
NC_005042.1_665 
NC_005042.1_857 
NC_005042.1_1566 
NC_005042.1_1610 
NC_005042.1_1765 
NC_005042.1_571 
NC_005042.1_755 
NC_005042.1_920 
NC_005042.1_1085 
NC_005042.1_111 
NC_005042.1_1192 
NC_005042.1_1354 
NC_005042.1_1406 
NC_005042.1_1562 
NC_005042.1_1615 
NC_005042.1_1653 
NC_005042.1_1727 
NC_005042.1_705 
NC_005042.1_818 
NC_005042.1_1011 
NC_005042.1_132 
NC_005042.1_1381 
NC_005042.1_1437 
NC_005042.1_147 
NC_005042.1_1517 
NC_005042.1_1519 
NC_005042.1_1802 
NC_005042.1_1902 
NC_005042.1_207 
NC_005042.1_33 
NC_005042.1_553 
NC_005042.1_980 
NC_005042.1_1217 
NC_005042.1_1219 
NC_005042.1_1229 
NC_005042.1_144 
NC_005042.1_792 
NC_005042.1_1013 
NC_005042.1_1170 
NC_005042.1_283 
NC_005042.1_293 
NC_005042.1_412 
NC_005042.1_783 
NC_005042.1_789 
NC_005042.1_1518 
NC_005042.1_468 
NC_005042.1_586 
NC_005042.1_630 
NC_005042.1_717 
NC_005042.1_1240 
NC_005042.1_166 
NC_005042.1_1870 
NC_005042.1_1900 
NC_005042.1_710 
NC_005042.1_742 
NC_005042.1_1635 
NC_005042.1_331 
NC_005042.1_772 
NC_005042.1_80 
NC_005042.1_1213 
NC_005042.1_1271 
NC_005042.1_1408 
NC_005042.1_1791 
NC_005042.1_413 
NC_005042.1_688 
NC_005042.1_880 
NC_005042.1_1255 
NC_005042.1_1281 
NC_005042.1_1792 
NC_005042.1_235 
NC_005042.1_403 
NC_005042.1_715 
NC_005042.1_1009 
NC_005042.1_406 
NC_005042.1_634 
NC_005042.1_781 
NC_005042.1_785 
NC_005042.1_1143 
NC_005042.1_1231 
NC_005042.1_1676 
NC_005042.1_616 
NC_005042.1_77 
NC_005042.1_778 
NC_005042.1_940 
NC_005042.1_972 
NC_005042.1_1323 
NC_005042.1_1474 
NC_005042.1_43 
NC_005042.1_1039 
NC_005042.1_106 
NC_005042.1_1095 
NC_005042.1_1126 
NC_005042.1_1190 
NC_005042.1_1614 
NC_005042.1_18 
NC_005042.1_1801 
NC_005042.1_347 
NC_005042.1_751 
NC_005042.1_909 
NC_005042.1_967 
NC_005042.1_127 
NC_005042.1_1502 
NC_005042.1_1874 
NC_005042.1_732 
NC_005042.1_900 
NC_005042.1_262 
NC_005042.1_410 
NC_005042.1_922 
NC_005042.1_1226 
NC_005042.1_1586 
NC_005042.1_1606 
NC_005042.1_31 
NC_005042.1_647 
NC_005042.1_942 
NC_005042.1_975 
NC_005042.1_1796 
NC_005042.1_251 
NC_005042.1_638 
NC_005042.1_1191 
NC_005042.1_1194 
NC_005042.1_1258 
NC_005042.1_1515 
NC_005042.1_1556 
NC_005042.1_902 
NC_005042.1_1362 
NC_005042.1_475 
NC_005042.1_643 
NC_005042.1_1188 
NC_005042.1_1210 
NC_005042.1_1659 
NC_005042.1_369 
NC_005042.1_614 
NC_005042.1_678 
NC_005042.1_134 
NC_005042.1_1573 
NC_005042.1_1728 
NC_005042.1_181 
NC_005042.1_71 
NC_005042.1_725 
NC_005042.1_1169 
NC_005042.1_1407 
NC_005042.1_279 
NC_005042.1_286 
NC_005042.1_601 
NC_005042.1_891 
NC_005042.1_1161 
NC_005042.1_1224 
NC_005042.1_1500 
NC_005042.1_1553 
NC_005042.1_615 
NC_005042.1_689 
NC_005042.1_695 
NC_005042.1_723 
NC_005042.1_1228 
NC_005042.1_1472 
NC_005042.1_1590 
NC_005042.1_1828 
NC_005042.1_1845 
NC_005042.1_332 
NC_005042.1_685 
NC_005042.1_970 
NC_005042.1_1171 
NC_005042.1_1443 
NC_005042.1_1504 
NC_005042.1_1598 
NC_005042.1_1629 
NC_005042.1_817 
NC_005042.1_917 
NC_005042.1_209 
NC_005042.1_598 
NC_005042.1_669 
NC_005042.1_856 
NC_005042.1_1539 
NC_005042.1_1599 
NC_005042.1_344 
NC_005042.1_670 
NC_005042.1_714 
NC_005042.1_882 
NC_005042.1_1199 
NC_005042.1_1470 
NC_005042.1_1787 
NC_005042.1_446 
NC_005042.1_496 
NC_005042.1_567 
NC_005042.1_660 
NC_005042.1_1173 
NC_005042.1_1455 
NC_005042.1_1475 
NC_005042.1_250 
NC_005042.1_465 
NC_005042.1_587 
NC_005042.1_107 
NC_005042.1_1200 
NC_005042.1_1305 
NC_005042.1_358 
NC_005042.1_585 
NC_005042.1_663 
NC_005042.1_727 
NC_005042.1_915 
NC_005042.1_1201 
NC_005042.1_1511 
NC_005042.1_1537 
NC_005042.1_1547 
NC_005042.1_1597 
NC_005042.1_633 
NC_005042.1_1205 
NC_005042.1_1287 
NC_005042.1_1541 
NC_005042.1_655 
NC_005042.1_988 
NC_005042.1_1186 
NC_005042.1_1494 
NC_005042.1_1495 
NC_005042.1_1591 
NC_005042.1_491 
NC_005042.1_648 
NC_005042.1_91 
NC_005042.1_1043 
NC_005042.1_110 
NC_005042.1_1456 
NC_005042.1_411 
NC_005042.1_416 
NC_005042.1_590 
NC_005042.1_649 
NC_005042.1_78 
NC_005042.1_992 
NC_005042.1_1010 
NC_005042.1_1490 
NC_005042.1_1503 
NC_005042.1_1512 
NC_005042.1_1529 
NC_005042.1_1576 
NC_005042.1_1849 
NC_005042.1_642 
NC_005042.1_686 
NC_005042.1_737 
NC_005042.1_740 
NC_005042.1_1478 
NC_005042.1_1516 
NC_005042.1_1866 
NC_005042.1_531 
NC_005042.1_613 
NC_005042.1_662 
NC_005042.1_918 
NC_005042.1_687 
NC_005042.1_786 
NC_005042.1_984 
NC_005042.1_1457 
NC_005042.1_1481 
NC_005042.1_1489 
NC_005042.1_1663 
NC_005042.1_39 
NC_005042.1_603 
NC_005042.1_692 
NC_005042.1_113 
NC_005042.1_1460 
NC_005042.1_1484 
NC_005042.1_1571 
NC_005042.1_610 
NC_005042.1_636 
NC_005042.1_661 
NC_005042.1_726 
NC_005042.1_827 
NC_005042.1_1520 
NC_005042.1_29 
NC_005042.1_297 
NC_005042.1_666 
NC_005042.1_702 
NC_005042.1_1177 
NC_005042.1_1533 
NC_005042.1_693 
NC_005042.1_1014 
NC_005042.1_1582 
NC_005042.1_1705 
NC_005042.1_287 
NC_005042.1_706 
NC_005042.1_1301 
NC_005042.1_1312 
NC_005042.1_1476 
NC_005042.1_612 
NC_005042.1_659 
NC_005042.1_1234 
NC_005042.1_1363 
NC_005042.1_1471 
NC_005042.1_462 
NC_005042.1_650 
NC_005042.1_70 
NC_005042.1_1466 
NC_005042.1_1538 
NC_005042.1_1569 
NC_005042.1_1767 
NC_005042.1_594 
NC_005042.1_734 
NC_005042.1_99 
NC_005042.1_1220 
NC_005042.1_646 
NC_005042.1_923 
NC_005042.1_581 
NC_005042.1_1152 
NC_005042.1_1197 
NC_005042.1_1532 
NC_005042.1_632 
NC_005042.1_1463 
NC_005042.1_1505 
NC_005042.1_694 
NC_005042.1_55 
NC_005042.1_1261 
NC_005042.1_745 
NC_005042.1_1499 
NC_005042.1_1536 
NC_005042.1_968 
NC_005042.1_1167 
NC_005042.1_536 
NC_005042.1_925 
NC_005042.1_1260 
NC_005042.1_1286 
NC_005042.1_1506 
NC_005042.1_608 
NC_005042.1_304 
NC_005042.1_656 
NC_005042.1_768 
NC_005042.1_125 
NC_005042.1_1454 
