NZ_AP019798.1_40 NZ_AP019799.1_760 NZ_AP019799.1_777 NZ_AP019798.1_1311 NZ_AP019799.1_1661 NZ_AP019798.1_1510 NZ_AP019799.1_560 NZ_AP019799.1_1293 NZ_AP019799.1_220 NZ_AP019799.1_1027 NZ_AP019798.1_700 NZ_AP019798.1_2502 NZ_AP019798.1_1884 NZ_AP019798.1_2496 NZ_AP019798.1_2012 NZ_AP019798.1_2495 NZ_AP019799.1_1020 NZ_AP019798.1_2013 NZ_AP019799.1_1021 NZ_AP019799.1_1096 NZ_AP019799.1_594 NZ_AP019798.1_2522 NZ_AP019800.1_206 NZ_AP019798.1_177 NZ_AP019799.1_1095 NZ_AP019798.1_178 NZ_AP019799.1_392 NZ_AP019798.1_581 NZ_AP019798.1_2671 NZ_AP019798.1_2004 NZ_AP019798.1_841 NZ_AP019798.1_1885 NZ_AP019799.1_538 NZ_AP019798.1_1013 NZ_AP019798.1_1739 NZ_AP019798.1_1283 NZ_AP019799.1_1167 NZ_AP019799.1_1178 NZ_AP019799.1_25 NZ_AP019799.1_917 NZ_AP019798.1_1458 NZ_AP019799.1_1463 NZ_AP019799.1_137 NZ_AP019799.1_1749 NZ_AP019798.1_3072 NZ_AP019799.1_890 NZ_AP019798.1_1107 NZ_AP019798.1_330 NZ_AP019798.1_2676 NZ_AP019799.1_1155 NZ_AP019798.1_1543 NZ_AP019799.1_1789 NZ_AP019798.1_995 NZ_AP019798.1_346 NZ_AP019799.1_1083 NZ_AP019799.1_185 NZ_AP019798.1_1143 NZ_AP019798.1_2932 NZ_AP019798.1_1830 NZ_AP019798.1_1859 NZ_AP019798.1_2141 
NZ_AP019799.1_525 NZ_AP019798.1_1429 NZ_AP019799.1_1261 NZ_AP019799.1_1791 NZ_AP019798.1_980 NZ_AP019798.1_631 NZ_AP019799.1_1471 NZ_AP019799.1_247 NZ_AP019799.1_1748 NZ_AP019799.1_335 NZ_AP019799.1_1168 NZ_AP019798.1_1246 NZ_AP019799.1_1235 NZ_AP019798.1_1531 NZ_AP019798.1_2825 NZ_AP019799.1_523 NZ_AP019799.1_464 NZ_AP019798.1_1562 NZ_AP019798.1_192 NZ_AP019799.1_1066 NZ_AP019798.1_1123 NZ_AP019798.1_1114 NZ_AP019799.1_592 NZ_AP019798.1_1125 NZ_AP019799.1_756 NZ_AP019799.1_757 NZ_AP019800.1_174 NZ_AP019798.1_1258 NZ_AP019798.1_2637 NZ_AP019799.1_320 NZ_AP019798.1_1867 NZ_AP019799.1_489 NZ_AP019799.1_61 NZ_AP019799.1_328 NZ_AP019799.1_245 NZ_AP019798.1_1060 NZ_AP019799.1_149 NZ_AP019798.1_1454 NZ_AP019798.1_409 NZ_AP019799.1_1138 NZ_AP019798.1_2076 NZ_AP019799.1_1459 NZ_AP019799.1_1457 
NZ_AP019799.1_819 NZ_AP019799.1_825 NZ_AP019798.1_865 NZ_AP019798.1_2119 NZ_AP019799.1_1253 NZ_AP019799.1_1377 NZ_AP019799.1_695 NZ_AP019799.1_1085 NZ_AP019799.1_682 NZ_AP019799.1_1277 NZ_AP019798.1_1131 NZ_AP019799.1_105 NZ_AP019798.1_1099 NZ_AP019799.1_113 NZ_AP019799.1_340 NZ_AP019799.1_628 NZ_AP019799.1_1104 NZ_AP019799.1_516 NZ_AP019799.1_659 NZ_AP019799.1_762 NZ_AP019799.1_1368 NZ_AP019798.1_2208 NZ_AP019799.1_578 NZ_AP019800.1_246 NZ_AP019799.1_1143 NZ_AP019799.1_715 NZ_AP019798.1_1325 NZ_AP019798.1_2101 NZ_AP019799.1_982 NZ_AP019799.1_1518 NZ_AP019798.1_1160 NZ_AP019799.1_1754 
NZ_AP019799.1_1078 NZ_AP019799.1_452 NZ_AP019799.1_1381 NZ_AP019798.1_538 NZ_AP019798.1_159 NZ_AP019798.1_472 NZ_AP019798.1_1045 NZ_AP019799.1_1535 NZ_AP019799.1_1559 NZ_AP019798.1_2853 NZ_AP019798.1_385 NZ_AP019798.1_574 NZ_AP019798.1_1577 NZ_AP019798.1_1164 NZ_AP019799.1_1774 NZ_AP019799.1_906 NZ_AP019799.1_208 NZ_AP019798.1_1839 NZ_AP019798.1_1203 NZ_AP019798.1_1243 NZ_AP019798.1_2861 NZ_AP019799.1_1605 NZ_AP019799.1_293 NZ_AP019798.1_1851 NZ_AP019799.1_218 NZ_AP019798.1_2149 
NZ_AP019798.1_1566 NZ_AP019799.1_1806 NZ_AP019798.1_1703 NZ_AP019799.1_589 NZ_AP019798.1_1862 NZ_AP019798.1_1413 NZ_AP019799.1_1621 NZ_AP019798.1_2171 NZ_AP019798.1_1540 NZ_AP019798.1_2169 NZ_AP019798.1_123 NZ_AP019798.1_2024 NZ_AP019798.1_932 NZ_AP019799.1_866 NZ_AP019798.1_498 NZ_AP019799.1_1359 NZ_AP019798.1_1915 NZ_AP019798.1_1880 
NZ_AP019798.1_798 NZ_AP019799.1_680 NZ_AP019799.1_1735 NZ_AP019799.1_1069 NZ_AP019799.1_1071 NZ_AP019798.1_1959 NZ_AP019799.1_1594 NZ_AP019798.1_1979 NZ_AP019798.1_2118 NZ_AP019799.1_925 NZ_AP019799.1_1479 NZ_AP019798.1_1929 NZ_AP019798.1_874 NZ_AP019799.1_1537 NZ_AP019799.1_671 NZ_AP019799.1_1267 NZ_AP019798.1_1384 NZ_AP019798.1_2061 
NZ_AP019799.1_769 NZ_AP019798.1_122 NZ_AP019798.1_101 NZ_AP019799.1_12 NZ_AP019800.1_248 NZ_AP019799.1_484 NZ_AP019800.1_242 NZ_AP019799.1_246 NZ_AP019798.1_2458 NZ_AP019799.1_182 NZ_AP019799.1_517 NZ_AP019798.1_1267 
NZ_AP019798.1_1292 NZ_AP019799.1_844 NZ_AP019798.1_2990 NZ_AP019798.1_14 NZ_AP019799.1_1182 NZ_AP019799.1_1522 NZ_AP019799.1_670 NZ_AP019799.1_949 NZ_AP019798.1_585 NZ_AP019798.1_1291 NZ_AP019799.1_1569 
NZ_AP019798.1_2981 NZ_AP019798.1_1374 NZ_AP019799.1_504 NZ_AP019798.1_1261 NZ_AP019798.1_1269 NZ_AP019798.1_2948 NZ_AP019799.1_1570 NZ_AP019799.1_812 NZ_AP019799.1_1136 NZ_AP019799.1_977 NZ_AP019799.1_1593 
NZ_AP019799.1_1713 NZ_AP019799.1_690 NZ_AP019798.1_318 NZ_AP019799.1_1449 NZ_AP019798.1_2973 NZ_AP019799.1_1700 NZ_AP019799.1_152 NZ_AP019799.1_1129 NZ_AP019798.1_923 NZ_AP019798.1_489 
NZ_AP019798.1_1460 NZ_AP019798.1_1459 NZ_AP019799.1_134 NZ_AP019799.1_136 NZ_AP019798.1_1015 NZ_AP019798.1_3052 NZ_AP019799.1_1751 NZ_AP019798.1_1016 NZ_AP019798.1_3073 NZ_AP019799.1_1752 
NZ_AP019798.1_1126 NZ_AP019798.1_1236 NZ_AP019798.1_1432 NZ_AP019798.1_2740 NZ_AP019798.1_2966 NZ_AP019798.1_3074 NZ_AP019798.1_987 NZ_AP019799.1_306 NZ_AP019798.1_2594 
NZ_AP019798.1_1761 NZ_AP019799.1_244 NZ_AP019799.1_721 NZ_AP019799.1_1264 NZ_AP019799.1_242 NZ_AP019799.1_837 NZ_AP019798.1_2879 NZ_AP019798.1_1426 
NZ_AP019799.1_1026 NZ_AP019798.1_282 NZ_AP019798.1_1043 NZ_AP019799.1_1018 NZ_AP019799.1_1032 NZ_AP019799.1_18 NZ_AP019798.1_2336 NZ_AP019798.1_2642 
NZ_AP019798.1_1806 NZ_AP019798.1_2366 NZ_AP019798.1_685 NZ_AP019798.1_630 NZ_AP019798.1_639 NZ_AP019799.1_782 NZ_AP019798.1_1733 NZ_AP019799.1_811 
NZ_AP019799.1_1110 NZ_AP019799.1_1117 NZ_AP019798.1_1288 NZ_AP019799.1_103 NZ_AP019798.1_999 NZ_AP019798.1_1289 NZ_AP019798.1_1803 
NZ_AP019798.1_2080 NZ_AP019798.1_1314 NZ_AP019799.1_724 NZ_AP019798.1_924 NZ_AP019799.1_657 NZ_AP019799.1_1743 NZ_AP019798.1_1245 
NZ_AP019798.1_1441 NZ_AP019798.1_2213 NZ_AP019798.1_2461 NZ_AP019798.1_2842 NZ_AP019798.1_403 NZ_AP019798.1_487 NZ_AP019799.1_1176 
NZ_AP019798.1_773 NZ_AP019798.1_2178 NZ_AP019798.1_2177 NZ_AP019798.1_774 NZ_AP019798.1_2176 NZ_AP019798.1_775 NZ_AP019799.1_1349 
NZ_AP019799.1_1391 NZ_AP019799.1_300 NZ_AP019798.1_1731 NZ_AP019798.1_1159 NZ_AP019799.1_1086 NZ_AP019799.1_962 NZ_AP019799.1_1174 
NZ_AP019798.1_821 NZ_AP019799.1_1652 NZ_AP019799.1_30 NZ_AP019798.1_2049 NZ_AP019798.1_1290 NZ_AP019799.1_1536 NZ_AP019798.1_2704 
NZ_AP019799.1_1584 NZ_AP019798.1_1945 NZ_AP019799.1_1135 NZ_AP019799.1_994 NZ_AP019798.1_964 NZ_AP019799.1_1567 NZ_AP019799.1_976 
NZ_AP019798.1_2707 NZ_AP019798.1_2534 NZ_AP019798.1_226 NZ_AP019798.1_139 NZ_AP019798.1_2621 NZ_AP019798.1_2622 
NZ_AP019798.1_1565 NZ_AP019799.1_1730 NZ_AP019799.1_1657 NZ_AP019799.1_1741 NZ_AP019798.1_2639 NZ_AP019799.1_42 
NZ_AP019798.1_174 NZ_AP019798.1_2493 NZ_AP019798.1_42 NZ_AP019799.1_1023 NZ_AP019798.1_1882 NZ_AP019798.1_2015 
NZ_AP019799.1_112 NZ_AP019798.1_978 NZ_AP019799.1_19 NZ_AP019798.1_2372 NZ_AP019799.1_1397 NZ_AP019798.1_1350 
NZ_AP019798.1_1785 NZ_AP019798.1_1450 NZ_AP019799.1_1757 NZ_AP019799.1_1778 NZ_AP019798.1_1447 NZ_AP019798.1_1072 
NZ_AP019798.1_2724 NZ_AP019798.1_2880 NZ_AP019798.1_2912 NZ_AP019798.1_2911 NZ_AP019798.1_3000 NZ_AP019798.1_2640 
NZ_AP019798.1_2576 NZ_AP019798.1_1085 NZ_AP019799.1_1091 NZ_AP019798.1_1492 NZ_AP019798.1_1709 
NZ_AP019799.1_1805 NZ_AP019798.1_909 NZ_AP019798.1_560 NZ_AP019799.1_362 NZ_AP019798.1_1028 
NZ_AP019798.1_1482 NZ_AP019798.1_2790 NZ_AP019798.1_550 NZ_AP019798.1_1535 NZ_AP019799.1_827 
NZ_AP019799.1_1290 NZ_AP019798.1_633 NZ_AP019798.1_1937 NZ_AP019798.1_1316 NZ_AP019798.1_2799 
NZ_AP019798.1_2979 NZ_AP019799.1_1458 NZ_AP019799.1_1717 NZ_AP019799.1_1796 NZ_AP019799.1_736 
NZ_AP019798.1_175 NZ_AP019798.1_2494 NZ_AP019799.1_1022 NZ_AP019798.1_43 NZ_AP019798.1_2014 
NZ_AP019798.1_558 NZ_AP019798.1_1986 NZ_AP019798.1_2263 NZ_AP019798.1_2686 NZ_AP019798.1_1866 
NZ_AP019798.1_375 NZ_AP019799.1_648 NZ_AP019799.1_1373 NZ_AP019799.1_438 NZ_AP019799.1_448 
NZ_AP019798.1_116 NZ_AP019799.1_1720 NZ_AP019799.1_67 NZ_AP019799.1_345 NZ_AP019798.1_2241 
NZ_AP019798.1_1397 NZ_AP019799.1_770 NZ_AP019799.1_1270 NZ_AP019799.1_1478 NZ_AP019799.1_63 
NZ_AP019798.1_1116 NZ_AP019799.1_465 NZ_AP019798.1_33 NZ_AP019798.1_959 
NZ_AP019798.1_1874 NZ_AP019799.1_124 NZ_AP019799.1_717 NZ_AP019799.1_1564 
NZ_AP019799.1_583 NZ_AP019799.1_579 NZ_AP019799.1_126 NZ_AP019799.1_801 
NZ_AP019800.1_236 NZ_AP019798.1_1089 NZ_AP019798.1_516 NZ_AP019799.1_264 
NZ_AP019799.1_367 NZ_AP019799.1_368 NZ_AP019798.1_904 NZ_AP019799.1_1795 
NZ_AP019799.1_1572 NZ_AP019798.1_2610 NZ_AP019798.1_2945 NZ_AP019798.1_2071 
NZ_AP019798.1_2212 NZ_AP019800.1_263 NZ_AP019798.1_1797 NZ_AP019798.1_2452 
NZ_AP019798.1_2131 NZ_AP019799.1_44 NZ_AP019798.1_2130 NZ_AP019799.1_170 
NZ_AP019799.1_1491 NZ_AP019799.1_1223 NZ_AP019798.1_649 NZ_AP019798.1_1185 
NZ_AP019798.1_2376 NZ_AP019799.1_854 NZ_AP019799.1_1767 NZ_AP019798.1_866 
NZ_AP019798.1_1977 NZ_AP019798.1_873 NZ_AP019798.1_2112 NZ_AP019798.1_876 
NZ_AP019798.1_2601 NZ_AP019798.1_2111 NZ_AP019799.1_910 NZ_AP019798.1_2685 
NZ_AP019798.1_1310 NZ_AP019799.1_776 NZ_AP019799.1_1660 NZ_AP019799.1_918 
NZ_AP019798.1_1875 NZ_AP019799.1_122 NZ_AP019799.1_123 NZ_AP019798.1_1876 
NZ_AP019798.1_546 NZ_AP019798.1_209 NZ_AP019798.1_1464 NZ_AP019799.1_491 
NZ_AP019799.1_537 NZ_AP019799.1_1165 NZ_AP019798.1_1740 NZ_AP019799.1_1166 
NZ_AP019799.1_417 NZ_AP019798.1_1963 NZ_AP019798.1_760 NZ_AP019799.1_528 
NZ_AP019799.1_658 NZ_AP019799.1_1521 NZ_AP019798.1_2789 NZ_AP019799.1_1766 
NZ_AP019799.1_349 NZ_AP019799.1_1134 NZ_AP019799.1_554 NZ_AP019798.1_1304 
NZ_AP019798.1_1313 NZ_AP019798.1_1247 NZ_AP019798.1_2233 NZ_AP019798.1_1144 
NZ_AP019798.1_2031 NZ_AP019798.1_2288 NZ_AP019798.1_2287 NZ_AP019798.1_2026 
NZ_AP019799.1_1473 NZ_AP019798.1_1367 NZ_AP019798.1_2716 NZ_AP019799.1_1474 
NZ_AP019799.1_840 NZ_AP019798.1_785 NZ_AP019798.1_541 NZ_AP019798.1_339 
NZ_AP019799.1_1740 NZ_AP019798.1_2663 NZ_AP019798.1_1169 NZ_AP019798.1_2091 
NZ_AP019798.1_1756 NZ_AP019798.1_1955 NZ_AP019798.1_2889 NZ_AP019798.1_938 
NZ_AP019798.1_1092 NZ_AP019800.1_233 NZ_AP019798.1_518 
NZ_AP019798.1_1430 NZ_AP019798.1_1431 NZ_AP019798.1_1130 
NZ_AP019798.1_749 NZ_AP019798.1_1500 NZ_AP019798.1_976 
NZ_AP019798.1_2775 NZ_AP019798.1_2367 NZ_AP019799.1_748 
NZ_AP019798.1_650 NZ_AP019798.1_607 NZ_AP019798.1_2059 
NZ_AP019798.1_2836 NZ_AP019798.1_834 NZ_AP019798.1_2588 
NZ_AP019798.1_1854 NZ_AP019798.1_466 NZ_AP019798.1_464 
NZ_AP019799.1_238 NZ_AP019799.1_286 NZ_AP019798.1_1171 
NZ_AP019798.1_2523 NZ_AP019798.1_1989 NZ_AP019798.1_1849 
NZ_AP019798.1_1359 NZ_AP019799.1_1068 NZ_AP019798.1_1360 
NZ_AP019799.1_451 NZ_AP019799.1_450 NZ_AP019799.1_447 
NZ_AP019798.1_628 NZ_AP019798.1_485 NZ_AP019798.1_1376 
NZ_AP019798.1_1968 NZ_AP019798.1_1868 NZ_AP019798.1_2278 
NZ_AP019798.1_1263 NZ_AP019798.1_2823 NZ_AP019798.1_1796 
NZ_AP019798.1_3055 NZ_AP019799.1_1364 NZ_AP019798.1_2164 
NZ_AP019799.1_229 NZ_AP019798.1_1831 NZ_AP019799.1_969 
NZ_AP019799.1_292 NZ_AP019798.1_2325 NZ_AP019799.1_295 
NZ_AP019798.1_2040 NZ_AP019798.1_989 NZ_AP019798.1_1213 
NZ_AP019799.1_518 NZ_AP019799.1_57 NZ_AP019798.1_2483 
NZ_AP019798.1_1451 NZ_AP019798.1_1448 NZ_AP019799.1_1758 
NZ_AP019798.1_632 NZ_AP019798.1_1870 NZ_AP019798.1_2769 
NZ_AP019799.1_1062 NZ_AP019799.1_1057 NZ_AP019799.1_719 
NZ_AP019799.1_1729 NZ_AP019799.1_1595 NZ_AP019798.1_18 
NZ_AP019798.1_2595 NZ_AP019798.1_2596 NZ_AP019798.1_725 
NZ_AP019798.1_442 NZ_AP019798.1_712 NZ_AP019799.1_1088 
NZ_AP019798.1_710 NZ_AP019799.1_656 NZ_AP019799.1_1249 
NZ_AP019799.1_852 NZ_AP019799.1_64 NZ_AP019799.1_298 
NZ_AP019798.1_1966 NZ_AP019799.1_1237 NZ_AP019799.1_641 
NZ_AP019799.1_52 NZ_AP019799.1_1738 NZ_AP019799.1_699 
NZ_AP019798.1_1155 NZ_AP019799.1_15 NZ_AP019798.1_1154 
NZ_AP019799.1_492 NZ_AP019799.1_1301 NZ_AP019798.1_752 
NZ_AP019798.1_1563 NZ_AP019799.1_964 NZ_AP019798.1_349 
NZ_AP019798.1_189 NZ_AP019798.1_1262 NZ_AP019798.1_2520 
NZ_AP019800.1_135 NZ_AP019798.1_788 NZ_AP019799.1_1664 
NZ_AP019799.1_398 NZ_AP019798.1_321 NZ_AP019799.1_324 
NZ_AP019799.1_1725 NZ_AP019799.1_820 NZ_AP019799.1_1732 
NZ_AP019799.1_135 NZ_AP019798.1_1014 NZ_AP019799.1_1750 
NZ_AP019798.1_2782 NZ_AP019798.1_314 NZ_AP019799.1_1776 
NZ_AP019798.1_1054 NZ_AP019799.1_226 NZ_AP019799.1_880 
NZ_AP019798.1_2781 NZ_AP019798.1_1168 NZ_AP019798.1_2089 
NZ_AP019798.1_1223 NZ_AP019798.1_1342 NZ_AP019798.1_1523 
NZ_AP019799.1_1234 NZ_AP019798.1_2047 NZ_AP019798.1_2862 
NZ_AP019798.1_2923 NZ_AP019798.1_2445 NZ_AP019799.1_250 
NZ_AP019798.1_2587 NZ_AP019799.1_1126 NZ_AP019799.1_1514 
NZ_AP019798.1_2296 NZ_AP019798.1_1903 NZ_AP019799.1_1076 
NZ_AP019799.1_369 NZ_AP019799.1_1794 NZ_AP019798.1_903 
NZ_AP019799.1_1385 NZ_AP019799.1_1811 NZ_AP019799.1_930 
NZ_AP019799.1_1245 NZ_AP019799.1_85 NZ_AP019799.1_926 
NZ_AP019798.1_69 NZ_AP019799.1_629 NZ_AP019799.1_781 
NZ_AP019798.1_2033 NZ_AP019798.1_2083 NZ_AP019799.1_53 
NZ_AP019799.1_859 NZ_AP019798.1_2942 NZ_AP019799.1_355 
NZ_AP019798.1_2884 NZ_AP019799.1_26 NZ_AP019799.1_1728 
NZ_AP019798.1_1644 NZ_AP019798.1_1665 NZ_AP019798.1_1684 
NZ_AP019798.1_1645 NZ_AP019798.1_1666 NZ_AP019798.1_1685 
NZ_AP019798.1_1026 NZ_AP019799.1_643 NZ_AP019799.1_1782 
NZ_AP019798.1_467 NZ_AP019798.1_465 
NZ_AP019798.1_2698 NZ_AP019799.1_1701 
NZ_AP019798.1_1401 NZ_AP019799.1_1573 
NZ_AP019799.1_459 NZ_AP019798.1_470 
NZ_AP019798.1_1330 NZ_AP019798.1_1331 
NZ_AP019798.1_1218 NZ_AP019798.1_418 
NZ_AP019799.1_963 NZ_AP019798.1_348 
NZ_AP019799.1_327 NZ_AP019799.1_391 
NZ_AP019799.1_1038 NZ_AP019799.1_485 
NZ_AP019798.1_2512 NZ_AP019798.1_1793 
NZ_AP019798.1_476 NZ_AP019798.1_2768 
NZ_AP019798.1_2230 NZ_AP019798.1_1825 
NZ_AP019798.1_4 NZ_AP019798.1_417 
NZ_AP019799.1_758 NZ_AP019798.1_1486 
NZ_AP019798.1_505 NZ_AP019798.1_777 
NZ_AP019800.1_86 NZ_AP019798.1_283 
NZ_AP019798.1_1286 NZ_AP019798.1_1576 
NZ_AP019798.1_2574 NZ_AP019798.1_164 
NZ_AP019799.1_401 NZ_AP019799.1_1366 
NZ_AP019799.1_1200 NZ_AP019798.1_2881 
NZ_AP019798.1_2983 NZ_AP019798.1_36 
NZ_AP019798.1_19 NZ_AP019798.1_2126 
NZ_AP019798.1_2153 NZ_AP019799.1_1351 
NZ_AP019799.1_886 NZ_AP019799.1_1452 
NZ_AP019799.1_619 NZ_AP019799.1_761 
NZ_AP019798.1_7 NZ_AP019799.1_1216 
NZ_AP019799.1_1183 NZ_AP019799.1_807 
NZ_AP019798.1_27 NZ_AP019798.1_565 
NZ_AP019799.1_28 NZ_AP019799.1_454 
NZ_AP019798.1_2612 NZ_AP019799.1_488 
NZ_AP019798.1_900 NZ_AP019799.1_360 
NZ_AP019798.1_2136 NZ_AP019798.1_1225 
NZ_AP019800.1_60 NZ_AP019798.1_2429 
NZ_AP019799.1_1520 NZ_AP019798.1_2788 
NZ_AP019798.1_2872 NZ_AP019798.1_1438 
NZ_AP019799.1_230 NZ_AP019799.1_50 
NZ_AP019798.1_2281 NZ_AP019798.1_2977 
NZ_AP019798.1_713 NZ_AP019798.1_2341 
NZ_AP019798.1_2528 NZ_AP019798.1_837 
NZ_AP019798.1_1248 NZ_AP019798.1_1312 
NZ_AP019799.1_1115 NZ_AP019798.1_933 
NZ_AP019798.1_954 NZ_AP019799.1_1546 
NZ_AP019798.1_598 NZ_AP019799.1_1590 
NZ_AP019799.1_333 NZ_AP019799.1_329 
NZ_AP019798.1_1951 NZ_AP019798.1_176 
NZ_AP019799.1_455 NZ_AP019799.1_456 
NZ_AP019799.1_549 NZ_AP019798.1_1864 
NZ_AP019798.1_28 NZ_AP019798.1_566 
NZ_AP019798.1_1545 NZ_AP019799.1_478 
NZ_AP019798.1_377 NZ_AP019798.1_3044 
NZ_AP019798.1_1846 NZ_AP019798.1_737 
NZ_AP019799.1_763 NZ_AP019798.1_1095 
NZ_AP019798.1_2492 NZ_AP019799.1_1024 
NZ_AP019799.1_342 NZ_AP019799.1_1630 
NZ_AP019798.1_1916 NZ_AP019798.1_625 
NZ_AP019798.1_2271 NZ_AP019798.1_657 
NZ_AP019798.1_2081 NZ_AP019799.1_410 
NZ_AP019799.1_1145 NZ_AP019798.1_1801 
NZ_AP019798.1_1191 NZ_AP019798.1_1708 
NZ_AP019798.1_1011 NZ_AP019798.1_1322 
NZ_AP019798.1_881 NZ_AP019798.1_1779 
NZ_AP019799.1_304 NZ_AP019799.1_672 
NZ_AP019798.1_497 NZ_AP019798.1_2835 
NZ_AP019798.1_1387 NZ_AP019799.1_975 
NZ_AP019798.1_2652 NZ_AP019798.1_610 
NZ_AP019798.1_577 NZ_AP019798.1_2974 
NZ_AP019799.1_14 NZ_AP019798.1_1156 
NZ_AP019798.1_21 NZ_AP019798.1_3016 
NZ_AP019798.1_2858 NZ_AP019798.1_2867 
NZ_AP019799.1_158 NZ_AP019798.1_1895 
NZ_AP019799.1_665 NZ_AP019798.1_703 
NZ_AP019798.1_2690 NZ_AP019799.1_915 
NZ_AP019798.1_1965 NZ_AP019798.1_381 
NZ_AP019799.1_940 NZ_AP019798.1_1254 
NZ_AP019798.1_29 NZ_AP019798.1_567 
NZ_AP019798.1_2527 NZ_AP019798.1_2920 
NZ_AP019798.1_1495 NZ_AP019799.1_1719 
NZ_AP019798.1_751 NZ_AP019798.1_2515 
NZ_AP019799.1_383 NZ_AP019799.1_1653 
NZ_AP019798.1_1308 NZ_AP019798.1_1421 
NZ_AP019799.1_616 NZ_AP019798.1_1320 
NZ_AP019798.1_2195 NZ_AP019798.1_59 
NZ_AP019798.1_2854 NZ_AP019798.1_160 
NZ_AP019798.1_572 NZ_AP019798.1_2459 
NZ_AP019798.1_750 NZ_AP019798.1_784 
NZ_AP019799.1_869 NZ_AP019799.1_1028 
NZ_AP019798.1_1090 NZ_AP019800.1_235 
NZ_AP019799.1_248 NZ_AP019799.1_1260 
NZ_AP019798.1_1902 NZ_AP019798.1_1307 
NZ_AP019798.1_2544 NZ_AP019798.1_2933 
NZ_AP019798.1_2849 NZ_AP019799.1_1575 
NZ_AP019799.1_1307 NZ_AP019798.1_1713 
NZ_AP019798.1_420 NZ_AP019798.1_419 
NZ_AP019799.1_902 NZ_AP019798.1_171 
NZ_AP019798.1_2682 NZ_AP019799.1_1553 
NZ_AP019799.1_1560 NZ_AP019799.1_1534 
NZ_AP019798.1_2882 NZ_AP019799.1_1201 
NZ_AP019798.1_765 NZ_AP019799.1_1319 
NZ_AP019799.1_1803 NZ_AP019799.1_375 
NZ_AP019799.1_321 NZ_AP019798.1_2859 
NZ_AP019799.1_431 NZ_AP019799.1_446 
NZ_AP019798.1_2809 NZ_AP019799.1_706 
NZ_AP019798.1_491 NZ_AP019799.1_865 
NZ_AP019798.1_1918 NZ_AP019799.1_144 
NZ_AP019799.1_1015 NZ_AP019799.1_1033 
NZ_AP019799.1_118 NZ_AP019798.1_706 
NZ_AP019798.1_988 NZ_AP019799.1_1489 
NZ_AP019798.1_2446 NZ_AP019799.1_251 
NZ_AP019799.1_402 NZ_AP019798.1_1712 
NZ_AP019798.1_996 NZ_AP019798.1_994 
NZ_AP019799.1_858 NZ_AP019798.1_2290 
NZ_AP019799.1_584 NZ_AP019799.1_296 
NZ_AP019798.1_2947 NZ_AP019798.1_1905 
NZ_AP019799.1_1555 NZ_AP019799.1_650 
NZ_AP019798.1_1037 NZ_AP019799.1_142 
NZ_AP019798.1_1964 NZ_AP019798.1_817 
NZ_AP019799.1_313 NZ_AP019799.1_1669 
NZ_AP019798.1_1824 NZ_AP019799.1_183 
NZ_AP019800.1_53 NZ_AP019798.1_2412 
NZ_AP019798.1_2008 NZ_AP019799.1_1714 
NZ_AP019799.1_625 NZ_AP019798.1_2989 
NZ_AP019798.1_1279 NZ_AP019799.1_1677 
NZ_AP019799.1_1383 NZ_AP019798.1_1935 
NZ_AP019799.1_515 NZ_AP019799.1_1186 
NZ_AP019798.1_1250 NZ_AP019799.1_227 
NZ_AP019798.1_1280 NZ_AP019799.1_524 
NZ_AP019798.1_2774 NZ_AP019798.1_2905 
NZ_AP019799.1_1073 NZ_AP019799.1_1072 
NZ_AP019799.1_1727 NZ_AP019799.1_1731 
NZ_AP019798.1_1115 NZ_AP019799.1_466 
NZ_AP019798.1_2154 NZ_AP019799.1_1352 
NZ_AP019798.1_2635 NZ_AP019798.1_2332 
NZ_AP019798.1_2832 NZ_AP019798.1_2564 
NZ_AP019799.1_206 NZ_AP019799.1_868 
NZ_AP019798.1_1828 NZ_AP019799.1_1153 
NZ_AP019799.1_1323 NZ_AP019798.1_769 
NZ_AP019798.1_2821 NZ_AP019799.1_1205 
NZ_AP019798.1_674 NZ_AP019799.1_1544 
NZ_AP019799.1_307 NZ_AP019798.1_1981 
NZ_AP019799.1_809 NZ_AP019799.1_27 
NZ_AP019799.1_442 NZ_AP019799.1_1467 
NZ_AP019799.1_946 NZ_AP019799.1_200 
NZ_AP019798.1_732 NZ_AP019798.1_496 
NZ_AP019799.1_509 NZ_AP019799.1_887 
NZ_AP019798.1_2166 NZ_AP019799.1_1362 
NZ_AP019798.1_1165 NZ_AP019798.1_185 
NZ_AP019798.1_521 NZ_AP019799.1_384 
NZ_AP019798.1_1514 NZ_AP019798.1_1513 
NZ_AP019798.1_1425 NZ_AP019799.1_1606 
NZ_AP019799.1_192 NZ_AP019798.1_2340 
NZ_AP019798.1_1534 NZ_AP019799.1_1198 
NZ_AP019799.1_299 NZ_AP019798.1_1732 
NZ_AP019799.1_637 NZ_AP019799.1_1699 
NZ_AP019798.1_2479 NZ_AP019799.1_510 
NZ_AP019798.1_548 NZ_AP019799.1_1172 
NZ_AP019800.1_68 NZ_AP019798.1_2403 
NZ_AP019799.1_445 NZ_AP019799.1_1470 
NZ_AP019798.1_2316 NZ_AP019799.1_475 
NZ_AP019799.1_215 NZ_AP019799.1_216 
NZ_AP019798.1_921 NZ_AP019799.1_1529 
NZ_AP019799.1_444 NZ_AP019799.1_1469 
NZ_AP019799.1_1180 NZ_AP019799.1_23 
NZ_AP019799.1_1179 NZ_AP019799.1_24 
NZ_AP019798.1_599 NZ_AP019799.1_1591 
NZ_AP019798.1_2011 NZ_AP019799.1_823 
NZ_AP019798.1_2956 NZ_AP019798.1_493 
NZ_AP019798.1_1591 NZ_AP019798.1_1388 
NZ_AP019798.1_2121 NZ_AP019798.1_733 
NZ_AP019799.1_1461 NZ_AP019799.1_1462 
NZ_AP019798.1_2106 NZ_AP019799.1_106 
NZ_AP019798.1_2346 NZ_AP019798.1_46 
NZ_AP019799.1_1815 NZ_AP019799.1_1814 
NZ_AP019798.1_2442 NZ_AP019798.1_91 
NZ_AP019799.1_1369 NZ_AP019800.1_247 
NZ_AP019799.1_1181 NZ_AP019799.1_22 
NZ_AP019798.1_2317 NZ_AP019799.1_159 
NZ_AP019798.1_2978 NZ_AP019799.1_32 
NZ_AP019798.1_2756 NZ_AP019798.1_589 
NZ_AP019799.1_606 NZ_AP019798.1_1568 
NZ_AP019799.1_783 NZ_AP019798.1_316 
NZ_AP019799.1_1734 NZ_AP019799.1_576 
NZ_AP019798.1_1517 NZ_AP019798.1_1519 
NZ_AP019798.1_2582 NZ_AP019798.1_1663 
NZ_AP019799.1_1303 NZ_AP019799.1_1074 
NZ_AP019799.1_822 NZ_AP019799.1_980 
NZ_AP019798.1_2157 NZ_AP019799.1_1355 
NZ_AP019799.1_897 NZ_AP019800.1_94 
NZ_AP019798.1_851 NZ_AP019798.1_2227 
NZ_AP019799.1_1709 NZ_AP019799.1_1460 
NZ_AP019798.1_513 NZ_AP019798.1_508 
NZ_AP019798.1_1934 NZ_AP019798.1_104 
NZ_AP019798.1_1762 NZ_AP019799.1_959 
NZ_AP019798.1_3019 NZ_AP019798.1_1774 
NZ_AP019799.1_829 NZ_AP019799.1_1492 
NZ_AP019798.1_801 NZ_AP019798.1_800 
NZ_AP019798.1_767 NZ_AP019799.1_1321 
NZ_AP019798.1_2155 NZ_AP019799.1_1353 
NZ_AP019799.1_1650 NZ_AP019798.1_1199 
NZ_AP019798.1_457 NZ_AP019798.1_1020 
NZ_AP019798.1_768 NZ_AP019799.1_1322 
NZ_AP019798.1_1616 NZ_AP019798.1_1647 
NZ_AP019798.1_2145 NZ_AP019798.1_3064 
NZ_AP019798.1_2995 NZ_AP019799.1_479 
NZ_AP019798.1_1972 NZ_AP019798.1_111 
NZ_AP019798.1_172 NZ_AP019799.1_903 
NZ_AP019798.1_2236 NZ_AP019798.1_1235 
NZ_AP019798.1_2837 NZ_AP019798.1_835 
NZ_AP019799.1_11 NZ_AP019798.1_462 
NZ_AP019799.1_1371 NZ_AP019799.1_1508 
NZ_AP019798.1_766 NZ_AP019799.1_1320 
NZ_AP019798.1_2804 NZ_AP019798.1_163 
NZ_AP019798.1_2757 NZ_AP019799.1_652 
NZ_AP019798.1_1195 NZ_AP019799.1_1475 
NZ_AP019798.1_15 NZ_AP019799.1_1055 
NZ_AP019798.1_38 NZ_AP019799.1_1278 
NZ_AP019798.1_1024 NZ_AP019798.1_1836 
NZ_AP019798.1_24 NZ_AP019798.1_562 
NZ_AP019799.1_1380 NZ_AP019799.1_1379 
NZ_AP019799.1_851 NZ_AP019799.1_297 
NZ_AP019799.1_1708 NZ_AP019799.1_204 
NZ_AP019799.1_20 NZ_AP019798.1_1352 
NZ_AP019798.1_1023 NZ_AP019799.1_853 
NZ_AP019798.1_193 NZ_AP019798.1_2398 
NZ_AP019799.1_1103 NZ_AP019799.1_1063 
NZ_AP019798.1_673 NZ_AP019798.1_1422 
NZ_AP019798.1_335 NZ_AP019799.1_798 
NZ_AP019798.1_1403 NZ_AP019798.1_251 
NZ_AP019798.1_2604 NZ_AP019799.1_954 
NZ_AP019798.1_2424 NZ_AP019800.1_79 
NZ_AP019798.1_2117 NZ_AP019798.1_459 
NZ_AP019798.1_1496 NZ_AP019799.1_1718 
NZ_AP019799.1_1208 NZ_AP019799.1_69 
NZ_AP019798.1_2855 NZ_AP019798.1_2043 
NZ_AP019798.1_588 NZ_AP019799.1_1146 
NZ_AP019799.1_1045 NZ_AP019798.1_705 
NZ_AP019798.1_3024 NZ_AP019799.1_1540 
NZ_AP019798.1_1042 NZ_AP019798.1_1814 
NZ_AP019798.1_431 NZ_AP019798.1_2229 
NZ_AP019798.1_1190 NZ_AP019798.1_2800 
NZ_AP019798.1_1985 NZ_AP019798.1_2694 
NZ_AP019798.1_25 NZ_AP019798.1_563 
NZ_AP019798.1_740 NZ_AP019798.1_2122 
NZ_AP019798.1_2786 NZ_AP019798.1_536 
NZ_AP019799.1_638 NZ_AP019798.1_3001 
NZ_AP019798.1_1613 NZ_AP019798.1_1669 
NZ_AP019799.1_91 NZ_AP019799.1_860 
NZ_AP019798.1_2135 NZ_AP019798.1_1226 
NZ_AP019799.1_901 NZ_AP019798.1_170 
NZ_AP019798.1_1813 NZ_AP019799.1_225 
NZ_AP019799.1_1280 NZ_AP019799.1_343 
NZ_AP019799.1_824 NZ_AP019798.1_2114 
NZ_AP019798.1_2715 NZ_AP019798.1_2407 
NZ_AP019798.1_658 NZ_AP019799.1_439 
NZ_AP019798.1_824 NZ_AP019798.1_492 
NZ_AP019798.1_2525 NZ_AP019798.1_666 
NZ_AP019798.1_26 NZ_AP019798.1_564 
NZ_AP019798.1_277 NZ_AP019798.1_474 
NZ_AP019798.1_2354 NZ_AP019800.1_245 
NZ_AP019798.1_3012 NZ_AP019798.1_1681 
NZ_AP019799.1_924 NZ_AP019799.1_316 
NZ_AP019798.1_1349 NZ_AP019798.1_1348 
NZ_AP019798.1_1345 NZ_AP019799.1_1603 
NZ_AP019798.1_1618 NZ_AP019798.1_1654 
NZ_AP019798.1_1812 NZ_AP019798.1_1265 
NZ_AP019798.1_1664 NZ_AP019798.1_1672 
NZ_AP019798.1_158 NZ_AP019798.1_2478 
NZ_AP019798.1_2134 NZ_AP019798.1_1227 
NZ_AP019798.1_2517 NZ_AP019798.1_398 
NZ_AP019799.1_556 NZ_AP019798.1_1180 
NZ_AP019798.1_1861 NZ_AP019798.1_1033 
NZ_AP019798.1_1611 NZ_AP019799.1_842 
NZ_AP019798.1_2200 NZ_AP019798.1_2194 
NZ_AP019798.1_1379 NZ_AP019799.1_539 
NZ_AP019798.1_2732 NZ_AP019799.1_640 
NZ_AP019798.1_2355 NZ_AP019800.1_244 
NZ_AP019798.1_141 NZ_AP019798.1_225 
NZ_AP019799.1_258 NZ_AP019798.1_1402 
NZ_AP019798.1_1132 NZ_AP019799.1_1218 
NZ_AP019798.1_2828 NZ_AP019798.1_2929 
NZ_AP019799.1_1317 NZ_AP019798.1_763 
NZ_AP019799.1_308 NZ_AP019798.1_2972 
NZ_AP019798.1_2159 NZ_AP019799.1_1356 
NZ_AP019798.1_2172 NZ_AP019799.1_1347 
NZ_AP019798.1_169 NZ_AP019799.1_900 
NZ_AP019798.1_16 NZ_AP019799.1_1056 
NZ_AP019798.1_762 NZ_AP019799.1_1316 
NZ_AP019798.1_204 NZ_AP019799.1_1532 
NZ_AP019799.1_1222 NZ_AP019798.1_1610 
NZ_AP019798.1_1646 NZ_AP019799.1_615 
NZ_AP019799.1_1417 NZ_AP019799.1_1509 
NZ_AP019799.1_1360 NZ_AP019798.1_2168 
NZ_AP019799.1_96 NZ_AP019800.1_183 
NZ_AP019798.1_1620 NZ_AP019798.1_1652 
NZ_AP019798.1_2486 NZ_AP019798.1_605 
NZ_AP019798.1_2185 NZ_AP019799.1_686 
NZ_AP019798.1_2240 NZ_AP019798.1_2506 
NZ_AP019799.1_390 NZ_AP019799.1_326 
NZ_AP019798.1_555 NZ_AP019798.1_2678 
NZ_AP019799.1_571 NZ_AP019799.1_97 
NZ_AP019798.1_530 NZ_AP019799.1_236 
NZ_AP019798.1_1627 NZ_AP019798.1_1632 
NZ_AP019798.1_1639 NZ_AP019798.1_1635 
NZ_AP019798.1_2322 NZ_AP019798.1_1642 
NZ_AP019798.1_1252 NZ_AP019798.1_1253 
NZ_AP019798.1_898 NZ_AP019799.1_359 
NZ_AP019799.1_1252 NZ_AP019798.1_2084 
NZ_AP019798.1_2425 NZ_AP019800.1_117 
NZ_AP019798.1_1617 NZ_AP019798.1_1653 
NZ_AP019798.1_2156 NZ_AP019799.1_1354 
NZ_AP019798.1_2321 NZ_AP019798.1_1641 
NZ_AP019799.1_1331 NZ_AP019799.1_21 
NZ_AP019798.1_2272 NZ_AP019798.1_284 
NZ_AP019798.1_514 NZ_AP019799.1_1616 
NZ_AP019799.1_29 NZ_AP019799.1_111 
NZ_AP019798.1_2284 NZ_AP019799.1_772 
NZ_AP019798.1_23 NZ_AP019798.1_561 
NZ_AP019798.1_2206 NZ_AP019798.1_522 
NZ_AP019798.1_2593 NZ_AP019798.1_334 
NZ_AP019798.1_1590 NZ_AP019799.1_1119 
NZ_AP019798.1_1449 
NZ_AP019799.1_416 
NZ_AP019799.1_1480 
NZ_AP019799.1_1759 
NZ_AP019798.1_1452 
NZ_AP019798.1_2330 
NZ_AP019800.1_36 
NZ_AP019799.1_1818 
NZ_AP019798.1_2108 
NZ_AP019798.1_1477 
NZ_AP019798.1_88 
NZ_AP019798.1_1050 
NZ_AP019798.1_2039 
NZ_AP019798.1_1520 
NZ_AP019799.1_599 
NZ_AP019798.1_2897 
NZ_AP019799.1_1274 
NZ_AP019799.1_1232 
NZ_AP019798.1_2898 
NZ_AP019798.1_1347 
NZ_AP019799.1_1196 
NZ_AP019800.1_124 
NZ_AP019798.1_660 
NZ_AP019798.1_2692 
NZ_AP019798.1_337 
NZ_AP019798.1_796 
NZ_AP019798.1_1601 
NZ_AP019799.1_1637 
NZ_AP019798.1_1354 
NZ_AP019798.1_2411 
NZ_AP019798.1_2722 
NZ_AP019798.1_2313 
NZ_AP019799.1_1488 
NZ_AP019798.1_2388 
NZ_AP019799.1_1670 
NZ_AP019799.1_1809 
NZ_AP019798.1_1604 
NZ_AP019799.1_373 
NZ_AP019799.1_1481 
NZ_AP019798.1_2314 
NZ_AP019798.1_2244 
NZ_AP019798.1_992 
NZ_AP019799.1_311 
NZ_AP019798.1_918 
NZ_AP019799.1_1019 
NZ_AP019799.1_1622 
NZ_AP019798.1_2868 
NZ_AP019798.1_843 
NZ_AP019798.1_2491 
NZ_AP019800.1_80 
NZ_AP019799.1_1284 
NZ_AP019799.1_267 
NZ_AP019798.1_1104 
NZ_AP019798.1_454 
NZ_AP019798.1_1944 
NZ_AP019799.1_603 
NZ_AP019799.1_141 
NZ_AP019799.1_734 
NZ_AP019798.1_2484 
NZ_AP019798.1_65 
NZ_AP019799.1_1008 
NZ_AP019799.1_731 
NZ_AP019798.1_2343 
NZ_AP019798.1_1962 
NZ_AP019799.1_356 
NZ_AP019798.1_965 
NZ_AP019798.1_1365 
NZ_AP019798.1_1782 
NZ_AP019798.1_1987 
NZ_AP019798.1_2438 
NZ_AP019798.1_1600 
NZ_AP019798.1_927 
NZ_AP019798.1_2028 
NZ_AP019798.1_2801 
NZ_AP019800.1_19 
NZ_AP019798.1_2688 
NZ_AP019798.1_1206 
NZ_AP019799.1_691 
NZ_AP019799.1_116 
NZ_AP019798.1_2654 
NZ_AP019798.1_1524 
NZ_AP019798.1_2550 
NZ_AP019798.1_410 
NZ_AP019798.1_534 
NZ_AP019798.1_836 
NZ_AP019798.1_2718 
NZ_AP019798.1_224 
NZ_AP019798.1_2057 
NZ_AP019798.1_114 
NZ_AP019798.1_2124 
NZ_AP019799.1_1013 
NZ_AP019799.1_1169 
NZ_AP019798.1_450 
NZ_AP019799.1_1328 
NZ_AP019799.1_1666 
NZ_AP019799.1_43 
NZ_AP019798.1_1589 
NZ_AP019799.1_1211 
NZ_AP019800.1_131 
NZ_AP019798.1_2046 
NZ_AP019799.1_958 
NZ_AP019798.1_2469 
NZ_AP019798.1_2529 
NZ_AP019799.1_399 
NZ_AP019799.1_1250 
NZ_AP019798.1_1469 
NZ_AP019798.1_524 
NZ_AP019798.1_745 
NZ_AP019798.1_1602 
NZ_AP019799.1_1414 
NZ_AP019799.1_195 
NZ_AP019798.1_2765 
NZ_AP019798.1_793 
NZ_AP019798.1_1036 
NZ_AP019798.1_2261 
NZ_AP019798.1_1436 
NZ_AP019798.1_1476 
NZ_AP019798.1_173 
NZ_AP019798.1_2509 
NZ_AP019799.1_1581 
NZ_AP019798.1_2558 
NZ_AP019798.1_718 
NZ_AP019798.1_2755 
NZ_AP019798.1_1183 
NZ_AP019798.1_2562 
NZ_AP019800.1_49 
NZ_AP019798.1_2961 
NZ_AP019799.1_1154 
NZ_AP019799.1_1601 
NZ_AP019798.1_2805 
NZ_AP019798.1_2954 
NZ_AP019798.1_1336 
NZ_AP019798.1_1369 
NZ_AP019798.1_1890 
NZ_AP019798.1_1173 
NZ_AP019799.1_186 
NZ_AP019798.1_1829 
NZ_AP019799.1_1212 
NZ_AP019798.1_1341 
NZ_AP019799.1_834 
NZ_AP019798.1_2441 
NZ_AP019798.1_2924 
NZ_AP019798.1_2251 
NZ_AP019798.1_3032 
NZ_AP019798.1_2500 
NZ_AP019799.1_723 
NZ_AP019798.1_2416 
NZ_AP019799.1_169 
NZ_AP019798.1_2511 
NZ_AP019798.1_1759 
NZ_AP019798.1_1172 
NZ_AP019799.1_1287 
NZ_AP019799.1_709 
NZ_AP019799.1_280 
NZ_AP019798.1_1200 
NZ_AP019798.1_79 
NZ_AP019799.1_457 
NZ_AP019799.1_449 
NZ_AP019798.1_2369 
NZ_AP019798.1_937 
NZ_AP019798.1_1537 
NZ_AP019798.1_365 
NZ_AP019798.1_878 
NZ_AP019798.1_3033 
NZ_AP019798.1_510 
NZ_AP019798.1_156 
NZ_AP019798.1_2510 
NZ_AP019798.1_794 
NZ_AP019799.1_1436 
NZ_AP019798.1_1177 
NZ_AP019798.1_1216 
NZ_AP019798.1_692 
NZ_AP019798.1_1010 
NZ_AP019798.1_845 
NZ_AP019799.1_1214 
NZ_AP019799.1_1242 
NZ_AP019798.1_998 
NZ_AP019799.1_1454 
NZ_AP019798.1_1106 
NZ_AP019799.1_1747 
NZ_AP019798.1_1025 
NZ_AP019798.1_2147 
NZ_AP019800.1_187 
NZ_AP019798.1_579 
NZ_AP019798.1_149 
NZ_AP019798.1_219 
NZ_AP019798.1_2198 
NZ_AP019798.1_696 
NZ_AP019798.1_911 
NZ_AP019799.1_847 
NZ_AP019798.1_2096 
NZ_AP019798.1_133 
NZ_AP019799.1_564 
NZ_AP019798.1_1119 
NZ_AP019799.1_1213 
NZ_AP019798.1_2312 
NZ_AP019799.1_1633 
NZ_AP019799.1_318 
NZ_AP019798.1_2009 
NZ_AP019799.1_1715 
NZ_AP019799.1_413 
NZ_AP019798.1_2430 
NZ_AP019799.1_1453 
NZ_AP019799.1_1483 
NZ_AP019799.1_193 
NZ_AP019798.1_75 
NZ_AP019798.1_2465 
NZ_AP019799.1_1464 
NZ_AP019799.1_378 
NZ_AP019798.1_1480 
NZ_AP019799.1_862 
NZ_AP019799.1_232 
NZ_AP019799.1_1163 
NZ_AP019799.1_480 
NZ_AP019798.1_1133 
NZ_AP019798.1_1416 
NZ_AP019798.1_2162 
NZ_AP019800.1_38 
NZ_AP019798.1_578 
NZ_AP019798.1_1992 
NZ_AP019798.1_1093 
NZ_AP019798.1_162 
NZ_AP019799.1_904 
NZ_AP019799.1_1648 
NZ_AP019798.1_1021 
NZ_AP019798.1_235 
NZ_AP019798.1_8 
NZ_AP019799.1_412 
NZ_AP019799.1_421 
NZ_AP019799.1_1812 
NZ_AP019800.1_8 
NZ_AP019798.1_1995 
NZ_AP019799.1_867 
NZ_AP019800.1_61 
NZ_AP019798.1_511 
NZ_AP019798.1_57 
NZ_AP019799.1_1486 
NZ_AP019798.1_1603 
NZ_AP019798.1_2816 
NZ_AP019798.1_1539 
NZ_AP019798.1_63 
NZ_AP019798.1_638 
NZ_AP019799.1_1162 
NZ_AP019799.1_870 
NZ_AP019799.1_1139 
NZ_AP019798.1_2025 
NZ_AP019798.1_525 
NZ_AP019798.1_138 
NZ_AP019799.1_1101 
NZ_AP019798.1_2113 
NZ_AP019798.1_2174 
NZ_AP019799.1_1374 
NZ_AP019799.1_1636 
NZ_AP019798.1_2714 
NZ_AP019798.1_2065 
NZ_AP019798.1_783 
NZ_AP019800.1_9 
NZ_AP019798.1_970 
NZ_AP019799.1_1712 
NZ_AP019799.1_1016 
NZ_AP019800.1_192 
NZ_AP019798.1_1474 
NZ_AP019798.1_1323 
NZ_AP019799.1_1161 
NZ_AP019798.1_2475 
NZ_AP019798.1_1285 
NZ_AP019799.1_1098 
NZ_AP019799.1_1685 
NZ_AP019798.1_1445 
NZ_AP019798.1_2063 
NZ_AP019798.1_320 
NZ_AP019799.1_191 
NZ_AP019799.1_1190 
NZ_AP019798.1_1811 
NZ_AP019798.1_1338 
NZ_AP019798.1_267 
NZ_AP019798.1_2997 
NZ_AP019798.1_1306 
NZ_AP019798.1_551 
NZ_AP019798.1_1005 
NZ_AP019798.1_1807 
NZ_AP019798.1_1772 
NZ_AP019798.1_249 
NZ_AP019798.1_853 
NZ_AP019799.1_978 
NZ_AP019798.1_2499 
NZ_AP019799.1_655 
NZ_AP019799.1_669 
NZ_AP019798.1_771 
NZ_AP019799.1_281 
NZ_AP019799.1_1111 
NZ_AP019799.1_405 
NZ_AP019799.1_882 
NZ_AP019798.1_810 
NZ_AP019798.1_1833 
NZ_AP019798.1_920 
NZ_AP019799.1_1619 
NZ_AP019798.1_3066 
NZ_AP019798.1_1109 
NZ_AP019798.1_157 
NZ_AP019798.1_379 
NZ_AP019799.1_1612 
NZ_AP019798.1_2760 
NZ_AP019798.1_2916 
NZ_AP019799.1_727 
NZ_AP019799.1_426 
NZ_AP019798.1_2394 
NZ_AP019798.1_679 
NZ_AP019798.1_390 
NZ_AP019798.1_939 
NZ_AP019798.1_2727 
NZ_AP019798.1_1201 
NZ_AP019798.1_2969 
NZ_AP019799.1_1466 
NZ_AP019798.1_2066 
NZ_AP019799.1_944 
NZ_AP019798.1_3047 
NZ_AP019798.1_383 
NZ_AP019798.1_127 
NZ_AP019798.1_2214 
NZ_AP019799.1_276 
NZ_AP019798.1_2003 
NZ_AP019798.1_2870 
NZ_AP019799.1_364 
NZ_AP019798.1_2860 
NZ_AP019800.1_41 
NZ_AP019798.1_2315 
NZ_AP019798.1_1108 
NZ_AP019798.1_433 
NZ_AP019798.1_2056 
NZ_AP019798.1_376 
NZ_AP019799.1_597 
NZ_AP019798.1_1852 
NZ_AP019799.1_1389 
NZ_AP019798.1_1742 
NZ_AP019800.1_256 
NZ_AP019798.1_1471 
NZ_AP019798.1_49 
NZ_AP019799.1_147 
NZ_AP019798.1_2554 
NZ_AP019798.1_2583 
NZ_AP019799.1_1329 
NZ_AP019798.1_2991 
NZ_AP019798.1_1802 
NZ_AP019798.1_237 
NZ_AP019798.1_2719 
NZ_AP019798.1_437 
NZ_AP019799.1_1189 
NZ_AP019798.1_907 
NZ_AP019799.1_1422 
NZ_AP019798.1_1058 
NZ_AP019799.1_407 
NZ_AP019799.1_1597 
NZ_AP019800.1_168 
NZ_AP019798.1_58 
NZ_AP019799.1_1689 
NZ_AP019799.1_1799 
NZ_AP019798.1_2982 
NZ_AP019798.1_495 
NZ_AP019798.1_1483 
NZ_AP019798.1_2393 
NZ_AP019798.1_391 
NZ_AP019799.1_1361 
NZ_AP019799.1_262 
NZ_AP019798.1_1837 
NZ_AP019799.1_277 
NZ_AP019799.1_143 
NZ_AP019798.1_1204 
NZ_AP019798.1_469 
NZ_AP019798.1_2167 
NZ_AP019798.1_882 
NZ_AP019799.1_441 
NZ_AP019798.1_1889 
NZ_AP019798.1_2497 
NZ_AP019799.1_1476 
NZ_AP019799.1_1744 
NZ_AP019798.1_1358 
NZ_AP019798.1_2726 
NZ_AP019799.1_162 
NZ_AP019798.1_2750 
NZ_AP019798.1_849 
NZ_AP019799.1_1173 
NZ_AP019800.1_113 
NZ_AP019798.1_2864 
NZ_AP019798.1_324 
NZ_AP019799.1_1294 
NZ_AP019799.1_285 
NZ_AP019799.1_1604 
NZ_AP019798.1_1714 
NZ_AP019798.1_2274 
NZ_AP019798.1_336 
NZ_AP019798.1_1858 
NZ_AP019798.1_947 
NZ_AP019799.1_175 
NZ_AP019799.1_339 
NZ_AP019799.1_602 
NZ_AP019799.1_1634 
NZ_AP019798.1_242 
NZ_AP019798.1_3035 
NZ_AP019799.1_1658 
NZ_AP019799.1_312 
NZ_AP019798.1_1778 
NZ_AP019800.1_190 
NZ_AP019798.1_2817 
NZ_AP019798.1_626 
NZ_AP019799.1_502 
NZ_AP019798.1_1091 
NZ_AP019798.1_2364 
NZ_AP019798.1_858 
NZ_AP019798.1_893 
NZ_AP019798.1_1794 
NZ_AP019798.1_704 
NZ_AP019799.1_785 
NZ_AP019798.1_1823 
NZ_AP019798.1_2085 
NZ_AP019800.1_65 
NZ_AP019799.1_993 
NZ_AP019798.1_1790 
NZ_AP019799.1_1102 
NZ_AP019798.1_580 
NZ_AP019800.1_29 
NZ_AP019798.1_1956 
NZ_AP019798.1_539 
NZ_AP019798.1_820 
NZ_AP019799.1_848 
NZ_AP019798.1_645 
NZ_AP019798.1_815 
NZ_AP019800.1_205 
NZ_AP019798.1_1527 
NZ_AP019798.1_1863 
NZ_AP019799.1_1760 
NZ_AP019799.1_71 
NZ_AP019798.1_2399 
NZ_AP019798.1_2710 
NZ_AP019799.1_181 
NZ_AP019799.1_385 
NZ_AP019798.1_2734 
NZ_AP019799.1_1531 
NZ_AP019799.1_1668 
NZ_AP019798.1_1128 
NZ_AP019798.1_1818 
NZ_AP019798.1_2847 
NZ_AP019798.1_828 
NZ_AP019799.1_1465 
NZ_AP019798.1_2572 
NZ_AP019799.1_500 
NZ_AP019799.1_114 
NZ_AP019798.1_106 
NZ_AP019798.1_1153 
NZ_AP019799.1_1445 
NZ_AP019799.1_161 
NZ_AP019798.1_2016 
NZ_AP019799.1_647 
NZ_AP019798.1_134 
NZ_AP019798.1_590 
NZ_AP019799.1_240 
NZ_AP019798.1_2503 
NZ_AP019799.1_429 
NZ_AP019798.1_3069 
NZ_AP019798.1_401 
NZ_AP019799.1_1194 
NZ_AP019800.1_43 
NZ_AP019798.1_1578 
NZ_AP019798.1_1881 
NZ_AP019798.1_789 
NZ_AP019798.1_973 
NZ_AP019799.1_1195 
NZ_AP019798.1_1532 
NZ_AP019799.1_330 
NZ_AP019798.1_659 
NZ_AP019799.1_1726 
NZ_AP019799.1_725 
NZ_AP019799.1_808 
NZ_AP019798.1_2886 
NZ_AP019800.1_73 
NZ_AP019798.1_2379 
NZ_AP019798.1_816 
NZ_AP019798.1_1063 
NZ_AP019798.1_1145 
NZ_AP019798.1_1998 
NZ_AP019800.1_121 
NZ_AP019798.1_791 
NZ_AP019799.1_1394 
NZ_AP019798.1_1721 
NZ_AP019798.1_183 
NZ_AP019798.1_77 
NZ_AP019798.1_819 
NZ_AP019799.1_558 
NZ_AP019799.1_707 
NZ_AP019798.1_2237 
NZ_AP019798.1_2883 
NZ_AP019799.1_620 
NZ_AP019798.1_1587 
NZ_AP019798.1_2549 
NZ_AP019798.1_691 
NZ_AP019798.1_1233 
NZ_AP019798.1_532 
NZ_AP019798.1_1003 
NZ_AP019798.1_2329 
NZ_AP019798.1_345 
NZ_AP019799.1_1262 
NZ_AP019799.1_211 
NZ_AP019798.1_41 
NZ_AP019798.1_624 
NZ_AP019798.1_2952 
NZ_AP019798.1_371 
NZ_AP019799.1_1608 
NZ_AP019798.1_1270 
NZ_AP019799.1_1266 
NZ_AP019798.1_1333 
NZ_AP019798.1_3057 
NZ_AP019799.1_47 
NZ_AP019798.1_236 
NZ_AP019798.1_103 
NZ_AP019798.1_2827 
NZ_AP019798.1_407 
NZ_AP019799.1_1175 
NZ_AP019799.1_346 
NZ_AP019798.1_3048 
NZ_AP019799.1_1623 
NZ_AP019800.1_259 
NZ_AP019798.1_1560 
NZ_AP019799.1_338 
NZ_AP019800.1_203 
NZ_AP019798.1_1569 
NZ_AP019798.1_1605 
NZ_AP019798.1_2197 
NZ_AP019798.1_2747 
NZ_AP019798.1_720 
NZ_AP019800.1_208 
NZ_AP019798.1_1707 
NZ_AP019798.1_2327 
NZ_AP019799.1_1813 
NZ_AP019798.1_2102 
NZ_AP019798.1_1053 
NZ_AP019798.1_1574 
NZ_AP019798.1_520 
NZ_AP019799.1_588 
NZ_AP019799.1_294 
NZ_AP019798.1_618 
NZ_AP019800.1_23 
NZ_AP019800.1_258 
NZ_AP019799.1_1006 
NZ_AP019799.1_62 
NZ_AP019798.1_1729 
NZ_AP019798.1_2470 
NZ_AP019799.1_718 
NZ_AP019799.1_961 
NZ_AP019798.1_31 
NZ_AP019798.1_540 
NZ_AP019799.1_1306 
NZ_AP019798.1_438 
NZ_AP019799.1_1239 
NZ_AP019798.1_2358 
NZ_AP019798.1_2152 
NZ_AP019798.1_2677 
NZ_AP019799.1_1395 
NZ_AP019798.1_1366 
NZ_AP019798.1_664 
NZ_AP019799.1_1821 
NZ_AP019798.1_2693 
NZ_AP019798.1_928 
NZ_AP019799.1_1396 
NZ_AP019799.1_1706 
NZ_AP019799.1_1801 
NZ_AP019798.1_1251 
NZ_AP019799.1_1251 
NZ_AP019799.1_1625 
NZ_AP019800.1_123 
NZ_AP019798.1_623 
NZ_AP019799.1_1707 
NZ_AP019798.1_2002 
NZ_AP019798.1_444 
NZ_AP019798.1_1012 
NZ_AP019798.1_1038 
NZ_AP019798.1_1869 
NZ_AP019798.1_2797 
NZ_AP019798.1_556 
NZ_AP019798.1_2219 
NZ_AP019799.1_341 
NZ_AP019799.1_663 
NZ_AP019798.1_975 
NZ_AP019799.1_223 
NZ_AP019798.1_1572 
NZ_AP019798.1_684 
NZ_AP019798.1_1832 
NZ_AP019798.1_2352 
NZ_AP019798.1_90 
NZ_AP019799.1_1785 
NZ_AP019799.1_701 
NZ_AP019798.1_1188 
NZ_AP019799.1_1562 
NZ_AP019799.1_1756 
NZ_AP019798.1_1468 
NZ_AP019799.1_575 
NZ_AP019798.1_1440 
NZ_AP019798.1_2051 
NZ_AP019798.1_2345 
NZ_AP019798.1_951 
NZ_AP019799.1_1455 
NZ_AP019799.1_187 
NZ_AP019798.1_1409 
NZ_AP019798.1_1971 
NZ_AP019798.1_323 
NZ_AP019798.1_411 
NZ_AP019799.1_1043 
NZ_AP019799.1_1502 
NZ_AP019799.1_1654 
NZ_AP019798.1_1221 
NZ_AP019798.1_1260 
NZ_AP019798.1_1406 
NZ_AP019798.1_2179 
NZ_AP019798.1_76 
NZ_AP019800.1_167 
NZ_AP019798.1_1318 
NZ_AP019798.1_724 
NZ_AP019799.1_1631 
NZ_AP019798.1_1749 
NZ_AP019798.1_3022 
NZ_AP019799.1_1504 
NZ_AP019799.1_1641 
NZ_AP019799.1_1808 
NZ_AP019798.1_1166 
NZ_AP019800.1_77 
NZ_AP019798.1_1097 
NZ_AP019798.1_1580 
NZ_AP019798.1_2996 
NZ_AP019799.1_1400 
NZ_AP019798.1_2501 
NZ_AP019798.1_126 
NZ_AP019798.1_1 
NZ_AP019798.1_1170 
NZ_AP019799.1_474 
NZ_AP019798.1_1961 
NZ_AP019798.1_2841 
NZ_AP019799.1_803 
NZ_AP019798.1_1257 
NZ_AP019798.1_2291 
NZ_AP019798.1_2738 
NZ_AP019798.1_369 
NZ_AP019799.1_1649 
NZ_AP019799.1_561 
NZ_AP019799.1_805 
NZ_AP019799.1_857 
NZ_AP019798.1_1408 
NZ_AP019799.1_209 
NZ_AP019798.1_2999 
NZ_AP019798.1_982 
NZ_AP019799.1_210 
NZ_AP019798.1_120 
NZ_AP019798.1_1277 
NZ_AP019798.1_161 
NZ_AP019798.1_245 
NZ_AP019798.1_901 
NZ_AP019799.1_1113 
NZ_AP019799.1_601 
NZ_AP019798.1_2389 
NZ_AP019798.1_813 
NZ_AP019799.1_1614 
NZ_AP019798.1_1230 
NZ_AP019798.1_2713 
NZ_AP019798.1_2368 
NZ_AP019798.1_2480 
NZ_AP019799.1_1382 
NZ_AP019798.1_1705 
NZ_AP019798.1_2689 
NZ_AP019798.1_3015 
NZ_AP019798.1_51 
NZ_AP019798.1_690 
NZ_AP019799.1_1325 
NZ_AP019799.1_667 
NZ_AP019799.1_76 
NZ_AP019799.1_905 
NZ_AP019798.1_1922 
NZ_AP019798.1_386 
NZ_AP019798.1_884 
NZ_AP019799.1_1665 
NZ_AP019799.1_532 
NZ_AP019798.1_244 
NZ_AP019798.1_2516 
NZ_AP019798.1_636 
NZ_AP019798.1_926 
NZ_AP019799.1_1048 
NZ_AP019799.1_424 
NZ_AP019798.1_439 
NZ_AP019799.1_394 
NZ_AP019799.1_522 
NZ_AP019798.1_2300 
NZ_AP019798.1_3030 
NZ_AP019798.1_3053 
NZ_AP019798.1_3068 
NZ_AP019798.1_931 
NZ_AP019799.1_36 
NZ_AP019800.1_30 
NZ_AP019798.1_2252 
NZ_AP019798.1_342 
NZ_AP019798.1_60 
NZ_AP019798.1_1242 
NZ_AP019798.1_1942 
NZ_AP019798.1_905 
NZ_AP019798.1_1071 
NZ_AP019798.1_1466 
NZ_AP019798.1_2180 
NZ_AP019798.1_2297 
NZ_AP019798.1_2721 
NZ_AP019799.1_1151 
NZ_AP019799.1_1770 
NZ_AP019798.1_1094 
NZ_AP019798.1_1298 
NZ_AP019798.1_269 
NZ_AP019799.1_526 
NZ_AP019798.1_2356 
NZ_AP019798.1_2462 
NZ_AP019799.1_1265 
NZ_AP019799.1_673 
NZ_AP019798.1_1324 
NZ_AP019798.1_2038 
NZ_AP019798.1_2683 
NZ_AP019798.1_2875 
NZ_AP019798.1_2921 
NZ_AP019799.1_1191 
NZ_AP019799.1_914 
NZ_AP019798.1_2473 
NZ_AP019798.1_2910 
NZ_AP019799.1_1012 
NZ_AP019799.1_1477 
NZ_AP019799.1_453 
NZ_AP019800.1_70 
NZ_AP019798.1_1048 
NZ_AP019798.1_1264 
NZ_AP019798.1_1805 
NZ_AP019798.1_2310 
NZ_AP019799.1_1348 
NZ_AP019798.1_2646 
NZ_AP019798.1_306 
NZ_AP019799.1_639 
NZ_AP019799.1_87 
NZ_AP019798.1_1129 
NZ_AP019798.1_1804 
NZ_AP019798.1_2242 
NZ_AP019798.1_279 
NZ_AP019798.1_622 
NZ_AP019799.1_608 
NZ_AP019798.1_2374 
NZ_AP019799.1_1080 
NZ_AP019799.1_274 
NZ_AP019799.1_730 
NZ_AP019798.1_1840 
NZ_AP019798.1_2037 
NZ_AP019798.1_2092 
NZ_AP019799.1_305 
NZ_AP019799.1_77 
NZ_AP019798.1_2644 
NZ_AP019798.1_2723 
NZ_AP019798.1_412 
NZ_AP019798.1_943 
NZ_AP019799.1_1554 
NZ_AP019798.1_1266 
NZ_AP019798.1_1596 
NZ_AP019798.1_2575 
NZ_AP019799.1_440 
NZ_AP019798.1_2360 
NZ_AP019798.1_441 
NZ_AP019798.1_591 
NZ_AP019798.1_1913 
NZ_AP019798.1_1928 
NZ_AP019799.1_790 
NZ_AP019798.1_1941 
NZ_AP019798.1_2127 
NZ_AP019798.1_946 
NZ_AP019798.1_1340 
NZ_AP019798.1_934 
NZ_AP019800.1_52 
NZ_AP019798.1_1871 
NZ_AP019798.1_2440 
NZ_AP019798.1_2571 
NZ_AP019799.1_737 
NZ_AP019798.1_265 
NZ_AP019798.1_575 
NZ_AP019799.1_569 
NZ_AP019798.1_1841 
NZ_AP019798.1_2487 
NZ_AP019799.1_1248 
NZ_AP019798.1_655 
NZ_AP019800.1_230 
NZ_AP019798.1_2422 
NZ_AP019798.1_2813 
NZ_AP019798.1_2887 
NZ_AP019798.1_665 
NZ_AP019798.1_831 
NZ_AP019798.1_1241 
NZ_AP019799.1_374 
NZ_AP019798.1_1142 
NZ_AP019798.1_3014 
NZ_AP019798.1_364 
NZ_AP019798.1_916 
NZ_AP019798.1_1034 
NZ_AP019798.1_1390 
NZ_AP019798.1_239 
NZ_AP019798.1_478 
NZ_AP019798.1_936 
NZ_AP019800.1_162 
NZ_AP019798.1_1163 
NZ_AP019798.1_2090 
NZ_AP019798.1_2223 
NZ_AP019798.1_2771 
NZ_AP019799.1_1551 
NZ_AP019799.1_310 
NZ_AP019800.1_262 
NZ_AP019798.1_2010 
NZ_AP019798.1_2546 
NZ_AP019798.1_922 
NZ_AP019798.1_1004 
NZ_AP019798.1_1140 
NZ_AP019799.1_1305 
NZ_AP019799.1_1505 
NZ_AP019798.1_1275 
NZ_AP019798.1_214 
NZ_AP019798.1_615 
NZ_AP019799.1_1082 
NZ_AP019799.1_1228 
NZ_AP019799.1_303 
NZ_AP019798.1_2215 
NZ_AP019798.1_2665 
NZ_AP019798.1_2687 
NZ_AP019798.1_426 
NZ_AP019799.1_1810 
NZ_AP019800.1_130 
NZ_AP019800.1_132 
NZ_AP019798.1_1229 
NZ_AP019798.1_1810 
NZ_AP019798.1_2105 
NZ_AP019798.1_446 
NZ_AP019799.1_1566 
NZ_AP019798.1_2971 
NZ_AP019798.1_329 
NZ_AP019798.1_405 
NZ_AP019799.1_1790 
NZ_AP019798.1_1920 
NZ_AP019798.1_1926 
NZ_AP019798.1_629 
NZ_AP019798.1_731 
NZ_AP019799.1_712 
NZ_AP019798.1_1207 
NZ_AP019798.1_2224 
NZ_AP019798.1_2641 
NZ_AP019798.1_2959 
NZ_AP019798.1_517 
NZ_AP019798.1_6 
NZ_AP019799.1_1286 
NZ_AP019799.1_1775 
NZ_AP019799.1_332 
NZ_AP019798.1_1776 
NZ_AP019798.1_223 
NZ_AP019798.1_2232 
NZ_AP019798.1_259 
NZ_AP019798.1_667 
NZ_AP019799.1_1031 
NZ_AP019798.1_892 
NZ_AP019799.1_214 
NZ_AP019800.1_243 
NZ_AP019798.1_1470 
NZ_AP019798.1_2053 
NZ_AP019798.1_2450 
NZ_AP019799.1_476 
NZ_AP019798.1_1820 
NZ_AP019798.1_447 
NZ_AP019799.1_1552 
NZ_AP019800.1_229 
NZ_AP019798.1_1799 
NZ_AP019798.1_670 
NZ_AP019799.1_1788 
NZ_AP019800.1_128 
NZ_AP019798.1_1211 
NZ_AP019799.1_1300 
NZ_AP019799.1_265 
NZ_AP019799.1_428 
NZ_AP019799.1_861 
NZ_AP019798.1_2505 
NZ_AP019798.1_509 
NZ_AP019799.1_1787 
NZ_AP019799.1_468 
NZ_AP019799.1_1773 
NZ_AP019799.1_288 
NZ_AP019800.1_169 
NZ_AP019800.1_55 
NZ_AP019798.1_2286 
NZ_AP019798.1_2535 
NZ_AP019799.1_1114 
NZ_AP019799.1_744 
NZ_AP019798.1_140 
NZ_AP019798.1_2373 
NZ_AP019798.1_2659 
NZ_AP019798.1_2706 
NZ_AP019798.1_400 
NZ_AP019798.1_2133 
NZ_AP019798.1_2943 
NZ_AP019799.1_1099 
NZ_AP019799.1_1142 
NZ_AP019799.1_1204 
NZ_AP019799.1_651 
NZ_AP019798.1_1141 
NZ_AP019798.1_1490 
NZ_AP019798.1_1637 
NZ_AP019798.1_167 
NZ_AP019798.1_1888 
NZ_AP019798.1_2283 
NZ_AP019798.1_2761 
NZ_AP019798.1_603 
NZ_AP019798.1_945 
NZ_AP019799.1_1527 
NZ_AP019798.1_1734 
NZ_AP019798.1_2305 
NZ_AP019798.1_2964 
NZ_AP019799.1_566 
NZ_AP019798.1_2353 
NZ_AP019799.1_562 
NZ_AP019798.1_2253 
NZ_AP019798.1_227 
NZ_AP019798.1_262 
NZ_AP019798.1_3050 
NZ_AP019799.1_1438 
NZ_AP019799.1_884 
NZ_AP019798.1_1268 
NZ_AP019798.1_1835 
NZ_AP019798.1_191 
NZ_AP019798.1_2812 
NZ_AP019800.1_20 
NZ_AP019798.1_146 
NZ_AP019798.1_1947 
NZ_AP019798.1_247 
NZ_AP019798.1_2736 
NZ_AP019799.1_1197 
NZ_AP019798.1_1453 
NZ_AP019798.1_73 
NZ_AP019799.1_1034 
NZ_AP019799.1_951 
NZ_AP019798.1_1187 
NZ_AP019798.1_1404 
NZ_AP019798.1_2432 
NZ_AP019798.1_2869 
NZ_AP019798.1_697 
NZ_AP019798.1_772 
NZ_AP019799.1_1345 
NZ_AP019799.1_843 
NZ_AP019799.1_987 
NZ_AP019798.1_1437 
NZ_AP019798.1_1493 
NZ_AP019798.1_1582 
NZ_AP019798.1_2482 
NZ_AP019798.1_2557 
NZ_AP019799.1_1635 
NZ_AP019799.1_697 
NZ_AP019798.1_1305 
NZ_AP019798.1_1411 
NZ_AP019798.1_1891 
NZ_AP019798.1_2333 
NZ_AP019798.1_2807 
NZ_AP019799.1_1620 
NZ_AP019799.1_377 
NZ_AP019798.1_2965 
NZ_AP019798.1_646 
NZ_AP019799.1_420 
NZ_AP019799.1_749 
NZ_AP019798.1_253 
NZ_AP019798.1_554 
NZ_AP019799.1_490 
NZ_AP019799.1_559 
NZ_AP019798.1_1753 
NZ_AP019798.1_1953 
NZ_AP019798.1_263 
NZ_AP019798.1_3040 
NZ_AP019798.1_356 
NZ_AP019799.1_1124 
NZ_AP019798.1_1827 
NZ_AP019798.1_2629 
NZ_AP019799.1_898 
NZ_AP019798.1_1184 
NZ_AP019798.1_1808 
NZ_AP019798.1_1351 
NZ_AP019798.1_1410 
NZ_AP019798.1_268 
NZ_AP019798.1_838 
NZ_AP019799.1_1624 
NZ_AP019800.1_7 
NZ_AP019798.1_1078 
NZ_AP019798.1_1081 
NZ_AP019798.1_2052 
NZ_AP019798.1_2439 
NZ_AP019798.1_594 
NZ_AP019799.1_1784 
NZ_AP019799.1_501 
NZ_AP019799.1_611 
NZ_AP019798.1_2338 
NZ_AP019798.1_2608 
NZ_AP019798.1_617 
NZ_AP019798.1_979 
NZ_AP019799.1_1644 
NZ_AP019799.1_309 
NZ_AP019798.1_1857 
NZ_AP019798.1_2294 
NZ_AP019799.1_587 
NZ_AP019799.1_735 
NZ_AP019798.1_1208 
NZ_AP019798.1_2433 
NZ_AP019798.1_2613 
NZ_AP019798.1_739 
NZ_AP019798.1_910 
NZ_AP019799.1_1185 
NZ_AP019798.1_1564 
NZ_AP019798.1_1583 
NZ_AP019800.1_143 
NZ_AP019800.1_201 
NZ_AP019798.1_528 
NZ_AP019798.1_651 
NZ_AP019799.1_139 
NZ_AP019799.1_684 
NZ_AP019799.1_985 
NZ_AP019798.1_1080 
NZ_AP019798.1_1435 
NZ_AP019798.1_917 
NZ_AP019799.1_1268 
NZ_AP019799.1_1763 
NZ_AP019799.1_676 
NZ_AP019799.1_78 
NZ_AP019798.1_1728 
NZ_AP019798.1_2246 
NZ_AP019798.1_2347 
NZ_AP019798.1_254 
NZ_AP019798.1_453 
NZ_AP019798.1_669 
NZ_AP019799.1_357 
NZ_AP019799.1_764 
NZ_AP019798.1_1064 
NZ_AP019798.1_1139 
NZ_AP019798.1_2188 
NZ_AP019798.1_2764 
NZ_AP019798.1_596 
NZ_AP019798.1_818 
NZ_AP019798.1_1215 
NZ_AP019798.1_2890 
NZ_AP019798.1_3007 
NZ_AP019798.1_754 
NZ_AP019798.1_912 
NZ_AP019799.1_128 
NZ_AP019799.1_941 
NZ_AP019798.1_1381 
NZ_AP019798.1_1597 
NZ_AP019798.1_2553 
NZ_AP019799.1_370 
NZ_AP019798.1_1723 
NZ_AP019798.1_211 
NZ_AP019798.1_232 
NZ_AP019798.1_2819 
NZ_AP019798.1_547 
NZ_AP019798.1_612 
NZ_AP019798.1_1281 
NZ_AP019798.1_1946 
NZ_AP019798.1_2413 
NZ_AP019798.1_672 
NZ_AP019799.1_1221 
NZ_AP019799.1_1225 
NZ_AP019799.1_1733 
NZ_AP019799.1_423 
NZ_AP019800.1_227 
NZ_AP019798.1_2720 
NZ_AP019799.1_1075 
NZ_AP019799.1_348 
NZ_AP019800.1_83 
NZ_AP019798.1_1407 
NZ_AP019798.1_614 
NZ_AP019798.1_859 
NZ_AP019799.1_120 
NZ_AP019798.1_2050 
NZ_AP019798.1_2146 
NZ_AP019798.1_2485 
NZ_AP019798.1_93 
NZ_AP019798.1_2992 
NZ_AP019798.1_544 
NZ_AP019799.1_253 
NZ_AP019798.1_2917 
NZ_AP019798.1_3010 
NZ_AP019798.1_795 
NZ_AP019799.1_1258 
NZ_AP019799.1_1429 
NZ_AP019799.1_544 
NZ_AP019798.1_1356 
NZ_AP019798.1_1405 
NZ_AP019798.1_2100 
NZ_AP019798.1_958 
NZ_AP019800.1_4 
NZ_AP019798.1_1789 
NZ_AP019798.1_2308 
NZ_AP019798.1_2348 
NZ_AP019798.1_422 
NZ_AP019799.1_1291 
NZ_AP019799.1_767 
NZ_AP019800.1_14 
NZ_AP019798.1_2 
NZ_AP019798.1_2651 
NZ_AP019798.1_2748 
NZ_AP019799.1_595 
NZ_AP019798.1_266 
NZ_AP019798.1_723 
NZ_AP019799.1_1516 
NZ_AP019799.1_1563 
NZ_AP019799.1_1580 
NZ_AP019800.1_112 
NZ_AP019798.1_1239 
NZ_AP019798.1_1809 
NZ_AP019798.1_3011 
NZ_AP019798.1_963 
NZ_AP019799.1_1765 
NZ_AP019799.1_70 
NZ_AP019800.1_239 
NZ_AP019798.1_1389 
NZ_AP019798.1_1399 
NZ_AP019798.1_370 
NZ_AP019798.1_688 
NZ_AP019798.1_726 
NZ_AP019799.1_1156 
NZ_AP019799.1_1628 
NZ_AP019799.1_786 
NZ_AP019799.1_990 
NZ_AP019798.1_2120 
NZ_AP019798.1_2437 
NZ_AP019798.1_2489 
NZ_AP019798.1_2708 
NZ_AP019798.1_2737 
NZ_AP019798.1_34 
NZ_AP019798.1_1232 
NZ_AP019798.1_440 
NZ_AP019799.1_1384 
NZ_AP019799.1_716 
NZ_AP019798.1_208 
NZ_AP019798.1_238 
NZ_AP019798.1_3 
NZ_AP019800.1_59 
NZ_AP019800.1_75 
NZ_AP019798.1_1994 
NZ_AP019798.1_2607 
NZ_AP019798.1_2633 
NZ_AP019799.1_1676 
NZ_AP019798.1_1380 
NZ_AP019798.1_1911 
NZ_AP019798.1_212 
NZ_AP019798.1_2396 
NZ_AP019798.1_248 
NZ_AP019799.1_171 
NZ_AP019799.1_430 
NZ_AP019798.1_2217 
NZ_AP019798.1_2650 
NZ_AP019798.1_662 
NZ_AP019798.1_1070 
NZ_AP019798.1_2894 
NZ_AP019798.1_443 
NZ_AP019798.1_891 
NZ_AP019798.1_206 
NZ_AP019798.1_264 
NZ_AP019799.1_1224 
NZ_AP019798.1_1074 
NZ_AP019798.1_112 
NZ_AP019798.1_1958 
NZ_AP019798.1_1982 
NZ_AP019798.1_256 
NZ_AP019799.1_802 
NZ_AP019798.1_2337 
NZ_AP019799.1_1093 
NZ_AP019799.1_1511 
NZ_AP019798.1_203 
NZ_AP019798.1_2144 
NZ_AP019798.1_215 
NZ_AP019798.1_2324 
NZ_AP019799.1_1495 
NZ_AP019799.1_1618 
NZ_AP019799.1_765 
NZ_AP019798.1_1522 
NZ_AP019798.1_1936 
NZ_AP019798.1_2339 
NZ_AP019798.1_246 
NZ_AP019798.1_595 
NZ_AP019798.1_374 
NZ_AP019798.1_94 
NZ_AP019799.1_1367 
NZ_AP019800.1_138 
NZ_AP019800.1_66 
NZ_AP019798.1_124 
NZ_AP019798.1_1412 
NZ_AP019798.1_2029 
NZ_AP019799.1_1402 
NZ_AP019799.1_565 
NZ_AP019798.1_1075 
NZ_AP019798.1_1746 
NZ_AP019798.1_2560 
NZ_AP019798.1_2567 
NZ_AP019798.1_2697 
NZ_AP019798.1_2908 
NZ_AP019799.1_1610 
NZ_AP019800.1_120 
NZ_AP019800.1_217 
NZ_AP019798.1_1293 
NZ_AP019798.1_1704 
NZ_AP019798.1_1912 
NZ_AP019798.1_2160 
NZ_AP019798.1_2226 
NZ_AP019798.1_250 
NZ_AP019799.1_1327 
NZ_AP019799.1_591 
NZ_AP019800.1_122 
NZ_AP019800.1_200 
NZ_AP019798.1_1029 
NZ_AP019798.1_1231 
NZ_AP019798.1_1382 
NZ_AP019798.1_210 
NZ_AP019798.1_2265 
NZ_AP019798.1_2802 
NZ_AP019798.1_2830 
NZ_AP019798.1_80 
NZ_AP019798.1_1726 
NZ_AP019798.1_501 
NZ_AP019799.1_679 
NZ_AP019798.1_1609 
NZ_AP019798.1_2170 
NZ_AP019798.1_2249 
NZ_AP019798.1_2323 
NZ_AP019799.1_568 
NZ_AP019799.1_573 
NZ_AP019798.1_1150 
NZ_AP019798.1_1461 
NZ_AP019798.1_1741 
NZ_AP019798.1_2282 
NZ_AP019798.1_2631 
NZ_AP019799.1_551 
NZ_AP019798.1_2210 
NZ_AP019798.1_240 
NZ_AP019799.1_1041 
NZ_AP019799.1_1421 
NZ_AP019798.1_1122 
NZ_AP019798.1_2490 
NZ_AP019798.1_2844 
NZ_AP019798.1_2877 
NZ_AP019798.1_435 
NZ_AP019799.1_1079 
NZ_AP019799.1_1672 
NZ_AP019798.1_1087 
NZ_AP019798.1_1088 
NZ_AP019798.1_2798 
NZ_AP019798.1_716 
NZ_AP019799.1_1330 
NZ_AP019799.1_164 
NZ_AP019799.1_494 
NZ_AP019798.1_1158 
NZ_AP019798.1_1975 
NZ_AP019798.1_2067 
NZ_AP019798.1_2191 
NZ_AP019798.1_2404 
NZ_AP019798.1_2754 
NZ_AP019798.1_341 
NZ_AP019798.1_394 
NZ_AP019799.1_1800 
NZ_AP019799.1_93 
NZ_AP019798.1_1420 
NZ_AP019798.1_1777 
NZ_AP019798.1_2110 
NZ_AP019798.1_2349 
NZ_AP019798.1_2504 
NZ_AP019798.1_2941 
NZ_AP019799.1_1137 
NZ_AP019799.1_1424 
NZ_AP019799.1_301 
NZ_AP019799.1_876 
NZ_AP019798.1_1189 
NZ_AP019798.1_145 
NZ_AP019798.1_1478 
NZ_AP019799.1_101 
NZ_AP019799.1_1087 
NZ_AP019799.1_1358 
NZ_AP019799.1_863 
NZ_AP019798.1_1000 
NZ_AP019798.1_1309 
NZ_AP019798.1_275 
NZ_AP019798.1_2792 
NZ_AP019798.1_45 
NZ_AP019798.1_95 
NZ_AP019799.1_1292 
NZ_AP019798.1_1062 
NZ_AP019798.1_121 
NZ_AP019798.1_2285 
NZ_AP019798.1_2660 
NZ_AP019798.1_2763 
NZ_AP019798.1_3023 
NZ_AP019798.1_620 
NZ_AP019799.1_1793 
NZ_AP019799.1_344 
NZ_AP019799.1_460 
NZ_AP019799.1_646 
NZ_AP019799.1_746 
NZ_AP019800.1_129 
NZ_AP019799.1_1118 
NZ_AP019799.1_1557 
NZ_AP019799.1_486 
NZ_AP019798.1_2054 
NZ_AP019798.1_2181 
NZ_AP019798.1_363 
NZ_AP019798.1_929 
NZ_AP019799.1_197 
NZ_AP019799.1_74 
NZ_AP019799.1_129 
NZ_AP019799.1_1675 
NZ_AP019799.1_291 
NZ_AP019799.1_347 
NZ_AP019798.1_1022 
NZ_AP019798.1_2970 
NZ_AP019798.1_311 
NZ_AP019798.1_344 
NZ_AP019799.1_1341 
NZ_AP019799.1_1574 
NZ_AP019799.1_775 
NZ_AP019800.1_58 
NZ_AP019798.1_2021 
NZ_AP019798.1_2949 
NZ_AP019798.1_950 
NZ_AP019799.1_1030 
NZ_AP019799.1_1144 
NZ_AP019799.1_1771 
NZ_AP019798.1_1773 
NZ_AP019798.1_2060 
NZ_AP019798.1_217 
NZ_AP019798.1_2342 
NZ_AP019798.1_2563 
NZ_AP019798.1_2783 
NZ_AP019799.1_1742 
NZ_AP019799.1_666 
NZ_AP019799.1_747 
NZ_AP019800.1_150 
NZ_AP019798.1_1009 
NZ_AP019798.1_1686 
NZ_AP019798.1_1760 
NZ_AP019798.1_1853 
NZ_AP019798.1_2320 
NZ_AP019798.1_545 
NZ_AP019798.1_908 
NZ_AP019799.1_1128 
NZ_AP019799.1_1764 
NZ_AP019799.1_753 
NZ_AP019798.1_1210 
NZ_AP019798.1_1581 
NZ_AP019798.1_17 
NZ_AP019798.1_1786 
NZ_AP019798.1_2370 
NZ_AP019798.1_2811 
NZ_AP019799.1_1241 
NZ_AP019799.1_1613 
NZ_AP019799.1_254 
NZ_AP019799.1_433 
NZ_AP019798.1_1327 
NZ_AP019798.1_78 
NZ_AP019799.1_45 
NZ_AP019798.1_1149 
NZ_AP019798.1_1157 
NZ_AP019798.1_1498 
NZ_AP019798.1_1558 
NZ_AP019798.1_1948 
NZ_AP019798.1_2448 
NZ_AP019799.1_1100 
NZ_AP019799.1_127 
NZ_AP019798.1_1055 
NZ_AP019798.1_1224 
NZ_AP019798.1_2673 
NZ_AP019798.1_353 
NZ_AP019798.1_864 
NZ_AP019798.1_1052 
NZ_AP019798.1_2074 
NZ_AP019798.1_2351 
NZ_AP019798.1_2591 
NZ_AP019798.1_3028 
NZ_AP019798.1_780 
NZ_AP019800.1_146 
NZ_AP019798.1_1692 
NZ_AP019798.1_2001 
NZ_AP019798.1_2006 
NZ_AP019798.1_2585 
NZ_AP019798.1_2672 
NZ_AP019798.1_2907 
NZ_AP019798.1_576 
NZ_AP019798.1_677 
NZ_AP019798.1_707 
NZ_AP019798.1_812 
NZ_AP019799.1_1762 
NZ_AP019799.1_363 
NZ_AP019799.1_393 
NZ_AP019800.1_35 
NZ_AP019798.1_1699 
NZ_AP019798.1_1973 
NZ_AP019798.1_2580 
NZ_AP019798.1_2850 
NZ_AP019798.1_2931 
NZ_AP019799.1_1816 
NZ_AP019799.1_685 
NZ_AP019798.1_2243 
NZ_AP019799.1_1127 
NZ_AP019800.1_223 
NZ_AP019798.1_1118 
NZ_AP019798.1_1272 
NZ_AP019798.1_1598 
NZ_AP019798.1_257 
NZ_AP019798.1_2833 
NZ_AP019798.1_3026 
NZ_AP019798.1_477 
NZ_AP019798.1_782 
NZ_AP019799.1_806 
NZ_AP019800.1_46 
NZ_AP019798.1_182 
NZ_AP019798.1_2401 
NZ_AP019798.1_461 
NZ_AP019798.1_537 
NZ_AP019799.1_130 
NZ_AP019799.1_397 
NZ_AP019799.1_907 
NZ_AP019798.1_2552 
NZ_AP019798.1_2618 
NZ_AP019798.1_683 
NZ_AP019798.1_87 
NZ_AP019799.1_1398 
NZ_AP019799.1_487 
NZ_AP019799.1_593 
NZ_AP019799.1_919 
NZ_AP019800.1_179 
NZ_AP019798.1_1504 
NZ_AP019798.1_2078 
NZ_AP019798.1_2731 
NZ_AP019798.1_3013 
NZ_AP019798.1_613 
NZ_AP019798.1_702 
NZ_AP019798.1_914 
NZ_AP019798.1_130 
NZ_AP019798.1_2350 
NZ_AP019798.1_2390 
NZ_AP019798.1_2467 
NZ_AP019798.1_468 
NZ_AP019798.1_728 
NZ_AP019799.1_1583 
NZ_AP019799.1_419 
NZ_AP019798.1_1718 
NZ_AP019798.1_218 
NZ_AP019798.1_2785 
NZ_AP019799.1_380 
NZ_AP019799.1_835 
NZ_AP019799.1_90 
NZ_AP019798.1_1196 
NZ_AP019798.1_1398 
NZ_AP019798.1_1575 
NZ_AP019798.1_2962 
NZ_AP019798.1_3046 
NZ_AP019799.1_1659 
NZ_AP019799.1_334 
NZ_AP019799.1_804 
NZ_AP019798.1_200 
NZ_AP019798.1_2005 
NZ_AP019798.1_351 
NZ_AP019798.1_533 
NZ_AP019799.1_188 
NZ_AP019799.1_585 
NZ_AP019799.1_598 
NZ_AP019799.1_891 
NZ_AP019798.1_1865 
NZ_AP019798.1_2815 
NZ_AP019799.1_1243 
NZ_AP019799.1_1530 
NZ_AP019798.1_2209 
NZ_AP019798.1_2661 
NZ_AP019799.1_411 
NZ_AP019800.1_234 
NZ_AP019798.1_44 
NZ_AP019798.1_543 
NZ_AP019798.1_770 
NZ_AP019799.1_1401 
NZ_AP019799.1_675 
NZ_AP019798.1_137 
NZ_AP019798.1_1980 
NZ_AP019798.1_2892 
NZ_AP019798.1_2906 
NZ_AP019799.1_1164 
NZ_AP019799.1_664 
NZ_AP019798.1_1462 
NZ_AP019798.1_1815 
NZ_AP019798.1_2419 
NZ_AP019798.1_2630 
NZ_AP019799.1_883 
NZ_AP019798.1_132 
NZ_AP019798.1_2464 
NZ_AP019798.1_278 
NZ_AP019798.1_3004 
NZ_AP019798.1_448 
NZ_AP019798.1_799 
NZ_AP019798.1_9 
NZ_AP019799.1_166 
NZ_AP019799.1_17 
NZ_AP019799.1_396 
NZ_AP019799.1_553 
NZ_AP019799.1_939 
NZ_AP019798.1_456 
NZ_AP019798.1_573 
NZ_AP019799.1_493 
NZ_AP019799.1_636 
NZ_AP019799.1_668 
NZ_AP019800.1_249 
NZ_AP019798.1_1176 
NZ_AP019798.1_1691 
NZ_AP019798.1_53 
NZ_AP019799.1_1440 
NZ_AP019799.1_1817 
NZ_AP019799.1_692 
NZ_AP019798.1_1548 
NZ_AP019798.1_2851 
NZ_AP019798.1_322 
NZ_AP019799.1_471 
NZ_AP019798.1_102 
NZ_AP019798.1_1392 
NZ_AP019798.1_1816 
NZ_AP019798.1_1887 
NZ_AP019798.1_2444 
NZ_AP019798.1_2656 
NZ_AP019798.1_326 
NZ_AP019799.1_1296 
NZ_AP019799.1_1298 
NZ_AP019799.1_1482 
NZ_AP019799.1_552 
NZ_AP019799.1_555 
NZ_AP019799.1_879 
NZ_AP019800.1_69 
NZ_AP019798.1_2182 
NZ_AP019798.1_2519 
NZ_AP019798.1_2767 
NZ_AP019798.1_3049 
NZ_AP019799.1_1680 
NZ_AP019799.1_38 
NZ_AP019799.1_437 
NZ_AP019799.1_75 
NZ_AP019798.1_721 
NZ_AP019799.1_1149 
NZ_AP019799.1_1326 
NZ_AP019799.1_140 
NZ_AP019799.1_874 
NZ_AP019798.1_1082 
NZ_AP019798.1_1162 
NZ_AP019798.1_1434 
NZ_AP019798.1_1914 
NZ_AP019798.1_2423 
NZ_AP019798.1_2603 
NZ_AP019799.1_1724 
NZ_AP019799.1_1739 
NZ_AP019798.1_1505 
NZ_AP019799.1_1050 
NZ_AP019799.1_1229 
NZ_AP019799.1_1443 
NZ_AP019799.1_1512 
NZ_AP019799.1_1682 
NZ_AP019800.1_74 
NZ_AP019798.1_2022 
NZ_AP019798.1_2303 
NZ_AP019798.1_231 
NZ_AP019798.1_2460 
NZ_AP019798.1_2498 
NZ_AP019798.1_2696 
NZ_AP019798.1_30 
NZ_AP019798.1_529 
NZ_AP019799.1_1393 
NZ_AP019799.1_1423 
NZ_AP019799.1_1626 
NZ_AP019799.1_557 
NZ_AP019799.1_622 
NZ_AP019799.1_970 
NZ_AP019800.1_238 
NZ_AP019798.1_1752 
NZ_AP019798.1_1883 
NZ_AP019798.1_2151 
NZ_AP019798.1_2532 
NZ_AP019798.1_255 
NZ_AP019798.1_2826 
NZ_AP019798.1_2876 
NZ_AP019799.1_194 
NZ_AP019799.1_795 
NZ_AP019799.1_850 
NZ_AP019798.1_207 
NZ_AP019798.1_2072 
NZ_AP019798.1_647 
NZ_AP019798.1_680 
NZ_AP019799.1_1029 
NZ_AP019799.1_498 
NZ_AP019799.1_58 
NZ_AP019799.1_745 
NZ_AP019798.1_1271 
NZ_AP019798.1_2035 
NZ_AP019798.1_3063 
NZ_AP019798.1_842 
NZ_AP019799.1_1210 
NZ_AP019798.1_1193 
NZ_AP019798.1_1368 
NZ_AP019798.1_1538 
NZ_AP019798.1_1757 
NZ_AP019798.1_2192 
NZ_AP019798.1_2260 
NZ_AP019798.1_3025 
NZ_AP019798.1_481 
NZ_AP019798.1_68 
NZ_AP019798.1_743 
NZ_AP019798.1_809 
NZ_AP019798.1_985 
NZ_AP019799.1_1014 
NZ_AP019799.1_16 
NZ_AP019799.1_1683 
NZ_AP019799.1_1722 
NZ_AP019799.1_207 
NZ_AP019799.1_845 
NZ_AP019800.1_163 
NZ_AP019798.1_135 
NZ_AP019798.1_1898 
NZ_AP019798.1_3029 
NZ_AP019798.1_869 
NZ_AP019798.1_953 
NZ_AP019799.1_889 
NZ_AP019798.1_213 
NZ_AP019798.1_2717 
NZ_AP019798.1_2985 
NZ_AP019798.1_729 
NZ_AP019798.1_839 
NZ_AP019798.1_956 
NZ_AP019799.1_681 
NZ_AP019799.1_916 
NZ_AP019798.1_1931 
NZ_AP019798.1_2382 
NZ_AP019798.1_2536 
NZ_AP019798.1_2794 
NZ_AP019798.1_619 
NZ_AP019799.1_1736 
NZ_AP019799.1_536 
NZ_AP019799.1_582 
NZ_AP019799.1_683 
NZ_AP019799.1_705 
NZ_AP019799.1_814 
NZ_AP019799.1_888 
NZ_AP019800.1_164 
NZ_AP019798.1_1424 
NZ_AP019798.1_186 
NZ_AP019798.1_2606 
NZ_AP019798.1_3056 
NZ_AP019798.1_949 
NZ_AP019799.1_1054 
NZ_AP019799.1_1203 
NZ_AP019799.1_1273 
NZ_AP019799.1_872 
NZ_AP019798.1_2680 
NZ_AP019798.1_434 
NZ_AP019799.1_233 
NZ_AP019799.1_627 
NZ_AP019800.1_62 
NZ_AP019798.1_1297 
NZ_AP019798.1_1511 
NZ_AP019798.1_366 
NZ_AP019798.1_458 
NZ_AP019798.1_868 
NZ_AP019798.1_966 
NZ_AP019799.1_660 
NZ_AP019798.1_2822 
NZ_AP019798.1_2930 
NZ_AP019798.1_857 
NZ_AP019799.1_1059 
NZ_AP019799.1_1342 
NZ_AP019799.1_1673 
NZ_AP019799.1_228 
NZ_AP019799.1_266 
NZ_AP019799.1_59 
NZ_AP019798.1_1592 
NZ_AP019798.1_1819 
NZ_AP019798.1_2326 
NZ_AP019798.1_2925 
NZ_AP019798.1_797 
NZ_AP019799.1_1039 
NZ_AP019799.1_1064 
NZ_AP019799.1_1662 
NZ_AP019799.1_469 
NZ_AP019799.1_750 
NZ_AP019798.1_1343 
NZ_AP019798.1_736 
NZ_AP019799.1_1152 
NZ_AP019799.1_609 
NZ_AP019799.1_741 
NZ_AP019799.1_846 
NZ_AP019800.1_13 
NZ_AP019800.1_170 
NZ_AP019798.1_1138 
NZ_AP019798.1_2048 
NZ_AP019799.1_1192 
NZ_AP019799.1_1485 
NZ_AP019799.1_282 
NZ_AP019799.1_325 
NZ_AP019799.1_642 
NZ_AP019798.1_2228 
NZ_AP019798.1_2239 
NZ_AP019798.1_2258 
NZ_AP019798.1_2481 
NZ_AP019798.1_2709 
NZ_AP019798.1_634 
NZ_AP019798.1_693 
NZ_AP019799.1_1271 
NZ_AP019798.1_2077 
NZ_AP019798.1_2254 
NZ_AP019798.1_2928 
NZ_AP019798.1_871 
NZ_AP019799.1_1642 
NZ_AP019799.1_241 
NZ_AP019800.1_107 
NZ_AP019798.1_1284 
NZ_AP019798.1_1997 
NZ_AP019798.1_2746 
NZ_AP019798.1_569 
NZ_AP019798.1_62 
NZ_AP019799.1_1226 
NZ_AP019799.1_1388 
NZ_AP019799.1_179 
NZ_AP019799.1_358 
NZ_AP019799.1_511 
NZ_AP019799.1_986 
NZ_AP019800.1_184 
NZ_AP019798.1_1419 
NZ_AP019798.1_1508 
NZ_AP019799.1_1257 
NZ_AP019799.1_1308 
NZ_AP019799.1_1703 
NZ_AP019799.1_708 
NZ_AP019798.1_1057 
NZ_AP019798.1_1417 
NZ_AP019798.1_1467 
NZ_AP019798.1_3003 
NZ_AP019799.1_483 
NZ_AP019798.1_2474 
NZ_AP019798.1_2958 
NZ_AP019799.1_1060 
NZ_AP019799.1_548 
NZ_AP019799.1_567 
NZ_AP019799.1_894 
NZ_AP019799.1_981 
NZ_AP019798.1_1103 
NZ_AP019798.1_150 
NZ_AP019798.1_1899 
NZ_AP019798.1_2069 
NZ_AP019798.1_74 
NZ_AP019798.1_761 
NZ_AP019799.1_505 
NZ_AP019798.1_1530 
NZ_AP019798.1_1798 
NZ_AP019798.1_2302 
NZ_AP019798.1_289 
NZ_AP019798.1_2950 
NZ_AP019798.1_460 
NZ_AP019799.1_722 
NZ_AP019800.1_147 
NZ_AP019798.1_1295 
NZ_AP019798.1_1300 
NZ_AP019798.1_2691 
NZ_AP019798.1_2831 
NZ_AP019798.1_507 
NZ_AP019799.1_1046 
NZ_AP019799.1_711 
NZ_AP019799.1_81 
NZ_AP019798.1_1363 
NZ_AP019798.1_1541 
NZ_AP019798.1_1550 
NZ_AP019798.1_2406 
NZ_AP019798.1_2624 
NZ_AP019800.1_199 
NZ_AP019798.1_1661 
NZ_AP019798.1_1976 
NZ_AP019798.1_395 
NZ_AP019799.1_1289 
NZ_AP019800.1_136 
NZ_AP019798.1_2075 
NZ_AP019798.1_3061 
NZ_AP019798.1_362 
NZ_AP019798.1_861 
NZ_AP019799.1_1647 
NZ_AP019799.1_1820 
NZ_AP019799.1_780 
NZ_AP019800.1_115 
NZ_AP019798.1_1442 
NZ_AP019798.1_1725 
NZ_AP019798.1_1927 
NZ_AP019798.1_197 
NZ_AP019798.1_2307 
NZ_AP019798.1_452 
NZ_AP019798.1_698 
NZ_AP019798.1_735 
NZ_AP019799.1_1009 
NZ_AP019800.1_89 
NZ_AP019798.1_1017 
NZ_AP019798.1_1135 
NZ_AP019798.1_1186 
NZ_AP019798.1_1745 
NZ_AP019798.1_1996 
NZ_AP019798.1_2914 
NZ_AP019798.1_360 
NZ_AP019798.1_415 
NZ_AP019799.1_674 
NZ_AP019799.1_794 
NZ_AP019799.1_984 
NZ_AP019798.1_1039 
NZ_AP019798.1_399 
NZ_AP019798.1_55 
NZ_AP019798.1_600 
NZ_AP019799.1_1399 
NZ_AP019798.1_1533 
NZ_AP019798.1_1795 
NZ_AP019798.1_1893 
NZ_AP019798.1_2165 
NZ_AP019798.1_2657 
NZ_AP019799.1_1053 
NZ_AP019799.1_1523 
NZ_AP019799.1_771 
NZ_AP019799.1_881 
NZ_AP019798.1_1294 
NZ_AP019798.1_1509 
NZ_AP019798.1_2573 
NZ_AP019798.1_2614 
NZ_AP019798.1_2980 
NZ_AP019798.1_711 
NZ_AP019799.1_1350 
NZ_AP019799.1_1357 
NZ_AP019799.1_1711 
NZ_AP019799.1_992 
NZ_AP019800.1_204 
NZ_AP019798.1_2107 
NZ_AP019798.1_2518 
NZ_AP019798.1_2545 
NZ_AP019798.1_2922 
NZ_AP019798.1_948 
NZ_AP019799.1_1157 
NZ_AP019799.1_1687 
NZ_AP019799.1_366 
NZ_AP019799.1_88 
NZ_AP019800.1_226 
NZ_AP019798.1_1047 
NZ_AP019798.1_2328 
NZ_AP019798.1_2670 
NZ_AP019798.1_2762 
NZ_AP019798.1_2796 
NZ_AP019798.1_506 
NZ_AP019798.1_807 
NZ_AP019799.1_268 
NZ_AP019799.1_371 
NZ_AP019799.1_921 
NZ_AP019798.1_1716 
NZ_AP019798.1_201 
NZ_AP019798.1_2247 
NZ_AP019798.1_372 
NZ_AP019798.1_494 
NZ_AP019799.1_153 
NZ_AP019799.1_336 
NZ_AP019799.1_432 
NZ_AP019800.1_78 
NZ_AP019798.1_1046 
NZ_AP019798.1_2289 
NZ_AP019798.1_445 
NZ_AP019798.1_840 
NZ_AP019799.1_1081 
NZ_AP019799.1_1302 
NZ_AP019799.1_172 
NZ_AP019800.1_241 
NZ_AP019800.1_37 
NZ_AP019798.1_1659 
NZ_AP019798.1_1780 
NZ_AP019798.1_1950 
NZ_AP019798.1_2895 
NZ_AP019798.1_367 
NZ_AP019798.1_689 
NZ_AP019799.1_1494 
NZ_AP019798.1_2132 
NZ_AP019798.1_2725 
NZ_AP019798.1_66 
NZ_AP019798.1_89 
NZ_AP019799.1_1025 
NZ_AP019799.1_710 
NZ_AP019799.1_784 
NZ_AP019799.1_931 
NZ_AP019798.1_2375 
NZ_AP019798.1_2566 
NZ_AP019798.1_3051 
NZ_AP019798.1_486 
NZ_AP019798.1_586 
NZ_AP019798.1_695 
NZ_AP019799.1_1130 
NZ_AP019799.1_581 
NZ_AP019800.1_220 
NZ_AP019798.1_1755 
NZ_AP019798.1_1908 
NZ_AP019798.1_2377 
NZ_AP019798.1_2410 
NZ_AP019798.1_408 
NZ_AP019799.1_1804 
NZ_AP019799.1_979 
NZ_AP019800.1_148 
NZ_AP019800.1_202 
NZ_AP019798.1_1296 
NZ_AP019798.1_1364 
NZ_AP019798.1_1512 
NZ_AP019798.1_154 
NZ_AP019798.1_1561 
NZ_AP019798.1_1648 
NZ_AP019798.1_1855 
NZ_AP019798.1_2521 
NZ_AP019798.1_270 
NZ_AP019798.1_870 
NZ_AP019798.1_991 
NZ_AP019799.1_1550 
NZ_AP019799.1_65 
NZ_AP019799.1_751 
NZ_AP019799.1_836 
NZ_AP019800.1_182 
NZ_AP019798.1_1273 
NZ_AP019798.1_202 
NZ_AP019798.1_2402 
NZ_AP019798.1_2530 
NZ_AP019798.1_2993 
NZ_AP019798.1_357 
NZ_AP019798.1_792 
NZ_AP019798.1_826 
NZ_AP019799.1_1695 
NZ_AP019798.1_1073 
NZ_AP019798.1_1949 
NZ_AP019798.1_2739 
NZ_AP019798.1_888 
NZ_AP019799.1_1256 
NZ_AP019799.1_1363 
NZ_AP019798.1_148 
NZ_AP019798.1_1606 
NZ_AP019798.1_3075 
NZ_AP019798.1_382 
NZ_AP019798.1_682 
NZ_AP019800.1_11 
NZ_AP019798.1_1002 
NZ_AP019798.1_1098 
NZ_AP019798.1_1792 
NZ_AP019798.1_2986 
NZ_AP019798.1_830 
NZ_AP019798.1_2235 
NZ_AP019798.1_2255 
NZ_AP019798.1_2359 
NZ_AP019798.1_2643 
NZ_AP019799.1_1092 
NZ_AP019800.1_251 
NZ_AP019798.1_1433 
NZ_AP019798.1_1549 
NZ_AP019798.1_198 
NZ_AP019798.1_2700 
NZ_AP019798.1_829 
NZ_AP019799.1_222 
NZ_AP019800.1_260 
NZ_AP019798.1_109 
NZ_AP019799.1_1761 
NZ_AP019799.1_190 
NZ_AP019798.1_1503 
NZ_AP019798.1_1668 
NZ_AP019798.1_895 
NZ_AP019799.1_1786 
NZ_AP019799.1_972 
NZ_AP019800.1_88 
NZ_AP019798.1_2139 
NZ_AP019798.1_2148 
NZ_AP019798.1_2279 
NZ_AP019798.1_2541 
NZ_AP019798.1_3034 
NZ_AP019798.1_587 
NZ_AP019798.1_969 
NZ_AP019799.1_1312 
NZ_AP019799.1_755 
NZ_AP019800.1_225 
NZ_AP019798.1_1008 
NZ_AP019798.1_1595 
NZ_AP019798.1_1676 
NZ_AP019798.1_2538 
NZ_AP019798.1_490 
NZ_AP019799.1_1219 
NZ_AP019799.1_319 
NZ_AP019799.1_796 
NZ_AP019798.1_1056 
NZ_AP019798.1_1909 
NZ_AP019798.1_427 
NZ_AP019798.1_781 
NZ_AP019799.1_1548 
NZ_AP019800.1_139 
NZ_AP019798.1_1378 
NZ_AP019798.1_1842 
NZ_AP019798.1_2045 
NZ_AP019798.1_2150 
NZ_AP019798.1_971 
NZ_AP019799.1_1507 
NZ_AP019799.1_1704 
NZ_AP019799.1_255 
NZ_AP019798.1_1515 
NZ_AP019798.1_1940 
NZ_AP019798.1_2129 
NZ_AP019798.1_2257 
NZ_AP019798.1_2578 
NZ_AP019798.1_2579 
NZ_AP019798.1_2617 
NZ_AP019798.1_2957 
NZ_AP019799.1_1745 
NZ_AP019800.1_194 
NZ_AP019800.1_218 
NZ_AP019798.1_2259 
NZ_AP019798.1_557 
NZ_AP019798.1_559 
NZ_AP019799.1_1343 
NZ_AP019798.1_1049 
NZ_AP019798.1_1758 
NZ_AP019798.1_2270 
NZ_AP019798.1_2664 
NZ_AP019798.1_889 
NZ_AP019799.1_121 
NZ_AP019799.1_418 
NZ_AP019799.1_791 
NZ_AP019799.1_923 
NZ_AP019798.1_153 
NZ_AP019798.1_216 
NZ_AP019798.1_2319 
NZ_AP019798.1_402 
NZ_AP019799.1_1233 
NZ_AP019799.1_31 
NZ_AP019798.1_1096 
NZ_AP019798.1_2632 
NZ_AP019798.1_388 
NZ_AP019798.1_601 
NZ_AP019799.1_1010 
NZ_AP019799.1_1315 
NZ_AP019799.1_957 
NZ_AP019798.1_1573 
NZ_AP019798.1_1719 
NZ_AP019798.1_1727 
NZ_AP019798.1_187 
NZ_AP019798.1_230 
NZ_AP019798.1_2513 
NZ_AP019798.1_2955 
NZ_AP019799.1_1089 
NZ_AP019799.1_1217 
NZ_AP019799.1_1387 
NZ_AP019799.1_1425 
NZ_AP019799.1_908 
NZ_AP019798.1_205 
NZ_AP019798.1_2431 
NZ_AP019798.1_2967 
NZ_AP019799.1_125 
NZ_AP019799.1_1333 
NZ_AP019799.1_269 
NZ_AP019799.1_533 
NZ_AP019799.1_818 
NZ_AP019800.1_161 
NZ_AP019800.1_213 
NZ_AP019798.1_1032 
NZ_AP019798.1_1174 
NZ_AP019798.1_2569 
NZ_AP019798.1_2623 
NZ_AP019798.1_331 
NZ_AP019798.1_759 
NZ_AP019799.1_947 
NZ_AP019800.1_109 
NZ_AP019800.1_171 
NZ_AP019798.1_1217 
NZ_AP019798.1_1737 
NZ_AP019798.1_1775 
NZ_AP019798.1_2395 
NZ_AP019798.1_764 
NZ_AP019799.1_1007 
NZ_AP019799.1_1011 
NZ_AP019799.1_626 
NZ_AP019799.1_688 
NZ_AP019798.1_1371 
NZ_AP019798.1_1845 
NZ_AP019799.1_1295 
NZ_AP019799.1_496 
NZ_AP019799.1_653 
NZ_AP019798.1_1031 
NZ_AP019798.1_1608 
NZ_AP019798.1_1952 
NZ_AP019798.1_2901 
NZ_AP019798.1_854 
NZ_AP019800.1_45 
NZ_AP019798.1_1068 
NZ_AP019798.1_1444 
NZ_AP019798.1_1542 
NZ_AP019798.1_1748 
NZ_AP019798.1_2093 
NZ_AP019798.1_2189 
NZ_AP019798.1_220 
NZ_AP019798.1_2888 
NZ_AP019798.1_292 
NZ_AP019798.1_582 
NZ_AP019798.1_61 
NZ_AP019799.1_1684 
NZ_AP019799.1_534 
NZ_AP019798.1_1041 
NZ_AP019798.1_2273 
NZ_AP019798.1_2616 
NZ_AP019798.1_913 
NZ_AP019799.1_1140 
NZ_AP019799.1_372 
NZ_AP019800.1_2 
NZ_AP019798.1_1960 
NZ_AP019798.1_2417 
NZ_AP019798.1_2602 
NZ_AP019798.1_2963 
NZ_AP019799.1_1132 
NZ_AP019798.1_1784 
NZ_AP019798.1_221 
NZ_AP019798.1_3036 
NZ_AP019799.1_1238 
NZ_AP019799.1_221 
NZ_AP019799.1_94 
NZ_AP019798.1_1328 
NZ_AP019798.1_1362 
NZ_AP019798.1_2238 
NZ_AP019798.1_2803 
NZ_AP019800.1_33 
NZ_AP019800.1_39 
NZ_AP019798.1_1370 
NZ_AP019798.1_1683 
NZ_AP019798.1_1717 
NZ_AP019798.1_1933 
NZ_AP019798.1_2840 
NZ_AP019798.1_2915 
NZ_AP019799.1_1112 
NZ_AP019799.1_1318 
NZ_AP019799.1_189 
NZ_AP019799.1_314 
NZ_AP019800.1_189 
NZ_AP019798.1_1415 
NZ_AP019798.1_1783 
NZ_AP019798.1_1957 
NZ_AP019798.1_406 
NZ_AP019798.1_482 
NZ_AP019798.1_503 
NZ_AP019799.1_1692 
NZ_AP019799.1_4 
NZ_AP019800.1_56 
NZ_AP019798.1_144 
NZ_AP019798.1_1502 
NZ_AP019798.1_1751 
NZ_AP019798.1_1856 
NZ_AP019798.1_2581 
NZ_AP019798.1_699 
NZ_AP019799.1_1215 
NZ_AP019799.1_1309 
NZ_AP019799.1_506 
NZ_AP019800.1_157 
NZ_AP019800.1_5 
NZ_AP019798.1_2975 
NZ_AP019798.1_930 
NZ_AP019799.1_1439 
NZ_AP019798.1_1061 
NZ_AP019798.1_1879 
NZ_AP019798.1_2745 
NZ_AP019799.1_252 
NZ_AP019799.1_521 
NZ_AP019799.1_7 
NZ_AP019800.1_10 
NZ_AP019800.1_3 
NZ_AP019798.1_1237 
NZ_AP019798.1_1383 
NZ_AP019798.1_1443 
NZ_AP019798.1_1850 
NZ_AP019798.1_2140 
NZ_AP019798.1_2207 
NZ_AP019798.1_2275 
NZ_AP019798.1_2524 
NZ_AP019798.1_2729 
NZ_AP019799.1_1588 
NZ_AP019799.1_696 
NZ_AP019799.1_920 
NZ_AP019798.1_1007 
NZ_AP019798.1_1475 
NZ_AP019798.1_2648 
NZ_AP019799.1_1084 
NZ_AP019798.1_1385 
NZ_AP019798.1_1457 
NZ_AP019798.1_1507 
NZ_AP019798.1_1834 
NZ_AP019798.1_2383 
NZ_AP019798.1_708 
NZ_AP019798.1_862 
NZ_AP019798.1_925 
NZ_AP019799.1_148 
NZ_AP019799.1_1582 
NZ_AP019799.1_726 
NZ_AP019798.1_115 
NZ_AP019798.1_2298 
NZ_AP019798.1_380 
NZ_AP019798.1_479 
NZ_AP019799.1_1428 
NZ_AP019798.1_1800 
NZ_AP019798.1_2600 
NZ_AP019798.1_746 
NZ_AP019799.1_1561 
NZ_AP019799.1_1663 
NZ_AP019799.1_1807 
NZ_AP019799.1_729 
NZ_AP019798.1_1904 
NZ_AP019798.1_3018 
NZ_AP019798.1_523 
NZ_AP019799.1_1549 
NZ_AP019799.1_1578 
NZ_AP019799.1_353 
NZ_AP019799.1_477 
NZ_AP019799.1_612 
NZ_AP019799.1_677 
NZ_AP019799.1_792 
NZ_AP019800.1_76 
NZ_AP019798.1_1754 
NZ_AP019798.1_2058 
NZ_AP019798.1_2712 
NZ_AP019798.1_413 
NZ_AP019799.1_1077 
NZ_AP019799.1_1524 
NZ_AP019799.1_1678 
NZ_AP019799.1_284 
NZ_AP019799.1_95 
NZ_AP019799.1_966 
NZ_AP019800.1_21 
NZ_AP019798.1_1044 
NZ_AP019798.1_1228 
NZ_AP019798.1_2380 
NZ_AP019799.1_1755 
NZ_AP019799.1_239 
NZ_AP019799.1_435 
NZ_AP019799.1_590 
NZ_AP019800.1_84 
NZ_AP019798.1_1111 
NZ_AP019798.1_2036 
NZ_AP019798.1_584 
NZ_AP019798.1_811 
NZ_AP019799.1_965 
NZ_AP019798.1_1249 
NZ_AP019798.1_129 
NZ_AP019798.1_1599 
NZ_AP019798.1_188 
NZ_AP019798.1_1993 
NZ_AP019798.1_2032 
NZ_AP019798.1_2919 
NZ_AP019798.1_654 
NZ_AP019799.1_1638 
NZ_AP019799.1_934 
NZ_AP019800.1_137 
NZ_AP019798.1_117 
NZ_AP019798.1_1900 
NZ_AP019798.1_2030 
NZ_AP019798.1_2245 
NZ_AP019798.1_2586 
NZ_AP019798.1_2668 
NZ_AP019798.1_3017 
NZ_AP019798.1_343 
NZ_AP019798.1_730 
NZ_AP019798.1_755 
NZ_AP019799.1_104 
NZ_AP019799.1_138 
NZ_AP019799.1_1697 
NZ_AP019799.1_259 
NZ_AP019800.1_110 
NZ_AP019798.1_105 
NZ_AP019798.1_1907 
NZ_AP019798.1_2427 
NZ_AP019798.1_2808 
NZ_AP019798.1_2834 
NZ_AP019798.1_3065 
NZ_AP019798.1_428 
NZ_AP019798.1_488 
NZ_AP019799.1_1116 
NZ_AP019799.1_1639 
NZ_AP019798.1_1332 
NZ_AP019798.1_1526 
NZ_AP019798.1_168 
NZ_AP019798.1_1974 
NZ_AP019798.1_2334 
NZ_AP019798.1_252 
NZ_AP019798.1_2795 
NZ_AP019798.1_2871 
NZ_AP019798.1_919 
NZ_AP019799.1_154 
NZ_AP019799.1_1777 
NZ_AP019799.1_289 
NZ_AP019798.1_1276 
NZ_AP019798.1_1624 
NZ_AP019798.1_2041 
NZ_AP019798.1_2476 
NZ_AP019798.1_286 
NZ_AP019798.1_879 
NZ_AP019799.1_1187 
NZ_AP019799.1_1629 
NZ_AP019799.1_519 
NZ_AP019799.1_698 
NZ_AP019799.1_896 
NZ_AP019799.1_974 
NZ_AP019798.1_1105 
NZ_AP019798.1_1473 
NZ_AP019798.1_1826 
NZ_AP019798.1_1943 
NZ_AP019798.1_2225 
NZ_AP019798.1_2565 
NZ_AP019798.1_935 
NZ_AP019799.1_263 
NZ_AP019799.1_543 
NZ_AP019798.1_1219 
NZ_AP019798.1_1528 
NZ_AP019798.1_166 
NZ_AP019798.1_20 
NZ_AP019798.1_686 
NZ_AP019799.1_119 
NZ_AP019799.1_1585 
NZ_AP019798.1_1194 
NZ_AP019798.1_2938 
NZ_AP019798.1_310 
NZ_AP019799.1_1611 
NZ_AP019799.1_1769 
NZ_AP019799.1_180 
NZ_AP019799.1_270 
NZ_AP019799.1_899 
NZ_AP019800.1_125 
NZ_AP019798.1_1622 
NZ_AP019798.1_1921 
NZ_AP019798.1_325 
NZ_AP019798.1_896 
NZ_AP019798.1_942 
NZ_AP019799.1_1545 
NZ_AP019799.1_574 
NZ_AP019799.1_9 
NZ_AP019800.1_116 
NZ_AP019798.1_1743 
NZ_AP019798.1_1910 
NZ_AP019798.1_2526 
NZ_AP019798.1_2537 
NZ_AP019798.1_274 
NZ_AP019798.1_3027 
NZ_AP019798.1_616 
NZ_AP019799.1_1674 
NZ_AP019799.1_387 
NZ_AP019799.1_508 
NZ_AP019799.1_512 
NZ_AP019799.1_877 
NZ_AP019799.1_922 
NZ_AP019798.1_1084 
NZ_AP019798.1_1344 
NZ_AP019798.1_1747 
NZ_AP019798.1_1860 
NZ_AP019798.1_396 
NZ_AP019798.1_404 
NZ_AP019798.1_52 
NZ_AP019798.1_877 
NZ_AP019799.1_72 
NZ_AP019799.1_856 
NZ_AP019798.1_2000 
NZ_AP019799.1_1404 
NZ_AP019799.1_545 
NZ_AP019798.1_1991 
NZ_AP019798.1_2371 
NZ_AP019799.1_1158 
NZ_AP019799.1_1410 
NZ_AP019799.1_997 
NZ_AP019798.1_1222 
NZ_AP019798.1_1274 
NZ_AP019798.1_2409 
NZ_AP019798.1_2628 
NZ_AP019798.1_287 
NZ_AP019798.1_368 
NZ_AP019799.1_1177 
NZ_AP019799.1_462 
NZ_AP019798.1_142 
NZ_AP019798.1_1711 
NZ_AP019798.1_2094 
NZ_AP019798.1_2304 
NZ_AP019798.1_2934 
NZ_AP019798.1_637 
NZ_AP019798.1_67 
NZ_AP019799.1_1108 
NZ_AP019799.1_1617 
NZ_AP019799.1_1656 
NZ_AP019799.1_913 
NZ_AP019798.1_2301 
NZ_AP019798.1_2391 
NZ_AP019798.1_2953 
NZ_AP019798.1_315 
NZ_AP019798.1_648 
NZ_AP019798.1_850 
NZ_AP019798.1_872 
NZ_AP019798.1_96 
NZ_AP019799.1_1227 
NZ_AP019799.1_151 
NZ_AP019799.1_178 
NZ_AP019800.1_67 
NZ_AP019798.1_1924 
NZ_AP019798.1_2027 
NZ_AP019798.1_2104 
NZ_AP019798.1_2599 
NZ_AP019798.1_2752 
NZ_AP019798.1_627 
NZ_AP019799.1_1259 
NZ_AP019799.1_623 
NZ_AP019799.1_815 
NZ_AP019798.1_190 
NZ_AP019798.1_1967 
NZ_AP019798.1_425 
NZ_AP019798.1_727 
NZ_AP019798.1_955 
NZ_AP019798.1_984 
NZ_AP019799.1_1040 
NZ_AP019799.1_1433 
NZ_AP019799.1_425 
NZ_AP019799.1_499 
NZ_AP019799.1_99 
NZ_AP019800.1_100 
NZ_AP019800.1_118 
NZ_AP019800.1_207 
NZ_AP019798.1_125 
NZ_AP019798.1_1544 
NZ_AP019798.1_1701 
NZ_AP019798.1_2426 
NZ_AP019798.1_243 
NZ_AP019798.1_2753 
NZ_AP019798.1_2891 
NZ_AP019799.1_572 
NZ_AP019799.1_738 
NZ_AP019798.1_1346 
NZ_AP019798.1_152 
NZ_AP019798.1_1631 
NZ_AP019798.1_1702 
NZ_AP019798.1_2299 
NZ_AP019798.1_2936 
NZ_AP019798.1_416 
NZ_AP019798.1_944 
NZ_AP019799.1_1497 
NZ_AP019800.1_134 
NZ_AP019800.1_64 
NZ_AP019798.1_1628 
NZ_AP019798.1_1673 
NZ_AP019798.1_1735 
NZ_AP019798.1_35 
NZ_AP019798.1_430 
NZ_AP019799.1_395 
NZ_AP019798.1_1593 
NZ_AP019798.1_1901 
NZ_AP019798.1_2597 
NZ_AP019798.1_2701 
NZ_AP019799.1_1263 
NZ_AP019799.1_1599 
NZ_AP019799.1_1646 
NZ_AP019800.1_219 
NZ_AP019798.1_1736 
NZ_AP019798.1_2250 
NZ_AP019798.1_961 
NZ_AP019799.1_1643 
NZ_AP019799.1_388 
NZ_AP019798.1_2221 
NZ_AP019798.1_2421 
NZ_AP019798.1_2893 
NZ_AP019798.1_319 
NZ_AP019799.1_1753 
NZ_AP019799.1_196 
NZ_AP019800.1_177 
NZ_AP019798.1_1077 
NZ_AP019798.1_1127 
NZ_AP019798.1_151 
NZ_AP019798.1_2295 
NZ_AP019798.1_3008 
NZ_AP019798.1_993 
NZ_AP019799.1_1456 
NZ_AP019799.1_157 
NZ_AP019800.1_31 
NZ_AP019798.1_1198 
NZ_AP019798.1_1212 
NZ_AP019798.1_1375 
NZ_AP019798.1_2843 
NZ_AP019799.1_1107 
NZ_AP019799.1_604 
NZ_AP019799.1_661 
NZ_AP019798.1_1181 
NZ_AP019798.1_1638 
NZ_AP019798.1_1677 
NZ_AP019798.1_1680 
NZ_AP019798.1_2128 
NZ_AP019798.1_2548 
NZ_AP019798.1_2619 
NZ_AP019798.1_2674 
NZ_AP019798.1_2846 
NZ_AP019798.1_515 
NZ_AP019798.1_899 
NZ_AP019799.1_1005 
NZ_AP019799.1_1587 
NZ_AP019799.1_610 
NZ_AP019799.1_739 
NZ_AP019798.1_1391 
NZ_AP019798.1_1873 
NZ_AP019798.1_2428 
NZ_AP019798.1_885 
NZ_AP019799.1_40 
NZ_AP019799.1_473 
NZ_AP019799.1_60 
NZ_AP019798.1_1205 
NZ_AP019798.1_2256 
NZ_AP019798.1_2625 
NZ_AP019798.1_3005 
NZ_AP019798.1_856 
NZ_AP019799.1_1324 
NZ_AP019799.1_167 
NZ_AP019798.1_10 
NZ_AP019798.1_1220 
NZ_AP019798.1_1667 
NZ_AP019799.1_1609 
NZ_AP019798.1_128 
NZ_AP019798.1_233 
NZ_AP019798.1_2436 
NZ_AP019798.1_2531 
NZ_AP019798.1_280 
NZ_AP019798.1_333 
NZ_AP019798.1_483 
NZ_AP019798.1_701 
NZ_AP019798.1_941 
NZ_AP019799.1_1297 
NZ_AP019799.1_1413 
NZ_AP019799.1_1723 
NZ_AP019799.1_443 
NZ_AP019799.1_892 
NZ_AP019800.1_165 
NZ_AP019800.1_42 
NZ_AP019798.1_1234 
NZ_AP019798.1_1287 
NZ_AP019798.1_1395 
NZ_AP019798.1_2064 
NZ_AP019798.1_2384 
NZ_AP019798.1_2542 
NZ_AP019798.1_2903 
NZ_AP019798.1_373 
NZ_AP019798.1_990 
NZ_AP019799.1_1067 
NZ_AP019799.1_1390 
NZ_AP019799.1_1615 
NZ_AP019799.1_422 
NZ_AP019798.1_1019 
NZ_AP019798.1_1337 
NZ_AP019798.1_1768 
NZ_AP019798.1_2097 
NZ_AP019798.1_281 
NZ_AP019798.1_2820 
NZ_AP019798.1_694 
NZ_AP019798.1_805 
NZ_AP019799.1_1543 
NZ_AP019799.1_1781 
NZ_AP019799.1_816 
NZ_AP019800.1_214 
NZ_AP019798.1_1161 
NZ_AP019798.1_118 
NZ_AP019798.1_1479 
NZ_AP019798.1_2193 
NZ_AP019798.1_827 
NZ_AP019799.1_1780 
NZ_AP019799.1_694 
NZ_AP019798.1_1240 
NZ_AP019798.1_1710 
NZ_AP019798.1_2766 
NZ_AP019798.1_298 
NZ_AP019798.1_663 
NZ_AP019798.1_986 
NZ_AP019799.1_1105 
NZ_AP019799.1_1141 
NZ_AP019799.1_131 
NZ_AP019799.1_1407 
NZ_AP019799.1_1499 
NZ_AP019799.1_156 
NZ_AP019799.1_35 
NZ_AP019799.1_895 
NZ_AP019800.1_193 
NZ_AP019800.1_81 
NZ_AP019800.1_87 
NZ_AP019798.1_1923 
NZ_AP019798.1_1999 
NZ_AP019798.1_234 
NZ_AP019798.1_2418 
NZ_AP019799.1_1632 
NZ_AP019799.1_495 
NZ_AP019799.1_529 
NZ_AP019799.1_66 
NZ_AP019799.1_79 
NZ_AP019799.1_945 
NZ_AP019798.1_1302 
NZ_AP019798.1_1315 
NZ_AP019798.1_1571 
NZ_AP019798.1_1744 
NZ_AP019798.1_2386 
NZ_AP019798.1_301 
NZ_AP019798.1_3058 
NZ_AP019798.1_340 
NZ_AP019798.1_553 
NZ_AP019799.1_1493 
NZ_AP019799.1_34 
NZ_AP019799.1_547 
NZ_AP019799.1_662 
NZ_AP019799.1_998 
NZ_AP019798.1_1334 
NZ_AP019798.1_1607 
NZ_AP019798.1_1655 
NZ_AP019798.1_2116 
NZ_AP019798.1_3031 
NZ_AP019798.1_902 
NZ_AP019799.1_1003 
NZ_AP019799.1_1819 
NZ_AP019799.1_530 
NZ_AP019799.1_607 
NZ_AP019799.1_618 
NZ_AP019798.1_22 
NZ_AP019798.1_2457 
NZ_AP019798.1_70 
NZ_AP019799.1_1122 
NZ_AP019799.1_351 
NZ_AP019799.1_563 
NZ_AP019799.1_605 
NZ_AP019798.1_1137 
NZ_AP019798.1_1984 
NZ_AP019798.1_2684 
NZ_AP019799.1_912 
NZ_AP019800.1_180 
NZ_AP019800.1_90 
NZ_AP019798.1_1059 
NZ_AP019798.1_50 
NZ_AP019798.1_847 
NZ_AP019799.1_2 
NZ_AP019799.1_350 
NZ_AP019799.1_702 
NZ_AP019800.1_51 
NZ_AP019798.1_1485 
NZ_AP019798.1_1690 
NZ_AP019798.1_2196 
NZ_AP019798.1_2547 
NZ_AP019798.1_2749 
NZ_AP019798.1_2857 
NZ_AP019798.1_504 
NZ_AP019799.1_1061 
NZ_AP019799.1_1311 
NZ_AP019799.1_1506 
NZ_AP019799.1_1528 
NZ_AP019799.1_787 
NZ_AP019800.1_240 
NZ_AP019798.1_1724 
NZ_AP019798.1_1844 
NZ_AP019798.1_2751 
NZ_AP019798.1_54 
NZ_AP019798.1_606 
NZ_AP019798.1_808 
NZ_AP019799.1_614 
NZ_AP019800.1_152 
NZ_AP019800.1_212 
NZ_AP019800.1_91 
NZ_AP019798.1_1134 
NZ_AP019798.1_1209 
NZ_AP019798.1_1817 
NZ_AP019798.1_1925 
NZ_AP019798.1_2020 
NZ_AP019798.1_2203 
NZ_AP019798.1_2234 
NZ_AP019798.1_2414 
NZ_AP019798.1_653 
NZ_AP019798.1_717 
NZ_AP019799.1_272 
NZ_AP019799.1_779 
NZ_AP019799.1_983 
NZ_AP019798.1_1146 
NZ_AP019798.1_1660 
NZ_AP019798.1_272 
NZ_AP019798.1_2852 
NZ_AP019798.1_776 
NZ_AP019798.1_997 
NZ_AP019799.1_1004 
NZ_AP019799.1_146 
NZ_AP019800.1_22 
NZ_AP019798.1_2267 
NZ_AP019798.1_2392 
NZ_AP019798.1_512 
NZ_AP019798.1_535 
NZ_AP019798.1_753 
NZ_AP019799.1_1193 
NZ_AP019799.1_1409 
NZ_AP019798.1_1906 
NZ_AP019798.1_2044 
NZ_AP019798.1_2456 
NZ_AP019798.1_2926 
NZ_AP019798.1_303 
NZ_AP019798.1_678 
NZ_AP019798.1_823 
NZ_AP019799.1_1037 
NZ_AP019799.1_1283 
NZ_AP019799.1_531 
NZ_AP019799.1_929 
NZ_AP019798.1_1006 
NZ_AP019798.1_1771 
NZ_AP019798.1_2161 
NZ_AP019798.1_228 
NZ_AP019799.1_752 
NZ_AP019799.1_928 
NZ_AP019800.1_102 
NZ_AP019798.1_1278 
NZ_AP019798.1_1547 
NZ_AP019798.1_2199 
NZ_AP019798.1_2615 
NZ_AP019798.1_2845 
NZ_AP019799.1_1344 
NZ_AP019799.1_184 
NZ_AP019799.1_759 
NZ_AP019799.1_773 
NZ_AP019800.1_71 
NZ_AP019798.1_1372 
NZ_AP019798.1_1373 
NZ_AP019798.1_1559 
NZ_AP019798.1_2143 
NZ_AP019798.1_2675 
NZ_AP019798.1_2900 
NZ_AP019798.1_2944 
NZ_AP019798.1_313 
NZ_AP019798.1_328 
NZ_AP019798.1_378 
NZ_AP019798.1_814 
NZ_AP019799.1_110 
NZ_AP019799.1_649 
NZ_AP019799.1_831 
NZ_AP019799.1_86 
NZ_AP019798.1_1465 
NZ_AP019798.1_147 
NZ_AP019798.1_2103 
NZ_AP019798.1_2142 
NZ_AP019798.1_2361 
NZ_AP019798.1_358 
NZ_AP019799.1_1279 
NZ_AP019799.1_950 
NZ_AP019800.1_34 
NZ_AP019798.1_119 
NZ_AP019798.1_1694 
NZ_AP019798.1_2669 
NZ_AP019798.1_2695 
NZ_AP019799.1_1001 
NZ_AP019799.1_1427 
NZ_AP019799.1_322 
NZ_AP019799.1_631 
NZ_AP019798.1_1629 
NZ_AP019798.1_2137 
NZ_AP019798.1_2183 
NZ_AP019798.1_2865 
NZ_AP019798.1_2896 
NZ_AP019798.1_3006 
NZ_AP019798.1_640 
NZ_AP019799.1_1822 
NZ_AP019799.1_249 
NZ_AP019799.1_740 
NZ_AP019799.1_817 
NZ_AP019800.1_47 
NZ_AP019800.1_96 
NZ_AP019798.1_1202 
NZ_AP019798.1_1361 
NZ_AP019798.1_1393 
NZ_AP019798.1_1463 
NZ_AP019798.1_1518 
NZ_AP019798.1_199 
NZ_AP019798.1_2561 
NZ_AP019798.1_260 
NZ_AP019798.1_2605 
NZ_AP019798.1_644 
NZ_AP019799.1_1047 
NZ_AP019799.1_1403 
NZ_AP019799.1_235 
NZ_AP019799.1_546 
NZ_AP019799.1_703 
NZ_AP019799.1_728 
NZ_AP019799.1_909 
NZ_AP019798.1_1400 
NZ_AP019798.1_1428 
NZ_AP019798.1_1657 
NZ_AP019798.1_2280 
NZ_AP019798.1_2649 
NZ_AP019798.1_2791 
NZ_AP019798.1_2856 
NZ_AP019798.1_3009 
NZ_AP019798.1_359 
NZ_AP019798.1_583 
NZ_AP019799.1_1484 
NZ_AP019799.1_160 
NZ_AP019799.1_1792 
NZ_AP019799.1_1802 
NZ_AP019799.1_361 
NZ_AP019799.1_46 
NZ_AP019798.1_1244 
NZ_AP019798.1_1499 
NZ_AP019798.1_1586 
NZ_AP019798.1_1696 
NZ_AP019798.1_196 
NZ_AP019798.1_2019 
NZ_AP019798.1_2568 
NZ_AP019798.1_2772 
NZ_AP019798.1_602 
NZ_AP019799.1_1468 
NZ_AP019799.1_1589 
NZ_AP019799.1_68 
NZ_AP019799.1_82 
NZ_AP019798.1_1439 
NZ_AP019798.1_1472 
NZ_AP019798.1_1689 
NZ_AP019798.1_1700 
NZ_AP019798.1_2205 
NZ_AP019798.1_2592 
NZ_AP019798.1_475 
NZ_AP019798.1_738 
NZ_AP019799.1_133 
NZ_AP019799.1_1378 
NZ_AP019799.1_1416 
NZ_AP019799.1_1444 
NZ_AP019799.1_145 
NZ_AP019800.1_54 
NZ_AP019798.1_2559 
NZ_AP019798.1_2584 
NZ_AP019798.1_2776 
NZ_AP019798.1_2829 
NZ_AP019798.1_2951 
NZ_AP019798.1_3059 
NZ_AP019798.1_350 
NZ_AP019798.1_429 
NZ_AP019798.1_675 
NZ_AP019798.1_719 
NZ_AP019799.1_1442 
NZ_AP019799.1_231 
NZ_AP019799.1_49 
NZ_AP019799.1_55 
NZ_AP019799.1_687 
NZ_AP019799.1_73 
NZ_AP019799.1_927 
NZ_AP019800.1_176 
NZ_AP019798.1_1715 
NZ_AP019798.1_2874 
NZ_AP019798.1_676 
NZ_AP019798.1_915 
NZ_AP019799.1_1097 
NZ_AP019799.1_1207 
NZ_AP019799.1_1220 
NZ_AP019799.1_1671 
NZ_AP019800.1_126 
NZ_AP019798.1_155 
NZ_AP019798.1_1693 
NZ_AP019798.1_2123 
NZ_AP019798.1_2204 
NZ_AP019798.1_2363 
NZ_AP019798.1_2818 
NZ_AP019798.1_64 
NZ_AP019798.1_722 
NZ_AP019798.1_875 
NZ_AP019799.1_832 
NZ_AP019800.1_127 
NZ_AP019798.1_1079 
NZ_AP019798.1_1614 
NZ_AP019798.1_1781 
NZ_AP019798.1_2551 
NZ_AP019798.1_2662 
NZ_AP019798.1_2705 
NZ_AP019798.1_2733 
NZ_AP019798.1_449 
NZ_AP019798.1_787 
NZ_AP019799.1_1426 
NZ_AP019799.1_365 
NZ_AP019799.1_953 
NZ_AP019799.1_989 
NZ_AP019798.1_1552 
NZ_AP019798.1_2702 
NZ_AP019798.1_56 
NZ_AP019799.1_1147 
NZ_AP019799.1_467 
NZ_AP019799.1_841 
NZ_AP019799.1_92 
NZ_AP019800.1_154 
NZ_AP019800.1_232 
NZ_AP019798.1_1763 
NZ_AP019798.1_2017 
NZ_AP019798.1_2453 
NZ_AP019798.1_2471 
NZ_AP019798.1_261 
NZ_AP019798.1_2913 
NZ_AP019798.1_2987 
NZ_AP019799.1_1430 
NZ_AP019799.1_1600 
NZ_AP019799.1_461 
NZ_AP019798.1_1117 
NZ_AP019798.1_1529 
NZ_AP019798.1_2007 
NZ_AP019798.1_2248 
NZ_AP019798.1_2455 
NZ_AP019798.1_2741 
NZ_AP019798.1_317 
NZ_AP019799.1_1 
NZ_AP019799.1_1255 
NZ_AP019799.1_1335 
NZ_AP019799.1_1487 
NZ_AP019799.1_39 
NZ_AP019799.1_48 
NZ_AP019800.1_151 
NZ_AP019798.1_1086 
NZ_AP019798.1_110 
NZ_AP019798.1_1487 
NZ_AP019798.1_1619 
NZ_AP019798.1_1990 
NZ_AP019798.1_2344 
NZ_AP019798.1_2533 
NZ_AP019798.1_2653 
NZ_AP019798.1_2873 
NZ_AP019798.1_3041 
NZ_AP019798.1_471 
NZ_AP019798.1_592 
NZ_AP019798.1_671 
NZ_AP019798.1_748 
NZ_AP019798.1_822 
NZ_AP019799.1_376 
NZ_AP019798.1_1678 
NZ_AP019798.1_1848 
NZ_AP019798.1_2309 
NZ_AP019798.1_2514 
NZ_AP019798.1_2679 
NZ_AP019798.1_880 
NZ_AP019799.1_1199 
NZ_AP019799.1_1542 
NZ_AP019799.1_408 
NZ_AP019799.1_826 
NZ_AP019800.1_6 
NZ_AP019798.1_100 
NZ_AP019798.1_1069 
NZ_AP019798.1_1555 
NZ_AP019798.1_2163 
NZ_AP019798.1_2269 
NZ_AP019798.1_258 
NZ_AP019798.1_392 
NZ_AP019798.1_414 
NZ_AP019798.1_421 
NZ_AP019798.1_641 
NZ_AP019799.1_1503 
NZ_AP019799.1_1513 
NZ_AP019799.1_933 
NZ_AP019798.1_2087 
NZ_AP019798.1_2222 
NZ_AP019798.1_2400 
NZ_AP019798.1_2589 
NZ_AP019798.1_3067 
NZ_AP019798.1_99 
NZ_AP019799.1_1365 
NZ_AP019799.1_1370 
NZ_AP019799.1_1419 
NZ_AP019799.1_323 
NZ_AP019799.1_743 
NZ_AP019799.1_800 
NZ_AP019798.1_347 
NZ_AP019798.1_5 
NZ_AP019798.1_714 
NZ_AP019799.1_1313 
NZ_AP019799.1_1607 
NZ_AP019799.1_1798 
NZ_AP019799.1_219 
NZ_AP019799.1_56 
NZ_AP019799.1_600 
NZ_AP019798.1_113 
NZ_AP019798.1_1136 
NZ_AP019798.1_131 
NZ_AP019798.1_1394 
NZ_AP019798.1_1939 
NZ_AP019798.1_2034 
NZ_AP019798.1_305 
NZ_AP019798.1_967 
NZ_AP019799.1_1184 
NZ_AP019799.1_1281 
NZ_AP019799.1_173 
NZ_AP019799.1_400 
NZ_AP019800.1_261 
NZ_AP019798.1_2387 
NZ_AP019798.1_2627 
NZ_AP019798.1_756 
NZ_AP019799.1_1525 
NZ_AP019799.1_481 
NZ_AP019798.1_1101 
NZ_AP019798.1_1151 
NZ_AP019798.1_1353 
NZ_AP019798.1_1682 
NZ_AP019798.1_1838 
NZ_AP019798.1_2175 
NZ_AP019798.1_2306 
NZ_AP019798.1_2699 
NZ_AP019798.1_2902 
NZ_AP019798.1_423 
NZ_AP019798.1_848 
NZ_AP019799.1_1737 
NZ_AP019799.1_352 
NZ_AP019799.1_689 
NZ_AP019799.1_935 
NZ_AP019800.1_257 
NZ_AP019798.1_1687 
NZ_AP019798.1_179 
NZ_AP019798.1_2447 
NZ_AP019798.1_2620 
NZ_AP019798.1_2806 
NZ_AP019798.1_611 
NZ_AP019798.1_757 
NZ_AP019798.1_85 
NZ_AP019799.1_1000 
NZ_AP019799.1_1209 
NZ_AP019799.1_234 
NZ_AP019799.1_973 
NZ_AP019800.1_114 
NZ_AP019798.1_1897 
NZ_AP019798.1_3054 
NZ_AP019798.1_37 
NZ_AP019798.1_652 
NZ_AP019798.1_742 
NZ_AP019799.1_1148 
NZ_AP019800.1_222 
NZ_AP019798.1_1067 
NZ_AP019798.1_1930 
NZ_AP019798.1_2735 
NZ_AP019798.1_974 
NZ_AP019799.1_13 
NZ_AP019799.1_472 
NZ_AP019799.1_503 
NZ_AP019799.1_828 
NZ_AP019799.1_955 
NZ_AP019800.1_50 
NZ_AP019798.1_1076 
NZ_AP019798.1_1521 
NZ_AP019798.1_1556 
NZ_AP019798.1_2658 
NZ_AP019798.1_894 
NZ_AP019798.1_906 
NZ_AP019799.1_3 
NZ_AP019799.1_635 
NZ_AP019798.1_1083 
NZ_AP019798.1_1256 
NZ_AP019798.1_1299 
NZ_AP019798.1_229 
NZ_AP019798.1_2463 
NZ_AP019798.1_455 
NZ_AP019799.1_102 
NZ_AP019799.1_217 
NZ_AP019799.1_463 
NZ_AP019799.1_535 
NZ_AP019800.1_211 
NZ_AP019798.1_2070 
NZ_AP019798.1_2927 
NZ_AP019798.1_293 
NZ_AP019799.1_1106 
NZ_AP019799.1_41 
NZ_AP019799.1_8 
NZ_AP019800.1_156 
NZ_AP019798.1_1722 
NZ_AP019798.1_1917 
NZ_AP019798.1_2468 
NZ_AP019798.1_473 
NZ_AP019798.1_656 
NZ_AP019799.1_654 
NZ_AP019798.1_1120 
NZ_AP019798.1_1491 
NZ_AP019798.1_803 
NZ_AP019799.1_389 
NZ_AP019799.1_991 
NZ_AP019800.1_26 
NZ_AP019798.1_1178 
NZ_AP019798.1_1970 
NZ_AP019799.1_1332 
NZ_AP019799.1_1336 
NZ_AP019799.1_1411 
NZ_AP019799.1_260 
NZ_AP019799.1_520 
NZ_AP019799.1_54 
NZ_AP019798.1_108 
NZ_AP019798.1_1557 
NZ_AP019798.1_1688 
NZ_AP019798.1_2454 
NZ_AP019798.1_2655 
NZ_AP019798.1_451 
NZ_AP019798.1_687 
NZ_AP019799.1_1125 
NZ_AP019799.1_1269 
NZ_AP019799.1_613 
NZ_AP019800.1_104 
NZ_AP019798.1_1630 
NZ_AP019798.1_2780 
NZ_AP019798.1_890 
NZ_AP019799.1_1044 
NZ_AP019799.1_1120 
NZ_AP019799.1_6 
NZ_AP019799.1_621 
NZ_AP019799.1_742 
NZ_AP019799.1_89 
NZ_AP019800.1_119 
NZ_AP019800.1_18 
NZ_AP019798.1_1662 
NZ_AP019798.1_1788 
NZ_AP019798.1_300 
NZ_AP019798.1_424 
NZ_AP019798.1_832 
NZ_AP019798.1_983 
NZ_AP019799.1_1441 
NZ_AP019799.1_1533 
NZ_AP019799.1_704 
NZ_AP019800.1_108 
NZ_AP019800.1_198 
NZ_AP019800.1_63 
NZ_AP019798.1_1238 
NZ_AP019798.1_143 
NZ_AP019798.1_1877 
NZ_AP019798.1_1886 
NZ_AP019798.1_2744 
NZ_AP019798.1_3062 
NZ_AP019798.1_309 
NZ_AP019798.1_668 
NZ_AP019799.1_1246 
NZ_AP019799.1_1372 
NZ_AP019799.1_570 
NZ_AP019799.1_797 
NZ_AP019800.1_188 
NZ_AP019798.1_1167 
NZ_AP019798.1_1317 
NZ_AP019798.1_1612 
NZ_AP019798.1_2158 
NZ_AP019798.1_2420 
NZ_AP019799.1_1065 
NZ_AP019799.1_1160 
NZ_AP019799.1_1170 
NZ_AP019799.1_33 
NZ_AP019798.1_1554 
NZ_AP019798.1_2262 
NZ_AP019798.1_2838 
NZ_AP019798.1_2998 
NZ_AP019798.1_604 
NZ_AP019798.1_734 
NZ_AP019799.1_1376 
NZ_AP019799.1_198 
NZ_AP019798.1_1110 
NZ_AP019798.1_1303 
NZ_AP019798.1_1643 
NZ_AP019798.1_1766 
NZ_AP019798.1_2577 
NZ_AP019798.1_2866 
NZ_AP019798.1_2904 
NZ_AP019798.1_312 
NZ_AP019798.1_361 
NZ_AP019799.1_117 
NZ_AP019800.1_166 
NZ_AP019800.1_40 
NZ_AP019798.1_1414 
NZ_AP019798.1_1791 
NZ_AP019798.1_2839 
NZ_AP019798.1_384 
NZ_AP019798.1_47 
NZ_AP019798.1_480 
NZ_AP019799.1_109 
NZ_AP019799.1_1338 
NZ_AP019799.1_1539 
NZ_AP019799.1_1568 
NZ_AP019799.1_1797 
NZ_AP019799.1_315 
NZ_AP019799.1_693 
NZ_AP019800.1_178 
NZ_AP019800.1_185 
NZ_AP019798.1_2777 
NZ_AP019798.1_84 
NZ_AP019799.1_1231 
NZ_AP019799.1_1746 
NZ_AP019799.1_84 
NZ_AP019799.1_936 
NZ_AP019798.1_1649 
NZ_AP019798.1_180 
NZ_AP019798.1_296 
NZ_AP019799.1_1058 
NZ_AP019799.1_1392 
NZ_AP019799.1_1517 
NZ_AP019799.1_224 
NZ_AP019799.1_596 
NZ_AP019799.1_732 
NZ_AP019799.1_838 
NZ_AP019799.1_988 
NZ_AP019800.1_57 
NZ_AP019798.1_2434 
NZ_AP019798.1_2507 
NZ_AP019798.1_2899 
NZ_AP019798.1_432 
NZ_AP019798.1_549 
NZ_AP019799.1_1498 
NZ_AP019799.1_213 
NZ_AP019799.1_404 
NZ_AP019799.1_577 
NZ_AP019799.1_943 
NZ_AP019798.1_1301 
NZ_AP019798.1_1656 
NZ_AP019798.1_2918 
NZ_AP019798.1_2939 
NZ_AP019799.1_1375 
NZ_AP019800.1_15 
NZ_AP019798.1_1259 
NZ_AP019798.1_867 
NZ_AP019799.1_1288 
NZ_AP019799.1_789 
NZ_AP019799.1_810 
NZ_AP019799.1_999 
NZ_AP019800.1_181 
NZ_AP019798.1_2079 
NZ_AP019798.1_397 
NZ_AP019798.1_463 
NZ_AP019798.1_643 
NZ_AP019798.1_883 
NZ_AP019799.1_1299 
NZ_AP019799.1_1547 
NZ_AP019799.1_1779 
NZ_AP019799.1_714 
NZ_AP019799.1_830 
NZ_AP019799.1_98 
NZ_AP019800.1_228 
NZ_AP019798.1_1494 
NZ_AP019798.1_2779 
NZ_AP019798.1_308 
NZ_AP019798.1_642 
NZ_AP019799.1_1710 
NZ_AP019799.1_427 
NZ_AP019799.1_793 
NZ_AP019799.1_911 
NZ_AP019800.1_197 
NZ_AP019798.1_1148 
NZ_AP019798.1_1446 
NZ_AP019798.1_1588 
NZ_AP019798.1_1769 
NZ_AP019798.1_2184 
NZ_AP019798.1_2540 
NZ_AP019798.1_302 
NZ_AP019799.1_1051 
NZ_AP019800.1_106 
NZ_AP019800.1_25 
NZ_AP019800.1_85 
NZ_AP019798.1_1339 
NZ_AP019798.1_2187 
NZ_AP019798.1_2220 
NZ_AP019798.1_802 
NZ_AP019798.1_981 
NZ_AP019799.1_271 
NZ_AP019799.1_80 
NZ_AP019799.1_813 
NZ_AP019798.1_1152 
NZ_AP019798.1_1697 
NZ_AP019798.1_184 
NZ_AP019798.1_2073 
NZ_AP019798.1_2098 
NZ_AP019798.1_2415 
NZ_AP019798.1_271 
NZ_AP019798.1_338 
NZ_AP019799.1_1596 
NZ_AP019799.1_514 
NZ_AP019799.1_766 
NZ_AP019799.1_788 
NZ_AP019800.1_142 
NZ_AP019800.1_17 
NZ_AP019800.1_186 
NZ_AP019798.1_1427 
NZ_AP019798.1_1658 
NZ_AP019798.1_2023 
NZ_AP019798.1_83 
NZ_AP019798.1_833 
NZ_AP019798.1_897 
NZ_AP019799.1_1123 
NZ_AP019799.1_1640 
NZ_AP019799.1_1690 
NZ_AP019799.1_875 
NZ_AP019798.1_2397 
NZ_AP019798.1_2472 
NZ_AP019798.1_3042 
NZ_AP019799.1_1434 
NZ_AP019799.1_1496 
NZ_AP019799.1_1627 
NZ_AP019800.1_196 
NZ_AP019798.1_1113 
NZ_AP019798.1_1386 
NZ_AP019798.1_608 
NZ_AP019799.1_1565 
NZ_AP019799.1_1688 
NZ_AP019799.1_331 
NZ_AP019799.1_586 
NZ_AP019799.1_871 
NZ_AP019800.1_195 
NZ_AP019800.1_209 
NZ_AP019798.1_1100 
NZ_AP019798.1_1319 
NZ_AP019798.1_2042 
NZ_AP019798.1_2946 
NZ_AP019799.1_1408 
NZ_AP019799.1_1772 
NZ_AP019799.1_381 
NZ_AP019799.1_406 
NZ_AP019799.1_436 
NZ_AP019799.1_632 
NZ_AP019800.1_153 
NZ_AP019798.1_2335 
NZ_AP019798.1_2711 
NZ_AP019798.1_273 
NZ_AP019798.1_291 
NZ_AP019798.1_568 
NZ_AP019799.1_1437 
NZ_AP019799.1_1681 
NZ_AP019799.1_177 
NZ_AP019800.1_48 
NZ_AP019798.1_1396 
NZ_AP019798.1_1456 
NZ_AP019798.1_2095 
NZ_AP019798.1_2940 
NZ_AP019798.1_48 
NZ_AP019798.1_542 
NZ_AP019798.1_597 
NZ_AP019799.1_83 
NZ_AP019799.1_833 
NZ_AP019798.1_1489 
NZ_AP019798.1_2408 
NZ_AP019799.1_1070 
NZ_AP019799.1_1556 
NZ_AP019800.1_32 
NZ_AP019798.1_1623 
NZ_AP019798.1_1738 
NZ_AP019798.1_3070 
NZ_AP019798.1_71 
NZ_AP019798.1_81 
NZ_AP019798.1_97 
NZ_AP019798.1_972 
NZ_AP019799.1_1275 
NZ_AP019799.1_952 
NZ_AP019798.1_1027 
NZ_AP019798.1_1197 
NZ_AP019798.1_1335 
NZ_AP019798.1_2770 
NZ_AP019798.1_82 
NZ_AP019799.1_1282 
NZ_AP019799.1_1346 
NZ_AP019799.1_1655 
NZ_AP019799.1_1768 
NZ_AP019799.1_893 
NZ_AP019800.1_210 
NZ_AP019798.1_1040 
NZ_AP019798.1_1418 
NZ_AP019798.1_1750 
NZ_AP019798.1_1765 
NZ_AP019798.1_297 
NZ_AP019798.1_436 
NZ_AP019798.1_715 
NZ_AP019798.1_962 
NZ_AP019799.1_1171 
NZ_AP019799.1_5 
NZ_AP019799.1_948 
NZ_AP019798.1_1764 
NZ_AP019798.1_2264 
NZ_AP019798.1_2960 
NZ_AP019798.1_758 
NZ_AP019799.1_1236 
NZ_AP019799.1_1576 
NZ_AP019799.1_37 
NZ_AP019798.1_1488 
NZ_AP019798.1_1651 
NZ_AP019798.1_2645 
NZ_AP019798.1_285 
NZ_AP019798.1_354 
NZ_AP019798.1_502 
NZ_AP019799.1_1510 
NZ_AP019799.1_199 
NZ_AP019799.1_507 
NZ_AP019799.1_967 
NZ_AP019800.1_28 
NZ_AP019798.1_1124 
NZ_AP019798.1_2082 
NZ_AP019798.1_2293 
NZ_AP019798.1_2598 
NZ_AP019798.1_2667 
NZ_AP019798.1_570 
NZ_AP019799.1_1206 
NZ_AP019799.1_1230 
NZ_AP019799.1_1602 
NZ_AP019799.1_1691 
NZ_AP019799.1_275 
NZ_AP019799.1_482 
NZ_AP019799.1_932 
NZ_AP019800.1_12 
NZ_AP019798.1_1679 
NZ_AP019798.1_2173 
NZ_AP019798.1_2647 
NZ_AP019798.1_2976 
NZ_AP019798.1_299 
NZ_AP019798.1_855 
NZ_AP019799.1_1240 
NZ_AP019799.1_1538 
NZ_AP019799.1_1579 
NZ_AP019800.1_175 
NZ_AP019798.1_1066 
NZ_AP019798.1_136 
NZ_AP019798.1_2743 
NZ_AP019798.1_288 
NZ_AP019798.1_2909 
NZ_AP019798.1_552 
NZ_AP019798.1_661 
NZ_AP019798.1_968 
NZ_AP019799.1_201 
NZ_AP019800.1_158 
NZ_AP019798.1_1147 
NZ_AP019798.1_1584 
NZ_AP019798.1_2211 
NZ_AP019798.1_2266 
NZ_AP019798.1_2318 
NZ_AP019798.1_2385 
NZ_AP019798.1_2443 
NZ_AP019798.1_332 
NZ_AP019799.1_541 
NZ_AP019799.1_580 
NZ_AP019798.1_1179 
NZ_AP019798.1_1506 
NZ_AP019798.1_1585 
NZ_AP019798.1_2477 
NZ_AP019798.1_2878 
NZ_AP019799.1_713 
NZ_AP019800.1_231 
NZ_AP019800.1_93 
NZ_AP019798.1_1594 
NZ_AP019798.1_1626 
NZ_AP019798.1_1954 
NZ_AP019798.1_2268 
NZ_AP019798.1_940 
NZ_AP019799.1_1501 
NZ_AP019799.1_1515 
NZ_AP019799.1_1519 
NZ_AP019799.1_415 
NZ_AP019798.1_1675 
NZ_AP019798.1_1698 
NZ_AP019798.1_2626 
NZ_AP019798.1_2848 
NZ_AP019799.1_256 
NZ_AP019799.1_774 
NZ_AP019798.1_1326 
NZ_AP019798.1_2186 
NZ_AP019798.1_2202 
NZ_AP019798.1_92 
NZ_AP019799.1_1340 
NZ_AP019799.1_1447 
NZ_AP019799.1_273 
NZ_AP019799.1_937 
NZ_AP019798.1_1650 
NZ_AP019798.1_1670 
NZ_AP019798.1_1767 
NZ_AP019798.1_2068 
NZ_AP019798.1_2201 
NZ_AP019798.1_3045 
NZ_AP019798.1_635 
NZ_AP019798.1_863 
NZ_AP019799.1_1036 
NZ_AP019799.1_1435 
NZ_AP019798.1_1636 
NZ_AP019798.1_2570 
NZ_AP019798.1_2759 
NZ_AP019798.1_2988 
NZ_AP019798.1_387 
NZ_AP019799.1_1035 
NZ_AP019799.1_1314 
NZ_AP019799.1_1558 
NZ_AP019799.1_212 
NZ_AP019798.1_1214 
NZ_AP019798.1_1695 
NZ_AP019798.1_1843 
NZ_AP019798.1_290 
NZ_AP019798.1_526 
NZ_AP019798.1_709 
NZ_AP019798.1_806 
NZ_AP019799.1_527 
NZ_AP019798.1_1615 
NZ_AP019798.1_2681 
NZ_AP019798.1_2778 
NZ_AP019798.1_389 
NZ_AP019799.1_1285 
NZ_AP019799.1_51 
NZ_AP019799.1_754 
NZ_AP019798.1_1455 
NZ_AP019798.1_165 
NZ_AP019798.1_2125 
NZ_AP019798.1_2634 
NZ_AP019798.1_887 
NZ_AP019799.1_1386 
NZ_AP019799.1_542 
NZ_AP019800.1_141 
NZ_AP019800.1_72 
NZ_AP019798.1_1671 
NZ_AP019798.1_1919 
NZ_AP019798.1_2449 
NZ_AP019798.1_2466 
NZ_AP019798.1_2968 
NZ_AP019798.1_3043 
NZ_AP019799.1_1645 
NZ_AP019798.1_1546 
NZ_AP019798.1_1621 
NZ_AP019798.1_1822 
NZ_AP019798.1_1938 
NZ_AP019798.1_2935 
NZ_AP019798.1_3021 
NZ_AP019799.1_1150 
NZ_AP019799.1_132 
NZ_AP019799.1_1592 
NZ_AP019799.1_1783 
NZ_AP019799.1_257 
NZ_AP019799.1_733 
NZ_AP019798.1_2115 
NZ_AP019798.1_2231 
NZ_AP019798.1_2814 
NZ_AP019798.1_2863 
NZ_AP019798.1_3002 
NZ_AP019798.1_860 
NZ_AP019799.1_1698 
NZ_AP019798.1_11 
NZ_AP019798.1_1102 
NZ_AP019798.1_2590 
NZ_AP019798.1_2984 
NZ_AP019798.1_39 
NZ_AP019798.1_531 
NZ_AP019799.1_107 
NZ_AP019799.1_1310 
NZ_AP019799.1_290 
NZ_AP019799.1_386 
NZ_AP019800.1_144 
NZ_AP019800.1_155 
NZ_AP019800.1_160 
NZ_AP019800.1_252 
NZ_AP019798.1_1640 
NZ_AP019798.1_2018 
NZ_AP019798.1_241 
NZ_AP019798.1_2555 
NZ_AP019798.1_355 
NZ_AP019798.1_519 
NZ_AP019798.1_779 
NZ_AP019798.1_886 
NZ_AP019798.1_2666 
NZ_AP019798.1_295 
NZ_AP019798.1_2994 
NZ_AP019798.1_3060 
NZ_AP019798.1_571 
NZ_AP019799.1_1448 
NZ_AP019799.1_720 
NZ_AP019798.1_2086 
NZ_AP019798.1_2381 
NZ_AP019798.1_32 
NZ_AP019798.1_500 
NZ_AP019799.1_1052 
NZ_AP019799.1_176 
NZ_AP019799.1_624 
NZ_AP019799.1_956 
NZ_AP019798.1_1035 
NZ_AP019798.1_107 
NZ_AP019798.1_12 
NZ_AP019798.1_1674 
NZ_AP019798.1_2088 
NZ_AP019798.1_2543 
NZ_AP019799.1_1696 
NZ_AP019799.1_996 
NZ_AP019798.1_1633 
NZ_AP019798.1_2218 
NZ_AP019799.1_1159 
NZ_AP019799.1_1334 
NZ_AP019799.1_1541 
NZ_AP019799.1_283 
NZ_AP019799.1_337 
NZ_AP019799.1_354 
NZ_AP019799.1_873 
NZ_AP019799.1_960 
NZ_AP019800.1_1 
NZ_AP019800.1_253 
NZ_AP019800.1_255 
NZ_AP019798.1_1182 
NZ_AP019798.1_1481 
NZ_AP019798.1_276 
NZ_AP019798.1_681 
NZ_AP019799.1_1133 
NZ_AP019799.1_1244 
NZ_AP019799.1_155 
NZ_AP019799.1_1694 
NZ_AP019798.1_222 
NZ_AP019799.1_1002 
NZ_AP019799.1_678 
NZ_AP019800.1_145 
NZ_AP019800.1_173 
NZ_AP019798.1_1896 
NZ_AP019798.1_194 
NZ_AP019798.1_2611 
NZ_AP019799.1_1188 
NZ_AP019799.1_1304 
NZ_AP019799.1_409 
NZ_AP019799.1_497 
NZ_AP019800.1_172 
NZ_AP019800.1_99 
NZ_AP019798.1_1720 
NZ_AP019798.1_1878 
NZ_AP019798.1_1978 
NZ_AP019799.1_1272 
NZ_AP019799.1_174 
NZ_AP019799.1_202 
NZ_AP019799.1_778 
NZ_AP019798.1_1730 
NZ_AP019798.1_2728 
NZ_AP019798.1_747 
NZ_AP019798.1_846 
NZ_AP019799.1_1586 
NZ_AP019799.1_878 
NZ_AP019800.1_250 
NZ_AP019798.1_1579 
NZ_AP019798.1_2055 
NZ_AP019798.1_2357 
NZ_AP019798.1_2742 
NZ_AP019798.1_2784 
NZ_AP019798.1_3038 
NZ_AP019798.1_844 
NZ_AP019799.1_1412 
NZ_AP019799.1_968 
NZ_AP019800.1_140 
NZ_AP019800.1_16 
NZ_AP019798.1_1551 
NZ_AP019798.1_2703 
NZ_AP019798.1_621 
NZ_AP019799.1_1418 
NZ_AP019799.1_1702 
NZ_AP019799.1_1823 
NZ_AP019800.1_101 
NZ_AP019798.1_1255 
NZ_AP019798.1_1847 
NZ_AP019798.1_2937 
NZ_AP019798.1_593 
NZ_AP019798.1_825 
NZ_AP019799.1_1571 
NZ_AP019800.1_103 
NZ_AP019798.1_1030 
NZ_AP019798.1_1553 
NZ_AP019799.1_1121 
NZ_AP019799.1_1254 
NZ_AP019799.1_287 
NZ_AP019800.1_215 
NZ_AP019798.1_1282 
NZ_AP019798.1_2730 
NZ_AP019798.1_393 
NZ_AP019799.1_1247 
NZ_AP019799.1_1337 
NZ_AP019799.1_1577 
NZ_AP019799.1_1693 
NZ_AP019799.1_1131 
NZ_AP019799.1_1432 
NZ_AP019798.1_2365 
NZ_AP019798.1_2793 
NZ_AP019798.1_804 
NZ_AP019798.1_957 
NZ_AP019799.1_1090 
NZ_AP019799.1_1415 
NZ_AP019799.1_1431 
NZ_AP019799.1_168 
NZ_AP019799.1_261 
NZ_AP019799.1_644 
NZ_AP019799.1_799 
NZ_AP019800.1_92 
NZ_AP019798.1_1567 
NZ_AP019798.1_1570 
NZ_AP019798.1_2062 
NZ_AP019798.1_2138 
NZ_AP019798.1_2276 
NZ_AP019798.1_2824 
NZ_AP019798.1_2190 
NZ_AP019799.1_100 
NZ_AP019799.1_1049 
NZ_AP019799.1_1651 
NZ_AP019799.1_849 
NZ_AP019800.1_133 
NZ_AP019800.1_224 
NZ_AP019798.1_1112 
NZ_AP019798.1_1175 
NZ_AP019798.1_1525 
NZ_AP019798.1_2787 
NZ_AP019798.1_952 
NZ_AP019799.1_1405 
NZ_AP019799.1_1472 
NZ_AP019799.1_1716 
NZ_AP019800.1_149 
NZ_AP019800.1_221 
NZ_AP019798.1_2556 
NZ_AP019798.1_852 
NZ_AP019799.1_1017 
NZ_AP019799.1_1094 
NZ_AP019799.1_1446 
NZ_AP019800.1_24 
NZ_AP019798.1_1329 
NZ_AP019798.1_1423 
NZ_AP019798.1_1770 
NZ_AP019798.1_2451 
NZ_AP019798.1_2539 
NZ_AP019798.1_609 
NZ_AP019798.1_960 
NZ_AP019799.1_115 
NZ_AP019799.1_1686 
NZ_AP019799.1_414 
NZ_AP019799.1_768 
NZ_AP019800.1_237 
NZ_AP019798.1_2277 
NZ_AP019798.1_294 
NZ_AP019798.1_352 
NZ_AP019799.1_1450 
NZ_AP019799.1_165 
NZ_AP019799.1_458 
NZ_AP019798.1_2311 
NZ_AP019798.1_2773 
NZ_AP019799.1_1202 
NZ_AP019799.1_317 
NZ_AP019799.1_382 
NZ_AP019800.1_82 
NZ_AP019800.1_95 
NZ_AP019798.1_1321 
NZ_AP019798.1_1625 
NZ_AP019798.1_1706 
NZ_AP019798.1_1787 
NZ_AP019798.1_2810 
NZ_AP019798.1_484 
NZ_AP019799.1_700 
NZ_AP019799.1_855 
NZ_AP019800.1_44 
NZ_AP019800.1_97 
NZ_AP019798.1_13 
NZ_AP019799.1_1276 
NZ_AP019799.1_434 
NZ_AP019799.1_971 
NZ_AP019798.1_1001 
NZ_AP019798.1_1516 
NZ_AP019798.1_1892 
NZ_AP019799.1_243 
NZ_AP019800.1_111 
NZ_AP019800.1_216 
NZ_AP019798.1_2885 
NZ_AP019798.1_304 
NZ_AP019798.1_786 
NZ_AP019798.1_790 
NZ_AP019798.1_1484 
NZ_AP019798.1_1497 
NZ_AP019798.1_2362 
NZ_AP019798.1_2435 
NZ_AP019799.1_10 
NZ_AP019799.1_470 
NZ_AP019799.1_630 
NZ_AP019799.1_942 
NZ_AP019800.1_105 
NZ_AP019800.1_27 
NZ_AP019798.1_1357 
NZ_AP019798.1_195 
NZ_AP019798.1_1983 
NZ_AP019798.1_2508 
NZ_AP019798.1_778 
NZ_AP019798.1_86 
NZ_AP019799.1_821 
NZ_AP019798.1_1932 
NZ_AP019798.1_2378 
NZ_AP019798.1_3020 
NZ_AP019799.1_1721 
NZ_AP019799.1_885 
NZ_AP019799.1_995 
NZ_AP019798.1_1018 
NZ_AP019798.1_1501 
NZ_AP019799.1_550 
NZ_AP019798.1_1821 
NZ_AP019798.1_2109 
NZ_AP019798.1_3037 
NZ_AP019799.1_203 
NZ_AP019799.1_379 
NZ_AP019798.1_1377 
NZ_AP019799.1_279 
NZ_AP019798.1_1872 
NZ_AP019799.1_205 
NZ_AP019798.1_527 
NZ_AP019799.1_617 
NZ_AP019800.1_159 
NZ_AP019798.1_1051 
NZ_AP019798.1_1536 
NZ_AP019799.1_1420 
NZ_AP019799.1_540 
NZ_AP019798.1_2638 
NZ_AP019798.1_977 
NZ_AP019799.1_1406 
NZ_AP019799.1_1679 
NZ_AP019798.1_2405 
NZ_AP019798.1_3039 
NZ_AP019800.1_191 
NZ_AP019798.1_2331 
NZ_AP019798.1_741 
NZ_AP019799.1_645 
NZ_AP019798.1_1894 
NZ_AP019798.1_2216 
NZ_AP019799.1_1526 
NZ_AP019798.1_1634 
NZ_AP019798.1_1988 
NZ_AP019798.1_3071 
NZ_AP019799.1_1500 
NZ_AP019799.1_1598 
NZ_AP019799.1_513 
NZ_AP019798.1_2099 
NZ_AP019800.1_98 
NZ_AP019798.1_2292 
NZ_AP019799.1_237 
NZ_AP019799.1_633 
NZ_AP019799.1_634 
NZ_AP019799.1_839 
NZ_AP019798.1_1192 
NZ_AP019800.1_254 
NZ_AP019798.1_2488 
NZ_AP019798.1_2636 
NZ_AP019798.1_499 
NZ_AP019799.1_1042 
NZ_AP019799.1_1667 
NZ_AP019799.1_278 
NZ_AP019799.1_302 
NZ_AP019798.1_307 
NZ_AP019799.1_108 
NZ_AP019799.1_1109 
NZ_AP019799.1_1451 
NZ_AP019798.1_1065 
NZ_AP019798.1_744 
NZ_AP019799.1_1339 
NZ_AP019799.1_1705 
NZ_AP019798.1_1355 
NZ_AP019798.1_2609 
NZ_AP019798.1_2758 
NZ_AP019798.1_327 
NZ_AP019799.1_150 
NZ_AP019799.1_403 
NZ_AP019798.1_1969 
NZ_AP019799.1_938 
NZ_AP019798.1_1121 
NZ_AP019798.1_181 
NZ_AP019798.1_98 
NZ_AP019799.1_1490 
NZ_AP019799.1_163 
NZ_AP019799.1_864 
NZ_AP019798.1_72 
NZ_AP019800.1_264 
