NC_018644.1_1091 NC_018644.1_663 NC_018644.1_1193 NC_018644.1_690 NC_018644.1_544 NC_018644.1_535 NC_018644.1_536 NC_018644.1_449 NC_018644.1_10 NC_018644.1_242 NC_018644.1_1111 NC_018644.1_1071 NC_018644.1_133 NC_018644.1_1314 NC_018644.1_691 NC_018644.1_1114 NC_018644.1_564 NC_018644.1_169 NC_018644.1_158 NC_018644.1_178 NC_018644.1_656 NC_018644.1_922 NC_018644.1_1177 NC_018644.1_455 NC_018644.1_321 NC_018644.1_517 NC_018644.1_647 NC_018644.1_182 NC_018644.1_84 NC_018644.1_600 NC_018644.1_1422 NC_018644.1_1178 NC_018644.1_680 NC_018644.1_921 NC_018644.1_1331 NC_018644.1_89 NC_018644.1_1238 NC_018644.1_406 NC_018644.1_310 
NC_018644.1_1334 NC_018644.1_512 NC_018644.1_671 NC_018644.1_134 NC_018644.1_1102 NC_018644.1_1117 NC_018644.1_444 
NC_018644.1_1266 NC_018644.1_1284 NC_018644.1_1055 NC_018644.1_826 NC_018644.1_7 NC_018644.1_1289 
NC_018644.1_688 NC_018644.1_248 NC_018644.1_534 NC_018644.1_565 NC_018644.1_249 
NC_018644.1_430 NC_018644.1_1175 NC_018644.1_834 NC_018644.1_401 
NC_018644.1_626 NC_018644.1_1308 NC_018644.1_150 NC_018644.1_139 
NC_018644.1_547 NC_018644.1_687 NC_018644.1_247 NC_018644.1_533 
NC_018644.1_660 NC_018644.1_666 NC_018644.1_563 NC_018644.1_245 
NC_018644.1_86 NC_018644.1_85 NC_018644.1_70 
NC_018644.1_509 NC_018644.1_106 NC_018644.1_508 
NC_018644.1_253 NC_018644.1_820 NC_018644.1_1415 
NC_018644.1_457 NC_018644.1_514 NC_018644.1_792 
NC_018644.1_1303 NC_018644.1_630 
NC_018644.1_1448 NC_018644.1_349 
NC_018644.1_628 NC_018644.1_1322 
NC_018644.1_1313 NC_018644.1_1324 
NC_018644.1_979 NC_018644.1_1253 
NC_018644.1_164 NC_018644.1_576 
NC_018644.1_1356 NC_018644.1_523 
NC_018644.1_259 NC_018644.1_650 
NC_018644.1_269 NC_018644.1_824 
NC_018644.1_1202 NC_018644.1_1157 
NC_018644.1_167 NC_018644.1_280 
NC_018644.1_1204 NC_018644.1_669 
NC_018644.1_804 NC_018644.1_1405 
NC_018644.1_1292 NC_018644.1_1299 
NC_018644.1_148 NC_018644.1_1288 
NC_018644.1_1305 NC_018644.1_632 
NC_018644.1_1413 NC_018644.1_479 
NC_018644.1_1118 NC_018644.1_55 
NC_018644.1_1181 NC_018644.1_919 
NC_018644.1_697 NC_018644.1_827 
NC_018644.1_1135 NC_018644.1_1025 
NC_018644.1_271 NC_018644.1_1151 
NC_018644.1_709 NC_018644.1_1283 
NC_018644.1_913 NC_018644.1_1036 
NC_018644.1_409 NC_018644.1_704 
NC_018644.1_668 NC_018644.1_1205 
NC_018644.1_201 NC_018644.1_901 
NC_018644.1_1089 NC_018644.1_171 
NC_018644.1_1227 NC_018644.1_1225 
NC_018644.1_540 NC_018644.1_1184 
NC_018644.1_1294 NC_018644.1_1301 
NC_018644.1_9 NC_018644.1_1115 
NC_018644.1_1161 NC_018644.1_801 
NC_018644.1_1093 NC_018644.1_1391 
NC_018644.1_1110 NC_018644.1_1109 
NC_018644.1_1452 NC_018644.1_621 
NC_018644.1_254 NC_018644.1_887 
NC_018644.1_1293 NC_018644.1_1300 
NC_018644.1_965 NC_018644.1_478 
NC_018644.1_1183 NC_018644.1_1321 
NC_018644.1_1094 NC_018644.1_1355 
NC_018644.1_1168 NC_018644.1_506 
NC_018644.1_289 NC_018644.1_292 
NC_018644.1_127 NC_018644.1_1451 
NC_018644.1_1145 NC_018644.1_433 
NC_018644.1_138 NC_018644.1_399 
NC_018644.1_832 NC_018644.1_226 
NC_018644.1_251 NC_018644.1_1382 
NC_018644.1_1045 NC_018644.1_1173 
NC_018644.1_631 NC_018644.1_1304 
NC_018644.1_149 NC_018644.1_1265 
NC_018644.1_573 NC_018644.1_1101 
NC_018644.1_608 
NC_018644.1_989 
NC_018644.1_990 
NC_018644.1_416 
NC_018644.1_1433 
NC_018644.1_937 
NC_018644.1_1237 
NC_018644.1_1128 
NC_018644.1_263 
NC_018644.1_1080 
NC_018644.1_729 
NC_018644.1_980 
NC_018644.1_498 
NC_018644.1_494 
NC_018644.1_1082 
NC_018644.1_1437 
NC_018644.1_261 
NC_018644.1_1062 
NC_018644.1_763 
NC_018644.1_839 
NC_018644.1_440 
NC_018644.1_308 
NC_018644.1_90 
NC_018644.1_1398 
NC_018644.1_491 
NC_018644.1_903 
NC_018644.1_1261 
NC_018644.1_616 
NC_018644.1_1106 
NC_018644.1_575 
NC_018644.1_1311 
NC_018644.1_363 
NC_018644.1_1267 
NC_018644.1_1035 
NC_018644.1_1228 
NC_018644.1_808 
NC_018644.1_1484 
NC_018644.1_176 
NC_018644.1_1388 
NC_018644.1_102 
NC_018644.1_1374 
NC_018644.1_1408 
NC_018644.1_355 
NC_018644.1_200 
NC_018644.1_1127 
NC_018644.1_477 
NC_018644.1_993 
NC_018644.1_941 
NC_018644.1_1252 
NC_018644.1_241 
NC_018644.1_945 
NC_018644.1_473 
NC_018644.1_810 
NC_018644.1_47 
NC_018644.1_33 
NC_018644.1_393 
NC_018644.1_274 
NC_018644.1_1247 
NC_018644.1_338 
NC_018644.1_170 
NC_018644.1_204 
NC_018644.1_963 
NC_018644.1_803 
NC_018644.1_1199 
NC_018644.1_369 
NC_018644.1_541 
NC_018644.1_314 
NC_018644.1_678 
NC_018644.1_371 
NC_018644.1_1143 
NC_018644.1_774 
NC_018644.1_550 
NC_018644.1_2 
NC_018644.1_798 
NC_018644.1_1445 
NC_018644.1_617 
NC_018644.1_891 
NC_018644.1_1270 
NC_018644.1_266 
NC_018644.1_857 
NC_018644.1_864 
NC_018644.1_947 
NC_018644.1_1317 
NC_018644.1_1399 
NC_018644.1_1158 
NC_018644.1_814 
NC_018644.1_1476 
NC_018644.1_770 
NC_018644.1_743 
NC_018644.1_542 
NC_018644.1_946 
NC_018644.1_346 
NC_018644.1_344 
NC_018644.1_1063 
NC_018644.1_93 
NC_018644.1_1047 
NC_018644.1_598 
NC_018644.1_1364 
NC_018644.1_216 
NC_018644.1_661 
NC_018644.1_1342 
NC_018644.1_1475 
NC_018644.1_1354 
NC_018644.1_1326 
NC_018644.1_450 
NC_018644.1_1449 
NC_018644.1_1034 
NC_018644.1_1242 
NC_018644.1_136 
NC_018644.1_99 
NC_018644.1_1067 
NC_018644.1_948 
NC_018644.1_1318 
NC_018644.1_360 
NC_018644.1_1210 
NC_018644.1_229 
NC_018644.1_1489 
NC_018644.1_747 
NC_018644.1_655 
NC_018644.1_940 
NC_018644.1_1088 
NC_018644.1_172 
NC_018644.1_725 
NC_018644.1_860 
NC_018644.1_1138 
NC_018644.1_1460 
NC_018644.1_1332 
NC_018644.1_885 
NC_018644.1_233 
NC_018644.1_1171 
NC_018644.1_1213 
NC_018644.1_198 
NC_018644.1_20 
NC_018644.1_532 
NC_018644.1_772 
NC_018644.1_926 
NC_018644.1_244 
NC_018644.1_246 
NC_018644.1_1467 
NC_018644.1_470 
NC_018644.1_472 
NC_018644.1_520 
NC_018644.1_421 
NC_018644.1_562 
NC_018644.1_1345 
NC_018644.1_916 
NC_018644.1_279 
NC_018644.1_63 
NC_018644.1_1424 
NC_018644.1_929 
NC_018644.1_1295 
NC_018644.1_341 
NC_018644.1_153 
NC_018644.1_203 
NC_018644.1_1078 
NC_018644.1_1278 
NC_018644.1_1172 
NC_018644.1_1246 
NC_018644.1_954 
NC_018644.1_1344 
NC_018644.1_645 
NC_018644.1_1393 
NC_018644.1_95 
NC_018644.1_156 
NC_018644.1_812 
NC_018644.1_752 
NC_018644.1_258 
NC_018644.1_453 
NC_018644.1_119 
NC_018644.1_196 
NC_018644.1_1392 
NC_018644.1_1420 
NC_018644.1_278 
NC_018644.1_607 
NC_018644.1_288 
NC_018644.1_653 
NC_018644.1_1024 
NC_018644.1_1455 
NC_018644.1_1214 
NC_018644.1_716 
NC_018644.1_818 
NC_018644.1_855 
NC_018644.1_1245 
NC_018644.1_18 
NC_018644.1_800 
NC_018644.1_821 
NC_018644.1_1453 
NC_018644.1_955 
NC_018644.1_1493 
NC_018644.1_25 
NC_018644.1_543 
NC_018644.1_1180 
NC_018644.1_488 
NC_018644.1_822 
NC_018644.1_1042 
NC_018644.1_69 
NC_018644.1_1222 
NC_018644.1_873 
NC_018644.1_293 
NC_018644.1_32 
NC_018644.1_753 
NC_018644.1_1296 
NC_018644.1_1030 
NC_018644.1_58 
NC_018644.1_1491 
NC_018644.1_1306 
NC_018644.1_806 
NC_018644.1_1490 
NC_018644.1_510 
NC_018644.1_1014 
NC_018644.1_1197 
NC_018644.1_815 
NC_018644.1_370 
NC_018644.1_738 
NC_018644.1_37 
NC_018644.1_545 
NC_018644.1_243 
NC_018644.1_379 
NC_018644.1_466 
NC_018644.1_513 
NC_018644.1_548 
NC_018644.1_686 
NC_018644.1_1107 
NC_018644.1_681 
NC_018644.1_1 
NC_018644.1_567 
NC_018644.1_162 
NC_018644.1_1023 
NC_018644.1_6 
NC_018644.1_1098 
NC_018644.1_1104 
NC_018644.1_956 
NC_018644.1_1203 
NC_018644.1_1366 
NC_018644.1_1480 
NC_018644.1_3 
NC_018644.1_667 
NC_018644.1_1298 
NC_018644.1_507 
NC_018644.1_1381 
NC_018644.1_500 
NC_018644.1_255 
NC_018644.1_1041 
NC_018644.1_1240 
NC_018644.1_923 
NC_018644.1_1160 
NC_018644.1_1208 
NC_018644.1_140 
NC_018644.1_396 
NC_018644.1_843 
NC_018644.1_1264 
NC_018644.1_61 
NC_018644.1_5 
NC_018644.1_57 
NC_018644.1_1075 
NC_018644.1_737 
NC_018644.1_372 
NC_018644.1_841 
NC_018644.1_1262 
NC_018644.1_1426 
NC_018644.1_189 
NC_018644.1_30 
NC_018644.1_754 
NC_018644.1_454 
NC_018644.1_492 
NC_018644.1_895 
NC_018644.1_1198 
NC_018644.1_1353 
NC_018644.1_591 
NC_018644.1_778 
NC_018644.1_791 
NC_018644.1_912 
NC_018644.1_958 
NC_018644.1_1221 
NC_018644.1_443 
NC_018644.1_193 
NC_018644.1_1167 
NC_018644.1_557 
NC_018644.1_599 
NC_018644.1_122 
NC_018644.1_295 
NC_018644.1_909 
NC_018644.1_1436 
NC_018644.1_174 
NC_018644.1_1275 
NC_018644.1_594 
NC_018644.1_112 
NC_018644.1_1282 
NC_018644.1_890 
NC_018644.1_811 
NC_018644.1_1049 
NC_018644.1_1447 
NC_018644.1_324 
NC_018644.1_451 
NC_018644.1_526 
NC_018644.1_21 
NC_018644.1_741 
NC_018644.1_983 
NC_018644.1_1166 
NC_018644.1_1360 
NC_018644.1_1427 
NC_018644.1_714 
NC_018644.1_976 
NC_018644.1_1113 
NC_018644.1_1255 
NC_018644.1_501 
NC_018644.1_1469 
NC_018644.1_1162 
NC_018644.1_220 
NC_018644.1_91 
NC_018644.1_1185 
NC_018644.1_1363 
NC_018644.1_298 
NC_018644.1_559 
NC_018644.1_672 
NC_018644.1_732 
NC_018644.1_684 
NC_018644.1_143 
NC_018644.1_1456 
NC_018644.1_152 
NC_018644.1_273 
NC_018644.1_938 
NC_018644.1_1307 
NC_018644.1_1059 
NC_018644.1_1186 
NC_018644.1_546 
NC_018644.1_1155 
NC_018644.1_1200 
NC_018644.1_1457 
NC_018644.1_1492 
NC_018644.1_723 
NC_018644.1_845 
NC_018644.1_445 
NC_018644.1_1219 
NC_018644.1_348 
NC_018644.1_188 
NC_018644.1_584 
NC_018644.1_15 
NC_018644.1_354 
NC_018644.1_816 
NC_018644.1_98 
NC_018644.1_14 
NC_018644.1_489 
NC_018644.1_78 
NC_018644.1_799 
NC_018644.1_142 
NC_018644.1_959 
NC_018644.1_1066 
NC_018644.1_1450 
NC_018644.1_1462 
NC_018644.1_530 
NC_018644.1_853 
NC_018644.1_865 
NC_018644.1_1087 
NC_018644.1_1223 
NC_018644.1_1279 
NC_018644.1_1276 
NC_018644.1_880 
NC_018644.1_610 
NC_018644.1_648 
NC_018644.1_911 
NC_018644.1_1442 
NC_018644.1_319 
NC_018644.1_527 
NC_018644.1_537 
NC_018644.1_780 
NC_018644.1_286 
NC_018644.1_419 
NC_018644.1_539 
NC_018644.1_634 
NC_018644.1_825 
NC_018644.1_262 
NC_018644.1_394 
NC_018644.1_964 
NC_018644.1_1033 
NC_018644.1_1377 
NC_018644.1_957 
NC_018644.1_1190 
NC_018644.1_1316 
NC_018644.1_452 
NC_018644.1_490 
NC_018644.1_11 
NC_018644.1_767 
NC_018644.1_1438 
NC_018644.1_522 
NC_018644.1_896 
NC_018644.1_1133 
NC_018644.1_1470 
NC_018644.1_531 
NC_018644.1_710 
NC_018644.1_442 
NC_018644.1_1281 
NC_018644.1_222 
NC_018644.1_235 
NC_018644.1_388 
NC_018644.1_615 
NC_018644.1_685 
NC_018644.1_1095 
NC_018644.1_1165 
NC_018644.1_1239 
NC_018644.1_131 
NC_018644.1_662 
NC_018644.1_886 
NC_018644.1_1121 
NC_018644.1_330 
NC_018644.1_664 
NC_018644.1_861 
NC_018644.1_108 
NC_018644.1_528 
NC_018644.1_649 
NC_018644.1_665 
NC_018644.1_877 
NC_018644.1_1406 
NC_018644.1_181 
NC_018644.1_285 
NC_018644.1_1018 
NC_018644.1_1037 
NC_018644.1_625 
NC_018644.1_638 
NC_018644.1_87 
NC_018644.1_883 
NC_018644.1_256 
NC_018644.1_549 
NC_018644.1_66 
NC_018644.1_35 
NC_018644.1_391 
NC_018644.1_448 
NC_018644.1_48 
NC_018644.1_1192 
NC_018644.1_252 
NC_018644.1_336 
NC_018644.1_641 
NC_018644.1_859 
NC_018644.1_1333 
NC_018644.1_511 
NC_018644.1_876 
NC_018644.1_1179 
NC_018644.1_568 
NC_018644.1_62 
NC_018644.1_1068 
NC_018644.1_636 
NC_018644.1_677 
NC_018644.1_1372 
NC_018644.1_180 
NC_018644.1_438 
NC_018644.1_658 
NC_018644.1_1359 
NC_018644.1_65 
NC_018644.1_1096 
NC_018644.1_1459 
NC_018644.1_870 
NC_018644.1_1105 
NC_018644.1_125 
NC_018644.1_1454 
NC_018644.1_26 
NC_018644.1_402 
NC_018644.1_1164 
NC_018644.1_277 
NC_018644.1_464 
NC_018644.1_644 
NC_018644.1_1251 
NC_018644.1_130 
NC_018644.1_1379 
NC_018644.1_1440 
NC_018644.1_1444 
NC_018644.1_497 
NC_018644.1_1032 
NC_018644.1_1216 
NC_018644.1_187 
NC_018644.1_13 
NC_018644.1_83 
NC_018644.1_1057 
NC_018644.1_1085 
NC_018644.1_1362 
NC_018644.1_525 
NC_018644.1_693 
NC_018644.1_700 
NC_018644.1_1130 
NC_018644.1_1358 
NC_018644.1_538 
NC_018644.1_643 
NC_018644.1_281 
NC_018644.1_135 
NC_018644.1_503 
NC_018644.1_1054 
NC_018644.1_116 
NC_018644.1_623 
NC_018644.1_673 
NC_018644.1_676 
NC_018644.1_740 
NC_018644.1_1407 
NC_018644.1_240 
NC_018644.1_322 
NC_018644.1_359 
NC_018644.1_467 
NC_018644.1_892 
NC_018644.1_917 
NC_018644.1_1319 
NC_018644.1_1365 
NC_018644.1_683 
NC_018644.1_1402 
NC_018644.1_34 
NC_018644.1_499 
NC_018644.1_651 
NC_018644.1_807 
NC_018644.1_177 
NC_018644.1_264 
NC_018644.1_603 
NC_018644.1_1315 
NC_018644.1_1325 
NC_018644.1_1471 
NC_018644.1_361 
NC_018644.1_831 
NC_018644.1_902 
NC_018644.1_935 
NC_018644.1_1120 
NC_018644.1_417 
NC_018644.1_515 
NC_018644.1_728 
NC_018644.1_756 
NC_018644.1_4 
NC_018644.1_1176 
NC_018644.1_224 
NC_018644.1_276 
NC_018644.1_639 
NC_018644.1_605 
NC_018644.1_1268 
NC_018644.1_1309 
NC_018644.1_38 
NC_018644.1_408 
NC_018644.1_635 
NC_018644.1_748 
NC_018644.1_783 
NC_018644.1_809 
NC_018644.1_851 
NC_018644.1_1464 
NC_018644.1_619 
NC_018644.1_961 
NC_018644.1_270 
NC_018644.1_64 
NC_018644.1_875 
NC_018644.1_933 
NC_018644.1_1090 
NC_018644.1_1352 
NC_018644.1_49 
NC_018644.1_611 
NC_018644.1_924 
NC_018644.1_1043 
NC_018644.1_1416 
NC_018644.1_301 
NC_018644.1_431 
NC_018644.1_659 
NC_018644.1_739 
NC_018644.1_856 
NC_018644.1_1201 
NC_018644.1_744 
NC_018644.1_1410 
NC_018644.1_1432 
NC_018644.1_654 
NC_018644.1_971 
NC_018644.1_159 
NC_018644.1_426 
NC_018644.1_1271 
NC_018644.1_572 
NC_018644.1_622 
NC_018644.1_123 
NC_018644.1_1396 
NC_018644.1_29 
NC_018644.1_711 
NC_018644.1_925 
NC_018644.1_952 
NC_018644.1_132 
NC_018644.1_23 
NC_018644.1_260 
NC_018644.1_272 
NC_018644.1_794 
NC_018644.1_435 
NC_018644.1_197 
NC_018644.1_333 
NC_018644.1_627 
NC_018644.1_978 
NC_018644.1_1108 
NC_018644.1_97 
NC_018644.1_1079 
NC_018644.1_1338 
NC_018644.1_1361 
NC_018644.1_183 
NC_018644.1_397 
NC_018644.1_420 
NC_018644.1_60 
NC_018644.1_854 
NC_018644.1_1154 
NC_018644.1_1195 
NC_018644.1_352 
NC_018644.1_928 
NC_018644.1_1191 
NC_018644.1_120 
NC_018644.1_1235 
NC_018644.1_236 
NC_018644.1_24 
NC_018644.1_318 
NC_018644.1_579 
NC_018644.1_652 
NC_018644.1_949 
NC_018644.1_746 
NC_018644.1_12 
NC_018644.1_1323 
NC_018644.1_19 
NC_018644.1_590 
NC_018644.1_766 
NC_018644.1_914 
NC_018644.1_1229 
NC_018644.1_1272 
NC_018644.1_1163 
NC_018644.1_830 
NC_018644.1_1099 
NC_018644.1_1465 
NC_018644.1_592 
NC_018644.1_674 
NC_018644.1_750 
NC_018644.1_900 
NC_018644.1_208 
NC_018644.1_230 
NC_018644.1_317 
NC_018644.1_566 
NC_018644.1_773 
NC_018644.1_121 
NC_018644.1_436 
NC_018644.1_219 
NC_018644.1_366 
NC_018644.1_633 
NC_018644.1_675 
NC_018644.1_469 
NC_018644.1_1188 
NC_018644.1_1209 
NC_018644.1_212 
NC_018644.1_998 
NC_018644.1_618 
NC_018644.1_657 
NC_018644.1_1046 
NC_018644.1_1116 
NC_018644.1_296 
NC_018644.1_387 
NC_018644.1_486 
NC_018644.1_67 
NC_018644.1_8 
NC_018644.1_1224 
NC_018644.1_294 
NC_018644.1_374 
NC_018644.1_418 
NC_018644.1_43 
NC_018644.1_1021 
NC_018644.1_1064 
NC_018644.1_404 
NC_018644.1_974 
NC_018644.1_1148 
NC_018644.1_1174 
NC_018644.1_265 
NC_018644.1_699 
NC_018644.1_1137 
NC_018644.1_165 
NC_018644.1_51 
NC_018644.1_788 
NC_018644.1_872 
NC_018644.1_335 
NC_018644.1_463 
NC_018644.1_906 
NC_018644.1_1056 
NC_018644.1_1140 
NC_018644.1_1339 
NC_018644.1_284 
NC_018644.1_593 
NC_018644.1_367 
NC_018644.1_786 
NC_018644.1_1139 
NC_018644.1_1159 
NC_018644.1_1479 
NC_018644.1_250 
NC_018644.1_828 
NC_018644.1_879 
NC_018644.1_1074 
NC_018644.1_413 
NC_018644.1_92 
NC_018644.1_1217 
NC_018644.1_1297 
NC_018644.1_581 
NC_018644.1_889 
NC_018644.1_1421 
NC_018644.1_1076 
NC_018644.1_1441 
NC_018644.1_1446 
NC_018644.1_157 
NC_018644.1_202 
NC_018644.1_331 
NC_018644.1_411 
NC_018644.1_862 
NC_018644.1_516 
NC_018644.1_1170 
NC_018644.1_1330 
NC_018644.1_518 
NC_018644.1_606 
NC_018644.1_384 
NC_018644.1_400 
NC_018644.1_424 
NC_018644.1_481 
NC_018644.1_56 
NC_018644.1_620 
NC_018644.1_761 
NC_018644.1_1320 
NC_018644.1_28 
NC_018644.1_706 
NC_018644.1_779 
NC_018644.1_1277 
NC_018644.1_1458 
NC_018644.1_1468 
NC_018644.1_852 
NC_018644.1_1411 
NC_018644.1_1477 
NC_018644.1_42 
NC_018644.1_944 
NC_018644.1_1134 
NC_018644.1_1243 
NC_018644.1_223 
NC_018644.1_1069 
NC_018644.1_1286 
NC_018644.1_345 
NC_018644.1_578 
NC_018644.1_1112 
NC_018644.1_1328 
NC_018644.1_1385 
NC_018644.1_104 
NC_018644.1_1231 
NC_018644.1_1434 
NC_018644.1_211 
NC_018644.1_290 
NC_018644.1_390 
NC_018644.1_982 
NC_018644.1_305 
NC_018644.1_320 
NC_018644.1_910 
NC_018644.1_580 
NC_018644.1_679 
NC_018644.1_775 
NC_018644.1_1100 
NC_018644.1_1196 
NC_018644.1_1236 
NC_018644.1_231 
NC_018644.1_75 
NC_018644.1_76 
NC_018644.1_784 
NC_018644.1_785 
NC_018644.1_1212 
NC_018644.1_383 
NC_018644.1_589 
NC_018644.1_312 
NC_018644.1_596 
NC_018644.1_705 
NC_018644.1_735 
NC_018644.1_871 
NC_018644.1_1122 
NC_018644.1_1443 
NC_018644.1_1481 
NC_018644.1_882 
NC_018644.1_904 
NC_018644.1_1387 
NC_018644.1_147 
NC_018644.1_1461 
NC_018644.1_1473 
NC_018644.1_1478 
NC_018644.1_40 
NC_018644.1_475 
NC_018644.1_103 
NC_018644.1_31 
NC_018644.1_151 
NC_018644.1_585 
NC_018644.1_751 
NC_018644.1_1234 
NC_018644.1_1244 
NC_018644.1_1472 
NC_018644.1_1488 
NC_018644.1_519 
NC_018644.1_556 
NC_018644.1_734 
NC_018644.1_771 
NC_018644.1_160 
NC_018644.1_218 
NC_018644.1_745 
NC_018644.1_970 
NC_018644.1_1483 
NC_018644.1_376 
NC_018644.1_459 
NC_018644.1_702 
NC_018644.1_986 
NC_018644.1_712 
NC_018644.1_960 
NC_018644.1_1232 
NC_018644.1_441 
NC_018644.1_1409 
NC_018644.1_173 
NC_018644.1_637 
NC_018644.1_642 
NC_018644.1_1001 
NC_018644.1_1061 
NC_018644.1_1086 
NC_018644.1_1144 
NC_018644.1_179 
NC_018644.1_311 
NC_018644.1_353 
NC_018644.1_842 
NC_018644.1_869 
NC_018644.1_1092 
NC_018644.1_1435 
NC_018644.1_340 
NC_018644.1_415 
NC_018644.1_456 
NC_018644.1_908 
NC_018644.1_1070 
NC_018644.1_434 
NC_018644.1_742 
NC_018644.1_22 
NC_018644.1_1384 
NC_018644.1_1022 
NC_018644.1_1126 
NC_018644.1_1327 
NC_018644.1_405 
NC_018644.1_447 
NC_018644.1_471 
NC_018644.1_504 
NC_018644.1_257 
NC_018644.1_483 
NC_018644.1_782 
NC_018644.1_968 
NC_018644.1_1280 
NC_018644.1_1400 
NC_018644.1_358 
NC_018644.1_339 
NC_018644.1_392 
NC_018644.1_829 
NC_018644.1_1383 
NC_018644.1_604 
NC_018644.1_646 
NC_018644.1_382 
NC_018644.1_692 
NC_018644.1_819 
NC_018644.1_934 
NC_018644.1_587 
NC_018644.1_82 
NC_018644.1_485 
NC_018644.1_1412 
NC_018644.1_17 
NC_018644.1_446 
NC_018644.1_609 
NC_018644.1_874 
NC_018644.1_918 
NC_018644.1_1487 
NC_018644.1_365 
NC_018644.1_764 
NC_018644.1_1357 
NC_018644.1_347 
NC_018644.1_327 
NC_018644.1_595 
NC_018644.1_73 
NC_018644.1_79 
NC_018644.1_146 
NC_018644.1_287 
NC_018644.1_1463 
NC_018644.1_995 
NC_018644.1_105 
NC_018644.1_1249 
NC_018644.1_1259 
NC_018644.1_682 
NC_018644.1_718 
NC_018644.1_768 
NC_018644.1_1136 
NC_018644.1_1431 
NC_018644.1_16 
NC_018644.1_326 
NC_018644.1_973 
NC_018644.1_137 
NC_018644.1_227 
NC_018644.1_708 
NC_018644.1_1256 
NC_018644.1_1302 
NC_018644.1_283 
NC_018644.1_368 
NC_018644.1_373 
NC_018644.1_53 
NC_018644.1_1194 
NC_018644.1_1263 
NC_018644.1_1290 
NC_018644.1_389 
NC_018644.1_966 
NC_018644.1_1254 
NC_018644.1_1378 
NC_018644.1_1397 
NC_018644.1_381 
NC_018644.1_805 
NC_018644.1_101 
NC_018644.1_1060 
NC_018644.1_1220 
NC_018644.1_74 
NC_018644.1_726 
NC_018644.1_950 
NC_018644.1_1423 
NC_018644.1_217 
NC_018644.1_943 
NC_018644.1_1150 
NC_018644.1_1215 
NC_018644.1_996 
NC_018644.1_1147 
NC_018644.1_362 
NC_018644.1_50 
NC_018644.1_558 
NC_018644.1_713 
NC_018644.1_722 
NC_018644.1_1348 
NC_018644.1_343 
NC_018644.1_386 
NC_018644.1_44 
NC_018644.1_495 
NC_018644.1_719 
NC_018644.1_191 
NC_018644.1_437 
NC_018644.1_493 
NC_018644.1_583 
NC_018644.1_720 
NC_018644.1_930 
NC_018644.1_1015 
NC_018644.1_375 
NC_018644.1_403 
NC_018644.1_797 
NC_018644.1_1233 
NC_018644.1_1340 
NC_018644.1_380 
NC_018644.1_115 
NC_018644.1_1429 
NC_018644.1_781 
NC_018644.1_297 
NC_018644.1_612 
NC_018644.1_984 
NC_018644.1_199 
NC_018644.1_981 
NC_018644.1_1401 
NC_018644.1_1403 
NC_018644.1_1007 
NC_018644.1_858 
NC_018644.1_972 
NC_018644.1_1257 
NC_018644.1_155 
NC_018644.1_733 
NC_018644.1_1097 
NC_018644.1_833 
NC_018644.1_110 
NC_018644.1_356 
NC_018644.1_54 
NC_018644.1_777 
NC_018644.1_1152 
NC_018644.1_629 
NC_018644.1_769 
NC_018644.1_154 
NC_018644.1_232 
NC_018644.1_484 
NC_018644.1_868 
NC_018644.1_1010 
NC_018644.1_480 
NC_018644.1_1012 
NC_018644.1_225 
NC_018644.1_268 
NC_018644.1_395 
NC_018644.1_88 
NC_018644.1_377 
NC_018644.1_823 
NC_018644.1_893 
NC_018644.1_897 
NC_018644.1_117 
NC_018644.1_1337 
NC_018644.1_574 
NC_018644.1_987 
NC_018644.1_553 
NC_018644.1_1048 
NC_018644.1_462 
NC_018644.1_582 
NC_018644.1_1351 
NC_018644.1_291 
NC_018644.1_36 
NC_018644.1_364 
NC_018644.1_378 
NC_018644.1_234 
NC_018644.1_789 
NC_018644.1_878 
NC_018644.1_1083 
NC_018644.1_1250 
NC_018644.1_1428 
NC_018644.1_163 
NC_018644.1_302 
NC_018644.1_975 
NC_018644.1_1153 
NC_018644.1_144 
NC_018644.1_357 
NC_018644.1_730 
NC_018644.1_757 
NC_018644.1_1291 
NC_018644.1_315 
NC_018644.1_96 
NC_018644.1_458 
NC_018644.1_465 
NC_018644.1_721 
NC_018644.1_749 
NC_018644.1_927 
NC_018644.1_969 
NC_018644.1_185 
NC_018644.1_221 
NC_018644.1_427 
NC_018644.1_758 
NC_018644.1_194 
NC_018644.1_299 
NC_018644.1_325 
NC_018644.1_936 
NC_018644.1_992 
NC_018644.1_1425 
NC_018644.1_429 
NC_018644.1_727 
NC_018644.1_1081 
NC_018644.1_114 
NC_018644.1_1369 
NC_018644.1_967 
NC_018644.1_1218 
NC_018644.1_524 
NC_018644.1_551 
NC_018644.1_1027 
NC_018644.1_1141 
NC_018644.1_1206 
NC_018644.1_124 
NC_018644.1_141 
NC_018644.1_555 
NC_018644.1_601 
NC_018644.1_1419 
NC_018644.1_640 
NC_018644.1_759 
NC_018644.1_939 
NC_018644.1_1380 
NC_018644.1_776 
NC_018644.1_787 
NC_018644.1_166 
NC_018644.1_313 
NC_018644.1_482 
NC_018644.1_765 
NC_018644.1_282 
NC_018644.1_468 
NC_018644.1_755 
NC_018644.1_795 
NC_018644.1_1038 
NC_018644.1_1084 
NC_018644.1_1226 
NC_018644.1_1395 
NC_018644.1_502 
NC_018644.1_554 
NC_018644.1_561 
NC_018644.1_1028 
NC_018644.1_113 
NC_018644.1_128 
NC_018644.1_1336 
NC_018644.1_175 
NC_018644.1_205 
NC_018644.1_1156 
NC_018644.1_1347 
NC_018644.1_1390 
NC_018644.1_423 
NC_018644.1_1013 
NC_018644.1_1031 
NC_018644.1_307 
NC_018644.1_309 
NC_018644.1_414 
NC_018644.1_837 
NC_018644.1_863 
NC_018644.1_907 
NC_018644.1_1103 
NC_018644.1_1123 
NC_018644.1_129 
NC_018644.1_334 
NC_018644.1_1040 
NC_018644.1_1376 
NC_018644.1_184 
NC_018644.1_602 
NC_018644.1_109 
NC_018644.1_1189 
NC_018644.1_126 
NC_018644.1_398 
NC_018644.1_461 
NC_018644.1_736 
NC_018644.1_985 
NC_018644.1_1058 
NC_018644.1_332 
NC_018644.1_724 
NC_018644.1_701 
NC_018644.1_68 
NC_018644.1_793 
NC_018644.1_931 
NC_018644.1_951 
NC_018644.1_1002 
NC_018644.1_1404 
NC_018644.1_71 
NC_018644.1_190 
NC_018644.1_407 
NC_018644.1_428 
NC_018644.1_1050 
NC_018644.1_239 
NC_018644.1_351 
NC_018644.1_1017 
NC_018644.1_328 
NC_018644.1_1131 
NC_018644.1_39 
NC_018644.1_577 
NC_018644.1_300 
NC_018644.1_337 
NC_018644.1_915 
NC_018644.1_94 
NC_018644.1_1274 
NC_018644.1_1368 
NC_018644.1_275 
NC_018644.1_521 
NC_018644.1_817 
NC_018644.1_867 
NC_018644.1_1009 
NC_018644.1_1375 
NC_018644.1_323 
NC_018644.1_1132 
NC_018644.1_696 
NC_018644.1_1310 
NC_018644.1_237 
NC_018644.1_1016 
NC_018644.1_988 
NC_018644.1_991 
NC_018644.1_267 
NC_018644.1_571 
NC_018644.1_846 
NC_018644.1_1005 
NC_018644.1_1053 
NC_018644.1_1386 
NC_018644.1_192 
NC_018644.1_560 
NC_018644.1_195 
NC_018644.1_1258 
NC_018644.1_145 
NC_018644.1_316 
NC_018644.1_460 
NC_018644.1_614 
NC_018644.1_624 
NC_018644.1_707 
NC_018644.1_1019 
NC_018644.1_1020 
NC_018644.1_1029 
NC_018644.1_1417 
NC_018644.1_1474 
NC_018644.1_304 
NC_018644.1_866 
NC_018644.1_1011 
NC_018644.1_1124 
NC_018644.1_849 
NC_018644.1_474 
NC_018644.1_1000 
NC_018644.1_1486 
NC_018644.1_41 
NC_018644.1_1273 
NC_018644.1_385 
NC_018644.1_586 
NC_018644.1_588 
NC_018644.1_1269 
NC_018644.1_1312 
NC_018644.1_1373 
NC_018644.1_1466 
NC_018644.1_306 
NC_018644.1_45 
NC_018644.1_790 
NC_018644.1_1065 
NC_018644.1_1430 
NC_018644.1_214 
NC_018644.1_228 
NC_018644.1_410 
NC_018644.1_505 
NC_018644.1_920 
NC_018644.1_1211 
NC_018644.1_439 
NC_018644.1_695 
NC_018644.1_847 
NC_018644.1_942 
NC_018644.1_206 
NC_018644.1_850 
NC_018644.1_884 
NC_018644.1_1346 
NC_018644.1_1349 
NC_018644.1_731 
NC_018644.1_994 
NC_018644.1_1169 
NC_018644.1_1248 
NC_018644.1_570 
NC_018644.1_698 
NC_018644.1_813 
NC_018644.1_848 
NC_018644.1_1006 
NC_018644.1_1026 
NC_018644.1_1370 
NC_018644.1_342 
NC_018644.1_905 
NC_018644.1_1008 
NC_018644.1_168 
NC_018644.1_597 
NC_018644.1_1187 
NC_018644.1_1341 
NC_018644.1_953 
NC_018644.1_1073 
NC_018644.1_238 
NC_018644.1_888 
NC_018644.1_100 
NC_018644.1_881 
NC_018644.1_997 
NC_018644.1_999 
NC_018644.1_1260 
NC_018644.1_1335 
NC_018644.1_1394 
NC_018644.1_476 
NC_018644.1_1371 
NC_018644.1_1039 
NC_018644.1_27 
NC_018644.1_552 
NC_018644.1_1142 
NC_018644.1_1182 
NC_018644.1_1350 
NC_018644.1_1389 
NC_018644.1_487 
NC_018644.1_107 
NC_018644.1_1077 
NC_018644.1_303 
NC_018644.1_46 
NC_018644.1_1044 
NC_018644.1_894 
NC_018644.1_215 
NC_018644.1_796 
NC_018644.1_1285 
NC_018644.1_186 
NC_018644.1_529 
NC_018644.1_703 
NC_018644.1_899 
NC_018644.1_329 
NC_018644.1_1482 
NC_018644.1_496 
NC_018644.1_1207 
NC_018644.1_1414 
NC_018644.1_1485 
NC_018644.1_1343 
NC_018644.1_1004 
NC_018644.1_111 
NC_018644.1_670 
NC_018644.1_760 
NC_018644.1_762 
NC_018644.1_72 
NC_018644.1_962 
NC_018644.1_1367 
NC_018644.1_52 
NC_018644.1_844 
NC_018644.1_432 
NC_018644.1_977 
NC_018644.1_1119 
NC_018644.1_425 
NC_018644.1_569 
NC_018644.1_1051 
NC_018644.1_1149 
NC_018644.1_422 
NC_018644.1_1329 
NC_018644.1_835 
NC_018644.1_613 
NC_018644.1_717 
NC_018644.1_1230 
NC_018644.1_1072 
NC_018644.1_59 
NC_018644.1_1439 
NC_018644.1_689 
NC_018644.1_80 
NC_018644.1_1129 
NC_018644.1_1418 
NC_018644.1_77 
NC_018644.1_1052 
NC_018644.1_836 
NC_018644.1_1125 
NC_018644.1_1146 
NC_018644.1_209 
NC_018644.1_1287 
NC_018644.1_161 
NC_018644.1_207 
NC_018644.1_898 
NC_018644.1_802 
NC_018644.1_412 
NC_018644.1_694 
NC_018644.1_81 
NC_018644.1_118 
NC_018644.1_210 
NC_018644.1_1003 
NC_018644.1_1241 
NC_018644.1_350 
NC_018644.1_715 
NC_018644.1_213 
NC_018644.1_932 
NC_018644.1_840 
NC_018644.1_838 
