NC_011138.3_764 NC_011138.3_1727 NC_011138.3_511 NC_011138.3_3869 NC_011138.3_2780 NC_011138.3_265 NC_011138.3_3606 NC_011138.3_753 NC_011138.3_304 NC_011138.3_3077 NC_011138.3_1397 NC_011138.3_808 NC_011138.3_3248 NC_011138.3_3443 NC_011138.3_370 NC_011138.3_2164 NC_011138.3_3769 NC_011138.3_1303 NC_011138.3_1431 NC_011138.3_2308 NC_011138.3_3075 NC_011138.3_2985 NC_011138.3_1109 NC_011138.3_2981 NC_011138.3_3292 NC_011138.3_396 
NC_011138.3_3765 NC_011138.3_157 NC_011138.3_1137 NC_011138.3_1374 NC_011138.3_3605 NC_011138.3_714 NC_011138.3_2827 NC_011138.3_3213 NC_011138.3_927 NC_011138.3_864 NC_011138.3_1136 NC_011138.3_828 NC_011138.3_3701 NC_011138.3_1667 NC_011138.3_822 NC_011138.3_1775 NC_011138.3_3587 NC_011138.3_1391 NC_011138.3_2826 NC_011138.3_2660 NC_011138.3_1760 NC_011138.3_931 NC_011138.3_3904 NC_011138.3_3796 
NC_011138.3_71 NC_011138.3_3451 NC_011138.3_59 NC_011138.3_2502 NC_011138.3_2143 NC_011138.3_1846 NC_011138.3_3307 NC_011138.3_472 NC_011138.3_3350 NC_011138.3_1309 NC_011138.3_2750 NC_011138.3_2360 NC_011138.3_1523 NC_011138.3_3253 NC_011138.3_1505 
NC_011138.3_2794 NC_011138.3_2590 NC_011138.3_725 NC_011138.3_1838 NC_011138.3_1426 NC_011138.3_2216 NC_011138.3_1707 NC_011138.3_2215 NC_011138.3_1968 NC_011138.3_1566 NC_011138.3_1852 NC_011138.3_2795 NC_011138.3_1903 NC_011138.3_1693 NC_011138.3_2588 
NC_011138.3_1352 NC_011138.3_3752 NC_011138.3_144 NC_011138.3_3432 NC_011138.3_663 NC_011138.3_2512 NC_011138.3_1837 NC_011138.3_1550 NC_011138.3_3231 NC_011138.3_3806 NC_011138.3_3729 
NC_011138.3_1146 NC_011138.3_3788 NC_011138.3_1087 NC_011138.3_3164 NC_011138.3_3025 NC_011138.3_3722 NC_011138.3_1313 NC_011138.3_1089 NC_011138.3_2305 NC_011138.3_1141 
NC_011138.3_2493 NC_011138.3_776 NC_011138.3_2233 NC_011138.3_2355 NC_011138.3_445 NC_011138.3_2611 NC_011138.3_651 NC_011138.3_734 NC_011138.3_3703 
NC_011138.3_1077 NC_011138.3_1789 NC_011138.3_1870 NC_011138.3_2185 NC_011138.3_2426 NC_011138.3_3207 NC_011138.3_604 NC_011138.3_625 
NC_011138.3_1014 NC_011138.3_380 NC_011138.3_2036 NC_011138.3_340 NC_011138.3_1642 NC_011138.3_1032 NC_011138.3_2053 NC_011138.3_1027 
NC_011138.3_2206 NC_011138.3_1167 NC_011138.3_1524 NC_011138.3_2205 NC_011138.3_2352 NC_011138.3_2392 NC_011138.3_2442 NC_011138.3_2453 
NC_011138.3_2046 NC_011138.3_293 NC_011138.3_309 NC_011138.3_2041 NC_011138.3_359 NC_011138.3_97 NC_011138.3_3014 
NC_011138.3_765 NC_011138.3_2350 NC_011138.3_2309 NC_011138.3_1551 NC_011138.3_3753 NC_011138.3_2951 NC_011138.3_3508 
NC_011138.3_3751 NC_011138.3_2394 NC_011138.3_1966 NC_011138.3_1967 NC_011138.3_1662 NC_011138.3_2255 NC_011138.3_2425 
NC_011138.3_2395 NC_011138.3_2107 NC_011138.3_1490 NC_011138.3_1969 NC_011138.3_1178 NC_011138.3_3068 NC_011138.3_1342 
NC_011138.3_2093 NC_011138.3_3201 NC_011138.3_620 NC_011138.3_1434 NC_011138.3_1878 NC_011138.3_1880 NC_011138.3_2745 
NC_011138.3_674 NC_011138.3_3251 NC_011138.3_3638 NC_011138.3_1981 NC_011138.3_543 NC_011138.3_912 
NC_011138.3_3237 NC_011138.3_3392 NC_011138.3_474 NC_011138.3_2765 NC_011138.3_3665 NC_011138.3_3890 
NC_011138.3_1189 NC_011138.3_2628 NC_011138.3_2748 NC_011138.3_438 NC_011138.3_402 NC_011138.3_3452 
NC_011138.3_426 NC_011138.3_243 NC_011138.3_3879 NC_011138.3_3039 NC_011138.3_3040 
NC_011138.3_1756 NC_011138.3_1010 NC_011138.3_2056 NC_011138.3_1033 NC_011138.3_3548 
NC_011138.3_220 NC_011138.3_1932 NC_011138.3_411 NC_011138.3_3714 NC_011138.3_4004 
NC_011138.3_1723 NC_011138.3_3032 NC_011138.3_2377 NC_011138.3_158 NC_011138.3_3643 
NC_011138.3_2960 NC_011138.3_1289 NC_011138.3_731 NC_011138.3_175 
NC_011138.3_1225 NC_011138.3_3289 NC_011138.3_1222 NC_011138.3_1468 
NC_011138.3_2023 NC_011138.3_2545 NC_011138.3_890 NC_011138.3_3903 
NC_011138.3_3634 NC_011138.3_1378 NC_011138.3_1291 NC_011138.3_1899 
NC_011138.3_2200 NC_011138.3_564 NC_011138.3_460 NC_011138.3_1559 
NC_011138.3_3546 NC_011138.3_3704 NC_011138.3_1621 NC_011138.3_3294 
NC_011138.3_2962 NC_011138.3_2667 NC_011138.3_128 NC_011138.3_1720 
NC_011138.3_2520 NC_011138.3_1682 NC_011138.3_967 NC_011138.3_667 
NC_011138.3_137 NC_011138.3_1907 NC_011138.3_2271 NC_011138.3_3780 
NC_011138.3_1236 NC_011138.3_3410 NC_011138.3_3409 NC_011138.3_1241 
NC_011138.3_1433 NC_011138.3_1877 NC_011138.3_1879 NC_011138.3_2746 
NC_011138.3_1023 NC_011138.3_1013 NC_011138.3_1025 NC_011138.3_2054 
NC_011138.3_1454 NC_011138.3_598 NC_011138.3_2411 NC_011138.3_3188 
NC_011138.3_529 NC_011138.3_2283 NC_011138.3_2116 
NC_011138.3_1207 NC_011138.3_2494 NC_011138.3_2434 
NC_011138.3_2984 NC_011138.3_1111 NC_011138.3_397 
NC_011138.3_3272 NC_011138.3_3829 NC_011138.3_3942 
NC_011138.3_2074 NC_011138.3_341 NC_011138.3_381 
NC_011138.3_1271 NC_011138.3_633 NC_011138.3_1709 
NC_011138.3_3239 NC_011138.3_1781 NC_011138.3_99 
NC_011138.3_1263 NC_011138.3_3047 NC_011138.3_39 
NC_011138.3_2217 NC_011138.3_1711 NC_011138.3_724 
NC_011138.3_266 NC_011138.3_752 NC_011138.3_2363 
NC_011138.3_3720 NC_011138.3_88 NC_011138.3_3533 
NC_011138.3_1019 NC_011138.3_347 NC_011138.3_2706 
NC_011138.3_3710 NC_011138.3_2011 NC_011138.3_75 
NC_011138.3_2323 NC_011138.3_854 NC_011138.3_2330 
NC_011138.3_2702 NC_011138.3_3321 NC_011138.3_365 
NC_011138.3_2857 NC_011138.3_1460 NC_011138.3_2856 
NC_011138.3_2039 NC_011138.3_295 NC_011138.3_357 
NC_011138.3_768 NC_011138.3_2815 NC_011138.3_553 
NC_011138.3_1710 NC_011138.3_1643 NC_011138.3_632 
NC_011138.3_2732 NC_011138.3_914 NC_011138.3_241 
NC_011138.3_1112 NC_011138.3_400 NC_011138.3_2988 
NC_011138.3_3318 NC_011138.3_3856 NC_011138.3_1387 
NC_011138.3_1636 NC_011138.3_1388 NC_011138.3_1876 
NC_011138.3_3707 NC_011138.3_2042 NC_011138.3_360 
NC_011138.3_1066 NC_011138.3_1067 NC_011138.3_1086 
NC_011138.3_784 NC_011138.3_195 NC_011138.3_283 
NC_011138.3_2730 NC_011138.3_1107 NC_011138.3_3147 
NC_011138.3_3290 NC_011138.3_1558 NC_011138.3_659 
NC_011138.3_1996 NC_011138.3_3258 NC_011138.3_3276 
NC_011138.3_2968 NC_011138.3_3280 NC_011138.3_3105 
NC_011138.3_91 NC_011138.3_1227 NC_011138.3_1743 
NC_011138.3_306 NC_011138.3_300 NC_011138.3_373 
NC_011138.3_1791 NC_011138.3_1532 NC_011138.3_2788 
NC_011138.3_3536 NC_011138.3_1149 NC_011138.3_2124 
NC_011138.3_3366 NC_011138.3_761 NC_011138.3_1164 
NC_011138.3_1712 NC_011138.3_1713 NC_011138.3_1719 
NC_011138.3_1020 NC_011138.3_2707 NC_011138.3_346 
NC_011138.3_1018 NC_011138.3_2705 NC_011138.3_348 
NC_011138.3_1024 NC_011138.3_1012 NC_011138.3_2055 
NC_011138.3_2092 NC_011138.3_3200 NC_011138.3_619 
NC_011138.3_1017 NC_011138.3_2704 NC_011138.3_349 
NC_011138.3_1804 NC_011138.3_1232 NC_011138.3_3538 
NC_011138.3_2354 NC_011138.3_1741 
NC_011138.3_988 NC_011138.3_35 
NC_011138.3_3437 NC_011138.3_1435 
NC_011138.3_2793 NC_011138.3_3225 
NC_011138.3_3821 NC_011138.3_3817 
NC_011138.3_2812 NC_011138.3_469 
NC_011138.3_1350 NC_011138.3_2222 
NC_011138.3_1526 NC_011138.3_1345 
NC_011138.3_2752 NC_011138.3_1921 
NC_011138.3_214 NC_011138.3_3067 
NC_011138.3_3531 NC_011138.3_2814 
NC_011138.3_424 NC_011138.3_3108 
NC_011138.3_842 NC_011138.3_2646 
NC_011138.3_2162 NC_011138.3_2743 
NC_011138.3_4 NC_011138.3_683 
NC_011138.3_446 NC_011138.3_3543 
NC_011138.3_792 NC_011138.3_148 
NC_011138.3_192 NC_011138.3_70 
NC_011138.3_554 NC_011138.3_858 
NC_011138.3_3620 NC_011138.3_1494 
NC_011138.3_1128 NC_011138.3_3636 
NC_011138.3_2393 NC_011138.3_498 
NC_011138.3_2443 NC_011138.3_3045 
NC_011138.3_2808 NC_011138.3_188 
NC_011138.3_1638 NC_011138.3_3845 
NC_011138.3_992 NC_011138.3_1528 
NC_011138.3_3444 NC_011138.3_1441 
NC_011138.3_1582 NC_011138.3_1525 
NC_011138.3_801 NC_011138.3_367 
NC_011138.3_3717 NC_011138.3_86 
NC_011138.3_3298 NC_011138.3_2415 
NC_011138.3_3240 NC_011138.3_2517 
NC_011138.3_532 NC_011138.3_3666 
NC_011138.3_2321 NC_011138.3_1472 
NC_011138.3_2446 NC_011138.3_2766 
NC_011138.3_2467 NC_011138.3_766 
NC_011138.3_1125 NC_011138.3_705 
NC_011138.3_1078 NC_011138.3_167 
NC_011138.3_3588 NC_011138.3_1280 
NC_011138.3_1744 NC_011138.3_1812 
NC_011138.3_1203 NC_011138.3_691 
NC_011138.3_3818 NC_011138.3_1922 
NC_011138.3_1486 NC_011138.3_2362 
NC_011138.3_859 NC_011138.3_542 
NC_011138.3_3559 NC_011138.3_794 
NC_011138.3_1856 NC_011138.3_1259 
NC_011138.3_3176 NC_011138.3_3593 
NC_011138.3_1910 NC_011138.3_3489 
NC_011138.3_3358 NC_011138.3_2010 
NC_011138.3_3001 NC_011138.3_1825 
NC_011138.3_1572 NC_011138.3_3488 
NC_011138.3_4013 NC_011138.3_1094 
NC_011138.3_673 NC_011138.3_709 
NC_011138.3_2781 NC_011138.3_512 
NC_011138.3_836 NC_011138.3_835 
NC_011138.3_759 NC_011138.3_1162 
NC_011138.3_816 NC_011138.3_189 
NC_011138.3_1669 NC_011138.3_1509 
NC_011138.3_3136 NC_011138.3_3712 
NC_011138.3_635 NC_011138.3_2858 
NC_011138.3_1366 NC_011138.3_476 
NC_011138.3_2854 NC_011138.3_3229 
NC_011138.3_1557 NC_011138.3_2004 
NC_011138.3_191 NC_011138.3_3110 
NC_011138.3_451 NC_011138.3_2464 
NC_011138.3_3056 NC_011138.3_1179 
NC_011138.3_1695 NC_011138.3_2414 
NC_011138.3_2257 NC_011138.3_127 
NC_011138.3_244 NC_011138.3_2974 
NC_011138.3_3585 NC_011138.3_3584 
NC_011138.3_3770 NC_011138.3_2172 
NC_011138.3_2954 NC_011138.3_1942 
NC_011138.3_696 NC_011138.3_3012 
NC_011138.3_715 NC_011138.3_3779 
NC_011138.3_4007 NC_011138.3_916 
NC_011138.3_1946 NC_011138.3_1641 
NC_011138.3_3454 NC_011138.3_3619 
NC_011138.3_2279 NC_011138.3_3291 
NC_011138.3_358 NC_011138.3_2040 
NC_011138.3_2595 NC_011138.3_1512 
NC_011138.3_2637 NC_011138.3_114 
NC_011138.3_2995 NC_011138.3_1521 
NC_011138.3_3943 NC_011138.3_3273 
NC_011138.3_1425 NC_011138.3_419 
NC_011138.3_1585 NC_011138.3_1605 
NC_011138.3_3214 NC_011138.3_1373 
NC_011138.3_3138 NC_011138.3_2142 
NC_011138.3_1857 NC_011138.3_3965 
NC_011138.3_3823 NC_011138.3_1224 
NC_011138.3_919 NC_011138.3_954 
NC_011138.3_1484 NC_011138.3_1202 
NC_011138.3_662 NC_011138.3_905 
NC_011138.3_593 NC_011138.3_602 
NC_011138.3_941 NC_011138.3_228 
NC_011138.3_3083 NC_011138.3_1546 
NC_011138.3_3442 NC_011138.3_1247 
NC_011138.3_3534 NC_011138.3_87 
NC_011138.3_1600 NC_011138.3_1718 
NC_011138.3_3778 NC_011138.3_1379 
NC_011138.3_1123 NC_011138.3_2851 
NC_011138.3_2665 NC_011138.3_1053 
NC_011138.3_1269 NC_011138.3_1501 
NC_011138.3_827 NC_011138.3_1360 
NC_011138.3_1214 NC_011138.3_1485 
NC_011138.3_1955 NC_011138.3_643 
NC_011138.3_3934 NC_011138.3_3826 
NC_011138.3_312 NC_011138.3_375 
NC_011138.3_3352 NC_011138.3_3353 
NC_011138.3_1927 NC_011138.3_2677 
NC_011138.3_1411 NC_011138.3_1802 
NC_011138.3_90 NC_011138.3_80 
NC_011138.3_1588 NC_011138.3_1598 
NC_011138.3_496 NC_011138.3_3659 
NC_011138.3_1762 NC_011138.3_1041 
NC_011138.3_1629 NC_011138.3_2957 
NC_011138.3_3894 NC_011138.3_1256 
NC_011138.3_1182 NC_011138.3_1412 
NC_011138.3_301 NC_011138.3_378 
NC_011138.3_2640 NC_011138.3_193 
NC_011138.3_33 NC_011138.3_34 
NC_011138.3_1008 NC_011138.3_1028 
NC_011138.3_2956 NC_011138.3_2955 
NC_011138.3_4022 NC_011138.3_1113 
NC_011138.3_1700 NC_011138.3_539 
NC_011138.3_3911 NC_011138.3_3415 
NC_011138.3_728 NC_011138.3_2409 
NC_011138.3_3663 NC_011138.3_2136 
NC_011138.3_179 NC_011138.3_391 
NC_011138.3_2265 NC_011138.3_3766 
NC_011138.3_2418 NC_011138.3_2420 
NC_011138.3_3020 NC_011138.3_153 
NC_011138.3_3513 NC_011138.3_150 
NC_011138.3_803 NC_011138.3_369 
NC_011138.3_796 NC_011138.3_795 
NC_011138.3_701 NC_011138.3_201 
NC_011138.3_1142 NC_011138.3_3316 
NC_011138.3_3399 NC_011138.3_1542 
NC_011138.3_403 NC_011138.3_1679 
NC_011138.3_187 NC_011138.3_3048 
NC_011138.3_2473 NC_011138.3_3297 
NC_011138.3_384 NC_011138.3_344 
NC_011138.3_3939 NC_011138.3_3828 
NC_011138.3_1006 NC_011138.3_4006 
NC_011138.3_1675 NC_011138.3_3777 
NC_011138.3_2314 NC_011138.3_2247 
NC_011138.3_1298 NC_011138.3_3951 
NC_011138.3_1034 NC_011138.3_1022 
NC_011138.3_2332 NC_011138.3_3256 
NC_011138.3_1405 NC_011138.3_478 
NC_011138.3_1408 NC_011138.3_25 
NC_011138.3_1684 NC_011138.3_256 
NC_011138.3_1165 NC_011138.3_762 
NC_011138.3_2523 NC_011138.3_3182 
NC_011138.3_3660 NC_011138.3_4010 
NC_011138.3_697 NC_011138.3_2384 
NC_011138.3_2304 NC_011138.3_1764 
NC_011138.3_246 NC_011138.3_247 
NC_011138.3_3975 NC_011138.3_644 
NC_011138.3_895 NC_011138.3_3899 
NC_011138.3_3655 NC_011138.3_690 
NC_011138.3_1338 NC_011138.3_3742 
NC_011138.3_3185 NC_011138.3_3209 
NC_011138.3_2204 NC_011138.3_1943 
NC_011138.3_2786 NC_011138.3_1231 
NC_011138.3_30 NC_011138.3_2003 
NC_011138.3_3364 NC_011138.3_2232 
NC_011138.3_83 NC_011138.3_2423 
NC_011138.3_1163 NC_011138.3_760 
NC_011138.3_2763 NC_011138.3_1958 
NC_011138.3_1423 NC_011138.3_552 
NC_011138.3_3598 NC_011138.3_744 
NC_011138.3_2269 NC_011138.3_3775 
NC_011138.3_2566 NC_011138.3_2581 
NC_011138.3_3913 NC_011138.3_1446 
NC_011138.3_84 NC_011138.3_166 
NC_011138.3_313 NC_011138.3_376 
NC_011138.3_2065 NC_011138.3_2066 
NC_011138.3_2267 NC_011138.3_3773 
NC_011138.3_322 NC_011138.3_385 
NC_011138.3_519 NC_011138.3_3128 
NC_011138.3_2390 NC_011138.3_1533 
NC_011138.3_2630 NC_011138.3_1627 
NC_011138.3_362 NC_011138.3_2059 
NC_011138.3_2357 NC_011138.3_732 
NC_011138.3_311 NC_011138.3_374 
NC_011138.3_531 NC_011138.3_2299 
NC_011138.3_149 NC_011138.3_3396 
NC_011138.3_956 NC_011138.3_962 
NC_011138.3_1487 NC_011138.3_3789 
NC_011138.3_386 NC_011138.3_350 
NC_011138.3_1871 NC_011138.3_607 
NC_011138.3_342 NC_011138.3_382 
NC_011138.3_2567 NC_011138.3_458 
NC_011138.3_383 NC_011138.3_343 
NC_011138.3_1610 NC_011138.3_2598 
NC_011138.3_2268 NC_011138.3_3774 
NC_011138.3_3996 NC_011138.3_2095 
NC_011138.3_299 NC_011138.3_372 
NC_011138.3_1416 
NC_011138.3_2871 
NC_011138.3_2019 
NC_011138.3_1274 
NC_011138.3_3121 
NC_011138.3_1924 
NC_011138.3_2293 
NC_011138.3_3623 
NC_011138.3_2406 
NC_011138.3_2576 
NC_011138.3_2432 
NC_011138.3_1658 
NC_011138.3_3624 
NC_011138.3_2289 
NC_011138.3_258 
NC_011138.3_1995 
NC_011138.3_3958 
NC_011138.3_997 
NC_011138.3_408 
NC_011138.3_652 
NC_011138.3_3763 
NC_011138.3_878 
NC_011138.3_1284 
NC_011138.3_1649 
NC_011138.3_252 
NC_011138.3_2290 
NC_011138.3_1893 
NC_011138.3_1617 
NC_011138.3_2785 
NC_011138.3_3330 
NC_011138.3_1681 
NC_011138.3_2242 
NC_011138.3_2832 
NC_011138.3_1726 
NC_011138.3_3550 
NC_011138.3_2866 
NC_011138.3_2510 
NC_011138.3_3990 
NC_011138.3_112 
NC_011138.3_1445 
NC_011138.3_3423 
NC_011138.3_467 
NC_011138.3_264 
NC_011138.3_2243 
NC_011138.3_2034 
NC_011138.3_1923 
NC_011138.3_3378 
NC_011138.3_1042 
NC_011138.3_2738 
NC_011138.3_1703 
NC_011138.3_3709 
NC_011138.3_2090 
NC_011138.3_2318 
NC_011138.3_2845 
NC_011138.3_2867 
NC_011138.3_1195 
NC_011138.3_848 
NC_011138.3_668 
NC_011138.3_185 
NC_011138.3_708 
NC_011138.3_547 
NC_011138.3_1917 
NC_011138.3_2583 
NC_011138.3_2516 
NC_011138.3_769 
NC_011138.3_1154 
NC_011138.3_14 
NC_011138.3_2505 
NC_011138.3_756 
NC_011138.3_2661 
NC_011138.3_3174 
NC_011138.3_675 
NC_011138.3_2680 
NC_011138.3_2843 
NC_011138.3_2885 
NC_011138.3_3482 
NC_011138.3_1782 
NC_011138.3_2992 
NC_011138.3_1654 
NC_011138.3_1724 
NC_011138.3_1898 
NC_011138.3_1275 
NC_011138.3_450 
NC_011138.3_3708 
NC_011138.3_2967 
NC_011138.3_3173 
NC_011138.3_493 
NC_011138.3_1672 
NC_011138.3_230 
NC_011138.3_757 
NC_011138.3_1119 
NC_011138.3_3416 
NC_011138.3_3114 
NC_011138.3_773 
NC_011138.3_2012 
NC_011138.3_924 
NC_011138.3_1730 
NC_011138.3_3652 
NC_011138.3_1832 
NC_011138.3_1131 
NC_011138.3_1935 
NC_011138.3_2495 
NC_011138.3_930 
NC_011138.3_2259 
NC_011138.3_1440 
NC_011138.3_227 
NC_011138.3_2518 
NC_011138.3_2937 
NC_011138.3_2503 
NC_011138.3_1239 
NC_011138.3_3711 
NC_011138.3_706 
NC_011138.3_1334 
NC_011138.3_1670 
NC_011138.3_1936 
NC_011138.3_2548 
NC_011138.3_1392 
NC_011138.3_3247 
NC_011138.3_2749 
NC_011138.3_2682 
NC_011138.3_2123 
NC_011138.3_1029 
NC_011138.3_2203 
NC_011138.3_1752 
NC_011138.3_1504 
NC_011138.3_982 
NC_011138.3_3268 
NC_011138.3_1594 
NC_011138.3_3066 
NC_011138.3_3872 
NC_011138.3_3966 
NC_011138.3_692 
NC_011138.3_2208 
NC_011138.3_2276 
NC_011138.3_3368 
NC_011138.3_1553 
NC_011138.3_1126 
NC_011138.3_3514 
NC_011138.3_1835 
NC_011138.3_2869 
NC_011138.3_845 
NC_011138.3_3988 
NC_011138.3_3993 
NC_011138.3_1609 
NC_011138.3_1430 
NC_011138.3_1786 
NC_011138.3_3296 
NC_011138.3_1540 
NC_011138.3_3520 
NC_011138.3_229 
NC_011138.3_3119 
NC_011138.3_1613 
NC_011138.3_2599 
NC_011138.3_695 
NC_011138.3_2129 
NC_011138.3_1677 
NC_011138.3_1755 
NC_011138.3_3923 
NC_011138.3_2137 
NC_011138.3_2018 
NC_011138.3_3391 
NC_011138.3_658 
NC_011138.3_1096 
NC_011138.3_338 
NC_011138.3_3609 
NC_011138.3_3284 
NC_011138.3_1531 
NC_011138.3_470 
NC_011138.3_3487 
NC_011138.3_1168 
NC_011138.3_2219 
NC_011138.3_3370 
NC_011138.3_2759 
NC_011138.3_3104 
NC_011138.3_1790 
NC_011138.3_782 
NC_011138.3_110 
NC_011138.3_2417 
NC_011138.3_2790 
NC_011138.3_452 
NC_011138.3_3371 
NC_011138.3_1803 
NC_011138.3_1576 
NC_011138.3_1652 
NC_011138.3_3286 
NC_011138.3_2329 
NC_011138.3_2288 
NC_011138.3_2668 
NC_011138.3_2328 
NC_011138.3_3549 
NC_011138.3_3570 
NC_011138.3_3376 
NC_011138.3_862 
NC_011138.3_2456 
NC_011138.3_3561 
NC_011138.3_118 
NC_011138.3_3607 
NC_011138.3_2213 
NC_011138.3_3223 
NC_011138.3_2221 
NC_011138.3_3849 
NC_011138.3_1452 
NC_011138.3_3023 
NC_011138.3_318 
NC_011138.3_3724 
NC_011138.3_108 
NC_011138.3_3992 
NC_011138.3_285 
NC_011138.3_1072 
NC_011138.3_2882 
NC_011138.3_49 
NC_011138.3_1105 
NC_011138.3_2021 
NC_011138.3_125 
NC_011138.3_1170 
NC_011138.3_2327 
NC_011138.3_1007 
NC_011138.3_1348 
NC_011138.3_6 
NC_011138.3_670 
NC_011138.3_151 
NC_011138.3_860 
NC_011138.3_2047 
NC_011138.3_3746 
NC_011138.3_1281 
NC_011138.3_1499 
NC_011138.3_566 
NC_011138.3_2014 
NC_011138.3_3181 
NC_011138.3_936 
NC_011138.3_634 
NC_011138.3_3878 
NC_011138.3_1064 
NC_011138.3_2009 
NC_011138.3_2792 
NC_011138.3_2966 
NC_011138.3_282 
NC_011138.3_2376 
NC_011138.3_3026 
NC_011138.3_308 
NC_011138.3_1243 
NC_011138.3_1265 
NC_011138.3_3091 
NC_011138.3_3896 
NC_011138.3_853 
NC_011138.3_2782 
NC_011138.3_3554 
NC_011138.3_1260 
NC_011138.3_502 
NC_011138.3_1783 
NC_011138.3_2935 
NC_011138.3_3645 
NC_011138.3_1841 
NC_011138.3_3473 
NC_011138.3_3206 
NC_011138.3_3217 
NC_011138.3_1929 
NC_011138.3_325 
NC_011138.3_873 
NC_011138.3_139 
NC_011138.3_1437 
NC_011138.3_1219 
NC_011138.3_2498 
NC_011138.3_718 
NC_011138.3_1601 
NC_011138.3_2472 
NC_011138.3_1568 
NC_011138.3_1826 
NC_011138.3_3812 
NC_011138.3_2990 
NC_011138.3_4024 
NC_011138.3_2687 
NC_011138.3_540 
NC_011138.3_1928 
NC_011138.3_2597 
NC_011138.3_122 
NC_011138.3_3841 
NC_011138.3_2534 
NC_011138.3_332 
NC_011138.3_2001 
NC_011138.3_2349 
NC_011138.3_3222 
NC_011138.3_3198 
NC_011138.3_115 
NC_011138.3_1814 
NC_011138.3_3764 
NC_011138.3_3949 
NC_011138.3_177 
NC_011138.3_3434 
NC_011138.3_3363 
NC_011138.3_3957 
NC_011138.3_735 
NC_011138.3_3159 
NC_011138.3_3801 
NC_011138.3_947 
NC_011138.3_2334 
NC_011138.3_3311 
NC_011138.3_3675 
NC_011138.3_1003 
NC_011138.3_1704 
NC_011138.3_1497 
NC_011138.3_2100 
NC_011138.3_3140 
NC_011138.3_1134 
NC_011138.3_1158 
NC_011138.3_3202 
NC_011138.3_390 
NC_011138.3_442 
NC_011138.3_1264 
NC_011138.3_1956 
NC_011138.3_3030 
NC_011138.3_3782 
NC_011138.3_404 
NC_011138.3_2556 
NC_011138.3_2872 
NC_011138.3_3916 
NC_011138.3_736 
NC_011138.3_907 
NC_011138.3_1915 
NC_011138.3_3006 
NC_011138.3_488 
NC_011138.3_2387 
NC_011138.3_3484 
NC_011138.3_3348 
NC_011138.3_1317 
NC_011138.3_3794 
NC_011138.3_2024 
NC_011138.3_2170 
NC_011138.3_240 
NC_011138.3_1759 
NC_011138.3_2482 
NC_011138.3_2731 
NC_011138.3_2348 
NC_011138.3_3995 
NC_011138.3_1140 
NC_011138.3_3076 
NC_011138.3_1188 
NC_011138.3_3654 
NC_011138.3_1254 
NC_011138.3_2413 
NC_011138.3_3310 
NC_011138.3_786 
NC_011138.3_2594 
NC_011138.3_2606 
NC_011138.3_3462 
NC_011138.3_1716 
NC_011138.3_650 
NC_011138.3_970 
NC_011138.3_1307 
NC_011138.3_3435 
NC_011138.3_2822 
NC_011138.3_3228 
NC_011138.3_1091 
NC_011138.3_1931 
NC_011138.3_3517 
NC_011138.3_747 
NC_011138.3_494 
NC_011138.3_884 
NC_011138.3_1406 
NC_011138.3_1422 
NC_011138.3_1740 
NC_011138.3_2561 
NC_011138.3_3615 
NC_011138.3_416 
NC_011138.3_1418 
NC_011138.3_2774 
NC_011138.3_3380 
NC_011138.3_2292 
NC_011138.3_3269 
NC_011138.3_1354 
NC_011138.3_3152 
NC_011138.3_81 
NC_011138.3_1248 
NC_011138.3_2829 
NC_011138.3_3511 
NC_011138.3_1251 
NC_011138.3_1750 
NC_011138.3_1933 
NC_011138.3_3716 
NC_011138.3_2380 
NC_011138.3_85 
NC_011138.3_1999 
NC_011138.3_1647 
NC_011138.3_1503 
NC_011138.3_2227 
NC_011138.3_3061 
NC_011138.3_3332 
NC_011138.3_2870 
NC_011138.3_1977 
NC_011138.3_3837 
NC_011138.3_2134 
NC_011138.3_2852 
NC_011138.3_3601 
NC_011138.3_3853 
NC_011138.3_2063 
NC_011138.3_923 
NC_011138.3_1850 
NC_011138.3_3117 
NC_011138.3_3539 
NC_011138.3_1 
NC_011138.3_2671 
NC_011138.3_1381 
NC_011138.3_885 
NC_011138.3_3768 
NC_011138.3_654 
NC_011138.3_955 
NC_011138.3_1640 
NC_011138.3_2697 
NC_011138.3_2842 
NC_011138.3_3322 
NC_011138.3_41 
NC_011138.3_1945 
NC_011138.3_3669 
NC_011138.3_1208 
NC_011138.3_1894 
NC_011138.3_1339 
NC_011138.3_2396 
NC_011138.3_2666 
NC_011138.3_2341 
NC_011138.3_3184 
NC_011138.3_1187 
NC_011138.3_1891 
NC_011138.3_2130 
NC_011138.3_2868 
NC_011138.3_138 
NC_011138.3_2614 
NC_011138.3_3458 
NC_011138.3_2458 
NC_011138.3_3715 
NC_011138.3_2027 
NC_011138.3_2064 
NC_011138.3_3113 
NC_011138.3_224 
NC_011138.3_3873 
NC_011138.3_2585 
NC_011138.3_2729 
NC_011138.3_863 
NC_011138.3_920 
NC_011138.3_1737 
NC_011138.3_958 
NC_011138.3_1554 
NC_011138.3_1896 
NC_011138.3_2326 
NC_011138.3_1666 
NC_011138.3_2102 
NC_011138.3_3005 
NC_011138.3_1217 
NC_011138.3_2701 
NC_011138.3_2989 
NC_011138.3_4015 
NC_011138.3_2031 
NC_011138.3_233 
NC_011138.3_1717 
NC_011138.3_1459 
NC_011138.3_1616 
NC_011138.3_1992 
NC_011138.3_568 
NC_011138.3_1951 
NC_011138.3_156 
NC_011138.3_2400 
NC_011138.3_877 
NC_011138.3_3204 
NC_011138.3_943 
NC_011138.3_1455 
NC_011138.3_3952 
NC_011138.3_799 
NC_011138.3_1918 
NC_011138.3_1973 
NC_011138.3_2307 
NC_011138.3_2834 
NC_011138.3_36 
NC_011138.3_485 
NC_011138.3_1665 
NC_011138.3_212 
NC_011138.3_2817 
NC_011138.3_3390 
NC_011138.3_3678 
NC_011138.3_1729 
NC_011138.3_2389 
NC_011138.3_1597 
NC_011138.3_1746 
NC_011138.3_2336 
NC_011138.3_2430 
NC_011138.3_1362 
NC_011138.3_3249 
NC_011138.3_231 
NC_011138.3_181 
NC_011138.3_1930 
NC_011138.3_2711 
NC_011138.3_2723 
NC_011138.3_821 
NC_011138.3_3954 
NC_011138.3_2639 
NC_011138.3_2615 
NC_011138.3_1590 
NC_011138.3_2108 
NC_011138.3_257 
NC_011138.3_2664 
NC_011138.3_3525 
NC_011138.3_2152 
NC_011138.3_1991 
NC_011138.3_2451 
NC_011138.3_1153 
NC_011138.3_1904 
NC_011138.3_3553 
NC_011138.3_843 
NC_011138.3_1573 
NC_011138.3_16 
NC_011138.3_2693 
NC_011138.3_791 
NC_011138.3_2452 
NC_011138.3_2619 
NC_011138.3_2999 
NC_011138.3_3245 
NC_011138.3_1541 
NC_011138.3_1774 
NC_011138.3_260 
NC_011138.3_130 
NC_011138.3_2448 
NC_011138.3_3002 
NC_011138.3_371 
NC_011138.3_2338 
NC_011138.3_2373 
NC_011138.3_2636 
NC_011138.3_3897 
NC_011138.3_1106 
NC_011138.3_1428 
NC_011138.3_2068 
NC_011138.3_3169 
NC_011138.3_3889 
NC_011138.3_1648 
NC_011138.3_2725 
NC_011138.3_3354 
NC_011138.3_3460 
NC_011138.3_721 
NC_011138.3_2030 
NC_011138.3_267 
NC_011138.3_2965 
NC_011138.3_3304 
NC_011138.3_1069 
NC_011138.3_1234 
NC_011138.3_1255 
NC_011138.3_1619 
NC_011138.3_3122 
NC_011138.3_3227 
NC_011138.3_3367 
NC_011138.3_1580 
NC_011138.3_2727 
NC_011138.3_1311 
NC_011138.3_1403 
NC_011138.3_3004 
NC_011138.3_3161 
NC_011138.3_712 
NC_011138.3_1646 
NC_011138.3_2372 
NC_011138.3_303 
NC_011138.3_3078 
NC_011138.3_3529 
NC_011138.3_561 
NC_011138.3_1368 
NC_011138.3_3762 
NC_011138.3_918 
NC_011138.3_1358 
NC_011138.3_2158 
NC_011138.3_671 
NC_011138.3_3510 
NC_011138.3_996 
NC_011138.3_2266 
NC_011138.3_2429 
NC_011138.3_2941 
NC_011138.3_3814 
NC_011138.3_4028 
NC_011138.3_678 
NC_011138.3_1058 
NC_011138.3_2294 
NC_011138.3_3688 
NC_011138.3_1242 
NC_011138.3_2383 
NC_011138.3_504 
NC_011138.3_17 
NC_011138.3_3413 
NC_011138.3_2263 
NC_011138.3_565 
NC_011138.3_2173 
NC_011138.3_3149 
NC_011138.3_1044 
NC_011138.3_1799 
NC_011138.3_2015 
NC_011138.3_2547 
NC_011138.3_3969 
NC_011138.3_2044 
NC_011138.3_2050 
NC_011138.3_307 
NC_011138.3_3097 
NC_011138.3_957 
NC_011138.3_205 
NC_011138.3_3131 
NC_011138.3_3713 
NC_011138.3_3804 
NC_011138.3_1326 
NC_011138.3_2371 
NC_011138.3_3750 
NC_011138.3_1518 
NC_011138.3_1656 
NC_011138.3_2616 
NC_011138.3_2662 
NC_011138.3_3450 
NC_011138.3_981 
NC_011138.3_3490 
NC_011138.3_4000 
NC_011138.3_775 
NC_011138.3_1657 
NC_011138.3_1341 
NC_011138.3_1375 
NC_011138.3_1843 
NC_011138.3_1849 
NC_011138.3_2248 
NC_011138.3_3483 
NC_011138.3_3676 
NC_011138.3_741 
NC_011138.3_1671 
NC_011138.3_1758 
NC_011138.3_3702 
NC_011138.3_703 
NC_011138.3_1129 
NC_011138.3_215 
NC_011138.3_3870 
NC_011138.3_1396 
NC_011138.3_1545 
NC_011138.3_2403 
NC_011138.3_262 
NC_011138.3_2770 
NC_011138.3_1742 
NC_011138.3_3567 
NC_011138.3_3134 
NC_011138.3_3281 
NC_011138.3_3300 
NC_011138.3_388 
NC_011138.3_4031 
NC_011138.3_763 
NC_011138.3_990 
NC_011138.3_1444 
NC_011138.3_1586 
NC_011138.3_1631 
NC_011138.3_183 
NC_011138.3_3137 
NC_011138.3_18 
NC_011138.3_2695 
NC_011138.3_3497 
NC_011138.3_3597 
NC_011138.3_711 
NC_011138.3_3485 
NC_011138.3_1270 
NC_011138.3_1419 
NC_011138.3_1773 
NC_011138.3_441 
NC_011138.3_503 
NC_011138.3_1536 
NC_011138.3_2032 
NC_011138.3_2045 
NC_011138.3_2120 
NC_011138.3_2431 
NC_011138.3_3381 
NC_011138.3_2477 
NC_011138.3_2485 
NC_011138.3_2602 
NC_011138.3_2690 
NC_011138.3_3547 
NC_011138.3_664 
NC_011138.3_1040 
NC_011138.3_3115 
NC_011138.3_754 
NC_011138.3_546 
NC_011138.3_560 
NC_011138.3_1429 
NC_011138.3_1633 
NC_011138.3_686 
NC_011138.3_2118 
NC_011138.3_3974 
NC_011138.3_876 
NC_011138.3_922 
NC_011138.3_1363 
NC_011138.3_1994 
NC_011138.3_298 
NC_011138.3_2980 
NC_011138.3_3672 
NC_011138.3_3945 
NC_011138.3_807 
NC_011138.3_1218 
NC_011138.3_1415 
NC_011138.3_1733 
NC_011138.3_2461 
NC_011138.3_2961 
NC_011138.3_939 
NC_011138.3_1534 
NC_011138.3_2132 
NC_011138.3_2622 
NC_011138.3_2755 
NC_011138.3_3064 
NC_011138.3_3172 
NC_011138.3_781 
NC_011138.3_1535 
NC_011138.3_463 
NC_011138.3_1912 
NC_011138.3_1483 
NC_011138.3_2416 
NC_011138.3_2600 
NC_011138.3_2830 
NC_011138.3_548 
NC_011138.3_812 
NC_011138.3_1560 
NC_011138.3_1628 
NC_011138.3_576 
NC_011138.3_866 
NC_011138.3_3644 
NC_011138.3_1166 
NC_011138.3_2527 
NC_011138.3_545 
NC_011138.3_834 
NC_011138.3_2620 
NC_011138.3_3235 
NC_011138.3_882 
NC_011138.3_242 
NC_011138.3_2529 
NC_011138.3_2543 
NC_011138.3_2634 
NC_011138.3_3552 
NC_011138.3_1302 
NC_011138.3_2716 
NC_011138.3_3560 
NC_011138.3_198 
NC_011138.3_2617 
NC_011138.3_3955 
NC_011138.3_1858 
NC_011138.3_3983 
NC_011138.3_459 
NC_011138.3_915 
NC_011138.3_1591 
NC_011138.3_2223 
NC_011138.3_1976 
NC_011138.3_2209 
NC_011138.3_2696 
NC_011138.3_2052 
NC_011138.3_2098 
NC_011138.3_2720 
NC_011138.3_294 
NC_011138.3_3100 
NC_011138.3_1021 
NC_011138.3_1288 
NC_011138.3_1556 
NC_011138.3_1645 
NC_011138.3_3574 
NC_011138.3_3791 
NC_011138.3_2277 
NC_011138.3_3408 
NC_011138.3_698 
NC_011138.3_2694 
NC_011138.3_2996 
NC_011138.3_3112 
NC_011138.3_3984 
NC_011138.3_132 
NC_011138.3_1668 
NC_011138.3_1772 
NC_011138.3_3699 
NC_011138.3_3880 
NC_011138.3_1776 
NC_011138.3_2169 
NC_011138.3_286 
NC_011138.3_328 
NC_011138.3_3946 
NC_011138.3_44 
NC_011138.3_1333 
NC_011138.3_2246 
NC_011138.3_2613 
NC_011138.3_3730 
NC_011138.3_880 
NC_011138.3_1216 
NC_011138.3_1286 
NC_011138.3_2440 
NC_011138.3_2633 
NC_011138.3_2643 
NC_011138.3_2767 
NC_011138.3_414 
NC_011138.3_1065 
NC_011138.3_1194 
NC_011138.3_2718 
NC_011138.3_3427 
NC_011138.3_3935 
NC_011138.3_2408 
NC_011138.3_2450 
NC_011138.3_3792 
NC_011138.3_1574 
NC_011138.3_3116 
NC_011138.3_505 
NC_011138.3_3087 
NC_011138.3_3412 
NC_011138.3_3790 
NC_011138.3_3132 
NC_011138.3_3886 
NC_011138.3_3156 
NC_011138.3_3255 
NC_011138.3_3687 
NC_011138.3_60 
NC_011138.3_928 
NC_011138.3_1661 
NC_011138.3_2948 
NC_011138.3_73 
NC_011138.3_913 
NC_011138.3_2057 
NC_011138.3_2212 
NC_011138.3_749 
NC_011138.3_95 
NC_011138.3_1997 
NC_011138.3_3466 
NC_011138.3_980 
NC_011138.3_1048 
NC_011138.3_1823 
NC_011138.3_395 
NC_011138.3_558 
NC_011138.3_727 
NC_011138.3_1402 
NC_011138.3_1451 
NC_011138.3_159 
NC_011138.3_2175 
NC_011138.3_3109 
NC_011138.3_733 
NC_011138.3_2828 
NC_011138.3_3337 
NC_011138.3_3414 
NC_011138.3_3612 
NC_011138.3_3871 
NC_011138.3_640 
NC_011138.3_849 
NC_011138.3_140 
NC_011138.3_1622 
NC_011138.3_2278 
NC_011138.3_3157 
NC_011138.3_3614 
NC_011138.3_3915 
NC_011138.3_3930 
NC_011138.3_3947 
NC_011138.3_58 
NC_011138.3_855 
NC_011138.3_141 
NC_011138.3_168 
NC_011138.3_3657 
NC_011138.3_3998 
NC_011138.3_896 
NC_011138.3_1084 
NC_011138.3_1438 
NC_011138.3_2127 
NC_011138.3_2805 
NC_011138.3_1797 
NC_011138.3_1919 
NC_011138.3_2657 
NC_011138.3_2931 
NC_011138.3_3135 
NC_011138.3_477 
NC_011138.3_1192 
NC_011138.3_1199 
NC_011138.3_3111 
NC_011138.3_3445 
NC_011138.3_520 
NC_011138.3_1230 
NC_011138.3_2466 
NC_011138.3_3069 
NC_011138.3_3331 
NC_011138.3_3430 
NC_011138.3_3816 
NC_011138.3_1301 
NC_011138.3_1564 
NC_011138.3_1635 
NC_011138.3_2359 
NC_011138.3_412 
NC_011138.3_1155 
NC_011138.3_274 
NC_011138.3_3671 
NC_011138.3_131 
NC_011138.3_1351 
NC_011138.3_2436 
NC_011138.3_2724 
NC_011138.3_3446 
NC_011138.3_3811 
NC_011138.3_986 
NC_011138.3_1606 
NC_011138.3_174 
NC_011138.3_2264 
NC_011138.3_3205 
NC_011138.3_3476 
NC_011138.3_852 
NC_011138.3_1088 
NC_011138.3_1355 
NC_011138.3_2589 
NC_011138.3_3216 
NC_011138.3_3679 
NC_011138.3_1346 
NC_011138.3_1644 
NC_011138.3_223 
NC_011138.3_2322 
NC_011138.3_2541 
NC_011138.3_2772 
NC_011138.3_2848 
NC_011138.3_3165 
NC_011138.3_466 
NC_011138.3_910 
NC_011138.3_1331 
NC_011138.3_134 
NC_011138.3_3480 
NC_011138.3_3719 
NC_011138.3_550 
NC_011138.3_894 
NC_011138.3_1527 
NC_011138.3_2125 
NC_011138.3_3187 
NC_011138.3_337 
NC_011138.3_1948 
NC_011138.3_2138 
NC_011138.3_2241 
NC_011138.3_3088 
NC_011138.3_3344 
NC_011138.3_1801 
NC_011138.3_2691 
NC_011138.3_3303 
NC_011138.3_1104 
NC_011138.3_1336 
NC_011138.3_1367 
NC_011138.3_1500 
NC_011138.3_2806 
NC_011138.3_3 
NC_011138.3_3027 
NC_011138.3_124 
NC_011138.3_1458 
NC_011138.3_3107 
NC_011138.3_3362 
NC_011138.3_3999 
NC_011138.3_113 
NC_011138.3_1135 
NC_011138.3_2104 
NC_011138.3_2272 
NC_011138.3_2623 
NC_011138.3_2627 
NC_011138.3_3230 
NC_011138.3_574 
NC_011138.3_944 
NC_011138.3_2880 
NC_011138.3_3333 
NC_011138.3_3745 
NC_011138.3_1062 
NC_011138.3_2648 
NC_011138.3_1653 
NC_011138.3_22 
NC_011138.3_1953 
NC_011138.3_2375 
NC_011138.3_2558 
NC_011138.3_2688 
NC_011138.3_1964 
NC_011138.3_2146 
NC_011138.3_439 
NC_011138.3_1872 
NC_011138.3_2 
NC_011138.3_2539 
NC_011138.3_2684 
NC_011138.3_3177 
NC_011138.3_3369 
NC_011138.3_3859 
NC_011138.3_1215 
NC_011138.3_1493 
NC_011138.3_1587 
NC_011138.3_1595 
NC_011138.3_273 
NC_011138.3_3301 
NC_011138.3_838 
NC_011138.3_1680 
NC_011138.3_1961 
NC_011138.3_3000 
NC_011138.3_1474 
NC_011138.3_3681 
NC_011138.3_3695 
NC_011138.3_4002 
NC_011138.3_103 
NC_011138.3_1152 
NC_011138.3_1238 
NC_011138.3_1300 
NC_011138.3_2681 
NC_011138.3_3094 
NC_011138.3_3195 
NC_011138.3_3398 
NC_011138.3_2133 
NC_011138.3_2692 
NC_011138.3_3163 
NC_011138.3_646 
NC_011138.3_2672 
NC_011138.3_268 
NC_011138.3_2714 
NC_011138.3_3003 
NC_011138.3_3319 
NC_011138.3_3457 
NC_011138.3_3467 
NC_011138.3_3613 
NC_011138.3_3705 
NC_011138.3_655 
NC_011138.3_2486 
NC_011138.3_2847 
NC_011138.3_3668 
NC_011138.3_440 
NC_011138.3_991 
NC_011138.3_1520 
NC_011138.3_3885 
NC_011138.3_462 
NC_011138.3_570 
NC_011138.3_1185 
NC_011138.3_1517 
NC_011138.3_1565 
NC_011138.3_1749 
NC_011138.3_1959 
NC_011138.3_21 
NC_011138.3_2151 
NC_011138.3_2686 
NC_011138.3_3194 
NC_011138.3_3405 
NC_011138.3_1808 
NC_011138.3_2487 
NC_011138.3_3203 
NC_011138.3_567 
NC_011138.3_755 
NC_011138.3_1118 
NC_011138.3_200 
NC_011138.3_271 
NC_011138.3_413 
NC_011138.3_486 
NC_011138.3_492 
NC_011138.3_2428 
NC_011138.3_3186 
NC_011138.3_3448 
NC_011138.3_3649 
NC_011138.3_1427 
NC_011138.3_1862 
NC_011138.3_3178 
NC_011138.3_3260 
NC_011138.3_534 
NC_011138.3_949 
NC_011138.3_1098 
NC_011138.3_1150 
NC_011138.3_1290 
NC_011138.3_2256 
NC_011138.3_3557 
NC_011138.3_1329 
NC_011138.3_222 
NC_011138.3_2653 
NC_011138.3_3074 
NC_011138.3_121 
NC_011138.3_2624 
NC_011138.3_339 
NC_011138.3_3447 
NC_011138.3_3461 
NC_011138.3_1030 
NC_011138.3_1266 
NC_011138.3_1900 
NC_011138.3_2218 
NC_011138.3_730 
NC_011138.3_965 
NC_011138.3_1356 
NC_011138.3_2649 
NC_011138.3_2709 
NC_011138.3_3639 
NC_011138.3_926 
NC_011138.3_1076 
NC_011138.3_1193 
NC_011138.3_1395 
NC_011138.3_1506 
NC_011138.3_1650 
NC_011138.3_253 
NC_011138.3_2565 
NC_011138.3_31 
NC_011138.3_526 
NC_011138.3_846 
NC_011138.3_1092 
NC_011138.3_1522 
NC_011138.3_2159 
NC_011138.3_2180 
NC_011138.3_2282 
NC_011138.3_3019 
NC_011138.3_3617 
NC_011138.3_3803 
NC_011138.3_1473 
NC_011138.3_2840 
NC_011138.3_475 
NC_011138.3_155 
NC_011138.3_161 
NC_011138.3_1861 
NC_011138.3_3901 
NC_011138.3_1139 
NC_011138.3_1184 
NC_011138.3_1404 
NC_011138.3_2381 
NC_011138.3_2689 
NC_011138.3_2722 
NC_011138.3_3295 
NC_011138.3_3440 
NC_011138.3_3805 
NC_011138.3_3861 
NC_011138.3_102 
NC_011138.3_165 
NC_011138.3_2544 
NC_011138.3_1830 
NC_011138.3_2080 
NC_011138.3_2753 
NC_011138.3_2789 
NC_011138.3_2881 
NC_011138.3_3407 
NC_011138.3_3530 
NC_011138.3_56 
NC_011138.3_61 
NC_011138.3_689 
NC_011138.3_740 
NC_011138.3_1614 
NC_011138.3_1855 
NC_011138.3_1937 
NC_011138.3_221 
NC_011138.3_3754 
NC_011138.3_1332 
NC_011138.3_1697 
NC_011138.3_2608 
NC_011138.3_276 
NC_011138.3_96 
NC_011138.3_2407 
NC_011138.3_2670 
NC_011138.3_3085 
NC_011138.3_3379 
NC_011138.3_3653 
NC_011138.3_516 
NC_011138.3_3690 
NC_011138.3_464 
NC_011138.3_508 
NC_011138.3_879 
NC_011138.3_1031 
NC_011138.3_541 
NC_011138.3_1819 
NC_011138.3_2020 
NC_011138.3_2249 
NC_011138.3_479 
NC_011138.3_1321 
NC_011138.3_2930 
NC_011138.3_770 
NC_011138.3_881 
NC_011138.3_1477 
NC_011138.3_2685 
NC_011138.3_3564 
NC_011138.3_421 
NC_011138.3_1085 
NC_011138.3_2166 
NC_011138.3_2760 
NC_011138.3_331 
NC_011138.3_3783 
NC_011138.3_1979 
NC_011138.3_2831 
NC_011138.3_569 
NC_011138.3_710 
NC_011138.3_713 
NC_011138.3_1157 
NC_011138.3_2135 
NC_011138.3_2260 
NC_011138.3_3141 
NC_011138.3_3313 
NC_011138.3_3384 
NC_011138.3_3910 
NC_011138.3_642 
NC_011138.3_2281 
NC_011138.3_2391 
NC_011138.3_3661 
NC_011138.3_2719 
NC_011138.3_3456 
NC_011138.3_3492 
NC_011138.3_4011 
NC_011138.3_780 
NC_011138.3_1200 
NC_011138.3_1278 
NC_011138.3_2345 
NC_011138.3_2549 
NC_011138.3_2949 
NC_011138.3_3596 
NC_011138.3_3917 
NC_011138.3_1608 
NC_011138.3_178 
NC_011138.3_2703 
NC_011138.3_3288 
NC_011138.3_3586 
NC_011138.3_637 
NC_011138.3_826 
NC_011138.3_1369 
NC_011138.3_1998 
NC_011138.3_206 
NC_011138.3_2343 
NC_011138.3_3580 
NC_011138.3_525 
NC_011138.3_867 
NC_011138.3_1268 
NC_011138.3_1987 
NC_011138.3_3662 
NC_011138.3_1732 
NC_011138.3_1824 
NC_011138.3_2998 
NC_011138.3_3656 
NC_011138.3_513 
NC_011138.3_631 
NC_011138.3_2177 
NC_011138.3_2536 
NC_011138.3_2683 
NC_011138.3_3486 
NC_011138.3_3868 
NC_011138.3_793 
NC_011138.3_1820 
NC_011138.3_1908 
NC_011138.3_111 
NC_011138.3_1865 
NC_011138.3_2769 
NC_011138.3_3060 
NC_011138.3_3472 
NC_011138.3_1714 
NC_011138.3_2229 
NC_011138.3_3215 
NC_011138.3_3810 
NC_011138.3_989 
NC_011138.3_2079 
NC_011138.3_2333 
NC_011138.3_2797 
NC_011138.3_2825 
NC_011138.3_3425 
NC_011138.3_410 
NC_011138.3_772 
NC_011138.3_1063 
NC_011138.3_19 
NC_011138.3_2625 
NC_011138.3_3035 
NC_011138.3_3558 
NC_011138.3_3641 
NC_011138.3_1480 
NC_011138.3_1859 
NC_011138.3_2236 
NC_011138.3_2500 
NC_011138.3_3065 
NC_011138.3_3120 
NC_011138.3_3278 
NC_011138.3_841 
NC_011138.3_2553 
NC_011138.3_2580 
NC_011138.3_296 
NC_011138.3_3126 
NC_011138.3_3799 
NC_011138.3_1204 
NC_011138.3_1539 
NC_011138.3_2645 
NC_011138.3_2950 
NC_011138.3_3008 
NC_011138.3_3830 
NC_011138.3_521 
NC_011138.3_672 
NC_011138.3_1117 
NC_011138.3_143 
NC_011138.3_2514 
NC_011138.3_3420 
NC_011138.3_3846 
NC_011138.3_3929 
NC_011138.3_1183 
NC_011138.3_226 
NC_011138.3_2740 
NC_011138.3_3674 
NC_011138.3_3865 
NC_011138.3_190 
NC_011138.3_26 
NC_011138.3_2853 
NC_011138.3_3963 
NC_011138.3_1177 
NC_011138.3_1589 
NC_011138.3_1691 
NC_011138.3_2530 
NC_011138.3_415 
NC_011138.3_455 
NC_011138.3_971 
NC_011138.3_1244 
NC_011138.3_1757 
NC_011138.3_2225 
NC_011138.3_3127 
NC_011138.3_461 
NC_011138.3_892 
NC_011138.3_2078 
NC_011138.3_2303 
NC_011138.3_3081 
NC_011138.3_1708 
NC_011138.3_2584 
NC_011138.3_2663 
NC_011138.3_2836 
NC_011138.3_3233 
NC_011138.3_2239 
NC_011138.3_3658 
NC_011138.3_1173 
NC_011138.3_1258 
NC_011138.3_236 
NC_011138.3_2849 
NC_011138.3_3582 
NC_011138.3_940 
NC_011138.3_1543 
NC_011138.3_1655 
NC_011138.3_2994 
NC_011138.3_3914 
NC_011138.3_506 
NC_011138.3_751 
NC_011138.3_1147 
NC_011138.3_1181 
NC_011138.3_1384 
NC_011138.3_2358 
NC_011138.3_2405 
NC_011138.3_2478 
NC_011138.3_868 
NC_011138.3_1481 
NC_011138.3_2339 
NC_011138.3_2737 
NC_011138.3_2758 
NC_011138.3_3308 
NC_011138.3_3439 
NC_011138.3_3866 
NC_011138.3_7 
NC_011138.3_1890 
NC_011138.3_2484 
NC_011138.3_2555 
NC_011138.3_2573 
NC_011138.3_363 
NC_011138.3_3962 
NC_011138.3_2591 
NC_011138.3_3842 
NC_011138.3_3874 
NC_011138.3_856 
NC_011138.3_1393 
NC_011138.3_1637 
NC_011138.3_2365 
NC_011138.3_2833 
NC_011138.3_1138 
NC_011138.3_1252 
NC_011138.3_1407 
NC_011138.3_2378 
NC_011138.3_2975 
NC_011138.3_3401 
NC_011138.3_3650 
NC_011138.3_3784 
NC_011138.3_1316 
NC_011138.3_2533 
NC_011138.3_254 
NC_011138.3_3403 
NC_011138.3_3463 
NC_011138.3_952 
NC_011138.3_1122 
NC_011138.3_1699 
NC_011138.3_2351 
NC_011138.3_287 
NC_011138.3_3576 
NC_011138.3_3618 
NC_011138.3_950 
NC_011138.3_1567 
NC_011138.3_169 
NC_011138.3_1984 
NC_011138.3_2324 
NC_011138.3_2644 
NC_011138.3_2669 
NC_011138.3_3236 
NC_011138.3_3320 
NC_011138.3_3577 
NC_011138.3_3798 
NC_011138.3_3807 
NC_011138.3_405 
NC_011138.3_666 
NC_011138.3_1325 
NC_011138.3_3232 
NC_011138.3_3470 
NC_011138.3_3670 
NC_011138.3_484 
NC_011138.3_1196 
NC_011138.3_2000 
NC_011138.3_2715 
NC_011138.3_2993 
NC_011138.3_3855 
NC_011138.3_4021 
NC_011138.3_951 
NC_011138.3_1059 
NC_011138.3_1424 
NC_011138.3_1944 
NC_011138.3_1954 
NC_011138.3_2144 
NC_011138.3_2562 
NC_011138.3_2855 
NC_011138.3_3106 
NC_011138.3_3238 
NC_011138.3_524 
NC_011138.3_726 
NC_011138.3_1229 
NC_011138.3_182 
NC_011138.3_1920 
NC_011138.3_1949 
NC_011138.3_2167 
NC_011138.3_2285 
NC_011138.3_2979 
NC_011138.3_3953 
NC_011138.3_975 
NC_011138.3_2174 
NC_011138.3_2969 
NC_011138.3_3219 
NC_011138.3_3326 
NC_011138.3_556 
NC_011138.3_2235 
NC_011138.3_2368 
NC_011138.3_3468 
NC_011138.3_501 
NC_011138.3_783 
NC_011138.3_1409 
NC_011138.3_1909 
NC_011138.3_1925 
NC_011138.3_218 
NC_011138.3_3220 
NC_011138.3_3479 
NC_011138.3_3982 
NC_011138.3_63 
NC_011138.3_979 
NC_011138.3_2105 
NC_011138.3_2578 
NC_011138.3_3972 
NC_011138.3_4014 
NC_011138.3_66 
NC_011138.3_959 
NC_011138.3_106 
NC_011138.3_1456 
NC_011138.3_1488 
NC_011138.3_2603 
NC_011138.3_263 
NC_011138.3_2972 
NC_011138.3_2986 
NC_011138.3_3583 
NC_011138.3_448 
NC_011138.3_676 
NC_011138.3_117 
NC_011138.3_123 
NC_011138.3_2331 
NC_011138.3_2337 
NC_011138.3_2369 
NC_011138.3_2508 
NC_011138.3_2515 
NC_011138.3_2673 
NC_011138.3_3197 
NC_011138.3_3252 
NC_011138.3_443 
NC_011138.3_1498 
NC_011138.3_1696 
NC_011138.3_2182 
NC_011138.3_3171 
NC_011138.3_3600 
NC_011138.3_2404 
NC_011138.3_2492 
NC_011138.3_2717 
NC_011138.3_2726 
NC_011138.3_324 
NC_011138.3_418 
NC_011138.3_797 
NC_011138.3_818 
NC_011138.3_1768 
NC_011138.3_1962 
NC_011138.3_2002 
NC_011138.3_2551 
NC_011138.3_2607 
NC_011138.3_2675 
NC_011138.3_3351 
NC_011138.3_1205 
NC_011138.3_1383 
NC_011138.3_1818 
NC_011138.3_2444 
NC_011138.3_2468 
NC_011138.3_3145 
NC_011138.3_2176 
NC_011138.3_2568 
NC_011138.3_2679 
NC_011138.3_2844 
NC_011138.3_3090 
NC_011138.3_3395 
NC_011138.3_748 
NC_011138.3_1562 
NC_011138.3_1607 
NC_011138.3_1676 
NC_011138.3_3385 
NC_011138.3_3682 
NC_011138.3_4019 
NC_011138.3_661 
NC_011138.3_93 
NC_011138.3_1054 
NC_011138.3_1853 
NC_011138.3_197 
NC_011138.3_2028 
NC_011138.3_2086 
NC_011138.3_2297 
NC_011138.3_3329 
NC_011138.3_1960 
NC_011138.3_2810 
NC_011138.3_3279 
NC_011138.3_4025 
NC_011138.3_510 
NC_011138.3_777 
NC_011138.3_779 
NC_011138.3_2764 
NC_011138.3_3010 
NC_011138.3_3545 
NC_011138.3_3892 
NC_011138.3_431 
NC_011138.3_969 
NC_011138.3_2837 
NC_011138.3_3042 
NC_011138.3_1604 
NC_011138.3_259 
NC_011138.3_2708 
NC_011138.3_1114 
NC_011138.3_1630 
NC_011138.3_2712 
NC_011138.3_3509 
NC_011138.3_3604 
NC_011138.3_3860 
NC_011138.3_457 
NC_011138.3_1785 
NC_011138.3_2490 
NC_011138.3_3084 
NC_011138.3_3168 
NC_011138.3_3356 
NC_011138.3_3357 
NC_011138.3_3459 
NC_011138.3_1401 
NC_011138.3_154 
NC_011138.3_1624 
NC_011138.3_1674 
NC_011138.3_1736 
NC_011138.3_2168 
NC_011138.3_3387 
NC_011138.3_3419 
NC_011138.3_354 
NC_011138.3_3802 
NC_011138.3_3835 
NC_011138.3_3920 
NC_011138.3_53 
NC_011138.3_899 
NC_011138.3_1836 
NC_011138.3_203 
NC_011138.3_3424 
NC_011138.3_473 
NC_011138.3_1080 
NC_011138.3_1443 
NC_011138.3_1632 
NC_011138.3_3270 
NC_011138.3_3978 
NC_011138.3_507 
NC_011138.3_660 
NC_011138.3_681 
NC_011138.3_1145 
NC_011138.3_1639 
NC_011138.3_745 
NC_011138.3_79 
NC_011138.3_909 
NC_011138.3_1279 
NC_011138.3_1975 
NC_011138.3_2513 
NC_011138.3_2593 
NC_011138.3_3031 
NC_011138.3_3728 
NC_011138.3_575 
NC_011138.3_1842 
NC_011138.3_2245 
NC_011138.3_2454 
NC_011138.3_3148 
NC_011138.3_327 
NC_011138.3_3599 
NC_011138.3_3759 
NC_011138.3_972 
NC_011138.3_1502 
NC_011138.3_1972 
NC_011138.3_2082 
NC_011138.3_2199 
NC_011138.3_2379 
NC_011138.3_3991 
NC_011138.3_1060 
NC_011138.3_2089 
NC_011138.3_3193 
NC_011138.3_3365 
NC_011138.3_3478 
NC_011138.3_889 
NC_011138.3_1625 
NC_011138.3_1988 
NC_011138.3_2641 
NC_011138.3_2761 
NC_011138.3_3541 
NC_011138.3_3756 
NC_011138.3_612 
NC_011138.3_978 
NC_011138.3_1093 
NC_011138.3_1250 
NC_011138.3_1811 
NC_011138.3_2211 
NC_011138.3_2398 
NC_011138.3_528 
NC_011138.3_933 
NC_011138.3_1103 
NC_011138.3_2083 
NC_011138.3_2982 
NC_011138.3_3058 
NC_011138.3_3144 
NC_011138.3_3767 
NC_011138.3_946 
NC_011138.3_152 
NC_011138.3_2642 
NC_011138.3_29 
NC_011138.3_829 
NC_011138.3_1237 
NC_011138.3_3731 
NC_011138.3_135 
NC_011138.3_2997 
NC_011138.3_3011 
NC_011138.3_3323 
NC_011138.3_3556 
NC_011138.3_3725 
NC_011138.3_985 
NC_011138.3_42 
NC_011138.3_887 
NC_011138.3_2201 
NC_011138.3_2419 
NC_011138.3_2507 
NC_011138.3_2521 
NC_011138.3_3411 
NC_011138.3_3888 
NC_011138.3_129 
NC_011138.3_1296 
NC_011138.3_1940 
NC_011138.3_2531 
NC_011138.3_2635 
NC_011138.3_2734 
NC_011138.3_3242 
NC_011138.3_3374 
NC_011138.3_3864 
NC_011138.3_805 
NC_011138.3_902 
NC_011138.3_1767 
NC_011138.3_1985 
NC_011138.3_2121 
NC_011138.3_232 
NC_011138.3_277 
NC_011138.3_326 
NC_011138.3_3455 
NC_011138.3_758 
NC_011138.3_1101 
NC_011138.3_1110 
NC_011138.3_1578 
NC_011138.3_250 
NC_011138.3_2519 
NC_011138.3_2773 
NC_011138.3_316 
NC_011138.3_3312 
NC_011138.3_3854 
NC_011138.3_537 
NC_011138.3_883 
NC_011138.3_2096 
NC_011138.3_2103 
NC_011138.3_2226 
NC_011138.3_2977 
NC_011138.3_3706 
NC_011138.3_1596 
NC_011138.3_2051 
NC_011138.3_2300 
NC_011138.3_278 
NC_011138.3_48 
NC_011138.3_1592 
NC_011138.3_1735 
NC_011138.3_1902 
NC_011138.3_1934 
NC_011138.3_2115 
NC_011138.3_2938 
NC_011138.3_3073 
NC_011138.3_3309 
NC_011138.3_336 
NC_011138.3_3824 
NC_011138.3_389 
NC_011138.3_422 
NC_011138.3_1844 
NC_011138.3_1941 
NC_011138.3_2161 
NC_011138.3_2528 
NC_011138.3_2889 
NC_011138.3_3819 
NC_011138.3_800 
NC_011138.3_1577 
NC_011138.3_194 
NC_011138.3_2077 
NC_011138.3_2522 
NC_011138.3_3761 
NC_011138.3_921 
NC_011138.3_1690 
NC_011138.3_1892 
NC_011138.3_2157 
NC_011138.3_2238 
NC_011138.3_2489 
NC_011138.3_789 
NC_011138.3_976 
NC_011138.3_2237 
NC_011138.3_3183 
NC_011138.3_3389 
NC_011138.3_3397 
NC_011138.3_353 
NC_011138.3_813 
NC_011138.3_1108 
NC_011138.3_142 
NC_011138.3_2085 
NC_011138.3_2165 
NC_011138.3_2839 
NC_011138.3_3151 
NC_011138.3_3212 
NC_011138.3_3602 
NC_011138.3_3034 
NC_011138.3_366 
NC_011138.3_3836 
NC_011138.3_481 
NC_011138.3_2385 
NC_011138.3_2447 
NC_011138.3_3166 
NC_011138.3_3359 
NC_011138.3_55 
NC_011138.3_1371 
NC_011138.3_1810 
NC_011138.3_2768 
NC_011138.3_3054 
NC_011138.3_785 
NC_011138.3_839 
NC_011138.3_1664 
NC_011138.3_2526 
NC_011138.3_2605 
NC_011138.3_269 
NC_011138.3_456 
NC_011138.3_898 
NC_011138.3_1052 
NC_011138.3_1299 
NC_011138.3_172 
NC_011138.3_2005 
NC_011138.3_3594 
NC_011138.3_368 
NC_011138.3_3734 
NC_011138.3_468 
NC_011138.3_636 
NC_011138.3_648 
NC_011138.3_865 
NC_011138.3_1235 
NC_011138.3_1687 
NC_011138.3_2049 
NC_011138.3_2145 
NC_011138.3_2932 
NC_011138.3_3287 
NC_011138.3_3921 
NC_011138.3_3981 
NC_011138.3_601 
NC_011138.3_1916 
NC_011138.3_2438 
NC_011138.3_2457 
NC_011138.3_2471 
NC_011138.3_2959 
NC_011138.3_3210 
NC_011138.3_904 
NC_011138.3_1983 
NC_011138.3_3648 
NC_011138.3_610 
NC_011138.3_719 
NC_011138.3_1083 
NC_011138.3_1253 
NC_011138.3_1261 
NC_011138.3_1683 
NC_011138.3_1806 
NC_011138.3_1986 
NC_011138.3_270 
NC_011138.3_3651 
NC_011138.3_37 
NC_011138.3_3937 
NC_011138.3_434 
NC_011138.3_571 
NC_011138.3_685 
NC_011138.3_788 
NC_011138.3_804 
NC_011138.3_1043 
NC_011138.3_1370 
NC_011138.3_1417 
NC_011138.3_1593 
NC_011138.3_2163 
NC_011138.3_2659 
NC_011138.3_2945 
NC_011138.3_3125 
NC_011138.3_3155 
NC_011138.3_3542 
NC_011138.3_3820 
NC_011138.3_1511 
NC_011138.3_210 
NC_011138.3_2126 
NC_011138.3_2820 
NC_011138.3_292 
NC_011138.3_2933 
NC_011138.3_3041 
NC_011138.3_3926 
NC_011138.3_1442 
NC_011138.3_1798 
NC_011138.3_196 
NC_011138.3_2550 
NC_011138.3_2676 
NC_011138.3_3021 
NC_011138.3_3526 
NC_011138.3_3627 
NC_011138.3_116 
NC_011138.3_1829 
NC_011138.3_2088 
NC_011138.3_2230 
NC_011138.3_2335 
NC_011138.3_1323 
NC_011138.3_2410 
NC_011138.3_2713 
NC_011138.3_2952 
NC_011138.3_3474 
NC_011138.3_3787 
NC_011138.3_3989 
NC_011138.3_47 
NC_011138.3_523 
NC_011138.3_1057 
NC_011138.3_2258 
NC_011138.3_2554 
NC_011138.3_2878 
NC_011138.3_3070 
NC_011138.3_3477 
NC_011138.3_173 
NC_011138.3_1957 
NC_011138.3_2776 
NC_011138.3_3422 
NC_011138.3_3475 
NC_011138.3_3647 
NC_011138.3_3760 
NC_011138.3_3907 
NC_011138.3_1061 
NC_011138.3_1491 
NC_011138.3_2652 
NC_011138.3_2787 
NC_011138.3_3433 
NC_011138.3_3610 
NC_011138.3_1073 
NC_011138.3_2171 
NC_011138.3_2250 
NC_011138.3_2710 
NC_011138.3_3241 
NC_011138.3_3481 
NC_011138.3_3735 
NC_011138.3_45 
NC_011138.3_480 
NC_011138.3_656 
NC_011138.3_684 
NC_011138.3_802 
NC_011138.3_1246 
NC_011138.3_1715 
NC_011138.3_2346 
NC_011138.3_2609 
NC_011138.3_27 
NC_011138.3_2804 
NC_011138.3_945 
NC_011138.3_1414 
NC_011138.3_145 
NC_011138.3_1583 
NC_011138.3_1739 
NC_011138.3_1821 
NC_011138.3_2131 
NC_011138.3_2361 
NC_011138.3_3400 
NC_011138.3_798 
NC_011138.3_994 
NC_011138.3_1074 
NC_011138.3_1267 
NC_011138.3_1698 
NC_011138.3_2008 
NC_011138.3_2463 
NC_011138.3_2656 
NC_011138.3_2838 
NC_011138.3_3603 
NC_011138.3_4026 
NC_011138.3_1869 
NC_011138.3_2109 
NC_011138.3_2449 
NC_011138.3_3063 
NC_011138.3_831 
NC_011138.3_932 
NC_011138.3_2540 
NC_011138.3_2572 
NC_011138.3_2886 
NC_011138.3_465 
NC_011138.3_2016 
NC_011138.3_2076 
NC_011138.3_937 
NC_011138.3_1245 
NC_011138.3_1390 
NC_011138.3_1471 
NC_011138.3_1761 
NC_011138.3_2275 
NC_011138.3_2469 
NC_011138.3_2762 
NC_011138.3_2953 
NC_011138.3_870 
NC_011138.3_1124 
NC_011138.3_1148 
NC_011138.3_1420 
NC_011138.3_15 
NC_011138.3_1982 
NC_011138.3_2262 
NC_011138.3_2291 
NC_011138.3_449 
NC_011138.3_1213 
NC_011138.3_2160 
NC_011138.3_3589 
NC_011138.3_2081 
NC_011138.3_238 
NC_011138.3_2861 
NC_011138.3_963 
NC_011138.3_1082 
NC_011138.3_1172 
NC_011138.3_2101 
NC_011138.3_2497 
NC_011138.3_2604 
NC_011138.3_2654 
NC_011138.3_315 
NC_011138.3_3512 
NC_011138.3_3523 
NC_011138.3_3537 
NC_011138.3_3680 
NC_011138.3_3693 
NC_011138.3_3933 
NC_011138.3_146 
NC_011138.3_1623 
NC_011138.3_2875 
NC_011138.3_2987 
NC_011138.3_3346 
NC_011138.3_3382 
NC_011138.3_3980 
NC_011138.3_699 
NC_011138.3_1209 
NC_011138.3_13 
NC_011138.3_1529 
NC_011138.3_2552 
NC_011138.3_3578 
NC_011138.3_428 
NC_011138.3_1285 
NC_011138.3_1834 
NC_011138.3_2210 
NC_011138.3_2261 
NC_011138.3_3540 
NC_011138.3_4023 
NC_011138.3_645 
NC_011138.3_1223 
NC_011138.3_1228 
NC_011138.3_1476 
NC_011138.3_1702 
NC_011138.3_204 
NC_011138.3_2728 
NC_011138.3_3471 
NC_011138.3_717 
NC_011138.3_811 
NC_011138.3_814 
NC_011138.3_100 
NC_011138.3_2488 
NC_011138.3_2579 
NC_011138.3_2601 
NC_011138.3_2754 
NC_011138.3_3851 
NC_011138.3_702 
NC_011138.3_1482 
NC_011138.3_1563 
NC_011138.3_1800 
NC_011138.3_2084 
NC_011138.3_237 
NC_011138.3_284 
NC_011138.3_3162 
NC_011138.3_3882 
NC_011138.3_3884 
NC_011138.3_3944 
NC_011138.3_679 
NC_011138.3_1015 
NC_011138.3_12 
NC_011138.3_1436 
NC_011138.3_1938 
NC_011138.3_2437 
NC_011138.3_3098 
NC_011138.3_3426 
NC_011138.3_3438 
NC_011138.3_3635 
NC_011138.3_693 
NC_011138.3_1174 
NC_011138.3_1320 
NC_011138.3_1470 
NC_011138.3_2621 
NC_011138.3_2976 
NC_011138.3_3375 
NC_011138.3_3394 
NC_011138.3_3493 
NC_011138.3_3611 
NC_011138.3_3959 
NC_011138.3_2037 
NC_011138.3_2491 
NC_011138.3_2739 
NC_011138.3_3101 
NC_011138.3_3250 
NC_011138.3_364 
NC_011138.3_3749 
NC_011138.3_399 
NC_011138.3_417 
NC_011138.3_1347 
NC_011138.3_1599 
NC_011138.3_1816 
NC_011138.3_184 
NC_011138.3_2386 
NC_011138.3_1353 
NC_011138.3_2402 
NC_011138.3_2819 
NC_011138.3_3738 
NC_011138.3_490 
NC_011138.3_120 
NC_011138.3_605 
NC_011138.3_8 
NC_011138.3_2069 
NC_011138.3_2397 
NC_011138.3_2445 
NC_011138.3_429 
NC_011138.3_917 
NC_011138.3_974 
NC_011138.3_170 
NC_011138.3_1867 
NC_011138.3_2155 
NC_011138.3_2207 
NC_011138.3_2474 
NC_011138.3_2569 
NC_011138.3_2877 
NC_011138.3_3591 
NC_011138.3_3721 
NC_011138.3_499 
NC_011138.3_653 
NC_011138.3_742 
NC_011138.3_875 
NC_011138.3_911 
NC_011138.3_1618 
NC_011138.3_162 
NC_011138.3_2342 
NC_011138.3_2353 
NC_011138.3_2399 
NC_011138.3_2499 
NC_011138.3_3130 
NC_011138.3_1045 
NC_011138.3_1257 
NC_011138.3_1685 
NC_011138.3_3095 
NC_011138.3_3285 
NC_011138.3_3453 
NC_011138.3_1410 
NC_011138.3_217 
NC_011138.3_2347 
NC_011138.3_2374 
NC_011138.3_249 
NC_011138.3_2860 
NC_011138.3_3302 
NC_011138.3_3863 
NC_011138.3_1120 
NC_011138.3_1463 
NC_011138.3_225 
NC_011138.3_2784 
NC_011138.3_3822 
NC_011138.3_716 
NC_011138.3_2441 
NC_011138.3_2700 
NC_011138.3_3124 
NC_011138.3_3941 
NC_011138.3_43 
NC_011138.3_444 
NC_011138.3_999 
NC_011138.3_1004 
NC_011138.3_1312 
NC_011138.3_1327 
NC_011138.3_216 
NC_011138.3_2202 
NC_011138.3_234 
NC_011138.3_2370 
NC_011138.3_3180 
NC_011138.3_3293 
NC_011138.3_3781 
NC_011138.3_3895 
NC_011138.3_3967 
NC_011138.3_3973 
NC_011138.3_4009 
NC_011138.3_1220 
NC_011138.3_1240 
NC_011138.3_1475 
NC_011138.3_2559 
NC_011138.3_2751 
NC_011138.3_491 
NC_011138.3_682 
NC_011138.3_1382 
NC_011138.3_1748 
NC_011138.3_2560 
NC_011138.3_2721 
NC_011138.3_2873 
NC_011138.3_3569 
NC_011138.3_3590 
NC_011138.3_3858 
NC_011138.3_3924 
NC_011138.3_824 
NC_011138.3_1127 
NC_011138.3_2313 
NC_011138.3_2524 
NC_011138.3_3096 
NC_011138.3_3306 
NC_011138.3_3692 
NC_011138.3_1413 
NC_011138.3_1989 
NC_011138.3_1990 
NC_011138.3_2099 
NC_011138.3_2481 
NC_011138.3_3142 
NC_011138.3_3372 
NC_011138.3_987 
NC_011138.3_1581 
NC_011138.3_2841 
NC_011138.3_3522 
NC_011138.3_65 
NC_011138.3_1190 
NC_011138.3_2479 
NC_011138.3_2859 
NC_011138.3_3036 
NC_011138.3_3743 
NC_011138.3_1561 
NC_011138.3_1620 
NC_011138.3_2149 
NC_011138.3_2577 
NC_011138.3_3118 
NC_011138.3_3740 
NC_011138.3_750 
NC_011138.3_908 
NC_011138.3_1206 
NC_011138.3_2742 
NC_011138.3_3080 
NC_011138.3_3544 
NC_011138.3_1262 
NC_011138.3_1469 
NC_011138.3_1701 
NC_011138.3_1854 
NC_011138.3_261 
NC_011138.3_2744 
NC_011138.3_3079 
NC_011138.3_3226 
NC_011138.3_3532 
NC_011138.3_977 
NC_011138.3_1159 
NC_011138.3_1860 
NC_011138.3_1978 
NC_011138.3_2460 
NC_011138.3_2571 
NC_011138.3_329 
NC_011138.3_823 
NC_011138.3_1464 
NC_011138.3_1673 
NC_011138.3_1817 
NC_011138.3_2796 
NC_011138.3_3347 
NC_011138.3_3551 
NC_011138.3_3632 
NC_011138.3_11 
NC_011138.3_1575 
NC_011138.3_1926 
NC_011138.3_2344 
NC_011138.3_2582 
NC_011138.3_2799 
NC_011138.3_611 
NC_011138.3_825 
NC_011138.3_1611 
NC_011138.3_2807 
NC_011138.3_3049 
NC_011138.3_3341 
NC_011138.3_3361 
NC_011138.3_3469 
NC_011138.3_3891 
NC_011138.3_527 
NC_011138.3_723 
NC_011138.3_729 
NC_011138.3_960 
NC_011138.3_2147 
NC_011138.3_24 
NC_011138.3_3640 
NC_011138.3_551 
NC_011138.3_657 
NC_011138.3_1097 
NC_011138.3_1448 
NC_011138.3_2612 
NC_011138.3_2658 
NC_011138.3_2757 
NC_011138.3_2791 
NC_011138.3_3505 
NC_011138.3_3936 
NC_011138.3_471 
NC_011138.3_925 
NC_011138.3_1745 
NC_011138.3_1885 
NC_011138.3_2506 
NC_011138.3_2970 
NC_011138.3_3043 
NC_011138.3_3839 
NC_011138.3_538 
NC_011138.3_874 
NC_011138.3_1328 
NC_011138.3_1634 
NC_011138.3_2071 
NC_011138.3_2631 
NC_011138.3_2864 
NC_011138.3_3502 
NC_011138.3_4016 
NC_011138.3_1851 
NC_011138.3_208 
NC_011138.3_32 
NC_011138.3_3393 
NC_011138.3_392 
NC_011138.3_938 
NC_011138.3_1276 
NC_011138.3_1380 
NC_011138.3_1771 
NC_011138.3_2459 
NC_011138.3_3055 
NC_011138.3_489 
NC_011138.3_1897 
NC_011138.3_406 
NC_011138.3_522 
NC_011138.3_694 
NC_011138.3_1295 
NC_011138.3_1365 
NC_011138.3_2778 
NC_011138.3_3044 
NC_011138.3_126 
NC_011138.3_1319 
NC_011138.3_1514 
NC_011138.3_180 
NC_011138.3_2026 
NC_011138.3_2971 
NC_011138.3_3257 
NC_011138.3_3616 
NC_011138.3_3626 
NC_011138.3_3757 
NC_011138.3_447 
NC_011138.3_1068 
NC_011138.3_1615 
NC_011138.3_1831 
NC_011138.3_1895 
NC_011138.3_2427 
NC_011138.3_3383 
NC_011138.3_487 
NC_011138.3_869 
NC_011138.3_983 
NC_011138.3_2029 
NC_011138.3_2311 
NC_011138.3_291 
NC_011138.3_3052 
NC_011138.3_3246 
NC_011138.3_3691 
NC_011138.3_38 
NC_011138.3_3960 
NC_011138.3_886 
NC_011138.3_20 
NC_011138.3_517 
NC_011138.3_94 
NC_011138.3_2153 
NC_011138.3_2270 
NC_011138.3_2563 
NC_011138.3_3208 
NC_011138.3_861 
NC_011138.3_10 
NC_011138.3_1538 
NC_011138.3_2253 
NC_011138.3_235 
NC_011138.3_3902 
NC_011138.3_641 
NC_011138.3_850 
NC_011138.3_2087 
NC_011138.3_2535 
NC_011138.3_3199 
NC_011138.3_3500 
NC_011138.3_627 
NC_011138.3_1343 
NC_011138.3_176 
NC_011138.3_209 
NC_011138.3_533 
NC_011138.3_1293 
NC_011138.3_1530 
NC_011138.3_245 
NC_011138.3_2462 
NC_011138.3_3373 
NC_011138.3_3808 
NC_011138.3_425 
NC_011138.3_549 
NC_011138.3_622 
NC_011138.3_935 
NC_011138.3_1115 
NC_011138.3_3417 
NC_011138.3_497 
NC_011138.3_906 
NC_011138.3_1175 
NC_011138.3_1349 
NC_011138.3_1359 
NC_011138.3_2802 
NC_011138.3_54 
NC_011138.3_680 
NC_011138.3_1049 
NC_011138.3_202 
NC_011138.3_2638 
NC_011138.3_3282 
NC_011138.3_3349 
NC_011138.3_3877 
NC_011138.3_107 
NC_011138.3_1439 
NC_011138.3_1462 
NC_011138.3_314 
NC_011138.3_3221 
NC_011138.3_3568 
NC_011138.3_3677 
NC_011138.3_4029 
NC_011138.3_1777 
NC_011138.3_2035 
NC_011138.3_2067 
NC_011138.3_2073 
NC_011138.3_2943 
NC_011138.3_3800 
NC_011138.3_3883 
NC_011138.3_3887 
NC_011138.3_600 
NC_011138.3_1457 
NC_011138.3_1721 
NC_011138.3_1780 
NC_011138.3_23 
NC_011138.3_255 
NC_011138.3_577 
NC_011138.3_767 
NC_011138.3_1372 
NC_011138.3_2062 
NC_011138.3_2538 
NC_011138.3_3566 
NC_011138.3_3684 
NC_011138.3_57 
NC_011138.3_647 
NC_011138.3_815 
NC_011138.3_830 
NC_011138.3_1612 
NC_011138.3_1663 
NC_011138.3_1827 
NC_011138.3_1905 
NC_011138.3_3274 
NC_011138.3_3386 
NC_011138.3_3621 
NC_011138.3_3689 
NC_011138.3_4017 
NC_011138.3_563 
NC_011138.3_851 
NC_011138.3_2509 
NC_011138.3_2771 
NC_011138.3_281 
NC_011138.3_3072 
NC_011138.3_3686 
NC_011138.3_4005 
NC_011138.3_9 
NC_011138.3_1399 
NC_011138.3_1753 
NC_011138.3_1807 
NC_011138.3_2097 
NC_011138.3_2150 
NC_011138.3_2575 
NC_011138.3_2821 
NC_011138.3_3299 
NC_011138.3_3421 
NC_011138.3_3683 
NC_011138.3_3685 
NC_011138.3_514 
NC_011138.3_623 
NC_011138.3_1130 
NC_011138.3_1970 
NC_011138.3_248 
NC_011138.3_251 
NC_011138.3_3277 
NC_011138.3_3844 
NC_011138.3_3976 
NC_011138.3_423 
NC_011138.3_530 
NC_011138.3_1197 
NC_011138.3_1210 
NC_011138.3_1728 
NC_011138.3_1769 
NC_011138.3_1796 
NC_011138.3_1965 
NC_011138.3_2178 
NC_011138.3_2214 
NC_011138.3_3009 
NC_011138.3_3018 
NC_011138.3_1478 
NC_011138.3_1678 
NC_011138.3_1848 
NC_011138.3_1963 
NC_011138.3_2006 
NC_011138.3_2106 
NC_011138.3_2401 
NC_011138.3_3243 
NC_011138.3_579 
NC_011138.3_617 
NC_011138.3_1037 
NC_011138.3_104 
NC_011138.3_1100 
NC_011138.3_1492 
NC_011138.3_2287 
NC_011138.3_2813 
NC_011138.3_3696 
NC_011138.3_78 
NC_011138.3_1450 
NC_011138.3_1813 
NC_011138.3_2542 
NC_011138.3_2779 
NC_011138.3_3150 
NC_011138.3_3211 
NC_011138.3_3429 
NC_011138.3_3595 
NC_011138.3_3928 
NC_011138.3_608 
NC_011138.3_774 
NC_011138.3_857 
NC_011138.3_968 
NC_011138.3_984 
NC_011138.3_1095 
NC_011138.3_1144 
NC_011138.3_1845 
NC_011138.3_2439 
NC_011138.3_2557 
NC_011138.3_3139 
NC_011138.3_3275 
NC_011138.3_630 
NC_011138.3_737 
NC_011138.3_92 
NC_011138.3_1308 
NC_011138.3_1340 
NC_011138.3_3017 
NC_011138.3_3747 
NC_011138.3_3772 
NC_011138.3_5 
NC_011138.3_819 
NC_011138.3_1318 
NC_011138.3_2525 
NC_011138.3_2809 
NC_011138.3_3123 
NC_011138.3_3527 
NC_011138.3_3694 
NC_011138.3_3795 
NC_011138.3_3843 
NC_011138.3_3847 
NC_011138.3_52 
NC_011138.3_871 
NC_011138.3_1009 
NC_011138.3_1198 
NC_011138.3_2114 
NC_011138.3_2197 
NC_011138.3_2422 
NC_011138.3_2865 
NC_011138.3_3581 
NC_011138.3_3881 
NC_011138.3_3906 
NC_011138.3_3964 
NC_011138.3_4027 
NC_011138.3_837 
NC_011138.3_1055 
NC_011138.3_1116 
NC_011138.3_1330 
NC_011138.3_1569 
NC_011138.3_2650 
NC_011138.3_3050 
NC_011138.3_330 
NC_011138.3_3345 
NC_011138.3_3441 
NC_011138.3_3498 
NC_011138.3_3739 
NC_011138.3_1050 
NC_011138.3_1778 
NC_011138.3_2629 
NC_011138.3_28 
NC_011138.3_3037 
NC_011138.3_3893 
NC_011138.3_840 
NC_011138.3_1070 
NC_011138.3_1519 
NC_011138.3_2234 
NC_011138.3_2325 
NC_011138.3_3153 
NC_011138.3_3628 
NC_011138.3_3813 
NC_011138.3_562 
NC_011138.3_77 
NC_011138.3_809 
NC_011138.3_872 
NC_011138.3_1169 
NC_011138.3_1357 
NC_011138.3_2043 
NC_011138.3_2183 
NC_011138.3_2382 
NC_011138.3_2698 
NC_011138.3_2973 
NC_011138.3_557 
NC_011138.3_1035 
NC_011138.3_1056 
NC_011138.3_1911 
NC_011138.3_2156 
NC_011138.3_2537 
NC_011138.3_3175 
NC_011138.3_3876 
NC_011138.3_580 
NC_011138.3_581 
NC_011138.3_1011 
NC_011138.3_1211 
NC_011138.3_1324 
NC_011138.3_1344 
NC_011138.3_1651 
NC_011138.3_211 
NC_011138.3_2876 
NC_011138.3_3254 
NC_011138.3_3431 
NC_011138.3_76 
NC_011138.3_1795 
NC_011138.3_2655 
NC_011138.3_3736 
NC_011138.3_1579 
NC_011138.3_1906 
NC_011138.3_1971 
NC_011138.3_2424 
NC_011138.3_2863 
NC_011138.3_3948 
NC_011138.3_4012 
NC_011138.3_614 
NC_011138.3_64 
NC_011138.3_903 
NC_011138.3_1507 
NC_011138.3_1754 
NC_011138.3_2252 
NC_011138.3_2801 
NC_011138.3_3086 
NC_011138.3_379 
NC_011138.3_435 
NC_011138.3_509 
NC_011138.3_1099 
NC_011138.3_1889 
NC_011138.3_2546 
NC_011138.3_280 
NC_011138.3_3667 
NC_011138.3_3727 
NC_011138.3_3831 
NC_011138.3_3968 
NC_011138.3_603 
NC_011138.3_72 
NC_011138.3_1751 
NC_011138.3_1882 
NC_011138.3_3388 
NC_011138.3_844 
NC_011138.3_1026 
NC_011138.3_1731 
NC_011138.3_3129 
NC_011138.3_3418 
NC_011138.3_3491 
NC_011138.3_352 
NC_011138.3_3698 
NC_011138.3_3833 
NC_011138.3_515 
NC_011138.3_1322 
NC_011138.3_2228 
NC_011138.3_2251 
NC_011138.3_2862 
NC_011138.3_2946 
NC_011138.3_3167 
NC_011138.3_3637 
NC_011138.3_948 
NC_011138.3_1039 
NC_011138.3_1626 
NC_011138.3_2496 
NC_011138.3_3360 
NC_011138.3_3428 
NC_011138.3_393 
NC_011138.3_3932 
NC_011138.3_89 
NC_011138.3_1287 
NC_011138.3_1449 
NC_011138.3_2038 
NC_011138.3_2188 
NC_011138.3_2240 
NC_011138.3_2570 
NC_011138.3_2775 
NC_011138.3_2783 
NC_011138.3_2874 
NC_011138.3_3244 
NC_011138.3_3338 
NC_011138.3_3494 
NC_011138.3_3503 
NC_011138.3_3797 
NC_011138.3_3971 
NC_011138.3_810 
NC_011138.3_1160 
NC_011138.3_1515 
NC_011138.3_1840 
NC_011138.3_2532 
NC_011138.3_2651 
NC_011138.3_2846 
NC_011138.3_1974 
NC_011138.3_2091 
NC_011138.3_297 
NC_011138.3_3071 
NC_011138.3_335 
NC_011138.3_3465 
NC_011138.3_4020 
NC_011138.3_573 
NC_011138.3_2119 
NC_011138.3_2991 
NC_011138.3_3642 
NC_011138.3_3927 
NC_011138.3_1864 
NC_011138.3_1873 
NC_011138.3_2699 
NC_011138.3_3261 
NC_011138.3_790 
NC_011138.3_891 
NC_011138.3_2186 
NC_011138.3_2340 
NC_011138.3_3158 
NC_011138.3_3625 
NC_011138.3_3633 
NC_011138.3_1913 
NC_011138.3_2939 
NC_011138.3_2944 
NC_011138.3_3377 
NC_011138.3_3622 
NC_011138.3_3771 
NC_011138.3_67 
NC_011138.3_778 
NC_011138.3_1432 
NC_011138.3_1766 
NC_011138.3_3325 
NC_011138.3_355 
NC_011138.3_3827 
NC_011138.3_3987 
NC_011138.3_707 
NC_011138.3_722 
NC_011138.3_746 
NC_011138.3_1394 
NC_011138.3_1765 
NC_011138.3_2111 
NC_011138.3_2803 
NC_011138.3_3507 
NC_011138.3_3723 
NC_011138.3_3834 
NC_011138.3_613 
NC_011138.3_1516 
NC_011138.3_1555 
NC_011138.3_1705 
NC_011138.3_2511 
NC_011138.3_629 
NC_011138.3_1002 
NC_011138.3_1297 
NC_011138.3_1547 
NC_011138.3_3314 
NC_011138.3_621 
NC_011138.3_1075 
NC_011138.3_1335 
NC_011138.3_2455 
NC_011138.3_290 
NC_011138.3_3324 
NC_011138.3_3664 
NC_011138.3_46 
NC_011138.3_806 
NC_011138.3_1421 
NC_011138.3_1571 
NC_011138.3_2220 
NC_011138.3_2632 
NC_011138.3_2736 
NC_011138.3_3190 
NC_011138.3_3192 
NC_011138.3_323 
NC_011138.3_3259 
NC_011138.3_3495 
NC_011138.3_356 
NC_011138.3_2154 
NC_011138.3_2302 
NC_011138.3_3057 
NC_011138.3_3501 
NC_011138.3_743 
NC_011138.3_1221 
NC_011138.3_2058 
NC_011138.3_2296 
NC_011138.3_1513 
NC_011138.3_1779 
NC_011138.3_1914 
NC_011138.3_1950 
NC_011138.3_2113 
NC_011138.3_2189 
NC_011138.3_2433 
NC_011138.3_3053 
NC_011138.3_345 
NC_011138.3_888 
NC_011138.3_2112 
NC_011138.3_2421 
NC_011138.3_289 
NC_011138.3_3143 
NC_011138.3_4030 
NC_011138.3_1315 
NC_011138.3_2072 
NC_011138.3_275 
NC_011138.3_3092 
NC_011138.3_3271 
NC_011138.3_3515 
NC_011138.3_2574 
NC_011138.3_2647 
NC_011138.3_3266 
NC_011138.3_4008 
NC_011138.3_616 
NC_011138.3_624 
NC_011138.3_1090 
NC_011138.3_3007 
NC_011138.3_3013 
NC_011138.3_3046 
NC_011138.3_3051 
NC_011138.3_40 
NC_011138.3_1161 
NC_011138.3_1305 
NC_011138.3_1537 
NC_011138.3_2475 
NC_011138.3_2893 
NC_011138.3_3102 
NC_011138.3_3334 
NC_011138.3_3575 
NC_011138.3_433 
NC_011138.3_555 
NC_011138.3_687 
NC_011138.3_1051 
NC_011138.3_1186 
NC_011138.3_2017 
NC_011138.3_2117 
NC_011138.3_2244 
NC_011138.3_2310 
NC_011138.3_2504 
NC_011138.3_3022 
NC_011138.3_3099 
NC_011138.3_3565 
NC_011138.3_578 
NC_011138.3_900 
NC_011138.3_1508 
NC_011138.3_2320 
NC_011138.3_239 
NC_011138.3_3038 
NC_011138.3_3224 
NC_011138.3_3340 
NC_011138.3_544 
NC_011138.3_901 
NC_011138.3_1376 
NC_011138.3_3741 
NC_011138.3_4001 
NC_011138.3_409 
NC_011138.3_615 
NC_011138.3_665 
NC_011138.3_119 
NC_011138.3_1805 
NC_011138.3_3985 
NC_011138.3_700 
NC_011138.3_171 
NC_011138.3_1828 
NC_011138.3_186 
NC_011138.3_1874 
NC_011138.3_2122 
NC_011138.3_2286 
NC_011138.3_3024 
NC_011138.3_3572 
NC_011138.3_82 
NC_011138.3_929 
NC_011138.3_98 
NC_011138.3_1939 
NC_011138.3_2141 
NC_011138.3_3506 
NC_011138.3_3840 
NC_011138.3_3997 
NC_011138.3_618 
NC_011138.3_953 
NC_011138.3_1888 
NC_011138.3_2301 
NC_011138.3_317 
NC_011138.3_3562 
NC_011138.3_427 
NC_011138.3_572 
NC_011138.3_62 
NC_011138.3_638 
NC_011138.3_2193 
NC_011138.3_2224 
NC_011138.3_2800 
NC_011138.3_2823 
NC_011138.3_3339 
NC_011138.3_3631 
NC_011138.3_3970 
NC_011138.3_398 
NC_011138.3_482 
NC_011138.3_832 
NC_011138.3_1306 
NC_011138.3_3305 
NC_011138.3_3504 
NC_011138.3_3875 
NC_011138.3_68 
NC_011138.3_1659 
NC_011138.3_1725 
NC_011138.3_1866 
NC_011138.3_2148 
NC_011138.3_2196 
NC_011138.3_2284 
NC_011138.3_2824 
NC_011138.3_2835 
NC_011138.3_3629 
NC_011138.3_3986 
NC_011138.3_942 
NC_011138.3_961 
NC_011138.3_964 
NC_011138.3_1001 
NC_011138.3_1400 
NC_011138.3_1510 
NC_011138.3_2934 
NC_011138.3_3234 
NC_011138.3_430 
NC_011138.3_536 
NC_011138.3_720 
NC_011138.3_1071 
NC_011138.3_1176 
NC_011138.3_1548 
NC_011138.3_2465 
NC_011138.3_2898 
NC_011138.3_2958 
NC_011138.3_3265 
NC_011138.3_3518 
NC_011138.3_589 
NC_011138.3_1005 
NC_011138.3_1839 
NC_011138.3_1863 
NC_011138.3_2319 
NC_011138.3_2435 
NC_011138.3_2470 
NC_011138.3_279 
NC_011138.3_2883 
NC_011138.3_321 
NC_011138.3_3852 
NC_011138.3_3857 
NC_011138.3_585 
NC_011138.3_588 
NC_011138.3_1886 
NC_011138.3_2007 
NC_011138.3_2181 
NC_011138.3_2191 
NC_011138.3_3838 
NC_011138.3_626 
NC_011138.3_649 
NC_011138.3_1489 
NC_011138.3_2735 
NC_011138.3_3317 
NC_011138.3_3516 
NC_011138.3_3700 
NC_011138.3_3737 
NC_011138.3_3862 
NC_011138.3_704 
NC_011138.3_820 
NC_011138.3_1046 
NC_011138.3_1121 
NC_011138.3_2190 
NC_011138.3_2963 
NC_011138.3_3748 
NC_011138.3_3809 
NC_011138.3_3848 
NC_011138.3_454 
NC_011138.3_628 
NC_011138.3_771 
NC_011138.3_1151 
NC_011138.3_1364 
NC_011138.3_1688 
NC_011138.3_2184 
NC_011138.3_2187 
NC_011138.3_3521 
NC_011138.3_3815 
NC_011138.3_3825 
NC_011138.3_787 
NC_011138.3_1310 
NC_011138.3_586 
NC_011138.3_966 
NC_011138.3_1496 
NC_011138.3_1706 
NC_011138.3_3103 
NC_011138.3_3336 
NC_011138.3_3961 
NC_011138.3_432 
NC_011138.3_147 
NC_011138.3_2139 
NC_011138.3_272 
NC_011138.3_3956 
NC_011138.3_817 
NC_011138.3_1079 
NC_011138.3_1102 
NC_011138.3_1233 
NC_011138.3_1398 
NC_011138.3_1734 
NC_011138.3_3015 
NC_011138.3_3912 
NC_011138.3_4032 
NC_011138.3_495 
NC_011138.3_1133 
NC_011138.3_1156 
NC_011138.3_2909 
NC_011138.3_2942 
NC_011138.3_3436 
NC_011138.3_3726 
NC_011138.3_1171 
NC_011138.3_1180 
NC_011138.3_1822 
NC_011138.3_2274 
NC_011138.3_2280 
NC_011138.3_2586 
NC_011138.3_2947 
NC_011138.3_3059 
NC_011138.3_3089 
NC_011138.3_3328 
NC_011138.3_3922 
NC_011138.3_584 
NC_011138.3_591 
NC_011138.3_599 
NC_011138.3_688 
NC_011138.3_1016 
NC_011138.3_2128 
NC_011138.3_2366 
NC_011138.3_3146 
NC_011138.3_3189 
NC_011138.3_3979 
NC_011138.3_401 
NC_011138.3_518 
NC_011138.3_594 
NC_011138.3_1544 
NC_011138.3_2110 
NC_011138.3_2195 
NC_011138.3_2312 
NC_011138.3_2587 
NC_011138.3_2610 
NC_011138.3_2741 
NC_011138.3_3267 
NC_011138.3_3733 
NC_011138.3_437 
NC_011138.3_595 
NC_011138.3_639 
NC_011138.3_833 
NC_011138.3_1038 
NC_011138.3_2273 
NC_011138.3_2983 
NC_011138.3_609 
NC_011138.3_1294 
NC_011138.3_1660 
NC_011138.3_1689 
NC_011138.3_1792 
NC_011138.3_1884 
NC_011138.3_2356 
NC_011138.3_2564 
NC_011138.3_3524 
NC_011138.3_377 
NC_011138.3_3793 
NC_011138.3_596 
NC_011138.3_69 
NC_011138.3_101 
NC_011138.3_1361 
NC_011138.3_1453 
NC_011138.3_2892 
NC_011138.3_2906 
NC_011138.3_3404 
NC_011138.3_3519 
NC_011138.3_3673 
NC_011138.3_3909 
NC_011138.3_587 
NC_011138.3_1875 
NC_011138.3_2480 
NC_011138.3_2483 
NC_011138.3_2626 
NC_011138.3_2733 
NC_011138.3_3082 
NC_011138.3_3196 
NC_011138.3_583 
NC_011138.3_1980 
NC_011138.3_2013 
NC_011138.3_2140 
NC_011138.3_3579 
NC_011138.3_3646 
NC_011138.3_597 
NC_011138.3_1143 
NC_011138.3_1694 
NC_011138.3_2198 
NC_011138.3_3832 
NC_011138.3_535 
NC_011138.3_1479 
NC_011138.3_2364 
NC_011138.3_2879 
NC_011138.3_3263 
NC_011138.3_3327 
NC_011138.3_50 
NC_011138.3_109 
NC_011138.3_2022 
NC_011138.3_2295 
NC_011138.3_2592 
NC_011138.3_2678 
NC_011138.3_288 
NC_011138.3_3406 
NC_011138.3_3900 
NC_011138.3_592 
NC_011138.3_993 
NC_011138.3_1036 
NC_011138.3_1883 
NC_011138.3_199 
NC_011138.3_1993 
NC_011138.3_2075 
NC_011138.3_2412 
NC_011138.3_2924 
NC_011138.3_3464 
NC_011138.3_3563 
NC_011138.3_3898 
NC_011138.3_3925 
NC_011138.3_394 
NC_011138.3_2367 
NC_011138.3_2978 
NC_011138.3_3133 
NC_011138.3_3191 
NC_011138.3_334 
NC_011138.3_3697 
NC_011138.3_2048 
NC_011138.3_2306 
NC_011138.3_74 
NC_011138.3_1385 
NC_011138.3_1788 
NC_011138.3_2192 
NC_011138.3_2756 
NC_011138.3_2927 
NC_011138.3_302 
NC_011138.3_3402 
NC_011138.3_3528 
NC_011138.3_3776 
NC_011138.3_4018 
NC_011138.3_582 
NC_011138.3_934 
NC_011138.3_1201 
NC_011138.3_1549 
NC_011138.3_1809 
NC_011138.3_1881 
NC_011138.3_1952 
NC_011138.3_2231 
NC_011138.3_2317 
NC_011138.3_2476 
NC_011138.3_3931 
NC_011138.3_590 
NC_011138.3_1377 
NC_011138.3_1793 
NC_011138.3_2891 
NC_011138.3_320 
NC_011138.3_333 
NC_011138.3_361 
NC_011138.3_3755 
NC_011138.3_3758 
NC_011138.3_3918 
NC_011138.3_739 
NC_011138.3_1283 
NC_011138.3_1292 
NC_011138.3_1784 
NC_011138.3_2887 
NC_011138.3_2928 
NC_011138.3_3571 
NC_011138.3_3940 
NC_011138.3_893 
NC_011138.3_136 
NC_011138.3_2060 
NC_011138.3_2890 
NC_011138.3_2910 
NC_011138.3_2911 
NC_011138.3_3867 
NC_011138.3_3938 
NC_011138.3_1047 
NC_011138.3_1447 
NC_011138.3_1868 
NC_011138.3_2920 
NC_011138.3_3905 
NC_011138.3_1081 
NC_011138.3_1191 
NC_011138.3_1495 
NC_011138.3_2798 
NC_011138.3_2811 
NC_011138.3_2888 
NC_011138.3_1277 
NC_011138.3_3315 
NC_011138.3_483 
NC_011138.3_105 
NC_011138.3_1272 
NC_011138.3_1337 
NC_011138.3_1570 
NC_011138.3_2915 
NC_011138.3_2964 
NC_011138.3_3994 
NC_011138.3_847 
NC_011138.3_1226 
NC_011138.3_1901 
NC_011138.3_2194 
NC_011138.3_2316 
NC_011138.3_2926 
NC_011138.3_2936 
NC_011138.3_3262 
NC_011138.3_3630 
NC_011138.3_3786 
NC_011138.3_1132 
NC_011138.3_1747 
NC_011138.3_2901 
NC_011138.3_2905 
NC_011138.3_310 
NC_011138.3_3355 
NC_011138.3_3732 
NC_011138.3_3850 
NC_011138.3_436 
NC_011138.3_1386 
NC_011138.3_2501 
NC_011138.3_2884 
NC_011138.3_3154 
NC_011138.3_606 
NC_011138.3_973 
NC_011138.3_1249 
NC_011138.3_1815 
NC_011138.3_2388 
NC_011138.3_2818 
NC_011138.3_2922 
NC_011138.3_3977 
NC_011138.3_1314 
NC_011138.3_1389 
NC_011138.3_1465 
NC_011138.3_1692 
NC_011138.3_2179 
NC_011138.3_2904 
NC_011138.3_2914 
NC_011138.3_2925 
NC_011138.3_351 
NC_011138.3_3592 
NC_011138.3_4033 
NC_011138.3_559 
NC_011138.3_3033 
NC_011138.3_3170 
NC_011138.3_3499 
NC_011138.3_1282 
NC_011138.3_1461 
NC_011138.3_160 
NC_011138.3_2025 
NC_011138.3_2315 
NC_011138.3_2918 
NC_011138.3_3062 
NC_011138.3_3449 
NC_011138.3_1552 
NC_011138.3_2618 
NC_011138.3_2900 
NC_011138.3_2929 
NC_011138.3_3335 
NC_011138.3_3744 
NC_011138.3_897 
NC_011138.3_1466 
NC_011138.3_1602 
NC_011138.3_1686 
NC_011138.3_2596 
NC_011138.3_1273 
NC_011138.3_1763 
NC_011138.3_213 
NC_011138.3_2254 
NC_011138.3_2298 
NC_011138.3_2747 
NC_011138.3_2899 
NC_011138.3_2907 
NC_011138.3_2913 
NC_011138.3_2917 
NC_011138.3_2921 
NC_011138.3_1722 
NC_011138.3_2033 
NC_011138.3_2908 
NC_011138.3_3535 
NC_011138.3_1770 
NC_011138.3_2070 
NC_011138.3_2897 
NC_011138.3_3029 
NC_011138.3_133 
NC_011138.3_1847 
NC_011138.3_2061 
NC_011138.3_2912 
NC_011138.3_2916 
NC_011138.3_3908 
NC_011138.3_164 
NC_011138.3_2777 
NC_011138.3_2816 
NC_011138.3_387 
NC_011138.3_407 
NC_011138.3_420 
NC_011138.3_51 
NC_011138.3_995 
NC_011138.3_163 
NC_011138.3_207 
NC_011138.3_2919 
NC_011138.3_3264 
NC_011138.3_500 
NC_011138.3_677 
NC_011138.3_1787 
NC_011138.3_2902 
NC_011138.3_2923 
NC_011138.3_3608 
NC_011138.3_1304 
NC_011138.3_1584 
NC_011138.3_1833 
NC_011138.3_2940 
NC_011138.3_4003 
NC_011138.3_669 
NC_011138.3_1947 
NC_011138.3_2094 
NC_011138.3_2674 
NC_011138.3_2896 
NC_011138.3_2903 
NC_011138.3_3016 
NC_011138.3_3785 
NC_011138.3_1794 
NC_011138.3_2895 
NC_011138.3_998 
NC_011138.3_2894 
NC_011138.3_3342 
NC_011138.3_3343 
NC_011138.3_2850 
NC_011138.3_305 
NC_011138.3_3160 
NC_011138.3_3218 
NC_011138.3_1000 
NC_011138.3_1212 
NC_011138.3_3093 
NC_011138.3_3573 
NC_011138.3_219 
NC_011138.3_319 
NC_011138.3_3283 
NC_011138.3_3919 
NC_011138.3_1887 
NC_011138.3_3496 
NC_011138.3_3718 
NC_011138.3_3950 
NC_011138.3_453 
NC_011138.3_1467 
NC_011138.3_1738 
NC_011138.3_3555 
NC_011138.3_1603 
NC_011138.3_3179 
NC_011138.3_738 
NC_011138.3_3028 
