NC_007205.1_767 NC_007205.1_1316 NC_007205.1_265 NC_007205.1_264 NC_007205.1_1216 NC_007205.1_793 NC_007205.1_1277 NC_007205.1_807 NC_007205.1_199 NC_007205.1_801 NC_007205.1_1330 NC_007205.1_1335 NC_007205.1_495 NC_007205.1_1158 NC_007205.1_1336 NC_007205.1_736 NC_007205.1_942 NC_007205.1_655 NC_007205.1_1329 NC_007205.1_656 NC_007205.1_895 NC_007205.1_843 
NC_007205.1_531 NC_007205.1_854 NC_007205.1_670 NC_007205.1_768 NC_007205.1_849 NC_007205.1_1269 NC_007205.1_83 NC_007205.1_840 NC_007205.1_762 NC_007205.1_862 NC_007205.1_770 NC_007205.1_703 NC_007205.1_301 
NC_007205.1_751 NC_007205.1_855 NC_007205.1_238 NC_007205.1_1322 NC_007205.1_791 NC_007205.1_761 NC_007205.1_1307 
NC_007205.1_51 NC_007205.1_50 NC_007205.1_812 
NC_007205.1_142 NC_007205.1_1288 NC_007205.1_1294 
NC_007205.1_261 NC_007205.1_1271 NC_007205.1_859 
NC_007205.1_1213 NC_007205.1_184 NC_007205.1_1005 
NC_007205.1_1050 NC_007205.1_1191 NC_007205.1_1190 
NC_007205.1_197 NC_007205.1_1156 NC_007205.1_89 
NC_007205.1_782 NC_007205.1_622 NC_007205.1_781 
NC_007205.1_1017 NC_007205.1_491 NC_007205.1_811 
NC_007205.1_1047 NC_007205.1_1262 
NC_007205.1_1203 NC_007205.1_1233 
NC_007205.1_43 NC_007205.1_45 
NC_007205.1_312 NC_007205.1_623 
NC_007205.1_676 NC_007205.1_880 
NC_007205.1_1126 NC_007205.1_1352 
NC_007205.1_1057 NC_007205.1_260 
NC_007205.1_915 NC_007205.1_825 
NC_007205.1_743 NC_007205.1_1295 
NC_007205.1_1245 NC_007205.1_244 
NC_007205.1_254 NC_007205.1_256 
NC_007205.1_428 NC_007205.1_233 
NC_007205.1_474 NC_007205.1_796 
NC_007205.1_65 NC_007205.1_1200 
NC_007205.1_1264 NC_007205.1_1045 
NC_007205.1_81 NC_007205.1_276 
NC_007205.1_1123 NC_007205.1_668 
NC_007205.1_26 NC_007205.1_1347 
NC_007205.1_518 NC_007205.1_729 
NC_007205.1_613 NC_007205.1_609 
NC_007205.1_799 NC_007205.1_951 
NC_007205.1_1228 NC_007205.1_48 
NC_007205.1_569 NC_007205.1_538 
NC_007205.1_272 NC_007205.1_1344 
NC_007205.1_1286 NC_007205.1_1292 
NC_007205.1_682 NC_007205.1_692 
NC_007205.1_1345 NC_007205.1_258 
NC_007205.1_1287 NC_007205.1_1293 
NC_007205.1_310 NC_007205.1_1197 
NC_007205.1_774 NC_007205.1_771 
NC_007205.1_501 NC_007205.1_808 
NC_007205.1_1001 NC_007205.1_443 
NC_007205.1_858 NC_007205.1_262 
NC_007205.1_1310 NC_007205.1_972 
NC_007205.1_925 NC_007205.1_1198 
NC_007205.1_651 NC_007205.1_850 
NC_007205.1_914 NC_007205.1_826 
NC_007205.1_523 NC_007205.1_524 
NC_007205.1_280 NC_007205.1_413 
NC_007205.1_55 NC_007205.1_54 
NC_007205.1_828 NC_007205.1_326 
NC_007205.1_395 NC_007205.1_379 
NC_007205.1_853 NC_007205.1_139 
NC_007205.1_815 NC_007205.1_169 
NC_007205.1_741 NC_007205.1_953 
NC_007205.1_57 NC_007205.1_56 
NC_007205.1_1046 NC_007205.1_1263 
NC_007205.1_476 NC_007205.1_1254 
NC_007205.1_921 
NC_007205.1_69 
NC_007205.1_432 
NC_007205.1_1101 
NC_007205.1_1102 
NC_007205.1_896 
NC_007205.1_42 
NC_007205.1_188 
NC_007205.1_427 
NC_007205.1_234 
NC_007205.1_968 
NC_007205.1_665 
NC_007205.1_29 
NC_007205.1_198 
NC_007205.1_675 
NC_007205.1_157 
NC_007205.1_775 
NC_007205.1_1303 
NC_007205.1_640 
NC_007205.1_617 
NC_007205.1_945 
NC_007205.1_1063 
NC_007205.1_115 
NC_007205.1_512 
NC_007205.1_970 
NC_007205.1_64 
NC_007205.1_842 
NC_007205.1_355 
NC_007205.1_424 
NC_007205.1_709 
NC_007205.1_441 
NC_007205.1_697 
NC_007205.1_874 
NC_007205.1_728 
NC_007205.1_1282 
NC_007205.1_372 
NC_007205.1_903 
NC_007205.1_1312 
NC_007205.1_1044 
NC_007205.1_386 
NC_007205.1_510 
NC_007205.1_1120 
NC_007205.1_730 
NC_007205.1_47 
NC_007205.1_82 
NC_007205.1_1276 
NC_007205.1_1022 
NC_007205.1_995 
NC_007205.1_924 
NC_007205.1_323 
NC_007205.1_1098 
NC_007205.1_177 
NC_007205.1_389 
NC_007205.1_616 
NC_007205.1_444 
NC_007205.1_976 
NC_007205.1_881 
NC_007205.1_15 
NC_007205.1_17 
NC_007205.1_1348 
NC_007205.1_586 
NC_007205.1_231 
NC_007205.1_366 
NC_007205.1_1138 
NC_007205.1_436 
NC_007205.1_919 
NC_007205.1_610 
NC_007205.1_800 
NC_007205.1_886 
NC_007205.1_600 
NC_007205.1_281 
NC_007205.1_349 
NC_007205.1_727 
NC_007205.1_831 
NC_007205.1_85 
NC_007205.1_163 
NC_007205.1_1130 
NC_007205.1_315 
NC_007205.1_442 
NC_007205.1_446 
NC_007205.1_38 
NC_007205.1_718 
NC_007205.1_838 
NC_007205.1_935 
NC_007205.1_39 
NC_007205.1_769 
NC_007205.1_240 
NC_007205.1_4 
NC_007205.1_247 
NC_007205.1_453 
NC_007205.1_60 
NC_007205.1_162 
NC_007205.1_1040 
NC_007205.1_147 
NC_007205.1_527 
NC_007205.1_554 
NC_007205.1_955 
NC_007205.1_492 
NC_007205.1_946 
NC_007205.1_420 
NC_007205.1_16 
NC_007205.1_993 
NC_007205.1_542 
NC_007205.1_107 
NC_007205.1_1265 
NC_007205.1_30 
NC_007205.1_464 
NC_007205.1_347 
NC_007205.1_507 
NC_007205.1_161 
NC_007205.1_891 
NC_007205.1_1249 
NC_007205.1_135 
NC_007205.1_246 
NC_007205.1_1230 
NC_007205.1_1217 
NC_007205.1_926 
NC_007205.1_1173 
NC_007205.1_318 
NC_007205.1_839 
NC_007205.1_851 
NC_007205.1_385 
NC_007205.1_403 
NC_007205.1_648 
NC_007205.1_208 
NC_007205.1_319 
NC_007205.1_61 
NC_007205.1_965 
NC_007205.1_383 
NC_007205.1_984 
NC_007205.1_196 
NC_007205.1_229 
NC_007205.1_268 
NC_007205.1_373 
NC_007205.1_539 
NC_007205.1_794 
NC_007205.1_1133 
NC_007205.1_1184 
NC_007205.1_275 
NC_007205.1_887 
NC_007205.1_300 
NC_007205.1_33 
NC_007205.1_695 
NC_007205.1_1056 
NC_007205.1_1285 
NC_007205.1_121 
NC_007205.1_712 
NC_007205.1_861 
NC_007205.1_1139 
NC_007205.1_535 
NC_007205.1_14 
NC_007205.1_674 
NC_007205.1_806 
NC_007205.1_209 
NC_007205.1_735 
NC_007205.1_431 
NC_007205.1_1222 
NC_007205.1_871 
NC_007205.1_483 
NC_007205.1_1297 
NC_007205.1_916 
NC_007205.1_227 
NC_007205.1_698 
NC_007205.1_888 
NC_007205.1_168 
NC_007205.1_407 
NC_007205.1_6 
NC_007205.1_938 
NC_007205.1_250 
NC_007205.1_1160 
NC_007205.1_1170 
NC_007205.1_1290 
NC_007205.1_232 
NC_007205.1_910 
NC_007205.1_477 
NC_007205.1_24 
NC_007205.1_575 
NC_007205.1_937 
NC_007205.1_13 
NC_007205.1_412 
NC_007205.1_1129 
NC_007205.1_129 
NC_007205.1_1268 
NC_007205.1_210 
NC_007205.1_1069 
NC_007205.1_549 
NC_007205.1_1053 
NC_007205.1_333 
NC_007205.1_380 
NC_007205.1_105 
NC_007205.1_532 
NC_007205.1_1127 
NC_007205.1_936 
NC_007205.1_548 
NC_007205.1_803 
NC_007205.1_1152 
NC_007205.1_596 
NC_007205.1_841 
NC_007205.1_722 
NC_007205.1_893 
NC_007205.1_923 
NC_007205.1_1275 
NC_007205.1_1327 
NC_007205.1_348 
NC_007205.1_397 
NC_007205.1_602 
NC_007205.1_1012 
NC_007205.1_1284 
NC_007205.1_494 
NC_007205.1_568 
NC_007205.1_630 
NC_007205.1_691 
NC_007205.1_1209 
NC_007205.1_167 
NC_007205.1_90 
NC_007205.1_566 
NC_007205.1_1030 
NC_007205.1_180 
NC_007205.1_534 
NC_007205.1_621 
NC_007205.1_513 
NC_007205.1_1066 
NC_007205.1_1301 
NC_007205.1_521 
NC_007205.1_637 
NC_007205.1_27 
NC_007205.1_273 
NC_007205.1_694 
NC_007205.1_1007 
NC_007205.1_1116 
NC_007205.1_604 
NC_007205.1_845 
NC_007205.1_1061 
NC_007205.1_195 
NC_007205.1_1077 
NC_007205.1_274 
NC_007205.1_445 
NC_007205.1_632 
NC_007205.1_941 
NC_007205.1_1220 
NC_007205.1_346 
NC_007205.1_485 
NC_007205.1_873 
NC_007205.1_152 
NC_007205.1_148 
NC_007205.1_100 
NC_007205.1_1159 
NC_007205.1_764 
NC_007205.1_963 
NC_007205.1_652 
NC_007205.1_928 
NC_007205.1_472 
NC_007205.1_221 
NC_007205.1_1314 
NC_007205.1_681 
NC_007205.1_666 
NC_007205.1_737 
NC_007205.1_1339 
NC_007205.1_1346 
NC_007205.1_488 
NC_007205.1_59 
NC_007205.1_894 
NC_007205.1_997 
NC_007205.1_731 
NC_007205.1_824 
NC_007205.1_271 
NC_007205.1_683 
NC_007205.1_738 
NC_007205.1_410 
NC_007205.1_641 
NC_007205.1_393 
NC_007205.1_516 
NC_007205.1_1178 
NC_007205.1_1196 
NC_007205.1_1311 
NC_007205.1_402 
NC_007205.1_947 
NC_007205.1_41 
NC_007205.1_1243 
NC_007205.1_1109 
NC_007205.1_1306 
NC_007205.1_291 
NC_007205.1_426 
NC_007205.1_1324 
NC_007205.1_530 
NC_007205.1_690 
NC_007205.1_202 
NC_007205.1_584 
NC_007205.1_172 
NC_007205.1_823 
NC_007205.1_878 
NC_007205.1_988 
NC_007205.1_384 
NC_007205.1_1267 
NC_007205.1_1317 
NC_007205.1_1319 
NC_007205.1_502 
NC_007205.1_836 
NC_007205.1_902 
NC_007205.1_1326 
NC_007205.1_236 
NC_007205.1_263 
NC_007205.1_550 
NC_007205.1_944 
NC_007205.1_435 
NC_007205.1_460 
NC_007205.1_111 
NC_007205.1_277 
NC_007205.1_369 
NC_007205.1_638 
NC_007205.1_846 
NC_007205.1_981 
NC_007205.1_557 
NC_007205.1_940 
NC_007205.1_1296 
NC_007205.1_154 
NC_007205.1_295 
NC_007205.1_553 
NC_007205.1_798 
NC_007205.1_224 
NC_007205.1_711 
NC_007205.1_909 
NC_007205.1_556 
NC_007205.1_810 
NC_007205.1_365 
NC_007205.1_732 
NC_007205.1_1135 
NC_007205.1_1315 
NC_007205.1_214 
NC_007205.1_376 
NC_007205.1_639 
NC_007205.1_822 
NC_007205.1_934 
NC_007205.1_954 
NC_007205.1_408 
NC_007205.1_684 
NC_007205.1_804 
NC_007205.1_973 
NC_007205.1_20 
NC_007205.1_220 
NC_007205.1_248 
NC_007205.1_450 
NC_007205.1_511 
NC_007205.1_663 
NC_007205.1_672 
NC_007205.1_1026 
NC_007205.1_1028 
NC_007205.1_517 
NC_007205.1_9 
NC_007205.1_481 
NC_007205.1_322 
NC_007205.1_302 
NC_007205.1_857 
NC_007205.1_573 
NC_007205.1_28 
NC_007205.1_306 
NC_007205.1_1183 
NC_007205.1_213 
NC_007205.1_270 
NC_007205.1_611 
NC_007205.1_646 
NC_007205.1_834 
NC_007205.1_716 
NC_007205.1_1187 
NC_007205.1_123 
NC_007205.1_1270 
NC_007205.1_309 
NC_007205.1_551 
NC_007205.1_710 
NC_007205.1_835 
NC_007205.1_98 
NC_007205.1_110 
NC_007205.1_25 
NC_007205.1_559 
NC_007205.1_440 
NC_007205.1_547 
NC_007205.1_1154 
NC_007205.1_269 
NC_007205.1_1299 
NC_007205.1_599 
NC_007205.1_1337 
NC_007205.1_207 
NC_007205.1_303 
NC_007205.1_478 
NC_007205.1_601 
NC_007205.1_685 
NC_007205.1_1252 
NC_007205.1_1162 
NC_007205.1_203 
NC_007205.1_570 
NC_007205.1_93 
NC_007205.1_1193 
NC_007205.1_529 
NC_007205.1_939 
NC_007205.1_1351 
NC_007205.1_289 
NC_007205.1_541 
NC_007205.1_11 
NC_007205.1_344 
NC_007205.1_1073 
NC_007205.1_1137 
NC_007205.1_1274 
NC_007205.1_715 
NC_007205.1_1009 
NC_007205.1_1218 
NC_007205.1_2 
NC_007205.1_79 
NC_007205.1_814 
NC_007205.1_1161 
NC_007205.1_626 
NC_007205.1_1210 
NC_007205.1_75 
NC_007205.1_1013 
NC_007205.1_1328 
NC_007205.1_32 
NC_007205.1_583 
NC_007205.1_654 
NC_007205.1_585 
NC_007205.1_784 
NC_007205.1_1018 
NC_007205.1_1224 
NC_007205.1_243 
NC_007205.1_343 
NC_007205.1_374 
NC_007205.1_381 
NC_007205.1_567 
NC_007205.1_979 
NC_007205.1_377 
NC_007205.1_882 
NC_007205.1_353 
NC_007205.1_758 
NC_007205.1_913 
NC_007205.1_991 
NC_007205.1_1033 
NC_007205.1_357 
NC_007205.1_619 
NC_007205.1_219 
NC_007205.1_112 
NC_007205.1_1186 
NC_007205.1_606 
NC_007205.1_906 
NC_007205.1_144 
NC_007205.1_447 
NC_007205.1_598 
NC_007205.1_1250 
NC_007205.1_166 
NC_007205.1_497 
NC_007205.1_126 
NC_007205.1_499 
NC_007205.1_1163 
NC_007205.1_1308 
NC_007205.1_193 
NC_007205.1_1176 
NC_007205.1_237 
NC_007205.1_707 
NC_007205.1_792 
NC_007205.1_1023 
NC_007205.1_1141 
NC_007205.1_1002 
NC_007205.1_1000 
NC_007205.1_1208 
NC_007205.1_1231 
NC_007205.1_661 
NC_007205.1_790 
NC_007205.1_957 
NC_007205.1_992 
NC_007205.1_125 
NC_007205.1_1281 
NC_007205.1_149 
NC_007205.1_77 
NC_007205.1_78 
NC_007205.1_1060 
NC_007205.1_5 
NC_007205.1_802 
NC_007205.1_124 
NC_007205.1_175 
NC_007205.1_23 
NC_007205.1_571 
NC_007205.1_174 
NC_007205.1_1188 
NC_007205.1_455 
NC_007205.1_607 
NC_007205.1_687 
NC_007205.1_702 
NC_007205.1_72 
NC_007205.1_95 
NC_007205.1_983 
NC_007205.1_362 
NC_007205.1_458 
NC_007205.1_486 
NC_007205.1_503 
NC_007205.1_536 
NC_007205.1_693 
NC_007205.1_636 
NC_007205.1_856 
NC_007205.1_930 
NC_007205.1_1150 
NC_007205.1_308 
NC_007205.1_19 
NC_007205.1_158 
NC_007205.1_708 
NC_007205.1_1071 
NC_007205.1_22 
NC_007205.1_421 
NC_007205.1_1332 
NC_007205.1_134 
NC_007205.1_644 
NC_007205.1_797 
NC_007205.1_746 
NC_007205.1_1054 
NC_007205.1_754 
NC_007205.1_1006 
NC_007205.1_763 
NC_007205.1_766 
NC_007205.1_1134 
NC_007205.1_212 
NC_007205.1_1338 
NC_007205.1_605 
NC_007205.1_1223 
NC_007205.1_860 
NC_007205.1_429 
NC_007205.1_620 
NC_007205.1_745 
NC_007205.1_966 
NC_007205.1_1168 
NC_007205.1_173 
NC_007205.1_615 
NC_007205.1_1043 
NC_007205.1_662 
NC_007205.1_772 
NC_007205.1_87 
NC_007205.1_978 
NC_007205.1_572 
NC_007205.1_10 
NC_007205.1_204 
NC_007205.1_228 
NC_007205.1_235 
NC_007205.1_433 
NC_007205.1_788 
NC_007205.1_631 
NC_007205.1_765 
NC_007205.1_187 
NC_007205.1_773 
NC_007205.1_1179 
NC_007205.1_463 
NC_007205.1_653 
NC_007205.1_8 
NC_007205.1_146 
NC_007205.1_370 
NC_007205.1_405 
NC_007205.1_526 
NC_007205.1_150 
NC_007205.1_267 
NC_007205.1_1313 
NC_007205.1_525 
NC_007205.1_1192 
NC_007205.1_122 
NC_007205.1_1260 
NC_007205.1_1350 
NC_007205.1_898 
NC_007205.1_18 
NC_007205.1_266 
NC_007205.1_352 
NC_007205.1_49 
NC_007205.1_106 
NC_007205.1_1093 
NC_007205.1_304 
NC_007205.1_519 
NC_007205.1_677 
NC_007205.1_143 
NC_007205.1_552 
NC_007205.1_618 
NC_007205.1_759 
NC_007205.1_506 
NC_007205.1_103 
NC_007205.1_461 
NC_007205.1_974 
NC_007205.1_255 
NC_007205.1_342 
NC_007205.1_927 
NC_007205.1_1323 
NC_007205.1_719 
NC_007205.1_897 
NC_007205.1_159 
NC_007205.1_1067 
NC_007205.1_136 
NC_007205.1_1068 
NC_007205.1_186 
NC_007205.1_603 
NC_007205.1_998 
NC_007205.1_595 
NC_007205.1_590 
NC_007205.1_614 
NC_007205.1_778 
NC_007205.1_643 
NC_007205.1_848 
NC_007205.1_340 
NC_007205.1_487 
NC_007205.1_351 
NC_007205.1_829 
NC_007205.1_1266 
NC_007205.1_537 
NC_007205.1_912 
NC_007205.1_131 
NC_007205.1_706 
NC_007205.1_1175 
NC_007205.1_1240 
NC_007205.1_36 
NC_007205.1_392 
NC_007205.1_657 
NC_007205.1_908 
NC_007205.1_1117 
NC_007205.1_1321 
NC_007205.1_907 
NC_007205.1_1111 
NC_007205.1_986 
NC_007205.1_99 
NC_007205.1_245 
NC_007205.1_364 
NC_007205.1_847 
NC_007205.1_952 
NC_007205.1_239 
NC_007205.1_533 
NC_007205.1_628 
NC_007205.1_650 
NC_007205.1_659 
NC_007205.1_71 
NC_007205.1_726 
NC_007205.1_1115 
NC_007205.1_430 
NC_007205.1_820 
NC_007205.1_827 
NC_007205.1_92 
NC_007205.1_1049 
NC_007205.1_1331 
NC_007205.1_562 
NC_007205.1_624 
NC_007205.1_667 
NC_007205.1_66 
NC_007205.1_962 
NC_007205.1_985 
NC_007205.1_1325 
NC_007205.1_288 
NC_007205.1_1201 
NC_007205.1_1255 
NC_007205.1_980 
NC_007205.1_328 
NC_007205.1_400 
NC_007205.1_434 
NC_007205.1_1113 
NC_007205.1_1232 
NC_007205.1_1257 
NC_007205.1_1318 
NC_007205.1_211 
NC_007205.1_748 
NC_007205.1_852 
NC_007205.1_890 
NC_007205.1_1110 
NC_007205.1_35 
NC_007205.1_456 
NC_007205.1_505 
NC_007205.1_561 
NC_007205.1_580 
NC_007205.1_917 
NC_007205.1_958 
NC_007205.1_1128 
NC_007205.1_1309 
NC_007205.1_1036 
NC_007205.1_117 
NC_007205.1_108 
NC_007205.1_1148 
NC_007205.1_1244 
NC_007205.1_591 
NC_007205.1_74 
NC_007205.1_515 
NC_007205.1_540 
NC_007205.1_1038 
NC_007205.1_216 
NC_007205.1_297 
NC_007205.1_329 
NC_007205.1_468 
NC_007205.1_789 
NC_007205.1_191 
NC_007205.1_1125 
NC_007205.1_1207 
NC_007205.1_67 
NC_007205.1_922 
NC_007205.1_1096 
NC_007205.1_284 
NC_007205.1_996 
NC_007205.1_776 
NC_007205.1_1206 
NC_007205.1_1334 
NC_007205.1_404 
NC_007205.1_560 
NC_007205.1_137 
NC_007205.1_409 
NC_007205.1_558 
NC_007205.1_959 
NC_007205.1_1114 
NC_007205.1_1157 
NC_007205.1_1215 
NC_007205.1_307 
NC_007205.1_576 
NC_007205.1_390 
NC_007205.1_490 
NC_007205.1_1105 
NC_007205.1_1132 
NC_007205.1_192 
NC_007205.1_479 
NC_007205.1_482 
NC_007205.1_252 
NC_007205.1_660 
NC_007205.1_96 
NC_007205.1_1119 
NC_007205.1_1034 
NC_007205.1_1090 
NC_007205.1_165 
NC_007205.1_21 
NC_007205.1_63 
NC_007205.1_900 
NC_007205.1_911 
NC_007205.1_593 
NC_007205.1_866 
NC_007205.1_999 
NC_007205.1_338 
NC_007205.1_462 
NC_007205.1_1035 
NC_007205.1_138 
NC_007205.1_717 
NC_007205.1_76 
NC_007205.1_901 
NC_007205.1_317 
NC_007205.1_528 
NC_007205.1_415 
NC_007205.1_733 
NC_007205.1_130 
NC_007205.1_363 
NC_007205.1_493 
NC_007205.1_1055 
NC_007205.1_1142 
NC_007205.1_73 
NC_007205.1_164 
NC_007205.1_642 
NC_007205.1_1302 
NC_007205.1_1032 
NC_007205.1_1076 
NC_007205.1_321 
NC_007205.1_350 
NC_007205.1_863 
NC_007205.1_183 
NC_007205.1_367 
NC_007205.1_884 
NC_007205.1_489 
NC_007205.1_1136 
NC_007205.1_330 
NC_007205.1_612 
NC_007205.1_627 
NC_007205.1_1095 
NC_007205.1_1131 
NC_007205.1_313 
NC_007205.1_582 
NC_007205.1_1070 
NC_007205.1_680 
NC_007205.1_1124 
NC_007205.1_292 
NC_007205.1_1340 
NC_007205.1_975 
NC_007205.1_1248 
NC_007205.1_249 
NC_007205.1_498 
NC_007205.1_509 
NC_007205.1_555 
NC_007205.1_645 
NC_007205.1_872 
NC_007205.1_982 
NC_007205.1_1225 
NC_007205.1_298 
NC_007205.1_705 
NC_007205.1_877 
NC_007205.1_879 
NC_007205.1_795 
NC_007205.1_368 
NC_007205.1_1180 
NC_007205.1_189 
NC_007205.1_215 
NC_007205.1_419 
NC_007205.1_1027 
NC_007205.1_335 
NC_007205.1_37 
NC_007205.1_371 
NC_007205.1_398 
NC_007205.1_967 
NC_007205.1_114 
NC_007205.1_331 
NC_007205.1_747 
NC_007205.1_1039 
NC_007205.1_1261 
NC_007205.1_1304 
NC_007205.1_1320 
NC_007205.1_341 
NC_007205.1_578 
NC_007205.1_496 
NC_007205.1_816 
NC_007205.1_86 
NC_007205.1_359 
NC_007205.1_361 
NC_007205.1_777 
NC_007205.1_714 
NC_007205.1_785 
NC_007205.1_1062 
NC_007205.1_844 
NC_007205.1_1235 
NC_007205.1_339 
NC_007205.1_504 
NC_007205.1_634 
NC_007205.1_753 
NC_007205.1_153 
NC_007205.1_416 
NC_007205.1_545 
NC_007205.1_1048 
NC_007205.1_1145 
NC_007205.1_201 
NC_007205.1_257 
NC_007205.1_889 
NC_007205.1_109 
NC_007205.1_581 
NC_007205.1_779 
NC_007205.1_97 
NC_007205.1_230 
NC_007205.1_356 
NC_007205.1_471 
NC_007205.1_1084 
NC_007205.1_1182 
NC_007205.1_324 
NC_007205.1_818 
NC_007205.1_987 
NC_007205.1_1153 
NC_007205.1_200 
NC_007205.1_286 
NC_007205.1_867 
NC_007205.1_899 
NC_007205.1_1278 
NC_007205.1_3 
NC_007205.1_589 
NC_007205.1_669 
NC_007205.1_1246 
NC_007205.1_437 
NC_007205.1_696 
NC_007205.1_757 
NC_007205.1_1177 
NC_007205.1_1205 
NC_007205.1_171 
NC_007205.1_222 
NC_007205.1_358 
NC_007205.1_375 
NC_007205.1_597 
NC_007205.1_629 
NC_007205.1_1081 
NC_007205.1_119 
NC_007205.1_1169 
NC_007205.1_132 
NC_007205.1_673 
NC_007205.1_253 
NC_007205.1_417 
NC_007205.1_1107 
NC_007205.1_181 
NC_007205.1_1195 
NC_007205.1_448 
NC_007205.1_1194 
NC_007205.1_70 
NC_007205.1_904 
NC_007205.1_1041 
NC_007205.1_1349 
NC_007205.1_205 
NC_007205.1_334 
NC_007205.1_876 
NC_007205.1_454 
NC_007205.1_332 
NC_007205.1_805 
NC_007205.1_1079 
NC_007205.1_1181 
NC_007205.1_451 
NC_007205.1_989 
NC_007205.1_101 
NC_007205.1_1272 
NC_007205.1_278 
NC_007205.1_176 
NC_007205.1_290 
NC_007205.1_62 
NC_007205.1_1104 
NC_007205.1_325 
NC_007205.1_933 
NC_007205.1_1234 
NC_007205.1_156 
NC_007205.1_394 
NC_007205.1_500 
NC_007205.1_749 
NC_007205.1_120 
NC_007205.1_251 
NC_007205.1_592 
NC_007205.1_971 
NC_007205.1_1251 
NC_007205.1_546 
NC_007205.1_658 
NC_007205.1_932 
NC_007205.1_113 
NC_007205.1_1171 
NC_007205.1_178 
NC_007205.1_360 
NC_007205.1_1052 
NC_007205.1_128 
NC_007205.1_688 
NC_007205.1_883 
NC_007205.1_1280 
NC_007205.1_418 
NC_007205.1_457 
NC_007205.1_744 
NC_007205.1_104 
NC_007205.1_225 
NC_007205.1_520 
NC_007205.1_678 
NC_007205.1_817 
NC_007205.1_1042 
NC_007205.1_1099 
NC_007205.1_1185 
NC_007205.1_739 
NC_007205.1_787 
NC_007205.1_830 
NC_007205.1_1226 
NC_007205.1_1253 
NC_007205.1_34 
NC_007205.1_671 
NC_007205.1_813 
NC_007205.1_1021 
NC_007205.1_354 
NC_007205.1_724 
NC_007205.1_1011 
NC_007205.1_102 
NC_007205.1_1065 
NC_007205.1_1078 
NC_007205.1_382 
NC_007205.1_40 
NC_007205.1_544 
NC_007205.1_1029 
NC_007205.1_194 
NC_007205.1_293 
NC_007205.1_699 
NC_007205.1_969 
NC_007205.1_1059 
NC_007205.1_1074 
NC_007205.1_155 
NC_007205.1_1010 
NC_007205.1_399 
NC_007205.1_522 
NC_007205.1_80 
NC_007205.1_588 
NC_007205.1_1204 
NC_007205.1_185 
NC_007205.1_755 
NC_007205.1_1258 
NC_007205.1_905 
NC_007205.1_1003 
NC_007205.1_1072 
NC_007205.1_1166 
NC_007205.1_1239 
NC_007205.1_1300 
NC_007205.1_401 
NC_007205.1_647 
NC_007205.1_88 
NC_007205.1_931 
NC_007205.1_345 
NC_007205.1_58 
NC_007205.1_514 
NC_007205.1_1167 
NC_007205.1_1031 
NC_007205.1_1106 
NC_007205.1_1211 
NC_007205.1_127 
NC_007205.1_423 
NC_007205.1_425 
NC_007205.1_723 
NC_007205.1_734 
NC_007205.1_84 
NC_007205.1_865 
NC_007205.1_1237 
NC_007205.1_336 
NC_007205.1_337 
NC_007205.1_1238 
NC_007205.1_1298 
NC_007205.1_282 
NC_007205.1_649 
NC_007205.1_396 
NC_007205.1_594 
NC_007205.1_299 
NC_007205.1_1 
NC_007205.1_1089 
NC_007205.1_141 
NC_007205.1_713 
NC_007205.1_786 
NC_007205.1_1020 
NC_007205.1_1242 
NC_007205.1_721 
NC_007205.1_1024 
NC_007205.1_1174 
NC_007205.1_145 
NC_007205.1_217 
NC_007205.1_809 
NC_007205.1_94 
NC_007205.1_1112 
NC_007205.1_1199 
NC_007205.1_1289 
NC_007205.1_1091 
NC_007205.1_311 
NC_007205.1_679 
NC_007205.1_950 
NC_007205.1_1082 
NC_007205.1_473 
NC_007205.1_633 
NC_007205.1_226 
NC_007205.1_391 
NC_007205.1_1189 
NC_007205.1_190 
NC_007205.1_1025 
NC_007205.1_1037 
NC_007205.1_378 
NC_007205.1_1075 
NC_007205.1_242 
NC_007205.1_279 
NC_007205.1_294 
NC_007205.1_664 
NC_007205.1_1016 
NC_007205.1_1144 
NC_007205.1_1279 
NC_007205.1_1227 
NC_007205.1_1241 
NC_007205.1_1343 
NC_007205.1_1100 
NC_007205.1_12 
NC_007205.1_943 
NC_007205.1_1086 
NC_007205.1_1212 
NC_007205.1_387 
NC_007205.1_875 
NC_007205.1_1103 
NC_007205.1_565 
NC_007205.1_701 
NC_007205.1_635 
NC_007205.1_760 
NC_007205.1_949 
NC_007205.1_1146 
NC_007205.1_720 
NC_007205.1_1080 
NC_007205.1_316 
NC_007205.1_439 
NC_007205.1_1149 
NC_007205.1_1283 
NC_007205.1_223 
NC_007205.1_832 
NC_007205.1_1256 
NC_007205.1_170 
NC_007205.1_752 
NC_007205.1_287 
NC_007205.1_320 
NC_007205.1_46 
NC_007205.1_466 
NC_007205.1_780 
NC_007205.1_1305 
NC_007205.1_1147 
NC_007205.1_1122 
NC_007205.1_52 
NC_007205.1_241 
NC_007205.1_422 
NC_007205.1_1333 
NC_007205.1_206 
NC_007205.1_406 
NC_007205.1_587 
NC_007205.1_285 
NC_007205.1_625 
NC_007205.1_1214 
NC_007205.1_484 
NC_007205.1_508 
NC_007205.1_1259 
NC_007205.1_885 
NC_007205.1_1097 
NC_007205.1_31 
NC_007205.1_574 
NC_007205.1_1083 
NC_007205.1_179 
NC_007205.1_327 
NC_007205.1_1064 
NC_007205.1_929 
NC_007205.1_918 
NC_007205.1_1341 
NC_007205.1_182 
NC_007205.1_740 
NC_007205.1_1092 
NC_007205.1_1094 
NC_007205.1_1172 
NC_007205.1_1219 
NC_007205.1_1014 
NC_007205.1_160 
NC_007205.1_305 
NC_007205.1_53 
NC_007205.1_1058 
NC_007205.1_837 
NC_007205.1_964 
NC_007205.1_1140 
NC_007205.1_990 
NC_007205.1_1004 
NC_007205.1_700 
NC_007205.1_116 
NC_007205.1_756 
NC_007205.1_977 
NC_007205.1_1051 
NC_007205.1_750 
NC_007205.1_956 
NC_007205.1_314 
NC_007205.1_449 
NC_007205.1_1342 
NC_007205.1_218 
NC_007205.1_91 
NC_007205.1_465 
NC_007205.1_870 
NC_007205.1_994 
NC_007205.1_1085 
NC_007205.1_388 
NC_007205.1_608 
NC_007205.1_892 
NC_007205.1_1118 
NC_007205.1_704 
NC_007205.1_1087 
NC_007205.1_140 
NC_007205.1_1121 
NC_007205.1_579 
NC_007205.1_118 
NC_007205.1_1202 
NC_007205.1_283 
NC_007205.1_920 
NC_007205.1_1008 
NC_007205.1_1291 
NC_007205.1_469 
NC_007205.1_296 
NC_007205.1_948 
NC_007205.1_961 
NC_007205.1_1229 
NC_007205.1_725 
NC_007205.1_68 
NC_007205.1_783 
NC_007205.1_1155 
NC_007205.1_438 
NC_007205.1_543 
NC_007205.1_689 
NC_007205.1_821 
NC_007205.1_414 
NC_007205.1_1221 
NC_007205.1_475 
NC_007205.1_960 
NC_007205.1_1236 
NC_007205.1_1273 
NC_007205.1_459 
NC_007205.1_577 
NC_007205.1_686 
NC_007205.1_1015 
NC_007205.1_1088 
NC_007205.1_1108 
NC_007205.1_151 
NC_007205.1_564 
NC_007205.1_1151 
NC_007205.1_7 
NC_007205.1_1019 
NC_007205.1_1165 
NC_007205.1_259 
NC_007205.1_452 
NC_007205.1_869 
NC_007205.1_1247 
NC_007205.1_742 
NC_007205.1_1164 
NC_007205.1_467 
NC_007205.1_563 
NC_007205.1_819 
NC_007205.1_44 
NC_007205.1_864 
NC_007205.1_868 
NC_007205.1_833 
NC_007205.1_480 
NC_007205.1_133 
NC_007205.1_411 
NC_007205.1_1143 
NC_007205.1_470 
