NZ_CH902599.1_255 NZ_CH902599.1_578 NZ_CH902600.1_390 NZ_CH902599.1_353 NZ_CH902599.1_586 NZ_CH902599.1_512 NZ_CH902602.1_171 NZ_CH902602.1_362 NZ_CH902600.1_5 NZ_CH902600.1_1390 NZ_CH902600.1_937 NZ_CH902600.1_1389 NZ_CH902600.1_938 NZ_CH902599.1_487 NZ_CH902602.1_175 NZ_CH902599.1_389 NZ_CH902602.1_375 NZ_CH902599.1_423 NZ_CH902599.1_488 NZ_CH902600.1_644 NZ_CH902602.1_376 NZ_CH902599.1_385 NZ_CH902599.1_46 NZ_CH902599.1_54 NZ_CH902600.1_4 NZ_CH902600.1_1196 NZ_CH902599.1_217 NZ_CH902602.1_109 NZ_CH902600.1_698 NZ_CH902600.1_1136 NZ_CH902600.1_206 NZ_CH902601.1_279 NZ_CH902603.1_246 NZ_CH902599.1_799 NZ_CH902599.1_99 NZ_CH902599.1_1050 NZ_CH902599.1_988 NZ_CH902600.1_782 NZ_CH902600.1_675 NZ_CH902599.1_432 NZ_CH902603.1_235 NZ_CH902599.1_55 NZ_CH902600.1_1460 NZ_CH902602.1_104 NZ_CH902599.1_1235 NZ_CH902599.1_92 NZ_CH902600.1_364 NZ_CH902600.1_61 NZ_CH902600.1_1158 NZ_CH902600.1_527 NZ_CH902603.1_141 NZ_CH902601.1_178 NZ_CH902601.1_352 NZ_CH902600.1_1232 
NZ_CH902600.1_614 NZ_CH902600.1_45 NZ_CH902599.1_1269 NZ_CH902599.1_722 NZ_CH902599.1_845 NZ_CH902599.1_530 NZ_CH902599.1_472 NZ_CH902599.1_747 NZ_CH902602.1_316 NZ_CH902599.1_580 NZ_CH902600.1_778 NZ_CH902599.1_1211 NZ_CH902600.1_262 NZ_CH902603.1_177 NZ_CH902599.1_1417 NZ_CH902599.1_184 NZ_CH902600.1_873 NZ_CH902599.1_1109 NZ_CH902599.1_106 NZ_CH902599.1_339 NZ_CH902599.1_945 NZ_CH902599.1_1241 NZ_CH902599.1_208 NZ_CH902601.1_37 NZ_CH902599.1_1410 NZ_CH902600.1_1088 NZ_CH902602.1_66 NZ_CH902599.1_1186 NZ_CH902601.1_369 NZ_CH902599.1_476 NZ_CH902600.1_125 
NZ_CH902599.1_615 NZ_CH902599.1_256 NZ_CH902600.1_1365 NZ_CH902603.1_112 NZ_CH902600.1_603 NZ_CH902599.1_136 NZ_CH902600.1_1236 NZ_CH902600.1_454 NZ_CH902600.1_617 NZ_CH902603.1_73 NZ_CH902600.1_359 NZ_CH902599.1_10 NZ_CH902600.1_29 NZ_CH902600.1_1204 NZ_CH902600.1_280 NZ_CH902601.1_426 NZ_CH902599.1_551 NZ_CH902599.1_492 NZ_CH902599.1_711 NZ_CH902599.1_196 NZ_CH902600.1_730 NZ_CH902604.1_82 NZ_CH902601.1_95 NZ_CH902600.1_111 NZ_CH902601.1_168 
NZ_CH902599.1_633 NZ_CH902600.1_1160 NZ_CH902599.1_86 NZ_CH902601.1_402 NZ_CH902600.1_1130 NZ_CH902599.1_507 NZ_CH902600.1_470 NZ_CH902599.1_1405 NZ_CH902599.1_236 NZ_CH902599.1_844 NZ_CH902600.1_890 NZ_CH902600.1_413 NZ_CH902599.1_1201 NZ_CH902599.1_1387 NZ_CH902603.1_152 NZ_CH902601.1_324 NZ_CH902600.1_725 
NZ_CH902600.1_47 NZ_CH902600.1_982 NZ_CH902599.1_549 NZ_CH902599.1_777 NZ_CH902602.1_163 NZ_CH902599.1_1111 NZ_CH902601.1_8 NZ_CH902600.1_209 NZ_CH902604.1_97 NZ_CH902599.1_850 NZ_CH902600.1_1426 NZ_CH902599.1_60 NZ_CH902599.1_1540 NZ_CH902600.1_702 
NZ_CH902600.1_18 NZ_CH902599.1_1260 NZ_CH902599.1_859 NZ_CH902600.1_166 NZ_CH902601.1_146 NZ_CH902600.1_951 NZ_CH902600.1_367 NZ_CH902603.1_351 NZ_CH902601.1_148 NZ_CH902599.1_1021 NZ_CH902599.1_324 NZ_CH902600.1_1343 NZ_CH902600.1_9 
NZ_CH902600.1_927 NZ_CH902599.1_72 NZ_CH902603.1_170 NZ_CH902603.1_171 NZ_CH902604.1_21 NZ_CH902599.1_1236 NZ_CH902599.1_189 NZ_CH902600.1_445 NZ_CH902600.1_446 NZ_CH902604.1_33 NZ_CH902603.1_174 
NZ_CH902599.1_404 NZ_CH902599.1_441 NZ_CH902599.1_1346 NZ_CH902600.1_253 NZ_CH902599.1_790 NZ_CH902603.1_190 NZ_CH902599.1_409 NZ_CH902600.1_508 NZ_CH902600.1_1352 
NZ_CH902600.1_696 NZ_CH902600.1_697 NZ_CH902599.1_429 NZ_CH902599.1_431 NZ_CH902600.1_1134 NZ_CH902600.1_1133 NZ_CH902600.1_678 NZ_CH902603.1_234 NZ_CH902600.1_677 
NZ_CH902603.1_165 NZ_CH902602.1_77 NZ_CH902599.1_1347 NZ_CH902600.1_501 NZ_CH902600.1_382 NZ_CH902602.1_79 NZ_CH902602.1_78 NZ_CH902602.1_81 NZ_CH902602.1_80 
NZ_CH902601.1_362 NZ_CH902599.1_1084 NZ_CH902599.1_979 NZ_CH902600.1_440 NZ_CH902600.1_260 NZ_CH902600.1_69 NZ_CH902600.1_921 
NZ_CH902603.1_205 NZ_CH902600.1_1125 NZ_CH902600.1_973 NZ_CH902600.1_161 NZ_CH902600.1_853 NZ_CH902603.1_208 
NZ_CH902599.1_847 NZ_CH902600.1_879 NZ_CH902604.1_99 NZ_CH902599.1_623 NZ_CH902601.1_255 NZ_CH902600.1_343 
NZ_CH902600.1_593 NZ_CH902599.1_672 NZ_CH902600.1_936 NZ_CH902599.1_410 NZ_CH902599.1_1546 NZ_CH902599.1_1464 
NZ_CH902599.1_257 NZ_CH902599.1_553 NZ_CH902603.1_74 NZ_CH902603.1_111 NZ_CH902600.1_451 NZ_CH902600.1_453 
NZ_CH902600.1_83 NZ_CH902600.1_761 NZ_CH902600.1_851 NZ_CH902600.1_604 NZ_CH902599.1_479 NZ_CH902601.1_101 
NZ_CH902600.1_1225 NZ_CH902600.1_664 NZ_CH902599.1_514 NZ_CH902600.1_380 NZ_CH902599.1_1174 NZ_CH902599.1_1166 
NZ_CH902599.1_874 NZ_CH902599.1_879 NZ_CH902599.1_876 NZ_CH902599.1_877 NZ_CH902599.1_875 NZ_CH902599.1_878 
NZ_CH902599.1_43 NZ_CH902600.1_1209 NZ_CH902603.1_146 NZ_CH902604.1_22 NZ_CH902604.1_30 NZ_CH902600.1_464 
NZ_CH902600.1_852 NZ_CH902600.1_605 NZ_CH902600.1_84 NZ_CH902600.1_762 NZ_CH902599.1_478 
NZ_CH902600.1_427 NZ_CH902603.1_15 NZ_CH902600.1_1264 NZ_CH902600.1_267 NZ_CH902599.1_1413 
NZ_CH902602.1_74 NZ_CH902602.1_155 NZ_CH902603.1_366 NZ_CH902602.1_199 NZ_CH902602.1_198 
NZ_CH902601.1_188 NZ_CH902600.1_966 NZ_CH902600.1_967 NZ_CH902600.1_597 NZ_CH902601.1_189 
NZ_CH902600.1_1274 NZ_CH902599.1_1095 NZ_CH902600.1_777 NZ_CH902600.1_297 NZ_CH902600.1_743 
NZ_CH902600.1_1233 NZ_CH902599.1_987 NZ_CH902600.1_643 NZ_CH902603.1_245 NZ_CH902600.1_205 
NZ_CH902602.1_373 NZ_CH902600.1_1388 NZ_CH902603.1_198 NZ_CH902600.1_939 NZ_CH902600.1_6 
NZ_CH902602.1_372 NZ_CH902600.1_1387 NZ_CH902603.1_199 NZ_CH902600.1_940 NZ_CH902600.1_7 
NZ_CH902604.1_100 NZ_CH902599.1_125 NZ_CH902599.1_1341 NZ_CH902600.1_645 NZ_CH902603.1_59 
NZ_CH902602.1_259 NZ_CH902599.1_725 NZ_CH902599.1_205 NZ_CH902603.1_139 NZ_CH902599.1_68 
NZ_CH902600.1_897 NZ_CH902602.1_288 NZ_CH902602.1_332 NZ_CH902600.1_1463 NZ_CH902601.1_373 
NZ_CH902600.1_397 NZ_CH902602.1_225 NZ_CH902603.1_306 NZ_CH902603.1_220 NZ_CH902601.1_4 
NZ_CH902600.1_847 NZ_CH902599.1_1424 NZ_CH902599.1_1425 NZ_CH902603.1_262 NZ_CH902599.1_348 
NZ_CH902599.1_1276 NZ_CH902599.1_783 NZ_CH902600.1_1111 NZ_CH902599.1_1242 NZ_CH902600.1_1021 
NZ_CH902600.1_20 NZ_CH902599.1_968 NZ_CH902599.1_178 NZ_CH902599.1_636 NZ_CH902599.1_969 
NZ_CH902600.1_203 NZ_CH902599.1_2 NZ_CH902600.1_1078 NZ_CH902601.1_432 NZ_CH902604.1_107 
NZ_CH902599.1_93 NZ_CH902599.1_163 NZ_CH902600.1_214 NZ_CH902600.1_1101 
NZ_CH902600.1_1366 NZ_CH902600.1_415 NZ_CH902600.1_256 NZ_CH902599.1_445 
NZ_CH902601.1_415 NZ_CH902603.1_167 NZ_CH902601.1_53 NZ_CH902603.1_169 
NZ_CH902599.1_214 NZ_CH902599.1_830 NZ_CH902600.1_826 NZ_CH902600.1_531 
NZ_CH902600.1_616 NZ_CH902600.1_660 NZ_CH902599.1_1331 NZ_CH902600.1_281 
NZ_CH902599.1_1348 NZ_CH902600.1_227 NZ_CH902600.1_1354 NZ_CH902600.1_213 
NZ_CH902603.1_259 NZ_CH902599.1_1355 NZ_CH902599.1_329 NZ_CH902601.1_153 
NZ_CH902600.1_110 NZ_CH902599.1_108 NZ_CH902600.1_113 NZ_CH902599.1_1325 
NZ_CH902601.1_9 NZ_CH902600.1_243 NZ_CH902600.1_1008 NZ_CH902600.1_36 
NZ_CH902599.1_1153 NZ_CH902600.1_1350 NZ_CH902604.1_109 NZ_CH902599.1_1151 
NZ_CH902599.1_1534 NZ_CH902599.1_1493 NZ_CH902599.1_1492 NZ_CH902599.1_1567 
NZ_CH902601.1_192 NZ_CH902599.1_505 NZ_CH902599.1_237 NZ_CH902603.1_218 
NZ_CH902600.1_888 NZ_CH902599.1_1388 NZ_CH902599.1_1385 NZ_CH902600.1_1099 
NZ_CH902599.1_912 NZ_CH902601.1_411 NZ_CH902602.1_354 NZ_CH902600.1_772 
NZ_CH902599.1_1422 NZ_CH902599.1_1539 NZ_CH902600.1_672 NZ_CH902599.1_836 
NZ_CH902600.1_386 NZ_CH902600.1_387 NZ_CH902599.1_1283 NZ_CH902599.1_1284 
NZ_CH902599.1_880 NZ_CH902600.1_272 NZ_CH902600.1_568 NZ_CH902600.1_627 
NZ_CH902599.1_1101 NZ_CH902599.1_762 NZ_CH902603.1_155 NZ_CH902599.1_974 
NZ_CH902603.1_45 NZ_CH902599.1_268 NZ_CH902600.1_1192 NZ_CH902599.1_15 
NZ_CH902600.1_959 NZ_CH902601.1_76 NZ_CH902601.1_77 NZ_CH902600.1_954 
NZ_CH902599.1_1516 NZ_CH902599.1_1521 NZ_CH902599.1_1568 NZ_CH902599.1_1531 
NZ_CH902599.1_1467 NZ_CH902599.1_428 NZ_CH902600.1_450 NZ_CH902599.1_1270 
NZ_CH902601.1_23 NZ_CH902600.1_865 NZ_CH902600.1_411 
NZ_CH902599.1_860 NZ_CH902602.1_290 NZ_CH902600.1_925 
NZ_CH902600.1_1283 NZ_CH902601.1_410 NZ_CH902600.1_710 
NZ_CH902600.1_1250 NZ_CH902599.1_1136 NZ_CH902600.1_1175 
NZ_CH902599.1_18 NZ_CH902600.1_1119 NZ_CH902600.1_252 
NZ_CH902599.1_579 NZ_CH902600.1_1369 NZ_CH902600.1_1371 
NZ_CH902604.1_67 NZ_CH902601.1_271 NZ_CH902602.1_231 
NZ_CH902600.1_306 NZ_CH902600.1_107 NZ_CH902599.1_952 
NZ_AAOJ01000023.1_11 NZ_CH902600.1_899 NZ_CH902599.1_378 
NZ_CH902600.1_785 NZ_CH902602.1_211 NZ_CH902599.1_1547 
NZ_CH902600.1_1403 NZ_CH902600.1_1172 NZ_CH902600.1_1171 
NZ_CH902599.1_270 NZ_CH902599.1_272 NZ_CH902599.1_763 
NZ_CH902599.1_1043 NZ_CH902602.1_208 NZ_CH902600.1_1041 
NZ_CH902604.1_6 NZ_CH902599.1_675 NZ_CH902599.1_381 
NZ_CH902599.1_1138 NZ_AAOJ01000021.1_18 NZ_CH902600.1_402 
NZ_CH902599.1_520 NZ_CH902600.1_133 NZ_CH902603.1_28 
NZ_CH902601.1_281 NZ_CH902599.1_1316 NZ_CH902600.1_1378 
NZ_CH902601.1_54 NZ_CH902603.1_166 NZ_CH902601.1_414 
NZ_CH902600.1_912 NZ_CH902599.1_632 NZ_CH902600.1_753 
NZ_CH902602.1_140 NZ_AAOJ01000021.1_16 NZ_CH902599.1_887 
NZ_CH902600.1_797 NZ_CH902600.1_739 NZ_CH902599.1_1558 
NZ_CH902599.1_696 NZ_CH902599.1_761 NZ_CH902600.1_291 
NZ_CH902602.1_213 NZ_CH902600.1_1097 NZ_CH902600.1_1464 
NZ_CH902602.1_219 NZ_CH902602.1_218 NZ_AAOJ01000021.1_1 
NZ_CH902600.1_590 NZ_CH902603.1_307 NZ_CH902600.1_552 
NZ_CH902599.1_1432 NZ_CH902601.1_253 NZ_CH902599.1_664 
NZ_CH902599.1_1495 NZ_CH902599.1_1549 NZ_CH902599.1_1496 
NZ_CH902599.1_986 NZ_CH902599.1_114 NZ_CH902600.1_1234 
NZ_CH902603.1_145 NZ_CH902604.1_23 NZ_CH902601.1_371 
NZ_CH902599.1_983 NZ_CH902599.1_745 NZ_CH902599.1_105 
NZ_CH902599.1_1522 NZ_CH902599.1_1515 NZ_CH902599.1_1 
NZ_CH902600.1_1301 NZ_CH902600.1_32 NZ_CH902599.1_113 
NZ_CH902602.1_283 NZ_CH902600.1_245 NZ_CH902599.1_433 
NZ_CH902599.1_891 NZ_CH902599.1_888 NZ_CH902600.1_1031 
NZ_CH902600.1_496 NZ_CH902601.1_387 NZ_CH902600.1_822 
NZ_CH902599.1_662 NZ_CH902601.1_127 NZ_CH902599.1_1148 
NZ_CH902600.1_1013 NZ_CH902600.1_1084 NZ_CH902602.1_53 
NZ_CH902600.1_1183 NZ_CH902599.1_362 NZ_CH902599.1_509 
NZ_CH902600.1_97 NZ_CH902603.1_122 NZ_CH902603.1_134 
NZ_CH902600.1_780 NZ_CH902600.1_781 NZ_CH902599.1_585 
NZ_CH902603.1_331 NZ_CH902600.1_1348 NZ_CH902599.1_1121 
NZ_CH902603.1_8 NZ_CH902604.1_12 NZ_CH902600.1_55 
NZ_CH902599.1_1162 NZ_CH902599.1_14 NZ_CH902600.1_1222 
NZ_CH902599.1_679 NZ_CH902599.1_903 NZ_CH902600.1_779 
NZ_CH902599.1_280 NZ_CH902599.1_1400 NZ_CH902600.1_296 
NZ_CH902602.1_313 NZ_CH902603.1_300 NZ_CH902600.1_299 
NZ_CH902600.1_532 NZ_CH902599.1_1454 NZ_CH902600.1_533 
NZ_CH902603.1_250 NZ_CH902599.1_158 NZ_CH902601.1_172 
NZ_CH902599.1_265 NZ_CH902599.1_266 NZ_AAOJ01000043.1_2 
NZ_CH902600.1_1270 NZ_CH902599.1_1279 NZ_CH902599.1_19 
NZ_CH902599.1_276 NZ_CH902600.1_553 NZ_CH902600.1_929 
NZ_CH902599.1_142 NZ_CH902599.1_143 NZ_CH902600.1_706 
NZ_CH902599.1_1029 NZ_CH902601.1_3 NZ_CH902601.1_368 
NZ_CH902600.1_875 NZ_CH902600.1_948 NZ_CH902600.1_132 
NZ_CH902601.1_69 NZ_CH902599.1_975 NZ_CH902601.1_317 
NZ_CH902600.1_19 NZ_CH902600.1_570 NZ_CH902599.1_148 
NZ_CH902602.1_292 NZ_CH902599.1_1326 NZ_CH902603.1_164 
NZ_CH902600.1_918 NZ_CH902601.1_202 NZ_CH902599.1_853 
NZ_CH902604.1_103 NZ_CH902601.1_24 NZ_CH902599.1_566 
NZ_CH902600.1_145 NZ_CH902600.1_151 NZ_CH902599.1_1116 
NZ_CH902600.1_497 NZ_CH902600.1_1414 NZ_CH902599.1_1229 
NZ_CH902599.1_1437 NZ_CH902599.1_1439 NZ_CH902599.1_1438 
NZ_CH902601.1_364 NZ_CH902601.1_363 
NZ_CH902600.1_1489 NZ_CH902599.1_5 
NZ_CH902600.1_1368 NZ_CH902600.1_1370 
NZ_CH902600.1_42 NZ_CH902599.1_248 
NZ_CH902600.1_233 NZ_CH902600.1_234 
NZ_CH902599.1_380 NZ_CH902601.1_99 
NZ_CH902601.1_256 NZ_CH902599.1_1114 
NZ_CH902601.1_421 NZ_CH902600.1_1417 
NZ_CH902599.1_1499 NZ_CH902599.1_1507 
NZ_CH902602.1_185 NZ_CH902599.1_1318 
NZ_CH902600.1_665 NZ_CH902599.1_515 
NZ_CH902600.1_1361 NZ_CH902603.1_53 
NZ_AAOJ01000023.1_10 NZ_CH902600.1_26 
NZ_CH902603.1_229 NZ_CH902600.1_1418 
NZ_CH902600.1_968 NZ_CH902600.1_598 
NZ_CH902599.1_1265 NZ_CH902600.1_423 
NZ_CH902600.1_668 NZ_CH902601.1_283 
NZ_CH902599.1_641 NZ_CH902600.1_1138 
NZ_CH902600.1_1337 NZ_CH902601.1_110 
NZ_CH902602.1_245 NZ_CH902603.1_108 
NZ_CH902599.1_1154 NZ_CH902603.1_197 
NZ_CH902600.1_319 NZ_CH902599.1_1478 
NZ_CH902603.1_337 NZ_CH902603.1_203 
NZ_CH902603.1_217 NZ_CH902601.1_193 
NZ_CH902600.1_648 NZ_CH902602.1_162 
NZ_CH902603.1_1 NZ_CH902600.1_840 
NZ_CH902599.1_316 NZ_CH902601.1_164 
NZ_CH902599.1_818 NZ_CH902599.1_773 
NZ_CH902600.1_100 NZ_CH902603.1_129 
NZ_CH902599.1_1016 NZ_CH902601.1_423 
NZ_CH902599.1_871 NZ_CH902599.1_956 
NZ_CH902600.1_952 NZ_CH902599.1_1463 
NZ_CH902599.1_1237 NZ_CH902599.1_704 
NZ_CH902599.1_444 NZ_AAOJ01000021.1_15 
NZ_CH902599.1_1055 NZ_CH902603.1_13 
NZ_CH902599.1_1083 NZ_CH902599.1_1445 
NZ_CH902600.1_1229 NZ_CH902599.1_1217 
NZ_CH902599.1_244 NZ_CH902603.1_340 
NZ_CH902600.1_1065 NZ_CH902599.1_130 
NZ_CH902602.1_374 NZ_CH902602.1_377 
NZ_CH902603.1_355 NZ_CH902599.1_634 
NZ_CH902599.1_1238 NZ_CH902599.1_1407 
NZ_CH902599.1_1527 NZ_CH902599.1_61 
NZ_CH902600.1_1185 NZ_CH902599.1_1093 
NZ_CH902600.1_362 NZ_CH902600.1_300 
NZ_CH902599.1_66 NZ_CH902599.1_1485 
NZ_CH902600.1_1448 NZ_CH902603.1_270 
NZ_CH902599.1_1476 NZ_CH902599.1_94 
NZ_CH902599.1_82 NZ_CH902601.1_354 
NZ_CH902601.1_303 NZ_CH902600.1_684 
NZ_CH902601.1_396 NZ_CH902600.1_38 
NZ_CH902603.1_153 NZ_CH902601.1_34 
NZ_CH902600.1_1259 NZ_CH902600.1_919 
NZ_CH902599.1_1380 NZ_CH902599.1_29 
NZ_CH902599.1_1357 NZ_CH902603.1_257 
NZ_CH902599.1_1120 NZ_CH902599.1_1000 
NZ_CH902599.1_188 NZ_CH902599.1_475 
NZ_CH902600.1_1201 NZ_CH902603.1_191 
NZ_CH902602.1_297 NZ_CH902599.1_910 
NZ_CH902600.1_1344 NZ_CH902601.1_56 
NZ_CH902599.1_1393 NZ_CH902599.1_1264 
NZ_CH902599.1_759 NZ_CH902599.1_691 
NZ_CH902604.1_79 NZ_CH902599.1_1034 
NZ_CH902599.1_1105 NZ_CH902599.1_1471 
NZ_CH902599.1_574 NZ_CH902600.1_811 
NZ_CH902603.1_215 NZ_CH902603.1_279 
NZ_CH902600.1_21 NZ_CH902600.1_1445 
NZ_CH902602.1_95 NZ_CH902599.1_837 
NZ_CH902599.1_1366 NZ_CH902599.1_534 
NZ_CH902599.1_522 NZ_CH902599.1_1282 
NZ_CH902601.1_132 NZ_CH902599.1_290 
NZ_CH902603.1_17 NZ_CH902600.1_484 
NZ_CH902599.1_1079 NZ_CH902601.1_361 
NZ_CH902599.1_645 NZ_CH902600.1_1086 
NZ_CH902600.1_323 NZ_CH902600.1_529 
NZ_CH902599.1_533 NZ_CH902600.1_539 
NZ_CH902599.1_1404 NZ_CH902600.1_831 
NZ_CH902599.1_260 NZ_CH902599.1_650 
NZ_CH902603.1_142 NZ_CH902602.1_277 
NZ_CH902602.1_117 NZ_CH902602.1_116 
NZ_CH902599.1_1472 NZ_CH902601.1_85 
NZ_CH902599.1_816 NZ_CH902602.1_369 
NZ_CH902604.1_77 NZ_CH902599.1_600 
NZ_CH902599.1_562 NZ_CH902600.1_441 
NZ_CH902599.1_1409 NZ_CH902599.1_38 
NZ_CH902599.1_128 NZ_CH902599.1_1470 
NZ_CH902599.1_34 NZ_CH902600.1_969 
NZ_CH902600.1_507 NZ_CH902599.1_1019 
NZ_CH902604.1_49 NZ_CH902599.1_269 
NZ_CH902599.1_1080 NZ_CH902601.1_360 
NZ_CH902600.1_328 NZ_CH902601.1_249 
NZ_CH902599.1_42 NZ_CH902600.1_119 
NZ_CH902600.1_54 NZ_CH902600.1_748 
NZ_CH902599.1_597 NZ_CH902602.1_47 
NZ_CH902599.1_11 NZ_CH902600.1_618 
NZ_CH902599.1_689 NZ_CH902603.1_54 
NZ_CH902600.1_24 NZ_CH902600.1_694 
NZ_CH902599.1_1526 NZ_CH902599.1_62 
NZ_CH902600.1_62 NZ_CH902600.1_60 
NZ_CH902600.1_330 NZ_CH902601.1_74 
NZ_CH902599.1_1044 NZ_CH902602.1_315 
NZ_CH902599.1_547 NZ_CH902599.1_546 
NZ_CH902599.1_144 NZ_CH902600.1_27 
NZ_CH902601.1_314 NZ_CH902603.1_157 
NZ_CH902603.1_367 NZ_CH902602.1_154 
NZ_CH902600.1_124 NZ_CH902601.1_252 
NZ_CH902600.1_180 NZ_CH902599.1_1481 
NZ_CH902599.1_1434 NZ_CH902600.1_1150 
NZ_CH902600.1_679 NZ_CH902604.1_87 
NZ_CH902599.1_1511 NZ_CH902599.1_934 
NZ_CH902600.1_117 NZ_CH902599.1_907 
NZ_CH902600.1_548 NZ_CH902600.1_549 
NZ_CH902600.1_859 NZ_CH902599.1_1552 
NZ_CH902600.1_1014 NZ_CH902600.1_1098 
NZ_CH902600.1_160 NZ_CH902600.1_972 
NZ_CH902600.1_752 NZ_CH902601.1_36 
NZ_CH902601.1_163 NZ_CH902599.1_317 
NZ_CH902602.1_226 NZ_CH902599.1_85 
NZ_CH902599.1_294 NZ_CH902601.1_136 
NZ_CH902599.1_210 NZ_CH902600.1_1007 
NZ_CH902599.1_90 NZ_CH902600.1_525 
NZ_CH902601.1_48 NZ_CH902600.1_1156 
NZ_CH902599.1_765 NZ_CH902599.1_1473 
NZ_CH902600.1_41 NZ_CH902600.1_40 
NZ_CH902601.1_14 NZ_CH902600.1_1345 
NZ_CH902599.1_1178 NZ_CH902599.1_368 
NZ_CH902600.1_563 NZ_CH902601.1_79 
NZ_CH902599.1_589 NZ_CH902599.1_1397 
NZ_CH902599.1_1126 NZ_CH902599.1_1251 
NZ_CH902599.1_1158 NZ_CH902600.1_623 
NZ_CH902600.1_351 NZ_CH902600.1_514 
NZ_AAOJ01000020.1_2 NZ_CH902599.1_1447 
NZ_CH902603.1_317 NZ_CH902599.1_625 
NZ_CH902601.1_151 NZ_CH902599.1_327 
NZ_CH902599.1_1323 NZ_CH902602.1_202 
NZ_CH902600.1_187 NZ_CH902599.1_9 
NZ_CH902599.1_792 NZ_CH902599.1_1337 
NZ_CH902600.1_801 NZ_CH902599.1_247 
NZ_CH902602.1_303 NZ_CH902599.1_331 
NZ_CH902603.1_159 NZ_CH902599.1_1100 
NZ_CH902604.1_95 NZ_CH902600.1_1056 
NZ_CH902599.1_688 NZ_CH902599.1_686 
NZ_CH902600.1_1184 NZ_CH902599.1_1092 
NZ_CH902602.1_296 NZ_CH902602.1_189 
NZ_CH902599.1_1098 NZ_CH902601.1_108 
NZ_CH902600.1_240 NZ_CH902600.1_239 
NZ_CH902603.1_268 NZ_CH902600.1_1106 
NZ_CH902599.1_611 NZ_CH902599.1_684 
NZ_CH902600.1_1093 NZ_CH902599.1_944 
NZ_CH902599.1_886 NZ_CH902600.1_510 
NZ_CH902599.1_638 NZ_CH902599.1_1256 
NZ_CH902599.1_1013 NZ_CH902603.1_339 
NZ_CH902599.1_1001 NZ_CH902604.1_73 
NZ_CH902600.1_460 NZ_CH902600.1_463 
NZ_CH902600.1_652 NZ_CH902599.1_822 
NZ_CH902602.1_237 NZ_CH902599.1_738 
NZ_CH902599.1_254 NZ_CH902599.1_577 
NZ_CH902599.1_422 NZ_CH902599.1_421 
NZ_CH902601.1_166 NZ_CH902601.1_298 
NZ_CH902599.1_1041 NZ_CH902599.1_622 
NZ_CH902599.1_798 NZ_CH902601.1_278 
NZ_CH902599.1_817 NZ_CH902602.1_370 
NZ_CH902599.1_1356 NZ_CH902603.1_258 
NZ_CH902600.1_500 NZ_CH902600.1_22 
NZ_CH902600.1_1330 NZ_CH902600.1_1335 
NZ_CH902600.1_845 NZ_CH902600.1_808 
NZ_CH902602.1_357 NZ_CH902599.1_1144 
NZ_CH902599.1_637 NZ_CH902599.1_1257 
NZ_CH902599.1_940 NZ_CH902600.1_547 
NZ_CH902600.1_663 NZ_CH902599.1_513 
NZ_CH902601.1_160 NZ_CH902599.1_320 
NZ_CH902599.1_1216 NZ_CH902599.1_156 
NZ_CH902603.1_377 NZ_CH902604.1_1 
NZ_CH902600.1_1026 NZ_CH902600.1_1016 
NZ_CH902600.1_634 NZ_CH902599.1_963 
NZ_CH902599.1_430 NZ_CH902603.1_233 
NZ_CH902599.1_1525 NZ_CH902599.1_63 
NZ_CH902599.1_811 NZ_CH902600.1_1336 
NZ_CH902601.1_135 NZ_CH902599.1_293 
NZ_CH902599.1_501 NZ_CH902600.1_118 
NZ_CH902603.1_253 NZ_CH902599.1_1361 
NZ_CH902602.1_178 NZ_CH902600.1_274 
NZ_CH902599.1_1027 NZ_CH902599.1_1026 
NZ_CH902601.1_134 NZ_CH902599.1_292 
NZ_CH902600.1_1275 NZ_CH902600.1_883 
NZ_CH902600.1_86 NZ_CH902601.1_231 
NZ_CH902601.1_162 NZ_CH902599.1_318 
NZ_CH902600.1_1135 NZ_CH902600.1_676 
NZ_CH902599.1_1408 NZ_CH902599.1_37 
NZ_CH902599.1_1519 NZ_CH902599.1_1518 
NZ_CH902600.1_796 NZ_AAOJ01000023.1_7 
NZ_CH902599.1_1011 NZ_CH902600.1_1416 
NZ_AAOJ01000023.1_5 NZ_CH902600.1_109 
NZ_CH902601.1_133 NZ_CH902599.1_291 
NZ_CH902601.1_333 NZ_CH902599.1_1289 
NZ_CH902599.1_286 NZ_CH902601.1_126 
NZ_CH902604.1_68 NZ_CH902601.1_272 
NZ_CH902601.1_355 NZ_CH902599.1_81 
NZ_CH902604.1_44 NZ_CH902603.1_109 
NZ_CH902599.1_308 NZ_CH902601.1_167 
NZ_CH902603.1_332 NZ_CH902599.1_1150 
NZ_CH902603.1_46 NZ_CH902600.1_459 
NZ_AAOJ01000023.1_8 NZ_CH902599.1_443 
NZ_CH902600.1_511 NZ_CH902603.1_163 
NZ_CH902599.1_598 NZ_CH902599.1_349 
NZ_CH902603.1_7 NZ_CH902599.1_1227 
NZ_CH902599.1_301 NZ_CH902599.1_425 
NZ_CH902599.1_908 NZ_CH902600.1_1446 
NZ_CH902601.1_26 NZ_CH902599.1_1489 
NZ_CH902599.1_1435 NZ_CH902599.1_581 
NZ_CH902601.1_47 NZ_CH902600.1_189 
NZ_CH902599.1_970 NZ_CH902599.1_971 
NZ_CH902600.1_1217 NZ_CH902601.1_388 
NZ_CH902604.1_83 NZ_CH902601.1_322 
NZ_CH902599.1_111 NZ_CH902600.1_455 
NZ_CH902599.1_767 NZ_CH902599.1_624 
NZ_CH902603.1_106 NZ_CH902599.1_57 
NZ_CH902600.1_1117 NZ_CH902600.1_1375 
NZ_CH902600.1_96 NZ_CH902599.1_658 
NZ_CH902601.1_395 NZ_CH902603.1_29 
NZ_CH902603.1_132 NZ_CH902599.1_788 
NZ_CH902599.1_439 NZ_CH902600.1_353 
NZ_CH902599.1_1056 NZ_CH902603.1_14 
NZ_CH902600.1_962 NZ_CH902600.1_971 
NZ_CH902600.1_1193 NZ_CH902600.1_1258 
NZ_CH902601.1_359 NZ_CH902599.1_1081 
NZ_CH902599.1_372 NZ_CH902600.1_557 
NZ_CH902599.1_967 NZ_CH902600.1_632 
NZ_CH902602.1_128 NZ_AAOJ01000023.1_12 
NZ_CH902600.1_226 NZ_CH902599.1_1005 
NZ_CH902600.1_896 NZ_CH902602.1_91 
NZ_CH902600.1_447 NZ_CH902604.1_71 
NZ_CH902603.1_176 NZ_CH902600.1_707 
NZ_CH902600.1_751 NZ_CH902600.1_750 
NZ_CH902599.1_1009 NZ_CH902600.1_771 
NZ_CH902599.1_1502 NZ_CH902599.1_1501 
NZ_CH902601.1_261 NZ_CH902600.1_1349 
NZ_CH902603.1_11 NZ_CH902600.1_1308 
NZ_CH902599.1_209 NZ_CH902599.1_733 
NZ_CH902599.1_1170 NZ_CH902600.1_1001 
NZ_CH902599.1_1358 NZ_CH902603.1_256 
NZ_CH902602.1_307 NZ_CH902599.1_1536 
NZ_CH902601.1_347 NZ_CH902599.1_1221 
NZ_CH902601.1_120 NZ_CH902601.1_119 
NZ_CH902599.1_815 NZ_CH902602.1_368 
NZ_CH902601.1_38 NZ_CH902599.1_1314 
NZ_CH902599.1_870 NZ_CH902599.1_958 
NZ_CH902600.1_257 NZ_CH902603.1_283 
NZ_CH902600.1_715 NZ_CH902600.1_767 
NZ_CH902599.1_1177 NZ_CH902600.1_1281 
NZ_CH902602.1_105 NZ_CH902599.1_1060 
NZ_CH902600.1_1364 NZ_CH902603.1_64 
NZ_CH902600.1_1413 NZ_CH902600.1_1482 
NZ_CH902602.1_179 NZ_CH902600.1_1436 
NZ_CH902602.1_227 NZ_CH902601.1_5 
NZ_CH902603.1_113 NZ_CH902600.1_1300 
NZ_CH902599.1_1359 NZ_CH902603.1_255 
NZ_AAOJ01000021.1_30 NZ_AAOJ01000021.1_25 
NZ_CH902599.1_267 NZ_AAOJ01000043.1_1 
NZ_CH902602.1_182 NZ_CH902600.1_671 
NZ_CH902602.1_333 NZ_CH902603.1_247 
NZ_CH902599.1_1354 NZ_CH902603.1_260 
NZ_CH902600.1_685 NZ_CH902599.1_702 
NZ_CH902602.1_149 NZ_CH902600.1_1053 
NZ_CH902599.1_1096 NZ_CH902603.1_189 
NZ_CH902599.1_288 NZ_CH902601.1_130 
NZ_CH902599.1_663 NZ_CH902600.1_1396 
NZ_CH902599.1_1125 NZ_AAOJ01000023.1_21 
NZ_CH902600.1_487 NZ_CH902600.1_980 
NZ_CH902602.1_367 NZ_CH902599.1_814 
NZ_CH902601.1_145 NZ_CH902599.1_312 
NZ_CH902602.1_220 NZ_CH902599.1_918 
NZ_CH902601.1_129 NZ_CH902599.1_287 
NZ_CH902601.1_302 NZ_CH902599.1_211 
NZ_CH902599.1_1533 NZ_CH902600.1_687 
NZ_CH902603.1_265 NZ_CH902603.1_264 
NZ_CH902601.1_158 NZ_CH902599.1_321 
NZ_CH902599.1_1246 NZ_CH902599.1_1513 
NZ_CH902599.1_904 NZ_CH902600.1_554 
NZ_CH902602.1_286 NZ_CH902602.1_102 
NZ_CH902600.1_680 NZ_CH902599.1_899 
NZ_CH902599.1_1330 NZ_CH902600.1_659 
NZ_CH902600.1_1379 NZ_CH902600.1_1177 
NZ_CH902601.1_42 NZ_CH902602.1_167 
NZ_CH902600.1_905 NZ_CH902601.1_194 
NZ_AAOJ01000021.1_35 NZ_CH902601.1_210 
NZ_CH902599.1_1482 NZ_CH902600.1_181 
NZ_CH902600.1_238 NZ_CH902601.1_94 
NZ_CH902603.1_313 NZ_CH902599.1_138 
NZ_CH902599.1_319 NZ_CH902601.1_161 
NZ_CH902599.1_1032 NZ_CH902603.1_57 
NZ_CH902603.1_254 NZ_CH902599.1_1360 
NZ_CH902599.1_1149 NZ_CH902600.1_1129 
NZ_CH902600.1_179 NZ_CH902599.1_1480 
NZ_CH902601.1_80 NZ_CH902602.1_224 
NZ_CH902600.1_1490 NZ_CH902602.1_221 
NZ_CH902603.1_172 NZ_CH902599.1_190 
NZ_CH902600.1_760 NZ_CH902600.1_82 
NZ_CH902599.1_1456 NZ_CH902599.1_1459 
NZ_CH902599.1_1537 NZ_CH902602.1_308 
NZ_CH902603.1_295 
NZ_CH902599.1_1226 
NZ_CH902602.1_45 
NZ_CH902599.1_1078 
NZ_CH902599.1_1225 
NZ_CH902600.1_935 
NZ_CH902602.1_291 
NZ_CH902600.1_1243 
NZ_CH902599.1_1222 
NZ_CH902604.1_61 
NZ_CH902603.1_213 
NZ_CH902600.1_1397 
NZ_CH902599.1_405 
NZ_CH902599.1_1285 
NZ_CH902600.1_432 
NZ_AAOJ01000020.1_6 
NZ_CH902600.1_158 
NZ_CH902600.1_81 
NZ_CH902599.1_1451 
NZ_CH902604.1_117 
NZ_CH902600.1_1095 
NZ_CH902602.1_86 
NZ_CH902604.1_118 
NZ_CH902602.1_87 
NZ_CH902599.1_1258 
NZ_CH902599.1_981 
NZ_CH902601.1_40 
NZ_CH902600.1_325 
NZ_CH902602.1_93 
NZ_CH902599.1_1494 
NZ_CH902600.1_1205 
NZ_CH902599.1_779 
NZ_CH902601.1_221 
NZ_CH902602.1_48 
NZ_CH902602.1_305 
NZ_CH902599.1_856 
NZ_CH902600.1_934 
NZ_CH902602.1_351 
NZ_CH902600.1_58 
NZ_CH902602.1_304 
NZ_CH902604.1_86 
NZ_CH902600.1_167 
NZ_CH902599.1_954 
NZ_CH902600.1_1385 
NZ_CH902601.1_365 
NZ_CH902600.1_898 
NZ_CH902599.1_1223 
NZ_CH902600.1_1322 
NZ_CH902603.1_100 
NZ_CH902600.1_1304 
NZ_CH902600.1_705 
NZ_CH902599.1_1395 
NZ_CH902600.1_917 
NZ_CH902599.1_132 
NZ_CH902600.1_165 
NZ_CH902599.1_1133 
NZ_CH902600.1_217 
NZ_CH902599.1_1335 
NZ_CH902601.1_21 
NZ_CH902599.1_1486 
NZ_CH902600.1_174 
NZ_CH902600.1_691 
NZ_CH902600.1_809 
NZ_CH902599.1_754 
NZ_CH902600.1_1462 
NZ_AAOJ01000020.1_30 
NZ_CH902600.1_841 
NZ_CH902600.1_720 
NZ_CH902600.1_1425 
NZ_CH902600.1_394 
NZ_CH902599.1_1461 
NZ_CH902599.1_919 
NZ_CH902600.1_1405 
NZ_CH902600.1_379 
NZ_CH902602.1_271 
NZ_CH902600.1_1310 
NZ_CH902601.1_273 
NZ_CH902599.1_1220 
NZ_CH902599.1_185 
NZ_CH902602.1_52 
NZ_CH902603.1_343 
NZ_CH902601.1_195 
NZ_CH902599.1_776 
NZ_CH902602.1_148 
NZ_CH902599.1_1504 
NZ_CH902600.1_1291 
NZ_AAOJ01000020.1_14 
NZ_CH902599.1_26 
NZ_CH902602.1_243 
NZ_CH902602.1_18 
NZ_CH902601.1_323 
NZ_CH902602.1_160 
NZ_CH902600.1_976 
NZ_CH902601.1_405 
NZ_CH902599.1_1517 
NZ_CH902602.1_371 
NZ_CH902603.1_51 
NZ_CH902599.1_1332 
NZ_CH902600.1_442 
NZ_CH902600.1_434 
NZ_CH902602.1_264 
NZ_CH902602.1_334 
NZ_CH902600.1_287 
NZ_CH902602.1_164 
NZ_CH902602.1_260 
NZ_CH902600.1_956 
NZ_AAOJ01000021.1_10 
NZ_CH902603.1_44 
NZ_CH902604.1_45 
NZ_CH902600.1_1333 
NZ_CH902600.1_775 
NZ_CH902599.1_386 
NZ_CH902603.1_326 
NZ_CH902599.1_926 
NZ_CH902602.1_184 
NZ_CH902599.1_1207 
NZ_CH902599.1_91 
NZ_CH902600.1_1466 
NZ_CH902600.1_316 
NZ_CH902600.1_1157 
NZ_CH902600.1_164 
NZ_CH902600.1_526 
NZ_CH902600.1_495 
NZ_CH902603.1_133 
NZ_CH902600.1_1408 
NZ_CH902602.1_344 
NZ_CH902600.1_1394 
NZ_CH902599.1_1160 
NZ_CH902600.1_202 
NZ_CH902600.1_1144 
NZ_CH902600.1_587 
NZ_CH902600.1_1224 
NZ_CH902599.1_25 
NZ_CH902599.1_360 
NZ_CH902600.1_1267 
NZ_CH902600.1_1079 
NZ_CH902600.1_800 
NZ_CH902600.1_999 
NZ_CH902601.1_320 
NZ_AAOJ01000021.1_27 
NZ_CH902601.1_139 
NZ_CH902603.1_30 
NZ_CH902599.1_16 
NZ_CH902603.1_115 
NZ_CH902599.1_1383 
NZ_CH902600.1_756 
NZ_CH902601.1_224 
NZ_CH902600.1_68 
NZ_CH902599.1_1523 
NZ_CH902599.1_1450 
NZ_CH902599.1_1183 
NZ_CH902600.1_856 
NZ_CH902601.1_418 
NZ_CH902601.1_170 
NZ_CH902599.1_1487 
NZ_CH902600.1_1198 
NZ_CH902601.1_238 
NZ_CH902603.1_58 
NZ_CH902599.1_101 
NZ_CH902600.1_683 
NZ_AAOJ01000021.1_28 
NZ_CH902599.1_755 
NZ_CH902602.1_323 
NZ_CH902600.1_907 
NZ_CH902599.1_554 
NZ_CH902600.1_850 
NZ_CH902604.1_56 
NZ_CH902600.1_1029 
NZ_CH902600.1_1033 
NZ_CH902600.1_159 
NZ_CH902599.1_1163 
NZ_CH902600.1_1151 
NZ_CH902599.1_1054 
NZ_CH902600.1_429 
NZ_CH902599.1_1018 
NZ_CH902599.1_1421 
NZ_CH902600.1_1287 
NZ_CH902602.1_62 
NZ_CH902599.1_468 
NZ_CH902599.1_65 
NZ_CH902599.1_95 
NZ_CH902599.1_1007 
NZ_CH902599.1_366 
NZ_CH902599.1_1446 
NZ_CH902601.1_57 
NZ_CH902600.1_1200 
NZ_CH902600.1_512 
NZ_CH902600.1_849 
NZ_CH902603.1_110 
NZ_CH902601.1_232 
NZ_CH902599.1_873 
NZ_CH902599.1_1491 
NZ_CH902602.1_306 
NZ_CH902603.1_227 
NZ_CH902600.1_769 
NZ_CH902600.1_1332 
NZ_AAOJ01000020.1_12 
NZ_CH902600.1_1100 
NZ_CH902601.1_277 
NZ_CH902600.1_324 
NZ_CH902600.1_172 
NZ_CH902599.1_833 
NZ_CH902600.1_911 
NZ_CH902603.1_192 
NZ_CH902600.1_582 
NZ_CH902599.1_556 
NZ_CH902599.1_572 
NZ_CH902599.1_231 
NZ_CH902599.1_403 
NZ_CH902603.1_365 
NZ_CH902600.1_1034 
NZ_CH902601.1_115 
NZ_CH902599.1_1052 
NZ_CH902601.1_217 
NZ_CH902600.1_437 
NZ_CH902599.1_1449 
NZ_CH902599.1_203 
NZ_CH902599.1_851 
NZ_CH902603.1_360 
NZ_CH902599.1_1311 
NZ_CH902600.1_368 
NZ_CH902600.1_988 
NZ_CH902601.1_183 
NZ_CH902599.1_1324 
NZ_CH902599.1_355 
NZ_CH902600.1_426 
NZ_CH902604.1_7 
NZ_CH902600.1_1235 
NZ_CH902600.1_1297 
NZ_CH902601.1_290 
NZ_CH902604.1_88 
NZ_CH902600.1_223 
NZ_CH902600.1_1263 
NZ_CH902599.1_1173 
NZ_CH902600.1_1044 
NZ_CH902600.1_194 
NZ_CH902600.1_1393 
NZ_CH902599.1_1328 
NZ_CH902602.1_67 
NZ_CH902603.1_298 
NZ_CH902602.1_161 
NZ_CH902599.1_911 
NZ_CH902600.1_1104 
NZ_CH902599.1_262 
NZ_CH902601.1_243 
NZ_CH902600.1_283 
NZ_CH902600.1_1077 
NZ_CH902603.1_248 
NZ_CH902600.1_985 
NZ_CH902600.1_1004 
NZ_CH902600.1_1035 
NZ_CH902600.1_581 
NZ_CH902600.1_824 
NZ_CH902603.1_47 
NZ_CH902600.1_491 
NZ_CH902601.1_58 
NZ_CH902599.1_134 
NZ_CH902603.1_186 
NZ_CH902599.1_407 
NZ_CH902600.1_1444 
NZ_CH902600.1_729 
NZ_CH902601.1_208 
NZ_CH902603.1_382 
NZ_CH902603.1_201 
NZ_CH902603.1_267 
NZ_CH902603.1_263 
NZ_CH902599.1_1344 
NZ_CH902600.1_1449 
NZ_CH902604.1_16 
NZ_CH902599.1_852 
NZ_CH902600.1_156 
NZ_CH902602.1_236 
NZ_CH902600.1_1216 
NZ_CH902600.1_1241 
NZ_CH902601.1_332 
NZ_CH902602.1_15 
NZ_CH902603.1_304 
NZ_CH902600.1_346 
NZ_CH902602.1_268 
NZ_CH902599.1_1350 
NZ_CH902599.1_1460 
NZ_CH902599.1_239 
NZ_CH902602.1_130 
NZ_CH902600.1_920 
NZ_CH902599.1_866 
NZ_CH902603.1_338 
NZ_CH902599.1_174 
NZ_CH902600.1_1443 
NZ_CH902602.1_135 
NZ_CH902599.1_1171 
NZ_CH902600.1_1141 
NZ_CH902599.1_4 
NZ_CH902599.1_511 
NZ_CH902601.1_150 
NZ_CH902599.1_326 
NZ_CH902600.1_564 
NZ_AAOJ01000020.1_11 
NZ_CH902600.1_170 
NZ_CH902600.1_611 
NZ_CH902602.1_51 
NZ_CH902604.1_57 
NZ_CH902599.1_397 
NZ_CH902600.1_345 
NZ_CH902600.1_1391 
NZ_CH902599.1_1110 
NZ_CH902599.1_848 
NZ_CH902600.1_1240 
NZ_CH902600.1_405 
NZ_CH902601.1_287 
NZ_CH902600.1_1069 
NZ_CH902604.1_3 
NZ_CH902599.1_218 
NZ_CH902599.1_3 
NZ_CH902600.1_1346 
NZ_CH902603.1_39 
NZ_CH902600.1_1362 
NZ_CH902599.1_1085 
NZ_CH902602.1_358 
NZ_AAOJ01000020.1_35 
NZ_CH902599.1_642 
NZ_CH902601.1_165 
NZ_AAOJ01000023.1_29 
NZ_CH902599.1_1073 
NZ_CH902600.1_1325 
NZ_CH902600.1_608 
NZ_CH902604.1_85 
NZ_CH902599.1_575 
NZ_CH902601.1_96 
NZ_CH902599.1_483 
NZ_CH902600.1_996 
NZ_CH902599.1_230 
NZ_CH902599.1_30 
NZ_CH902600.1_732 
NZ_CH902599.1_1379 
NZ_CH902604.1_15 
NZ_CH902599.1_151 
NZ_CH902599.1_775 
NZ_CH902600.1_313 
NZ_CH902600.1_30 
NZ_CH902601.1_295 
NZ_CH902600.1_747 
NZ_CH902599.1_1164 
NZ_CH902600.1_1386 
NZ_CH902599.1_1200 
NZ_CH902600.1_1433 
NZ_CH902601.1_6 
NZ_CH902601.1_250 
NZ_CH902601.1_431 
NZ_CH902600.1_1253 
NZ_CH902600.1_602 
NZ_CH902600.1_744 
NZ_CH902601.1_257 
NZ_CH902599.1_1261 
NZ_CH902600.1_1128 
NZ_CH902599.1_680 
NZ_CH902599.1_701 
NZ_CH902600.1_376 
NZ_CH902599.1_1297 
NZ_CH902604.1_34 
NZ_CH902600.1_993 
NZ_CH902601.1_353 
NZ_CH902599.1_411 
NZ_CH902601.1_264 
NZ_CH902602.1_71 
NZ_CH902599.1_563 
NZ_CH902604.1_75 
NZ_CH902602.1_250 
NZ_AAOJ01000020.1_3 
NZ_CH902600.1_1197 
NZ_CH902603.1_312 
NZ_CH902603.1_239 
NZ_CH902599.1_1402 
NZ_CH902600.1_941 
NZ_CH902603.1_361 
NZ_CH902602.1_170 
NZ_CH902601.1_33 
NZ_CH902600.1_8 
NZ_CH902600.1_987 
NZ_CH902599.1_1524 
NZ_CH902600.1_711 
NZ_CH902599.1_1272 
NZ_CH902600.1_1191 
NZ_CH902599.1_502 
NZ_CH902600.1_1326 
NZ_CH902599.1_1561 
NZ_CH902599.1_1286 
NZ_CH902599.1_980 
NZ_CH902603.1_36 
NZ_CH902600.1_735 
NZ_CH902601.1_251 
NZ_CH902604.1_104 
NZ_CH902600.1_1276 
NZ_CH902600.1_1459 
NZ_CH902600.1_1051 
NZ_CH902601.1_338 
NZ_CH902600.1_129 
NZ_CH902599.1_1551 
NZ_CH902600.1_168 
NZ_CH902599.1_64 
NZ_CH902602.1_272 
NZ_CH902600.1_112 
NZ_CH902601.1_247 
NZ_CH902600.1_1312 
NZ_CH902602.1_322 
NZ_CH902603.1_200 
NZ_AAOJ01000023.1_4 
NZ_AAOJ01000021.1_7 
NZ_CH902599.1_1103 
NZ_CH902599.1_708 
NZ_CH902603.1_266 
NZ_CH902600.1_1453 
NZ_CH902600.1_304 
NZ_CH902600.1_848 
NZ_CH902601.1_141 
NZ_CH902600.1_519 
NZ_CH902603.1_80 
NZ_CH902599.1_1022 
NZ_CH902603.1_309 
NZ_CH902600.1_1046 
NZ_CH902599.1_1305 
NZ_CH902599.1_35 
NZ_CH902600.1_1089 
NZ_CH902600.1_846 
NZ_CH902600.1_869 
NZ_CH902602.1_136 
NZ_CH902600.1_1428 
NZ_CH902600.1_39 
NZ_CH902600.1_810 
NZ_CH902601.1_327 
NZ_CH902599.1_121 
NZ_CH902600.1_881 
NZ_CH902600.1_1005 
NZ_CH902600.1_1162 
NZ_CH902600.1_765 
NZ_CH902599.1_1280 
NZ_CH902601.1_39 
NZ_CH902599.1_76 
NZ_CH902600.1_1292 
NZ_CH902601.1_384 
NZ_AAOJ01000021.1_36 
NZ_CH902599.1_83 
NZ_CH902600.1_401 
NZ_CH902603.1_210 
NZ_CH902604.1_59 
NZ_AAOJ01000020.1_28 
NZ_CH902599.1_1414 
NZ_CH902602.1_68 
NZ_CH902599.1_1458 
NZ_CH902599.1_1483 
NZ_CH902599.1_868 
NZ_CH902599.1_892 
NZ_CH902600.1_155 
NZ_CH902602.1_103 
NZ_CH902602.1_92 
NZ_CH902599.1_133 
NZ_CH902599.1_135 
NZ_CH902599.1_607 
NZ_CH902600.1_742 
NZ_CH902600.1_1228 
NZ_CH902600.1_286 
NZ_CH902601.1_32 
NZ_CH902602.1_142 
NZ_CH902602.1_20 
NZ_CH902599.1_1300 
NZ_CH902600.1_530 
NZ_CH902601.1_83 
NZ_AAOJ01000023.1_22 
NZ_CH902599.1_681 
NZ_CH902603.1_26 
NZ_CH902604.1_93 
NZ_CH902599.1_639 
NZ_CH902599.1_857 
NZ_CH902601.1_335 
NZ_CH902599.1_535 
NZ_CH902600.1_498 
NZ_CH902600.1_975 
NZ_CH902601.1_372 
NZ_CH902601.1_63 
NZ_CH902600.1_763 
NZ_CH902602.1_13 
NZ_CH902599.1_1529 
NZ_CH902601.1_55 
NZ_CH902599.1_161 
NZ_CH902599.1_728 
NZ_CH902600.1_1006 
NZ_CH902600.1_1455 
NZ_CH902599.1_710 
NZ_CH902601.1_383 
NZ_CH902599.1_1333 
NZ_CH902600.1_104 
NZ_CH902600.1_1066 
NZ_CH902600.1_681 
NZ_CH902602.1_180 
NZ_CH902599.1_977 
NZ_CH902600.1_1424 
NZ_CH902600.1_443 
NZ_CH902600.1_977 
NZ_CH902601.1_155 
NZ_CH902602.1_59 
NZ_AAOJ01000021.1_3 
NZ_CH902599.1_1293 
NZ_CH902600.1_1015 
NZ_CH902601.1_118 
NZ_CH902604.1_4 
NZ_CH902600.1_476 
NZ_CH902600.1_651 
NZ_CH902600.1_580 
NZ_CH902600.1_868 
NZ_CH902601.1_143 
NZ_CH902603.1_378 
NZ_CH902600.1_127 
NZ_CH902600.1_1395 
NZ_CH902600.1_506 
NZ_CH902599.1_1343 
NZ_CH902600.1_292 
NZ_CH902601.1_116 
NZ_CH902603.1_354 
NZ_CH902600.1_1017 
NZ_CH902599.1_473 
NZ_CH902600.1_1302 
NZ_CH902600.1_279 
NZ_AAOJ01000021.1_26 
NZ_CH902599.1_8 
NZ_CH902600.1_122 
NZ_CH902601.1_393 
NZ_CH902602.1_295 
NZ_CH902603.1_232 
NZ_CH902599.1_1377 
NZ_CH902600.1_13 
NZ_CH902604.1_38 
NZ_CH902599.1_864 
NZ_CH902600.1_1266 
NZ_CH902601.1_67 
NZ_CH902599.1_383 
NZ_CH902600.1_1113 
NZ_CH902599.1_683 
NZ_CH902600.1_1219 
NZ_CH902600.1_76 
NZ_CH902600.1_561 
NZ_CH902600.1_87 
NZ_CH902601.1_318 
NZ_CH902602.1_137 
NZ_CH902599.1_126 
NZ_CH902599.1_709 
NZ_CH902600.1_1070 
NZ_CH902600.1_1380 
NZ_CH902600.1_1461 
NZ_CH902600.1_571 
NZ_CH902602.1_9 
NZ_CH902603.1_280 
NZ_AAOJ01000021.1_32 
NZ_CH902599.1_212 
NZ_CH902600.1_1102 
NZ_CH902602.1_321 
NZ_CH902603.1_349 
NZ_CH902599.1_786 
NZ_CH902600.1_184 
NZ_CH902600.1_311 
NZ_CH902602.1_49 
NZ_CH902599.1_195 
NZ_CH902599.1_296 
NZ_CH902599.1_523 
NZ_CH902600.1_1073 
NZ_CH902600.1_794 
NZ_CH902600.1_932 
NZ_CH902603.1_196 
NZ_CH902603.1_241 
NZ_CH902599.1_1416 
NZ_CH902600.1_1214 
NZ_CH902600.1_16 
NZ_CH902600.1_35 
NZ_CH902602.1_98 
NZ_CH902601.1_7 
NZ_CH902603.1_261 
NZ_CH902600.1_534 
NZ_CH902602.1_343 
NZ_CH902603.1_194 
NZ_CH902600.1_1242 
NZ_CH902600.1_1485 
NZ_CH902600.1_211 
NZ_CH902600.1_266 
NZ_CH902602.1_244 
NZ_AAOJ01000026.1_1 
NZ_CH902599.1_665 
NZ_CH902600.1_28 
NZ_CH902601.1_31 
NZ_CH902603.1_323 
NZ_CH902599.1_550 
NZ_CH902601.1_114 
NZ_CH902603.1_121 
NZ_CH902599.1_1115 
NZ_CH902599.1_694 
NZ_CH902599.1_838 
NZ_CH902602.1_10 
NZ_CH902602.1_97 
NZ_CH902604.1_91 
NZ_CH902599.1_40 
NZ_CH902600.1_915 
NZ_CH902601.1_73 
NZ_CH902602.1_139 
NZ_CH902599.1_491 
NZ_CH902599.1_862 
NZ_CH902600.1_1295 
NZ_CH902599.1_1077 
NZ_CH902599.1_313 
NZ_CH902599.1_1104 
NZ_CH902599.1_739 
NZ_CH902600.1_1203 
NZ_CH902600.1_1272 
NZ_CH902603.1_62 
NZ_CH902600.1_1324 
NZ_CH902600.1_360 
NZ_CH902601.1_346 
NZ_CH902600.1_867 
NZ_CH902602.1_28 
NZ_CH902599.1_1426 
NZ_CH902600.1_79 
NZ_AAOJ01000020.1_10 
NZ_CH902599.1_1102 
NZ_CH902600.1_836 
NZ_CH902600.1_871 
NZ_CH902602.1_353 
NZ_CH902599.1_350 
NZ_CH902599.1_787 
NZ_CH902600.1_1381 
NZ_CH902600.1_1190 
NZ_CH902600.1_914 
NZ_CH902604.1_80 
NZ_CH902599.1_258 
NZ_CH902599.1_764 
NZ_CH902602.1_251 
NZ_CH902600.1_1467 
NZ_CH902601.1_311 
NZ_CH902599.1_1065 
NZ_CH902599.1_744 
NZ_CH902600.1_1082 
NZ_CH902600.1_449 
NZ_CH902599.1_1199 
NZ_CH902599.1_1419 
NZ_CH902603.1_81 
NZ_CH902599.1_1132 
NZ_CH902600.1_1423 
NZ_CH902601.1_186 
NZ_CH902601.1_380 
NZ_CH902601.1_429 
NZ_CH902599.1_1228 
NZ_CH902600.1_1359 
NZ_CH902600.1_489 
NZ_CH902601.1_268 
NZ_CH902604.1_105 
NZ_CH902604.1_53 
NZ_CH902599.1_194 
NZ_CH902600.1_998 
NZ_CH902599.1_613 
NZ_CH902600.1_1080 
NZ_CH902600.1_176 
NZ_CH902603.1_281 
NZ_CH902604.1_27 
NZ_AAOJ01000020.1_33 
NZ_CH902600.1_592 
NZ_CH902599.1_1047 
NZ_CH902599.1_1049 
NZ_CH902599.1_17 
NZ_CH902599.1_913 
NZ_CH902600.1_1145 
NZ_CH902600.1_1238 
NZ_CH902603.1_88 
NZ_CH902600.1_1045 
NZ_CH902600.1_327 
NZ_CH902600.1_395 
NZ_CH902600.1_499 
NZ_CH902602.1_275 
NZ_CH902603.1_85 
NZ_CH902600.1_1165 
NZ_CH902600.1_1430 
NZ_CH902604.1_36 
NZ_CH902599.1_1275 
NZ_CH902599.1_1391 
NZ_CH902599.1_1556 
NZ_CH902599.1_240 
NZ_CH902602.1_123 
NZ_CH902603.1_188 
NZ_CH902600.1_1027 
NZ_CH902600.1_175 
NZ_CH902601.1_15 
NZ_CH902600.1_1092 
NZ_CH902600.1_522 
NZ_CH902601.1_87 
NZ_CH902600.1_1239 
NZ_CH902600.1_542 
NZ_CH902601.1_90 
NZ_CH902602.1_144 
NZ_AAOJ01000023.1_17 
NZ_CH902599.1_1296 
NZ_CH902600.1_103 
NZ_CH902600.1_928 
NZ_CH902600.1_1143 
NZ_CH902600.1_599 
NZ_CH902601.1_425 
NZ_CH902601.1_44 
NZ_CH902602.1_115 
NZ_CH902602.1_309 
NZ_CH902603.1_328 
NZ_CH902600.1_1245 
NZ_CH902600.1_1334 
NZ_CH902603.1_228 
NZ_CH902603.1_373 
NZ_CH902603.1_56 
NZ_CH902599.1_1420 
NZ_CH902600.1_719 
NZ_CH902602.1_293 
NZ_CH902599.1_1134 
NZ_CH902599.1_1368 
NZ_CH902599.1_229 
NZ_CH902599.1_401 
NZ_CH902599.1_726 
NZ_CH902600.1_1112 
NZ_AAOJ01000023.1_9 
NZ_CH902599.1_1440 
NZ_CH902602.1_61 
NZ_CH902601.1_140 
NZ_CH902600.1_1206 
NZ_CH902600.1_1109 
NZ_CH902600.1_1434 
NZ_CH902600.1_392 
NZ_CH902602.1_168 
NZ_CH902602.1_263 
NZ_CH902600.1_1025 
NZ_CH902600.1_1321 
NZ_CH902600.1_344 
NZ_CH902600.1_693 
NZ_CH902601.1_367 
NZ_CH902601.1_78 
NZ_CH902602.1_75 
NZ_CH902599.1_225 
NZ_CH902600.1_1212 
NZ_CH902599.1_713 
NZ_CH902600.1_1271 
NZ_CH902600.1_653 
NZ_CH902599.1_146 
NZ_CH902600.1_140 
NZ_CH902600.1_649 
NZ_CH902601.1_81 
NZ_CH902602.1_365 
NZ_CH902603.1_299 
NZ_CH902599.1_1048 
NZ_CH902599.1_1448 
NZ_CH902599.1_928 
NZ_CH902600.1_1071 
NZ_CH902600.1_1107 
NZ_CH902600.1_1179 
NZ_CH902601.1_412 
NZ_CH902599.1_32 
NZ_CH902599.1_682 
NZ_CH902600.1_835 
NZ_CH902601.1_356 
NZ_CH902601.1_216 
NZ_CH902603.1_48 
NZ_CH902601.1_274 
NZ_CH902603.1_212 
NZ_CH902599.1_898 
NZ_CH902600.1_396 
NZ_CH902604.1_47 
NZ_CH902599.1_1308 
NZ_CH902599.1_1509 
NZ_CH902599.1_506 
NZ_CH902600.1_1120 
NZ_CH902600.1_551 
NZ_CH902600.1_520 
NZ_CH902602.1_342 
NZ_CH902599.1_177 
NZ_CH902599.1_982 
NZ_CH902600.1_1024 
NZ_CH902600.1_263 
NZ_CH902600.1_741 
NZ_CH902602.1_64 
NZ_CH902600.1_1012 
NZ_CH902600.1_703 
NZ_CH902601.1_392 
NZ_CH902601.1_409 
NZ_CH902603.1_322 
NZ_CH902599.1_812 
NZ_CH902600.1_1377 
NZ_CH902600.1_284 
NZ_CH902603.1_178 
NZ_CH902600.1_135 
NZ_CH902600.1_544 
NZ_CH902602.1_265 
NZ_AAOJ01000020.1_1 
NZ_CH902599.1_1500 
NZ_CH902599.1_831 
NZ_CH902600.1_770 
NZ_CH902599.1_1303 
NZ_CH902599.1_807 
NZ_CH902600.1_482 
NZ_CH902600.1_546 
NZ_CH902602.1_285 
NZ_CH902604.1_98 
NZ_CH902599.1_1176 
NZ_CH902599.1_1219 
NZ_CH902599.1_1291 
NZ_CH902599.1_226 
NZ_CH902599.1_467 
NZ_CH902599.1_841 
NZ_CH902600.1_1317 
NZ_CH902600.1_1475 
NZ_CH902600.1_2 
NZ_CH902602.1_73 
NZ_CH902600.1_1163 
NZ_CH902600.1_1320 
NZ_CH902601.1_171 
NZ_CH902601.1_275 
NZ_CH902604.1_25 
NZ_CH902604.1_52 
NZ_CH902599.1_1553 
NZ_CH902599.1_20 
NZ_CH902599.1_938 
NZ_CH902600.1_414 
NZ_CH902601.1_345 
NZ_CH902602.1_191 
NZ_CH902602.1_209 
NZ_CH902599.1_503 
NZ_CH902599.1_885 
NZ_CH902599.1_1427 
NZ_AAOJ01000023.1_18 
NZ_CH902599.1_1339 
NZ_CH902600.1_185 
NZ_CH902600.1_207 
NZ_CH902601.1_89 
NZ_CH902602.1_206 
NZ_CH902599.1_1058 
NZ_CH902599.1_1290 
NZ_CH902599.1_723 
NZ_CH902600.1_17 
NZ_CH902600.1_218 
NZ_CH902602.1_11 
NZ_CH902599.1_474 
NZ_CH902600.1_1323 
NZ_CH902603.1_204 
NZ_CH902599.1_1248 
NZ_CH902601.1_214 
NZ_CH902600.1_1249 
NZ_CH902600.1_1318 
NZ_CH902600.1_768 
NZ_CH902600.1_89 
NZ_CH902602.1_145 
NZ_CH902602.1_349 
NZ_CH902603.1_130 
NZ_CH902600.1_1305 
NZ_CH902601.1_427 
NZ_CH902602.1_8 
NZ_CH902599.1_540 
NZ_CH902599.1_56 
NZ_CH902600.1_607 
NZ_CH902601.1_121 
NZ_CH902601.1_339 
NZ_CH902602.1_269 
NZ_CH902599.1_1255 
NZ_CH902599.1_52 
NZ_CH902599.1_559 
NZ_CH902599.1_655 
NZ_CH902599.1_676 
NZ_CH902599.1_900 
NZ_CH902600.1_528 
NZ_CH902601.1_417 
NZ_CH902602.1_165 
NZ_CH902604.1_60 
NZ_CH902599.1_1046 
NZ_CH902600.1_1030 
NZ_CH902601.1_400 
NZ_CH902601.1_92 
NZ_CH902602.1_284 
NZ_CH902602.1_312 
NZ_CH902600.1_1124 
NZ_CH902600.1_1187 
NZ_CH902601.1_296 
NZ_CH902601.1_46 
NZ_CH902601.1_71 
NZ_CH902599.1_720 
NZ_CH902600.1_106 
NZ_CH902600.1_1166 
NZ_CH902600.1_1169 
NZ_CH902600.1_854 
NZ_CH902601.1_227 
NZ_CH902599.1_519 
NZ_CH902599.1_916 
NZ_CH902600.1_1451 
NZ_CH902600.1_250 
NZ_CH902600.1_473 
NZ_CH902600.1_621 
NZ_CH902600.1_718 
NZ_CH902600.1_974 
NZ_CH902602.1_50 
NZ_CH902603.1_288 
NZ_CH902600.1_1022 
NZ_CH902600.1_154 
NZ_CH902600.1_259 
NZ_CH902600.1_930 
NZ_CH902599.1_249 
NZ_CH902600.1_658 
NZ_CH902603.1_303 
NZ_CH902599.1_1452 
NZ_CH902599.1_896 
NZ_CH902599.1_914 
NZ_CH902603.1_179 
NZ_CH902599.1_1214 
NZ_CH902599.1_390 
NZ_CH902599.1_905 
NZ_CH902600.1_1020 
NZ_CH902603.1_381 
NZ_CH902599.1_604 
NZ_CH902599.1_78 
NZ_CH902600.1_1398 
NZ_CH902600.1_759 
NZ_CH902602.1_119 
NZ_CH902603.1_207 
NZ_CH902600.1_1402 
NZ_CH902600.1_650 
NZ_CH902603.1_231 
NZ_AAOJ01000021.1_4 
NZ_CH902599.1_457 
NZ_CH902600.1_105 
NZ_CH902600.1_1280 
NZ_CH902600.1_979 
NZ_CH902603.1_285 
NZ_CH902599.1_192 
NZ_CH902600.1_1126 
NZ_CH902599.1_1465 
NZ_CH902600.1_169 
NZ_CH902600.1_910 
NZ_CH902600.1_990 
NZ_CH902601.1_20 
NZ_CH902603.1_284 
NZ_CH902599.1_310 
NZ_CH902600.1_1028 
NZ_CH902600.1_1454 
NZ_CH902600.1_183 
NZ_CH902601.1_82 
NZ_CH902603.1_168 
NZ_AAOJ01000023.1_24 
NZ_CH902600.1_1118 
NZ_CH902600.1_1383 
NZ_CH902600.1_237 
NZ_CH902602.1_255 
NZ_CH902602.1_319 
NZ_CH902602.1_138 
NZ_CH902603.1_230 
NZ_CH902603.1_86 
NZ_AAOJ01000020.1_43 
NZ_CH902599.1_1528 
NZ_CH902600.1_830 
NZ_CH902603.1_37 
NZ_CH902604.1_37 
NZ_CH902599.1_592 
NZ_CH902599.1_80 
NZ_CH902601.1_280 
NZ_CH902602.1_210 
NZ_CH902600.1_1401 
NZ_CH902603.1_123 
NZ_CH902599.1_1003 
NZ_CH902599.1_749 
NZ_CH902600.1_381 
NZ_CH902600.1_842 
NZ_CH902601.1_201 
NZ_CH902601.1_309 
NZ_AAOJ01000020.1_32 
NZ_CH902599.1_1370 
NZ_CH902599.1_996 
NZ_CH902602.1_14 
NZ_CH902603.1_175 
NZ_CH902604.1_114 
NZ_CH902599.1_498 
NZ_CH902602.1_141 
NZ_CH902602.1_187 
NZ_CH902599.1_109 
NZ_CH902599.1_1340 
NZ_CH902599.1_1363 
NZ_CH902599.1_1365 
NZ_CH902599.1_756 
NZ_CH902601.1_349 
NZ_CH902601.1_403 
NZ_CH902599.1_1122 
NZ_CH902599.1_442 
NZ_CH902603.1_90 
NZ_CH902604.1_108 
NZ_CH902599.1_1338 
NZ_CH902599.1_1317 
NZ_CH902599.1_1535 
NZ_CH902599.1_794 
NZ_CH902600.1_1087 
NZ_CH902600.1_1188 
NZ_CH902600.1_134 
NZ_CH902600.1_248 
NZ_CH902600.1_904 
NZ_CH902601.1_310 
NZ_CH902604.1_63 
NZ_CH902599.1_187 
NZ_CH902599.1_298 
NZ_CH902601.1_157 
NZ_CH902602.1_262 
NZ_CH902603.1_352 
NZ_CH902599.1_1180 
NZ_CH902600.1_494 
NZ_CH902600.1_957 
NZ_CH902601.1_422 
NZ_CH902602.1_330 
NZ_CH902599.1_1112 
NZ_CH902599.1_1277 
NZ_CH902599.1_220 
NZ_CH902600.1_1114 
NZ_CH902600.1_204 
NZ_CH902602.1_88 
NZ_AAOJ01000023.1_15 
NZ_AAOJ01000026.1_3 
NZ_CH902599.1_1287 
NZ_CH902600.1_208 
NZ_CH902601.1_147 
NZ_CH902601.1_258 
NZ_CH902604.1_20 
NZ_CH902599.1_379 
NZ_CH902601.1_218 
NZ_CH902599.1_1563 
NZ_CH902599.1_175 
NZ_CH902600.1_1341 
NZ_CH902600.1_435 
NZ_CH902600.1_468 
NZ_CH902600.1_70 
NZ_CH902600.1_991 
NZ_CH902600.1_264 
NZ_CH902600.1_43 
NZ_CH902600.1_620 
NZ_CH902602.1_299 
NZ_CH902603.1_87 
NZ_CH902599.1_1506 
NZ_CH902599.1_809 
NZ_CH902600.1_1218 
NZ_CH902600.1_518 
NZ_CH902600.1_695 
NZ_CH902600.1_900 
NZ_CH902602.1_346 
NZ_AAOJ01000021.1_12 
NZ_CH902599.1_539 
NZ_CH902599.1_865 
NZ_CH902600.1_14 
NZ_CH902599.1_338 
NZ_CH902599.1_408 
NZ_CH902599.1_470 
NZ_CH902599.1_685 
NZ_CH902599.1_999 
NZ_CH902600.1_1384 
NZ_CH902600.1_893 
NZ_CH902604.1_72 
NZ_CH902599.1_1087 
NZ_CH902599.1_199 
NZ_CH902599.1_97 
NZ_CH902600.1_1440 
NZ_CH902600.1_886 
NZ_CH902601.1_337 
NZ_CH902603.1_31 
NZ_AAOJ01000023.1_27 
NZ_CH902599.1_1349 
NZ_CH902600.1_1167 
NZ_CH902601.1_27 
NZ_CH902603.1_187 
NZ_CH902603.1_27 
NZ_CH902603.1_77 
NZ_CH902599.1_223 
NZ_CH902599.1_342 
NZ_CH902599.1_518 
NZ_CH902599.1_653 
NZ_CH902600.1_1036 
NZ_CH902600.1_1096 
NZ_CH902600.1_1486 
NZ_CH902600.1_228 
NZ_CH902600.1_983 
NZ_CH902601.1_397 
NZ_CH902602.1_169 
NZ_CH902603.1_372 
NZ_CH902603.1_50 
NZ_AAOJ01000021.1_22 
NZ_CH902599.1_588 
NZ_CH902600.1_1202 
NZ_CH902600.1_1410 
NZ_CH902600.1_431 
NZ_CH902601.1_376 
NZ_CH902601.1_394 
NZ_CH902599.1_489 
NZ_CH902600.1_1284 
NZ_CH902601.1_386 
NZ_CH902603.1_66 
NZ_CH902599.1_673 
NZ_CH902600.1_595 
NZ_CH902601.1_212 
NZ_CH902603.1_151 
NZ_CH902603.1_350 
NZ_CH902603.1_94 
NZ_CH902599.1_1336 
NZ_CH902599.1_253 
NZ_CH902599.1_31 
NZ_CH902601.1_209 
NZ_CH902604.1_51 
NZ_CH902599.1_306 
NZ_CH902599.1_543 
NZ_CH902600.1_1458 
NZ_CH902599.1_1398 
NZ_CH902599.1_47 
NZ_CH902599.1_771 
NZ_CH902599.1_548 
NZ_CH902599.1_828 
NZ_CH902600.1_1468 
NZ_CH902600.1_872 
NZ_CH902602.1_234 
NZ_CH902599.1_1140 
NZ_CH902599.1_569 
NZ_CH902600.1_946 
NZ_CH902602.1_23 
NZ_CH902599.1_558 
NZ_CH902601.1_137 
NZ_CH902601.1_233 
NZ_CH902601.1_382 
NZ_CH902603.1_274 
NZ_CH902599.1_1063 
NZ_CH902599.1_122 
NZ_CH902599.1_582 
NZ_CH902599.1_741 
NZ_CH902599.1_897 
NZ_CH902600.1_1058 
NZ_CH902600.1_1110 
NZ_CH902600.1_1265 
NZ_CH902600.1_1483 
NZ_CH902600.1_201 
NZ_CH902600.1_249 
NZ_CH902601.1_51 
NZ_CH902602.1_228 
NZ_CH902602.1_58 
NZ_CH902603.1_43 
NZ_CH902599.1_810 
NZ_CH902600.1_1230 
NZ_CH902600.1_216 
NZ_CH902600.1_844 
NZ_CH902602.1_21 
NZ_CH902603.1_219 
NZ_CH902599.1_1292 
NZ_CH902599.1_406 
NZ_CH902600.1_1000 
NZ_CH902600.1_1019 
NZ_CH902600.1_472 
NZ_CH902601.1_248 
NZ_CH902602.1_89 
NZ_CH902603.1_9 
NZ_CH902599.1_384 
NZ_CH902600.1_1067 
NZ_CH902600.1_321 
NZ_CH902600.1_541 
NZ_CH902600.1_978 
NZ_CH902601.1_326 
NZ_CH902601.1_329 
NZ_CH902601.1_408 
NZ_AAOJ01000021.1_21 
NZ_CH902599.1_96 
NZ_CH902600.1_1479 
NZ_CH902600.1_601 
NZ_CH902602.1_107 
NZ_CH902603.1_18 
NZ_CH902599.1_454 
NZ_CH902599.1_770 
NZ_CH902600.1_258 
NZ_CH902600.1_331 
NZ_CH902600.1_490 
NZ_CH902600.1_515 
NZ_CH902601.1_112 
NZ_CH902601.1_301 
NZ_CH902604.1_66 
NZ_CH902599.1_232 
NZ_CH902599.1_849 
NZ_CH902600.1_1268 
NZ_CH902600.1_818 
NZ_CH902600.1_906 
NZ_AAOJ01000026.1_4 
NZ_CH902600.1_1147 
NZ_CH902600.1_1311 
NZ_CH902600.1_884 
NZ_CH902603.1_71 
NZ_CH902600.1_1373 
NZ_CH902600.1_308 
NZ_CH902602.1_108 
NZ_CH902602.1_207 
NZ_CH902602.1_352 
NZ_CH902599.1_1204 
NZ_CH902599.1_235 
NZ_CH902599.1_644 
NZ_CH902599.1_953 
NZ_CH902600.1_1360 
NZ_CH902600.1_1450 
NZ_CH902600.1_558 
NZ_CH902600.1_628 
NZ_CH902600.1_892 
NZ_CH902602.1_60 
NZ_CH902603.1_84 
NZ_CH902599.1_1172 
NZ_CH902599.1_388 
NZ_CH902599.1_884 
NZ_CH902599.1_1310 
NZ_CH902599.1_219 
NZ_CH902599.1_782 
NZ_CH902600.1_1289 
NZ_CH902600.1_1432 
NZ_CH902600.1_251 
NZ_CH902601.1_173 
NZ_CH902603.1_211 
NZ_CH902599.1_1181 
NZ_CH902599.1_705 
NZ_CH902599.1_895 
NZ_CH902600.1_1307 
NZ_CH902601.1_18 
NZ_CH902601.1_215 
NZ_CH902602.1_133 
NZ_CH902599.1_1069 
NZ_CH902599.1_234 
NZ_CH902600.1_302 
NZ_CH902603.1_282 
NZ_CH902603.1_83 
NZ_CH902599.1_500 
NZ_CH902599.1_571 
NZ_CH902600.1_407 
NZ_CH902602.1_46 
NZ_CH902600.1_1367 
NZ_CH902600.1_1481 
NZ_CH902600.1_269 
NZ_CH902600.1_44 
NZ_CH902600.1_90 
NZ_CH902601.1_375 
NZ_CH902603.1_244 
NZ_CH902603.1_271 
NZ_CH902604.1_55 
NZ_CH902599.1_576 
NZ_CH902599.1_1329 
NZ_CH902599.1_1541 
NZ_CH902599.1_735 
NZ_CH902601.1_199 
NZ_CH902602.1_57 
NZ_CH902603.1_140 
NZ_CH902603.1_325 
NZ_CH902599.1_1068 
NZ_CH902599.1_449 
NZ_CH902599.1_966 
NZ_CH902600.1_1411 
NZ_CH902600.1_891 
NZ_CH902599.1_1004 
NZ_CH902599.1_1089 
NZ_CH902599.1_1137 
NZ_CH902599.1_1210 
NZ_CH902599.1_145 
NZ_CH902600.1_1476 
NZ_CH902601.1_358 
NZ_CH902602.1_55 
NZ_CH902599.1_630 
NZ_CH902599.1_793 
NZ_CH902600.1_1032 
NZ_CH902600.1_46 
NZ_CH902600.1_876 
NZ_CH902601.1_62 
NZ_CH902603.1_359 
NZ_CH902599.1_124 
NZ_CH902599.1_1249 
NZ_CH902599.1_1466 
NZ_CH902599.1_149 
NZ_CH902599.1_659 
NZ_CH902600.1_1286 
NZ_CH902600.1_1407 
NZ_CH902599.1_336 
NZ_CH902599.1_77 
NZ_CH902600.1_838 
NZ_CH902602.1_146 
NZ_CH902599.1_1057 
NZ_CH902599.1_1327 
NZ_CH902599.1_670 
NZ_CH902599.1_797 
NZ_CH902600.1_1211 
NZ_CH902600.1_738 
NZ_CH902599.1_424 
NZ_CH902599.1_949 
NZ_CH902600.1_372 
NZ_CH902600.1_51 
NZ_CH902600.1_788 
NZ_CH902601.1_331 
NZ_CH902602.1_56 
NZ_CH902603.1_226 
NZ_CH902603.1_357 
NZ_CH902604.1_112 
NZ_CH902599.1_1193 
NZ_CH902599.1_800 
NZ_CH902601.1_229 
NZ_CH902603.1_291 
NZ_CH902603.1_63 
NZ_CH902604.1_5 
NZ_CH902599.1_595 
NZ_CH902599.1_772 
NZ_CH902600.1_596 
NZ_CH902600.1_736 
NZ_CH902602.1_239 
NZ_CH902604.1_29 
NZ_CH902599.1_1185 
NZ_CH902599.1_656 
NZ_CH902600.1_1155 
NZ_CH902601.1_315 
NZ_CH902601.1_385 
NZ_CH902601.1_59 
NZ_CH902599.1_297 
NZ_CH902600.1_1399 
NZ_CH902600.1_877 
NZ_CH902603.1_251 
NZ_CH902599.1_110 
NZ_CH902599.1_300 
NZ_CH902599.1_323 
NZ_CH902599.1_417 
NZ_CH902599.1_75 
NZ_CH902600.1_315 
NZ_CH902600.1_370 
NZ_CH902600.1_949 
NZ_CH902601.1_312 
NZ_CH902601.1_65 
NZ_CH902603.1_127 
NZ_CH902603.1_308 
NZ_CH902599.1_1457 
NZ_CH902599.1_1469 
NZ_CH902599.1_1490 
NZ_CH902600.1_403 
NZ_CH902599.1_590 
NZ_CH902599.1_760 
NZ_CH902599.1_98 
NZ_CH902600.1_1227 
NZ_CH902600.1_332 
NZ_CH902601.1_398 
NZ_CH902603.1_183 
NZ_CH902599.1_989 
NZ_CH902600.1_101 
NZ_CH902600.1_1315 
NZ_CH902600.1_139 
NZ_CH902600.1_246 
NZ_CH902600.1_480 
NZ_CH902600.1_502 
NZ_CH902601.1_22 
NZ_CH902601.1_319 
NZ_CH902602.1_157 
NZ_CH902602.1_177 
NZ_CH902602.1_302 
NZ_CH902603.1_364 
NZ_CH902599.1_1274 
NZ_CH902599.1_1430 
NZ_CH902600.1_1392 
NZ_CH902600.1_171 
NZ_CH902600.1_481 
NZ_CH902600.1_806 
NZ_CH902601.1_401 
NZ_CH902604.1_94 
NZ_CH902599.1_351 
NZ_CH902600.1_1252 
NZ_CH902600.1_255 
NZ_CH902600.1_34 
NZ_CH902600.1_373 
NZ_AAOJ01000021.1_17 
NZ_AAOJ01000021.1_23 
NZ_CH902599.1_123 
NZ_CH902599.1_1266 
NZ_CH902599.1_1369 
NZ_CH902599.1_261 
NZ_CH902599.1_53 
NZ_CH902600.1_1285 
NZ_CH902601.1_17 
NZ_CH902601.1_294 
NZ_CH902603.1_362 
NZ_CH902599.1_274 
NZ_CH902600.1_1062 
NZ_CH902600.1_485 
NZ_CH902600.1_721 
NZ_CH902601.1_29 
NZ_AAOJ01000021.1_6 
NZ_CH902599.1_414 
NZ_CH902600.1_1042 
NZ_CH902600.1_230 
NZ_CH902600.1_270 
NZ_CH902600.1_303 
NZ_CH902601.1_276 
NZ_CH902604.1_64 
NZ_AAOJ01000041.1_2 
NZ_CH902599.1_1141 
NZ_CH902599.1_314 
NZ_CH902599.1_959 
NZ_CH902600.1_1039 
NZ_CH902600.1_191 
NZ_CH902600.1_642 
NZ_CH902601.1_242 
NZ_CH902602.1_153 
NZ_CH902603.1_20 
NZ_AAOJ01000020.1_18 
NZ_CH902599.1_482 
NZ_CH902600.1_1121 
NZ_CH902600.1_1137 
NZ_CH902602.1_7 
NZ_CH902604.1_10 
NZ_CH902599.1_1020 
NZ_CH902599.1_461 
NZ_CH902600.1_574 
NZ_CH902600.1_862 
NZ_CH902603.1_105 
NZ_CH902603.1_335 
NZ_CH902599.1_1321 
NZ_CH902599.1_678 
NZ_CH902600.1_1057 
NZ_CH902600.1_322 
NZ_CH902601.1_177 
NZ_CH902602.1_131 
NZ_CH902599.1_1233 
NZ_CH902599.1_307 
NZ_CH902599.1_778 
NZ_CH902600.1_1083 
NZ_CH902600.1_1492 
NZ_CH902600.1_389 
NZ_CH902600.1_716 
NZ_CH902600.1_717 
NZ_CH902601.1_203 
NZ_CH902603.1_154 
NZ_CH902603.1_35 
NZ_CH902599.1_1099 
NZ_CH902599.1_119 
NZ_CH902599.1_1433 
NZ_CH902600.1_1049 
NZ_CH902600.1_1161 
NZ_CH902600.1_913 
NZ_CH902601.1_10 
NZ_CH902601.1_13 
NZ_AAOJ01000023.1_2 
NZ_CH902599.1_103 
NZ_CH902599.1_1039 
NZ_CH902599.1_712 
NZ_CH902599.1_939 
NZ_CH902599.1_955 
NZ_CH902600.1_1050 
NZ_CH902600.1_1465 
NZ_CH902600.1_273 
NZ_CH902600.1_613 
NZ_CH902602.1_100 
NZ_CH902602.1_258 
NZ_CH902604.1_11 
NZ_CH902599.1_352 
NZ_CH902599.1_79 
NZ_CH902600.1_1303 
NZ_CH902600.1_1357 
NZ_CH902600.1_290 
NZ_CH902600.1_88 
NZ_CH902600.1_964 
NZ_CH902601.1_35 
NZ_CH902602.1_324 
NZ_CH902602.1_341 
NZ_CH902602.1_54 
NZ_CH902602.1_72 
NZ_CH902599.1_1559 
NZ_CH902599.1_159 
NZ_CH902602.1_337 
NZ_CH902603.1_137 
NZ_CH902599.1_784 
NZ_CH902600.1_1374 
NZ_CH902600.1_162 
NZ_CH902600.1_293 
NZ_CH902600.1_733 
NZ_CH902601.1_187 
NZ_CH902600.1_1237 
NZ_CH902600.1_52 
NZ_CH902600.1_555 
NZ_CH902600.1_812 
NZ_CH902600.1_860 
NZ_CH902601.1_413 
NZ_CH902602.1_335 
NZ_CH902603.1_193 
NZ_CH902599.1_677 
NZ_CH902599.1_716 
NZ_CH902600.1_136 
NZ_CH902600.1_317 
NZ_CH902600.1_391 
NZ_CH902603.1_104 
NZ_CH902599.1_100 
NZ_CH902599.1_1169 
NZ_CH902599.1_303 
NZ_CH902599.1_359 
NZ_CH902599.1_640 
NZ_CH902599.1_643 
NZ_CH902600.1_1296 
NZ_CH902600.1_231 
NZ_CH902600.1_78 
NZ_CH902601.1_289 
NZ_CH902601.1_381 
NZ_CH902599.1_803 
NZ_CH902600.1_1146 
NZ_CH902600.1_1221 
NZ_CH902603.1_329 
NZ_CH902600.1_77 
NZ_CH902600.1_901 
NZ_CH902601.1_128 
NZ_AAOJ01000020.1_27 
NZ_CH902599.1_315 
NZ_CH902599.1_322 
NZ_CH902599.1_36 
NZ_CH902599.1_369 
NZ_CH902599.1_901 
NZ_CH902600.1_1420 
NZ_CH902600.1_1469 
NZ_CH902600.1_173 
NZ_CH902600.1_366 
NZ_CH902603.1_23 
NZ_CH902603.1_292 
NZ_CH902603.1_76 
NZ_CH902599.1_1373 
NZ_CH902599.1_601 
NZ_CH902600.1_23 
NZ_CH902601.1_321 
NZ_CH902602.1_196 
NZ_CH902602.1_94 
NZ_CH902603.1_334 
NZ_CH902600.1_1471 
NZ_CH902600.1_807 
NZ_CH902602.1_360 
NZ_AAOJ01000020.1_44 
NZ_CH902599.1_354 
NZ_CH902599.1_419 
NZ_CH902602.1_249 
NZ_CH902603.1_319 
NZ_CH902603.1_383 
NZ_CH902599.1_1304 
NZ_CH902599.1_252 
NZ_CH902599.1_521 
NZ_CH902599.1_602 
NZ_CH902600.1_1068 
NZ_CH902600.1_1306 
NZ_CH902600.1_467 
NZ_CH902600.1_887 
NZ_CH902601.1_11 
NZ_CH902601.1_328 
NZ_CH902601.1_66 
NZ_CH902603.1_95 
NZ_CH902599.1_846 
NZ_CH902600.1_1131 
NZ_CH902600.1_639 
NZ_CH902601.1_391 
NZ_CH902603.1_160 
NZ_CH902599.1_1542 
NZ_CH902599.1_555 
NZ_CH902599.1_635 
NZ_CH902600.1_1435 
NZ_CH902600.1_1474 
NZ_CH902601.1_152 
NZ_CH902599.1_560 
NZ_CH902599.1_842 
NZ_CH902600.1_1182 
NZ_CH902600.1_734 
NZ_CH902601.1_254 
NZ_AAOJ01000023.1_13 
NZ_CH902599.1_1267 
NZ_CH902599.1_527 
NZ_CH902602.1_276 
NZ_CH902603.1_131 
NZ_CH902599.1_861 
NZ_CH902600.1_399 
NZ_CH902600.1_417 
NZ_CH902600.1_815 
NZ_CH902601.1_370 
NZ_CH902599.1_328 
NZ_CH902599.1_453 
NZ_CH902599.1_690 
NZ_CH902599.1_929 
NZ_CH902600.1_1105 
NZ_CH902600.1_146 
NZ_CH902601.1_75 
NZ_CH902599.1_283 
NZ_CH902599.1_48 
NZ_CH902599.1_646 
NZ_CH902599.1_808 
NZ_CH902600.1_545 
NZ_CH902601.1_265 
NZ_CH902602.1_348 
NZ_CH902603.1_25 
NZ_CH902603.1_93 
NZ_CH902600.1_1094 
NZ_CH902600.1_1122 
NZ_CH902602.1_143 
NZ_CH902602.1_17 
NZ_CH902599.1_1288 
NZ_CH902599.1_757 
NZ_CH902600.1_1457 
NZ_CH902601.1_245 
NZ_CH902602.1_110 
NZ_CH902603.1_117 
NZ_CH902599.1_1234 
NZ_CH902599.1_1262 
NZ_CH902599.1_1306 
NZ_CH902599.1_734 
NZ_CH902599.1_995 
NZ_CH902600.1_989 
NZ_CH902601.1_406 
NZ_CH902602.1_203 
NZ_CH902603.1_316 
NZ_CH902603.1_49 
NZ_CH902599.1_1230 
NZ_CH902599.1_1429 
NZ_CH902600.1_1273 
NZ_CH902600.1_337 
NZ_CH902600.1_354 
NZ_CH902602.1_159 
NZ_CH902602.1_320 
NZ_CH902602.1_326 
NZ_CH902603.1_91 
NZ_CH902604.1_115 
NZ_CH902599.1_1212 
NZ_CH902599.1_872 
NZ_CH902600.1_1353 
NZ_CH902600.1_277 
NZ_CH902601.1_306 
NZ_CH902602.1_204 
NZ_AAOJ01000023.1_6 
NZ_CH902599.1_584 
NZ_CH902599.1_965 
NZ_CH902600.1_388 
NZ_CH902600.1_588 
NZ_CH902602.1_176 
NZ_CH902603.1_70 
NZ_AAOJ01000020.1_20 
NZ_CH902599.1_58 
NZ_CH902600.1_864 
NZ_AAOJ01000020.1_15 
NZ_CH902599.1_1253 
NZ_CH902600.1_1152 
NZ_CH902600.1_408 
NZ_CH902600.1_758 
NZ_CH902601.1_262 
NZ_CH902603.1_302 
NZ_CH902604.1_14 
NZ_AAOJ01000020.1_19 
NZ_CH902599.1_695 
NZ_CH902601.1_113 
NZ_CH902601.1_407 
NZ_CH902601.1_61 
NZ_CH902602.1_340 
NZ_CH902603.1_315 
NZ_CH902599.1_1396 
NZ_CH902599.1_1564 
NZ_CH902599.1_364 
NZ_CH902599.1_371 
NZ_CH902599.1_393 
NZ_CH902599.1_394 
NZ_CH902599.1_528 
NZ_CH902599.1_666 
NZ_CH902600.1_1168 
NZ_CH902600.1_404 
NZ_CH902601.1_267 
NZ_CH902603.1_375 
NZ_CH902604.1_39 
NZ_CH902600.1_1427 
NZ_CH902600.1_726 
NZ_CH902600.1_820 
NZ_CH902603.1_310 
NZ_CH902599.1_1505 
NZ_CH902599.1_531 
NZ_CH902599.1_591 
NZ_CH902600.1_126 
NZ_CH902602.1_181 
NZ_CH902602.1_256 
NZ_CH902600.1_825 
NZ_CH902600.1_241 
NZ_CH902600.1_312 
NZ_CH902600.1_667 
NZ_CH902600.1_72 
NZ_CH902602.1_151 
NZ_CH902602.1_280 
NZ_CH902603.1_324 
NZ_CH902599.1_1157 
NZ_CH902599.1_568 
NZ_CH902599.1_84 
NZ_CH902600.1_1194 
NZ_CH902600.1_609 
NZ_CH902600.1_80 
NZ_CH902600.1_803 
NZ_CH902603.1_68 
NZ_CH902599.1_1188 
NZ_CH902599.1_1520 
NZ_CH902599.1_729 
NZ_CH902600.1_1139 
NZ_CH902600.1_1181 
NZ_CH902601.1_316 
NZ_CH902599.1_752 
NZ_CH902600.1_462 
NZ_CH902600.1_953 
NZ_CH902601.1_299 
NZ_CH902602.1_124 
NZ_CH902602.1_188 
NZ_CH902602.1_289 
NZ_CH902599.1_1208 
NZ_CH902599.1_948 
NZ_CH902601.1_206 
NZ_CH902601.1_307 
NZ_CH902603.1_60 
NZ_AAOJ01000026.1_5 
NZ_CH902599.1_1372 
NZ_CH902601.1_180 
NZ_CH902602.1_241 
NZ_CH902599.1_693 
NZ_CH902600.1_1347 
NZ_CH902600.1_307 
NZ_CH902600.1_73 
NZ_CH902601.1_330 
NZ_CH902602.1_287 
NZ_CH902602.1_336 
NZ_CH902602.1_338 
NZ_CH902602.1_84 
NZ_AAOJ01000021.1_8 
NZ_CH902599.1_1179 
NZ_CH902599.1_1394 
NZ_CH902599.1_524 
NZ_CH902600.1_361 
NZ_CH902600.1_764 
NZ_CH902601.1_131 
NZ_CH902599.1_415 
NZ_CH902600.1_1351 
NZ_CH902600.1_567 
NZ_CH902601.1_348 
NZ_AAOJ01000021.1_2 
NZ_CH902599.1_1127 
NZ_CH902599.1_1203 
NZ_CH902600.1_128 
NZ_CH902600.1_503 
NZ_CH902600.1_745 
NZ_CH902601.1_169 
NZ_AAOJ01000020.1_7 
NZ_CH902599.1_1042 
NZ_CH902599.1_12 
NZ_CH902599.1_1443 
NZ_CH902601.1_190 
NZ_CH902602.1_212 
NZ_CH902604.1_65 
NZ_CH902599.1_1412 
NZ_CH902600.1_342 
NZ_CH902600.1_384 
NZ_CH902600.1_922 
NZ_CH902602.1_183 
NZ_CH902599.1_1123 
NZ_CH902599.1_1453 
NZ_CH902599.1_660 
NZ_CH902599.1_942 
NZ_CH902600.1_3 
NZ_CH902601.1_419 
NZ_CH902602.1_197 
NZ_CH902602.1_240 
NZ_CH902602.1_253 
NZ_CH902603.1_184 
NZ_CH902603.1_342 
NZ_AAOJ01000020.1_16 
NZ_CH902600.1_1195 
NZ_CH902600.1_757 
NZ_CH902603.1_118 
NZ_CH902604.1_26 
NZ_CH902599.1_33 
NZ_CH902603.1_330 
NZ_CH902603.1_89 
NZ_CH902604.1_121 
NZ_CH902599.1_1295 
NZ_CH902599.1_395 
NZ_CH902599.1_510 
NZ_CH902599.1_883 
NZ_CH902600.1_130 
NZ_CH902600.1_215 
NZ_CH902600.1_365 
NZ_CH902600.1_640 
NZ_CH902601.1_291 
NZ_CH902602.1_359 
NZ_CH902599.1_537 
NZ_CH902600.1_1372 
NZ_CH902600.1_222 
NZ_CH902600.1_329 
NZ_CH902600.1_819 
NZ_CH902599.1_1086 
NZ_CH902599.1_49 
NZ_CH902599.1_824 
NZ_CH902600.1_375 
NZ_CH902601.1_200 
NZ_CH902602.1_19 
NZ_CH902599.1_1182 
NZ_CH902599.1_74 
NZ_CH902599.1_893 
NZ_CH902600.1_285 
NZ_CH902600.1_594 
NZ_CH902603.1_240 
NZ_AAOJ01000023.1_3 
NZ_CH902600.1_1023 
NZ_CH902600.1_235 
NZ_CH902600.1_923 
NZ_CH902601.1_343 
NZ_CH902602.1_174 
NZ_CH902602.1_42 
NZ_CH902603.1_225 
NZ_CH902599.1_668 
NZ_CH902599.1_976 
NZ_CH902600.1_1327 
NZ_CH902600.1_543 
NZ_CH902602.1_301 
NZ_CH902602.1_361 
NZ_CH902603.1_32 
NZ_CH902604.1_106 
NZ_CH902599.1_594 
NZ_CH902600.1_409 
NZ_CH902600.1_479 
NZ_CH902600.1_521 
NZ_CH902603.1_125 
NZ_CH902599.1_719 
NZ_CH902600.1_1037 
NZ_CH902600.1_1339 
NZ_CH902600.1_137 
NZ_CH902600.1_1429 
NZ_CH902600.1_517 
NZ_CH902600.1_790 
NZ_CH902600.1_805 
NZ_CH902602.1_233 
NZ_CH902603.1_277 
NZ_CH902599.1_289 
NZ_CH902599.1_858 
NZ_CH902600.1_1055 
NZ_CH902600.1_630 
NZ_CH902601.1_179 
NZ_CH902601.1_430 
NZ_CH902602.1_317 
NZ_AAOJ01000020.1_17 
NZ_CH902599.1_1213 
NZ_CH902599.1_21 
NZ_CH902599.1_526 
NZ_CH902602.1_238 
NZ_CH902603.1_33 
NZ_CH902603.1_344 
NZ_CH902603.1_99 
NZ_AAOJ01000021.1_11 
NZ_CH902599.1_1240 
NZ_CH902599.1_1382 
NZ_CH902599.1_344 
NZ_CH902599.1_541 
NZ_CH902600.1_114 
NZ_CH902599.1_1113 
NZ_CH902599.1_460 
NZ_CH902600.1_123 
NZ_CH902600.1_64 
NZ_CH902600.1_699 
NZ_CH902599.1_1094 
NZ_CH902599.1_616 
NZ_CH902599.1_619 
NZ_CH902599.1_649 
NZ_CH902599.1_652 
NZ_CH902600.1_10 
NZ_CH902600.1_25 
NZ_CH902600.1_436 
NZ_CH902600.1_746 
NZ_CH902600.1_965 
NZ_AAOJ01000023.1_30 
NZ_CH902599.1_1565 
NZ_CH902600.1_1356 
NZ_AAOJ01000023.1_14 
NZ_CH902599.1_1119 
NZ_CH902599.1_259 
NZ_CH902599.1_495 
NZ_CH902599.1_973 
NZ_CH902600.1_348 
NZ_CH902602.1_214 
NZ_CH902603.1_278 
NZ_AAOJ01000021.1_31 
NZ_CH902599.1_1143 
NZ_CH902599.1_1299 
NZ_CH902599.1_1302 
NZ_CH902599.1_813 
NZ_CH902599.1_88 
NZ_CH902600.1_1091 
NZ_CH902600.1_612 
NZ_CH902600.1_1054 
NZ_CH902600.1_150 
NZ_CH902600.1_188 
NZ_CH902600.1_301 
NZ_CH902600.1_550 
NZ_AAOJ01000021.1_20 
NZ_CH902599.1_13 
NZ_CH902599.1_570 
NZ_CH902600.1_1132 
NZ_CH902600.1_686 
NZ_CH902600.1_858 
NZ_CH902603.1_371 
NZ_CH902599.1_751 
NZ_CH902600.1_606 
NZ_CH902601.1_308 
NZ_AAOJ01000020.1_26 
NZ_CH902599.1_1062 
NZ_CH902600.1_909 
NZ_CH902600.1_99 
NZ_CH902601.1_244 
NZ_CH902603.1_82 
NZ_CH902599.1_1484 
NZ_CH902600.1_1260 
NZ_CH902603.1_103 
NZ_CH902603.1_346 
NZ_CH902599.1_1045 
NZ_CH902599.1_141 
NZ_CH902599.1_264 
NZ_CH902599.1_452 
NZ_CH902600.1_483 
NZ_CH902601.1_234 
NZ_CH902602.1_125 
NZ_CH902602.1_366 
NZ_CH902603.1_356 
NZ_CH902603.1_379 
NZ_CH902599.1_1444 
NZ_CH902599.1_418 
NZ_CH902599.1_552 
NZ_CH902600.1_1108 
NZ_CH902600.1_1226 
NZ_CH902600.1_579 
NZ_CH902600.1_783 
NZ_CH902601.1_122 
NZ_CH902601.1_207 
NZ_CH902602.1_1 
NZ_CH902602.1_112 
NZ_CH902602.1_69 
NZ_CH902599.1_202 
NZ_CH902599.1_459 
NZ_CH902599.1_882 
NZ_CH902600.1_400 
NZ_CH902600.1_438 
NZ_CH902600.1_958 
NZ_CH902603.1_22 
NZ_CH902604.1_48 
NZ_CH902599.1_154 
NZ_CH902599.1_557 
NZ_CH902599.1_746 
NZ_CH902599.1_805 
NZ_CH902600.1_1298 
NZ_CH902600.1_885 
NZ_CH902602.1_257 
NZ_CH902602.1_4 
NZ_CH902604.1_18 
NZ_AAOJ01000023.1_16 
NZ_CH902599.1_606 
NZ_CH902599.1_651 
NZ_CH902599.1_917 
NZ_CH902600.1_1314 
NZ_CH902600.1_1422 
NZ_CH902600.1_210 
NZ_CH902600.1_242 
NZ_CH902603.1_216 
NZ_CH902599.1_1175 
NZ_CH902599.1_1455 
NZ_CH902599.1_198 
NZ_CH902600.1_1081 
NZ_CH902600.1_278 
NZ_CH902600.1_704 
NZ_CH902600.1_960 
NZ_CH902601.1_305 
NZ_CH902601.1_336 
NZ_CH902603.1_345 
NZ_CH902604.1_2 
NZ_CH902599.1_250 
NZ_CH902600.1_1376 
NZ_CH902601.1_399 
NZ_CH902602.1_24 
NZ_CH902603.1_148 
NZ_CH902603.1_249 
NZ_CH902599.1_1053 
NZ_CH902599.1_1082 
NZ_CH902599.1_180 
NZ_CH902599.1_370 
NZ_CH902599.1_51 
NZ_CH902599.1_978 
NZ_CH902600.1_1431 
NZ_CH902600.1_1484 
NZ_CH902600.1_377 
NZ_CH902600.1_829 
NZ_CH902600.1_916 
NZ_CH902600.1_931 
NZ_CH902601.1_64 
NZ_CH902602.1_83 
NZ_CH902603.1_158 
NZ_CH902599.1_839 
NZ_CH902599.1_972 
NZ_CH902600.1_1251 
NZ_CH902600.1_1269 
NZ_CH902600.1_356 
NZ_CH902600.1_647 
NZ_CH902601.1_43 
NZ_CH902602.1_294 
NZ_CH902603.1_41 
NZ_CH902603.1_67 
NZ_CH902599.1_820 
NZ_CH902600.1_1047 
NZ_CH902600.1_1074 
NZ_CH902600.1_1164 
NZ_CH902600.1_1439 
NZ_CH902600.1_709 
NZ_CH902600.1_981 
NZ_CH902601.1_219 
NZ_CH902602.1_350 
NZ_CH902603.1_206 
NZ_CH902599.1_129 
NZ_CH902599.1_516 
NZ_CH902600.1_219 
NZ_CH902600.1_37 
NZ_CH902600.1_682 
NZ_CH902600.1_712 
NZ_CH902602.1_172 
NZ_CH902602.1_273 
NZ_CH902599.1_1384 
NZ_CH902599.1_462 
NZ_CH902599.1_609 
NZ_CH902600.1_902 
NZ_CH902601.1_286 
NZ_CH902601.1_351 
NZ_CH902602.1_152 
NZ_CH902603.1_143 
NZ_CH902603.1_42 
NZ_CH902599.1_1218 
NZ_CH902600.1_1456 
NZ_CH902600.1_220 
NZ_CH902602.1_3 
NZ_CH902603.1_224 
NZ_CH902603.1_273 
NZ_CH902603.1_311 
NZ_CH902599.1_791 
NZ_CH902599.1_984 
NZ_CH902600.1_334 
NZ_CH902600.1_591 
NZ_CH902600.1_874 
NZ_CH902603.1_16 
NZ_CH902599.1_1106 
NZ_CH902599.1_1554 
NZ_CH902599.1_573 
NZ_CH902602.1_215 
NZ_CH902599.1_437 
NZ_CH902600.1_1064 
NZ_CH902600.1_1213 
NZ_CH902600.1_363 
NZ_CH902600.1_493 
NZ_CH902600.1_908 
NZ_CH902602.1_192 
NZ_CH902600.1_1159 
NZ_CH902600.1_33 
NZ_CH902600.1_50 
NZ_CH902600.1_646 
NZ_CH902600.1_798 
NZ_CH902601.1_16 
NZ_CH902601.1_19 
NZ_CH902602.1_122 
NZ_CH902603.1_102 
NZ_CH902599.1_1161 
NZ_CH902599.1_200 
NZ_CH902599.1_278 
NZ_CH902599.1_365 
NZ_CH902599.1_801 
NZ_CH902600.1_1223 
NZ_CH902603.1_195 
NZ_CH902603.1_369 
NZ_CH902604.1_111 
NZ_CH902604.1_113 
NZ_CH902600.1_1072 
NZ_CH902600.1_59 
NZ_CH902600.1_955 
NZ_CH902601.1_2 
NZ_CH902601.1_288 
NZ_CH902603.1_119 
NZ_CH902604.1_8 
NZ_CH902599.1_7 
NZ_CH902603.1_353 
NZ_CH902604.1_81 
NZ_AAOJ01000020.1_22 
NZ_CH902599.1_1036 
NZ_CH902599.1_377 
NZ_CH902599.1_455 
NZ_CH902599.1_599 
NZ_CH902599.1_825 
NZ_CH902600.1_1419 
NZ_CH902601.1_304 
NZ_CH902602.1_217 
NZ_CH902602.1_232 
NZ_AAOJ01000023.1_20 
NZ_CH902599.1_402 
NZ_CH902599.1_567 
NZ_CH902600.1_537 
NZ_CH902600.1_578 
NZ_CH902603.1_287 
NZ_CH902599.1_1239 
NZ_CH902599.1_1352 
NZ_CH902599.1_181 
NZ_CH902599.1_382 
NZ_CH902599.1_545 
NZ_CH902599.1_564 
NZ_CH902599.1_697 
NZ_CH902600.1_1246 
NZ_CH902600.1_131 
NZ_CH902600.1_575 
NZ_CH902601.1_350 
NZ_AAOJ01000020.1_36 
NZ_CH902599.1_1309 
NZ_CH902599.1_618 
NZ_CH902600.1_163 
NZ_CH902601.1_240 
NZ_CH902601.1_70 
NZ_CH902603.1_128 
NZ_AAOJ01000044.1_2 
NZ_CH902599.1_102 
NZ_CH902599.1_806 
NZ_CH902599.1_894 
NZ_CH902600.1_624 
NZ_CH902600.1_817 
NZ_CH902600.1_997 
NZ_CH902601.1_293 
NZ_CH902599.1_1038 
NZ_CH902599.1_1117 
NZ_CH902599.1_1124 
NZ_CH902599.1_1376 
NZ_CH902599.1_1488 
NZ_CH902601.1_191 
NZ_CH902602.1_106 
NZ_CH902603.1_52 
NZ_CH902599.1_127 
NZ_CH902599.1_1462 
NZ_CH902599.1_1477 
NZ_CH902599.1_698 
NZ_CH902600.1_461 
NZ_CH902600.1_66 
NZ_CH902600.1_673 
NZ_CH902602.1_173 
NZ_AAOJ01000020.1_42 
NZ_CH902600.1_108 
NZ_CH902600.1_637 
NZ_CH902600.1_92 
NZ_CH902601.1_263 
NZ_CH902602.1_339 
NZ_CH902603.1_290 
NZ_CH902603.1_376 
NZ_CH902599.1_605 
NZ_CH902599.1_796 
NZ_CH902600.1_1149 
NZ_CH902600.1_57 
NZ_CH902601.1_184 
NZ_CH902602.1_195 
NZ_CH902602.1_325 
NZ_CH902602.1_363 
NZ_CH902602.1_65 
NZ_CH902599.1_1006 
NZ_CH902599.1_115 
NZ_CH902599.1_1209 
NZ_CH902599.1_1353 
NZ_CH902599.1_1390 
NZ_CH902599.1_1562 
NZ_CH902599.1_191 
NZ_CH902599.1_485 
NZ_CH902599.1_718 
NZ_CH902599.1_789 
NZ_CH902600.1_1491 
NZ_CH902600.1_674 
NZ_CH902600.1_731 
NZ_CH902600.1_995 
NZ_CH902601.1_230 
NZ_CH902603.1_272 
NZ_CH902599.1_162 
NZ_CH902599.1_335 
NZ_CH902599.1_481 
NZ_CH902599.1_832 
NZ_CH902600.1_1075 
NZ_CH902600.1_992 
NZ_CH902599.1_532 
NZ_CH902599.1_667 
NZ_CH902599.1_721 
NZ_CH902599.1_724 
NZ_CH902600.1_1154 
NZ_CH902600.1_610 
NZ_CH902601.1_237 
NZ_CH902601.1_241 
NZ_CH902602.1_158 
NZ_CH902603.1_347 
NZ_CH902604.1_62 
NZ_CH902599.1_1205 
NZ_CH902599.1_152 
NZ_CH902599.1_357 
NZ_CH902601.1_211 
NZ_CH902602.1_127 
NZ_CH902603.1_135 
NZ_AAOJ01000021.1_24 
NZ_CH902599.1_742 
NZ_CH902600.1_430 
NZ_CH902600.1_53 
NZ_CH902600.1_63 
NZ_CH902600.1_631 
NZ_CH902601.1_390 
NZ_CH902602.1_36 
NZ_CH902602.1_63 
NZ_CH902603.1_294 
NZ_CH902599.1_1206 
NZ_CH902599.1_446 
NZ_CH902599.1_835 
NZ_CH902600.1_1116 
NZ_CH902600.1_666 
NZ_CH902603.1_124 
NZ_CH902603.1_214 
NZ_CH902604.1_9 
NZ_CH902599.1_150 
NZ_CH902599.1_170 
NZ_CH902599.1_193 
NZ_CH902600.1_1002 
NZ_CH902602.1_279 
NZ_CH902602.1_33 
NZ_CH902599.1_1557 
NZ_CH902599.1_367 
NZ_CH902599.1_603 
NZ_CH902600.1_1487 
NZ_CH902600.1_474 
NZ_CH902600.1_833 
NZ_CH902601.1_198 
NZ_CH902599.1_1156 
NZ_CH902599.1_529 
NZ_CH902599.1_699 
NZ_CH902601.1_325 
NZ_CH902603.1_61 
NZ_CH902599.1_1008 
NZ_CH902599.1_1167 
NZ_CH902599.1_538 
NZ_CH902599.1_715 
NZ_CH902599.1_804 
NZ_CH902599.1_922 
NZ_CH902599.1_931 
NZ_CH902600.1_1415 
NZ_CH902600.1_67 
NZ_CH902600.1_690 
NZ_CH902601.1_313 
NZ_CH902601.1_424 
NZ_CH902602.1_201 
NZ_CH902602.1_96 
NZ_CH902603.1_181 
NZ_AAOJ01000020.1_9 
NZ_CH902599.1_1074 
NZ_CH902599.1_167 
NZ_CH902599.1_374 
NZ_CH902599.1_447 
NZ_CH902599.1_717 
NZ_CH902600.1_1282 
NZ_CH902600.1_1309 
NZ_CH902600.1_586 
NZ_CH902601.1_334 
NZ_CH902599.1_1184 
NZ_CH902599.1_147 
NZ_CH902599.1_1508 
NZ_CH902600.1_1052 
NZ_CH902600.1_1338 
NZ_CH902600.1_895 
NZ_CH902602.1_274 
NZ_CH902603.1_38 
NZ_CH902603.1_96 
NZ_AAOJ01000020.1_37 
NZ_AAOJ01000032.1_4 
NZ_CH902599.1_179 
NZ_CH902599.1_795 
NZ_CH902600.1_1176 
NZ_CH902600.1_1180 
NZ_CH902600.1_1261 
NZ_CH902600.1_424 
NZ_CH902600.1_638 
NZ_CH902600.1_728 
NZ_CH902600.1_834 
NZ_CH902601.1_185 
NZ_CH902603.1_40 
NZ_CH902604.1_78 
NZ_CH902599.1_277 
NZ_CH902599.1_768 
NZ_CH902600.1_1215 
NZ_CH902600.1_1247 
NZ_CH902600.1_153 
NZ_CH902600.1_95 
NZ_CH902601.1_100 
NZ_CH902599.1_204 
NZ_CH902599.1_233 
NZ_CH902599.1_774 
NZ_CH902600.1_1452 
NZ_CH902600.1_289 
NZ_CH902601.1_109 
NZ_CH902602.1_345 
NZ_CH902599.1_275 
NZ_CH902599.1_28 
NZ_CH902600.1_1142 
NZ_CH902600.1_15 
NZ_CH902600.1_298 
NZ_CH902604.1_13 
NZ_AAOJ01000021.1_29 
NZ_CH902599.1_1307 
NZ_CH902599.1_480 
NZ_CH902599.1_59 
NZ_CH902600.1_102 
NZ_CH902599.1_373 
NZ_CH902599.1_87 
NZ_CH902600.1_1011 
NZ_CH902600.1_1127 
NZ_CH902600.1_1199 
NZ_CH902600.1_536 
NZ_CH902600.1_933 
NZ_CH902599.1_1191 
NZ_CH902599.1_674 
NZ_CH902599.1_869 
NZ_CH902600.1_1085 
NZ_CH902600.1_1447 
NZ_CH902600.1_465 
NZ_CH902600.1_94 
NZ_CH902601.1_97 
NZ_CH902602.1_235 
NZ_CH902602.1_31 
NZ_CH902600.1_1090 
NZ_CH902600.1_374 
NZ_CH902600.1_556 
NZ_CH902600.1_565 
NZ_CH902601.1_174 
NZ_CH902604.1_120 
NZ_AAOJ01000032.1_1 
NZ_CH902599.1_398 
NZ_CH902599.1_669 
NZ_CH902599.1_962 
NZ_CH902600.1_1400 
NZ_CH902600.1_832 
NZ_CH902600.1_91 
NZ_CH902602.1_261 
NZ_CH902599.1_1441 
NZ_CH902599.1_172 
NZ_CH902599.1_246 
NZ_CH902599.1_376 
NZ_CH902600.1_1048 
NZ_CH902600.1_318 
NZ_CH902601.1_225 
NZ_CH902601.1_52 
NZ_CH902602.1_126 
NZ_CH902602.1_90 
NZ_CH902603.1_289 
NZ_CH902599.1_1195 
NZ_CH902599.1_1224 
NZ_CH902599.1_309 
NZ_CH902600.1_737 
NZ_CH902601.1_182 
NZ_CH902601.1_260 
NZ_CH902602.1_205 
NZ_AAOJ01000021.1_9 
NZ_CH902599.1_1037 
NZ_CH902599.1_112 
NZ_CH902599.1_183 
NZ_CH902599.1_295 
NZ_CH902599.1_375 
NZ_CH902599.1_628 
NZ_CH902600.1_1257 
NZ_CH902600.1_1472 
NZ_CH902600.1_244 
NZ_CH902601.1_156 
NZ_CH902602.1_82 
NZ_CH902603.1_374 
NZ_CH902603.1_92 
NZ_CH902604.1_116 
NZ_CH902599.1_1497 
NZ_CH902599.1_608 
NZ_CH902599.1_654 
NZ_CH902599.1_863 
NZ_CH902600.1_1331 
NZ_CH902600.1_804 
NZ_CH902600.1_863 
NZ_CH902600.1_945 
NZ_CH902602.1_111 
NZ_CH902603.1_348 
NZ_CH902604.1_90 
NZ_CH902599.1_1010 
NZ_CH902599.1_1017 
NZ_CH902599.1_1028 
NZ_CH902599.1_1118 
NZ_CH902599.1_1386 
NZ_CH902599.1_334 
NZ_CH902599.1_525 
NZ_CH902600.1_1473 
NZ_CH902600.1_813 
NZ_CH902602.1_254 
NZ_CH902602.1_76 
NZ_CH902603.1_156 
NZ_CH902599.1_1428 
NZ_CH902599.1_435 
NZ_CH902600.1_265 
NZ_CH902600.1_576 
NZ_CH902600.1_727 
NZ_CH902600.1_866 
NZ_CH902603.1_286 
NZ_AAOJ01000021.1_14 
NZ_CH902599.1_1532 
NZ_CH902599.1_536 
NZ_CH902599.1_985 
NZ_CH902600.1_1189 
NZ_CH902600.1_878 
NZ_CH902601.1_196 
NZ_CH902601.1_49 
NZ_CH902601.1_50 
NZ_CH902602.1_223 
NZ_CH902603.1_2 
NZ_CH902603.1_384 
NZ_AAOJ01000026.1_2 
NZ_CH902599.1_1059 
NZ_CH902599.1_284 
NZ_CH902599.1_416 
NZ_CH902599.1_834 
NZ_CH902600.1_1363 
NZ_CH902600.1_1412 
NZ_CH902600.1_221 
NZ_CH902603.1_72 
NZ_AAOJ01000021.1_5 
NZ_CH902599.1_1168 
NZ_CH902599.1_340 
NZ_CH902599.1_647 
NZ_CH902600.1_422 
NZ_CH902600.1_573 
NZ_CH902600.1_615 
NZ_CH902603.1_75 
NZ_CH902604.1_58 
NZ_CH902599.1_1002 
NZ_CH902599.1_1294 
NZ_CH902599.1_486 
NZ_CH902600.1_143 
NZ_CH902600.1_149 
NZ_CH902600.1_505 
NZ_CH902601.1_123 
NZ_CH902603.1_318 
NZ_CH902603.1_78 
NZ_CH902604.1_32 
NZ_AAOJ01000020.1_13 
NZ_CH902599.1_1399 
NZ_CH902599.1_448 
NZ_CH902599.1_583 
NZ_CH902599.1_946 
NZ_CH902600.1_371 
NZ_CH902600.1_439 
NZ_CH902600.1_492 
NZ_CH902600.1_626 
NZ_CH902600.1_843 
NZ_CH902601.1_236 
NZ_CH902601.1_86 
NZ_CH902602.1_118 
NZ_CH902602.1_132 
NZ_CH902602.1_147 
NZ_CH902603.1_116 
NZ_CH902603.1_161 
NZ_CH902603.1_320 
NZ_CH902604.1_74 
NZ_CH902599.1_1436 
NZ_CH902600.1_1018 
NZ_CH902600.1_1277 
NZ_CH902600.1_1293 
NZ_CH902600.1_268 
NZ_CH902600.1_320 
NZ_CH902600.1_412 
NZ_CH902602.1_347 
NZ_CH902603.1_101 
NZ_CH902604.1_31 
NZ_CH902599.1_1076 
NZ_CH902599.1_1334 
NZ_CH902599.1_168 
NZ_CH902599.1_50 
NZ_CH902599.1_612 
NZ_CH902599.1_614 
NZ_CH902600.1_1404 
NZ_CH902600.1_271 
NZ_CH902600.1_85 
NZ_CH902601.1_159 
NZ_CH902602.1_85 
NZ_CH902603.1_333 
NZ_CH902604.1_123 
NZ_CH902604.1_40 
NZ_CH902604.1_89 
NZ_CH902599.1_990 
NZ_CH902600.1_198 
NZ_CH902600.1_629 
NZ_CH902600.1_654 
NZ_CH902600.1_786 
NZ_CH902600.1_839 
NZ_CH902600.1_961 
NZ_CH902601.1_45 
NZ_CH902602.1_101 
NZ_CH902599.1_1319 
NZ_CH902599.1_27 
NZ_CH902599.1_466 
NZ_CH902599.1_998 
NZ_CH902600.1_339 
NZ_CH902600.1_358 
NZ_CH902600.1_385 
NZ_CH902600.1_477 
NZ_CH902601.1_106 
NZ_CH902601.1_259 
NZ_CH902602.1_270 
NZ_AAOJ01000020.1_31 
NZ_CH902599.1_1107 
NZ_CH902599.1_1243 
NZ_CH902599.1_186 
NZ_CH902599.1_330 
NZ_CH902599.1_341 
NZ_CH902599.1_823 
NZ_CH902599.1_951 
NZ_CH902600.1_1442 
NZ_CH902600.1_943 
NZ_CH902600.1_963 
NZ_CH902601.1_344 
NZ_CH902601.1_357 
NZ_CH902603.1_368 
NZ_CH902599.1_1135 
NZ_CH902599.1_1139 
NZ_CH902599.1_1381 
NZ_CH902599.1_1411 
NZ_CH902599.1_1431 
NZ_CH902599.1_544 
NZ_CH902600.1_1103 
NZ_CH902601.1_154 
NZ_CH902602.1_156 
NZ_CH902603.1_79 
NZ_CH902599.1_343 
NZ_CH902599.1_692 
NZ_CH902599.1_867 
NZ_CH902599.1_950 
NZ_CH902600.1_1059 
NZ_CH902600.1_340 
NZ_CH902600.1_393 
NZ_CH902600.1_418 
NZ_CH902600.1_633 
NZ_CH902601.1_104 
NZ_CH902601.1_25 
NZ_CH902603.1_358 
NZ_CH902600.1_1256 
NZ_CH902600.1_903 
NZ_CH902601.1_175 
NZ_CH902601.1_285 
NZ_CH902602.1_29 
NZ_CH902602.1_314 
NZ_CH902604.1_46 
NZ_AAOJ01000023.1_19 
NZ_CH902599.1_1075 
NZ_CH902599.1_120 
NZ_CH902599.1_1245 
NZ_CH902599.1_1442 
NZ_CH902599.1_819 
NZ_CH902600.1_1170 
NZ_CH902600.1_326 
NZ_CH902601.1_142 
NZ_CH902602.1_200 
NZ_CH902599.1_1189 
NZ_CH902599.1_1401 
NZ_CH902599.1_542 
NZ_CH902599.1_890 
NZ_CH902600.1_1244 
NZ_CH902600.1_1421 
NZ_CH902600.1_350 
NZ_CH902601.1_124 
NZ_CH902602.1_120 
NZ_CH902604.1_122 
NZ_CH902599.1_356 
NZ_CH902599.1_358 
NZ_CH902600.1_625 
NZ_CH902600.1_641 
NZ_CH902601.1_428 
NZ_CH902602.1_193 
NZ_CH902599.1_1498 
NZ_CH902599.1_164 
NZ_CH902599.1_827 
NZ_CH902599.1_902 
NZ_CH902600.1_855 
NZ_CH902601.1_204 
NZ_CH902603.1_182 
NZ_CH902603.1_297 
NZ_AAOJ01000032.1_2 
NZ_CH902599.1_1165 
NZ_CH902599.1_631 
NZ_CH902601.1_213 
NZ_CH902603.1_136 
NZ_CH902604.1_35 
NZ_AAOJ01000020.1_45 
NZ_CH902599.1_1250 
NZ_CH902599.1_392 
NZ_CH902599.1_450 
NZ_CH902600.1_1406 
NZ_CH902600.1_793 
NZ_CH902600.1_870 
NZ_CH902601.1_226 
NZ_CH902602.1_190 
NZ_CH902603.1_162 
NZ_CH902599.1_1371 
NZ_CH902599.1_273 
NZ_CH902599.1_991 
NZ_CH902600.1_195 
NZ_CH902600.1_457 
NZ_CH902600.1_562 
NZ_CH902601.1_107 
NZ_CH902601.1_220 
NZ_CH902602.1_230 
NZ_CH902603.1_120 
NZ_CH902599.1_1194 
NZ_CH902599.1_153 
NZ_CH902599.1_182 
NZ_CH902599.1_927 
NZ_CH902599.1_957 
NZ_CH902600.1_115 
NZ_CH902600.1_524 
NZ_CH902601.1_223 
NZ_CH902602.1_310 
NZ_CH902602.1_41 
NZ_CH902603.1_363 
NZ_AAOJ01000020.1_29 
NZ_CH902600.1_120 
NZ_CH902600.1_466 
NZ_CH902600.1_636 
NZ_CH902601.1_28 
NZ_CH902603.1_202 
NZ_CH902599.1_241 
NZ_CH902599.1_333 
NZ_CH902599.1_361 
NZ_CH902599.1_565 
NZ_CH902599.1_737 
NZ_CH902599.1_961 
NZ_CH902600.1_1063 
NZ_CH902601.1_342 
NZ_CH902601.1_41 
NZ_CH902601.1_88 
NZ_CH902603.1_21 
NZ_CH902599.1_1064 
NZ_CH902599.1_1108 
NZ_CH902599.1_1415 
NZ_CH902600.1_1278 
NZ_CH902600.1_288 
NZ_CH902601.1_269 
NZ_CH902601.1_377 
NZ_CH902601.1_389 
NZ_CH902599.1_1362 
NZ_CH902600.1_1290 
NZ_CH902600.1_1409 
NZ_CH902600.1_310 
NZ_CH902600.1_347 
NZ_CH902600.1_420 
NZ_CH902600.1_569 
NZ_CH902599.1_740 
NZ_CH902599.1_909 
NZ_CH902600.1_355 
NZ_CH902599.1_1023 
NZ_CH902599.1_116 
NZ_CH902599.1_1550 
NZ_CH902599.1_346 
NZ_CH902599.1_436 
NZ_CH902599.1_923 
NZ_CH902600.1_1210 
NZ_CH902602.1_121 
NZ_CH902602.1_246 
NZ_CH902602.1_318 
NZ_CH902602.1_34 
NZ_CH902603.1_6 
NZ_CH902599.1_1051 
NZ_CH902599.1_1088 
NZ_CH902599.1_1187 
NZ_CH902599.1_1196 
NZ_CH902599.1_1247 
NZ_CH902599.1_935 
NZ_CH902600.1_1262 
NZ_CH902602.1_25 
NZ_CH902603.1_252 
NZ_CH902604.1_43 
NZ_CH902599.1_1392 
NZ_CH902599.1_458 
NZ_CH902599.1_753 
NZ_CH902599.1_840 
NZ_CH902600.1_1040 
NZ_CH902600.1_1178 
NZ_CH902600.1_12 
NZ_CH902600.1_1248 
NZ_CH902600.1_338 
NZ_CH902600.1_49 
NZ_CH902600.1_656 
NZ_CH902599.1_1033 
NZ_CH902599.1_1503 
NZ_CH902599.1_157 
NZ_CH902599.1_332 
NZ_CH902599.1_504 
NZ_CH902600.1_1470 
NZ_CH902600.1_774 
NZ_CH902602.1_22 
NZ_CH902603.1_296 
NZ_CH902604.1_69 
NZ_AAOJ01000020.1_41 
NZ_CH902599.1_107 
NZ_CH902599.1_1231 
NZ_CH902599.1_1268 
NZ_CH902599.1_1510 
NZ_CH902599.1_1530 
NZ_CH902599.1_197 
NZ_CH902599.1_363 
NZ_CH902599.1_906 
NZ_CH902600.1_1043 
NZ_CH902600.1_186 
NZ_CH902600.1_566 
NZ_CH902601.1_12 
NZ_CH902602.1_242 
NZ_CH902602.1_282 
NZ_CH902603.1_380 
NZ_CH902603.1_69 
NZ_AAOJ01000020.1_25 
NZ_AAOJ01000032.1_3 
NZ_CH902599.1_1378 
NZ_CH902599.1_251 
NZ_CH902599.1_413 
NZ_CH902599.1_731 
NZ_CH902600.1_1358 
NZ_CH902600.1_572 
NZ_CH902600.1_577 
NZ_CH902600.1_65 
NZ_CH902604.1_124 
NZ_CH902599.1_1548 
NZ_CH902599.1_206 
NZ_CH902599.1_23 
NZ_CH902599.1_477 
NZ_CH902600.1_247 
NZ_CH902600.1_282 
NZ_CH902600.1_994 
NZ_CH902603.1_3 
NZ_CH902599.1_224 
NZ_CH902599.1_325 
NZ_CH902599.1_387 
NZ_CH902602.1_38 
NZ_CH902599.1_1014 
NZ_CH902599.1_1423 
NZ_CH902600.1_488 
NZ_CH902600.1_560 
NZ_CH902601.1_68 
NZ_CH902602.1_166 
NZ_CH902599.1_1130 
NZ_CH902599.1_1389 
NZ_CH902599.1_420 
NZ_CH902600.1_224 
NZ_CH902600.1_295 
NZ_CH902600.1_93 
NZ_CH902604.1_119 
NZ_CH902600.1_1329 
NZ_CH902600.1_1488 
NZ_CH902600.1_177 
NZ_CH902600.1_583 
NZ_CH902601.1_197 
NZ_CH902604.1_70 
NZ_CH902599.1_117 
NZ_CH902599.1_118 
NZ_CH902599.1_1273 
NZ_CH902599.1_176 
NZ_CH902599.1_769 
NZ_CH902599.1_826 
NZ_CH902600.1_341 
NZ_CH902600.1_516 
NZ_CH902600.1_75 
NZ_CH902600.1_950 
NZ_CH902601.1_246 
NZ_CH902603.1_370 
NZ_AAOJ01000020.1_24 
NZ_CH902599.1_222 
NZ_CH902599.1_337 
NZ_CH902599.1_465 
NZ_CH902599.1_620 
NZ_CH902599.1_936 
NZ_CH902599.1_994 
NZ_CH902600.1_1254 
NZ_CH902600.1_236 
NZ_CH902600.1_689 
NZ_CH902600.1_791 
NZ_CH902601.1_235 
NZ_CH902601.1_379 
NZ_CH902602.1_26 
NZ_CH902603.1_149 
NZ_CH902603.1_5 
NZ_AAOJ01000020.1_21 
NZ_CH902599.1_1012 
NZ_CH902599.1_1024 
NZ_CH902599.1_1322 
NZ_CH902599.1_215 
NZ_CH902599.1_855 
NZ_CH902599.1_943 
NZ_CH902600.1_142 
NZ_CH902600.1_1437 
NZ_CH902600.1_197 
NZ_CH902600.1_513 
NZ_CH902601.1_93 
NZ_CH902602.1_32 
NZ_CH902599.1_166 
NZ_CH902599.1_238 
NZ_CH902599.1_493 
NZ_CH902599.1_730 
NZ_CH902600.1_48 
NZ_CH902600.1_523 
NZ_CH902602.1_281 
NZ_AAOJ01000035.1_1 
NZ_CH902599.1_1281 
NZ_CH902599.1_438 
NZ_CH902599.1_920 
NZ_CH902600.1_1231 
NZ_CH902601.1_105 
NZ_CH902601.1_270 
NZ_CH902599.1_1351 
NZ_CH902599.1_245 
NZ_CH902599.1_456 
NZ_CH902600.1_478 
NZ_CH902601.1_366 
NZ_CH902602.1_298 
NZ_CH902599.1_1159 
NZ_CH902599.1_1252 
NZ_CH902599.1_561 
NZ_CH902599.1_781 
NZ_CH902600.1_1174 
NZ_CH902600.1_1294 
NZ_CH902600.1_352 
NZ_CH902600.1_559 
NZ_CH902600.1_619 
NZ_CH902600.1_688 
NZ_CH902600.1_692 
NZ_CH902600.1_795 
NZ_CH902599.1_1131 
NZ_CH902599.1_263 
NZ_CH902599.1_412 
NZ_CH902600.1_970 
NZ_CH902600.1_98 
NZ_CH902602.1_12 
NZ_CH902603.1_314 
NZ_AAOJ01000023.1_1 
NZ_CH902599.1_1215 
NZ_CH902599.1_173 
NZ_CH902599.1_451 
NZ_CH902600.1_1186 
NZ_CH902600.1_157 
NZ_CH902600.1_722 
NZ_CH902600.1_766 
NZ_CH902600.1_784 
NZ_CH902603.1_180 
NZ_CH902599.1_1025 
NZ_CH902599.1_1342 
NZ_CH902599.1_305 
NZ_CH902599.1_992 
NZ_CH902602.1_248 
NZ_CH902602.1_43 
NZ_CH902603.1_150 
NZ_CH902599.1_1468 
NZ_CH902600.1_349 
NZ_CH902600.1_509 
NZ_CH902600.1_700 
NZ_CH902600.1_713 
NZ_CH902601.1_239 
NZ_CH902599.1_39 
NZ_CH902599.1_396 
NZ_CH902599.1_494 
NZ_CH902599.1_854 
NZ_CH902599.1_960 
NZ_CH902600.1_192 
NZ_CH902600.1_589 
NZ_CH902603.1_138 
NZ_CH902599.1_1128 
NZ_CH902599.1_228 
NZ_CH902599.1_621 
NZ_CH902599.1_766 
NZ_CH902599.1_802 
NZ_CH902600.1_1003 
NZ_CH902600.1_655 
NZ_CH902602.1_129 
NZ_CH902603.1_237 
NZ_CH902599.1_1091 
NZ_CH902599.1_496 
NZ_CH902599.1_941 
NZ_CH902600.1_714 
NZ_CH902600.1_926 
NZ_CH902602.1_134 
NZ_CH902602.1_331 
NZ_CH902603.1_147 
NZ_AAOJ01000021.1_13 
NZ_CH902599.1_1035 
NZ_CH902599.1_469 
NZ_CH902599.1_921 
NZ_CH902600.1_276 
NZ_CH902600.1_336 
NZ_CH902600.1_585 
NZ_CH902600.1_828 
NZ_CH902602.1_113 
NZ_CH902603.1_55 
NZ_CH902599.1_1244 
NZ_CH902599.1_1301 
NZ_CH902599.1_1313 
NZ_CH902599.1_227 
NZ_CH902600.1_1255 
NZ_CH902602.1_329 
NZ_CH902602.1_70 
NZ_AAOJ01000020.1_4 
NZ_CH902599.1_201 
NZ_CH902600.1_1478 
NZ_CH902600.1_444 
NZ_CH902601.1_125 
NZ_CH902601.1_149 
NZ_CH902601.1_205 
NZ_CH902601.1_72 
NZ_CH902602.1_16 
NZ_CH902602.1_37 
NZ_CH902602.1_5 
NZ_CH902603.1_327 
NZ_CH902599.1_1545 
NZ_CH902599.1_242 
NZ_CH902599.1_617 
NZ_CH902599.1_758 
NZ_CH902600.1_1123 
NZ_CH902600.1_1148 
NZ_CH902600.1_212 
NZ_CH902601.1_176 
NZ_CH902599.1_1155 
NZ_CH902599.1_1315 
NZ_CH902599.1_41 
NZ_CH902599.1_70 
NZ_CH902600.1_116 
NZ_CH902600.1_229 
NZ_CH902600.1_416 
NZ_CH902600.1_421 
NZ_CH902600.1_538 
NZ_CH902602.1_300 
NZ_CH902602.1_35 
NZ_CH902603.1_341 
NZ_CH902599.1_311 
NZ_CH902600.1_1340 
NZ_CH902600.1_469 
NZ_CH902600.1_471 
NZ_CH902601.1_341 
NZ_CH902602.1_2 
NZ_CH902602.1_216 
NZ_CH902604.1_42 
NZ_CH902599.1_243 
NZ_CH902599.1_471 
NZ_CH902600.1_1038 
NZ_CH902600.1_1319 
NZ_CH902600.1_406 
NZ_CH902600.1_535 
NZ_CH902601.1_144 
NZ_CH902601.1_378 
NZ_CH902599.1_299 
NZ_CH902599.1_750 
NZ_CH902600.1_1299 
NZ_CH902600.1_1328 
NZ_CH902601.1_416 
NZ_CH902604.1_96 
NZ_CH902599.1_490 
NZ_CH902599.1_587 
NZ_CH902599.1_629 
NZ_CH902600.1_1076 
NZ_CH902600.1_486 
NZ_CH902601.1_292 
NZ_CH902602.1_194 
NZ_CH902603.1_4 
NZ_CH902599.1_1090 
NZ_CH902599.1_279 
NZ_CH902600.1_456 
NZ_CH902602.1_222 
NZ_CH902604.1_76 
NZ_CH902599.1_137 
NZ_CH902599.1_924 
NZ_CH902599.1_947 
NZ_CH902600.1_1153 
NZ_CH902600.1_261 
NZ_CH902600.1_452 
NZ_CH902600.1_475 
NZ_CH902601.1_111 
NZ_CH902599.1_1147 
NZ_CH902599.1_213 
NZ_CH902599.1_285 
NZ_CH902600.1_1 
NZ_CH902600.1_254 
NZ_CH902600.1_357 
NZ_CH902600.1_723 
NZ_CH902603.1_223 
NZ_CH902603.1_243 
NZ_AAOJ01000021.1_34 
NZ_CH902599.1_1190 
NZ_CH902599.1_1555 
NZ_CH902599.1_302 
NZ_CH902599.1_464 
NZ_CH902599.1_497 
NZ_CH902599.1_707 
NZ_CH902600.1_152 
NZ_CH902600.1_225 
NZ_CH902604.1_101 
NZ_CH902604.1_92 
NZ_AAOJ01000021.1_33 
NZ_CH902599.1_1198 
NZ_CH902599.1_1514 
NZ_CH902599.1_171 
NZ_CH902599.1_216 
NZ_CH902599.1_440 
NZ_CH902599.1_499 
NZ_CH902599.1_69 
NZ_CH902599.1_703 
NZ_CH902599.1_736 
NZ_CH902601.1_300 
NZ_CH902602.1_252 
NZ_CH902602.1_44 
NZ_AAOJ01000021.1_19 
NZ_CH902599.1_1030 
NZ_CH902599.1_399 
NZ_CH902599.1_593 
NZ_CH902599.1_610 
NZ_CH902600.1_776 
NZ_CH902600.1_986 
NZ_CH902603.1_107 
NZ_CH902600.1_335 
NZ_CH902600.1_701 
NZ_CH902601.1_98 
NZ_CH902602.1_186 
NZ_CH902602.1_327 
NZ_CH902602.1_99 
NZ_CH902599.1_743 
NZ_CH902600.1_1288 
NZ_CH902601.1_374 
NZ_CH902603.1_209 
NZ_CH902599.1_304 
NZ_CH902600.1_1115 
NZ_CH902600.1_708 
NZ_CH902603.1_144 
NZ_CH902603.1_275 
NZ_CH902604.1_54 
NZ_CH902604.1_84 
NZ_CH902599.1_1015 
NZ_CH902599.1_1254 
NZ_CH902599.1_426 
NZ_CH902600.1_31 
NZ_CH902600.1_584 
NZ_CH902601.1_297 
NZ_CH902603.1_185 
NZ_CH902603.1_293 
NZ_CH902603.1_336 
NZ_CH902604.1_24 
NZ_CH902599.1_1374 
NZ_CH902599.1_517 
NZ_CH902599.1_657 
NZ_CH902600.1_1313 
NZ_CH902600.1_182 
NZ_CH902600.1_458 
NZ_CH902602.1_229 
NZ_AAOJ01000020.1_34 
NZ_CH902599.1_1544 
NZ_CH902599.1_221 
NZ_CH902599.1_44 
NZ_CH902599.1_780 
NZ_CH902600.1_1477 
NZ_CH902600.1_199 
NZ_CH902600.1_305 
NZ_CH902600.1_669 
NZ_CH902600.1_861 
NZ_CH902602.1_267 
NZ_CH902603.1_238 
NZ_CH902599.1_1375 
NZ_CH902600.1_1208 
NZ_CH902600.1_1316 
NZ_CH902602.1_114 
NZ_CH902602.1_39 
NZ_AAOJ01000020.1_23 
NZ_CH902599.1_1040 
NZ_CH902599.1_1560 
NZ_CH902599.1_391 
NZ_CH902599.1_427 
NZ_CH902599.1_727 
NZ_CH902599.1_925 
NZ_CH902599.1_997 
NZ_CH902600.1_428 
NZ_CH902600.1_662 
NZ_CH902600.1_816 
NZ_AAOJ01000020.1_38 
NZ_CH902599.1_732 
NZ_CH902599.1_748 
NZ_CH902599.1_821 
NZ_CH902600.1_1060 
NZ_CH902601.1_404 
NZ_CH902602.1_278 
NZ_CH902602.1_364 
NZ_CH902603.1_222 
NZ_CH902603.1_269 
NZ_AAOJ01000020.1_5 
NZ_CH902599.1_1070 
NZ_CH902599.1_1145 
NZ_CH902600.1_1061 
NZ_CH902600.1_200 
NZ_CH902600.1_398 
NZ_CH902600.1_419 
NZ_CH902600.1_657 
NZ_CH902600.1_944 
NZ_CH902601.1_30 
NZ_CH902601.1_60 
NZ_CH902599.1_1475 
NZ_CH902599.1_937 
NZ_CH902600.1_1342 
NZ_CH902600.1_622 
NZ_CH902600.1_773 
NZ_CH902601.1_284 
NZ_CH902603.1_65 
NZ_CH902604.1_19 
NZ_CH902599.1_1271 
NZ_CH902599.1_993 
NZ_CH902600.1_178 
NZ_CH902600.1_56 
NZ_AAOJ01000043.1_3 
NZ_CH902599.1_131 
NZ_CH902599.1_843 
NZ_CH902599.1_889 
NZ_CH902599.1_89 
NZ_CH902599.1_930 
NZ_CH902600.1_74 
NZ_CH902603.1_98 
NZ_CH902599.1_139 
NZ_CH902600.1_294 
NZ_CH902600.1_889 
NZ_CH902601.1_103 
NZ_CH902602.1_328 
NZ_CH902604.1_28 
NZ_AAOJ01000023.1_28 
NZ_CH902599.1_1192 
NZ_CH902599.1_627 
NZ_CH902599.1_785 
NZ_CH902600.1_661 
NZ_CH902604.1_17 
NZ_CH902600.1_11 
NZ_CH902600.1_947 
NZ_CH902601.1_282 
NZ_CH902604.1_41 
NZ_AAOJ01000023.1_23 
NZ_CH902600.1_1010 
NZ_CH902600.1_121 
NZ_CH902600.1_433 
NZ_CH902600.1_799 
NZ_CH902599.1_1263 
NZ_CH902599.1_1364 
NZ_CH902600.1_410 
NZ_CH902600.1_814 
NZ_CH902603.1_10 
NZ_AAOJ01000020.1_8 
NZ_CH902599.1_1345 
NZ_CH902599.1_347 
NZ_CH902599.1_484 
NZ_CH902600.1_148 
NZ_CH902600.1_670 
NZ_CH902600.1_837 
NZ_CH902600.1_924 
NZ_CH902600.1_984 
NZ_CH902599.1_1367 
NZ_CH902599.1_1479 
NZ_CH902599.1_155 
NZ_CH902599.1_648 
NZ_CH902599.1_687 
NZ_CH902599.1_829 
NZ_CH902600.1_1441 
NZ_CH902602.1_150 
NZ_CH902602.1_311 
NZ_CH902603.1_19 
NZ_CH902603.1_242 
NZ_CH902599.1_1259 
NZ_CH902599.1_1312 
NZ_CH902603.1_301 
NZ_CH902603.1_12 
NZ_CH902599.1_1278 
NZ_CH902599.1_1403 
NZ_CH902600.1_147 
NZ_CH902600.1_749 
NZ_CH902600.1_827 
NZ_CH902601.1_117 
NZ_CH902601.1_181 
NZ_CH902602.1_356 
NZ_CH902603.1_126 
NZ_CH902603.1_34 
NZ_CH902599.1_71 
NZ_CH902599.1_73 
NZ_CH902599.1_881 
NZ_CH902600.1_1173 
NZ_CH902600.1_190 
NZ_CH902600.1_232 
NZ_CH902600.1_309 
NZ_CH902604.1_102 
NZ_AAOJ01000020.1_40 
NZ_CH902599.1_1232 
NZ_CH902600.1_823 
NZ_CH902603.1_276 
NZ_CH902599.1_1097 
NZ_CH902599.1_282 
NZ_CH902601.1_266 
NZ_CH902602.1_266 
NZ_CH902600.1_196 
NZ_CH902600.1_378 
NZ_CH902600.1_857 
NZ_CH902601.1_91 
NZ_CH902604.1_50 
NZ_CH902599.1_45 
NZ_CH902599.1_706 
NZ_CH902600.1_1480 
NZ_CH902600.1_724 
NZ_CH902602.1_40 
NZ_CH902599.1_434 
NZ_CH902600.1_448 
NZ_CH902600.1_789 
NZ_CH902600.1_792 
NZ_CH902601.1_138 
NZ_CH902602.1_247 
NZ_CH902602.1_355 
NZ_CH902599.1_1129 
NZ_CH902599.1_1474 
NZ_CH902599.1_24 
NZ_CH902599.1_400 
NZ_CH902599.1_714 
NZ_CH902599.1_933 
NZ_CH902600.1_141 
NZ_CH902600.1_193 
NZ_CH902600.1_314 
NZ_CH902599.1_964 
NZ_CH902600.1_1355 
NZ_CH902600.1_821 
NZ_CH902603.1_24 
NZ_AAOJ01000041.1_1 
NZ_CH902599.1_1071 
NZ_CH902599.1_626 
NZ_CH902600.1_1220 
NZ_CH902600.1_71 
NZ_CH902602.1_30 
NZ_CH902603.1_221 
NZ_CH902599.1_1072 
NZ_CH902599.1_1142 
NZ_CH902599.1_1406 
NZ_AAOJ01000023.1_26 
NZ_CH902600.1_425 
NZ_AAOJ01000026.1_6 
NZ_CH902599.1_1418 
NZ_CH902600.1_894 
NZ_CH902603.1_97 
NZ_AAOJ01000044.1_1 
NZ_CH902599.1_1066 
NZ_CH902599.1_463 
NZ_CH902599.1_915 
NZ_CH902600.1_540 
NZ_CH902599.1_1202 
NZ_CH902599.1_1320 
NZ_CH902600.1_1207 
NZ_CH902600.1_138 
NZ_CH902600.1_942 
NZ_CH902601.1_228 
NZ_CH902599.1_1146 
NZ_CH902599.1_1197 
NZ_CH902599.1_140 
NZ_CH902599.1_1566 
NZ_CH902599.1_22 
NZ_CH902600.1_802 
NZ_CH902599.1_1512 
NZ_CH902599.1_207 
NZ_CH902599.1_281 
NZ_CH902600.1_504 
NZ_CH902600.1_754 
NZ_AAOJ01000020.1_39 
NZ_CH902600.1_787 
NZ_CH902602.1_6 
NZ_CH902599.1_1031 
NZ_CH902599.1_1061 
NZ_CH902599.1_1152 
NZ_CH902600.1_1438 
NZ_CH902600.1_333 
NZ_CH902601.1_1 
NZ_CH902601.1_102 
NZ_CH902603.1_114 
NZ_CH902599.1_165 
NZ_CH902599.1_169 
NZ_CH902601.1_420 
NZ_CH902603.1_236 
NZ_AAOJ01000023.1_25 
NZ_CH902600.1_755 
NZ_CH902599.1_1543 
NZ_CH902599.1_345 
NZ_CH902600.1_275 
NZ_CH902599.1_1569 
NZ_CH902600.1_635 
NZ_CH902600.1_880 
NZ_CH902599.1_1067 
NZ_CH902601.1_222 
NZ_CH902604.1_110 
NZ_CH902599.1_67 
NZ_CH902599.1_932 
NZ_CH902600.1_383 
NZ_CH902599.1_160 
NZ_CH902602.1_27 
NZ_CH902599.1_700 
NZ_CH902600.1_1382 
NZ_CH902600.1_144 
NZ_CH902600.1_740 
NZ_CH902601.1_340 
NZ_CH902603.1_305 
NZ_CH902599.1_1298 
NZ_CH902599.1_508 
NZ_CH902599.1_671 
NZ_CH902600.1_1140 
NZ_CH902600.1_1279 
NZ_CH902600.1_882 
NZ_CH902600.1_369 
NZ_AAOJ01000045.1_1 
NZ_CH902600.1_1009 
NZ_CH902599.1_104 
NZ_CH902599.1_271 
NZ_CH902599.1_596 
NZ_CH902599.1_1538 
NZ_CH902599.1_661 
NZ_CH902603.1_173 
NZ_CH902603.1_321 
NZ_CH902599.1_6 
NZ_CH902600.1_600 
NZ_CH902601.1_84 
NZ_AAOJ01000042.1_1 
