NZ_CH724148.1_706 NZ_CH724148.1_1654 NZ_CH724148.1_2357 NZ_CH724148.1_2310 NZ_CH724148.1_81 NZ_CH724148.1_777 NZ_CH724148.1_990 NZ_CH724148.1_2187 NZ_CH724148.1_692 NZ_CH724148.1_2130 NZ_CH724148.1_166 NZ_CH724148.1_1898 NZ_CH724148.1_1735 
NZ_CH724148.1_2218 NZ_CH724148.1_1108 NZ_CH724148.1_1832 NZ_CH724148.1_1830 NZ_CH724148.1_605 NZ_CH724148.1_1726 NZ_CH724148.1_2122 
NZ_CH724148.1_1650 NZ_CH724148.1_1651 NZ_CH724148.1_1394 NZ_CH724148.1_598 NZ_CH724148.1_594 NZ_CH724148.1_596 
NZ_CH724148.1_535 NZ_CH724148.1_1632 NZ_CH724148.1_580 NZ_CH724148.1_2140 NZ_CH724148.1_1529 NZ_CH724148.1_77 
NZ_CH724148.1_1298 NZ_CH724148.1_967 NZ_CH724148.1_1455 NZ_CH724148.1_1862 NZ_CH724148.1_1214 
NZ_CH724148.1_1582 NZ_CH724148.1_1332 NZ_CH724148.1_1951 NZ_CH724148.1_1804 NZ_CH724148.1_2275 
NZ_CH724148.1_396 NZ_CH724148.1_2206 NZ_CH724148.1_483 NZ_CH724148.1_394 NZ_CH724148.1_1176 
NZ_AAOG01000007.1_3 NZ_AAOG01000007.1_1 NZ_CH724148.1_127 NZ_CH724148.1_1180 
NZ_CH724148.1_545 NZ_CH724148.1_548 NZ_CH724148.1_547 NZ_CH724148.1_546 
NZ_CH724148.1_404 NZ_CH724148.1_975 NZ_CH724148.1_38 NZ_CH724148.1_2216 
NZ_CH724148.1_1628 NZ_CH724148.1_2362 NZ_CH724148.1_306 NZ_CH724148.1_1746 
NZ_CH724148.1_669 NZ_CH724148.1_549 NZ_CH724148.1_1867 NZ_CH724148.1_743 
NZ_CH724148.1_1047 NZ_CH724148.1_668 NZ_CH724148.1_1866 NZ_CH724148.1_742 
NZ_CH724148.1_1530 NZ_CH724148.1_1139 NZ_CH724148.1_870 NZ_CH724148.1_2074 
NZ_CH724148.1_670 NZ_CH724148.1_1045 NZ_CH724148.1_2344 
NZ_CH724148.1_1338 NZ_CH724148.1_1335 NZ_CH724148.1_536 
NZ_CH724148.1_2084 NZ_CH724148.1_1351 NZ_CH724148.1_1859 
NZ_CH724148.1_437 NZ_CH724148.1_414 NZ_CH724148.1_1303 
NZ_CH724148.1_1159 NZ_CH724148.1_1457 NZ_CH724148.1_2195 
NZ_CH724148.1_2146 NZ_CH724148.1_2142 NZ_CH724148.1_2144 
NZ_CH724148.1_1947 NZ_CH724148.1_1709 NZ_CH724148.1_382 
NZ_CH724148.1_328 NZ_CH724148.1_1485 NZ_CH724148.1_738 
NZ_CH724148.1_672 NZ_CH724148.1_673 NZ_CH724148.1_2205 
NZ_CH724148.1_1753 NZ_CH724148.1_973 NZ_CH724148.1_1647 
NZ_CH724148.1_2153 NZ_CH724148.1_766 NZ_CH724148.1_1327 
NZ_CH724148.1_2103 NZ_CH724148.1_1539 NZ_CH724148.1_1847 
NZ_CH724148.1_2381 NZ_CH724148.1_980 NZ_CH724148.1_1476 
NZ_CH724148.1_1860 NZ_CH724148.1_2031 NZ_CH724148.1_484 
NZ_CH724148.1_2093 NZ_CH724148.1_2071 NZ_CH724148.1_526 
NZ_CH724148.1_395 NZ_CH724148.1_1039 
NZ_CH724148.1_183 NZ_CH724148.1_522 
NZ_CH724148.1_920 NZ_CH724148.1_2170 
NZ_CH724148.1_124 NZ_CH724148.1_217 
NZ_CH724148.1_1020 NZ_CH724148.1_726 
NZ_CH724148.1_1601 NZ_CH724148.1_474 
NZ_CH724148.1_1412 NZ_CH724148.1_245 
NZ_CH724148.1_1447 NZ_CH724148.1_2204 
NZ_CH724148.1_1381 NZ_CH724148.1_576 
NZ_CH724148.1_1994 NZ_CH724148.1_1993 
NZ_CH724148.1_2316 NZ_CH724148.1_560 
NZ_CH724148.1_2183 NZ_CH724148.1_2403 
NZ_CH724148.1_456 NZ_CH724148.1_1359 
NZ_CH724148.1_186 NZ_CH724148.1_1787 
NZ_CH724148.1_969 NZ_CH724148.1_543 
NZ_CH724148.1_1778 NZ_CH724148.1_606 
NZ_CH724148.1_1453 NZ_CH724148.1_1452 
NZ_CH724148.1_678 NZ_CH724148.1_372 
NZ_CH724148.1_1289 NZ_CH724148.1_1875 
NZ_AAOG01000007.1_2 NZ_AAOG01000007.1_4 
NZ_CH724148.1_240 NZ_CH724148.1_900 
NZ_CH724148.1_1288 NZ_CH724148.1_1876 
NZ_CH724148.1_7 NZ_CH724148.1_66 
NZ_CH724148.1_357 NZ_CH724148.1_1700 
NZ_CH724148.1_182 NZ_CH724148.1_360 
NZ_CH724148.1_425 NZ_CH724148.1_1765 
NZ_CH724148.1_1179 NZ_CH724148.1_2340 
NZ_CH724148.1_2077 NZ_CH724148.1_663 
NZ_CH724148.1_2260 NZ_CH724148.1_1643 
NZ_CH724148.1_711 NZ_CH724148.1_588 
NZ_CH724148.1_2276 NZ_CH724148.1_1739 
NZ_CH724148.1_1946 NZ_CH724148.1_994 
NZ_CH724148.1_2128 NZ_CH724148.1_2129 
NZ_CH724148.1_1161 NZ_CH724148.1_718 
NZ_CH724148.1_2151 NZ_CH724148.1_2174 
NZ_CH724148.1_1299 NZ_CH724148.1_1496 
NZ_CH724148.1_2226 NZ_CH724148.1_1999 
NZ_CH724148.1_496 NZ_CH724148.1_1646 
NZ_CH724148.1_725 NZ_CH724148.1_1021 
NZ_CH724148.1_1042 NZ_CH724148.1_2001 
NZ_CH724148.1_2288 NZ_CH724148.1_1198 
NZ_CH724148.1_828 NZ_CH724148.1_2100 
NZ_CH724148.1_490 NZ_CH724148.1_150 
NZ_CH724148.1_1828 NZ_CH724148.1_1676 
NZ_CH724148.1_385 NZ_CH724148.1_913 
NZ_CH724148.1_891 NZ_CH724148.1_210 
NZ_CH724148.1_508 NZ_CH724148.1_1505 
NZ_CH724148.1_1312 NZ_CH724148.1_1311 
NZ_CH724148.1_1393 NZ_CH724148.1_887 
NZ_CH724148.1_551 NZ_CH724148.1_2397 
NZ_CH724148.1_1768 NZ_CH724148.1_758 
NZ_CH724148.1_1719 NZ_CH724148.1_1112 
NZ_CH724148.1_1070 NZ_CH724148.1_423 
NZ_CH724148.1_252 NZ_CH724148.1_2138 
NZ_CH724148.1_2391 NZ_CH724148.1_2390 
NZ_CH724148.1_1636 NZ_CH724148.1_796 
NZ_CH724148.1_788 NZ_CH724148.1_1153 
NZ_CH724148.1_1979 NZ_CH724148.1_1510 
NZ_CH724148.1_1537 NZ_CH724148.1_2104 
NZ_CH724148.1_1653 NZ_CH724148.1_1686 
NZ_CH724148.1_449 NZ_CH724148.1_450 
NZ_CH724148.1_1005 NZ_CH724148.1_1218 
NZ_CH724148.1_2038 NZ_CH724148.1_988 
NZ_CH724148.1_2165 NZ_CH724148.1_1880 
NZ_CH724148.1_2299 NZ_CH724148.1_1895 
NZ_CH724148.1_790 NZ_CH724148.1_641 
NZ_CH724148.1_130 NZ_CH724148.1_1509 
NZ_CH724148.1_2312 NZ_CH724148.1_1128 
NZ_CH724148.1_698 NZ_CH724148.1_697 
NZ_CH724148.1_1442 NZ_CH724148.1_1838 
NZ_CH724148.1_562 NZ_CH724148.1_565 
NZ_CH724148.1_1892 NZ_CH724148.1_2253 
NZ_CH724148.1_1249 NZ_CH724148.1_647 
NZ_CH724148.1_1592 NZ_CH724148.1_1586 
NZ_CH724148.1_539 NZ_CH724148.1_1281 
NZ_CH724148.1_608 NZ_CH724148.1_1152 
NZ_CH724148.1_1099 NZ_CH724148.1_1098 
NZ_CH724148.1_255 NZ_CH724148.1_986 
NZ_CH724148.1_1142 NZ_CH724148.1_1535 
NZ_CH724148.1_1577 NZ_CH724148.1_2284 
NZ_CH724148.1_1422 NZ_CH724148.1_854 
NZ_CH724148.1_2258 NZ_CH724148.1_1129 
NZ_CH724148.1_2293 NZ_CH724148.1_614 
NZ_CH724148.1_1278 NZ_CH724148.1_1525 
NZ_CH724148.1_1145 NZ_CH724148.1_1522 
NZ_CH724148.1_1382 NZ_CH724148.1_577 
NZ_CH724148.1_1748 NZ_CH724148.1_1717 
NZ_CH724148.1_1938 NZ_CH724148.1_2193 
NZ_CH724148.1_832 NZ_CH724148.1_582 
NZ_CH724148.1_1887 NZ_CH724148.1_1893 
NZ_CH724148.1_1521 NZ_CH724148.1_1564 
NZ_CH724148.1_1850 NZ_CH724148.1_2168 
NZ_CH724148.1_1894 NZ_CH724148.1_1888 
NZ_CH724148.1_1138 NZ_CH724148.1_2049 
NZ_CH724148.1_1845 NZ_CH724148.1_1846 
NZ_CH724148.1_702 NZ_CH724148.1_381 
NZ_CH724148.1_1170 NZ_CH724148.1_1174 
NZ_CH724148.1_2067 NZ_CH724148.1_2009 
NZ_CH724148.1_2267 NZ_CH724148.1_2268 
NZ_CH724148.1_444 NZ_CH724148.1_454 
NZ_CH724148.1_592 NZ_CH724148.1_600 
NZ_CH724148.1_1155 NZ_CH724148.1_1558 
NZ_CH724148.1_1284 NZ_CH724148.1_1283 
NZ_CH724148.1_2086 NZ_CH724148.1_2094 
NZ_CH724148.1_613 NZ_CH724148.1_1147 
NZ_CH724148.1_1831 NZ_CH724148.1_2244 
NZ_CH724148.1_1208 
NZ_CH724148.1_126 
NZ_CH724148.1_632 
NZ_CH724148.1_568 
NZ_CH724148.1_1210 
NZ_CH724148.1_1507 
NZ_CH724148.1_68 
NZ_CH724148.1_1658 
NZ_CH724148.1_1467 
NZ_CH724148.1_1466 
NZ_CH724148.1_476 
NZ_CH724148.1_1762 
NZ_CH724148.1_2356 
NZ_CH724148.1_1475 
NZ_CH724148.1_1177 
NZ_CH724148.1_860 
NZ_CH724148.1_2338 
NZ_CH724148.1_227 
NZ_CH724148.1_2117 
NZ_CH724148.1_804 
NZ_CH724148.1_753 
NZ_CH724148.1_794 
NZ_CH724148.1_985 
NZ_CH724148.1_2298 
NZ_CH724148.1_2164 
NZ_CH724148.1_2329 
NZ_CH724148.1_375 
NZ_CH724148.1_2120 
NZ_CH724148.1_172 
NZ_CH724148.1_1659 
NZ_CH724148.1_993 
NZ_CH724148.1_1272 
NZ_CH724148.1_1034 
NZ_CH724148.1_2157 
NZ_CH724148.1_2332 
NZ_CH724148.1_1060 
NZ_CH724148.1_167 
NZ_CH724148.1_190 
NZ_CH724148.1_1814 
NZ_CH724148.1_1030 
NZ_CH724148.1_1160 
NZ_CH724148.1_1423 
NZ_CH724148.1_1963 
NZ_CH724148.1_2167 
NZ_CH724148.1_2333 
NZ_CH724148.1_2383 
NZ_CH724148.1_773 
NZ_CH724148.1_1470 
NZ_CH724148.1_1343 
NZ_CH724148.1_212 
NZ_CH724148.1_604 
NZ_CH724148.1_1822 
NZ_CH724148.1_1057 
NZ_CH724148.1_1445 
NZ_CH724148.1_2345 
NZ_CH724148.1_1801 
NZ_CH724148.1_1652 
NZ_CH724148.1_1788 
NZ_CH724148.1_926 
NZ_CH724148.1_814 
NZ_CH724148.1_845 
NZ_CH724148.1_537 
NZ_CH724148.1_1594 
NZ_CH724148.1_1589 
NZ_CH724148.1_593 
NZ_CH724148.1_2048 
NZ_CH724148.1_1023 
NZ_CH724148.1_1718 
NZ_CH724148.1_2052 
NZ_CH724148.1_1121 
NZ_CH724148.1_676 
NZ_CH724148.1_64 
NZ_CH724148.1_1595 
NZ_CH724148.1_1868 
NZ_CH724148.1_1949 
NZ_CH724148.1_366 
NZ_CH724148.1_765 
NZ_CH724148.1_412 
NZ_CH724148.1_1492 
NZ_CH724148.1_340 
NZ_CH724148.1_1493 
NZ_CH724148.1_1095 
NZ_CH724148.1_744 
NZ_CH724148.1_2111 
NZ_CH724148.1_1608 
NZ_CH724148.1_1696 
NZ_CH724148.1_962 
NZ_CH724148.1_398 
NZ_CH724148.1_626 
NZ_CH724148.1_2290 
NZ_CH724148.1_1431 
NZ_CH724148.1_1444 
NZ_CH724148.1_2008 
NZ_CH724148.1_2200 
NZ_CH724148.1_1986 
NZ_CH724148.1_2178 
NZ_CH724148.1_1915 
NZ_CH724148.1_1611 
NZ_CH724148.1_2287 
NZ_CH724148.1_1891 
NZ_CH724148.1_2224 
NZ_CH724148.1_1234 
NZ_CH724148.1_2015 
NZ_CH724148.1_1199 
NZ_CH724148.1_1300 
NZ_CH724148.1_1878 
NZ_CH724148.1_533 
NZ_CH724148.1_2252 
NZ_CH724148.1_1674 
NZ_CH724148.1_208 
NZ_CH724148.1_33 
NZ_CH724148.1_1012 
NZ_CH724148.1_2375 
NZ_CH724148.1_1071 
NZ_CH724148.1_1782 
NZ_CH724148.1_265 
NZ_CH724148.1_960 
NZ_CH724148.1_1795 
NZ_CH724148.1_1596 
NZ_CH724148.1_948 
NZ_CH724148.1_630 
NZ_CH724148.1_1078 
NZ_CH724148.1_143 
NZ_CH724148.1_1802 
NZ_CH724148.1_203 
NZ_CH724148.1_811 
NZ_CH724148.1_495 
NZ_CH724148.1_987 
NZ_CH724148.1_691 
NZ_CH724148.1_253 
NZ_CH724148.1_1975 
NZ_CH724148.1_32 
NZ_CH724148.1_1808 
NZ_CH724148.1_748 
NZ_CH724148.1_1961 
NZ_CH724148.1_810 
NZ_CH724148.1_838 
NZ_CH724148.1_1194 
NZ_CH724148.1_1783 
NZ_CH724148.1_703 
NZ_CH724148.1_447 
NZ_CH724148.1_49 
NZ_CH724148.1_1304 
NZ_CH724148.1_260 
NZ_CH724148.1_314 
NZ_CH724148.1_120 
NZ_CH724148.1_1948 
NZ_CH724148.1_792 
NZ_CH724148.1_388 
NZ_CH724148.1_1764 
NZ_CH724148.1_705 
NZ_CH724148.1_1273 
NZ_CH724148.1_1497 
NZ_CH724148.1_2163 
NZ_CH724148.1_164 
NZ_CH724148.1_574 
NZ_CH724148.1_818 
NZ_CH724148.1_842 
NZ_CH724148.1_1817 
NZ_CH724148.1_1314 
NZ_CH724148.1_2139 
NZ_CH724148.1_41 
NZ_CH724148.1_1626 
NZ_CH724148.1_278 
NZ_CH724148.1_355 
NZ_CH724148.1_566 
NZ_CH724148.1_500 
NZ_CH724148.1_2 
NZ_CH724148.1_325 
NZ_CH724148.1_602 
NZ_CH724148.1_1374 
NZ_CH724148.1_1741 
NZ_CH724148.1_364 
NZ_CH724148.1_1881 
NZ_CH724148.1_480 
NZ_CH724148.1_436 
NZ_CH724148.1_873 
NZ_CH724148.1_815 
NZ_CH724148.1_1609 
NZ_CH724148.1_1207 
NZ_CH724148.1_256 
NZ_CH724148.1_1731 
NZ_CH724148.1_677 
NZ_CH724148.1_309 
NZ_CH724148.1_269 
NZ_CH724148.1_1587 
NZ_CH724148.1_1200 
NZ_CH724148.1_1254 
NZ_CH724148.1_1391 
NZ_CH724148.1_2363 
NZ_CH724148.1_1690 
NZ_CH724148.1_510 
NZ_CH724148.1_1085 
NZ_CH724148.1_1345 
NZ_CH724148.1_1550 
NZ_CH724148.1_755 
NZ_CH724148.1_1792 
NZ_CH724148.1_2386 
NZ_CH724148.1_2106 
NZ_CH724148.1_563 
NZ_CH724148.1_652 
NZ_CH724148.1_70 
NZ_CH724148.1_2314 
NZ_CH724148.1_2081 
NZ_CH724148.1_941 
NZ_CH724148.1_161 
NZ_CH724148.1_1760 
NZ_CH724148.1_2413 
NZ_CH724148.1_609 
NZ_CH724148.1_1864 
NZ_CH724148.1_770 
NZ_CH724148.1_2238 
NZ_CH724148.1_400 
NZ_CH724148.1_2326 
NZ_CH724148.1_505 
NZ_CH724148.1_1701 
NZ_CH724148.1_1002 
NZ_CH724148.1_809 
NZ_CH724148.1_521 
NZ_CH724148.1_1066 
NZ_CH724148.1_620 
NZ_CH724148.1_2331 
NZ_CH724148.1_2099 
NZ_CH724148.1_829 
NZ_CH724148.1_529 
NZ_CH724148.1_615 
NZ_CH724148.1_168 
NZ_CH724148.1_557 
NZ_CH724148.1_1680 
NZ_CH724148.1_371 
NZ_CH724148.1_1384 
NZ_CH724148.1_1118 
NZ_CH724148.1_1111 
NZ_CH724148.1_1049 
NZ_CH724148.1_1068 
NZ_CH724148.1_2313 
NZ_CH724148.1_1629 
NZ_CH724148.1_313 
NZ_CH724148.1_1436 
NZ_CH724148.1_940 
NZ_CH724148.1_199 
NZ_CH724148.1_2199 
NZ_CH724148.1_935 
NZ_CH724148.1_1603 
NZ_CH724148.1_970 
NZ_CH724148.1_532 
NZ_CH724148.1_1896 
NZ_CH724148.1_1261 
NZ_CH724148.1_1048 
NZ_CH724148.1_189 
NZ_CH724148.1_653 
NZ_CH724148.1_852 
NZ_CH724148.1_2114 
NZ_CH724148.1_1405 
NZ_CH724148.1_1568 
NZ_CH724148.1_1380 
NZ_CH724148.1_1634 
NZ_CH724148.1_1668 
NZ_CH724148.1_2349 
NZ_CH724148.1_1644 
NZ_CH724148.1_266 
NZ_CH724148.1_890 
NZ_CH724148.1_83 
NZ_CH724148.1_2400 
NZ_CH724148.1_419 
NZ_CH724148.1_48 
NZ_CH724148.1_1913 
NZ_CH724148.1_473 
NZ_CH724148.1_1270 
NZ_CH724148.1_2246 
NZ_CH724148.1_232 
NZ_CH724148.1_285 
NZ_CH724148.1_1181 
NZ_CH724148.1_422 
NZ_CH724148.1_170 
NZ_CH724148.1_2385 
NZ_CH724148.1_1044 
NZ_CH724148.1_1330 
NZ_CH724148.1_1053 
NZ_CH724148.1_1134 
NZ_CH724148.1_1697 
NZ_CH724148.1_1998 
NZ_CH724148.1_1871 
NZ_CH724148.1_683 
NZ_CH724148.1_420 
NZ_CH724148.1_1752 
NZ_CH724148.1_919 
NZ_CH724148.1_2196 
NZ_CH724148.1_1040 
NZ_CH724148.1_1064 
NZ_CH724148.1_1501 
NZ_CH724148.1_1127 
NZ_CH724148.1_1512 
NZ_CH724148.1_196 
NZ_CH724148.1_23 
NZ_CH724148.1_2343 
NZ_CH724148.1_1648 
NZ_CH724148.1_1931 
NZ_CH724148.1_2136 
NZ_CH724148.1_2149 
NZ_CH724148.1_681 
NZ_CH724148.1_2324 
NZ_CH724148.1_1269 
NZ_CH724148.1_369 
NZ_CH724148.1_1917 
NZ_CH724148.1_1081 
NZ_CH724148.1_1805 
NZ_CH724148.1_408 
NZ_CH724148.1_836 
NZ_CH724148.1_1544 
NZ_CH724148.1_1925 
NZ_CH724148.1_752 
NZ_CH724148.1_1117 
NZ_CH724148.1_2060 
NZ_CH724148.1_2159 
NZ_CH724148.1_1816 
NZ_CH724148.1_610 
NZ_CH724148.1_75 
NZ_CH724148.1_996 
NZ_CH724148.1_2019 
NZ_CH724148.1_1239 
NZ_CH724148.1_142 
NZ_CH724148.1_2011 
NZ_CH724148.1_324 
NZ_CH724148.1_1502 
NZ_CH724148.1_2002 
NZ_CH724148.1_57 
NZ_CH724148.1_693 
NZ_CH724148.1_1434 
NZ_CH724148.1_234 
NZ_CH724148.1_374 
NZ_CH724148.1_30 
NZ_CH724148.1_2325 
NZ_CH724148.1_1088 
NZ_CH724148.1_1970 
NZ_CH724148.1_729 
NZ_CH724148.1_840 
NZ_CH724148.1_1051 
NZ_CH724148.1_2342 
NZ_CH724148.1_482 
NZ_CH724148.1_79 
NZ_CH724148.1_1367 
NZ_CH724148.1_2282 
NZ_CH724148.1_277 
NZ_CH724148.1_1061 
NZ_CH724148.1_1209 
NZ_CH724148.1_1441 
NZ_CH724148.1_1555 
NZ_CH724148.1_2221 
NZ_CH724148.1_1010 
NZ_CH724148.1_1692 
NZ_CH724148.1_1952 
NZ_CH724148.1_795 
NZ_CH724148.1_413 
NZ_CH724148.1_1019 
NZ_CH724148.1_128 
NZ_CH724148.1_1323 
NZ_CH724148.1_1724 
NZ_CH724148.1_1929 
NZ_CH724148.1_1988 
NZ_CH724148.1_2217 
NZ_CH724148.1_778 
NZ_CH724148.1_629 
NZ_CH724148.1_218 
NZ_CH724148.1_1983 
NZ_CH724148.1_1011 
NZ_CH724148.1_125 
NZ_CH724148.1_14 
NZ_CH724148.1_2393 
NZ_CH724148.1_585 
NZ_CH724148.1_1360 
NZ_CH724148.1_254 
NZ_CH724148.1_1291 
NZ_CH724148.1_1627 
NZ_CH724148.1_846 
NZ_CH724148.1_727 
NZ_CH724148.1_1349 
NZ_CH724148.1_1481 
NZ_CH724148.1_2336 
NZ_CH724148.1_862 
NZ_CH724148.1_229 
NZ_CH724148.1_1090 
NZ_CH724148.1_1202 
NZ_CH724148.1_1519 
NZ_CH724148.1_2004 
NZ_CH724148.1_2013 
NZ_CH724148.1_2116 
NZ_CH724148.1_2134 
NZ_CH724148.1_2292 
NZ_CH724148.1_1217 
NZ_CH724148.1_2319 
NZ_CH724148.1_1547 
NZ_CH724148.1_2145 
NZ_CH724148.1_671 
NZ_CH724148.1_2412 
NZ_CH724148.1_946 
NZ_CH724148.1_2398 
NZ_CH724148.1_275 
NZ_CH724148.1_363 
NZ_CH724148.1_2255 
NZ_CH724148.1_1478 
NZ_CH724148.1_2016 
NZ_CH724148.1_235 
NZ_CH724148.1_410 
NZ_CH724148.1_831 
NZ_CH724148.1_1666 
NZ_CH724148.1_184 
NZ_CH724148.1_2061 
NZ_CH724148.1_251 
NZ_CH724148.1_8 
NZ_CH724148.1_2115 
NZ_CH724148.1_2300 
NZ_CH724148.1_571 
NZ_CH724148.1_1274 
NZ_CH724148.1_1874 
NZ_CH724148.1_658 
NZ_CH724148.1_1716 
NZ_CH724148.1_1043 
NZ_CH724148.1_481 
NZ_CH724148.1_147 
NZ_CH724148.1_1645 
NZ_CH724148.1_2269 
NZ_CH724148.1_2339 
NZ_CH724148.1_272 
NZ_CH724148.1_995 
NZ_CH724148.1_1661 
NZ_CH724148.1_231 
NZ_CH724148.1_470 
NZ_CH724148.1_767 
NZ_CH724148.1_141 
NZ_CH724148.1_1684 
NZ_CH724148.1_789 
NZ_CH724148.1_2250 
NZ_CH724148.1_721 
NZ_CH724148.1_1402 
NZ_CH724148.1_1922 
NZ_CH724148.1_2124 
NZ_CH724148.1_619 
NZ_CH724148.1_889 
NZ_CH724148.1_219 
NZ_CH724148.1_928 
NZ_CH724148.1_318 
NZ_CH724148.1_1821 
NZ_CH724148.1_270 
NZ_CH724148.1_638 
NZ_CH724148.1_782 
NZ_CH724148.1_1365 
NZ_CH724148.1_1233 
NZ_CH724148.1_503 
NZ_CH724148.1_96 
NZ_CH724148.1_1036 
NZ_CH724148.1_1076 
NZ_CH724148.1_1588 
NZ_CH724148.1_61 
NZ_CH724148.1_775 
NZ_CH724148.1_776 
NZ_CH724148.1_819 
NZ_CH724148.1_1130 
NZ_CH724148.1_1290 
NZ_CH724148.1_1797 
NZ_CH724148.1_362 
NZ_CH724148.1_465 
NZ_CH724148.1_1277 
NZ_CH724148.1_1293 
NZ_CH724148.1_139 
NZ_CH724148.1_1410 
NZ_CH724148.1_1656 
NZ_CH724148.1_1059 
NZ_CH724148.1_300 
NZ_CH724148.1_1211 
NZ_CH724148.1_319 
NZ_CH724148.1_1976 
NZ_CH724148.1_666 
NZ_CH724148.1_1669 
NZ_CH724148.1_1813 
NZ_CH724148.1_2027 
NZ_CH724148.1_370 
NZ_CH724148.1_88 
NZ_CH724148.1_87 
NZ_CH724148.1_877 
NZ_CH724148.1_1037 
NZ_CH724148.1_1229 
NZ_CH724148.1_1944 
NZ_CH724148.1_1086 
NZ_CH724148.1_1600 
NZ_CH724148.1_76 
NZ_CH724148.1_787 
NZ_CH724148.1_1924 
NZ_CH724148.1_368 
NZ_CH724148.1_971 
NZ_CH724148.1_1443 
NZ_CH724148.1_163 
NZ_CH724148.1_1849 
NZ_CH724148.1_1923 
NZ_CH724148.1_2280 
NZ_CH724148.1_2337 
NZ_CH724148.1_621 
NZ_CH724148.1_771 
NZ_CH724148.1_131 
NZ_CH724148.1_1732 
NZ_CH724148.1_1806 
NZ_CH724148.1_426 
NZ_CH724148.1_731 
NZ_CH724148.1_918 
NZ_CH724148.1_1433 
NZ_CH724148.1_315 
NZ_CH724148.1_674 
NZ_CH724148.1_954 
NZ_CH724148.1_1052 
NZ_CH724148.1_1201 
NZ_CH724148.1_1715 
NZ_CH724148.1_469 
NZ_CH724148.1_1730 
NZ_CH724148.1_1818 
NZ_CH724148.1_1056 
NZ_CH724148.1_1260 
NZ_CH724148.1_1348 
NZ_CH724148.1_397 
NZ_CH724148.1_506 
NZ_CH724148.1_389 
NZ_CH724148.1_822 
NZ_CH724148.1_1494 
NZ_CH724148.1_1786 
NZ_CH724148.1_1920 
NZ_CH724148.1_440 
NZ_CH724148.1_1639 
NZ_CH724148.1_2012 
NZ_CH724148.1_356 
NZ_CH724148.1_1767 
NZ_CH724148.1_1329 
NZ_CH724148.1_1704 
NZ_CH724148.1_326 
NZ_CH724148.1_501 
NZ_CH724148.1_1189 
NZ_CH724148.1_1216 
NZ_CH724148.1_1703 
NZ_CH724148.1_1964 
NZ_CH724148.1_1820 
NZ_CH724148.1_244 
NZ_CH724148.1_1670 
NZ_CH724148.1_2156 
NZ_CH724148.1_276 
NZ_CH724148.1_628 
NZ_CH724148.1_1031 
NZ_CH724148.1_2147 
NZ_CH724148.1_783 
NZ_CH724148.1_1506 
NZ_CH724148.1_1711 
NZ_CH724148.1_1903 
NZ_CH724148.1_2192 
NZ_CH724148.1_1763 
NZ_CH724148.1_2158 
NZ_CH724148.1_2179 
NZ_CH724148.1_249 
NZ_CH724148.1_471 
NZ_CH724148.1_774 
NZ_CH724148.1_1252 
NZ_CH724148.1_1899 
NZ_CH724148.1_2160 
NZ_CH724148.1_2351 
NZ_CH724148.1_1221 
NZ_CH724148.1_1243 
NZ_CH724148.1_1247 
NZ_CH724148.1_1877 
NZ_CH724148.1_516 
NZ_CH724148.1_812 
NZ_CH724148.1_1242 
NZ_CH724148.1_153 
NZ_CH724148.1_1474 
NZ_CH724148.1_2054 
NZ_CH724148.1_999 
NZ_CH724148.1_1244 
NZ_CH724148.1_1738 
NZ_CH724148.1_1897 
NZ_CH724148.1_2188 
NZ_CH724148.1_1737 
NZ_CH724148.1_2161 
NZ_CH724148.1_1195 
NZ_CH724148.1_1250 
NZ_CH724148.1_825 
NZ_CH724148.1_1432 
NZ_CH724148.1_1851 
NZ_CH724148.1_2018 
NZ_CH724148.1_1321 
NZ_CH724148.1_1346 
NZ_CH724148.1_1459 
NZ_CH724148.1_1773 
NZ_CH724148.1_206 
NZ_CH724148.1_2369 
NZ_CH724148.1_274 
NZ_CH724148.1_932 
NZ_CH724148.1_175 
NZ_CH724148.1_50 
NZ_CH724148.1_979 
NZ_CH724148.1_2272 
NZ_CH724148.1_1041 
NZ_CH724148.1_1598 
NZ_CH724148.1_2379 
NZ_CH724148.1_2021 
NZ_CH724148.1_861 
NZ_CH724148.1_1046 
NZ_CH724148.1_2098 
NZ_CH724148.1_715 
NZ_CH724148.1_915 
NZ_CH724148.1_965 
NZ_CH724148.1_1837 
NZ_CH724148.1_2109 
NZ_CH724148.1_2306 
NZ_CH724148.1_411 
NZ_CH724148.1_785 
NZ_CH724148.1_992 
NZ_CH724148.1_2359 
NZ_CH724148.1_353 
NZ_CH724148.1_914 
NZ_CH724148.1_1148 
NZ_CH724148.1_1428 
NZ_CH724148.1_1089 
NZ_CH724148.1_894 
NZ_CH724148.1_209 
NZ_CH724148.1_349 
NZ_CH724148.1_853 
NZ_CH724148.1_1989 
NZ_CH724148.1_1245 
NZ_CH724148.1_492 
NZ_CH724148.1_931 
NZ_CH724148.1_376 
NZ_CH724148.1_911 
NZ_CH724148.1_1800 
NZ_CH724148.1_1914 
NZ_CH724148.1_1942 
NZ_CH724148.1_1856 
NZ_CH724148.1_2387 
NZ_CH724148.1_687 
NZ_CH724148.1_145 
NZ_CH724148.1_1486 
NZ_CH724148.1_1563 
NZ_CH724148.1_290 
NZ_CH724148.1_1237 
NZ_CH724148.1_1368 
NZ_CH724148.1_2101 
NZ_CH724148.1_827 
NZ_CH724148.1_1607 
NZ_CH724148.1_191 
NZ_CH724148.1_257 
NZ_CH724148.1_1235 
NZ_CH724148.1_1776 
NZ_CH724148.1_2175 
NZ_CH724148.1_1790 
NZ_CH724148.1_1908 
NZ_CH724148.1_833 
NZ_CH724148.1_89 
NZ_CH724148.1_2127 
NZ_CH724148.1_716 
NZ_CH724148.1_1165 
NZ_CH724148.1_1265 
NZ_CH724148.1_146 
NZ_CH724148.1_2017 
NZ_CH724148.1_982 
NZ_CH724148.1_1316 
NZ_CH724148.1_1842 
NZ_CH724148.1_273 
NZ_CH724148.1_1469 
NZ_CH724148.1_154 
NZ_CH724148.1_1772 
NZ_CH724148.1_205 
NZ_CH724148.1_63 
NZ_CH724148.1_2044 
NZ_CH724148.1_2358 
NZ_CH724148.1_1354 
NZ_CH724148.1_1777 
NZ_CH724148.1_1815 
NZ_CH724148.1_1599 
NZ_CH724148.1_680 
NZ_CH724148.1_1135 
NZ_CH724148.1_1580 
NZ_CH724148.1_2234 
NZ_CH724148.1_331 
NZ_CH724148.1_1193 
NZ_CH724148.1_1854 
NZ_CH724148.1_2191 
NZ_CH724148.1_52 
NZ_CH724148.1_2279 
NZ_CH724148.1_1248 
NZ_CH724148.1_1879 
NZ_CH724148.1_2014 
NZ_CH724148.1_216 
NZ_CH724148.1_704 
NZ_CH724148.1_1096 
NZ_CH724148.1_1769 
NZ_CH724148.1_1962 
NZ_CH724148.1_1971 
NZ_CH724148.1_983 
NZ_CH724148.1_1268 
NZ_CH724148.1_1424 
NZ_CH724148.1_1472 
NZ_CH724148.1_1770 
NZ_CH724148.1_19 
NZ_CH724148.1_834 
NZ_CH724148.1_1744 
NZ_CH724148.1_1793 
NZ_CH724148.1_2097 
NZ_CH724148.1_1215 
NZ_CH724148.1_1308 
NZ_CH724148.1_1581 
NZ_CH724148.1_2110 
NZ_CH724148.1_780 
NZ_CH724148.1_1487 
NZ_CH724148.1_1844 
NZ_CH724148.1_1943 
NZ_CH724148.1_295 
NZ_CH724148.1_478 
NZ_CH724148.1_1258 
NZ_CH724148.1_2311 
NZ_CH724148.1_236 
NZ_CH724148.1_448 
NZ_CH724148.1_713 
NZ_CH724148.1_741 
NZ_CH724148.1_844 
NZ_CH724148.1_243 
NZ_CH724148.1_784 
NZ_CH724148.1_1240 
NZ_CH724148.1_555 
NZ_CH724148.1_943 
NZ_CH724148.1_1388 
NZ_CH724148.1_1919 
NZ_CH724148.1_406 
NZ_CH724148.1_54 
NZ_CH724148.1_74 
NZ_CH724148.1_884 
NZ_CH724148.1_933 
NZ_CH724148.1_945 
NZ_CH724148.1_972 
NZ_CH724148.1_1004 
NZ_CH724148.1_242 
NZ_CH724148.1_579 
NZ_CH724148.1_1471 
NZ_CH724148.1_1593 
NZ_CH724148.1_2091 
NZ_CH724148.1_772 
NZ_CH724148.1_991 
NZ_CH724148.1_2032 
NZ_CH724148.1_2223 
NZ_CH724148.1_1082 
NZ_CH724148.1_1491 
NZ_CH724148.1_2025 
NZ_CH724148.1_2033 
NZ_CH724148.1_2229 
NZ_CH724148.1_2309 
NZ_CH724148.1_69 
NZ_CH724148.1_11 
NZ_CH724148.1_1333 
NZ_CH724148.1_2286 
NZ_CH724148.1_1067 
NZ_CH724148.1_864 
NZ_CH724148.1_1113 
NZ_CH724148.1_1125 
NZ_CH724148.1_722 
NZ_CH724148.1_895 
NZ_CH724148.1_976 
NZ_CH724148.1_1326 
NZ_CH724148.1_1858 
NZ_CH724148.1_578 
NZ_CH724148.1_622 
NZ_CH724148.1_1317 
NZ_CH724148.1_149 
NZ_CH724148.1_1714 
NZ_CH724148.1_2241 
NZ_CH724148.1_230 
NZ_CH724148.1_1065 
NZ_CH724148.1_187 
NZ_CH724148.1_518 
NZ_CH724148.1_573 
NZ_CH724148.1_736 
NZ_CH724148.1_1906 
NZ_CH724148.1_554 
NZ_CH724148.1_1000 
NZ_CH724148.1_1169 
NZ_CH724148.1_1757 
NZ_CH724148.1_1965 
NZ_CH724148.1_1449 
NZ_CH724148.1_1755 
NZ_CH724148.1_1775 
NZ_CH724148.1_665 
NZ_CH724148.1_733 
NZ_CH724148.1_892 
NZ_CH724148.1_1212 
NZ_CH724148.1_823 
NZ_CH724148.1_91 
NZ_CH724148.1_1172 
NZ_CH724148.1_1241 
NZ_CH724148.1_1339 
NZ_CH724148.1_1660 
NZ_CH724148.1_180 
NZ_CH724148.1_192 
NZ_CH724148.1_2053 
NZ_CH724148.1_944 
NZ_CH724148.1_1610 
NZ_CH724148.1_955 
NZ_CH724148.1_1168 
NZ_CH724148.1_1927 
NZ_CH724148.1_288 
NZ_CH724148.1_644 
NZ_CH724148.1_923 
NZ_CH724148.1_1024 
NZ_CH724148.1_1527 
NZ_CH724148.1_1625 
NZ_CH724148.1_1784 
NZ_CH724148.1_2273 
NZ_CH724148.1_241 
NZ_CH724148.1_262 
NZ_CH724148.1_1386 
NZ_CH724148.1_2022 
NZ_CH724148.1_2190 
NZ_CH724148.1_679 
NZ_CH724148.1_657 
NZ_CH724148.1_1122 
NZ_CH724148.1_2184 
NZ_CH724148.1_221 
NZ_CH724148.1_301 
NZ_CH724148.1_956 
NZ_CH724148.1_1015 
NZ_CH724148.1_1331 
NZ_CH724148.1_1918 
NZ_CH724148.1_327 
NZ_CH724148.1_489 
NZ_CH724148.1_1708 
NZ_CH724148.1_2210 
NZ_CH724148.1_498 
NZ_CH724148.1_1630 
NZ_CH724148.1_1678 
NZ_CH724148.1_67 
NZ_CH724148.1_981 
NZ_CH724148.1_1236 
NZ_CH724148.1_1489 
NZ_CH724148.1_2371 
NZ_CH724148.1_399 
NZ_CH724148.1_856 
NZ_CH724148.1_1120 
NZ_CH724148.1_1192 
NZ_CH724148.1_2392 
NZ_CH724148.1_26 
NZ_CH724148.1_1154 
NZ_CH724148.1_1295 
NZ_CH724148.1_1928 
NZ_CH724148.1_1956 
NZ_CH724148.1_2370 
NZ_CH724148.1_62 
NZ_CH724148.1_1126 
NZ_CH724148.1_1425 
NZ_CH724148.1_2404 
NZ_CH724148.1_296 
NZ_CH724148.1_2245 
NZ_CH724148.1_2301 
NZ_CH724148.1_896 
NZ_CH724148.1_1747 
NZ_CH724148.1_1750 
NZ_CH724148.1_2066 
NZ_CH724148.1_2215 
NZ_CH724148.1_2277 
NZ_CH724148.1_53 
NZ_CH724148.1_1230 
NZ_CH724148.1_1791 
NZ_CH724148.1_2347 
NZ_CH724148.1_446 
NZ_CH724148.1_27 
NZ_CH724148.1_1038 
NZ_CH724148.1_1400 
NZ_CH724148.1_56 
NZ_CH724148.1_567 
NZ_CH724148.1_907 
NZ_CH724148.1_1705 
NZ_CH724148.1_188 
NZ_CH724148.1_1936 
NZ_CH724148.1_1980 
NZ_CH724148.1_250 
NZ_CH724148.1_330 
NZ_CH724148.1_403 
NZ_CH724148.1_511 
NZ_CH724148.1_751 
NZ_CH724148.1_1556 
NZ_CH724148.1_200 
NZ_CH724148.1_1781 
NZ_CH724148.1_380 
NZ_CH724148.1_2283 
NZ_CH724148.1_329 
NZ_CH724148.1_916 
NZ_CH724148.1_1397 
NZ_CH724148.1_1488 
NZ_CH724148.1_2075 
NZ_CH724148.1_86 
NZ_CH724148.1_893 
NZ_CH724148.1_1902 
NZ_CH724148.1_337 
NZ_CH724148.1_442 
NZ_CH724148.1_1835 
NZ_CH724148.1_989 
NZ_CH724148.1_1026 
NZ_CH724148.1_1091 
NZ_CH724148.1_1863 
NZ_CH724148.1_390 
NZ_CH724148.1_84 
NZ_CH724148.1_1334 
NZ_CH724148.1_2243 
NZ_CH724148.1_575 
NZ_CH724148.1_646 
NZ_CH724148.1_1027 
NZ_CH724148.1_1238 
NZ_CH724148.1_1369 
NZ_CH724148.1_1570 
NZ_CH724148.1_280 
NZ_CH724148.1_841 
NZ_CH724148.1_939 
NZ_CH724148.1_1297 
NZ_CH724148.1_1318 
NZ_CH724148.1_1520 
NZ_CH724148.1_1545 
NZ_CH724148.1_2350 
NZ_CH724148.1_2410 
NZ_CH724148.1_1358 
NZ_CH724148.1_1454 
NZ_CH724148.1_213 
NZ_CH724148.1_22 
NZ_CH724148.1_2211 
NZ_CH724148.1_905 
NZ_CH724148.1_1131 
NZ_CH724148.1_1328 
NZ_CH724148.1_1362 
NZ_CH724148.1_1439 
NZ_CH724148.1_226 
NZ_CH724148.1_504 
NZ_CH724148.1_1514 
NZ_CH724148.1_2354 
NZ_CH724148.1_2141 
NZ_CH724148.1_817 
NZ_CH724148.1_848 
NZ_CH724148.1_1097 
NZ_CH724148.1_1257 
NZ_CH724148.1_1429 
NZ_CH724148.1_1542 
NZ_CH724148.1_2020 
NZ_CH724148.1_2080 
NZ_CH724148.1_2261 
NZ_CH724148.1_25 
NZ_CH724148.1_1255 
NZ_CH724148.1_1681 
NZ_CH724148.1_1513 
NZ_CH724148.1_1637 
NZ_CH724148.1_1710 
NZ_CH724148.1_1958 
NZ_CH724148.1_552 
NZ_CH724148.1_798 
NZ_CH724148.1_984 
NZ_CH724148.1_1302 
NZ_CH724148.1_1532 
NZ_CH724148.1_682 
NZ_CH724148.1_901 
NZ_CH724148.1_904 
NZ_CH724148.1_2327 
NZ_CH724148.1_515 
NZ_CH724148.1_964 
NZ_CH724148.1_17 
NZ_CH724148.1_2353 
NZ_CH724148.1_2372 
NZ_CH724148.1_348 
NZ_CH724148.1_553 
NZ_CH724148.1_1615 
NZ_CH724148.1_1912 
NZ_CH724148.1_1945 
NZ_CH724148.1_1969 
NZ_CH724148.1_2304 
NZ_CH724148.1_6 
NZ_CH724148.1_1698 
NZ_CH724148.1_1959 
NZ_CH724148.1_2240 
NZ_CH724148.1_225 
NZ_CH724148.1_263 
NZ_CH724148.1_407 
NZ_CH724148.1_1259 
NZ_CH724148.1_1673 
NZ_CH724148.1_323 
NZ_CH724148.1_367 
NZ_CH724148.1_655 
NZ_CH724148.1_756 
NZ_CH724148.1_2378 
NZ_CH724148.1_2411 
NZ_CH724148.1_719 
NZ_CH724148.1_1819 
NZ_CH724148.1_2034 
NZ_CH724148.1_239 
NZ_CH724148.1_2399 
NZ_CH724148.1_675 
NZ_CH724148.1_1531 
NZ_CH724148.1_2281 
NZ_CH724148.1_540 
NZ_CH724148.1_857 
NZ_CH724148.1_1016 
NZ_CH724148.1_2176 
NZ_CH724148.1_1552 
NZ_CH724148.1_2078 
NZ_CH724148.1_402 
NZ_CH724148.1_491 
NZ_CH724148.1_1185 
NZ_CH724148.1_1826 
NZ_CH724148.1_2000 
NZ_CH724148.1_2083 
NZ_CH724148.1_2315 
NZ_CH724148.1_2407 
NZ_CH724148.1_1583 
NZ_CH724148.1_1591 
NZ_CH724148.1_2069 
NZ_CH724148.1_34 
NZ_CH724148.1_1054 
NZ_CH724148.1_1083 
NZ_CH724148.1_1421 
NZ_CH724148.1_194 
NZ_CH724148.1_2185 
NZ_CH724148.1_220 
NZ_CH724148.1_2330 
NZ_CH724148.1_493 
NZ_CH724148.1_114 
NZ_CH724148.1_1344 
NZ_CH724148.1_1115 
NZ_CH724148.1_1693 
NZ_CH724148.1_304 
NZ_CH724148.1_1309 
NZ_CH724148.1_1566 
NZ_CH724148.1_1725 
NZ_CH724148.1_1966 
NZ_CH724148.1_759 
NZ_CH724148.1_1621 
NZ_CH724148.1_2126 
NZ_CH724148.1_223 
NZ_CH724148.1_237 
NZ_CH724148.1_2051 
NZ_CH724148.1_35 
NZ_CH724148.1_1167 
NZ_CH724148.1_1182 
NZ_CH724148.1_123 
NZ_CH724148.1_1885 
NZ_CH724148.1_654 
NZ_CH724148.1_925 
NZ_CH724148.1_1220 
NZ_CH724148.1_1322 
NZ_CH724148.1_1597 
NZ_CH724148.1_1740 
NZ_CH724148.1_1761 
NZ_CH724148.1_2257 
NZ_CH724148.1_2348 
NZ_CH724148.1_2137 
NZ_CH724148.1_768 
NZ_CH724148.1_1372 
NZ_CH724148.1_2063 
NZ_CH724148.1_343 
NZ_CH724148.1_556 
NZ_CH724148.1_1812 
NZ_CH724148.1_1852 
NZ_CH724148.1_1546 
NZ_CH724148.1_2395 
NZ_CH724148.1_387 
NZ_CH724148.1_850 
NZ_CH724148.1_1197 
NZ_CH724148.1_1540 
NZ_CH724148.1_1974 
NZ_CH724148.1_2274 
NZ_CH724148.1_282 
NZ_CH724148.1_453 
NZ_CH724148.1_737 
NZ_CH724148.1_1140 
NZ_CH724148.1_174 
NZ_CH724148.1_178 
NZ_CH724148.1_499 
NZ_CH724148.1_927 
NZ_CH724148.1_289 
NZ_CH724148.1_463 
NZ_CH724148.1_561 
NZ_CH724148.1_786 
NZ_CH724148.1_1213 
NZ_CH724148.1_1419 
NZ_CH724148.1_1440 
NZ_CH724148.1_607 
NZ_CH724148.1_740 
NZ_CH724148.1_1617 
NZ_CH724148.1_1910 
NZ_CH724148.1_2045 
NZ_CH724148.1_2047 
NZ_CH724148.1_2364 
NZ_CH724148.1_60 
NZ_CH724148.1_1352 
NZ_CH724148.1_2278 
NZ_CH724148.1_2295 
NZ_CH724148.1_305 
NZ_CH724148.1_1162 
NZ_CH724148.1_1315 
NZ_CH724148.1_2361 
NZ_CH724148.1_334 
NZ_CH724148.1_373 
NZ_CH724148.1_1495 
NZ_CH724148.1_2102 
NZ_CH724148.1_259 
NZ_CH724148.1_9 
NZ_CH724148.1_917 
NZ_CH724148.1_978 
NZ_CH724148.1_1500 
NZ_CH724148.1_173 
NZ_CH724148.1_2059 
NZ_CH724148.1_2235 
NZ_CH724148.1_2376 
NZ_CH724148.1_929 
NZ_CH724148.1_957 
NZ_CH724148.1_1107 
NZ_CH724148.1_1157 
NZ_CH724148.1_129 
NZ_CH724148.1_1504 
NZ_CH724148.1_1733 
NZ_CH724148.1_2254 
NZ_CH724148.1_1313 
NZ_CH724148.1_544 
NZ_CH724148.1_953 
NZ_CH724148.1_1184 
NZ_CH724148.1_1363 
NZ_CH724148.1_558 
NZ_CH724148.1_803 
NZ_CH724148.1_1939 
NZ_CH724148.1_1940 
NZ_CH724148.1_2265 
NZ_CH724148.1_383 
NZ_CH724148.1_1143 
NZ_CH724148.1_1347 
NZ_CH724148.1_341 
NZ_CH724148.1_455 
NZ_CH724148.1_1677 
NZ_CH724148.1_1901 
NZ_CH724148.1_1991 
NZ_CH724148.1_2087 
NZ_CH724148.1_468 
NZ_CH724148.1_648 
NZ_CH724148.1_659 
NZ_CH724148.1_338 
NZ_CH724148.1_339 
NZ_CH724148.1_1833 
NZ_CH724148.1_601 
NZ_CH724148.1_82 
NZ_CH724148.1_1361 
NZ_CH724148.1_1518 
NZ_CH724148.1_1672 
NZ_CH724148.1_1934 
NZ_CH724148.1_587 
NZ_CH724148.1_1151 
NZ_CH724148.1_1336 
NZ_CH724148.1_1503 
NZ_CH724148.1_1671 
NZ_CH724148.1_2239 
NZ_CH724148.1_603 
NZ_CH724148.1_1094 
NZ_CH724148.1_1376 
NZ_CH724148.1_1882 
NZ_CH724148.1_781 
NZ_CH724148.1_977 
NZ_CH724148.1_1092 
NZ_CH724148.1_111 
NZ_CH724148.1_1665 
NZ_CH724148.1_2227 
NZ_CH724148.1_224 
NZ_CH724148.1_228 
NZ_CH724148.1_2394 
NZ_CH724148.1_320 
NZ_CH724148.1_922 
NZ_CH724148.1_132 
NZ_CH724148.1_1404 
NZ_CH724148.1_2180 
NZ_CH724148.1_2189 
NZ_CH724148.1_271 
NZ_CH724148.1_307 
NZ_CH724148.1_1541 
NZ_CH724148.1_1695 
NZ_CH724148.1_466 
NZ_CH724148.1_661 
NZ_CH724148.1_961 
NZ_CH724148.1_1720 
NZ_CH724148.1_1955 
NZ_CH724148.1_2247 
NZ_CH724148.1_487 
NZ_CH724148.1_635 
NZ_CH724148.1_874 
NZ_CH724148.1_1759 
NZ_CH724148.1_51 
NZ_CH724148.1_974 
NZ_CH724148.1_335 
NZ_CH724148.1_416 
NZ_CH724148.1_1262 
NZ_CH724148.1_2249 
NZ_CH724148.1_714 
NZ_CH724148.1_851 
NZ_CH724148.1_1014 
NZ_CH724148.1_1114 
NZ_CH724148.1_13 
NZ_CH724148.1_1427 
NZ_CH724148.1_1446 
NZ_CH724148.1_1997 
NZ_CH724148.1_2262 
NZ_CH724148.1_694 
NZ_CH724148.1_1409 
NZ_CH724148.1_1872 
NZ_CH724148.1_1904 
NZ_CH724148.1_214 
NZ_CH724148.1_477 
NZ_CH724148.1_1437 
NZ_CH724148.1_176 
NZ_CH724148.1_1990 
NZ_CH724148.1_299 
NZ_CH724148.1_359 
NZ_CH724148.1_5 
NZ_CH724148.1_949 
NZ_CH724148.1_1003 
NZ_CH724148.1_1516 
NZ_CH724148.1_2207 
NZ_CH724148.1_2328 
NZ_CH724148.1_695 
NZ_CH724148.1_1093 
NZ_CH724148.1_1565 
NZ_CH724148.1_1721 
NZ_CH724148.1_2090 
NZ_CH724148.1_2113 
NZ_CH724148.1_233 
NZ_CH724148.1_458 
NZ_CH724148.1_264 
NZ_CH724148.1_749 
NZ_CH724148.1_1 
NZ_CH724148.1_1149 
NZ_CH724148.1_133 
NZ_CH724148.1_1463 
NZ_CH724148.1_2415 
NZ_CH724148.1_1337 
NZ_CH724148.1_140 
NZ_CH724148.1_1803 
NZ_CH724148.1_284 
NZ_CH724148.1_421 
NZ_CH724148.1_637 
NZ_CH724148.1_1282 
NZ_CH724148.1_2154 
NZ_CH724148.1_627 
NZ_CH724148.1_1009 
NZ_CH724148.1_1411 
NZ_CH724148.1_1836 
NZ_CH724148.1_2181 
NZ_CH724148.1_293 
NZ_CH724148.1_1655 
NZ_CH724148.1_1766 
NZ_CH724148.1_2125 
NZ_CH724148.1_29 
NZ_CH724148.1_310 
NZ_CH724148.1_696 
NZ_CH724148.1_1340 
NZ_CH724148.1_2082 
NZ_CH724148.1_525 
NZ_CH724148.1_1727 
NZ_CH724148.1_1779 
NZ_CH724148.1_2030 
NZ_CH724148.1_2377 
NZ_CH724148.1_311 
NZ_CH724148.1_475 
NZ_CH724148.1_942 
NZ_CH724148.1_1263 
NZ_CH724148.1_1294 
NZ_CH724148.1_1960 
NZ_CH724148.1_3 
NZ_CH724148.1_502 
NZ_CH724148.1_1987 
NZ_CH724148.1_2242 
NZ_CH724148.1_336 
NZ_CH724148.1_732 
NZ_CH724148.1_800 
NZ_CH724148.1_1371 
NZ_CH724148.1_1728 
NZ_CH724148.1_1978 
NZ_CH724148.1_2132 
NZ_CH724148.1_2409 
NZ_CH724148.1_424 
NZ_CH724148.1_479 
NZ_CH724148.1_808 
NZ_CH724148.1_950 
NZ_CH724148.1_1073 
NZ_CH724148.1_1538 
NZ_CH724148.1_1633 
NZ_CH724148.1_1796 
NZ_CH724148.1_2202 
NZ_CH724148.1_906 
NZ_CH724148.1_699 
NZ_CH724148.1_863 
NZ_CH724148.1_1305 
NZ_CH724148.1_1320 
NZ_CH724148.1_467 
NZ_CH724148.1_1840 
NZ_CH724148.1_642 
NZ_CH724148.1_1378 
NZ_CH724148.1_1426 
NZ_CH724148.1_1534 
NZ_CH724148.1_1573 
NZ_CH724148.1_2105 
NZ_CH724148.1_2209 
NZ_CH724148.1_2222 
NZ_CH724148.1_409 
NZ_CH724148.1_660 
NZ_CH724148.1_762 
NZ_CH724148.1_958 
NZ_CH724148.1_1576 
NZ_CH724148.1_1967 
NZ_CH724148.1_1166 
NZ_CH724148.1_2341 
NZ_CH724148.1_291 
NZ_CH724148.1_591 
NZ_CH724148.1_1074 
NZ_CH724148.1_2389 
NZ_CH724148.1_486 
NZ_CH724148.1_116 
NZ_CH724148.1_1549 
NZ_CH724148.1_204 
NZ_CH724148.1_2414 
NZ_CH724148.1_344 
NZ_CH724148.1_345 
NZ_CH724148.1_909 
NZ_CH724148.1_1075 
NZ_CH724148.1_12 
NZ_CH724148.1_1227 
NZ_CH724148.1_1884 
NZ_CH724148.1_2121 
NZ_CH724148.1_2416 
NZ_CH724148.1_267 
NZ_CH724148.1_651 
NZ_CH724148.1_843 
NZ_CH724148.1_1007 
NZ_CH724148.1_1033 
NZ_CH724148.1_1292 
NZ_CH724148.1_332 
NZ_CH724148.1_1341 
NZ_CH724148.1_520 
NZ_CH724148.1_1103 
NZ_CH724148.1_117 
NZ_CH724148.1_1324 
NZ_CH724148.1_1662 
NZ_CH724148.1_1754 
NZ_CH724148.1_1841 
NZ_CH724148.1_2271 
NZ_CH724148.1_298 
NZ_CH724148.1_720 
NZ_CH724148.1_739 
NZ_CH724148.1_807 
NZ_CH724148.1_1366 
NZ_CH724148.1_1679 
NZ_CH724148.1_2219 
NZ_CH724148.1_2285 
NZ_CH724148.1_1173 
NZ_CH724148.1_1848 
NZ_CH724148.1_2062 
NZ_CH724148.1_283 
NZ_CH724148.1_1638 
NZ_CH724148.1_391 
NZ_CH724148.1_439 
NZ_CH724148.1_509 
NZ_CH724148.1_1276 
NZ_CH724148.1_16 
NZ_CH724148.1_1604 
NZ_CH724148.1_18 
NZ_CH724148.1_92 
NZ_CH724148.1_1379 
NZ_CH724148.1_1484 
NZ_CH724148.1_222 
NZ_CH724148.1_530 
NZ_CH724148.1_78 
NZ_CH724148.1_855 
NZ_CH724148.1_1251 
NZ_CH724148.1_1699 
NZ_CH724148.1_1861 
NZ_CH724148.1_1937 
NZ_CH724148.1_2003 
NZ_CH724148.1_2068 
NZ_CH724148.1_207 
NZ_CH724148.1_897 
NZ_CH724148.1_1124 
NZ_CH724148.1_1435 
NZ_CH724148.1_1827 
NZ_CH724148.1_2096 
NZ_CH724148.1_1224 
NZ_CH724148.1_1253 
NZ_CH724148.1_1619 
NZ_CH724148.1_1751 
NZ_CH724148.1_2203 
NZ_CH724148.1_649 
NZ_CH724148.1_797 
NZ_CH724148.1_883 
NZ_CH724148.1_1373 
NZ_CH724148.1_1562 
NZ_CH724148.1_1758 
NZ_CH724148.1_645 
NZ_CH724148.1_650 
NZ_CH724148.1_902 
NZ_CH724148.1_1203 
NZ_CH724148.1_1941 
NZ_CH724148.1_1977 
NZ_CH724148.1_2308 
NZ_CH724148.1_2317 
NZ_CH724148.1_303 
NZ_CH724148.1_541 
NZ_CH724148.1_631 
NZ_CH724148.1_903 
NZ_CH724148.1_966 
NZ_CH724148.1_181 
NZ_CH724148.1_1829 
NZ_CH724148.1_1325 
NZ_CH724148.1_1438 
NZ_CH724148.1_151 
NZ_CH724148.1_1567 
NZ_CH724148.1_2296 
NZ_CH724148.1_2303 
NZ_CH724148.1_386 
NZ_CH724148.1_590 
NZ_CH724148.1_1228 
NZ_CH724148.1_155 
NZ_CH724148.1_1834 
NZ_CH724148.1_1933 
NZ_CH724148.1_2382 
NZ_CH724148.1_1025 
NZ_CH724148.1_2095 
NZ_CH724148.1_2143 
NZ_CH724148.1_2264 
NZ_CH724148.1_709 
NZ_CH724148.1_760 
NZ_CH724148.1_898 
NZ_CH724148.1_1383 
NZ_CH724148.1_1482 
NZ_CH724148.1_1694 
NZ_CH724148.1_1712 
NZ_CH724148.1_2057 
NZ_CH724148.1_317 
NZ_CH724148.1_550 
NZ_CH724148.1_2064 
NZ_CH724148.1_830 
NZ_CH724148.1_1387 
NZ_CH724148.1_1533 
NZ_CH724148.1_1799 
NZ_CH724148.1_2177 
NZ_CH724148.1_2225 
NZ_CH724148.1_2335 
NZ_CH724148.1_2388 
NZ_CH724148.1_2406 
NZ_CH724148.1_611 
NZ_CH724148.1_684 
NZ_CH724148.1_930 
NZ_CH724148.1_1013 
NZ_CH724148.1_1256 
NZ_CH724148.1_248 
NZ_CH724148.1_302 
NZ_CH724148.1_40 
NZ_CH724148.1_105 
NZ_CH724148.1_1461 
NZ_CH724148.1_1515 
NZ_CH724148.1_1685 
NZ_CH724148.1_1798 
NZ_CH724148.1_2396 
NZ_CH724148.1_1063 
NZ_CH724148.1_1105 
NZ_CH724148.1_1178 
NZ_CH724148.1_1734 
NZ_CH724148.1_286 
NZ_CH724148.1_4 
NZ_CH724148.1_793 
NZ_CH724148.1_101 
NZ_CH724148.1_1136 
NZ_CH724148.1_1356 
NZ_CH724148.1_1420 
NZ_CH724148.1_1614 
NZ_CH724148.1_1865 
NZ_CH724148.1_2374 
NZ_CH724148.1_708 
NZ_CH724148.1_1663 
NZ_CH724148.1_1853 
NZ_CH724148.1_2360 
NZ_CH724148.1_1401 
NZ_CH724148.1_1921 
NZ_CH724148.1_2402 
NZ_CH724148.1_640 
NZ_CH724148.1_2228 
NZ_CH724148.1_735 
NZ_CH724148.1_80 
NZ_CH724148.1_824 
NZ_CH724148.1_885 
NZ_CH724148.1_1050 
NZ_CH724148.1_1264 
NZ_CH724148.1_2135 
NZ_CH724148.1_342 
NZ_CH724148.1_44 
NZ_CH724148.1_519 
NZ_CH724148.1_1116 
NZ_CH724148.1_1353 
NZ_CH724148.1_1390 
NZ_CH724148.1_1973 
NZ_CH724148.1_1062 
NZ_CH724148.1_1223 
NZ_CH724148.1_1543 
NZ_CH724148.1_1675 
NZ_CH724148.1_882 
NZ_CH724148.1_1055 
NZ_CH724148.1_1357 
NZ_CH724148.1_1479 
NZ_CH724148.1_1664 
NZ_CH724148.1_1702 
NZ_CH724148.1_1916 
NZ_CH724148.1_2208 
NZ_CH724148.1_10 
NZ_CH724148.1_1523 
NZ_CH724148.1_1606 
NZ_CH724148.1_1631 
NZ_CH724148.1_2248 
NZ_CH724148.1_569 
NZ_CH724148.1_99 
NZ_CH724148.1_1464 
NZ_CH724148.1_1794 
NZ_CH724148.1_1981 
NZ_CH724148.1_1996 
NZ_CH724148.1_55 
NZ_CH724148.1_872 
NZ_CH724148.1_924 
NZ_CH724148.1_1271 
NZ_CH724148.1_158 
NZ_CH724148.1_1590 
NZ_CH724148.1_1823 
NZ_CH724148.1_2355 
NZ_CH724148.1_401 
NZ_CH724148.1_2010 
NZ_CH724148.1_445 
NZ_CH724148.1_1785 
NZ_CH724148.1_2294 
NZ_CH724148.1_294 
NZ_CH724148.1_514 
NZ_CH724148.1_58 
NZ_CH724148.1_1146 
NZ_CH724148.1_2236 
NZ_CH724148.1_415 
NZ_CH724148.1_858 
NZ_CH724148.1_1084 
NZ_CH724148.1_1407 
NZ_CH724148.1_1824 
NZ_CH724148.1_612 
NZ_CH724148.1_1029 
NZ_CH724148.1_1742 
NZ_CH724148.1_1992 
NZ_CH724148.1_685 
NZ_CH724148.1_820 
NZ_CH724148.1_947 
NZ_CH724148.1_1984 
NZ_CH724148.1_308 
NZ_CH724148.1_724 
NZ_CH724148.1_1141 
NZ_CH724148.1_2039 
NZ_CH724148.1_839 
NZ_CH724148.1_21 
NZ_CH724148.1_581 
NZ_CH724148.1_1183 
NZ_CH724148.1_1319 
NZ_CH724148.1_1682 
NZ_CH724148.1_876 
NZ_CH724148.1_1774 
NZ_CH724148.1_1954 
NZ_CH724148.1_1266 
NZ_CH724148.1_2368 
NZ_CH724148.1_358 
NZ_CH724148.1_177 
NZ_CH724148.1_1907 
NZ_CH724148.1_2302 
NZ_CH724148.1_354 
NZ_CH724148.1_507 
NZ_CH724148.1_859 
NZ_CH724148.1_121 
NZ_CH724148.1_193 
NZ_CH724148.1_351 
NZ_CH724148.1_826 
NZ_CH724148.1_90 
NZ_CH724148.1_1389 
NZ_CH724148.1_1408 
NZ_CH724148.1_1572 
NZ_CH724148.1_2214 
NZ_CH724148.1_2305 
NZ_CH724148.1_959 
NZ_CH724148.1_1006 
NZ_CH724148.1_1163 
NZ_CH724148.1_586 
NZ_CH724148.1_888 
NZ_CH724148.1_1418 
NZ_CH724148.1_2005 
NZ_CH724148.1_2169 
NZ_CH724148.1_281 
NZ_CH724148.1_584 
NZ_CH724148.1_1101 
NZ_CH724148.1_712 
NZ_CH724148.1_1100 
NZ_CH724148.1_1279 
NZ_CH724148.1_1689 
NZ_CH724148.1_2231 
NZ_CH724148.1_464 
NZ_CH724148.1_662 
NZ_CH724148.1_1206 
NZ_CH724148.1_1301 
NZ_CH724148.1_1385 
NZ_CH724148.1_1935 
NZ_CH724148.1_2072 
NZ_CH724148.1_534 
NZ_CH724148.1_707 
NZ_CH724148.1_1018 
NZ_CH724148.1_1175 
NZ_CH724148.1_1620 
NZ_CH724148.1_1635 
NZ_CH724148.1_2042 
NZ_CH724148.1_2220 
NZ_CH724148.1_2251 
NZ_CH724148.1_717 
NZ_CH724148.1_1080 
NZ_CH724148.1_1691 
NZ_CH724148.1_2112 
NZ_CH724148.1_2150 
NZ_CH724148.1_2201 
NZ_CH724148.1_2270 
NZ_CH724148.1_461 
NZ_CH724148.1_1756 
NZ_CH724148.1_1807 
NZ_CH724148.1_2092 
NZ_CH724148.1_462 
NZ_CH724148.1_879 
NZ_CH724148.1_899 
NZ_CH724148.1_97 
NZ_CH724148.1_1106 
NZ_CH724148.1_1296 
NZ_CH724148.1_148 
NZ_CH724148.1_171 
NZ_CH724148.1_2171 
NZ_CH724148.1_71 
NZ_CH724148.1_1950 
NZ_CH724148.1_20 
NZ_CH724148.1_261 
NZ_CH724148.1_85 
NZ_CH724148.1_745 
NZ_CH724148.1_1008 
NZ_CH724148.1_1462 
NZ_CH724148.1_1900 
NZ_CH724148.1_321 
NZ_CH724148.1_322 
NZ_CH724148.1_43 
NZ_CH724148.1_746 
NZ_CH724148.1_881 
NZ_CH724148.1_1480 
NZ_CH724148.1_1683 
NZ_CH724148.1_352 
NZ_CH724148.1_110 
NZ_CH724148.1_1364 
NZ_CH724148.1_2318 
NZ_CH724148.1_312 
NZ_CH724148.1_734 
NZ_CH724148.1_1137 
NZ_CH724148.1_1196 
NZ_CH724148.1_2155 
NZ_CH724148.1_24 
NZ_CH724148.1_937 
NZ_CH724148.1_1231 
NZ_CH724148.1_1569 
NZ_CH724148.1_1843 
NZ_CH724148.1_512 
NZ_CH724148.1_531 
NZ_CH724148.1_542 
NZ_CH724148.1_921 
NZ_CH724148.1_1232 
NZ_CH724148.1_1287 
NZ_CH724148.1_1355 
NZ_CH724148.1_1743 
NZ_CH724148.1_623 
NZ_CH724148.1_968 
NZ_CH724148.1_1613 
NZ_CH724148.1_1618 
NZ_CH724148.1_2194 
NZ_CH724148.1_2232 
NZ_CH724148.1_690 
NZ_CH724148.1_847 
NZ_CH724148.1_1602 
NZ_CH724148.1_2131 
NZ_CH724148.1_1022 
NZ_CH724148.1_112 
NZ_CH724148.1_1483 
NZ_CH724148.1_1995 
NZ_CH724148.1_2088 
NZ_CH724148.1_393 
NZ_CH724148.1_754 
NZ_CH724148.1_427 
NZ_CH724148.1_802 
NZ_CH724148.1_1342 
NZ_CH724148.1_1624 
NZ_CH724148.1_1072 
NZ_CH724148.1_1079 
NZ_CH724148.1_1350 
NZ_CH724148.1_1414 
NZ_CH724148.1_457 
NZ_CH724148.1_527 
NZ_CH724148.1_1932 
NZ_CH724148.1_195 
NZ_CH724148.1_878 
NZ_CH724148.1_102 
NZ_CH724148.1_15 
NZ_CH724148.1_1605 
NZ_CH724148.1_2079 
NZ_CH724148.1_377 
NZ_CH724148.1_757 
NZ_CH724148.1_1517 
NZ_CH724148.1_1809 
NZ_CH724148.1_2123 
NZ_CH724148.1_350 
NZ_CH724148.1_728 
NZ_CH724148.1_869 
NZ_CH724148.1_998 
NZ_CH724148.1_1219 
NZ_CH724148.1_1077 
NZ_CH724148.1_1377 
NZ_CH724148.1_1667 
NZ_CH724148.1_2058 
NZ_CH724148.1_688 
NZ_CH724148.1_1017 
NZ_CH724148.1_1688 
NZ_CH724148.1_45 
NZ_CH724148.1_472 
NZ_CH724148.1_1911 
NZ_CH724148.1_2408 
NZ_CH724148.1_634 
NZ_CH724148.1_93 
NZ_CH724148.1_1069 
NZ_CH724148.1_1985 
NZ_CH724148.1_2323 
NZ_CH724148.1_633 
NZ_CH724148.1_65 
NZ_CH724148.1_2055 
NZ_CH724148.1_2133 
NZ_CH724148.1_59 
NZ_CH724148.1_805 
NZ_CH724148.1_122 
NZ_CH724148.1_1465 
NZ_CH724148.1_405 
NZ_CH724148.1_347 
NZ_CH724148.1_1058 
NZ_CH724148.1_107 
NZ_CH724148.1_1375 
NZ_CH724148.1_1745 
NZ_CH724148.1_2152 
NZ_CH724148.1_2367 
NZ_CH724148.1_287 
NZ_CH724148.1_1109 
NZ_CH724148.1_1164 
NZ_CH724148.1_1188 
NZ_CH724148.1_2076 
NZ_CH724148.1_2263 
NZ_CH724148.1_435 
NZ_CH724148.1_94 
NZ_CH724148.1_1110 
NZ_CH724148.1_1396 
NZ_CH724148.1_169 
NZ_CH724148.1_197 
NZ_CH724148.1_156 
NZ_CH724148.1_1909 
NZ_CH724148.1_523 
NZ_CH724148.1_570 
NZ_CH724148.1_572 
NZ_CH724148.1_2334 
NZ_CH724148.1_938 
NZ_CH724148.1_1560 
NZ_CH724148.1_583 
NZ_CH724148.1_837 
NZ_CH724148.1_100 
NZ_CH724148.1_1771 
NZ_CH724148.1_2186 
NZ_CH724148.1_31 
NZ_CH724148.1_636 
NZ_CH724148.1_656 
NZ_CH724148.1_1406 
NZ_CH724148.1_963 
NZ_CH724148.1_1204 
NZ_CH724148.1_2046 
NZ_CH724148.1_2056 
NZ_CH724148.1_2173 
NZ_CH724148.1_2289 
NZ_CH724148.1_528 
NZ_CH724148.1_2006 
NZ_CH724148.1_428 
NZ_CH724148.1_643 
NZ_CH724148.1_700 
NZ_CH724148.1_1789 
NZ_CH724148.1_215 
NZ_CH724148.1_417 
NZ_CH724148.1_730 
NZ_CH724148.1_1399 
NZ_CH724148.1_1548 
NZ_CH724148.1_2065 
NZ_CH724148.1_497 
NZ_CH724148.1_871 
NZ_CH724148.1_1123 
NZ_CH724148.1_1855 
NZ_CH724148.1_2366 
NZ_CH724148.1_384 
NZ_CH724148.1_769 
NZ_CH724148.1_779 
NZ_CH724148.1_1729 
NZ_CH724148.1_247 
NZ_CH724148.1_910 
NZ_CH724148.1_1957 
NZ_CH724148.1_2266 
NZ_CH724148.1_297 
NZ_CH724148.1_1398 
NZ_CH724148.1_1707 
NZ_CH724148.1_2352 
NZ_CH724148.1_279 
NZ_CH724148.1_434 
NZ_CH724148.1_513 
NZ_CH724148.1_1275 
NZ_CH724148.1_1511 
NZ_CH724148.1_160 
NZ_CH724148.1_1612 
NZ_CH724148.1_1749 
NZ_CH724148.1_2166 
NZ_CH724148.1_2321 
NZ_CH724148.1_816 
NZ_CH724148.1_443 
NZ_CH724148.1_934 
NZ_CH724148.1_1468 
NZ_CH724148.1_1968 
NZ_CH724148.1_441 
NZ_CH724148.1_559 
NZ_CH724148.1_1306 
NZ_CH724148.1_1458 
NZ_CH724148.1_2256 
NZ_CH724148.1_430 
NZ_CH724148.1_1035 
NZ_CH724148.1_119 
NZ_CH724148.1_1508 
NZ_CH724148.1_106 
NZ_CH724148.1_1001 
NZ_CH724148.1_2172 
NZ_CH724148.1_2233 
NZ_CH724148.1_2373 
NZ_CH724148.1_865 
NZ_CH724148.1_1032 
NZ_CH724148.1_1825 
NZ_CH724148.1_1883 
NZ_CH724148.1_1953 
NZ_CH724148.1_997 
NZ_CH724148.1_115 
NZ_CH724148.1_2197 
NZ_CH724148.1_524 
NZ_CH724148.1_617 
NZ_CH724148.1_835 
NZ_CH724148.1_2230 
NZ_CH724148.1_258 
NZ_CH724148.1_875 
NZ_CH724148.1_1649 
NZ_CH724148.1_2108 
NZ_CH724148.1_2198 
NZ_CH724148.1_157 
NZ_CH724148.1_2401 
NZ_CH724148.1_763 
NZ_CH724148.1_1119 
NZ_CH724148.1_113 
NZ_CH724148.1_1869 
NZ_CH724148.1_1926 
NZ_CH724148.1_2162 
NZ_CH724148.1_1186 
NZ_CH724148.1_1286 
NZ_CH724148.1_1870 
NZ_CH724148.1_2237 
NZ_CH724148.1_418 
NZ_CH724148.1_1187 
NZ_CH724148.1_1222 
NZ_CH724148.1_1403 
NZ_CH724148.1_2405 
NZ_CH724148.1_616 
NZ_CH724148.1_624 
NZ_CH724148.1_104 
NZ_CH724148.1_1370 
NZ_CH724148.1_1430 
NZ_CH724148.1_1450 
NZ_CH724148.1_1559 
NZ_CH724148.1_198 
NZ_CH724148.1_488 
NZ_CH724148.1_494 
NZ_CH724148.1_1104 
NZ_CH724148.1_185 
NZ_CH724148.1_667 
NZ_CH724148.1_761 
NZ_CH724148.1_392 
NZ_CH724148.1_1524 
NZ_CH724148.1_1722 
NZ_CH724148.1_378 
NZ_CH724148.1_597 
NZ_CH724148.1_821 
NZ_CH724148.1_108 
NZ_CH724148.1_1307 
NZ_CH724148.1_1415 
NZ_CH724148.1_2212 
NZ_CH724148.1_2259 
NZ_CH724148.1_72 
NZ_CH724148.1_723 
NZ_CH724148.1_162 
NZ_CH724148.1_452 
NZ_CH724148.1_73 
NZ_CH724148.1_1087 
NZ_CH724148.1_2119 
NZ_CH724148.1_2380 
NZ_CH724148.1_710 
NZ_CH724148.1_1528 
NZ_CH724148.1_1553 
NZ_CH724148.1_2073 
NZ_CH724148.1_246 
NZ_CH724148.1_1706 
NZ_CH724148.1_346 
NZ_CH724148.1_1448 
NZ_CH724148.1_2322 
NZ_CH724148.1_36 
NZ_CH724148.1_625 
NZ_CH724148.1_849 
NZ_CH724148.1_1623 
NZ_CH724148.1_1640 
NZ_CH724148.1_880 
NZ_CH724148.1_2213 
NZ_CH724148.1_2320 
NZ_CH724148.1_333 
NZ_CH724148.1_361 
NZ_CH724148.1_589 
NZ_CH724148.1_801 
NZ_CH724148.1_912 
NZ_CH724148.1_1156 
NZ_CH724148.1_1930 
NZ_CH724148.1_664 
NZ_CH724148.1_1190 
NZ_CH724148.1_137 
NZ_CH724148.1_1536 
NZ_CH724148.1_791 
NZ_CH724148.1_952 
NZ_CH724148.1_1561 
NZ_CH724148.1_1616 
NZ_CH724148.1_1982 
NZ_CH724148.1_639 
NZ_CH724148.1_152 
NZ_CH724148.1_1780 
NZ_CH724148.1_2297 
NZ_CH724148.1_2365 
NZ_CH724148.1_908 
NZ_CH724148.1_1578 
NZ_CH724148.1_1972 
NZ_CH724148.1_429 
NZ_CH724148.1_517 
NZ_CH724148.1_689 
NZ_CH724148.1_951 
NZ_CH724148.1_1225 
NZ_CH724148.1_2036 
NZ_CH724148.1_936 
NZ_CH724148.1_95 
NZ_CH724148.1_1267 
NZ_CH724148.1_1889 
NZ_CH724148.1_451 
NZ_CH724148.1_564 
NZ_CH724148.1_1477 
NZ_CH724148.1_1886 
NZ_CH724148.1_1687 
NZ_CH724148.1_2050 
NZ_CH724148.1_438 
NZ_CH724148.1_1133 
NZ_CH724148.1_1246 
NZ_CH724148.1_1657 
NZ_CH724148.1_1713 
NZ_CH724148.1_2107 
NZ_CH724148.1_2118 
NZ_CH724148.1_1575 
NZ_CH724148.1_1890 
NZ_CH724148.1_316 
NZ_CH724148.1_764 
NZ_CH724148.1_1205 
NZ_CH724148.1_1456 
NZ_CH724148.1_1460 
NZ_CH724148.1_1498 
NZ_CH724148.1_159 
NZ_CH724148.1_1839 
NZ_CH724148.1_2043 
NZ_CH724148.1_1571 
NZ_CH724148.1_1723 
NZ_CH724148.1_2029 
NZ_CH724148.1_365 
NZ_CH724148.1_886 
NZ_CH724148.1_109 
NZ_CH724148.1_1150 
NZ_CH724148.1_165 
NZ_CH724148.1_750 
NZ_CH724148.1_1028 
NZ_CH724148.1_1395 
NZ_CH724148.1_1499 
NZ_CH724148.1_2024 
NZ_CH724148.1_2346 
NZ_CH724148.1_686 
NZ_CH724148.1_868 
NZ_CH724148.1_1102 
NZ_CH724148.1_135 
NZ_CH724148.1_1905 
NZ_CH724148.1_1132 
NZ_CH724148.1_1158 
NZ_CH724148.1_1641 
NZ_CH724148.1_98 
NZ_CH724148.1_1144 
NZ_CH724148.1_1873 
NZ_CH724148.1_179 
NZ_CH724148.1_2089 
NZ_CH724148.1_39 
NZ_CH724148.1_806 
NZ_CH724148.1_1280 
NZ_CH724148.1_2035 
NZ_CH724148.1_2070 
NZ_CH724148.1_2291 
NZ_CH724148.1_799 
NZ_CH724148.1_867 
NZ_CH724148.1_1579 
NZ_CH724148.1_202 
NZ_CH724148.1_2148 
NZ_CH724148.1_268 
NZ_CH724148.1_103 
NZ_CH724148.1_144 
NZ_CH724148.1_1584 
NZ_CH724148.1_460 
NZ_CH724148.1_1413 
NZ_CH724148.1_1857 
NZ_CH724148.1_238 
NZ_CH724148.1_42 
NZ_CH724148.1_1310 
NZ_CH724148.1_1736 
NZ_CH724148.1_2384 
NZ_CH724148.1_46 
NZ_CH724148.1_1417 
NZ_CH724148.1_1554 
NZ_CH724148.1_2007 
NZ_CH724148.1_2026 
NZ_CH724148.1_2040 
NZ_CH724148.1_618 
NZ_CH724148.1_1191 
NZ_CH724148.1_1642 
NZ_CH724148.1_2085 
NZ_CH724148.1_28 
NZ_CH724148.1_2307 
NZ_CH724148.1_379 
NZ_CH724148.1_431 
NZ_CH724148.1_37 
NZ_CH724148.1_136 
NZ_CH724148.1_1526 
NZ_CH724148.1_1551 
NZ_CH724148.1_1557 
NZ_CH724148.1_595 
NZ_CH724148.1_599 
NZ_CH724148.1_1392 
NZ_CH724148.1_1451 
NZ_CH724148.1_211 
NZ_CH724148.1_1574 
NZ_CH724148.1_138 
NZ_CH724148.1_1416 
NZ_CH724148.1_292 
NZ_CH724148.1_432 
NZ_CH724148.1_1171 
NZ_CH724148.1_118 
NZ_CH724148.1_1226 
NZ_CH724148.1_1473 
NZ_CH724148.1_1622 
NZ_CH724148.1_433 
NZ_CH724148.1_747 
NZ_CH724148.1_201 
NZ_CH724148.1_459 
NZ_CH724148.1_866 
NZ_CH724148.1_47 
NZ_CH724148.1_701 
NZ_CH724148.1_1585 
NZ_CH724148.1_134 
NZ_CH724148.1_1810 
NZ_CH724148.1_1285 
NZ_CH724148.1_1490 
NZ_CH724148.1_2037 
NZ_CH724148.1_2182 
NZ_CH724148.1_2028 
NZ_CH724148.1_538 
NZ_CH724148.1_2023 
NZ_CH724148.1_1811 
NZ_CH724148.1_2041 
NZ_CH724148.1_485 
NZ_CH724148.1_813 
