NZ_CH724130.1_487 NZ_CH724130.1_1288 NZ_CH724130.1_12 NZ_CH724130.1_465 NZ_CH724130.1_1331 NZ_CH724130.1_450 NZ_CH724130.1_1051 NZ_CH724130.1_457 NZ_CH724130.1_1269 NZ_CH724130.1_752 NZ_CH724130.1_310 NZ_CH724130.1_517 NZ_CH724130.1_1275 NZ_CH724130.1_362 NZ_CH724130.1_414 
NZ_CH724130.1_716 NZ_CH724130.1_403 NZ_CH724130.1_486 NZ_CH724130.1_581 NZ_CH724130.1_408 NZ_CH724130.1_1168 NZ_CH724130.1_417 NZ_CH724130.1_395 NZ_CH724130.1_492 NZ_CH724130.1_484 NZ_CH724130.1_550 NZ_CH724130.1_950 
NZ_CH724130.1_502 NZ_CH724130.1_402 NZ_CH724130.1_1012 NZ_CH724130.1_1282 NZ_CH724130.1_467 NZ_CH724130.1_493 NZ_CH724130.1_1297 
NZ_CH724130.1_28 NZ_CH724130.1_29 NZ_CH724130.1_327 NZ_CH724130.1_330 
NZ_CH724130.1_334 NZ_CH724130.1_336 NZ_CH724130.1_335 
NZ_CH724130.1_1207 NZ_CH724130.1_1203 NZ_CH724130.1_1205 
NZ_CH724130.1_1109 NZ_CH724130.1_1320 NZ_CH724130.1_1314 
NZ_CH724130.1_1358 NZ_CH724130.1_114 NZ_CH724130.1_1006 
NZ_CH724130.1_15 NZ_CH724130.1_1066 NZ_CH724130.1_251 
NZ_CH724130.1_206 NZ_CH724130.1_34 NZ_CH724130.1_35 
NZ_CH724130.1_473 NZ_CH724130.1_474 NZ_CH724130.1_624 
NZ_CH724130.1_239 NZ_CH724130.1_756 NZ_CH724130.1_446 
NZ_CH724130.1_209 NZ_CH724130.1_1341 
NZ_CH724130.1_25 NZ_CH724130.1_1370 
NZ_CH724130.1_1200 NZ_CH724130.1_445 
NZ_CH724130.1_937 NZ_CH724130.1_623 
NZ_CH724130.1_576 NZ_CH724130.1_377 
NZ_CH724130.1_199 NZ_CH724130.1_990 
NZ_CH724130.1_396 NZ_CH724130.1_1298 
NZ_CH724130.1_342 NZ_CH724130.1_431 
NZ_CH724130.1_510 NZ_CH724130.1_1313 
NZ_CH724130.1_989 NZ_CH724130.1_398 
NZ_CH724130.1_996 NZ_CH724130.1_994 
NZ_CH724130.1_817 NZ_CH724130.1_1017 
NZ_CH724130.1_462 NZ_CH724130.1_773 
NZ_CH724130.1_1185 NZ_CH724130.1_328 
NZ_CH724130.1_1339 NZ_CH724130.1_211 
NZ_CH724130.1_1170 NZ_CH724130.1_976 
NZ_CH724130.1_133 NZ_CH724130.1_583 
NZ_CH724130.1_1225 NZ_CH724130.1_1257 
NZ_CH724130.1_729 NZ_CH724130.1_524 
NZ_CH724130.1_633 NZ_CH724130.1_637 
NZ_CH724130.1_459 NZ_CH724130.1_301 
NZ_CH724130.1_351 NZ_CH724130.1_350 
NZ_CH724130.1_1296 NZ_CH724130.1_1046 
NZ_CH724130.1_678 NZ_CH724130.1_709 
NZ_CH724130.1_980 NZ_CH724130.1_1260 
NZ_CH724130.1_1322 NZ_CH724130.1_1316 
NZ_CH724130.1_570 NZ_CH724130.1_561 
NZ_CH724130.1_1259 NZ_CH724130.1_992 
NZ_CH724130.1_481 NZ_CH724130.1_47 
NZ_CH724130.1_1321 NZ_CH724130.1_1315 
NZ_CH724130.1_939 NZ_CH724130.1_902 
NZ_CH724130.1_480 NZ_CH724130.1_483 
NZ_CH724130.1_746 NZ_CH724130.1_449 
NZ_CH724130.1_1274 NZ_CH724130.1_1268 
NZ_CH724130.1_1053 NZ_CH724130.1_1162 
NZ_CH724130.1_399 NZ_CH724130.1_988 
NZ_CH724130.1_1294 NZ_CH724130.1_280 
NZ_CH724130.1_594 NZ_CH724130.1_407 
NZ_CH724130.1_343 NZ_CH724130.1_430 
NZ_CH724130.1_724 NZ_CH724130.1_723 
NZ_CH724130.1_972 NZ_CH724130.1_836 
NZ_CH724130.1_428 NZ_CH724130.1_923 
NZ_CH724130.1_854 NZ_CH724130.1_869 
NZ_CH724130.1_404 NZ_CH724130.1_1112 
NZ_CH724130.1_442 NZ_CH724130.1_1081 
NZ_CH724130.1_512 NZ_CH724130.1_299 
NZ_CH724130.1_1194 NZ_CH724130.1_1195 
NZ_CH724130.1_210 NZ_CH724130.1_1340 
NZ_CH724130.1_771 NZ_CH724130.1_1349 
NZ_CH724130.1_1181 
NZ_CH724130.1_813 
NZ_CH724130.1_155 
NZ_CH724130.1_154 
NZ_CH724130.1_361 
NZ_CH724130.1_1209 
NZ_CH724130.1_1062 
NZ_CH724130.1_818 
NZ_CH724130.1_1187 
NZ_CH724130.1_1016 
NZ_CH724130.1_284 
NZ_CH724130.1_586 
NZ_CH724130.1_1222 
NZ_CH724130.1_106 
NZ_CH724130.1_1052 
NZ_CH724130.1_577 
NZ_CH724130.1_1094 
NZ_CH724130.1_1305 
NZ_CH724130.1_605 
NZ_CH724130.1_629 
NZ_CH724130.1_307 
NZ_CH724130.1_193 
NZ_CH724130.1_1136 
NZ_CH724130.1_735 
NZ_CH724130.1_282 
NZ_CH724130.1_415 
NZ_CH724130.1_893 
NZ_CH724130.1_825 
NZ_CH724130.1_544 
NZ_CH724130.1_804 
NZ_CH724130.1_556 
NZ_CH724130.1_383 
NZ_CH724130.1_525 
NZ_CH724130.1_1326 
NZ_CH724130.1_821 
NZ_CH724130.1_876 
NZ_CH724130.1_354 
NZ_CH724130.1_1292 
NZ_CH724130.1_212 
NZ_CH724130.1_862 
NZ_CH724130.1_1208 
NZ_CH724130.1_136 
NZ_CH724130.1_523 
NZ_CH724130.1_737 
NZ_CH724130.1_1169 
NZ_CH724130.1_1332 
NZ_CH724130.1_257 
NZ_CH724130.1_234 
NZ_CH724130.1_331 
NZ_CH724130.1_110 
NZ_CH724130.1_926 
NZ_CH724130.1_158 
NZ_CH724130.1_1073 
NZ_CH724130.1_859 
NZ_CH724130.1_630 
NZ_CH724130.1_802 
NZ_CH724130.1_276 
NZ_CH724130.1_376 
NZ_CH724130.1_1236 
NZ_CH724130.1_1234 
NZ_CH724130.1_1256 
NZ_CH724130.1_95 
NZ_CH724130.1_824 
NZ_CH724130.1_660 
NZ_CH724130.1_1019 
NZ_CH724130.1_882 
NZ_CH724130.1_117 
NZ_CH724130.1_338 
NZ_CH724130.1_809 
NZ_CH724130.1_371 
NZ_CH724130.1_458 
NZ_CH724130.1_636 
NZ_CH724130.1_646 
NZ_CH724130.1_971 
NZ_CH724130.1_1166 
NZ_CH724130.1_899 
NZ_CH724130.1_425 
NZ_CH724130.1_526 
NZ_CH724130.1_1087 
NZ_CH724130.1_125 
NZ_CH724130.1_800 
NZ_CH724130.1_803 
NZ_CH724130.1_934 
NZ_CH724130.1_1213 
NZ_CH724130.1_419 
NZ_CH724130.1_535 
NZ_CH724130.1_317 
NZ_CH724130.1_1212 
NZ_CH724130.1_485 
NZ_CH724130.1_1010 
NZ_CH724130.1_1249 
NZ_CH724130.1_1003 
NZ_CH724130.1_793 
NZ_CH724130.1_1191 
NZ_CH724130.1_1088 
NZ_CH724130.1_216 
NZ_CH724130.1_1104 
NZ_CH724130.1_720 
NZ_CH724130.1_297 
NZ_CH724130.1_693 
NZ_CH724130.1_755 
NZ_CH724130.1_306 
NZ_CH724130.1_829 
NZ_CH724130.1_97 
NZ_CH724130.1_1235 
NZ_CH724130.1_259 
NZ_CH724130.1_705 
NZ_CH724130.1_1144 
NZ_CH724130.1_1338 
NZ_CH724130.1_1221 
NZ_CH724130.1_783 
NZ_CH724130.1_740 
NZ_CH724130.1_901 
NZ_CH724130.1_1090 
NZ_CH724130.1_99 
NZ_CH724130.1_366 
NZ_CH724130.1_1354 
NZ_CH724130.1_1116 
NZ_CH724130.1_1004 
NZ_CH724130.1_11 
NZ_CH724130.1_326 
NZ_CH724130.1_53 
NZ_CH724130.1_931 
NZ_CH724130.1_129 
NZ_CH724130.1_418 
NZ_CH724130.1_406 
NZ_CH724130.1_1252 
NZ_CH724130.1_846 
NZ_CH724130.1_597 
NZ_CH724130.1_1042 
NZ_CH724130.1_1190 
NZ_CH724130.1_287 
NZ_CH724130.1_863 
NZ_CH724130.1_865 
NZ_CH724130.1_268 
NZ_CH724130.1_1054 
NZ_CH724130.1_1021 
NZ_CH724130.1_930 
NZ_CH724130.1_108 
NZ_CH724130.1_875 
NZ_CH724130.1_708 
NZ_CH724130.1_464 
NZ_CH724130.1_122 
NZ_CH724130.1_42 
NZ_CH724130.1_977 
NZ_CH724130.1_370 
NZ_CH724130.1_951 
NZ_CH724130.1_1218 
NZ_CH724130.1_94 
NZ_CH724130.1_558 
NZ_CH724130.1_200 
NZ_AAPV01000004.1_1 
NZ_CH724130.1_1323 
NZ_CH724130.1_1130 
NZ_CH724130.1_541 
NZ_CH724130.1_116 
NZ_CH724130.1_712 
NZ_CH724130.1_1237 
NZ_CH724130.1_578 
NZ_CH724130.1_451 
NZ_CH724130.1_1041 
NZ_CH724130.1_518 
NZ_CH724130.1_814 
NZ_CH724130.1_386 
NZ_CH724130.1_6 
NZ_CH724130.1_764 
NZ_CH724130.1_1311 
NZ_CH724130.1_341 
NZ_CH724130.1_1023 
NZ_CH724130.1_555 
NZ_CH724130.1_369 
NZ_CH724130.1_1082 
NZ_CH724130.1_1247 
NZ_CH724130.1_842 
NZ_CH724130.1_314 
NZ_CH724130.1_1000 
NZ_CH724130.1_1018 
NZ_CH724130.1_1318 
NZ_CH724130.1_347 
NZ_CH724130.1_770 
NZ_CH724130.1_1227 
NZ_CH724130.1_671 
NZ_CH724130.1_315 
NZ_CH724130.1_1238 
NZ_CH724130.1_837 
NZ_CH724130.1_1122 
NZ_CH724130.1_126 
NZ_CH724130.1_1040 
NZ_CH724130.1_187 
NZ_CH724130.1_698 
NZ_CH724130.1_1277 
NZ_CH724130.1_203 
NZ_CH724130.1_916 
NZ_CH724130.1_1146 
NZ_CH724130.1_715 
NZ_CH724130.1_128 
NZ_CH724130.1_316 
NZ_CH724130.1_699 
NZ_CH724130.1_455 
NZ_CH724130.1_68 
NZ_CH724130.1_650 
NZ_CH724130.1_868 
NZ_CH724130.1_531 
NZ_CH724130.1_332 
NZ_CH724130.1_364 
NZ_CH724130.1_1333 
NZ_CH724130.1_618 
NZ_CH724130.1_644 
NZ_CH724130.1_852 
NZ_CH724130.1_900 
NZ_CH724130.1_1324 
NZ_CH724130.1_244 
NZ_CH724130.1_753 
NZ_CH724130.1_679 
NZ_CH724130.1_562 
NZ_CH724130.1_614 
NZ_CH724130.1_1083 
NZ_CH724130.1_1161 
NZ_CH724130.1_19 
NZ_CH724130.1_681 
NZ_CH724130.1_1070 
NZ_CH724130.1_226 
NZ_CH724130.1_713 
NZ_CH724130.1_416 
NZ_CH724130.1_625 
NZ_CH724130.1_734 
NZ_CH724130.1_1307 
NZ_CH724130.1_190 
NZ_CH724130.1_607 
NZ_CH724130.1_726 
NZ_CH724130.1_1224 
NZ_CH724130.1_559 
NZ_CH724130.1_979 
NZ_CH724130.1_140 
NZ_CH724130.1_249 
NZ_CH724130.1_412 
NZ_CH724130.1_642 
NZ_CH724130.1_1055 
NZ_CH724130.1_195 
NZ_CH724130.1_981 
NZ_CH724130.1_179 
NZ_CH724130.1_311 
NZ_CH724130.1_612 
NZ_CH724130.1_801 
NZ_CH724130.1_978 
NZ_CH724130.1_8 
NZ_CH724130.1_384 
NZ_CH724130.1_762 
NZ_CH724130.1_903 
NZ_CH724130.1_1099 
NZ_CH724130.1_1103 
NZ_CH724130.1_1151 
NZ_CH724130.1_289 
NZ_CH724130.1_324 
NZ_CH724130.1_490 
NZ_CH724130.1_775 
NZ_CH724130.1_1029 
NZ_CH724130.1_1290 
NZ_CH724130.1_571 
NZ_CH724130.1_516 
NZ_CH724130.1_585 
NZ_CH724130.1_1258 
NZ_CH724130.1_1265 
NZ_CH724130.1_1192 
NZ_CH724130.1_363 
NZ_CH724130.1_759 
NZ_CH724130.1_522 
NZ_CH724130.1_823 
NZ_CH724130.1_432 
NZ_CH724130.1_515 
NZ_CH724130.1_569 
NZ_CH724130.1_604 
NZ_CH724130.1_839 
NZ_CH724130.1_731 
NZ_CH724130.1_856 
NZ_CH724130.1_1293 
NZ_CH724130.1_48 
NZ_CH724130.1_847 
NZ_CH724130.1_305 
NZ_CH724130.1_1210 
NZ_CH724130.1_355 
NZ_CH724130.1_1360 
NZ_CH724130.1_1302 
NZ_CH724130.1_147 
NZ_CH724130.1_819 
NZ_CH724130.1_961 
NZ_CH724130.1_1280 
NZ_CH724130.1_563 
NZ_CH724130.1_717 
NZ_CH724130.1_1048 
NZ_CH724130.1_662 
NZ_CH724130.1_1078 
NZ_CH724130.1_379 
NZ_CH724130.1_433 
NZ_CH724130.1_264 
NZ_CH724130.1_864 
NZ_CH724130.1_1285 
NZ_CH724130.1_1287 
NZ_CH724130.1_421 
NZ_CH724130.1_745 
NZ_CH724130.1_1278 
NZ_CH724130.1_1336 
NZ_CH724130.1_1014 
NZ_CH724130.1_987 
NZ_CH724130.1_308 
NZ_CH724130.1_697 
NZ_CH724130.1_787 
NZ_CH724130.1_810 
NZ_CH724130.1_1140 
NZ_CH724130.1_271 
NZ_CH724130.1_411 
NZ_CH724130.1_606 
NZ_CH724130.1_879 
NZ_CH724130.1_975 
NZ_CH724130.1_690 
NZ_CH724130.1_312 
NZ_CH724130.1_1097 
NZ_CH724130.1_1312 
NZ_CH724130.1_460 
NZ_CH724130.1_694 
NZ_CH724130.1_957 
NZ_CH724130.1_1026 
NZ_CH724130.1_348 
NZ_CH724130.1_542 
NZ_CH724130.1_92 
NZ_CH724130.1_447 
NZ_CH724130.1_691 
NZ_CH724130.1_883 
NZ_CH724130.1_521 
NZ_CH724130.1_120 
NZ_CH724130.1_1289 
NZ_CH724130.1_1036 
NZ_CH724130.1_111 
NZ_CH724130.1_985 
NZ_CH724130.1_298 
NZ_CH724130.1_318 
NZ_CH724130.1_434 
NZ_CH724130.1_872 
NZ_CH724130.1_279 
NZ_CH724130.1_454 
NZ_CH724130.1_568 
NZ_CH724130.1_841 
NZ_CH724130.1_1231 
NZ_CH724130.1_1002 
NZ_CH724130.1_1030 
NZ_CH724130.1_588 
NZ_CH724130.1_736 
NZ_CH724130.1_796 
NZ_CH724130.1_579 
NZ_CH724130.1_1244 
NZ_CH724130.1_228 
NZ_CH724130.1_230 
NZ_CH724130.1_730 
NZ_CH724130.1_766 
NZ_CH724130.1_927 
NZ_CH724130.1_400 
NZ_CH724130.1_949 
NZ_CH724130.1_673 
NZ_CH724130.1_1223 
NZ_CH724130.1_93 
NZ_CH724130.1_943 
NZ_CH724130.1_1037 
NZ_CH724130.1_423 
NZ_CH724130.1_43 
NZ_CH724130.1_635 
NZ_CH724130.1_537 
NZ_CH724130.1_1128 
NZ_CH724130.1_599 
NZ_CH724130.1_1153 
NZ_CH724130.1_38 
NZ_CH724130.1_422 
NZ_CH724130.1_543 
NZ_CH724130.1_696 
NZ_CH724130.1_940 
NZ_CH724130.1_1141 
NZ_CH724130.1_1226 
NZ_CH724130.1_1242 
NZ_CH724130.1_688 
NZ_CH724130.1_700 
NZ_CH724130.1_805 
NZ_CH724130.1_66 
NZ_CH724130.1_1309 
NZ_CH724130.1_647 
NZ_CH724130.1_1043 
NZ_CH724130.1_1267 
NZ_CH724130.1_567 
NZ_CH724130.1_645 
NZ_CH724130.1_769 
NZ_CH724130.1_946 
NZ_CH724130.1_1351 
NZ_CH724130.1_1047 
NZ_CH724130.1_1158 
NZ_CH724130.1_677 
NZ_CH724130.1_313 
NZ_CH724130.1_32 
NZ_CH724130.1_718 
NZ_CH724130.1_1253 
NZ_CH724130.1_706 
NZ_CH724130.1_963 
NZ_CH724130.1_905 
NZ_CH724130.1_118 
NZ_CH724130.1_1334 
NZ_CH724130.1_183 
NZ_CH724130.1_538 
NZ_CH724130.1_247 
NZ_CH724130.1_10 
NZ_CH724130.1_1251 
NZ_CH724130.1_443 
NZ_CH724130.1_620 
NZ_CH724130.1_1175 
NZ_CH724130.1_18 
NZ_CH724130.1_1219 
NZ_CH724130.1_1276 
NZ_CH724130.1_243 
NZ_CH724130.1_663 
NZ_CH724130.1_661 
NZ_CH724130.1_471 
NZ_CH724130.1_822 
NZ_CH724130.1_1007 
NZ_CH724130.1_238 
NZ_CH724130.1_273 
NZ_CH724130.1_4 
NZ_CH724130.1_680 
NZ_CH724130.1_867 
NZ_CH724130.1_874 
NZ_CH724130.1_906 
NZ_CH724130.1_375 
NZ_CH724130.1_871 
NZ_CH724130.1_895 
NZ_CH724130.1_261 
NZ_CH724130.1_344 
NZ_CH724130.1_495 
NZ_CH724130.1_50 
NZ_CH724130.1_223 
NZ_CH724130.1_627 
NZ_CH724130.1_891 
NZ_CH724130.1_1300 
NZ_CH724130.1_1031 
NZ_CH724130.1_1139 
NZ_CH724130.1_1202 
NZ_CH724130.1_40 
NZ_CH724130.1_640 
NZ_CH724130.1_1107 
NZ_CH724130.1_648 
NZ_CH724130.1_799 
NZ_CH724130.1_1084 
NZ_CH724130.1_1353 
NZ_CH724130.1_750 
NZ_CH724130.1_1125 
NZ_CH724130.1_748 
NZ_CH724130.1_100 
NZ_CH724130.1_1057 
NZ_CH724130.1_65 
NZ_CH724130.1_1013 
NZ_CH724130.1_466 
NZ_CH724130.1_546 
NZ_CH724130.1_233 
NZ_CH724130.1_255 
NZ_CH724130.1_1372 
NZ_CH724130.1_20 
NZ_CH724130.1_468 
NZ_CH724130.1_590 
NZ_CH724130.1_260 
NZ_CH724130.1_295 
NZ_CH724130.1_1102 
NZ_CH724130.1_1126 
NZ_CH724130.1_1172 
NZ_CH724130.1_1173 
NZ_CH724130.1_1327 
NZ_CH724130.1_1248 
NZ_CH724130.1_196 
NZ_CH724130.1_456 
NZ_CH724130.1_1075 
NZ_CH724130.1_1127 
NZ_CH724130.1_676 
NZ_CH724130.1_1076 
NZ_CH724130.1_1156 
NZ_CH724130.1_1178 
NZ_CH724130.1_269 
NZ_CH724130.1_37 
NZ_CH724130.1_551 
NZ_CH724130.1_639 
NZ_CH724130.1_791 
NZ_CH724130.1_560 
NZ_CH724130.1_711 
NZ_CH724130.1_744 
NZ_CH724130.1_761 
NZ_CH724130.1_788 
NZ_CH724130.1_886 
NZ_CH724130.1_322 
NZ_CH724130.1_401 
NZ_CH724130.1_608 
NZ_CH724130.1_63 
NZ_CH724130.1_941 
NZ_CH724130.1_1232 
NZ_CH724130.1_90 
NZ_CH724130.1_1093 
NZ_CH724130.1_545 
NZ_CH724130.1_1229 
NZ_CH724130.1_185 
NZ_CH724130.1_1117 
NZ_CH724130.1_1272 
NZ_CH724130.1_461 
NZ_CH724130.1_601 
NZ_CH724130.1_91 
NZ_CH724130.1_1228 
NZ_CH724130.1_507 
NZ_CH724130.1_202 
NZ_CH724130.1_499 
NZ_CH724130.1_250 
NZ_CH724130.1_488 
NZ_CH724130.1_491 
NZ_CH724130.1_1301 
NZ_CH724130.1_828 
NZ_CH724130.1_1038 
NZ_CH724130.1_121 
NZ_CH724130.1_1266 
NZ_CH724130.1_641 
NZ_CH724130.1_82 
NZ_CH724130.1_397 
NZ_CH724130.1_5 
NZ_CH724130.1_945 
NZ_CH724130.1_286 
NZ_CH724130.1_508 
NZ_CH724130.1_626 
NZ_CH724130.1_816 
NZ_CH724130.1_1077 
NZ_CH724130.1_58 
NZ_CH724130.1_631 
NZ_CH724130.1_1164 
NZ_CH724130.1_213 
NZ_CH724130.1_274 
NZ_CH724130.1_482 
NZ_CH724130.1_589 
NZ_CH724130.1_675 
NZ_CH724130.1_1015 
NZ_CH724130.1_1022 
NZ_CH724130.1_812 
NZ_CH724130.1_489 
NZ_CH724130.1_613 
NZ_CH724130.1_1063 
NZ_CH724130.1_1245 
NZ_CH724130.1_784 
NZ_CH724130.1_1105 
NZ_CH724130.1_33 
NZ_CH724130.1_721 
NZ_CH724130.1_844 
NZ_CH724130.1_878 
NZ_CH724130.1_1101 
NZ_CH724130.1_1243 
NZ_CH724130.1_81 
NZ_CH724130.1_1291 
NZ_CH724130.1_452 
NZ_CH724130.1_722 
NZ_CH724130.1_1129 
NZ_CH724130.1_1254 
NZ_CH724130.1_1343 
NZ_CH724130.1_359 
NZ_CH724130.1_1201 
NZ_CH724130.1_1233 
NZ_CH724130.1_896 
NZ_CH724130.1_1145 
NZ_CH724130.1_163 
NZ_CH724130.1_71 
NZ_CH724130.1_575 
NZ_CH724130.1_728 
NZ_CH724130.1_1108 
NZ_CH724130.1_628 
NZ_CH724130.1_695 
NZ_CH724130.1_741 
NZ_CH724130.1_1148 
NZ_CH724130.1_278 
NZ_CH724130.1_786 
NZ_CH724130.1_325 
NZ_CH724130.1_907 
NZ_CH724130.1_995 
NZ_CH724130.1_1281 
NZ_CH724130.1_360 
NZ_CH724130.1_534 
NZ_CH724130.1_1092 
NZ_CH724130.1_1115 
NZ_CH724130.1_189 
NZ_CH724130.1_1064 
NZ_CH724130.1_188 
NZ_CH724130.1_643 
NZ_CH724130.1_651 
NZ_CH724130.1_477 
NZ_CH724130.1_632 
NZ_CH724130.1_656 
NZ_CH724130.1_602 
NZ_CH724130.1_256 
NZ_CH724130.1_409 
NZ_CH724130.1_441 
NZ_CH724130.1_760 
NZ_CH724130.1_909 
NZ_CH724130.1_897 
NZ_CH724130.1_1337 
NZ_CH724130.1_345 
NZ_CH724130.1_427 
NZ_CH724130.1_710 
NZ_CH724130.1_1120 
NZ_CH724130.1_547 
NZ_CH724130.1_1215 
NZ_CH724130.1_1363 
NZ_CH724130.1_349 
NZ_CH724130.1_51 
NZ_CH724130.1_616 
NZ_CH724130.1_1283 
NZ_CH724130.1_139 
NZ_CH724130.1_1152 
NZ_CH724130.1_145 
NZ_CH724130.1_266 
NZ_CH724130.1_1005 
NZ_CH724130.1_300 
NZ_CH724130.1_410 
NZ_CH724130.1_857 
NZ_CH724130.1_884 
NZ_CH724130.1_1011 
NZ_CH724130.1_1179 
NZ_CH724130.1_527 
NZ_CH724130.1_592 
NZ_CH724130.1_595 
NZ_CH724130.1_714 
NZ_CH724130.1_1159 
NZ_CH724130.1_141 
NZ_CH724130.1_429 
NZ_CH724130.1_436 
NZ_CH724130.1_815 
NZ_CH724130.1_964 
NZ_CH724130.1_1273 
NZ_CH724130.1_207 
NZ_CH724130.1_584 
NZ_CH724130.1_622 
NZ_CH724130.1_685 
NZ_CH724130.1_1184 
NZ_CH724130.1_267 
NZ_CH724130.1_27 
NZ_CH724130.1_290 
NZ_CH724130.1_1279 
NZ_CH724130.1_1348 
NZ_CH724130.1_272 
NZ_CH724130.1_811 
NZ_CH724130.1_849 
NZ_CH724130.1_921 
NZ_CH724130.1_1371 
NZ_CH724130.1_143 
NZ_CH724130.1_1039 
NZ_CH724130.1_1286 
NZ_CH724130.1_1346 
NZ_CH724130.1_367 
NZ_CH724130.1_405 
NZ_CH724130.1_505 
NZ_CH724130.1_986 
NZ_CH724130.1_1216 
NZ_CH724130.1_146 
NZ_CH724130.1_294 
NZ_CH724130.1_666 
NZ_CH724130.1_686 
NZ_CH724130.1_742 
NZ_CH724130.1_790 
NZ_CH724130.1_127 
NZ_CH724130.1_1295 
NZ_CH724130.1_1134 
NZ_CH724130.1_220 
NZ_CH724130.1_1143 
NZ_CH724130.1_1359 
NZ_CH724130.1_1176 
NZ_CH724130.1_340 
NZ_CH724130.1_655 
NZ_CH724130.1_732 
NZ_CH724130.1_1034 
NZ_CH724130.1_218 
NZ_CH724130.1_779 
NZ_CH724130.1_920 
NZ_CH724130.1_954 
NZ_CH724130.1_1059 
NZ_CH724130.1_1183 
NZ_CH724130.1_130 
NZ_CH724130.1_21 
NZ_CH724130.1_333 
NZ_CH724130.1_160 
NZ_CH724130.1_968 
NZ_CH724130.1_479 
NZ_CH724130.1_1270 
NZ_CH724130.1_22 
NZ_CH724130.1_687 
NZ_CH724130.1_845 
NZ_CH724130.1_1114 
NZ_CH724130.1_293 
NZ_CH724130.1_39 
NZ_CH724130.1_689 
NZ_CH724130.1_707 
NZ_CH724130.1_840 
NZ_CH724130.1_13 
NZ_CH724130.1_142 
NZ_CH724130.1_670 
NZ_CH724130.1_942 
NZ_CH724130.1_757 
NZ_CH724130.1_1058 
NZ_CH724130.1_123 
NZ_CH724130.1_151 
NZ_CH724130.1_765 
NZ_CH724130.1_768 
NZ_CH724130.1_1155 
NZ_CH724130.1_591 
NZ_CH724130.1_998 
NZ_CH724130.1_137 
NZ_CH724130.1_166 
NZ_CH724130.1_222 
NZ_CH724130.1_80 
NZ_CH724130.1_1188 
NZ_CH724130.1_1230 
NZ_CH724130.1_346 
NZ_CH724130.1_357 
NZ_CH724130.1_391 
NZ_CH724130.1_653 
NZ_CH724130.1_785 
NZ_CH724130.1_911 
NZ_CH724130.1_221 
NZ_CH724130.1_1113 
NZ_CH724130.1_1174 
NZ_CH724130.1_356 
NZ_CH724130.1_536 
NZ_CH724130.1_719 
NZ_CH724130.1_932 
NZ_CH724130.1_520 
NZ_CH724130.1_834 
NZ_CH724130.1_1121 
NZ_CH724130.1_754 
NZ_CH724130.1_885 
NZ_CH724130.1_1177 
NZ_CH724130.1_201 
NZ_CH724130.1_1086 
NZ_CH724130.1_603 
NZ_CH724130.1_1306 
NZ_CH724130.1_79 
NZ_CH724130.1_180 
NZ_CH724130.1_224 
NZ_CH724130.1_394 
NZ_CH724130.1_898 
NZ_CH724130.1_928 
NZ_CH724130.1_77 
NZ_CH724130.1_1067 
NZ_CH724130.1_881 
NZ_CH724130.1_373 
NZ_CH724130.1_758 
NZ_CH724130.1_119 
NZ_CH724130.1_619 
NZ_CH724130.1_634 
NZ_CH724130.1_919 
NZ_CH724130.1_124 
NZ_CH724130.1_161 
NZ_CH724130.1_664 
NZ_CH724130.1_936 
NZ_CH724130.1_98 
NZ_CH724130.1_1085 
NZ_CH724130.1_186 
NZ_CH724130.1_572 
NZ_CH724130.1_131 
NZ_CH724130.1_960 
NZ_CH724130.1_277 
NZ_CH724130.1_1001 
NZ_CH724130.1_101 
NZ_CH724130.1_1355 
NZ_CH724130.1_270 
NZ_CH724130.1_385 
NZ_CH724130.1_600 
NZ_CH724130.1_692 
NZ_CH724130.1_738 
NZ_CH724130.1_749 
NZ_CH724130.1_3 
NZ_CH724130.1_378 
NZ_CH724130.1_380 
NZ_CH724130.1_548 
NZ_CH724130.1_956 
NZ_CH724130.1_463 
NZ_CH724130.1_217 
NZ_CH724130.1_880 
NZ_CH724130.1_1061 
NZ_CH724130.1_46 
NZ_CH724130.1_84 
NZ_CH724130.1_1035 
NZ_CH724130.1_830 
NZ_CH724130.1_1214 
NZ_CH724130.1_229 
NZ_CH724130.1_285 
NZ_CH724130.1_851 
NZ_CH724130.1_877 
NZ_CH724130.1_914 
NZ_CH724130.1_1137 
NZ_CH724130.1_1304 
NZ_CH724130.1_506 
NZ_CH724130.1_918 
NZ_CH724130.1_1284 
NZ_CH724130.1_1342 
NZ_CH724130.1_668 
NZ_CH724130.1_908 
NZ_CH724130.1_1165 
NZ_CH724130.1_72 
NZ_CH724130.1_751 
NZ_CH724130.1_440 
NZ_CH724130.1_478 
NZ_CH724130.1_85 
NZ_CH724130.1_887 
NZ_CH724130.1_889 
NZ_AAPV01000005.1_1 
NZ_CH724130.1_470 
NZ_CH724130.1_539 
NZ_CH724130.1_194 
NZ_AAPV01000003.1_1 
NZ_CH724130.1_413 
NZ_CH724130.1_1368 
NZ_CH724130.1_476 
NZ_CH724130.1_500 
NZ_CH724130.1_610 
NZ_CH724130.1_743 
NZ_CH724130.1_910 
NZ_CH724130.1_1098 
NZ_CH724130.1_702 
NZ_CH724130.1_833 
NZ_CH724130.1_102 
NZ_CH724130.1_1049 
NZ_CH724130.1_208 
NZ_CH724130.1_368 
NZ_CH724130.1_993 
NZ_CH724130.1_1142 
NZ_CH724130.1_1154 
NZ_CH724130.1_665 
NZ_CH724130.1_892 
NZ_CH724130.1_1020 
NZ_CH724130.1_776 
NZ_CH724130.1_1045 
NZ_CH724130.1_172 
NZ_CH724130.1_265 
NZ_CH724130.1_438 
NZ_CH724130.1_44 
NZ_CH724130.1_649 
NZ_CH724130.1_925 
NZ_CH724130.1_1050 
NZ_CH724130.1_358 
NZ_CH724130.1_390 
NZ_CH724130.1_67 
NZ_CH724130.1_966 
NZ_CH724130.1_1250 
NZ_CH724130.1_1330 
NZ_CH724130.1_582 
NZ_CH724130.1_1357 
NZ_CH724130.1_496 
NZ_CH724130.1_557 
NZ_CH724130.1_808 
NZ_CH724130.1_1028 
NZ_CH724130.1_1079 
NZ_CH724130.1_112 
NZ_CH724130.1_23 
NZ_CH724130.1_49 
NZ_CH724130.1_615 
NZ_CH724130.1_78 
NZ_CH724130.1_873 
NZ_CH724130.1_890 
NZ_CH724130.1_1132 
NZ_CH724130.1_175 
NZ_CH724130.1_1119 
NZ_CH724130.1_57 
NZ_CH724130.1_832 
NZ_CH724130.1_149 
NZ_CH724130.1_30 
NZ_CH724130.1_798 
NZ_CH724130.1_31 
NZ_CH724130.1_353 
NZ_CH724130.1_999 
NZ_CH724130.1_1069 
NZ_CH724130.1_1255 
NZ_CH724130.1_1264 
NZ_CH724130.1_215 
NZ_CH724130.1_381 
NZ_CH724130.1_915 
NZ_CH724130.1_1180 
NZ_CH724130.1_792 
NZ_CH724130.1_113 
NZ_CH724130.1_917 
NZ_CH724130.1_177 
NZ_CH724130.1_263 
NZ_CH724130.1_45 
NZ_CH724130.1_795 
NZ_CH724130.1_1150 
NZ_CH724130.1_974 
NZ_CH724130.1_1074 
NZ_CH724130.1_1189 
NZ_CH724130.1_962 
NZ_CH724130.1_1299 
NZ_CH724130.1_152 
NZ_CH724130.1_319 
NZ_CH724130.1_453 
NZ_CH724130.1_924 
NZ_CH724130.1_1095 
NZ_CH724130.1_1369 
NZ_CH724130.1_504 
NZ_CH724130.1_747 
NZ_CH724130.1_855 
NZ_CH724130.1_1131 
NZ_CH724130.1_281 
NZ_CH724130.1_654 
NZ_CH724130.1_1352 
NZ_CH724130.1_593 
NZ_CH724130.1_701 
NZ_CH724130.1_1072 
NZ_CH724130.1_1138 
NZ_CH724130.1_55 
NZ_CH724130.1_888 
NZ_CH724130.1_1123 
NZ_CH724130.1_1196 
NZ_CH724130.1_204 
NZ_CH724130.1_374 
NZ_CH724130.1_565 
NZ_CH724130.1_1328 
NZ_CH724130.1_509 
NZ_CH724130.1_789 
NZ_CH724130.1_831 
NZ_CH724130.1_1025 
NZ_CH724130.1_1147 
NZ_CH724130.1_574 
NZ_CH724130.1_727 
NZ_CH724130.1_439 
NZ_CH724130.1_157 
NZ_CH724130.1_214 
NZ_CH724130.1_41 
NZ_CH724130.1_426 
NZ_CH724130.1_514 
NZ_CH724130.1_1217 
NZ_CH724130.1_1350 
NZ_CH724130.1_444 
NZ_CH724130.1_580 
NZ_CH724130.1_235 
NZ_CH724130.1_894 
NZ_CH724130.1_1149 
NZ_CH724130.1_1211 
NZ_CH724130.1_178 
NZ_CH724130.1_191 
NZ_CH724130.1_245 
NZ_CH724130.1_703 
NZ_CH724130.1_866 
NZ_CH724130.1_1056 
NZ_CH724130.1_227 
NZ_CH724130.1_283 
NZ_CH724130.1_320 
NZ_CH724130.1_554 
NZ_CH724130.1_959 
NZ_CH724130.1_105 
NZ_CH724130.1_197 
NZ_CH724130.1_2 
NZ_CH724130.1_1 
NZ_CH724130.1_1096 
NZ_CH724130.1_182 
NZ_CH724130.1_498 
NZ_CH724130.1_1171 
NZ_CH724130.1_246 
NZ_CH724130.1_725 
NZ_CH724130.1_850 
NZ_CH724130.1_658 
NZ_CH724130.1_1065 
NZ_CH724130.1_1197 
NZ_CH724130.1_24 
NZ_CH724130.1_1345 
NZ_CH724130.1_352 
NZ_CH724130.1_529 
NZ_CH724130.1_1163 
NZ_CH724130.1_1308 
NZ_CH724130.1_1364 
NZ_CH724130.1_184 
NZ_CH724130.1_321 
NZ_CH724130.1_598 
NZ_CH724130.1_60 
NZ_CH724130.1_848 
NZ_CH724130.1_1193 
NZ_CH724130.1_904 
NZ_CH724130.1_733 
NZ_CH724130.1_59 
NZ_CH724130.1_912 
NZ_CH724130.1_1124 
NZ_CH724130.1_1167 
NZ_CH724130.1_150 
NZ_CH724130.1_17 
NZ_CH724130.1_225 
NZ_CH724130.1_392 
NZ_CH724130.1_519 
NZ_CH724130.1_530 
NZ_CH724130.1_820 
NZ_CH724130.1_826 
NZ_CH724130.1_1366 
NZ_CH724130.1_657 
NZ_CH724130.1_913 
NZ_CH724130.1_1310 
NZ_CH724130.1_1365 
NZ_CH724130.1_596 
NZ_CH724130.1_970 
NZ_AAPV01000003.1_2 
NZ_CH724130.1_652 
NZ_CH724130.1_853 
NZ_CH724130.1_953 
NZ_CH724130.1_938 
NZ_CH724130.1_1110 
NZ_CH724130.1_167 
NZ_CH724130.1_469 
NZ_CH724130.1_540 
NZ_CH724130.1_56 
NZ_CH724130.1_236 
NZ_CH724130.1_532 
NZ_CH724130.1_1033 
NZ_CH724130.1_1106 
NZ_CH724130.1_1157 
NZ_CH724130.1_232 
NZ_CH724130.1_448 
NZ_CH724130.1_52 
NZ_CH724130.1_997 
NZ_CH724130.1_1319 
NZ_CH724130.1_144 
NZ_CH724130.1_1373 
NZ_CH724130.1_165 
NZ_CH724130.1_302 
NZ_CH724130.1_573 
NZ_CH724130.1_88 
NZ_CH724130.1_174 
NZ_CH724130.1_253 
NZ_CH724130.1_611 
NZ_CH724130.1_774 
NZ_CH724130.1_982 
NZ_CH724130.1_1024 
NZ_CH724130.1_858 
NZ_CH724130.1_1060 
NZ_CH724130.1_1361 
NZ_CH724130.1_36 
NZ_CH724130.1_984 
NZ_CH724130.1_1241 
NZ_CH724130.1_219 
NZ_CH724130.1_231 
NZ_CH724130.1_87 
NZ_CH724130.1_870 
NZ_CH724130.1_1008 
NZ_CH724130.1_181 
NZ_CH724130.1_96 
NZ_CH724130.1_587 
NZ_CH724130.1_958 
NZ_CH724130.1_973 
NZ_CH724130.1_103 
NZ_CH724130.1_1329 
NZ_CH724130.1_240 
NZ_CH724130.1_983 
NZ_CH724130.1_1261 
NZ_CH724130.1_1362 
NZ_CH724130.1_1239 
NZ_CH724130.1_156 
NZ_CH724130.1_309 
NZ_CH724130.1_83 
NZ_CH724130.1_16 
NZ_CH724130.1_170 
NZ_CH724130.1_382 
NZ_CH724130.1_861 
NZ_CH724130.1_153 
NZ_CH724130.1_552 
NZ_CH724130.1_682 
NZ_CH724130.1_303 
NZ_CH724130.1_609 
NZ_CH724130.1_329 
NZ_CH724130.1_533 
NZ_CH724130.1_176 
NZ_CH724130.1_806 
NZ_CH724130.1_933 
NZ_CH724130.1_1027 
NZ_CH724130.1_1325 
NZ_CH724130.1_424 
NZ_CH724130.1_494 
NZ_CH724130.1_1080 
NZ_CH724130.1_1347 
NZ_CH724130.1_501 
NZ_CH724130.1_64 
NZ_CH724130.1_1204 
NZ_CH724130.1_475 
NZ_CH724130.1_781 
NZ_CH724130.1_929 
NZ_CH724130.1_965 
NZ_CH724130.1_1303 
NZ_CH724130.1_86 
NZ_CH724130.1_134 
NZ_CH724130.1_1199 
NZ_CH724130.1_952 
NZ_CH724130.1_1009 
NZ_CH724130.1_827 
NZ_CH724130.1_1044 
NZ_CH724130.1_1271 
NZ_CH724130.1_659 
NZ_CH724130.1_843 
NZ_CH724130.1_621 
NZ_CH724130.1_967 
NZ_CH724130.1_1091 
NZ_CH724130.1_14 
NZ_CH724130.1_739 
NZ_CH724130.1_763 
NZ_CH724130.1_73 
NZ_CH724130.1_1344 
NZ_CH724130.1_372 
NZ_CH724130.1_70 
NZ_CH724130.1_1220 
NZ_CH724130.1_159 
NZ_CH724130.1_672 
NZ_CH724130.1_1071 
NZ_CH724130.1_173 
NZ_CH724130.1_922 
NZ_CH724130.1_1240 
NZ_CH724130.1_192 
NZ_CH724130.1_323 
NZ_CH724130.1_339 
NZ_CH724130.1_1068 
NZ_CH724130.1_1263 
NZ_CH724130.1_513 
NZ_CH724130.1_162 
NZ_CH724130.1_164 
NZ_CH724130.1_54 
NZ_CH724130.1_9 
NZ_CH724130.1_1198 
NZ_CH724130.1_242 
NZ_CH724130.1_944 
NZ_CH724130.1_198 
NZ_CH724130.1_288 
NZ_CH724130.1_420 
NZ_CH724130.1_262 
NZ_CH724130.1_252 
NZ_CH724130.1_553 
NZ_CH724130.1_1135 
NZ_CH724130.1_115 
NZ_CH724130.1_107 
NZ_CH724130.1_254 
NZ_CH724130.1_497 
NZ_CH724130.1_275 
NZ_CH724130.1_948 
NZ_CH724130.1_205 
NZ_CH724130.1_296 
NZ_CH724130.1_503 
NZ_CH724130.1_797 
NZ_CH724130.1_935 
NZ_CH724130.1_1032 
NZ_CH724130.1_1160 
NZ_CH724130.1_1262 
NZ_CH724130.1_258 
NZ_CH724130.1_387 
NZ_CH724130.1_76 
NZ_CH724130.1_782 
NZ_CH724130.1_171 
NZ_CH724130.1_860 
NZ_CH724130.1_365 
NZ_CH724130.1_638 
NZ_CH724130.1_138 
NZ_CH724130.1_549 
NZ_CH724130.1_89 
NZ_CH724130.1_1111 
NZ_CH724130.1_169 
NZ_CH724130.1_667 
NZ_CH724130.1_1133 
NZ_CH724130.1_26 
NZ_CH724130.1_337 
NZ_CH724130.1_566 
NZ_CH724130.1_969 
NZ_CH724130.1_1317 
NZ_CH724130.1_135 
NZ_CH724130.1_248 
NZ_CH724130.1_778 
NZ_CH724130.1_291 
NZ_CH724130.1_304 
NZ_CH724130.1_955 
NZ_CH724130.1_528 
NZ_CH724130.1_104 
NZ_CH724130.1_1182 
NZ_CH724130.1_472 
NZ_CH724130.1_435 
NZ_CH724130.1_564 
NZ_CH724130.1_704 
NZ_CH724130.1_807 
NZ_CH724130.1_835 
NZ_CH724130.1_947 
NZ_CH724130.1_292 
NZ_CH724130.1_772 
NZ_CH724130.1_1367 
NZ_CH724130.1_1335 
NZ_CH724130.1_669 
NZ_CH724130.1_148 
NZ_CH724130.1_168 
NZ_CH724130.1_241 
NZ_CH724130.1_1100 
NZ_CH724130.1_683 
NZ_CH724130.1_1246 
NZ_CH724130.1_69 
NZ_CH724130.1_237 
NZ_CH724130.1_61 
NZ_CH724130.1_991 
NZ_CH724130.1_794 
NZ_CH724130.1_1356 
NZ_CH724130.1_388 
NZ_CH724130.1_511 
NZ_CH724130.1_75 
NZ_CH724130.1_62 
NZ_CH724130.1_74 
NZ_CH724130.1_780 
NZ_CH724130.1_7 
NZ_CH724130.1_437 
NZ_CH724130.1_1206 
NZ_AAPV01000005.1_2 
NZ_CH724130.1_389 
NZ_CH724130.1_393 
NZ_CH724130.1_684 
NZ_CH724130.1_767 
NZ_CH724130.1_1118 
NZ_CH724130.1_674 
NZ_CH724130.1_1186 
NZ_CH724130.1_617 
NZ_CH724130.1_838 
NZ_CH724130.1_1089 
NZ_CH724130.1_109 
NZ_CH724130.1_132 
NZ_CH724130.1_777 
