NC_007722.1_1144 NC_007722.1_2041 NC_007722.1_1740 NC_007722.1_445 NC_007722.1_196 NC_007722.1_2117 NC_007722.1_2258 NC_007722.1_2856 NC_007722.1_1893 NC_007722.1_1441 NC_007722.1_512 NC_007722.1_338 NC_007722.1_1688 NC_007722.1_1890 NC_007722.1_1959 NC_007722.1_2869 NC_007722.1_292 NC_007722.1_1768 NC_007722.1_454 NC_007722.1_1784 NC_007722.1_1454 NC_007722.1_1398 NC_007722.1_2720 NC_007722.1_1445 NC_007722.1_2425 NC_007722.1_1411 NC_007722.1_2418 NC_007722.1_1382 NC_007722.1_1416 
NC_007722.1_7 NC_007722.1_2828 NC_007722.1_2948 NC_007722.1_2940 NC_007722.1_61 NC_007722.1_1822 NC_007722.1_2367 NC_007722.1_1814 NC_007722.1_2264 NC_007722.1_1892 NC_007722.1_918 NC_007722.1_2319 NC_007722.1_2181 NC_007722.1_1976 NC_007722.1_195 NC_007722.1_2116 NC_007722.1_12 NC_007722.1_1891 NC_007722.1_1821 NC_007722.1_2949 NC_007722.1_2939 NC_007722.1_62 
NC_007722.1_2449 NC_007722.1_2298 NC_007722.1_1101 NC_007722.1_258 NC_007722.1_2806 NC_007722.1_1065 NC_007722.1_2321 NC_007722.1_2174 NC_007722.1_1567 NC_007722.1_2513 NC_007722.1_1775 NC_007722.1_2254 NC_007722.1_1379 NC_007722.1_336 
NC_007722.1_1977 NC_007722.1_293 NC_007722.1_1340 NC_007722.1_680 NC_007722.1_193 NC_007722.1_1415 NC_007722.1_917 NC_007722.1_963 NC_007722.1_2114 NC_007722.1_10 NC_007722.1_1978 NC_007722.1_2390 
NC_007722.1_2493 NC_007722.1_418 NC_007722.1_2346 NC_007722.1_2539 NC_007722.1_1063 NC_007722.1_2804 NC_007722.1_494 NC_007722.1_715 NC_007722.1_949 NC_007722.1_2775 NC_007722.1_2217 
NC_007722.1_64 NC_007722.1_2602 NC_007722.1_2326 NC_007722.1_91 NC_007722.1_1373 NC_007722.1_192 NC_007722.1_2113 NC_007722.1_2306 NC_007722.1_2479 
NC_007722.1_2932 NC_007722.1_1429 NC_007722.1_147 NC_007722.1_151 NC_007722.1_1555 NC_007722.1_1796 NC_007722.1_2123 NC_007722.1_804 
NC_007722.1_2931 NC_007722.1_1428 NC_007722.1_148 NC_007722.1_150 NC_007722.1_1554 NC_007722.1_1797 NC_007722.1_2124 NC_007722.1_805 
NC_007722.1_1434 NC_007722.1_478 NC_007722.1_1433 NC_007722.1_936 NC_007722.1_1573 NC_007722.1_770 NC_007722.1_2214 
NC_007722.1_2056 NC_007722.1_2765 NC_007722.1_2157 NC_007722.1_1577 NC_007722.1_765 NC_007722.1_616 NC_007722.1_1412 
NC_007722.1_425 NC_007722.1_2523 NC_007722.1_2831 NC_007722.1_1941 NC_007722.1_1186 NC_007722.1_1010 
NC_007722.1_2241 NC_007722.1_1896 NC_007722.1_1442 NC_007722.1_2597 NC_007722.1_648 NC_007722.1_1481 
NC_007722.1_2240 NC_007722.1_1819 NC_007722.1_880 NC_007722.1_1721 NC_007722.1_2494 
NC_007722.1_1580 NC_007722.1_72 NC_007722.1_1209 NC_007722.1_959 NC_007722.1_1967 
NC_007722.1_456 NC_007722.1_1235 NC_007722.1_1233 NC_007722.1_1048 NC_007722.1_670 
NC_007722.1_9 NC_007722.1_2369 NC_007722.1_1320 NC_007722.1_2380 NC_007722.1_291 
NC_007722.1_2018 NC_007722.1_115 NC_007722.1_2042 NC_007722.1_228 NC_007722.1_601 
NC_007722.1_40 NC_007722.1_140 NC_007722.1_2890 NC_007722.1_799 NC_007722.1_822 
NC_007722.1_579 NC_007722.1_1158 NC_007722.1_877 NC_007722.1_1965 NC_007722.1_861 
NC_007722.1_2377 NC_007722.1_49 NC_007722.1_2475 NC_007722.1_1780 
NC_007722.1_2320 NC_007722.1_585 NC_007722.1_1507 NC_007722.1_819 
NC_007722.1_2451 NC_007722.1_2426 NC_007722.1_2942 NC_007722.1_1933 
NC_007722.1_786 NC_007722.1_1969 NC_007722.1_2876 NC_007722.1_21 
NC_007722.1_803 NC_007722.1_802 NC_007722.1_145 NC_007722.1_144 
NC_007722.1_2447 NC_007722.1_11 NC_007722.1_2121 NC_007722.1_2817 
NC_007722.1_229 NC_007722.1_866 NC_007722.1_876 NC_007722.1_868 
NC_007722.1_2735 NC_007722.1_1114 NC_007722.1_2164 NC_007722.1_1509 
NC_007722.1_127 NC_007722.1_631 NC_007722.1_787 NC_007722.1_2881 
NC_007722.1_1706 NC_007722.1_161 NC_007722.1_2897 NC_007722.1_836 
NC_007722.1_459 NC_007722.1_1910 NC_007722.1_226 NC_007722.1_326 
NC_007722.1_1998 NC_007722.1_578 NC_007722.1_1996 NC_007722.1_577 
NC_007722.1_2880 NC_007722.1_2278 NC_007722.1_164 NC_007722.1_839 
NC_007722.1_143 NC_007722.1_2893 NC_007722.1_801 NC_007722.1_823 
NC_007722.1_129 NC_007722.1_2883 NC_007722.1_789 
NC_007722.1_2896 NC_007722.1_154 NC_007722.1_826 
NC_007722.1_166 NC_007722.1_2908 NC_007722.1_841 
NC_007722.1_176 NC_007722.1_851 NC_007722.1_2918 
NC_007722.1_153 NC_007722.1_825 NC_007722.1_2895 
NC_007722.1_969 NC_007722.1_1951 NC_007722.1_609 
NC_007722.1_130 NC_007722.1_2884 NC_007722.1_791 
NC_007722.1_592 NC_007722.1_958 NC_007722.1_1510 
NC_007722.1_169 NC_007722.1_2911 NC_007722.1_844 
NC_007722.1_733 NC_007722.1_702 NC_007722.1_690 
NC_007722.1_60 NC_007722.1_1894 NC_007722.1_1019 
NC_007722.1_1287 NC_007722.1_2852 NC_007722.1_2791 
NC_007722.1_167 NC_007722.1_842 NC_007722.1_2909 
NC_007722.1_1869 NC_007722.1_375 NC_007722.1_1636 
NC_007722.1_2921 NC_007722.1_179 NC_007722.1_854 
NC_007722.1_1206 NC_007722.1_1016 NC_007722.1_1579 
NC_007722.1_194 NC_007722.1_2115 NC_007722.1_2946 
NC_007722.1_266 NC_007722.1_232 NC_007722.1_2351 
NC_007722.1_2621 NC_007722.1_2618 NC_007722.1_2631 
NC_007722.1_833 NC_007722.1_620 NC_007722.1_627 
NC_007722.1_171 NC_007722.1_2913 NC_007722.1_846 
NC_007722.1_2120 NC_007722.1_198 NC_007722.1_1654 
NC_007722.1_135 NC_007722.1_2888 NC_007722.1_797 
NC_007722.1_2886 NC_007722.1_131 NC_007722.1_795 
NC_007722.1_853 NC_007722.1_2920 NC_007722.1_178 
NC_007722.1_937 NC_007722.1_1249 NC_007722.1_1727 
NC_007722.1_1088 NC_007722.1_1090 NC_007722.1_2945 
NC_007722.1_1037 NC_007722.1_999 NC_007722.1_2719 
NC_007722.1_2910 NC_007722.1_168 NC_007722.1_843 
NC_007722.1_2922 NC_007722.1_180 NC_007722.1_855 
NC_007722.1_170 NC_007722.1_845 NC_007722.1_2912 
NC_007722.1_2400 NC_007722.1_2638 NC_007722.1_1350 
NC_007722.1_1810 NC_007722.1_2665 NC_007722.1_2691 
NC_007722.1_1719 NC_007722.1_1449 NC_007722.1_519 
NC_007722.1_2914 NC_007722.1_172 NC_007722.1_847 
NC_007722.1_177 NC_007722.1_852 NC_007722.1_2919 
NC_007722.1_181 NC_007722.1_2923 NC_007722.1_856 
NC_007722.1_2915 NC_007722.1_173 NC_007722.1_848 
NC_007722.1_184 NC_007722.1_2926 NC_007722.1_859 
NC_007722.1_2887 NC_007722.1_796 NC_007722.1_132 
NC_007722.1_119 NC_007722.1_118 NC_007722.1_120 
NC_007722.1_175 NC_007722.1_850 NC_007722.1_2917 
NC_007722.1_2244 NC_007722.1_2243 NC_007722.1_2343 
NC_007722.1_2916 NC_007722.1_174 NC_007722.1_849 
NC_007722.1_2894 NC_007722.1_152 NC_007722.1_824 
NC_007722.1_2925 NC_007722.1_183 NC_007722.1_858 
NC_007722.1_431 NC_007722.1_2941 NC_007722.1_341 
NC_007722.1_1699 NC_007722.1_2457 NC_007722.1_726 
NC_007722.1_798 NC_007722.1_139 NC_007722.1_2889 
NC_007722.1_860 NC_007722.1_185 NC_007722.1_2927 
NC_007722.1_182 NC_007722.1_2924 NC_007722.1_857 
NC_007722.1_141 NC_007722.1_2891 NC_007722.1_800 
NC_007722.1_1637 NC_007722.1_318 NC_007722.1_319 
NC_007722.1_165 NC_007722.1_840 NC_007722.1_2907 
NC_007722.1_871 NC_007722.1_885 
NC_007722.1_2953 NC_007722.1_642 
NC_007722.1_2938 NC_007722.1_1778 
NC_007722.1_283 NC_007722.1_2595 
NC_007722.1_2308 NC_007722.1_1174 
NC_007722.1_869 NC_007722.1_888 
NC_007722.1_2230 NC_007722.1_2211 
NC_007722.1_222 NC_007722.1_221 
NC_007722.1_2637 NC_007722.1_2401 
NC_007722.1_2235 NC_007722.1_524 
NC_007722.1_2007 NC_007722.1_1436 
NC_007722.1_1212 NC_007722.1_1519 
NC_007722.1_1408 NC_007722.1_2296 
NC_007722.1_906 NC_007722.1_2833 
NC_007722.1_110 NC_007722.1_1360 
NC_007722.1_1159 NC_007722.1_2579 
NC_007722.1_711 NC_007722.1_595 
NC_007722.1_1085 NC_007722.1_879 
NC_007722.1_2315 NC_007722.1_961 
NC_007722.1_2837 NC_007722.1_815 
NC_007722.1_2112 NC_007722.1_2734 
NC_007722.1_392 NC_007722.1_2950 
NC_007722.1_2061 NC_007722.1_924 
NC_007722.1_2933 NC_007722.1_2136 
NC_007722.1_2746 NC_007722.1_69 
NC_007722.1_2234 NC_007722.1_811 
NC_007722.1_622 NC_007722.1_626 
NC_007722.1_220 NC_007722.1_271 
NC_007722.1_474 NC_007722.1_638 
NC_007722.1_1474 NC_007722.1_767 
NC_007722.1_1751 NC_007722.1_332 
NC_007722.1_1319 NC_007722.1_2111 
NC_007722.1_1260 NC_007722.1_1015 
NC_007722.1_2639 NC_007722.1_2399 
NC_007722.1_2619 NC_007722.1_2615 
NC_007722.1_2732 NC_007722.1_1324 
NC_007722.1_1691 NC_007722.1_65 
NC_007722.1_209 NC_007722.1_2816 
NC_007722.1_1014 NC_007722.1_1261 
NC_007722.1_1943 NC_007722.1_1210 
NC_007722.1_2338 NC_007722.1_87 
NC_007722.1_783 NC_007722.1_1327 
NC_007722.1_1068 NC_007722.1_1290 
NC_007722.1_322 NC_007722.1_927 
NC_007722.1_2540 NC_007722.1_2492 
NC_007722.1_2773 NC_007722.1_941 
NC_007722.1_1424 NC_007722.1_367 
NC_007722.1_353 NC_007722.1_1134 
NC_007722.1_245 NC_007722.1_448 
NC_007722.1_2225 NC_007722.1_1395 
NC_007722.1_2623 NC_007722.1_2626 
NC_007722.1_907 NC_007722.1_2832 
NC_007722.1_384 NC_007722.1_2600 
NC_007722.1_2944 NC_007722.1_1935 
NC_007722.1_1215 NC_007722.1_1217 
NC_007722.1_1330 NC_007722.1_2811 
NC_007722.1_1864 NC_007722.1_1863 
NC_007722.1_5 NC_007722.1_1643 
NC_007722.1_2348 NC_007722.1_1934 
NC_007722.1_1443 NC_007722.1_188 
NC_007722.1_430 NC_007722.1_429 
NC_007722.1_2520 NC_007722.1_2522 
NC_007722.1_342 NC_007722.1_1160 
NC_007722.1_719 NC_007722.1_1097 
NC_007722.1_199 NC_007722.1_2103 
NC_007722.1_2718 NC_007722.1_2717 
NC_007722.1_1746 NC_007722.1_2867 
NC_007722.1_2487 NC_007722.1_2095 
NC_007722.1_731 NC_007722.1_388 
NC_007722.1_1150 NC_007722.1_1149 
NC_007722.1_979 NC_007722.1_1179 
NC_007722.1_2882 NC_007722.1_788 
NC_007722.1_321 NC_007722.1_1980 
NC_007722.1_186 NC_007722.1_1680 
NC_007722.1_446 NC_007722.1_777 
NC_007722.1_617 NC_007722.1_86 
NC_007722.1_2725 NC_007722.1_2723 
NC_007722.1_530 NC_007722.1_953 
NC_007722.1_698 NC_007722.1_1102 
NC_007722.1_1765 NC_007722.1_1764 
NC_007722.1_2641 NC_007722.1_1326 
NC_007722.1_490 NC_007722.1_1791 
NC_007722.1_2664 NC_007722.1_2692 
NC_007722.1_2356 NC_007722.1_2550 
NC_007722.1_974 NC_007722.1_2107 
NC_007722.1_2709 NC_007722.1_1878 
NC_007722.1_2419 NC_007722.1_432 
NC_007722.1_2573 NC_007722.1_2163 
NC_007722.1_1696 NC_007722.1_1695 
NC_007722.1_114 NC_007722.1_227 
NC_007722.1_898 NC_007722.1_1141 
NC_007722.1_2222 NC_007722.1_713 
NC_007722.1_1062 NC_007722.1_1785 
NC_007722.1_894 NC_007722.1_1516 
NC_007722.1_1259 NC_007722.1_1631 
NC_007722.1_909 NC_007722.1_1583 
NC_007722.1_1099 NC_007722.1_1683 
NC_007722.1_939 NC_007722.1_1713 
NC_007722.1_1884 NC_007722.1_2628 
NC_007722.1_2029 NC_007722.1_2210 
NC_007722.1_2468 NC_007722.1_2224 
NC_007722.1_2710 NC_007722.1_427 
NC_007722.1_2302 NC_007722.1_2088 
NC_007722.1_487 NC_007722.1_2559 
NC_007722.1_586 NC_007722.1_755 
NC_007722.1_2420 NC_007722.1_2456 
NC_007722.1_2835 NC_007722.1_896 
NC_007722.1_1630 NC_007722.1_1258 
NC_007722.1_1763 NC_007722.1_932 
NC_007722.1_1792 NC_007722.1_1793 
NC_007722.1_593 NC_007722.1_590 
NC_007722.1_2148 NC_007722.1_2463 
NC_007722.1_2590 NC_007722.1_2591 
NC_007722.1_2668 NC_007722.1_878 
NC_007722.1_78 NC_007722.1_2212 
NC_007722.1_1874 NC_007722.1_493 
NC_007722.1_58 NC_007722.1_897 
NC_007722.1_2452 NC_007722.1_2236 
NC_007722.1_561 NC_007722.1_1540 
NC_007722.1_1531 NC_007722.1_1121 
NC_007722.1_1271 NC_007722.1_813 
NC_007722.1_2464 NC_007722.1_187 
NC_007722.1_2707 NC_007722.1_2706 
NC_007722.1_926 NC_007722.1_925 
NC_007722.1_526 NC_007722.1_2936 
NC_007722.1_881 NC_007722.1_2548 
NC_007722.1_1077 NC_007722.1_677 
NC_007722.1_910 NC_007722.1_2836 
NC_007722.1_1363 NC_007722.1_2282 
NC_007722.1_117 NC_007722.1_2171 
NC_007722.1_2339 NC_007722.1_652 
NC_007722.1_1913 NC_007722.1_1504 
NC_007722.1_200 NC_007722.1_2104 
NC_007722.1_662 NC_007722.1_663 
NC_007722.1_2509 NC_007722.1_2549 
NC_007722.1_2731 NC_007722.1_329 
NC_007722.1_816 NC_007722.1_2838 
NC_007722.1_2656 NC_007722.1_2374 
NC_007722.1_983 NC_007722.1_982 
NC_007722.1_162 NC_007722.1_837 
NC_007722.1_470 NC_007722.1_471 
NC_007722.1_1771 NC_007722.1_1772 
NC_007722.1_1 
NC_007722.1_2963 
NC_007722.1_2962 
NC_007722.1_1214 
NC_007722.1_2387 
NC_007722.1_2850 
NC_007722.1_325 
NC_007722.1_2848 
NC_007722.1_1061 
NC_007722.1_1849 
NC_007722.1_1826 
NC_007722.1_2900 
NC_007722.1_2902 
NC_007722.1_1374 
NC_007722.1_1006 
NC_007722.1_2658 
NC_007722.1_2444 
NC_007722.1_284 
NC_007722.1_997 
NC_007722.1_1697 
NC_007722.1_2201 
NC_007722.1_1994 
NC_007722.1_238 
NC_007722.1_113 
NC_007722.1_1120 
NC_007722.1_2207 
NC_007722.1_1489 
NC_007722.1_20 
NC_007722.1_2259 
NC_007722.1_996 
NC_007722.1_489 
NC_007722.1_1668 
NC_007722.1_1558 
NC_007722.1_287 
NC_007722.1_8 
NC_007722.1_2669 
NC_007722.1_481 
NC_007722.1_1578 
NC_007722.1_280 
NC_007722.1_2823 
NC_007722.1_48 
NC_007722.1_1842 
NC_007722.1_1833 
NC_007722.1_1248 
NC_007722.1_107 
NC_007722.1_2327 
NC_007722.1_1002 
NC_007722.1_575 
NC_007722.1_621 
NC_007722.1_749 
NC_007722.1_1333 
NC_007722.1_628 
NC_007722.1_146 
NC_007722.1_2430 
NC_007722.1_1154 
NC_007722.1_2052 
NC_007722.1_1521 
NC_007722.1_94 
NC_007722.1_2798 
NC_007722.1_2684 
NC_007722.1_1294 
NC_007722.1_1988 
NC_007722.1_2109 
NC_007722.1_2587 
NC_007722.1_946 
NC_007722.1_1776 
NC_007722.1_809 
NC_007722.1_1851 
NC_007722.1_1331 
NC_007722.1_676 
NC_007722.1_2903 
NC_007722.1_831 
NC_007722.1_2704 
NC_007722.1_1524 
NC_007722.1_720 
NC_007722.1_634 
NC_007722.1_2727 
NC_007722.1_2733 
NC_007722.1_725 
NC_007722.1_1898 
NC_007722.1_2960 
NC_007722.1_988 
NC_007722.1_992 
NC_007722.1_256 
NC_007722.1_1506 
NC_007722.1_2753 
NC_007722.1_1658 
NC_007722.1_2821 
NC_007722.1_189 
NC_007722.1_1194 
NC_007722.1_149 
NC_007722.1_437 
NC_007722.1_693 
NC_007722.1_2331 
NC_007722.1_1564 
NC_007722.1_1841 
NC_007722.1_102 
NC_007722.1_2799 
NC_007722.1_2829 
NC_007722.1_1752 
NC_007722.1_1203 
NC_007722.1_281 
NC_007722.1_1093 
NC_007722.1_865 
NC_007722.1_1153 
NC_007722.1_1466 
NC_007722.1_1234 
NC_007722.1_2062 
NC_007722.1_1420 
NC_007722.1_1286 
NC_007722.1_2267 
NC_007722.1_1795 
NC_007722.1_197 
NC_007722.1_2341 
NC_007722.1_2750 
NC_007722.1_1734 
NC_007722.1_2871 
NC_007722.1_1718 
NC_007722.1_2376 
NC_007722.1_965 
NC_007722.1_639 
NC_007722.1_1620 
NC_007722.1_503 
NC_007722.1_1427 
NC_007722.1_1757 
NC_007722.1_1047 
NC_007722.1_1801 
NC_007722.1_689 
NC_007722.1_1151 
NC_007722.1_1855 
NC_007722.1_79 
NC_007722.1_492 
NC_007722.1_2219 
NC_007722.1_2904 
NC_007722.1_1301 
NC_007722.1_2545 
NC_007722.1_1008 
NC_007722.1_1135 
NC_007722.1_2292 
NC_007722.1_625 
NC_007722.1_1944 
NC_007722.1_1839 
NC_007722.1_66 
NC_007722.1_53 
NC_007722.1_1115 
NC_007722.1_1846 
NC_007722.1_1570 
NC_007722.1_2435 
NC_007722.1_324 
NC_007722.1_1307 
NC_007722.1_19 
NC_007722.1_93 
NC_007722.1_1921 
NC_007722.1_2386 
NC_007722.1_285 
NC_007722.1_1104 
NC_007722.1_1024 
NC_007722.1_1848 
NC_007722.1_1391 
NC_007722.1_1556 
NC_007722.1_339 
NC_007722.1_56 
NC_007722.1_2168 
NC_007722.1_2382 
NC_007722.1_2698 
NC_007722.1_2634 
NC_007722.1_1257 
NC_007722.1_1530 
NC_007722.1_760 
NC_007722.1_1275 
NC_007722.1_2693 
NC_007722.1_157 
NC_007722.1_57 
NC_007722.1_916 
NC_007722.1_1191 
NC_007722.1_2129 
NC_007722.1_875 
NC_007722.1_2466 
NC_007722.1_159 
NC_007722.1_1938 
NC_007722.1_2179 
NC_007722.1_2847 
NC_007722.1_734 
NC_007722.1_780 
NC_007722.1_1341 
NC_007722.1_729 
NC_007722.1_1930 
NC_007722.1_1629 
NC_007722.1_1779 
NC_007722.1_201 
NC_007722.1_1116 
NC_007722.1_2474 
NC_007722.1_390 
NC_007722.1_2485 
NC_007722.1_2690 
NC_007722.1_1831 
NC_007722.1_764 
NC_007722.1_2571 
NC_007722.1_978 
NC_007722.1_2470 
NC_007722.1_1459 
NC_007722.1_623 
NC_007722.1_39 
NC_007722.1_1431 
NC_007722.1_1139 
NC_007722.1_2364 
NC_007722.1_477 
NC_007722.1_2342 
NC_007722.1_1715 
NC_007722.1_1039 
NC_007722.1_779 
NC_007722.1_2350 
NC_007722.1_2526 
NC_007722.1_2137 
NC_007722.1_921 
NC_007722.1_1069 
NC_007722.1_1049 
NC_007722.1_605 
NC_007722.1_1366 
NC_007722.1_1500 
NC_007722.1_2696 
NC_007722.1_915 
NC_007722.1_2453 
NC_007722.1_2140 
NC_007722.1_360 
NC_007722.1_348 
NC_007722.1_1440 
NC_007722.1_361 
NC_007722.1_2097 
NC_007722.1_310 
NC_007722.1_1809 
NC_007722.1_2 
NC_007722.1_2195 
NC_007722.1_2525 
NC_007722.1_722 
NC_007722.1_834 
NC_007722.1_1347 
NC_007722.1_1479 
NC_007722.1_95 
NC_007722.1_535 
NC_007722.1_2075 
NC_007722.1_1847 
NC_007722.1_1213 
NC_007722.1_2431 
NC_007722.1_252 
NC_007722.1_1401 
NC_007722.1_289 
NC_007722.1_1076 
NC_007722.1_2885 
NC_007722.1_674 
NC_007722.1_792 
NC_007722.1_1422 
NC_007722.1_772 
NC_007722.1_2437 
NC_007722.1_320 
NC_007722.1_1296 
NC_007722.1_1364 
NC_007722.1_683 
NC_007722.1_300 
NC_007722.1_1198 
NC_007722.1_2951 
NC_007722.1_1272 
NC_007722.1_1518 
NC_007722.1_371 
NC_007722.1_584 
NC_007722.1_1537 
NC_007722.1_1984 
NC_007722.1_422 
NC_007722.1_419 
NC_007722.1_624 
NC_007722.1_2016 
NC_007722.1_2588 
NC_007722.1_218 
NC_007722.1_2455 
NC_007722.1_629 
NC_007722.1_1043 
NC_007722.1_491 
NC_007722.1_705 
NC_007722.1_2593 
NC_007722.1_1057 
NC_007722.1_417 
NC_007722.1_2469 
NC_007722.1_386 
NC_007722.1_2070 
NC_007722.1_2567 
NC_007722.1_1054 
NC_007722.1_2679 
NC_007722.1_2814 
NC_007722.1_2305 
NC_007722.1_2334 
NC_007722.1_2459 
NC_007722.1_461 
NC_007722.1_1720 
NC_007722.1_1808 
NC_007722.1_1342 
NC_007722.1_1225 
NC_007722.1_2840 
NC_007722.1_2078 
NC_007722.1_2322 
NC_007722.1_2955 
NC_007722.1_712 
NC_007722.1_954 
NC_007722.1_1725 
NC_007722.1_619 
NC_007722.1_1300 
NC_007722.1_1201 
NC_007722.1_1952 
NC_007722.1_887 
NC_007722.1_2160 
NC_007722.1_2427 
NC_007722.1_59 
NC_007722.1_495 
NC_007722.1_1875 
NC_007722.1_1963 
NC_007722.1_2728 
NC_007722.1_1729 
NC_007722.1_1352 
NC_007722.1_2349 
NC_007722.1_2541 
NC_007722.1_1349 
NC_007722.1_2398 
NC_007722.1_497 
NC_007722.1_2187 
NC_007722.1_2954 
NC_007722.1_379 
NC_007722.1_6 
NC_007722.1_18 
NC_007722.1_884 
NC_007722.1_190 
NC_007722.1_1948 
NC_007722.1_98 
NC_007722.1_1712 
NC_007722.1_640 
NC_007722.1_1856 
NC_007722.1_1970 
NC_007722.1_274 
NC_007722.1_350 
NC_007722.1_47 
NC_007722.1_688 
NC_007722.1_1782 
NC_007722.1_349 
NC_007722.1_237 
NC_007722.1_2518 
NC_007722.1_2577 
NC_007722.1_1202 
NC_007722.1_1438 
NC_007722.1_981 
NC_007722.1_1381 
NC_007722.1_2347 
NC_007722.1_2543 
NC_007722.1_2083 
NC_007722.1_68 
NC_007722.1_1299 
NC_007722.1_1396 
NC_007722.1_2407 
NC_007722.1_2784 
NC_007722.1_2853 
NC_007722.1_51 
NC_007722.1_2183 
NC_007722.1_1732 
NC_007722.1_213 
NC_007722.1_408 
NC_007722.1_111 
NC_007722.1_2048 
NC_007722.1_2805 
NC_007722.1_1512 
NC_007722.1_1684 
NC_007722.1_563 
NC_007722.1_1276 
NC_007722.1_1053 
NC_007722.1_1453 
NC_007722.1_282 
NC_007722.1_1397 
NC_007722.1_2388 
NC_007722.1_2503 
NC_007722.1_651 
NC_007722.1_1060 
NC_007722.1_1448 
NC_007722.1_2355 
NC_007722.1_1790 
NC_007722.1_1908 
NC_007722.1_2176 
NC_007722.1_355 
NC_007722.1_2050 
NC_007722.1_2737 
NC_007722.1_2565 
NC_007722.1_389 
NC_007722.1_2203 
NC_007722.1_716 
NC_007722.1_1865 
NC_007722.1_2413 
NC_007722.1_2702 
NC_007722.1_328 
NC_007722.1_991 
NC_007722.1_1358 
NC_007722.1_1753 
NC_007722.1_2228 
NC_007722.1_2213 
NC_007722.1_2808 
NC_007722.1_541 
NC_007722.1_564 
NC_007722.1_618 
NC_007722.1_1168 
NC_007722.1_205 
NC_007722.1_1661 
NC_007722.1_2134 
NC_007722.1_1387 
NC_007722.1_1476 
NC_007722.1_116 
NC_007722.1_1588 
NC_007722.1_1046 
NC_007722.1_1067 
NC_007722.1_81 
NC_007722.1_922 
NC_007722.1_1936 
NC_007722.1_2460 
NC_007722.1_498 
NC_007722.1_1044 
NC_007722.1_2461 
NC_007722.1_352 
NC_007722.1_598 
NC_007722.1_1667 
NC_007722.1_2383 
NC_007722.1_568 
NC_007722.1_2389 
NC_007722.1_572 
NC_007722.1_1075 
NC_007722.1_1195 
NC_007722.1_1251 
NC_007722.1_1738 
NC_007722.1_1595 
NC_007722.1_219 
NC_007722.1_2336 
NC_007722.1_1985 
NC_007722.1_2827 
NC_007722.1_2021 
NC_007722.1_2288 
NC_007722.1_451 
NC_007722.1_2488 
NC_007722.1_569 
NC_007722.1_700 
NC_007722.1_774 
NC_007722.1_1895 
NC_007722.1_2410 
NC_007722.1_2766 
NC_007722.1_77 
NC_007722.1_893 
NC_007722.1_899 
NC_007722.1_2788 
NC_007722.1_2810 
NC_007722.1_2423 
NC_007722.1_496 
NC_007722.1_1676 
NC_007722.1_2609 
NC_007722.1_398 
NC_007722.1_1582 
NC_007722.1_2034 
NC_007722.1_832 
NC_007722.1_1040 
NC_007722.1_741 
NC_007722.1_2032 
NC_007722.1_67 
NC_007722.1_89 
NC_007722.1_1435 
NC_007722.1_1843 
NC_007722.1_381 
NC_007722.1_4 
NC_007722.1_125 
NC_007722.1_2511 
NC_007722.1_2713 
NC_007722.1_1744 
NC_007722.1_1868 
NC_007722.1_2010 
NC_007722.1_1491 
NC_007722.1_240 
NC_007722.1_1119 
NC_007722.1_1254 
NC_007722.1_1112 
NC_007722.1_1231 
NC_007722.1_1496 
NC_007722.1_45 
NC_007722.1_1161 
NC_007722.1_1171 
NC_007722.1_1247 
NC_007722.1_2006 
NC_007722.1_2622 
NC_007722.1_1844 
NC_007722.1_2906 
NC_007722.1_1309 
NC_007722.1_2687 
NC_007722.1_508 
NC_007722.1_1499 
NC_007722.1_2020 
NC_007722.1_2027 
NC_007722.1_391 
NC_007722.1_1128 
NC_007722.1_1623 
NC_007722.1_1288 
NC_007722.1_298 
NC_007722.1_124 
NC_007722.1_2504 
NC_007722.1_1033 
NC_007722.1_1845 
NC_007722.1_1983 
NC_007722.1_2659 
NC_007722.1_1642 
NC_007722.1_2570 
NC_007722.1_224 
NC_007722.1_1385 
NC_007722.1_1425 
NC_007722.1_1953 
NC_007722.1_2563 
NC_007722.1_2866 
NC_007722.1_1066 
NC_007722.1_1351 
NC_007722.1_1904 
NC_007722.1_396 
NC_007722.1_1546 
NC_007722.1_63 
NC_007722.1_1534 
NC_007722.1_1666 
NC_007722.1_359 
NC_007722.1_778 
NC_007722.1_873 
NC_007722.1_1760 
NC_007722.1_1916 
NC_007722.1_602 
NC_007722.1_1380 
NC_007722.1_2378 
NC_007722.1_2450 
NC_007722.1_930 
NC_007722.1_1059 
NC_007722.1_1539 
NC_007722.1_2090 
NC_007722.1_54 
NC_007722.1_203 
NC_007722.1_2666 
NC_007722.1_374 
NC_007722.1_883 
NC_007722.1_1011 
NC_007722.1_1929 
NC_007722.1_2197 
NC_007722.1_1163 
NC_007722.1_1384 
NC_007722.1_2368 
NC_007722.1_2385 
NC_007722.1_2411 
NC_007722.1_2608 
NC_007722.1_2636 
NC_007722.1_790 
NC_007722.1_1000 
NC_007722.1_1343 
NC_007722.1_1172 
NC_007722.1_1517 
NC_007722.1_1802 
NC_007722.1_2397 
NC_007722.1_2632 
NC_007722.1_1547 
NC_007722.1_2620 
NC_007722.1_2657 
NC_007722.1_827 
NC_007722.1_1314 
NC_007722.1_2067 
NC_007722.1_2815 
NC_007722.1_596 
NC_007722.1_928 
NC_007722.1_1165 
NC_007722.1_1266 
NC_007722.1_1357 
NC_007722.1_2039 
NC_007722.1_2333 
NC_007722.1_1221 
NC_007722.1_1560 
NC_007722.1_208 
NC_007722.1_463 
NC_007722.1_529 
NC_007722.1_1947 
NC_007722.1_2133 
NC_007722.1_2446 
NC_007722.1_453 
NC_007722.1_933 
NC_007722.1_1026 
NC_007722.1_2663 
NC_007722.1_2672 
NC_007722.1_1133 
NC_007722.1_354 
NC_007722.1_1758 
NC_007722.1_2741 
NC_007722.1_707 
NC_007722.1_1619 
NC_007722.1_2014 
NC_007722.1_2409 
NC_007722.1_2901 
NC_007722.1_439 
NC_007722.1_1167 
NC_007722.1_2161 
NC_007722.1_2311 
NC_007722.1_443 
NC_007722.1_160 
NC_007722.1_2265 
NC_007722.1_748 
NC_007722.1_1284 
NC_007722.1_27 
NC_007722.1_793 
NC_007722.1_635 
NC_007722.1_768 
NC_007722.1_1870 
NC_007722.1_1175 
NC_007722.1_126 
NC_007722.1_385 
NC_007722.1_1292 
NC_007722.1_2445 
NC_007722.1_2964 
NC_007722.1_1188 
NC_007722.1_1571 
NC_007722.1_2126 
NC_007722.1_1238 
NC_007722.1_467 
NC_007722.1_1080 
NC_007722.1_1109 
NC_007722.1_1552 
NC_007722.1_2232 
NC_007722.1_2653 
NC_007722.1_534 
NC_007722.1_747 
NC_007722.1_1180 
NC_007722.1_1229 
NC_007722.1_566 
NC_007722.1_830 
NC_007722.1_1781 
NC_007722.1_2761 
NC_007722.1_2764 
NC_007722.1_872 
NC_007722.1_502 
NC_007722.1_735 
NC_007722.1_1103 
NC_007722.1_2045 
NC_007722.1_450 
NC_007722.1_528 
NC_007722.1_1987 
NC_007722.1_2026 
NC_007722.1_2624 
NC_007722.1_2780 
NC_007722.1_2800 
NC_007722.1_1954 
NC_007722.1_2091 
NC_007722.1_2173 
NC_007722.1_2905 
NC_007722.1_2613 
NC_007722.1_1339 
NC_007722.1_2402 
NC_007722.1_1419 
NC_007722.1_1444 
NC_007722.1_2154 
NC_007722.1_2650 
NC_007722.1_2803 
NC_007722.1_2956 
NC_007722.1_452 
NC_007722.1_1078 
NC_007722.1_1263 
NC_007722.1_387 
NC_007722.1_2337 
NC_007722.1_637 
NC_007722.1_2059 
NC_007722.1_2863 
NC_007722.1_301 
NC_007722.1_377 
NC_007722.1_1346 
NC_007722.1_2038 
NC_007722.1_257 
NC_007722.1_402 
NC_007722.1_458 
NC_007722.1_1192 
NC_007722.1_1222 
NC_007722.1_975 
NC_007722.1_1745 
NC_007722.1_2249 
NC_007722.1_944 
NC_007722.1_1143 
NC_007722.1_158 
NC_007722.1_2486 
NC_007722.1_2604 
NC_007722.1_2726 
NC_007722.1_2011 
NC_007722.1_2013 
NC_007722.1_272 
NC_007722.1_2748 
NC_007722.1_820 
NC_007722.1_2248 
NC_007722.1_304 
NC_007722.1_1131 
NC_007722.1_691 
NC_007722.1_1369 
NC_007722.1_1773 
NC_007722.1_1950 
NC_007722.1_2216 
NC_007722.1_730 
NC_007722.1_1853 
NC_007722.1_1897 
NC_007722.1_2165 
NC_007722.1_2310 
NC_007722.1_2822 
NC_007722.1_3 
NC_007722.1_687 
NC_007722.1_1651 
NC_007722.1_2118 
NC_007722.1_2644 
NC_007722.1_121 
NC_007722.1_1236 
NC_007722.1_756 
NC_007722.1_2285 
NC_007722.1_351 
NC_007722.1_1701 
NC_007722.1_2531 
NC_007722.1_2594 
NC_007722.1_1344 
NC_007722.1_1837 
NC_007722.1_1961 
NC_007722.1_2035 
NC_007722.1_2629 
NC_007722.1_510 
NC_007722.1_1527 
NC_007722.1_1051 
NC_007722.1_1523 
NC_007722.1_1644 
NC_007722.1_2071 
NC_007722.1_366 
NC_007722.1_1590 
NC_007722.1_2324 
NC_007722.1_2674 
NC_007722.1_73 
NC_007722.1_1073 
NC_007722.1_2335 
NC_007722.1_2448 
NC_007722.1_1199 
NC_007722.1_1305 
NC_007722.1_1990 
NC_007722.1_2077 
NC_007722.1_1100 
NC_007722.1_1138 
NC_007722.1_1693 
NC_007722.1_202 
NC_007722.1_1130 
NC_007722.1_1183 
NC_007722.1_2500 
NC_007722.1_686 
NC_007722.1_955 
NC_007722.1_1724 
NC_007722.1_2357 
NC_007722.1_2414 
NC_007722.1_74 
NC_007722.1_960 
NC_007722.1_1368 
NC_007722.1_1390 
NC_007722.1_1806 
NC_007722.1_1889 
NC_007722.1_559 
NC_007722.1_1220 
NC_007722.1_1566 
NC_007722.1_1677 
NC_007722.1_2055 
NC_007722.1_2524 
NC_007722.1_365 
NC_007722.1_1388 
NC_007722.1_587 
NC_007722.1_90 
NC_007722.1_1348 
NC_007722.1_1464 
NC_007722.1_1561 
NC_007722.1_2119 
NC_007722.1_2561 
NC_007722.1_967 
NC_007722.1_1659 
NC_007722.1_1993 
NC_007722.1_2646 
NC_007722.1_1083 
NC_007722.1_2642 
NC_007722.1_464 
NC_007722.1_1237 
NC_007722.1_1323 
NC_007722.1_1759 
NC_007722.1_2825 
NC_007722.1_312 
NC_007722.1_2152 
NC_007722.1_2715 
NC_007722.1_1335 
NC_007722.1_1754 
NC_007722.1_1816 
NC_007722.1_2175 
NC_007722.1_1025 
NC_007722.1_1458 
NC_007722.1_2044 
NC_007722.1_2102 
NC_007722.1_934 
NC_007722.1_2614 
NC_007722.1_327 
NC_007722.1_505 
NC_007722.1_931 
NC_007722.1_2155 
NC_007722.1_2284 
NC_007722.1_994 
NC_007722.1_2529 
NC_007722.1_357 
NC_007722.1_545 
NC_007722.1_1823 
NC_007722.1_2443 
NC_007722.1_2505 
NC_007722.1_2681 
NC_007722.1_296 
NC_007722.1_1281 
NC_007722.1_1807 
NC_007722.1_1992 
NC_007722.1_2229 
NC_007722.1_2574 
NC_007722.1_2575 
NC_007722.1_1559 
NC_007722.1_2138 
NC_007722.1_1018 
NC_007722.1_1665 
NC_007722.1_604 
NC_007722.1_71 
NC_007722.1_1013 
NC_007722.1_1243 
NC_007722.1_2360 
NC_007722.1_104 
NC_007722.1_1072 
NC_007722.1_1430 
NC_007722.1_2478 
NC_007722.1_2872 
NC_007722.1_394 
NC_007722.1_523 
NC_007722.1_706 
NC_007722.1_1278 
NC_007722.1_156 
NC_007722.1_16 
NC_007722.1_307 
NC_007722.1_308 
NC_007722.1_31 
NC_007722.1_401 
NC_007722.1_1574 
NC_007722.1_2616 
NC_007722.1_109 
NC_007722.1_2177 
NC_007722.1_2231 
NC_007722.1_2432 
NC_007722.1_2952 
NC_007722.1_297 
NC_007722.1_356 
NC_007722.1_465 
NC_007722.1_50 
NC_007722.1_1470 
NC_007722.1_570 
NC_007722.1_784 
NC_007722.1_1700 
NC_007722.1_2406 
NC_007722.1_2682 
NC_007722.1_1224 
NC_007722.1_1242 
NC_007722.1_1291 
NC_007722.1_1824 
NC_007722.1_1830 
NC_007722.1_2033 
NC_007722.1_105 
NC_007722.1_2054 
NC_007722.1_2206 
NC_007722.1_2372 
NC_007722.1_2643 
NC_007722.1_1535 
NC_007722.1_246 
NC_007722.1_2480 
NC_007722.1_1178 
NC_007722.1_1568 
NC_007722.1_2223 
NC_007722.1_486 
NC_007722.1_88 
NC_007722.1_919 
NC_007722.1_1392 
NC_007722.1_1682 
NC_007722.1_2490 
NC_007722.1_259 
NC_007722.1_2874 
NC_007722.1_1169 
NC_007722.1_2671 
NC_007722.1_303 
NC_007722.1_346 
NC_007722.1_1514 
NC_007722.1_1789 
NC_007722.1_2508 
NC_007722.1_2580 
NC_007722.1_2652 
NC_007722.1_2742 
NC_007722.1_980 
NC_007722.1_1685 
NC_007722.1_668 
NC_007722.1_1446 
NC_007722.1_1709 
NC_007722.1_1991 
NC_007722.1_1050 
NC_007722.1_1353 
NC_007722.1_1652 
NC_007722.1_2253 
NC_007722.1_2501 
NC_007722.1_2648 
NC_007722.1_2716 
NC_007722.1_330 
NC_007722.1_2589 
NC_007722.1_1664 
NC_007722.1_1805 
NC_007722.1_2108 
NC_007722.1_2127 
NC_007722.1_2202 
NC_007722.1_2660 
NC_007722.1_1675 
NC_007722.1_500 
NC_007722.1_740 
NC_007722.1_2047 
NC_007722.1_2139 
NC_007722.1_2819 
NC_007722.1_449 
NC_007722.1_472 
NC_007722.1_536 
NC_007722.1_1413 
NC_007722.1_1679 
NC_007722.1_1803 
NC_007722.1_1995 
NC_007722.1_484 
NC_007722.1_732 
NC_007722.1_1218 
NC_007722.1_1794 
NC_007722.1_2135 
NC_007722.1_2268 
NC_007722.1_242 
NC_007722.1_435 
NC_007722.1_695 
NC_007722.1_1086 
NC_007722.1_1915 
NC_007722.1_1942 
NC_007722.1_2037 
NC_007722.1_2093 
NC_007722.1_2363 
NC_007722.1_250 
NC_007722.1_560 
NC_007722.1_951 
NC_007722.1_1265 
NC_007722.1_1946 
NC_007722.1_2477 
NC_007722.1_511 
NC_007722.1_574 
NC_007722.1_1426 
NC_007722.1_2599 
NC_007722.1_288 
NC_007722.1_358 
NC_007722.1_368 
NC_007722.1_681 
NC_007722.1_892 
NC_007722.1_1137 
NC_007722.1_1456 
NC_007722.1_2132 
NC_007722.1_231 
NC_007722.1_2694 
NC_007722.1_415 
NC_007722.1_2209 
NC_007722.1_2250 
NC_007722.1_1152 
NC_007722.1_1663 
NC_007722.1_2024 
NC_007722.1_2036 
NC_007722.1_2274 
NC_007722.1_2711 
NC_007722.1_808 
NC_007722.1_2272 
NC_007722.1_400 
NC_007722.1_1030 
NC_007722.1_1056 
NC_007722.1_1690 
NC_007722.1_2030 
NC_007722.1_2617 
NC_007722.1_2743 
NC_007722.1_2865 
NC_007722.1_501 
NC_007722.1_1576 
NC_007722.1_2294 
NC_007722.1_404 
NC_007722.1_433 
NC_007722.1_1345 
NC_007722.1_1439 
NC_007722.1_1657 
NC_007722.1_2870 
NC_007722.1_2935 
NC_007722.1_380 
NC_007722.1_1624 
NC_007722.1_2255 
NC_007722.1_513 
NC_007722.1_542 
NC_007722.1_1193 
NC_007722.1_1529 
NC_007722.1_1835 
NC_007722.1_2051 
NC_007722.1_2184 
NC_007722.1_2328 
NC_007722.1_2424 
NC_007722.1_482 
NC_007722.1_558 
NC_007722.1_565 
NC_007722.1_1087 
NC_007722.1_2182 
NC_007722.1_2256 
NC_007722.1_2558 
NC_007722.1_2724 
NC_007722.1_554 
NC_007722.1_727 
NC_007722.1_829 
NC_007722.1_1730 
NC_007722.1_506 
NC_007722.1_97 
NC_007722.1_1052 
NC_007722.1_1399 
NC_007722.1_1465 
NC_007722.1_1616 
NC_007722.1_1857 
NC_007722.1_25 
NC_007722.1_2794 
NC_007722.1_294 
NC_007722.1_867 
NC_007722.1_938 
NC_007722.1_1166 
NC_007722.1_1332 
NC_007722.1_2495 
NC_007722.1_2703 
NC_007722.1_539 
NC_007722.1_603 
NC_007722.1_2699 
NC_007722.1_1858 
NC_007722.1_1882 
NC_007722.1_2325 
NC_007722.1_2375 
NC_007722.1_499 
NC_007722.1_1599 
NC_007722.1_2535 
NC_007722.1_522 
NC_007722.1_1170 
NC_007722.1_1468 
NC_007722.1_2221 
NC_007722.1_2359 
NC_007722.1_2370 
NC_007722.1_2688 
NC_007722.1_2770 
NC_007722.1_2812 
NC_007722.1_1498 
NC_007722.1_1660 
NC_007722.1_2215 
NC_007722.1_2536 
NC_007722.1_376 
NC_007722.1_1005 
NC_007722.1_1176 
NC_007722.1_1755 
NC_007722.1_2196 
NC_007722.1_2233 
NC_007722.1_2246 
NC_007722.1_1548 
NC_007722.1_1876 
NC_007722.1_1569 
NC_007722.1_1613 
NC_007722.1_2560 
NC_007722.1_594 
NC_007722.1_810 
NC_007722.1_1277 
NC_007722.1_2839 
NC_007722.1_103 
NC_007722.1_1403 
NC_007722.1_1447 
NC_007722.1_273 
NC_007722.1_2851 
NC_007722.1_334 
NC_007722.1_573 
NC_007722.1_1269 
NC_007722.1_1146 
NC_007722.1_1522 
NC_007722.1_83 
NC_007722.1_1362 
NC_007722.1_1899 
NC_007722.1_2465 
NC_007722.1_26 
NC_007722.1_323 
NC_007722.1_2649 
NC_007722.1_483 
NC_007722.1_1788 
NC_007722.1_2080 
NC_007722.1_2178 
NC_007722.1_2578 
NC_007722.1_2752 
NC_007722.1_557 
NC_007722.1_1437 
NC_007722.1_2001 
NC_007722.1_2257 
NC_007722.1_254 
NC_007722.1_2700 
NC_007722.1_313 
NC_007722.1_333 
NC_007722.1_412 
NC_007722.1_567 
NC_007722.1_737 
NC_007722.1_2023 
NC_007722.1_363 
NC_007722.1_769 
NC_007722.1_1142 
NC_007722.1_2064 
NC_007722.1_2198 
NC_007722.1_2433 
NC_007722.1_2582 
NC_007722.1_317 
NC_007722.1_1964 
NC_007722.1_241 
NC_007722.1_2868 
NC_007722.1_889 
NC_007722.1_1423 
NC_007722.1_1501 
NC_007722.1_2015 
NC_007722.1_2262 
NC_007722.1_2371 
NC_007722.1_2739 
NC_007722.1_581 
NC_007722.1_1982 
NC_007722.1_2106 
NC_007722.1_2789 
NC_007722.1_968 
NC_007722.1_1074 
NC_007722.1_1406 
NC_007722.1_1461 
NC_007722.1_1584 
NC_007722.1_1871 
NC_007722.1_2627 
NC_007722.1_2645 
NC_007722.1_2683 
NC_007722.1_2849 
NC_007722.1_2958 
NC_007722.1_942 
NC_007722.1_1627 
NC_007722.1_2008 
NC_007722.1_2101 
NC_007722.1_2786 
NC_007722.1_1004 
NC_007722.1_1485 
NC_007722.1_239 
NC_007722.1_728 
NC_007722.1_1282 
NC_007722.1_1365 
NC_007722.1_1494 
NC_007722.1_243 
NC_007722.1_369 
NC_007722.1_122 
NC_007722.1_1337 
NC_007722.1_1513 
NC_007722.1_520 
NC_007722.1_1117 
NC_007722.1_1297 
NC_007722.1_1497 
NC_007722.1_2145 
NC_007722.1_2830 
NC_007722.1_373 
NC_007722.1_644 
NC_007722.1_923 
NC_007722.1_1226 
NC_007722.1_1356 
NC_007722.1_2000 
NC_007722.1_2307 
NC_007722.1_582 
NC_007722.1_2084 
NC_007722.1_344 
NC_007722.1_395 
NC_007722.1_636 
NC_007722.1_1071 
NC_007722.1_1825 
NC_007722.1_214 
NC_007722.1_2142 
NC_007722.1_2605 
NC_007722.1_1543 
NC_007722.1_1625 
NC_007722.1_17 
NC_007722.1_2858 
NC_007722.1_653 
NC_007722.1_92 
NC_007722.1_1274 
NC_007722.1_1421 
NC_007722.1_2309 
NC_007722.1_2740 
NC_007722.1_1029 
NC_007722.1_123 
NC_007722.1_2063 
NC_007722.1_23 
NC_007722.1_2779 
NC_007722.1_1227 
NC_007722.1_1329 
NC_007722.1_1480 
NC_007722.1_2512 
NC_007722.1_278 
NC_007722.1_1155 
NC_007722.1_1316 
NC_007722.1_1230 
NC_007722.1_251 
NC_007722.1_736 
NC_007722.1_766 
NC_007722.1_2405 
NC_007722.1_2417 
NC_007722.1_2661 
NC_007722.1_2859 
NC_007722.1_364 
NC_007722.1_1003 
NC_007722.1_1593 
NC_007722.1_1649 
NC_007722.1_2434 
NC_007722.1_290 
NC_007722.1_403 
NC_007722.1_1787 
NC_007722.1_556 
NC_007722.1_675 
NC_007722.1_1246 
NC_007722.1_2297 
NC_007722.1_253 
NC_007722.1_2584 
NC_007722.1_739 
NC_007722.1_794 
NC_007722.1_1267 
NC_007722.1_1336 
NC_007722.1_1981 
NC_007722.1_411 
NC_007722.1_746 
NC_007722.1_1361 
NC_007722.1_2079 
NC_007722.1_2442 
NC_007722.1_2670 
NC_007722.1_311 
NC_007722.1_562 
NC_007722.1_600 
NC_007722.1_920 
NC_007722.1_1414 
NC_007722.1_1471 
NC_007722.1_1618 
NC_007722.1_1883 
NC_007722.1_2087 
NC_007722.1_2601 
NC_007722.1_2943 
NC_007722.1_1455 
NC_007722.1_1662 
NC_007722.1_1838 
NC_007722.1_2143 
NC_007722.1_2813 
NC_007722.1_75 
NC_007722.1_763 
NC_007722.1_112 
NC_007722.1_2200 
NC_007722.1_2483 
NC_007722.1_2820 
NC_007722.1_2864 
NC_007722.1_33 
NC_007722.1_757 
NC_007722.1_134 
NC_007722.1_2745 
NC_007722.1_436 
NC_007722.1_643 
NC_007722.1_945 
NC_007722.1_207 
NC_007722.1_532 
NC_007722.1_743 
NC_007722.1_995 
NC_007722.1_1182 
NC_007722.1_2049 
NC_007722.1_2303 
NC_007722.1_1219 
NC_007722.1_1298 
NC_007722.1_1490 
NC_007722.1_1541 
NC_007722.1_2534 
NC_007722.1_1742 
NC_007722.1_1867 
NC_007722.1_2158 
NC_007722.1_191 
NC_007722.1_2122 
NC_007722.1_223 
NC_007722.1_236 
NC_007722.1_1285 
NC_007722.1_1655 
NC_007722.1_1717 
NC_007722.1_1859 
NC_007722.1_2086 
NC_007722.1_2428 
NC_007722.1_2730 
NC_007722.1_2802 
NC_007722.1_1452 
NC_007722.1_2489 
NC_007722.1_2568 
NC_007722.1_263 
NC_007722.1_277 
NC_007722.1_468 
NC_007722.1_1034 
NC_007722.1_1610 
NC_007722.1_1704 
NC_007722.1_2072 
NC_007722.1_2506 
NC_007722.1_549 
NC_007722.1_750 
NC_007722.1_1355 
NC_007722.1_1389 
NC_007722.1_14 
NC_007722.1_1585 
NC_007722.1_2204 
NC_007722.1_2514 
NC_007722.1_314 
NC_007722.1_694 
NC_007722.1_1148 
NC_007722.1_1586 
NC_007722.1_1689 
NC_007722.1_1804 
NC_007722.1_2190 
NC_007722.1_2462 
NC_007722.1_247 
NC_007722.1_2556 
NC_007722.1_2393 
NC_007722.1_2496 
NC_007722.1_2676 
NC_007722.1_902 
NC_007722.1_1089 
NC_007722.1_1739 
NC_007722.1_2685 
NC_007722.1_96 
NC_007722.1_106 
NC_007722.1_1094 
NC_007722.1_2251 
NC_007722.1_2404 
NC_007722.1_685 
NC_007722.1_970 
NC_007722.1_1542 
NC_007722.1_1962 
NC_007722.1_2771 
NC_007722.1_466 
NC_007722.1_745 
NC_007722.1_935 
NC_007722.1_1493 
NC_007722.1_1766 
NC_007722.1_697 
NC_007722.1_1533 
NC_007722.1_2094 
NC_007722.1_2237 
NC_007722.1_2263 
NC_007722.1_479 
NC_007722.1_913 
NC_007722.1_952 
NC_007722.1_1064 
NC_007722.1_1312 
NC_007722.1_230 
NC_007722.1_84 
NC_007722.1_1185 
NC_007722.1_2271 
NC_007722.1_2354 
NC_007722.1_2395 
NC_007722.1_2471 
NC_007722.1_1250 
NC_007722.1_2028 
NC_007722.1_2205 
NC_007722.1_2329 
NC_007722.1_37 
NC_007722.1_382 
NC_007722.1_1786 
NC_007722.1_2144 
NC_007722.1_335 
NC_007722.1_509 
NC_007722.1_1827 
NC_007722.1_265 
NC_007722.1_2768 
NC_007722.1_428 
NC_007722.1_864 
NC_007722.1_1317 
NC_007722.1_1716 
NC_007722.1_1866 
NC_007722.1_2031 
NC_007722.1_2172 
NC_007722.1_2959 
NC_007722.1_1462 
NC_007722.1_1756 
NC_007722.1_2279 
NC_007722.1_2787 
NC_007722.1_309 
NC_007722.1_1022 
NC_007722.1_1815 
NC_007722.1_1850 
NC_007722.1_2068 
NC_007722.1_2551 
NC_007722.1_583 
NC_007722.1_753 
NC_007722.1_1538 
NC_007722.1_1594 
NC_007722.1_2313 
NC_007722.1_235 
NC_007722.1_2818 
NC_007722.1_863 
NC_007722.1_1032 
NC_007722.1_1082 
NC_007722.1_1245 
NC_007722.1_1626 
NC_007722.1_1861 
NC_007722.1_1888 
NC_007722.1_2043 
NC_007722.1_2096 
NC_007722.1_2625 
NC_007722.1_2790 
NC_007722.1_299 
NC_007722.1_1028 
NC_007722.1_1223 
NC_007722.1_1928 
NC_007722.1_2439 
NC_007722.1_2777 
NC_007722.1_1334 
NC_007722.1_1404 
NC_007722.1_1308 
NC_007722.1_1735 
NC_007722.1_2312 
NC_007722.1_2491 
NC_007722.1_821 
NC_007722.1_1181 
NC_007722.1_1495 
NC_007722.1_1653 
NC_007722.1_1743 
NC_007722.1_2769 
NC_007722.1_82 
NC_007722.1_1256 
NC_007722.1_1671 
NC_007722.1_2276 
NC_007722.1_70 
NC_007722.1_1478 
NC_007722.1_1615 
NC_007722.1_2270 
NC_007722.1_2340 
NC_007722.1_2572 
NC_007722.1_828 
NC_007722.1_1303 
NC_007722.1_1473 
NC_007722.1_2394 
NC_007722.1_30 
NC_007722.1_2150 
NC_007722.1_2180 
NC_007722.1_2598 
NC_007722.1_2612 
NC_007722.1_2647 
NC_007722.1_340 
NC_007722.1_987 
NC_007722.1_108 
NC_007722.1_1105 
NC_007722.1_2153 
NC_007722.1_2633 
NC_007722.1_2898 
NC_007722.1_1253 
NC_007722.1_1280 
NC_007722.1_1633 
NC_007722.1_1710 
NC_007722.1_1829 
NC_007722.1_2019 
NC_007722.1_588 
NC_007722.1_672 
NC_007722.1_964 
NC_007722.1_986 
NC_007722.1_1127 
NC_007722.1_1371 
NC_007722.1_1670 
NC_007722.1_1956 
NC_007722.1_775 
NC_007722.1_2269 
NC_007722.1_555 
NC_007722.1_1081 
NC_007722.1_2058 
NC_007722.1_649 
NC_007722.1_2169 
NC_007722.1_2247 
NC_007722.1_2379 
NC_007722.1_2542 
NC_007722.1_2899 
NC_007722.1_440 
NC_007722.1_1694 
NC_007722.1_405 
NC_007722.1_1058 
NC_007722.1_1184 
NC_007722.1_1656 
NC_007722.1_1885 
NC_007722.1_24 
NC_007722.1_269 
NC_007722.1_35 
NC_007722.1_517 
NC_007722.1_943 
NC_007722.1_1038 
NC_007722.1_1525 
NC_007722.1_1536 
NC_007722.1_1911 
NC_007722.1_2557 
NC_007722.1_260 
NC_007722.1_1907 
NC_007722.1_1917 
NC_007722.1_2069 
NC_007722.1_406 
NC_007722.1_538 
NC_007722.1_1563 
NC_007722.1_1949 
NC_007722.1_2878 
NC_007722.1_444 
NC_007722.1_533 
NC_007722.1_540 
NC_007722.1_1604 
NC_007722.1_1669 
NC_007722.1_2686 
NC_007722.1_684 
NC_007722.1_76 
NC_007722.1_1774 
NC_007722.1_1800 
NC_007722.1_2403 
NC_007722.1_2729 
NC_007722.1_682 
NC_007722.1_1264 
NC_007722.1_2005 
NC_007722.1_2555 
NC_007722.1_2754 
NC_007722.1_708 
NC_007722.1_1147 
NC_007722.1_1587 
NC_007722.1_2592 
NC_007722.1_2793 
NC_007722.1_710 
NC_007722.1_976 
NC_007722.1_2040 
NC_007722.1_2060 
NC_007722.1_2066 
NC_007722.1_2170 
NC_007722.1_2188 
NC_007722.1_28 
NC_007722.1_673 
NC_007722.1_1036 
NC_007722.1_1405 
NC_007722.1_1482 
NC_007722.1_1648 
NC_007722.1_399 
NC_007722.1_2194 
NC_007722.1_2208 
NC_007722.1_2330 
NC_007722.1_347 
NC_007722.1_908 
NC_007722.1_1041 
NC_007722.1_206 
NC_007722.1_2332 
NC_007722.1_2678 
NC_007722.1_2961 
NC_007722.1_44 
NC_007722.1_744 
NC_007722.1_905 
NC_007722.1_1136 
NC_007722.1_1650 
NC_007722.1_1728 
NC_007722.1_1958 
NC_007722.1_2025 
NC_007722.1_2128 
NC_007722.1_2261 
NC_007722.1_1200 
NC_007722.1_1279 
NC_007722.1_1511 
NC_007722.1_1726 
NC_007722.1_1767 
NC_007722.1_2065 
NC_007722.1_2301 
NC_007722.1_2396 
NC_007722.1_1502 
NC_007722.1_2516 
NC_007722.1_441 
NC_007722.1_678 
NC_007722.1_2760 
NC_007722.1_1315 
NC_007722.1_761 
NC_007722.1_1463 
NC_007722.1_1645 
NC_007722.1_1711 
NC_007722.1_2057 
NC_007722.1_2191 
NC_007722.1_2345 
NC_007722.1_434 
NC_007722.1_785 
NC_007722.1_1239 
NC_007722.1_1549 
NC_007722.1_2185 
NC_007722.1_2583 
NC_007722.1_2689 
NC_007722.1_2747 
NC_007722.1_551 
NC_007722.1_1377 
NC_007722.1_1601 
NC_007722.1_1812 
NC_007722.1_1872 
NC_007722.1_2564 
NC_007722.1_36 
NC_007722.1_553 
NC_007722.1_641 
NC_007722.1_1400 
NC_007722.1_1596 
NC_007722.1_2252 
NC_007722.1_2708 
NC_007722.1_2809 
NC_007722.1_1189 
NC_007722.1_1232 
NC_007722.1_1367 
NC_007722.1_1989 
NC_007722.1_2527 
NC_007722.1_2845 
NC_007722.1_576 
NC_007722.1_2260 
NC_007722.1_2295 
NC_007722.1_286 
NC_007722.1_41 
NC_007722.1_1638 
NC_007722.1_2611 
NC_007722.1_362 
NC_007722.1_442 
NC_007722.1_696 
NC_007722.1_1164 
NC_007722.1_1460 
NC_007722.1_1817 
NC_007722.1_1860 
NC_007722.1_1971 
NC_007722.1_1999 
NC_007722.1_2012 
NC_007722.1_2314 
NC_007722.1_2318 
NC_007722.1_42 
NC_007722.1_1084 
NC_007722.1_1196 
NC_007722.1_1204 
NC_007722.1_1818 
NC_007722.1_1820 
NC_007722.1_1972 
NC_007722.1_2046 
NC_007722.1_2842 
NC_007722.1_438 
NC_007722.1_550 
NC_007722.1_1098 
NC_007722.1_2053 
NC_007722.1_2130 
NC_007722.1_2193 
NC_007722.1_2510 
NC_007722.1_1328 
NC_007722.1_1472 
NC_007722.1_1762 
NC_007722.1_2662 
NC_007722.1_393 
NC_007722.1_703 
NC_007722.1_1417 
NC_007722.1_2714 
NC_007722.1_424 
NC_007722.1_1394 
NC_007722.1_1886 
NC_007722.1_211 
NC_007722.1_2358 
NC_007722.1_302 
NC_007722.1_527 
NC_007722.1_1240 
NC_007722.1_654 
NC_007722.1_812 
NC_007722.1_1145 
NC_007722.1_1370 
NC_007722.1_1748 
NC_007722.1_1932 
NC_007722.1_2220 
NC_007722.1_2476 
NC_007722.1_2610 
NC_007722.1_345 
NC_007722.1_1140 
NC_007722.1_1393 
NC_007722.1_1483 
NC_007722.1_1528 
NC_007722.1_1997 
NC_007722.1_2074 
NC_007722.1_212 
NC_007722.1_2245 
NC_007722.1_2415 
NC_007722.1_2482 
NC_007722.1_2673 
NC_007722.1_2801 
NC_007722.1_43 
NC_007722.1_1124 
NC_007722.1_1418 
NC_007722.1_2861 
NC_007722.1_1070 
NC_007722.1_1304 
NC_007722.1_1926 
NC_007722.1_895 
NC_007722.1_985 
NC_007722.1_1532 
NC_007722.1_155 
NC_007722.1_1678 
NC_007722.1_1834 
NC_007722.1_2003 
NC_007722.1_2085 
NC_007722.1_1055 
NC_007722.1_1526 
NC_007722.1_2159 
NC_007722.1_2576 
NC_007722.1_2675 
NC_007722.1_378 
NC_007722.1_1376 
NC_007722.1_2533 
NC_007722.1_518 
NC_007722.1_989 
NC_007722.1_1012 
NC_007722.1_1122 
NC_007722.1_1190 
NC_007722.1_1268 
NC_007722.1_2934 
NC_007722.1_2947 
NC_007722.1_370 
NC_007722.1_759 
NC_007722.1_1009 
NC_007722.1_2429 
NC_007722.1_709 
NC_007722.1_1283 
NC_007722.1_1322 
NC_007722.1_1621 
NC_007722.1_1879 
NC_007722.1_1955 
NC_007722.1_2544 
NC_007722.1_2873 
NC_007722.1_514 
NC_007722.1_547 
NC_007722.1_99 
NC_007722.1_1216 
NC_007722.1_1457 
NC_007722.1_1919 
NC_007722.1_1940 
NC_007722.1_2092 
NC_007722.1_2266 
NC_007722.1_2553 
NC_007722.1_295 
NC_007722.1_901 
NC_007722.1_1252 
NC_007722.1_1338 
NC_007722.1_2630 
NC_007722.1_606 
NC_007722.1_807 
NC_007722.1_1027 
NC_007722.1_1110 
NC_007722.1_1241 
NC_007722.1_1634 
NC_007722.1_1957 
NC_007722.1_2554 
NC_007722.1_137 
NC_007722.1_1777 
NC_007722.1_2467 
NC_007722.1_275 
NC_007722.1_2778 
NC_007722.1_2782 
NC_007722.1_610 
NC_007722.1_613 
NC_007722.1_973 
NC_007722.1_1402 
NC_007722.1_1672 
NC_007722.1_2238 
NC_007722.1_2749 
NC_007722.1_515 
NC_007722.1_751 
NC_007722.1_1021 
NC_007722.1_1255 
NC_007722.1_1325 
NC_007722.1_1545 
NC_007722.1_1550 
NC_007722.1_1832 
NC_007722.1_2416 
NC_007722.1_891 
NC_007722.1_1118 
NC_007722.1_1205 
NC_007722.1_128 
NC_007722.1_1912 
NC_007722.1_1945 
NC_007722.1_2002 
NC_007722.1_2381 
NC_007722.1_2767 
NC_007722.1_32 
NC_007722.1_469 
NC_007722.1_1113 
NC_007722.1_1503 
NC_007722.1_1698 
NC_007722.1_1937 
NC_007722.1_255 
NC_007722.1_2796 
NC_007722.1_455 
NC_007722.1_507 
NC_007722.1_1017 
NC_007722.1_1877 
NC_007722.1_2218 
NC_007722.1_2291 
NC_007722.1_2562 
NC_007722.1_34 
NC_007722.1_548 
NC_007722.1_742 
NC_007722.1_1673 
NC_007722.1_2300 
NC_007722.1_2507 
NC_007722.1_2738 
NC_007722.1_1126 
NC_007722.1_244 
NC_007722.1_2712 
NC_007722.1_383 
NC_007722.1_591 
NC_007722.1_962 
NC_007722.1_993 
NC_007722.1_1129 
NC_007722.1_1372 
NC_007722.1_1609 
NC_007722.1_1749 
NC_007722.1_306 
NC_007722.1_904 
NC_007722.1_1197 
NC_007722.1_13 
NC_007722.1_2772 
NC_007722.1_611 
NC_007722.1_781 
NC_007722.1_1632 
NC_007722.1_1635 
NC_007722.1_2227 
NC_007722.1_2352 
NC_007722.1_2498 
NC_007722.1_414 
NC_007722.1_589 
NC_007722.1_1887 
NC_007722.1_870 
NC_007722.1_1132 
NC_007722.1_138 
NC_007722.1_1589 
NC_007722.1_1674 
NC_007722.1_1747 
NC_007722.1_2156 
NC_007722.1_2192 
NC_007722.1_2454 
NC_007722.1_2603 
NC_007722.1_2607 
NC_007722.1_2635 
NC_007722.1_1581 
NC_007722.1_1923 
NC_007722.1_1974 
NC_007722.1_416 
NC_007722.1_2281 
NC_007722.1_2323 
NC_007722.1_2344 
NC_007722.1_2785 
NC_007722.1_316 
NC_007722.1_1386 
NC_007722.1_2484 
NC_007722.1_2744 
NC_007722.1_612 
NC_007722.1_771 
NC_007722.1_1905 
NC_007722.1_2519 
NC_007722.1_2606 
NC_007722.1_2667 
NC_007722.1_267 
NC_007722.1_2695 
NC_007722.1_46 
NC_007722.1_657 
NC_007722.1_882 
NC_007722.1_1091 
NC_007722.1_1321 
NC_007722.1_1931 
NC_007722.1_2757 
NC_007722.1_2826 
NC_007722.1_525 
NC_007722.1_1840 
NC_007722.1_1852 
NC_007722.1_2089 
NC_007722.1_2566 
NC_007722.1_2736 
NC_007722.1_2751 
NC_007722.1_1628 
NC_007722.1_2481 
NC_007722.1_2705 
NC_007722.1_407 
NC_007722.1_531 
NC_007722.1_679 
NC_007722.1_762 
NC_007722.1_1208 
NC_007722.1_1703 
NC_007722.1_1095 
NC_007722.1_1602 
NC_007722.1_1723 
NC_007722.1_2076 
NC_007722.1_1515 
NC_007722.1_1639 
NC_007722.1_1968 
NC_007722.1_2125 
NC_007722.1_233 
NC_007722.1_2758 
NC_007722.1_929 
NC_007722.1_1207 
NC_007722.1_1487 
NC_007722.1_1591 
NC_007722.1_1686 
NC_007722.1_2762 
NC_007722.1_2928 
NC_007722.1_912 
NC_007722.1_1409 
NC_007722.1_1467 
NC_007722.1_1975 
NC_007722.1_2697 
NC_007722.1_1722 
NC_007722.1_1880 
NC_007722.1_2009 
NC_007722.1_2530 
NC_007722.1_886 
NC_007722.1_1410 
NC_007722.1_1914 
NC_007722.1_1918 
NC_007722.1_2105 
NC_007722.1_423 
NC_007722.1_699 
NC_007722.1_1157 
NC_007722.1_133 
NC_007722.1_1611 
NC_007722.1_2167 
NC_007722.1_2807 
NC_007722.1_2841 
NC_007722.1_666 
NC_007722.1_1318 
NC_007722.1_1544 
NC_007722.1_2783 
NC_007722.1_1156 
NC_007722.1_1407 
NC_007722.1_1622 
NC_007722.1_1783 
NC_007722.1_1986 
NC_007722.1_2317 
NC_007722.1_2366 
NC_007722.1_2515 
NC_007722.1_2795 
NC_007722.1_543 
NC_007722.1_580 
NC_007722.1_971 
NC_007722.1_1273 
NC_007722.1_1592 
NC_007722.1_1606 
NC_007722.1_1862 
NC_007722.1_2242 
NC_007722.1_2546 
NC_007722.1_1035 
NC_007722.1_1450 
NC_007722.1_1508 
NC_007722.1_1737 
NC_007722.1_2099 
NC_007722.1_2146 
NC_007722.1_2304 
NC_007722.1_2497 
NC_007722.1_476 
NC_007722.1_1031 
NC_007722.1_1492 
NC_007722.1_862 
NC_007722.1_1359 
NC_007722.1_1383 
NC_007722.1_1813 
NC_007722.1_2722 
NC_007722.1_421 
NC_007722.1_2458 
NC_007722.1_521 
NC_007722.1_1262 
NC_007722.1_1432 
NC_007722.1_1741 
NC_007722.1_1979 
NC_007722.1_2862 
NC_007722.1_701 
NC_007722.1_1177 
NC_007722.1_1708 
NC_007722.1_225 
NC_007722.1_2408 
NC_007722.1_2651 
NC_007722.1_2797 
NC_007722.1_343 
NC_007722.1_544 
NC_007722.1_806 
NC_007722.1_1731 
NC_007722.1_204 
NC_007722.1_2149 
NC_007722.1_2857 
NC_007722.1_656 
NC_007722.1_1106 
NC_007722.1_1375 
NC_007722.1_1600 
NC_007722.1_1920 
NC_007722.1_2162 
NC_007722.1_599 
NC_007722.1_80 
NC_007722.1_984 
NC_007722.1_2581 
NC_007722.1_331 
NC_007722.1_723 
NC_007722.1_1125 
NC_007722.1_1162 
NC_007722.1_2239 
NC_007722.1_2552 
NC_007722.1_2585 
NC_007722.1_462 
NC_007722.1_1187 
NC_007722.1_142 
NC_007722.1_1486 
NC_007722.1_1714 
NC_007722.1_1903 
NC_007722.1_2004 
NC_007722.1_2392 
NC_007722.1_776 
NC_007722.1_948 
NC_007722.1_1092 
NC_007722.1_1705 
NC_007722.1_1909 
NC_007722.1_2365 
NC_007722.1_645 
NC_007722.1_671 
NC_007722.1_718 
NC_007722.1_890 
NC_007722.1_1475 
NC_007722.1_2781 
NC_007722.1_2654 
NC_007722.1_647 
NC_007722.1_664 
NC_007722.1_1605 
NC_007722.1_1973 
NC_007722.1_2147 
NC_007722.1_2854 
NC_007722.1_630 
NC_007722.1_704 
NC_007722.1_998 
NC_007722.1_1854 
NC_007722.1_2532 
NC_007722.1_2680 
NC_007722.1_85 
NC_007722.1_1881 
NC_007722.1_754 
NC_007722.1_1107 
NC_007722.1_1572 
NC_007722.1_1617 
NC_007722.1_248 
NC_007722.1_2586 
NC_007722.1_1244 
NC_007722.1_1354 
NC_007722.1_1681 
NC_007722.1_2538 
NC_007722.1_2763 
NC_007722.1_571 
NC_007722.1_914 
NC_007722.1_1302 
NC_007722.1_1603 
NC_007722.1_1614 
NC_007722.1_2373 
NC_007722.1_279 
NC_007722.1_337 
NC_007722.1_632 
NC_007722.1_1079 
NC_007722.1_1607 
NC_007722.1_1922 
NC_007722.1_215 
NC_007722.1_2199 
NC_007722.1_270 
NC_007722.1_714 
NC_007722.1_874 
NC_007722.1_1293 
NC_007722.1_1565 
NC_007722.1_2499 
NC_007722.1_2655 
NC_007722.1_2701 
NC_007722.1_372 
NC_007722.1_660 
NC_007722.1_667 
NC_007722.1_903 
NC_007722.1_1575 
NC_007722.1_2073 
NC_007722.1_2273 
NC_007722.1_2275 
NC_007722.1_2422 
NC_007722.1_2756 
NC_007722.1_1045 
NC_007722.1_2547 
NC_007722.1_2776 
NC_007722.1_1553 
NC_007722.1_2843 
NC_007722.1_911 
NC_007722.1_1469 
NC_007722.1_2131 
NC_007722.1_2283 
NC_007722.1_2290 
NC_007722.1_2316 
NC_007722.1_2834 
NC_007722.1_633 
NC_007722.1_972 
NC_007722.1_1295 
NC_007722.1_1505 
NC_007722.1_460 
NC_007722.1_1378 
NC_007722.1_1828 
NC_007722.1_1924 
NC_007722.1_2293 
NC_007722.1_413 
NC_007722.1_608 
NC_007722.1_721 
NC_007722.1_940 
NC_007722.1_1597 
NC_007722.1_1612 
NC_007722.1_900 
NC_007722.1_1001 
NC_007722.1_1900 
NC_007722.1_2436 
NC_007722.1_2472 
NC_007722.1_1007 
NC_007722.1_1736 
NC_007722.1_2569 
NC_007722.1_262 
NC_007722.1_516 
NC_007722.1_552 
NC_007722.1_692 
NC_007722.1_818 
NC_007722.1_1477 
NC_007722.1_2517 
NC_007722.1_2537 
NC_007722.1_1096 
NC_007722.1_1270 
NC_007722.1_2824 
NC_007722.1_2877 
NC_007722.1_665 
NC_007722.1_1562 
NC_007722.1_2081 
NC_007722.1_2299 
NC_007722.1_661 
NC_007722.1_990 
NC_007722.1_1733 
NC_007722.1_2361 
NC_007722.1_488 
NC_007722.1_1798 
NC_007722.1_261 
NC_007722.1_659 
NC_007722.1_55 
NC_007722.1_1906 
NC_007722.1_1647 
NC_007722.1_1687 
NC_007722.1_2141 
NC_007722.1_2226 
NC_007722.1_2640 
NC_007722.1_397 
NC_007722.1_658 
NC_007722.1_1488 
NC_007722.1_1761 
NC_007722.1_2277 
NC_007722.1_2287 
NC_007722.1_2774 
NC_007722.1_315 
NC_007722.1_546 
NC_007722.1_38 
NC_007722.1_1960 
NC_007722.1_2855 
NC_007722.1_782 
NC_007722.1_1901 
NC_007722.1_2166 
NC_007722.1_249 
NC_007722.1_480 
NC_007722.1_646 
NC_007722.1_817 
NC_007722.1_1023 
NC_007722.1_1123 
NC_007722.1_2792 
NC_007722.1_2844 
NC_007722.1_2930 
NC_007722.1_473 
NC_007722.1_1211 
NC_007722.1_1484 
NC_007722.1_2280 
NC_007722.1_615 
NC_007722.1_738 
NC_007722.1_1111 
NC_007722.1_1451 
NC_007722.1_1692 
NC_007722.1_2022 
NC_007722.1_2412 
NC_007722.1_2421 
NC_007722.1_409 
NC_007722.1_752 
NC_007722.1_276 
NC_007722.1_597 
NC_007722.1_1799 
NC_007722.1_420 
NC_007722.1_1020 
NC_007722.1_1640 
NC_007722.1_1769 
NC_007722.1_1966 
NC_007722.1_264 
NC_007722.1_475 
NC_007722.1_717 
NC_007722.1_1108 
NC_007722.1_1925 
NC_007722.1_2186 
NC_007722.1_835 
NC_007722.1_1306 
NC_007722.1_1641 
NC_007722.1_2098 
NC_007722.1_773 
NC_007722.1_1608 
NC_007722.1_2082 
NC_007722.1_268 
NC_007722.1_966 
NC_007722.1_1289 
NC_007722.1_2502 
NC_007722.1_2596 
NC_007722.1_2721 
NC_007722.1_426 
NC_007722.1_607 
NC_007722.1_2362 
NC_007722.1_2440 
NC_007722.1_2521 
NC_007722.1_724 
NC_007722.1_100 
NC_007722.1_1551 
NC_007722.1_136 
NC_007722.1_1557 
NC_007722.1_2755 
NC_007722.1_2879 
NC_007722.1_504 
NC_007722.1_1902 
NC_007722.1_814 
NC_007722.1_1707 
NC_007722.1_210 
NC_007722.1_217 
NC_007722.1_2929 
NC_007722.1_1310 
NC_007722.1_1939 
NC_007722.1_216 
NC_007722.1_22 
NC_007722.1_2286 
NC_007722.1_1173 
NC_007722.1_1313 
NC_007722.1_1520 
NC_007722.1_947 
NC_007722.1_956 
NC_007722.1_1702 
NC_007722.1_2957 
NC_007722.1_15 
NC_007722.1_1598 
NC_007722.1_305 
NC_007722.1_447 
NC_007722.1_957 
NC_007722.1_2289 
NC_007722.1_1042 
NC_007722.1_2017 
NC_007722.1_2438 
NC_007722.1_2528 
NC_007722.1_52 
NC_007722.1_1228 
NC_007722.1_2353 
NC_007722.1_1873 
NC_007722.1_2391 
NC_007722.1_2875 
NC_007722.1_29 
NC_007722.1_485 
NC_007722.1_2677 
NC_007722.1_2759 
NC_007722.1_655 
NC_007722.1_101 
NC_007722.1_1836 
NC_007722.1_650 
NC_007722.1_669 
NC_007722.1_2189 
NC_007722.1_2473 
NC_007722.1_2110 
NC_007722.1_1311 
NC_007722.1_234 
NC_007722.1_614 
NC_007722.1_758 
NC_007722.1_2100 
NC_007722.1_2384 
NC_007722.1_977 
NC_007722.1_163 
NC_007722.1_1927 
NC_007722.1_2846 
NC_007722.1_2892 
NC_007722.1_838 
NC_007722.1_1811 
NC_007722.1_1750 
NC_007722.1_2151 
NC_007722.1_537 
NC_007722.1_457 
NC_007722.1_1770 
NC_007722.1_1646 
NC_007722.1_2860 
NC_007722.1_2441 
NC_007722.1_2937 
NC_007722.1_410 
NC_007722.1_950 
