Query name: /vortexfs1/omics/env-bio/collaboration/genome-streamlining/data/Proteins/AAA160-I06_proteins.faa
 Outfile: /vortexfs1/omics/env-bio/collaboration/genome-streamlining/data/eggNOGged/AAA160-I06_proteins_maNOG.txt

diamond v0.9.24.125 | by Benjamin Buchfink <buchfink@gmail.com>
Licensed under the GNU GPL <https://www.gnu.org/licenses/gpl.txt>
Check http://github.com/bbuchfink/diamond for updates.

#CPU threads: 2
Scoring parameters: (Matrix=BLOSUM62 Lambda=0.267 K=0.041 Penalties=11/1)
Temporary directory: /vortexfs1/omics/env-bio/collaboration/genome-streamlining/Genome-Streamline/scripts/emappertmp_dmdn_feNBq5
Opening the database...  [5.7e-05s]
Percentage range of top alignment score to report hits: 3
Opening the input file...  [0.016026s]
Opening the output file...  [0.000145s]
Loading query sequences...  [0.001936s]
Masking queries...  [0.042795s]
Building query seed set...  [0.00027s]
Algorithm: Double-indexed
Building query histograms...  [0.021171s]
Allocating buffers...  [5.8e-05s]
Loading reference sequences...  [2.62851s]
Building reference histograms...  [117.109s]
Allocating buffers...  [5.1e-05s]
Initializing temporary storage...  [0.006663s]
Processing query chunk 0, reference chunk 0, shape 0, index chunk 0.
Building reference index...  [23.6736s]
Building query index...  [0.004524s]
Building seed filter...  [0.708802s]
Searching alignments...  [2.20106s]
Processing query chunk 0, reference chunk 0, shape 0, index chunk 1.
Building reference index...  [26.6993s]
Building query index...  [0.004818s]
Building seed filter...  [0.71864s]
Searching alignments...  [2.08183s]
Processing query chunk 0, reference chunk 0, shape 0, index chunk 2.
Building reference index...  [27.825s]
Building query index...  [0.004741s]
Building seed filter...  [0.691318s]
Searching alignments...  [2.05024s]
Processing query chunk 0, reference chunk 0, shape 0, index chunk 3.
Building reference index...  [23.2087s]
Building query index...  [0.004168s]
Building seed filter...  [0.707458s]
Searching alignments...  [2.03833s]
Processing query chunk 0, reference chunk 0, shape 1, index chunk 0.
Building reference index...  [23.0605s]
Building query index...  [0.003993s]
Building seed filter...  [0.710987s]
Searching alignments...  [1.87033s]
Processing query chunk 0, reference chunk 0, shape 1, index chunk 1.
Building reference index...  [26.2762s]
Building query index...  [0.004616s]
Building seed filter...  [0.704739s]
Searching alignments...  [1.85135s]
Processing query chunk 0, reference chunk 0, shape 1, index chunk 2.
Building reference index...  [27.3069s]
Building query index...  [0.004681s]
Building seed filter...  [0.723889s]
Searching alignments...  [1.80175s]
Processing query chunk 0, reference chunk 0, shape 1, index chunk 3.
Building reference index...  [22.8927s]
Building query index...  [0.00397s]
Building seed filter...  [0.686657s]
Searching alignments...  [1.84461s]
Processing query chunk 0, reference chunk 0, shape 2, index chunk 0.
Building reference index...  [23.3288s]
Building query index...  [0.004061s]
Building seed filter...  [0.730856s]
Searching alignments...  [2.00137s]
Processing query chunk 0, reference chunk 0, shape 2, index chunk 1.
Building reference index...  [26.5979s]
Building query index...  [0.004711s]
Building seed filter...  [0.695114s]
Searching alignments...  [1.95919s]
Processing query chunk 0, reference chunk 0, shape 2, index chunk 2.
Building reference index...  [27.6963s]
Building query index...  [0.005047s]
Building seed filter...  [0.725575s]
Searching alignments...  [1.96532s]
Processing query chunk 0, reference chunk 0, shape 2, index chunk 3.
Building reference index...  [23.1568s]
Building query index...  [0.004077s]
Building seed filter...  [0.709831s]
Searching alignments...  [1.93912s]
Processing query chunk 0, reference chunk 0, shape 3, index chunk 0.
Building reference index...  [23.2338s]
Building query index...  [0.003994s]
Building seed filter...  [0.715686s]
Searching alignments...  [1.96933s]
Processing query chunk 0, reference chunk 0, shape 3, index chunk 1.
Building reference index...  [26.558s]
Building query index...  [0.004883s]
Building seed filter...  [0.71609s]
Searching alignments...  [1.90683s]
Processing query chunk 0, reference chunk 0, shape 3, index chunk 2.
Building reference index...  [27.7057s]
Building query index...  [0.004817s]
Building seed filter...  [0.676435s]
Searching alignments...  [1.95465s]
Processing query chunk 0, reference chunk 0, shape 3, index chunk 3.
Building reference index...  [23.0728s]
Building query index...  [0.004332s]
Building seed filter...  [0.693195s]
Searching alignments...  [1.95908s]
Processing query chunk 0, reference chunk 0, shape 4, index chunk 0.
Building reference index...  [23.0826s]
Building query index...  [0.004085s]
Building seed filter...  [0.716043s]
Searching alignments...  [1.96593s]
Processing query chunk 0, reference chunk 0, shape 4, index chunk 1.
Building reference index...  [26.3352s]
Building query index...  [0.004656s]
Building seed filter...  [0.68199s]
Searching alignments...  [2.00429s]
Processing query chunk 0, reference chunk 0, shape 4, index chunk 2.
Building reference index...  [27.4179s]
Building query index...  [0.004881s]
Building seed filter...  [0.718047s]
Searching alignments...  [1.93654s]
Processing query chunk 0, reference chunk 0, shape 4, index chunk 3.
Building reference index...  [22.9484s]
Building query index...  [0.004372s]
Building seed filter...  [0.711717s]
Searching alignments...  [1.98623s]
Processing query chunk 0, reference chunk 0, shape 5, index chunk 0.
Building reference index...  [23.1361s]
Building query index...  [0.004039s]
Building seed filter...  [0.691116s]
Searching alignments...  [1.93615s]
Processing query chunk 0, reference chunk 0, shape 5, index chunk 1.
Building reference index...  [26.4799s]
Building query index...  [0.004618s]
Building seed filter...  [0.699405s]
Searching alignments...  [1.91705s]
Processing query chunk 0, reference chunk 0, shape 5, index chunk 2.
Building reference index...  [27.5418s]
Building query index...  [0.004712s]
Building seed filter...  [0.684732s]
Searching alignments...  [1.9013s]
Processing query chunk 0, reference chunk 0, shape 5, index chunk 3.
Building reference index...  [22.9765s]
Building query index...  [0.004183s]
Building seed filter...  [0.716151s]
Searching alignments...  [1.89607s]
Processing query chunk 0, reference chunk 0, shape 6, index chunk 0.
Building reference index...  [23.0827s]
Building query index...  [0.004162s]
Building seed filter...  [0.719407s]
Searching alignments...  [1.82918s]
Processing query chunk 0, reference chunk 0, shape 6, index chunk 1.
Building reference index...  [26.2583s]
Building query index...  [0.004584s]
Building seed filter...  [0.704281s]
Searching alignments...  [1.81396s]
Processing query chunk 0, reference chunk 0, shape 6, index chunk 2.
Building reference index...  [27.2929s]
Building query index...  [0.004727s]
Building seed filter...  [0.714518s]
Searching alignments...  [1.87077s]
Processing query chunk 0, reference chunk 0, shape 6, index chunk 3.
Building reference index...  [22.8529s]
Building query index...  [0.004054s]
Building seed filter...  [0.705021s]
Searching alignments...  [1.83956s]
Processing query chunk 0, reference chunk 0, shape 7, index chunk 0.
Building reference index...  [23.1208s]
Building query index...  [0.004031s]
Building seed filter...  [0.718255s]
Searching alignments...  [1.89071s]
Processing query chunk 0, reference chunk 0, shape 7, index chunk 1.
Building reference index...  [26.3805s]
Building query index...  [0.004597s]
Building seed filter...  [0.716322s]
Searching alignments...  [1.87314s]
Processing query chunk 0, reference chunk 0, shape 7, index chunk 2.
Building reference index...  [27.4179s]
Building query index...  [0.00499s]
Building seed filter...  [0.699999s]
Searching alignments...  [1.82351s]
Processing query chunk 0, reference chunk 0, shape 7, index chunk 3.
Building reference index...  [22.8343s]
Building query index...  [0.004019s]
Building seed filter...  [0.702102s]
Searching alignments...  [1.89789s]
Processing query chunk 0, reference chunk 0, shape 8, index chunk 0.
Building reference index...  [23.2532s]
Building query index...  [0.004319s]
Building seed filter...  [0.713684s]
Searching alignments...  [1.91542s]
Processing query chunk 0, reference chunk 0, shape 8, index chunk 1.
Building reference index...  [26.6001s]
Building query index...  [0.004514s]
Building seed filter...  [0.710857s]
Searching alignments...  [1.97448s]
Processing query chunk 0, reference chunk 0, shape 8, index chunk 2.
Building reference index...  [27.611s]
Building query index...  [0.004888s]
Building seed filter...  [0.700053s]
Searching alignments...  [1.9029s]
Processing query chunk 0, reference chunk 0, shape 8, index chunk 3.
Building reference index...  [23.0889s]
Building query index...  [0.004133s]
Building seed filter...  [0.695677s]
Searching alignments...  [1.95498s]
Processing query chunk 0, reference chunk 0, shape 9, index chunk 0.
Building reference index...  [22.9479s]
Building query index...  [0.003856s]
Building seed filter...  [0.700976s]
Searching alignments...  [1.80691s]
Processing query chunk 0, reference chunk 0, shape 9, index chunk 1.
Building reference index...  [26.2025s]
Building query index...  [0.004824s]
Building seed filter...  [0.708471s]
Searching alignments...  [1.79211s]
Processing query chunk 0, reference chunk 0, shape 9, index chunk 2.
Building reference index...  [27.2448s]
Building query index...  [0.004711s]
Building seed filter...  [0.680695s]
Searching alignments...  [1.82721s]
Processing query chunk 0, reference chunk 0, shape 9, index chunk 3.
Building reference index...  [22.7429s]
Building query index...  [0.004054s]
Building seed filter...  [0.690414s]
Searching alignments...  [1.79426s]
Processing query chunk 0, reference chunk 0, shape 10, index chunk 0.
Building reference index...  [23.1234s]
Building query index...  [0.004023s]
Building seed filter...  [0.706544s]
Searching alignments...  [1.94051s]
Processing query chunk 0, reference chunk 0, shape 10, index chunk 1.
Building reference index...  [26.4673s]
Building query index...  [0.004606s]
Building seed filter...  [0.673232s]
Searching alignments...  [1.88308s]
Processing query chunk 0, reference chunk 0, shape 10, index chunk 2.
Building reference index...  [27.4993s]
Building query index...  [0.004984s]
Building seed filter...  [0.720836s]
Searching alignments...  [1.93621s]
Processing query chunk 0, reference chunk 0, shape 10, index chunk 3.
Building reference index...  [22.9871s]
Building query index...  [0.004253s]
Building seed filter...  [0.693518s]
Searching alignments...  [1.92894s]
Processing query chunk 0, reference chunk 0, shape 11, index chunk 0.
Building reference index...  [22.986s]
Building query index...  [0.003898s]
Building seed filter...  [0.69976s]
Searching alignments...  [1.92354s]
Processing query chunk 0, reference chunk 0, shape 11, index chunk 1.
Building reference index...  [26.1743s]
Building query index...  [0.004556s]
Building seed filter...  [0.700859s]
Searching alignments...  [1.91785s]
Processing query chunk 0, reference chunk 0, shape 11, index chunk 2.
Building reference index...  [27.2162s]
Building query index...  [0.004772s]
Building seed filter...  [0.688148s]
Searching alignments...  [1.83986s]
Processing query chunk 0, reference chunk 0, shape 11, index chunk 3.
Building reference index...  [22.8087s]
Building query index...  [0.003747s]
Building seed filter...  [0.713487s]
Searching alignments...  [1.86191s]
Processing query chunk 0, reference chunk 0, shape 12, index chunk 0.
Building reference index...  [22.9997s]
Building query index...  [0.004149s]
Building seed filter...  [0.688408s]
Searching alignments...  [1.91951s]
Processing query chunk 0, reference chunk 0, shape 12, index chunk 1.
Building reference index...  [26.2368s]
Building query index...  [0.004323s]
Building seed filter...  [0.696131s]
Searching alignments...  [1.88977s]
Processing query chunk 0, reference chunk 0, shape 12, index chunk 2.
Building reference index...  [27.2206s]
Building query index...  [0.004628s]
Building seed filter...  [0.699967s]
Searching alignments...  [1.90817s]
Processing query chunk 0, reference chunk 0, shape 12, index chunk 3.
Building reference index...  [22.783s]
Building query index...  [0.004133s]
Building seed filter...  [0.707317s]
Searching alignments...  [1.8421s]
Processing query chunk 0, reference chunk 0, shape 13, index chunk 0.
Building reference index...  [23.0304s]
Building query index...  [0.003944s]
Building seed filter...  [0.696245s]
Searching alignments...  [1.91955s]
Processing query chunk 0, reference chunk 0, shape 13, index chunk 1.
Building reference index...  [26.3061s]
Building query index...  [0.004856s]
Building seed filter...  [0.712848s]
Searching alignments...  [1.89436s]
Processing query chunk 0, reference chunk 0, shape 13, index chunk 2.
Building reference index...  [27.4487s]
Building query index...  [0.004779s]
Building seed filter...  [0.710544s]
Searching alignments...  [1.93141s]
Processing query chunk 0, reference chunk 0, shape 13, index chunk 3.
Building reference index...  [22.8632s]
Building query index...  [0.00402s]
Building seed filter...  [0.712525s]
Searching alignments...  [1.98608s]
Processing query chunk 0, reference chunk 0, shape 14, index chunk 0.
Building reference index...  [23.0711s]
Building query index...  [0.004296s]
Building seed filter...  [0.712184s]
Searching alignments...  [1.96082s]
Processing query chunk 0, reference chunk 0, shape 14, index chunk 1.
Building reference index...  [26.4651s]
Building query index...  [0.004348s]
Building seed filter...  [0.707196s]
Searching alignments...  [1.98524s]
Processing query chunk 0, reference chunk 0, shape 14, index chunk 2.
Building reference index...  [27.3734s]
Building query index...  [0.004942s]
Building seed filter...  [0.711893s]
Searching alignments...  [1.97176s]
Processing query chunk 0, reference chunk 0, shape 14, index chunk 3.
Building reference index...  [22.9351s]
Building query index...  [0.003887s]
Building seed filter...  [0.694642s]
Searching alignments...  [1.91416s]
Processing query chunk 0, reference chunk 0, shape 15, index chunk 0.
Building reference index...  [22.9115s]
Building query index...  [0.004052s]
Building seed filter...  [0.716845s]
Searching alignments...  [1.93134s]
Processing query chunk 0, reference chunk 0, shape 15, index chunk 1.
Building reference index...  [26.1906s]
Building query index...  [0.004939s]
Building seed filter...  [0.684444s]
Searching alignments...  [1.8951s]
Processing query chunk 0, reference chunk 0, shape 15, index chunk 2.
Building reference index...  [27.2258s]
Building query index...  [0.004937s]
Building seed filter...  [0.688723s]
Searching alignments...  [1.91443s]
Processing query chunk 0, reference chunk 0, shape 15, index chunk 3.
Building reference index...  [22.8168s]
Building query index...  [0.003918s]
Building seed filter...  [0.698439s]
Searching alignments...  [1.90476s]
Deallocating buffers...  [0.0111s]
Opening temporary output file...  [0.001652s]
Computing alignments...  [12.3466s]
Deallocating reference...  [0.00627s]
Loading reference sequences...  [2.59398s]
Building reference histograms...  [109.381s]
Allocating buffers...  [7.1e-05s]
Initializing temporary storage...  [0.004942s]
Processing query chunk 0, reference chunk 1, shape 0, index chunk 0.
Building reference index...  [23.3839s]
Building query index...  [0.004207s]
Building seed filter...  [0.696619s]
Searching alignments...  [2.03832s]
Processing query chunk 0, reference chunk 1, shape 0, index chunk 1.
Building reference index...  [26.5861s]
Building query index...  [0.00474s]
Building seed filter...  [0.71975s]
Searching alignments...  [1.93569s]
Processing query chunk 0, reference chunk 1, shape 0, index chunk 2.
Building reference index...  [27.6889s]
Building query index...  [0.004903s]
Building seed filter...  [0.708108s]
Searching alignments...  [2.01818s]
Processing query chunk 0, reference chunk 1, shape 0, index chunk 3.
Building reference index...  [23.1753s]
Building query index...  [0.004102s]
Building seed filter...  [0.720152s]
Searching alignments...  [2.01744s]
Processing query chunk 0, reference chunk 1, shape 1, index chunk 0.
Building reference index...  [22.9537s]
Building query index...  [0.003952s]
Building seed filter...  [0.708861s]
Searching alignments...  [1.80723s]
Processing query chunk 0, reference chunk 1, shape 1, index chunk 1.
Building reference index...  [26.1358s]
Building query index...  [0.004802s]
Building seed filter...  [0.699741s]
Searching alignments...  [1.76501s]
Processing query chunk 0, reference chunk 1, shape 1, index chunk 2.
Building reference index...  [27.2464s]
Building query index...  [0.004749s]
Building seed filter...  [0.716793s]
Searching alignments...  [1.71806s]
Processing query chunk 0, reference chunk 1, shape 1, index chunk 3.
Building reference index...  [22.7646s]
Building query index...  [0.004162s]
Building seed filter...  [0.702294s]
Searching alignments...  [1.78722s]
Processing query chunk 0, reference chunk 1, shape 2, index chunk 0.
Building reference index...  [23.2476s]
Building query index...  [0.0039s]
Building seed filter...  [0.705967s]
Searching alignments...  [1.9179s]
Processing query chunk 0, reference chunk 1, shape 2, index chunk 1.
Building reference index...  [26.484s]
Building query index...  [0.004715s]
Building seed filter...  [0.714142s]
Searching alignments...  [1.90322s]
Processing query chunk 0, reference chunk 1, shape 2, index chunk 2.
Building reference index...  [27.5852s]
Building query index...  [0.004835s]
Building seed filter...  [0.710543s]
Searching alignments...  [1.85513s]
Processing query chunk 0, reference chunk 1, shape 2, index chunk 3.
Building reference index...  [22.9755s]
Building query index...  [0.004295s]
Building seed filter...  [0.697846s]
Searching alignments...  [1.8532s]
Processing query chunk 0, reference chunk 1, shape 3, index chunk 0.
Building reference index...  [23.1773s]
Building query index...  [0.003975s]
Building seed filter...  [0.717731s]
Searching alignments...  [1.85711s]
Processing query chunk 0, reference chunk 1, shape 3, index chunk 1.
Building reference index...  [26.3983s]
Building query index...  [0.004814s]
Building seed filter...  [0.697296s]
Searching alignments...  [1.82902s]
Processing query chunk 0, reference chunk 1, shape 3, index chunk 2.
Building reference index...  [27.5537s]
Building query index...  [0.004771s]
Building seed filter...  [0.71327s]
Searching alignments...  [1.93261s]
Processing query chunk 0, reference chunk 1, shape 3, index chunk 3.
Building reference index...  [23.0278s]
Building query index...  [0.004127s]
Building seed filter...  [0.71214s]
Searching alignments...  [1.85403s]
Processing query chunk 0, reference chunk 1, shape 4, index chunk 0.
Building reference index...  [23.0047s]
Building query index...  [0.004145s]
Building seed filter...  [0.689687s]
Searching alignments...  [1.84861s]
Processing query chunk 0, reference chunk 1, shape 4, index chunk 1.
Building reference index...  [26.2149s]
Building query index...  [0.004557s]
Building seed filter...  [0.706087s]
Searching alignments...  [1.85739s]
Processing query chunk 0, reference chunk 1, shape 4, index chunk 2.
Building reference index...  [27.3059s]
Building query index...  [0.004542s]
Building seed filter...  [0.702891s]
Searching alignments...  [1.85073s]
Processing query chunk 0, reference chunk 1, shape 4, index chunk 3.
Building reference index...  [22.8126s]
Building query index...  [0.004004s]
Building seed filter...  [0.701684s]
Searching alignments...  [1.85633s]
Processing query chunk 0, reference chunk 1, shape 5, index chunk 0.
Building reference index...  [23.092s]
Building query index...  [0.004054s]
Building seed filter...  [0.69726s]
Searching alignments...  [1.8219s]
Processing query chunk 0, reference chunk 1, shape 5, index chunk 1.
Building reference index...  [26.3665s]
Building query index...  [0.004862s]
Building seed filter...  [0.720387s]
Searching alignments...  [1.81278s]
Processing query chunk 0, reference chunk 1, shape 5, index chunk 2.
Building reference index...  [27.3806s]
Building query index...  [0.004868s]
Building seed filter...  [0.684403s]
Searching alignments...  [1.77943s]
Processing query chunk 0, reference chunk 1, shape 5, index chunk 3.
Building reference index...  [22.8424s]
Building query index...  [0.004001s]
Building seed filter...  [0.698237s]
Searching alignments...  [1.81584s]
Processing query chunk 0, reference chunk 1, shape 6, index chunk 0.
Building reference index...  [22.9044s]
Building query index...  [0.004029s]
Building seed filter...  [0.695613s]
Searching alignments...  [1.72463s]
Processing query chunk 0, reference chunk 1, shape 6, index chunk 1.
Building reference index...  [26.3098s]
Building query index...  [0.004699s]
Building seed filter...  [0.705106s]
Searching alignments...  [1.77922s]
Processing query chunk 0, reference chunk 1, shape 6, index chunk 2.
Building reference index...  [27.1395s]
Building query index...  [0.004912s]
Building seed filter...  [0.692696s]
Searching alignments...  [1.8203s]
Processing query chunk 0, reference chunk 1, shape 6, index chunk 3.
Building reference index...  [22.7547s]
Building query index...  [0.003734s]
Building seed filter...  [0.719056s]
Searching alignments...  [1.77953s]
Processing query chunk 0, reference chunk 1, shape 7, index chunk 0.
Building reference index...  [22.9861s]
Building query index...  [0.004001s]
Building seed filter...  [0.701111s]
Searching alignments...  [1.83427s]
Processing query chunk 0, reference chunk 1, shape 7, index chunk 1.
Building reference index...  [26.3081s]
Building query index...  [0.004739s]
Building seed filter...  [0.705699s]
Searching alignments...  [1.8265s]
Processing query chunk 0, reference chunk 1, shape 7, index chunk 2.
Building reference index...  [27.31s]
Building query index...  [0.004832s]
Building seed filter...  [0.702632s]
Searching alignments...  [1.78313s]
Processing query chunk 0, reference chunk 1, shape 7, index chunk 3.
Building reference index...  [22.8205s]
Building query index...  [0.003959s]
Building seed filter...  [0.705323s]
Searching alignments...  [1.884s]
Processing query chunk 0, reference chunk 1, shape 8, index chunk 0.
Building reference index...  [23.1432s]
Building query index...  [0.003987s]
Building seed filter...  [0.689481s]
Searching alignments...  [1.83676s]
Processing query chunk 0, reference chunk 1, shape 8, index chunk 1.
Building reference index...  [26.4232s]
Building query index...  [0.004594s]
Building seed filter...  [0.710357s]
Searching alignments...  [1.89911s]
Processing query chunk 0, reference chunk 1, shape 8, index chunk 2.
Building reference index...  [27.5146s]
Building query index...  [0.005023s]
Building seed filter...  [0.685465s]
Searching alignments...  [1.90948s]
Processing query chunk 0, reference chunk 1, shape 8, index chunk 3.
Building reference index...  [23.0373s]
Building query index...  [0.00416s]
Building seed filter...  [0.689135s]
Searching alignments...  [1.87587s]
Processing query chunk 0, reference chunk 1, shape 9, index chunk 0.
Building reference index...  [22.8328s]
Building query index...  [0.00417s]
Building seed filter...  [0.708341s]
Searching alignments...  [1.76097s]
Processing query chunk 0, reference chunk 1, shape 9, index chunk 1.
Building reference index...  [26.1311s]
Building query index...  [0.004593s]
Building seed filter...  [0.703077s]
Searching alignments...  [1.7253s]
Processing query chunk 0, reference chunk 1, shape 9, index chunk 2.
Building reference index...  [27.1241s]
Building query index...  [0.004874s]
Building seed filter...  [0.678922s]
Searching alignments...  [1.74328s]
Processing query chunk 0, reference chunk 1, shape 9, index chunk 3.
Building reference index...  [22.6429s]
Building query index...  [0.00392s]
Building seed filter...  [0.692264s]
Searching alignments...  [1.73665s]
Processing query chunk 0, reference chunk 1, shape 10, index chunk 0.
Building reference index...  [23.0099s]
Building query index...  [0.003912s]
Building seed filter...  [0.693578s]
Searching alignments...  [1.85656s]
Processing query chunk 0, reference chunk 1, shape 10, index chunk 1.
Building reference index...  [26.322s]
Building query index...  [0.004687s]
Building seed filter...  [0.707782s]
Searching alignments...  [1.81453s]
Processing query chunk 0, reference chunk 1, shape 10, index chunk 2.
Building reference index...  [27.3753s]
Building query index...  [0.004727s]
Building seed filter...  [0.702053s]
Searching alignments...  [1.85328s]
Processing query chunk 0, reference chunk 1, shape 10, index chunk 3.
Building reference index...  [22.8607s]
Building query index...  [0.004133s]
Building seed filter...  [0.69771s]
Searching alignments...  [1.84502s]
Processing query chunk 0, reference chunk 1, shape 11, index chunk 0.
Building reference index...  [22.8308s]
Building query index...  [0.004238s]
Building seed filter...  [0.684129s]
Searching alignments...  [1.75014s]
Processing query chunk 0, reference chunk 1, shape 11, index chunk 1.
Building reference index...  [26.019s]
Building query index...  [0.004425s]
Building seed filter...  [0.720751s]
Searching alignments...  [1.75159s]
Processing query chunk 0, reference chunk 1, shape 11, index chunk 2.
Building reference index...  [27.141s]
Building query index...  [0.004821s]
Building seed filter...  [0.691946s]
Searching alignments...  [1.79752s]
Processing query chunk 0, reference chunk 1, shape 11, index chunk 3.
Building reference index...  [22.6854s]
Building query index...  [0.004069s]
Building seed filter...  [0.68794s]
Searching alignments...  [1.82831s]
Processing query chunk 0, reference chunk 1, shape 12, index chunk 0.
Building reference index...  [22.9042s]
Building query index...  [0.004186s]
Building seed filter...  [0.694403s]
Searching alignments...  [1.84406s]
Processing query chunk 0, reference chunk 1, shape 12, index chunk 1.
Building reference index...  [26.0654s]
Building query index...  [0.004713s]
Building seed filter...  [0.700293s]
Searching alignments...  [1.81154s]
Processing query chunk 0, reference chunk 1, shape 12, index chunk 2.
Building reference index...  [27.0967s]
Building query index...  [0.004672s]
Building seed filter...  [0.693405s]
Searching alignments...  [1.78086s]
Processing query chunk 0, reference chunk 1, shape 12, index chunk 3.
Building reference index...  [22.7286s]
Building query index...  [0.003996s]
Building seed filter...  [0.690852s]
Searching alignments...  [1.73115s]
Processing query chunk 0, reference chunk 1, shape 13, index chunk 0.
Building reference index...  [23.0381s]
Building query index...  [0.003971s]
Building seed filter...  [0.704288s]
Searching alignments...  [1.79585s]
Processing query chunk 0, reference chunk 1, shape 13, index chunk 1.
Building reference index...  [26.1942s]
Building query index...  [0.004727s]
Building seed filter...  [0.6895s]
Searching alignments...  [1.78514s]
Processing query chunk 0, reference chunk 1, shape 13, index chunk 2.
Building reference index...  [27.2522s]
Building query index...  [0.004536s]
Building seed filter...  [0.699843s]
Searching alignments...  [1.81522s]
Processing query chunk 0, reference chunk 1, shape 13, index chunk 3.
Building reference index...  [22.7386s]
Building query index...  [0.00435s]
Building seed filter...  [0.699169s]
Searching alignments...  [1.81216s]
Processing query chunk 0, reference chunk 1, shape 14, index chunk 0.
Building reference index...  [23.0303s]
Building query index...  [0.004027s]
Building seed filter...  [0.699003s]
Searching alignments...  [1.86543s]
Processing query chunk 0, reference chunk 1, shape 14, index chunk 1.
Building reference index...  [26.2414s]
Building query index...  [0.0045s]
Building seed filter...  [0.696261s]
Searching alignments...  [1.81871s]
Processing query chunk 0, reference chunk 1, shape 14, index chunk 2.
Building reference index...  [27.2217s]
Building query index...  [0.004721s]
Building seed filter...  [0.68733s]
Searching alignments...  [1.84404s]
Processing query chunk 0, reference chunk 1, shape 14, index chunk 3.
Building reference index...  [22.7823s]
Building query index...  [0.003788s]
Building seed filter...  [0.703308s]
Searching alignments...  [1.8294s]
Processing query chunk 0, reference chunk 1, shape 15, index chunk 0.
Building reference index...  [22.8375s]
Building query index...  [0.003952s]
Building seed filter...  [0.695502s]
Searching alignments...  [1.85322s]
Processing query chunk 0, reference chunk 1, shape 15, index chunk 1.
Building reference index...  [26.1731s]
Building query index...  [0.00475s]
Building seed filter...  [0.715592s]
Searching alignments...  [1.80373s]
Processing query chunk 0, reference chunk 1, shape 15, index chunk 2.
Building reference index...  [27.0778s]
Building query index...  [0.004668s]
Building seed filter...  [0.699159s]
Searching alignments...  [1.78934s]
Processing query chunk 0, reference chunk 1, shape 15, index chunk 3.
Building reference index...  [22.6539s]
Building query index...  [0.003983s]
Building seed filter...  [0.696105s]
Searching alignments...  [1.77936s]
Deallocating buffers...  [0.010887s]
Opening temporary output file...  [0.002086s]
Computing alignments...  [10.4052s]
Deallocating reference...  [0.006712s]
Loading reference sequences...  [2.58854s]
Building reference histograms...  [109.831s]
Allocating buffers...  [5.3e-05s]
Initializing temporary storage...  [0.004769s]
Processing query chunk 0, reference chunk 2, shape 0, index chunk 0.
Building reference index...  [23.3212s]
Building query index...  [0.004144s]
Building seed filter...  [0.705256s]
Searching alignments...  [1.96642s]
Processing query chunk 0, reference chunk 2, shape 0, index chunk 1.
Building reference index...  [26.4018s]
Building query index...  [0.004527s]
Building seed filter...  [0.707444s]
Searching alignments...  [1.92644s]
Processing query chunk 0, reference chunk 2, shape 0, index chunk 2.
Building reference index...  [27.3154s]
Building query index...  [0.005035s]
Building seed filter...  [0.69622s]
Searching alignments...  [1.86733s]
Processing query chunk 0, reference chunk 2, shape 0, index chunk 3.
Building reference index...  [22.8948s]
Building query index...  [0.004117s]
Building seed filter...  [0.727163s]
Searching alignments...  [1.90119s]
Processing query chunk 0, reference chunk 2, shape 1, index chunk 0.
Building reference index...  [22.6569s]
Building query index...  [0.004071s]
Building seed filter...  [0.687438s]
Searching alignments...  [1.69018s]
Processing query chunk 0, reference chunk 2, shape 1, index chunk 1.
Building reference index...  [25.8933s]
Building query index...  [0.004638s]
Building seed filter...  [0.680976s]
Searching alignments...  [1.66866s]
Processing query chunk 0, reference chunk 2, shape 1, index chunk 2.
Building reference index...  [26.8451s]
Building query index...  [0.00484s]
Building seed filter...  [0.711998s]
Searching alignments...  [1.69775s]
Processing query chunk 0, reference chunk 2, shape 1, index chunk 3.
Building reference index...  [22.4451s]
Building query index...  [0.00387s]
Building seed filter...  [0.698534s]
Searching alignments...  [1.7114s]
Processing query chunk 0, reference chunk 2, shape 2, index chunk 0.
Building reference index...  [22.9617s]
Building query index...  [0.004093s]
Building seed filter...  [0.708627s]
Searching alignments...  [1.82967s]
Processing query chunk 0, reference chunk 2, shape 2, index chunk 1.
Building reference index...  [26.2045s]
Building query index...  [0.00476s]
Building seed filter...  [0.715733s]
Searching alignments...  [1.76242s]
Processing query chunk 0, reference chunk 2, shape 2, index chunk 2.
Building reference index...  [27.189s]
Building query index...  [0.005104s]
Building seed filter...  [0.696975s]
Searching alignments...  [1.74137s]
Processing query chunk 0, reference chunk 2, shape 2, index chunk 3.
Building reference index...  [22.7507s]
Building query index...  [0.004372s]
Building seed filter...  [0.693802s]
Searching alignments...  [1.73301s]
Processing query chunk 0, reference chunk 2, shape 3, index chunk 0.
Building reference index...  [22.8683s]
Building query index...  [0.003919s]
Building seed filter...  [0.681561s]
Searching alignments...  [1.81858s]
Processing query chunk 0, reference chunk 2, shape 3, index chunk 1.
Building reference index...  [26.1012s]
Building query index...  [0.004618s]
Building seed filter...  [0.677576s]
Searching alignments...  [1.76169s]
Processing query chunk 0, reference chunk 2, shape 3, index chunk 2.
Building reference index...  [27.1725s]
Building query index...  [0.004839s]
Building seed filter...  [0.708517s]
Searching alignments...  [1.74627s]
Processing query chunk 0, reference chunk 2, shape 3, index chunk 3.
Building reference index...  [22.6591s]
Building query index...  [0.004077s]
Building seed filter...  [0.714538s]
Searching alignments...  [1.77294s]
Processing query chunk 0, reference chunk 2, shape 4, index chunk 0.
Building reference index...  [22.7474s]
Building query index...  [0.003952s]
Building seed filter...  [0.698102s]
Searching alignments...  [1.73958s]
Processing query chunk 0, reference chunk 2, shape 4, index chunk 1.
Building reference index...  [25.9107s]
Building query index...  [0.004342s]
Building seed filter...  [0.69541s]
Searching alignments...  [1.71314s]
Processing query chunk 0, reference chunk 2, shape 4, index chunk 2.
Building reference index...  [26.9229s]
Building query index...  [0.004848s]
Building seed filter...  [0.697073s]
Searching alignments...  [1.68941s]
Processing query chunk 0, reference chunk 2, shape 4, index chunk 3.
Building reference index...  [22.525s]
Building query index...  [0.00421s]
Building seed filter...  [0.692756s]
Searching alignments...  [1.7062s]
Processing query chunk 0, reference chunk 2, shape 5, index chunk 0.
Building reference index...  [22.7858s]
Building query index...  [0.004212s]
Building seed filter...  [0.69418s]
Searching alignments...  [1.72804s]
Processing query chunk 0, reference chunk 2, shape 5, index chunk 1.
Building reference index...  [26.048s]
Building query index...  [0.004514s]
Building seed filter...  [0.68954s]
Searching alignments...  [1.72297s]
Processing query chunk 0, reference chunk 2, shape 5, index chunk 2.
Building reference index...  [27.0326s]
Building query index...  [0.004865s]
Building seed filter...  [0.704041s]
Searching alignments...  [1.76682s]
Processing query chunk 0, reference chunk 2, shape 5, index chunk 3.
Building reference index...  [22.5822s]
Building query index...  [0.004062s]
Building seed filter...  [0.695241s]
Searching alignments...  [1.762s]
Processing query chunk 0, reference chunk 2, shape 6, index chunk 0.
Building reference index...  [22.6656s]
Building query index...  [0.004485s]
Building seed filter...  [0.702961s]
Searching alignments...  [1.69969s]
Processing query chunk 0, reference chunk 2, shape 6, index chunk 1.
Building reference index...  [25.8727s]
Building query index...  [0.004721s]
Building seed filter...  [0.691505s]
Searching alignments...  [1.6683s]
Processing query chunk 0, reference chunk 2, shape 6, index chunk 2.
Building reference index...  [26.9145s]
Building query index...  [0.004975s]
Building seed filter...  [0.684651s]
Searching alignments...  [1.63752s]
Processing query chunk 0, reference chunk 2, shape 6, index chunk 3.
Building reference index...  [22.4951s]
Building query index...  [0.004065s]
Building seed filter...  [0.694111s]
Searching alignments...  [1.65319s]
Processing query chunk 0, reference chunk 2, shape 7, index chunk 0.
Building reference index...  [22.6093s]
Building query index...  [0.003938s]
Building seed filter...  [0.695926s]
Searching alignments...  [1.69391s]
Processing query chunk 0, reference chunk 2, shape 7, index chunk 1.
Building reference index...  [25.9025s]
Building query index...  [0.005128s]
Building seed filter...  [0.697012s]
Searching alignments...  [1.69648s]
Processing query chunk 0, reference chunk 2, shape 7, index chunk 2.
Building reference index...  [26.9218s]
Building query index...  [0.004968s]
Building seed filter...  [0.681962s]
Searching alignments...  [1.6387s]
Processing query chunk 0, reference chunk 2, shape 7, index chunk 3.
Building reference index...  [22.4511s]
Building query index...  [0.004035s]
Building seed filter...  [0.694714s]
Searching alignments...  [1.73418s]
Processing query chunk 0, reference chunk 2, shape 8, index chunk 0.
Building reference index...  [22.8466s]
Building query index...  [0.003961s]
Building seed filter...  [0.68671s]
Searching alignments...  [1.6975s]
Processing query chunk 0, reference chunk 2, shape 8, index chunk 1.
Building reference index...  [26.1079s]
Building query index...  [0.004823s]
Building seed filter...  [0.706513s]
Searching alignments...  [1.73199s]
Processing query chunk 0, reference chunk 2, shape 8, index chunk 2.
Building reference index...  [27.0952s]
Building query index...  [0.004677s]
Building seed filter...  [0.669679s]
Searching alignments...  [1.7145s]
Processing query chunk 0, reference chunk 2, shape 8, index chunk 3.
Building reference index...  [22.7874s]
Building query index...  [0.004008s]
Building seed filter...  [0.70935s]
Searching alignments...  [1.73989s]
Processing query chunk 0, reference chunk 2, shape 9, index chunk 0.
Building reference index...  [22.5804s]
Building query index...  [0.003931s]
Building seed filter...  [0.69821s]
Searching alignments...  [1.61763s]
Processing query chunk 0, reference chunk 2, shape 9, index chunk 1.
Building reference index...  [25.8593s]
Building query index...  [0.004648s]
Building seed filter...  [0.683601s]
Searching alignments...  [1.61863s]
Processing query chunk 0, reference chunk 2, shape 9, index chunk 2.
Building reference index...  [26.8667s]
Building query index...  [0.004594s]
Building seed filter...  [0.697886s]
Searching alignments...  [1.69305s]
Processing query chunk 0, reference chunk 2, shape 9, index chunk 3.
Building reference index...  [22.4661s]
Building query index...  [0.003834s]
Building seed filter...  [0.676648s]
Searching alignments...  [1.65414s]
Processing query chunk 0, reference chunk 2, shape 10, index chunk 0.
Building reference index...  [22.7408s]
Building query index...  [0.003976s]
Building seed filter...  [0.701106s]
Searching alignments...  [1.7564s]
Processing query chunk 0, reference chunk 2, shape 10, index chunk 1.
Building reference index...  [25.9697s]
Building query index...  [0.004668s]
Building seed filter...  [0.694692s]
Searching alignments...  [1.68598s]
Processing query chunk 0, reference chunk 2, shape 10, index chunk 2.
Building reference index...  [26.9676s]
Building query index...  [0.004874s]
Building seed filter...  [0.705326s]
Searching alignments...  [1.72235s]
Processing query chunk 0, reference chunk 2, shape 10, index chunk 3.
Building reference index...  [22.597s]
Building query index...  [0.003873s]
Building seed filter...  [0.691589s]
Searching alignments...  [1.73753s]
Processing query chunk 0, reference chunk 2, shape 11, index chunk 0.
Building reference index...  [22.5609s]
Building query index...  [0.004066s]
Building seed filter...  [0.700474s]
Searching alignments...  [1.64614s]
Processing query chunk 0, reference chunk 2, shape 11, index chunk 1.
Building reference index...  [25.7256s]
Building query index...  [0.004412s]
Building seed filter...  [0.692253s]
Searching alignments...  [1.64648s]
Processing query chunk 0, reference chunk 2, shape 11, index chunk 2.
Building reference index...  [26.7419s]
Building query index...  [0.004739s]
Building seed filter...  [0.6981s]
Searching alignments...  [1.62076s]
Processing query chunk 0, reference chunk 2, shape 11, index chunk 3.
Building reference index...  [22.322s]
Building query index...  [0.004221s]
Building seed filter...  [0.677458s]
Searching alignments...  [1.65756s]
Processing query chunk 0, reference chunk 2, shape 12, index chunk 0.
Building reference index...  [22.5243s]
Building query index...  [0.00404s]
Building seed filter...  [0.692918s]
Searching alignments...  [1.65923s]
Processing query chunk 0, reference chunk 2, shape 12, index chunk 1.
Building reference index...  [25.7809s]
Building query index...  [0.004676s]
Building seed filter...  [0.698539s]
Searching alignments...  [1.63769s]
Processing query chunk 0, reference chunk 2, shape 12, index chunk 2.
Building reference index...  [26.6841s]
Building query index...  [0.004655s]
Building seed filter...  [0.686296s]
Searching alignments...  [1.62318s]
Processing query chunk 0, reference chunk 2, shape 12, index chunk 3.
Building reference index...  [22.3927s]
Building query index...  [0.004072s]
Building seed filter...  [0.70465s]
Searching alignments...  [1.63857s]
Processing query chunk 0, reference chunk 2, shape 13, index chunk 0.
Building reference index...  [22.6717s]
Building query index...  [0.003939s]
Building seed filter...  [0.704225s]
Searching alignments...  [1.69893s]
Processing query chunk 0, reference chunk 2, shape 13, index chunk 1.
Building reference index...  [25.8233s]
Building query index...  [0.004482s]
Building seed filter...  [0.701485s]
Searching alignments...  [1.70297s]
Processing query chunk 0, reference chunk 2, shape 13, index chunk 2.
Building reference index...  [26.8945s]
Building query index...  [0.004768s]
Building seed filter...  [0.691143s]
Searching alignments...  [1.72775s]
Processing query chunk 0, reference chunk 2, shape 13, index chunk 3.
Building reference index...  [22.4599s]
Building query index...  [0.004043s]
Building seed filter...  [0.685953s]
Searching alignments...  [1.74773s]
Processing query chunk 0, reference chunk 2, shape 14, index chunk 0.
Building reference index...  [22.7762s]
Building query index...  [0.004087s]
Building seed filter...  [0.710654s]
Searching alignments...  [1.75849s]
Processing query chunk 0, reference chunk 2, shape 14, index chunk 1.
Building reference index...  [25.9312s]
Building query index...  [0.004349s]
Building seed filter...  [0.704643s]
Searching alignments...  [1.70526s]
Processing query chunk 0, reference chunk 2, shape 14, index chunk 2.
Building reference index...  [26.9945s]
Building query index...  [0.00495s]
Building seed filter...  [0.698281s]
Searching alignments...  [1.78514s]
Processing query chunk 0, reference chunk 2, shape 14, index chunk 3.
Building reference index...  [22.5461s]
Building query index...  [0.003915s]
Building seed filter...  [0.692155s]
Searching alignments...  [1.75359s]
Processing query chunk 0, reference chunk 2, shape 15, index chunk 0.
Building reference index...  [22.5728s]
Building query index...  [0.004027s]
Building seed filter...  [0.698278s]
Searching alignments...  [1.75449s]
Processing query chunk 0, reference chunk 2, shape 15, index chunk 1.
Building reference index...  [25.8044s]
Building query index...  [0.004702s]
Building seed filter...  [0.691598s]
Searching alignments...  [1.69756s]
Processing query chunk 0, reference chunk 2, shape 15, index chunk 2.
Building reference index...  [26.8012s]
Building query index...  [0.004776s]
Building seed filter...  [0.663725s]
Searching alignments...  [1.64461s]
Processing query chunk 0, reference chunk 2, shape 15, index chunk 3.
Building reference index...  [22.4553s]
Building query index...  [0.004072s]
Building seed filter...  [0.7065s]
Searching alignments...  [1.6876s]
Deallocating buffers...  [0.010597s]
Opening temporary output file...  [0.00119s]
Computing alignments...  [7.44833s]
Deallocating reference...  [0.006357s]
Loading reference sequences...  [2.58169s]
Building reference histograms...  [102.329s]
Allocating buffers...  [5.2e-05s]
Initializing temporary storage...  [0.004756s]
Processing query chunk 0, reference chunk 3, shape 0, index chunk 0.
Building reference index...  [23.1231s]
Building query index...  [0.004072s]
Building seed filter...  [0.694091s]
Searching alignments...  [2.10537s]
Processing query chunk 0, reference chunk 3, shape 0, index chunk 1.
Building reference index...  [26.1057s]
Building query index...  [0.004526s]
Building seed filter...  [0.692486s]
Searching alignments...  [1.9856s]
Processing query chunk 0, reference chunk 3, shape 0, index chunk 2.
Building reference index...  [27.3214s]
Building query index...  [0.004897s]
Building seed filter...  [0.712151s]
Searching alignments...  [1.98262s]
Processing query chunk 0, reference chunk 3, shape 0, index chunk 3.
Building reference index...  [22.8756s]
Building query index...  [0.004138s]
Building seed filter...  [0.702909s]
Searching alignments...  [1.96093s]
Processing query chunk 0, reference chunk 3, shape 1, index chunk 0.
Building reference index...  [22.6054s]
Building query index...  [0.004026s]
Building seed filter...  [0.694847s]
Searching alignments...  [1.75297s]
Processing query chunk 0, reference chunk 3, shape 1, index chunk 1.
Building reference index...  [25.693s]
Building query index...  [0.004651s]
Building seed filter...  [0.694793s]
Searching alignments...  [1.7178s]
Processing query chunk 0, reference chunk 3, shape 1, index chunk 2.
Building reference index...  [26.7196s]
Building query index...  [0.004636s]
Building seed filter...  [0.689694s]
Searching alignments...  [1.74653s]
Processing query chunk 0, reference chunk 3, shape 1, index chunk 3.
Building reference index...  [22.335s]
Building query index...  [0.004086s]
Building seed filter...  [0.704838s]
Searching alignments...  [1.77149s]
Processing query chunk 0, reference chunk 3, shape 2, index chunk 0.
Building reference index...  [22.8596s]
Building query index...  [0.004068s]
Building seed filter...  [0.719219s]
Searching alignments...  [1.88181s]
Processing query chunk 0, reference chunk 3, shape 2, index chunk 1.
Building reference index...  [26.0725s]
Building query index...  [0.0047s]
Building seed filter...  [0.696571s]
Searching alignments...  [1.87739s]
Processing query chunk 0, reference chunk 3, shape 2, index chunk 2.
Building reference index...  [27.0199s]
Building query index...  [0.004908s]
Building seed filter...  [0.703294s]
Searching alignments...  [1.86567s]
Processing query chunk 0, reference chunk 3, shape 2, index chunk 3.
Building reference index...  [22.6915s]
Building query index...  [0.004338s]
Building seed filter...  [0.70275s]
Searching alignments...  [1.91873s]
Processing query chunk 0, reference chunk 3, shape 3, index chunk 0.
Building reference index...  [22.9075s]
Building query index...  [0.004269s]
Building seed filter...  [0.703618s]
Searching alignments...  [1.8376s]
Processing query chunk 0, reference chunk 3, shape 3, index chunk 1.
Building reference index...  [25.914s]
Building query index...  [0.004513s]
Building seed filter...  [0.708015s]
Searching alignments...  [1.81243s]
Processing query chunk 0, reference chunk 3, shape 3, index chunk 2.
Building reference index...  [26.987s]
Building query index...  [0.004761s]
Building seed filter...  [0.697273s]
Searching alignments...  [1.85701s]
Processing query chunk 0, reference chunk 3, shape 3, index chunk 3.
Building reference index...  [22.5453s]
Building query index...  [0.004068s]
Building seed filter...  [0.703225s]
Searching alignments...  [1.81505s]
Processing query chunk 0, reference chunk 3, shape 4, index chunk 0.
Building reference index...  [22.5586s]
Building query index...  [0.004069s]
Building seed filter...  [0.689365s]
Searching alignments...  [1.77566s]
Processing query chunk 0, reference chunk 3, shape 4, index chunk 1.
Building reference index...  [25.7607s]
Building query index...  [0.004896s]
Building seed filter...  [0.702347s]
Searching alignments...  [1.78985s]
Processing query chunk 0, reference chunk 3, shape 4, index chunk 2.
Building reference index...  [26.7518s]
Building query index...  [0.004694s]
Building seed filter...  [0.687614s]
Searching alignments...  [1.83859s]
Processing query chunk 0, reference chunk 3, shape 4, index chunk 3.
Building reference index...  [22.4023s]
Building query index...  [0.004174s]
Building seed filter...  [0.673997s]
Searching alignments...  [1.84295s]
Processing query chunk 0, reference chunk 3, shape 5, index chunk 0.
Building reference index...  [22.7906s]
Building query index...  [0.004018s]
Building seed filter...  [0.692227s]
Searching alignments...  [1.84416s]
Processing query chunk 0, reference chunk 3, shape 5, index chunk 1.
Building reference index...  [25.8957s]
Building query index...  [0.004758s]
Building seed filter...  [0.690343s]
Searching alignments...  [1.7805s]
Processing query chunk 0, reference chunk 3, shape 5, index chunk 2.
Building reference index...  [26.9054s]
Building query index...  [0.005034s]
Building seed filter...  [0.704986s]
Searching alignments...  [1.75277s]
Processing query chunk 0, reference chunk 3, shape 5, index chunk 3.
Building reference index...  [22.4193s]
Building query index...  [0.004078s]
Building seed filter...  [0.685796s]
Searching alignments...  [1.78743s]
Processing query chunk 0, reference chunk 3, shape 6, index chunk 0.
Building reference index...  [22.5207s]
Building query index...  [0.004191s]
Building seed filter...  [0.704891s]
Searching alignments...  [1.70948s]
Processing query chunk 0, reference chunk 3, shape 6, index chunk 1.
Building reference index...  [25.6832s]
Building query index...  [0.004539s]
Building seed filter...  [0.6807s]
Searching alignments...  [1.68473s]
Processing query chunk 0, reference chunk 3, shape 6, index chunk 2.
Building reference index...  [26.7326s]
Building query index...  [0.004579s]
Building seed filter...  [0.705855s]
Searching alignments...  [1.67086s]
Processing query chunk 0, reference chunk 3, shape 6, index chunk 3.
Building reference index...  [22.3863s]
Building query index...  [0.003978s]
Building seed filter...  [0.676804s]
Searching alignments...  [1.70407s]
Processing query chunk 0, reference chunk 3, shape 7, index chunk 0.
Building reference index...  [22.4888s]
Building query index...  [0.003814s]
Building seed filter...  [0.697979s]
Searching alignments...  [1.76292s]
Processing query chunk 0, reference chunk 3, shape 7, index chunk 1.
Building reference index...  [25.7972s]
Building query index...  [0.004671s]
Building seed filter...  [0.685236s]
Searching alignments...  [1.7502s]
Processing query chunk 0, reference chunk 3, shape 7, index chunk 2.
Building reference index...  [26.7617s]
Building query index...  [0.005136s]
Building seed filter...  [0.693857s]
Searching alignments...  [1.80231s]
Processing query chunk 0, reference chunk 3, shape 7, index chunk 3.
Building reference index...  [22.3808s]
Building query index...  [0.004201s]
Building seed filter...  [0.685413s]
Searching alignments...  [1.8289s]
Processing query chunk 0, reference chunk 3, shape 8, index chunk 0.
Building reference index...  [22.7463s]
Building query index...  [0.004393s]
Building seed filter...  [0.683752s]
Searching alignments...  [1.84364s]
Processing query chunk 0, reference chunk 3, shape 8, index chunk 1.
Building reference index...  [25.9567s]
Building query index...  [0.004878s]
Building seed filter...  [0.708291s]
Searching alignments...  [1.85749s]
Processing query chunk 0, reference chunk 3, shape 8, index chunk 2.
Building reference index...  [26.9506s]
Building query index...  [0.00468s]
Building seed filter...  [0.694587s]
Searching alignments...  [1.87856s]
Processing query chunk 0, reference chunk 3, shape 8, index chunk 3.
Building reference index...  [22.55s]
Building query index...  [0.004178s]
Building seed filter...  [0.699746s]
Searching alignments...  [1.85272s]
Processing query chunk 0, reference chunk 3, shape 9, index chunk 0.
Building reference index...  [22.4814s]
Building query index...  [0.004182s]
Building seed filter...  [0.695927s]
Searching alignments...  [1.74697s]
Processing query chunk 0, reference chunk 3, shape 9, index chunk 1.
Building reference index...  [25.7433s]
Building query index...  [0.0046s]
Building seed filter...  [0.694161s]
Searching alignments...  [1.72698s]
Processing query chunk 0, reference chunk 3, shape 9, index chunk 2.
Building reference index...  [26.6047s]
Building query index...  [0.004909s]
Building seed filter...  [0.683066s]
Searching alignments...  [1.73338s]
Processing query chunk 0, reference chunk 3, shape 9, index chunk 3.
Building reference index...  [22.316s]
Building query index...  [0.004096s]
Building seed filter...  [0.695419s]
Searching alignments...  [1.7296s]
Processing query chunk 0, reference chunk 3, shape 10, index chunk 0.
Building reference index...  [22.615s]
Building query index...  [0.003984s]
Building seed filter...  [0.696932s]
Searching alignments...  [1.85784s]
Processing query chunk 0, reference chunk 3, shape 10, index chunk 1.
Building reference index...  [25.7899s]
Building query index...  [0.004612s]
Building seed filter...  [0.668374s]
Searching alignments...  [1.8076s]
Processing query chunk 0, reference chunk 3, shape 10, index chunk 2.
Building reference index...  [26.8714s]
Building query index...  [0.004905s]
Building seed filter...  [0.684646s]
Searching alignments...  [1.78529s]
Processing query chunk 0, reference chunk 3, shape 10, index chunk 3.
Building reference index...  [22.4901s]
Building query index...  [0.003915s]
Building seed filter...  [0.714306s]
Searching alignments...  [1.79299s]
Processing query chunk 0, reference chunk 3, shape 11, index chunk 0.
Building reference index...  [22.3673s]
Building query index...  [0.003889s]
Building seed filter...  [0.694208s]
Searching alignments...  [1.73642s]
Processing query chunk 0, reference chunk 3, shape 11, index chunk 1.
Building reference index...  [25.5593s]
Building query index...  [0.004613s]
Building seed filter...  [0.693363s]
Searching alignments...  [1.73672s]
Processing query chunk 0, reference chunk 3, shape 11, index chunk 2.
Building reference index...  [26.5682s]
Building query index...  [0.004709s]
Building seed filter...  [0.688899s]
Searching alignments...  [1.74129s]
Processing query chunk 0, reference chunk 3, shape 11, index chunk 3.
Building reference index...  [22.2902s]
Building query index...  [0.004099s]
Building seed filter...  [0.70098s]
Searching alignments...  [1.75093s]
Processing query chunk 0, reference chunk 3, shape 12, index chunk 0.
Building reference index...  [22.4245s]
Building query index...  [0.004086s]
Building seed filter...  [0.698887s]
Searching alignments...  [1.759s]
Processing query chunk 0, reference chunk 3, shape 12, index chunk 1.
Building reference index...  [25.6134s]
Building query index...  [0.004582s]
Building seed filter...  [0.692023s]
Searching alignments...  [1.73704s]
Processing query chunk 0, reference chunk 3, shape 12, index chunk 2.
Building reference index...  [26.5768s]
Building query index...  [0.004738s]
Building seed filter...  [0.686652s]
Searching alignments...  [1.73718s]
Processing query chunk 0, reference chunk 3, shape 12, index chunk 3.
Building reference index...  [22.2801s]
Building query index...  [0.0041s]
Building seed filter...  [0.689306s]
Searching alignments...  [1.71584s]
Processing query chunk 0, reference chunk 3, shape 13, index chunk 0.
Building reference index...  [22.547s]
Building query index...  [0.004049s]
Building seed filter...  [0.688637s]
Searching alignments...  [1.73863s]
Processing query chunk 0, reference chunk 3, shape 13, index chunk 1.
Building reference index...  [25.6836s]
Building query index...  [0.00465s]
Building seed filter...  [0.695644s]
Searching alignments...  [1.76186s]
Processing query chunk 0, reference chunk 3, shape 13, index chunk 2.
Building reference index...  [26.7514s]
Building query index...  [0.004648s]
Building seed filter...  [0.69606s]
Searching alignments...  [1.77458s]
Processing query chunk 0, reference chunk 3, shape 13, index chunk 3.
Building reference index...  [22.3239s]
Building query index...  [0.004028s]
Building seed filter...  [0.697593s]
Searching alignments...  [1.78095s]
Processing query chunk 0, reference chunk 3, shape 14, index chunk 0.
Building reference index...  [22.5722s]
Building query index...  [0.003989s]
Building seed filter...  [0.693461s]
Searching alignments...  [1.77476s]
Processing query chunk 0, reference chunk 3, shape 14, index chunk 1.
Building reference index...  [25.8291s]
Building query index...  [0.004675s]
Building seed filter...  [0.688623s]
Searching alignments...  [1.75943s]
Processing query chunk 0, reference chunk 3, shape 14, index chunk 2.
Building reference index...  [26.7939s]
Building query index...  [0.004712s]
Building seed filter...  [0.694277s]
Searching alignments...  [1.83679s]
Processing query chunk 0, reference chunk 3, shape 14, index chunk 3.
Building reference index...  [22.3594s]
Building query index...  [0.003957s]
Building seed filter...  [0.684684s]
Searching alignments...  [1.82311s]
Processing query chunk 0, reference chunk 3, shape 15, index chunk 0.
Building reference index...  [22.472s]
Building query index...  [0.0043s]
Building seed filter...  [0.67742s]
Searching alignments...  [1.75512s]
Processing query chunk 0, reference chunk 3, shape 15, index chunk 1.
Building reference index...  [25.5901s]
Building query index...  [0.004805s]
Building seed filter...  [0.689178s]
Searching alignments...  [1.74206s]
Processing query chunk 0, reference chunk 3, shape 15, index chunk 2.
Building reference index...  [26.6106s]
Building query index...  [0.004792s]
Building seed filter...  [0.69067s]
Searching alignments...  [1.69823s]
Processing query chunk 0, reference chunk 3, shape 15, index chunk 3.
Building reference index...  [22.2666s]
Building query index...  [0.003957s]
Building seed filter...  [0.684148s]
Searching alignments...  [1.70375s]
Deallocating buffers...  [0.010469s]
Opening temporary output file...  [0.001914s]
Computing alignments...  [7.75558s]
Deallocating reference...  [0.00626s]
Loading reference sequences...  [0.535513s]
Building reference histograms...  [21.5083s]
Allocating buffers...  [5.3e-05s]
Initializing temporary storage...  [0.003497s]
Processing query chunk 0, reference chunk 4, shape 0, index chunk 0.
Building reference index...  [4.65081s]
Building query index...  [0.004154s]
Building seed filter...  [0.190317s]
Searching alignments...  [0.380174s]
Processing query chunk 0, reference chunk 4, shape 0, index chunk 1.
Building reference index...  [5.24045s]
Building query index...  [0.004498s]
Building seed filter...  [0.185913s]
Searching alignments...  [0.367292s]
Processing query chunk 0, reference chunk 4, shape 0, index chunk 2.
Building reference index...  [5.45486s]
Building query index...  [0.004982s]
Building seed filter...  [0.190066s]
Searching alignments...  [0.358793s]
Processing query chunk 0, reference chunk 4, shape 0, index chunk 3.
Building reference index...  [4.54292s]
Building query index...  [0.004054s]
Building seed filter...  [0.187795s]
Searching alignments...  [0.359848s]
Processing query chunk 0, reference chunk 4, shape 1, index chunk 0.
Building reference index...  [4.53911s]
Building query index...  [0.003957s]
Building seed filter...  [0.178378s]
Searching alignments...  [0.333911s]
Processing query chunk 0, reference chunk 4, shape 1, index chunk 1.
Building reference index...  [5.15829s]
Building query index...  [0.004781s]
Building seed filter...  [0.185357s]
Searching alignments...  [0.333729s]
Processing query chunk 0, reference chunk 4, shape 1, index chunk 2.
Building reference index...  [5.35862s]
Building query index...  [0.004665s]
Building seed filter...  [0.181445s]
Searching alignments...  [0.327901s]
Processing query chunk 0, reference chunk 4, shape 1, index chunk 3.
Building reference index...  [4.46803s]
Building query index...  [0.004199s]
Building seed filter...  [0.173957s]
Searching alignments...  [0.325407s]
Processing query chunk 0, reference chunk 4, shape 2, index chunk 0.
Building reference index...  [4.54936s]
Building query index...  [0.003936s]
Building seed filter...  [0.188722s]
Searching alignments...  [0.344052s]
Processing query chunk 0, reference chunk 4, shape 2, index chunk 1.
Building reference index...  [5.24783s]
Building query index...  [0.004545s]
Building seed filter...  [0.180907s]
Searching alignments...  [0.364421s]
Processing query chunk 0, reference chunk 4, shape 2, index chunk 2.
Building reference index...  [5.43571s]
Building query index...  [0.004695s]
Building seed filter...  [0.177003s]
Searching alignments...  [0.348156s]
Processing query chunk 0, reference chunk 4, shape 2, index chunk 3.
Building reference index...  [4.51471s]
Building query index...  [0.003985s]
Building seed filter...  [0.181656s]
Searching alignments...  [0.346327s]
Processing query chunk 0, reference chunk 4, shape 3, index chunk 0.
Building reference index...  [4.54469s]
Building query index...  [0.003935s]
Building seed filter...  [0.18853s]
Searching alignments...  [0.338912s]
Processing query chunk 0, reference chunk 4, shape 3, index chunk 1.
Building reference index...  [5.21408s]
Building query index...  [0.004746s]
Building seed filter...  [0.180511s]
Searching alignments...  [0.347261s]
Processing query chunk 0, reference chunk 4, shape 3, index chunk 2.
Building reference index...  [5.4123s]
Building query index...  [0.004853s]
Building seed filter...  [0.182963s]
Searching alignments...  [0.349205s]
Processing query chunk 0, reference chunk 4, shape 3, index chunk 3.
Building reference index...  [4.50871s]
Building query index...  [0.003953s]
Building seed filter...  [0.180957s]
Searching alignments...  [0.348412s]
Processing query chunk 0, reference chunk 4, shape 4, index chunk 0.
Building reference index...  [4.52011s]
Building query index...  [0.004171s]
Building seed filter...  [0.184173s]
Searching alignments...  [0.340627s]
Processing query chunk 0, reference chunk 4, shape 4, index chunk 1.
Building reference index...  [5.18478s]
Building query index...  [0.004615s]
Building seed filter...  [0.182115s]
Searching alignments...  [0.340773s]
Processing query chunk 0, reference chunk 4, shape 4, index chunk 2.
Building reference index...  [5.38499s]
Building query index...  [0.004886s]
Building seed filter...  [0.169513s]
Searching alignments...  [0.347749s]
Processing query chunk 0, reference chunk 4, shape 4, index chunk 3.
Building reference index...  [4.48808s]
Building query index...  [0.004139s]
Building seed filter...  [0.188209s]
Searching alignments...  [0.34642s]
Processing query chunk 0, reference chunk 4, shape 5, index chunk 0.
Building reference index...  [4.52387s]
Building query index...  [0.0041s]
Building seed filter...  [0.187428s]
Searching alignments...  [0.341912s]
Processing query chunk 0, reference chunk 4, shape 5, index chunk 1.
Building reference index...  [5.21021s]
Building query index...  [0.004762s]
Building seed filter...  [0.179256s]
Searching alignments...  [0.347607s]
Processing query chunk 0, reference chunk 4, shape 5, index chunk 2.
Building reference index...  [5.40381s]
Building query index...  [0.004637s]
Building seed filter...  [0.176482s]
Searching alignments...  [0.348123s]
Processing query chunk 0, reference chunk 4, shape 5, index chunk 3.
Building reference index...  [4.48333s]
Building query index...  [0.003839s]
Building seed filter...  [0.180695s]
Searching alignments...  [0.347279s]
Processing query chunk 0, reference chunk 4, shape 6, index chunk 0.
Building reference index...  [4.49688s]
Building query index...  [0.004056s]
Building seed filter...  [0.182272s]
Searching alignments...  [0.331296s]
Processing query chunk 0, reference chunk 4, shape 6, index chunk 1.
Building reference index...  [5.15997s]
Building query index...  [0.004672s]
Building seed filter...  [0.188894s]
Searching alignments...  [0.329768s]
Processing query chunk 0, reference chunk 4, shape 6, index chunk 2.
Building reference index...  [5.37167s]
Building query index...  [0.004553s]
Building seed filter...  [0.179511s]
Searching alignments...  [0.340556s]
Processing query chunk 0, reference chunk 4, shape 6, index chunk 3.
Building reference index...  [4.45467s]
Building query index...  [0.004248s]
Building seed filter...  [0.1828s]
Searching alignments...  [0.343135s]
Processing query chunk 0, reference chunk 4, shape 7, index chunk 0.
Building reference index...  [4.53265s]
Building query index...  [0.004175s]
Building seed filter...  [0.18105s]
Searching alignments...  [0.344364s]
Processing query chunk 0, reference chunk 4, shape 7, index chunk 1.
Building reference index...  [5.21764s]
Building query index...  [0.004849s]
Building seed filter...  [0.178726s]
Searching alignments...  [0.338519s]
Processing query chunk 0, reference chunk 4, shape 7, index chunk 2.
Building reference index...  [5.40745s]
Building query index...  [0.004801s]
Building seed filter...  [0.180079s]
Searching alignments...  [0.331976s]
Processing query chunk 0, reference chunk 4, shape 7, index chunk 3.
Building reference index...  [4.46845s]
Building query index...  [0.003947s]
Building seed filter...  [0.182505s]
Searching alignments...  [0.34886s]
Processing query chunk 0, reference chunk 4, shape 8, index chunk 0.
Building reference index...  [4.55185s]
Building query index...  [0.004151s]
Building seed filter...  [0.186442s]
Searching alignments...  [0.345266s]
Processing query chunk 0, reference chunk 4, shape 8, index chunk 1.
Building reference index...  [5.20199s]
Building query index...  [0.004594s]
Building seed filter...  [0.187108s]
Searching alignments...  [0.350239s]
Processing query chunk 0, reference chunk 4, shape 8, index chunk 2.
Building reference index...  [5.42972s]
Building query index...  [0.004937s]
Building seed filter...  [0.179162s]
Searching alignments...  [0.351712s]
Processing query chunk 0, reference chunk 4, shape 8, index chunk 3.
Building reference index...  [4.50803s]
Building query index...  [0.004138s]
Building seed filter...  [0.190901s]
Searching alignments...  [0.348579s]
Processing query chunk 0, reference chunk 4, shape 9, index chunk 0.
Building reference index...  [4.49048s]
Building query index...  [0.00391s]
Building seed filter...  [0.184497s]
Searching alignments...  [0.331151s]
Processing query chunk 0, reference chunk 4, shape 9, index chunk 1.
Building reference index...  [5.16489s]
Building query index...  [0.004545s]
Building seed filter...  [0.17758s]
Searching alignments...  [0.337755s]
Processing query chunk 0, reference chunk 4, shape 9, index chunk 2.
Building reference index...  [5.36397s]
Building query index...  [0.004941s]
Building seed filter...  [0.178223s]
Searching alignments...  [0.328074s]
Processing query chunk 0, reference chunk 4, shape 9, index chunk 3.
Building reference index...  [4.45912s]
Building query index...  [0.003909s]
Building seed filter...  [0.180931s]
Searching alignments...  [0.329509s]
Processing query chunk 0, reference chunk 4, shape 10, index chunk 0.
Building reference index...  [4.52825s]
Building query index...  [0.004205s]
Building seed filter...  [0.17595s]
Searching alignments...  [0.342969s]
Processing query chunk 0, reference chunk 4, shape 10, index chunk 1.
Building reference index...  [5.19043s]
Building query index...  [0.004851s]
Building seed filter...  [0.184399s]
Searching alignments...  [0.336104s]
Processing query chunk 0, reference chunk 4, shape 10, index chunk 2.
Building reference index...  [5.39018s]
Building query index...  [0.004543s]
Building seed filter...  [0.180911s]
Searching alignments...  [0.352465s]
Processing query chunk 0, reference chunk 4, shape 10, index chunk 3.
Building reference index...  [4.48282s]
Building query index...  [0.003984s]
Building seed filter...  [0.183832s]
Searching alignments...  [0.346957s]
Processing query chunk 0, reference chunk 4, shape 11, index chunk 0.
Building reference index...  [4.48297s]
Building query index...  [0.004059s]
Building seed filter...  [0.18211s]
Searching alignments...  [0.33282s]
Processing query chunk 0, reference chunk 4, shape 11, index chunk 1.
Building reference index...  [5.12951s]
Building query index...  [0.004727s]
Building seed filter...  [0.179011s]
Searching alignments...  [0.330863s]
Processing query chunk 0, reference chunk 4, shape 11, index chunk 2.
Building reference index...  [5.31473s]
Building query index...  [0.004766s]
Building seed filter...  [0.183728s]
Searching alignments...  [0.33439s]
Processing query chunk 0, reference chunk 4, shape 11, index chunk 3.
Building reference index...  [4.46284s]
Building query index...  [0.003831s]
Building seed filter...  [0.177667s]
Searching alignments...  [0.33605s]
Processing query chunk 0, reference chunk 4, shape 12, index chunk 0.
Building reference index...  [4.48066s]
Building query index...  [0.003736s]
Building seed filter...  [0.179527s]
Searching alignments...  [0.332052s]
Processing query chunk 0, reference chunk 4, shape 12, index chunk 1.
Building reference index...  [5.12464s]
Building query index...  [0.004519s]
Building seed filter...  [0.19033s]
Searching alignments...  [0.333742s]
Processing query chunk 0, reference chunk 4, shape 12, index chunk 2.
Building reference index...  [5.36432s]
Building query index...  [0.004558s]
Building seed filter...  [0.175022s]
Searching alignments...  [0.336647s]
Processing query chunk 0, reference chunk 4, shape 12, index chunk 3.
Building reference index...  [4.4496s]
Building query index...  [0.003932s]
Building seed filter...  [0.18265s]
Searching alignments...  [0.343313s]
Processing query chunk 0, reference chunk 4, shape 13, index chunk 0.
Building reference index...  [4.53175s]
Building query index...  [0.004272s]
Building seed filter...  [0.182481s]
Searching alignments...  [0.345061s]
Processing query chunk 0, reference chunk 4, shape 13, index chunk 1.
Building reference index...  [5.14808s]
Building query index...  [0.004647s]
Building seed filter...  [0.182527s]
Searching alignments...  [0.340828s]
Processing query chunk 0, reference chunk 4, shape 13, index chunk 2.
Building reference index...  [5.36511s]
Building query index...  [0.004814s]
Building seed filter...  [0.175555s]
Searching alignments...  [0.337016s]
Processing query chunk 0, reference chunk 4, shape 13, index chunk 3.
Building reference index...  [4.45462s]
Building query index...  [0.003937s]
Building seed filter...  [0.182688s]
Searching alignments...  [0.337051s]
Processing query chunk 0, reference chunk 4, shape 14, index chunk 0.
Building reference index...  [4.51842s]
Building query index...  [0.00402s]
Building seed filter...  [0.186202s]
Searching alignments...  [0.342693s]
Processing query chunk 0, reference chunk 4, shape 14, index chunk 1.
Building reference index...  [5.19909s]
Building query index...  [0.004726s]
Building seed filter...  [0.177909s]
Searching alignments...  [0.344827s]
Processing query chunk 0, reference chunk 4, shape 14, index chunk 2.
Building reference index...  [5.39358s]
Building query index...  [0.004978s]
Building seed filter...  [0.177524s]
Searching alignments...  [0.353916s]
Processing query chunk 0, reference chunk 4, shape 14, index chunk 3.
Building reference index...  [4.47204s]
Building query index...  [0.003799s]
Building seed filter...  [0.188531s]
Searching alignments...  [0.341449s]
Processing query chunk 0, reference chunk 4, shape 15, index chunk 0.
Building reference index...  [4.49075s]
Building query index...  [0.004184s]
Building seed filter...  [0.188461s]
Searching alignments...  [0.34063s]
Processing query chunk 0, reference chunk 4, shape 15, index chunk 1.
Building reference index...  [5.15145s]
Building query index...  [0.004437s]
Building seed filter...  [0.177649s]
Searching alignments...  [0.335256s]
Processing query chunk 0, reference chunk 4, shape 15, index chunk 2.
Building reference index...  [5.35376s]
Building query index...  [0.004853s]
Building seed filter...  [0.180787s]
Searching alignments...  [0.333079s]
Processing query chunk 0, reference chunk 4, shape 15, index chunk 3.
Building reference index...  [4.45102s]
Building query index...  [0.004077s]
Building seed filter...  [0.188634s]
Searching alignments...  [0.345987s]
Deallocating buffers...  [0.002321s]
Opening temporary output file...  [0.002847s]
Computing alignments...  [1.0036s]
Deallocating reference...  [0.001767s]
Loading reference sequences...  [3.3e-05s]
Deallocating buffers...  [8.8e-05s]
Joining output blocks...  [0.026744s]
Deallocating queries...  [0.005023s]
Loading query sequences...  [1.7e-05s]
Closing the input file...  [1.4e-05s]
Closing the output file...  [0.000267s]
Closing the database file...  [1.1e-05s]
Deallocating taxonomy...  [5e-06s]
Total time = 7825.64s
Reported 5258 pairwise alignments, 5260 HSPs.
1027 queries aligned.
/vortexfs1/home/ngermolus/eggnog-mapper/bin/diamond /vortexfs1/home/ngermolus/eggnog-mapper
#  emapper-2.0.1
# ./emapper.py  -i /vortexfs1/omics/env-bio/collaboration/genome-streamlining/data/Proteins/AAA160-I06_proteins.faa --output /vortexfs1/omics/env-bio/collaboration/genome-streamlining/data/eggNOGged/AAA160-I06_proteins_maNOG.txt -m diamond
[1;33m  /vortexfs1/home/ngermolus/eggnog-mapper/bin/diamond blastp -d /vortexfs1/home/ngermolus/eggnog-mapper/data/eggnog_proteins.dmnd -q /vortexfs1/omics/env-bio/collaboration/genome-streamlining/data/Proteins/AAA160-I06_proteins.faa --more-sensitive --threads 2 -e 0.001000 -o /vortexfs1/omics/env-bio/collaboration/genome-streamlining/Genome-Streamline/scripts/emappertmp_dmdn_feNBq5/7972b014d6ad4d19a05434b36db248d9 --top 3 --query-cover 0 --subject-cover 0[0m
[32mFunctional annotation of refined hits starts now[0m
500 133.703727961 3.74 q/s (func. annotation)
[1;34m Processed queries:993 total_time:187.066984892 rate:5.31 q/s[0m
[32mDone[0m
   /vortexfs1/omics/env-bio/collaboration/genome-streamlining/data/eggNOGged/AAA160-I06_proteins_maNOG.txt.emapper.seed_orthologs
   /vortexfs1/omics/env-bio/collaboration/genome-streamlining/data/eggNOGged/AAA160-I06_proteins_maNOG.txt.emapper.annotations
Total time: 8012.76 secs

================================================================================
CITATION:
If you use this software, please cite:

[1] Fast genome-wide functional annotation through orthology assignment by
      eggNOG-mapper. Jaime Huerta-Cepas, Kristoffer Forslund, Luis Pedro Coelho,
      Damian Szklarczyk, Lars Juhl Jensen, Christian von Mering and Peer Bork.
      Mol Biol Evol (2017). doi: https://doi.org/10.1093/molbev/msx148

[2] eggNOG 5.0: a hierarchical, functionally and phylogenetically annotated
      orthology resource based on 5090 organisms and 2502 viruses. Jaime
      Huerta-Cepas, Damian Szklarczyk, Davide Heller, Ana Hernandez-Plaza,
      Sofia K Forslund, Helen Cook, Daniel R Mende, Ivica Letunic, Thomas
      Rattei, Lars J Jensen, Christian von Mering and Peer Bork. Nucleic Acids
      Research, Volume 47, Issue D1, 8 January 2019, Pages D309-D314,
      https://doi.org/10.1093/nar/gky1085 
[3] Fast and Sensitive Protein Alignment using DIAMOND. Buchfink B, Xie C,
       Huson DH. 2015. Nat. Methods [Internet] 12.


(e.g. Functional annotation was performed using emapper-2.0.1 [1]
 based on eggNOG orthology data [2]. Sequence searches were performed
 using [3].)

================================================================================

