Query name: /vortexfs1/omics/env-bio/collaboration/genome-streamlining/data/Proteins/AAA164-A21_proteins.faa
 Outfile: /vortexfs1/omics/env-bio/collaboration/genome-streamlining/data/eggNOGged/AAA164-A21_proteins_maNOG.txt

diamond v0.9.24.125 | by Benjamin Buchfink <buchfink@gmail.com>
Licensed under the GNU GPL <https://www.gnu.org/licenses/gpl.txt>
Check http://github.com/bbuchfink/diamond for updates.

#CPU threads: 2
Scoring parameters: (Matrix=BLOSUM62 Lambda=0.267 K=0.041 Penalties=11/1)
Temporary directory: /vortexfs1/omics/env-bio/collaboration/genome-streamlining/Genome-Streamline/scripts/emappertmp_dmdn_hRToFq
Opening the database...  [0.029692s]
Percentage range of top alignment score to report hits: 3
Opening the input file...  [0.016327s]
Opening the output file...  [0.000294s]
Loading query sequences...  [0.001743s]
Masking queries...  [0.035858s]
Building query seed set...  [0.000242s]
Algorithm: Double-indexed
Building query histograms...  [0.019999s]
Allocating buffers...  [6.1e-05s]
Loading reference sequences...  [34.9015s]
Building reference histograms...  [119.673s]
Allocating buffers...  [5.5e-05s]
Initializing temporary storage...  [0.007412s]
Processing query chunk 0, reference chunk 0, shape 0, index chunk 0.
Building reference index...  [23.5492s]
Building query index...  [0.003679s]
Building seed filter...  [0.723638s]
Searching alignments...  [1.56444s]
Processing query chunk 0, reference chunk 0, shape 0, index chunk 1.
Building reference index...  [26.7367s]
Building query index...  [0.004032s]
Building seed filter...  [0.703163s]
Searching alignments...  [1.47294s]
Processing query chunk 0, reference chunk 0, shape 0, index chunk 2.
Building reference index...  [27.8426s]
Building query index...  [0.004027s]
Building seed filter...  [0.728604s]
Searching alignments...  [1.52913s]
Processing query chunk 0, reference chunk 0, shape 0, index chunk 3.
Building reference index...  [23.2795s]
Building query index...  [0.0035s]
Building seed filter...  [0.734829s]
Searching alignments...  [1.49477s]
Processing query chunk 0, reference chunk 0, shape 1, index chunk 0.
Building reference index...  [23.0248s]
Building query index...  [0.00382s]
Building seed filter...  [0.714675s]
Searching alignments...  [1.34095s]
Processing query chunk 0, reference chunk 0, shape 1, index chunk 1.
Building reference index...  [26.2527s]
Building query index...  [0.003888s]
Building seed filter...  [0.687561s]
Searching alignments...  [1.33719s]
Processing query chunk 0, reference chunk 0, shape 1, index chunk 2.
Building reference index...  [27.256s]
Building query index...  [0.003746s]
Building seed filter...  [0.700067s]
Searching alignments...  [1.32159s]
Processing query chunk 0, reference chunk 0, shape 1, index chunk 3.
Building reference index...  [22.8049s]
Building query index...  [0.003229s]
Building seed filter...  [0.697663s]
Searching alignments...  [1.35107s]
Processing query chunk 0, reference chunk 0, shape 2, index chunk 0.
Building reference index...  [23.2976s]
Building query index...  [0.003466s]
Building seed filter...  [0.717817s]
Searching alignments...  [1.44222s]
Processing query chunk 0, reference chunk 0, shape 2, index chunk 1.
Building reference index...  [26.6337s]
Building query index...  [0.003765s]
Building seed filter...  [0.704516s]
Searching alignments...  [1.43749s]
Processing query chunk 0, reference chunk 0, shape 2, index chunk 2.
Building reference index...  [27.7493s]
Building query index...  [0.003912s]
Building seed filter...  [0.711668s]
Searching alignments...  [1.49352s]
Processing query chunk 0, reference chunk 0, shape 2, index chunk 3.
Building reference index...  [23.1729s]
Building query index...  [0.00349s]
Building seed filter...  [0.714295s]
Searching alignments...  [1.43083s]
Processing query chunk 0, reference chunk 0, shape 3, index chunk 0.
Building reference index...  [23.2479s]
Building query index...  [0.003172s]
Building seed filter...  [0.708634s]
Searching alignments...  [1.43134s]
Processing query chunk 0, reference chunk 0, shape 3, index chunk 1.
Building reference index...  [26.5396s]
Building query index...  [0.004084s]
Building seed filter...  [0.706571s]
Searching alignments...  [1.45697s]
Processing query chunk 0, reference chunk 0, shape 3, index chunk 2.
Building reference index...  [27.5043s]
Building query index...  [0.004052s]
Building seed filter...  [0.712259s]
Searching alignments...  [1.42893s]
Processing query chunk 0, reference chunk 0, shape 3, index chunk 3.
Building reference index...  [22.9999s]
Building query index...  [0.003229s]
Building seed filter...  [0.711364s]
Searching alignments...  [1.41327s]
Processing query chunk 0, reference chunk 0, shape 4, index chunk 0.
Building reference index...  [23.057s]
Building query index...  [0.003334s]
Building seed filter...  [0.714258s]
Searching alignments...  [1.40695s]
Processing query chunk 0, reference chunk 0, shape 4, index chunk 1.
Building reference index...  [26.3598s]
Building query index...  [0.003932s]
Building seed filter...  [0.685384s]
Searching alignments...  [1.38877s]
Processing query chunk 0, reference chunk 0, shape 4, index chunk 2.
Building reference index...  [27.3338s]
Building query index...  [0.003751s]
Building seed filter...  [0.694178s]
Searching alignments...  [1.38566s]
Processing query chunk 0, reference chunk 0, shape 4, index chunk 3.
Building reference index...  [22.8941s]
Building query index...  [0.003349s]
Building seed filter...  [0.687083s]
Searching alignments...  [1.36078s]
Processing query chunk 0, reference chunk 0, shape 5, index chunk 0.
Building reference index...  [23.2077s]
Building query index...  [0.003518s]
Building seed filter...  [0.732002s]
Searching alignments...  [1.43547s]
Processing query chunk 0, reference chunk 0, shape 5, index chunk 1.
Building reference index...  [26.4337s]
Building query index...  [0.003872s]
Building seed filter...  [0.689936s]
Searching alignments...  [1.39905s]
Processing query chunk 0, reference chunk 0, shape 5, index chunk 2.
Building reference index...  [27.4422s]
Building query index...  [0.003799s]
Building seed filter...  [0.70928s]
Searching alignments...  [1.35771s]
Processing query chunk 0, reference chunk 0, shape 5, index chunk 3.
Building reference index...  [22.9306s]
Building query index...  [0.003232s]
Building seed filter...  [0.705085s]
Searching alignments...  [1.3624s]
Processing query chunk 0, reference chunk 0, shape 6, index chunk 0.
Building reference index...  [23.0396s]
Building query index...  [0.003457s]
Building seed filter...  [0.725248s]
Searching alignments...  [1.32135s]
Processing query chunk 0, reference chunk 0, shape 6, index chunk 1.
Building reference index...  [26.2804s]
Building query index...  [0.003711s]
Building seed filter...  [0.696542s]
Searching alignments...  [1.28096s]
Processing query chunk 0, reference chunk 0, shape 6, index chunk 2.
Building reference index...  [27.2023s]
Building query index...  [0.003689s]
Building seed filter...  [0.70333s]
Searching alignments...  [1.30942s]
Processing query chunk 0, reference chunk 0, shape 6, index chunk 3.
Building reference index...  [22.7973s]
Building query index...  [0.003205s]
Building seed filter...  [0.679762s]
Searching alignments...  [1.30699s]
Processing query chunk 0, reference chunk 0, shape 7, index chunk 0.
Building reference index...  [23.0201s]
Building query index...  [0.003402s]
Building seed filter...  [0.713679s]
Searching alignments...  [1.33601s]
Processing query chunk 0, reference chunk 0, shape 7, index chunk 1.
Building reference index...  [26.333s]
Building query index...  [0.003675s]
Building seed filter...  [0.690476s]
Searching alignments...  [1.32115s]
Processing query chunk 0, reference chunk 0, shape 7, index chunk 2.
Building reference index...  [27.4199s]
Building query index...  [0.004142s]
Building seed filter...  [0.711017s]
Searching alignments...  [1.39455s]
Processing query chunk 0, reference chunk 0, shape 7, index chunk 3.
Building reference index...  [22.8936s]
Building query index...  [0.003464s]
Building seed filter...  [0.691022s]
Searching alignments...  [1.46294s]
Processing query chunk 0, reference chunk 0, shape 8, index chunk 0.
Building reference index...  [23.2521s]
Building query index...  [0.003437s]
Building seed filter...  [0.699902s]
Searching alignments...  [1.43799s]
Processing query chunk 0, reference chunk 0, shape 8, index chunk 1.
Building reference index...  [26.5138s]
Building query index...  [0.003894s]
Building seed filter...  [0.681975s]
Searching alignments...  [1.41922s]
Processing query chunk 0, reference chunk 0, shape 8, index chunk 2.
Building reference index...  [27.6321s]
Building query index...  [0.003709s]
Building seed filter...  [0.707314s]
Searching alignments...  [1.3646s]
Processing query chunk 0, reference chunk 0, shape 8, index chunk 3.
Building reference index...  [23.1803s]
Building query index...  [0.003473s]
Building seed filter...  [0.719478s]
Searching alignments...  [1.44782s]
Processing query chunk 0, reference chunk 0, shape 9, index chunk 0.
Building reference index...  [22.9196s]
Building query index...  [0.00316s]
Building seed filter...  [0.693915s]
Searching alignments...  [1.29848s]
Processing query chunk 0, reference chunk 0, shape 9, index chunk 1.
Building reference index...  [26.259s]
Building query index...  [0.003728s]
Building seed filter...  [0.699596s]
Searching alignments...  [1.29498s]
Processing query chunk 0, reference chunk 0, shape 9, index chunk 2.
Building reference index...  [27.1459s]
Building query index...  [0.003816s]
Building seed filter...  [0.704795s]
Searching alignments...  [1.28164s]
Processing query chunk 0, reference chunk 0, shape 9, index chunk 3.
Building reference index...  [22.72s]
Building query index...  [0.003347s]
Building seed filter...  [0.683832s]
Searching alignments...  [1.31416s]
Processing query chunk 0, reference chunk 0, shape 10, index chunk 0.
Building reference index...  [23.1053s]
Building query index...  [0.003433s]
Building seed filter...  [0.71559s]
Searching alignments...  [1.38018s]
Processing query chunk 0, reference chunk 0, shape 10, index chunk 1.
Building reference index...  [26.4151s]
Building query index...  [0.003892s]
Building seed filter...  [0.712835s]
Searching alignments...  [1.36245s]
Processing query chunk 0, reference chunk 0, shape 10, index chunk 2.
Building reference index...  [27.4085s]
Building query index...  [0.004297s]
Building seed filter...  [0.706659s]
Searching alignments...  [1.42012s]
Processing query chunk 0, reference chunk 0, shape 10, index chunk 3.
Building reference index...  [22.9781s]
Building query index...  [0.003166s]
Building seed filter...  [0.686381s]
Searching alignments...  [1.37021s]
Processing query chunk 0, reference chunk 0, shape 11, index chunk 0.
Building reference index...  [22.8933s]
Building query index...  [0.003079s]
Building seed filter...  [0.696494s]
Searching alignments...  [1.29955s]
Processing query chunk 0, reference chunk 0, shape 11, index chunk 1.
Building reference index...  [26.1599s]
Building query index...  [0.003667s]
Building seed filter...  [0.692844s]
Searching alignments...  [1.30188s]
Processing query chunk 0, reference chunk 0, shape 11, index chunk 2.
Building reference index...  [27.2461s]
Building query index...  [0.003836s]
Building seed filter...  [0.697985s]
Searching alignments...  [1.35328s]
Processing query chunk 0, reference chunk 0, shape 11, index chunk 3.
Building reference index...  [22.7658s]
Building query index...  [0.00304s]
Building seed filter...  [0.690452s]
Searching alignments...  [1.35025s]
Processing query chunk 0, reference chunk 0, shape 12, index chunk 0.
Building reference index...  [23.2775s]
Building query index...  [0.003516s]
Building seed filter...  [0.696906s]
Searching alignments...  [1.37511s]
Processing query chunk 0, reference chunk 0, shape 12, index chunk 1.
Building reference index...  [26.1935s]
Building query index...  [0.0041s]
Building seed filter...  [0.68099s]
Searching alignments...  [1.3197s]
Processing query chunk 0, reference chunk 0, shape 12, index chunk 2.
Building reference index...  [27.1707s]
Building query index...  [0.003871s]
Building seed filter...  [0.681438s]
Searching alignments...  [1.28879s]
Processing query chunk 0, reference chunk 0, shape 12, index chunk 3.
Building reference index...  [22.7842s]
Building query index...  [0.003247s]
Building seed filter...  [0.706515s]
Searching alignments...  [1.33055s]
Processing query chunk 0, reference chunk 0, shape 13, index chunk 0.
Building reference index...  [22.9696s]
Building query index...  [0.003492s]
Building seed filter...  [0.685966s]
Searching alignments...  [1.34982s]
Processing query chunk 0, reference chunk 0, shape 13, index chunk 1.
Building reference index...  [26.2916s]
Building query index...  [0.003787s]
Building seed filter...  [0.706082s]
Searching alignments...  [1.32237s]
Processing query chunk 0, reference chunk 0, shape 13, index chunk 2.
Building reference index...  [27.2497s]
Building query index...  [0.003852s]
Building seed filter...  [0.695692s]
Searching alignments...  [1.32689s]
Processing query chunk 0, reference chunk 0, shape 13, index chunk 3.
Building reference index...  [22.8117s]
Building query index...  [0.00337s]
Building seed filter...  [0.676838s]
Searching alignments...  [1.334s]
Processing query chunk 0, reference chunk 0, shape 14, index chunk 0.
Building reference index...  [23.0304s]
Building query index...  [0.003117s]
Building seed filter...  [0.699693s]
Searching alignments...  [1.41494s]
Processing query chunk 0, reference chunk 0, shape 14, index chunk 1.
Building reference index...  [26.4004s]
Building query index...  [0.003887s]
Building seed filter...  [0.699435s]
Searching alignments...  [1.33029s]
Processing query chunk 0, reference chunk 0, shape 14, index chunk 2.
Building reference index...  [27.2973s]
Building query index...  [0.004407s]
Building seed filter...  [0.694483s]
Searching alignments...  [1.33811s]
Processing query chunk 0, reference chunk 0, shape 14, index chunk 3.
Building reference index...  [22.8721s]
Building query index...  [0.003296s]
Building seed filter...  [0.712261s]
Searching alignments...  [1.37797s]
Processing query chunk 0, reference chunk 0, shape 15, index chunk 0.
Building reference index...  [22.9452s]
Building query index...  [0.003496s]
Building seed filter...  [0.69579s]
Searching alignments...  [1.32841s]
Processing query chunk 0, reference chunk 0, shape 15, index chunk 1.
Building reference index...  [26.1806s]
Building query index...  [0.003952s]
Building seed filter...  [0.695201s]
Searching alignments...  [1.29657s]
Processing query chunk 0, reference chunk 0, shape 15, index chunk 2.
Building reference index...  [27.1801s]
Building query index...  [0.00414s]
Building seed filter...  [0.692888s]
Searching alignments...  [1.29849s]
Processing query chunk 0, reference chunk 0, shape 15, index chunk 3.
Building reference index...  [22.7403s]
Building query index...  [0.003471s]
Building seed filter...  [0.706855s]
Searching alignments...  [1.30803s]
Deallocating buffers...  [0.010876s]
Opening temporary output file...  [0.003251s]
Computing alignments...  [3.94195s]
Deallocating reference...  [0.006372s]
Loading reference sequences...  [3.79194s]
Building reference histograms...  [115.61s]
Allocating buffers...  [5.6e-05s]
Initializing temporary storage...  [0.00443s]
Processing query chunk 0, reference chunk 1, shape 0, index chunk 0.
Building reference index...  [23.5619s]
Building query index...  [0.003522s]
Building seed filter...  [0.711756s]
Searching alignments...  [1.5477s]
Processing query chunk 0, reference chunk 1, shape 0, index chunk 1.
Building reference index...  [26.6005s]
Building query index...  [0.004151s]
Building seed filter...  [0.71599s]
Searching alignments...  [1.45915s]
Processing query chunk 0, reference chunk 1, shape 0, index chunk 2.
Building reference index...  [27.7162s]
Building query index...  [0.004144s]
Building seed filter...  [0.732676s]
Searching alignments...  [1.47525s]
Processing query chunk 0, reference chunk 1, shape 0, index chunk 3.
Building reference index...  [23.1268s]
Building query index...  [0.003196s]
Building seed filter...  [0.708797s]
Searching alignments...  [1.43528s]
Processing query chunk 0, reference chunk 1, shape 1, index chunk 0.
Building reference index...  [22.8972s]
Building query index...  [0.003371s]
Building seed filter...  [0.705423s]
Searching alignments...  [1.32145s]
Processing query chunk 0, reference chunk 1, shape 1, index chunk 1.
Building reference index...  [26.276s]
Building query index...  [0.00401s]
Building seed filter...  [0.706688s]
Searching alignments...  [1.36552s]
Processing query chunk 0, reference chunk 1, shape 1, index chunk 2.
Building reference index...  [27.3098s]
Building query index...  [0.004158s]
Building seed filter...  [0.699251s]
Searching alignments...  [1.29899s]
Processing query chunk 0, reference chunk 1, shape 1, index chunk 3.
Building reference index...  [22.8287s]
Building query index...  [0.003379s]
Building seed filter...  [0.694445s]
Searching alignments...  [1.3115s]
Processing query chunk 0, reference chunk 1, shape 2, index chunk 0.
Building reference index...  [23.2381s]
Building query index...  [0.00365s]
Building seed filter...  [0.713265s]
Searching alignments...  [1.4416s]
Processing query chunk 0, reference chunk 1, shape 2, index chunk 1.
Building reference index...  [26.5255s]
Building query index...  [0.003834s]
Building seed filter...  [0.678253s]
Searching alignments...  [1.39443s]
Processing query chunk 0, reference chunk 1, shape 2, index chunk 2.
Building reference index...  [27.675s]
Building query index...  [0.003946s]
Building seed filter...  [0.717576s]
Searching alignments...  [1.42227s]
Processing query chunk 0, reference chunk 1, shape 2, index chunk 3.
Building reference index...  [23.0253s]
Building query index...  [0.003462s]
Building seed filter...  [0.69469s]
Searching alignments...  [1.37527s]
Processing query chunk 0, reference chunk 1, shape 3, index chunk 0.
Building reference index...  [23.1773s]
Building query index...  [0.003308s]
Building seed filter...  [0.71742s]
Searching alignments...  [1.37366s]
Processing query chunk 0, reference chunk 1, shape 3, index chunk 1.
Building reference index...  [26.4234s]
Building query index...  [0.003961s]
Building seed filter...  [0.706504s]
Searching alignments...  [1.37843s]
Processing query chunk 0, reference chunk 1, shape 3, index chunk 2.
Building reference index...  [27.6066s]
Building query index...  [0.003895s]
Building seed filter...  [0.695356s]
Searching alignments...  [1.41404s]
Processing query chunk 0, reference chunk 1, shape 3, index chunk 3.
Building reference index...  [22.9286s]
Building query index...  [0.003312s]
Building seed filter...  [0.719182s]
Searching alignments...  [1.4098s]
Processing query chunk 0, reference chunk 1, shape 4, index chunk 0.
Building reference index...  [22.985s]
Building query index...  [0.003611s]
Building seed filter...  [0.70419s]
Searching alignments...  [1.38485s]
Processing query chunk 0, reference chunk 1, shape 4, index chunk 1.
Building reference index...  [26.2313s]
Building query index...  [0.003822s]
Building seed filter...  [0.70362s]
Searching alignments...  [1.37291s]
Processing query chunk 0, reference chunk 1, shape 4, index chunk 2.
Building reference index...  [27.2649s]
Building query index...  [0.003873s]
Building seed filter...  [0.712376s]
Searching alignments...  [1.34307s]
Processing query chunk 0, reference chunk 1, shape 4, index chunk 3.
Building reference index...  [22.8116s]
Building query index...  [0.003372s]
Building seed filter...  [0.694724s]
Searching alignments...  [1.32261s]
Processing query chunk 0, reference chunk 1, shape 5, index chunk 0.
Building reference index...  [23.0465s]
Building query index...  [0.003404s]
Building seed filter...  [0.698791s]
Searching alignments...  [1.37957s]
Processing query chunk 0, reference chunk 1, shape 5, index chunk 1.
Building reference index...  [26.3139s]
Building query index...  [0.003946s]
Building seed filter...  [0.69586s]
Searching alignments...  [1.36719s]
Processing query chunk 0, reference chunk 1, shape 5, index chunk 2.
Building reference index...  [27.3885s]
Building query index...  [0.003974s]
Building seed filter...  [0.694777s]
Searching alignments...  [1.36341s]
Processing query chunk 0, reference chunk 1, shape 5, index chunk 3.
Building reference index...  [22.8335s]
Building query index...  [0.003508s]
Building seed filter...  [0.704507s]
Searching alignments...  [1.37368s]
Processing query chunk 0, reference chunk 1, shape 6, index chunk 0.
Building reference index...  [22.9689s]
Building query index...  [0.00358s]
Building seed filter...  [0.709909s]
Searching alignments...  [1.31357s]
Processing query chunk 0, reference chunk 1, shape 6, index chunk 1.
Building reference index...  [26.1658s]
Building query index...  [0.004005s]
Building seed filter...  [0.696974s]
Searching alignments...  [1.29022s]
Processing query chunk 0, reference chunk 1, shape 6, index chunk 2.
Building reference index...  [27.1964s]
Building query index...  [0.004042s]
Building seed filter...  [0.708214s]
Searching alignments...  [1.28641s]
Processing query chunk 0, reference chunk 1, shape 6, index chunk 3.
Building reference index...  [22.7151s]
Building query index...  [0.003159s]
Building seed filter...  [0.703731s]
Searching alignments...  [1.2844s]
Processing query chunk 0, reference chunk 1, shape 7, index chunk 0.
Building reference index...  [22.9633s]
Building query index...  [0.003448s]
Building seed filter...  [0.708046s]
Searching alignments...  [1.28891s]
Processing query chunk 0, reference chunk 1, shape 7, index chunk 1.
Building reference index...  [26.2502s]
Building query index...  [0.003757s]
Building seed filter...  [0.681783s]
Searching alignments...  [1.29762s]
Processing query chunk 0, reference chunk 1, shape 7, index chunk 2.
Building reference index...  [27.2702s]
Building query index...  [0.003792s]
Building seed filter...  [0.707723s]
Searching alignments...  [1.30309s]
Processing query chunk 0, reference chunk 1, shape 7, index chunk 3.
Building reference index...  [22.7384s]
Building query index...  [0.003225s]
Building seed filter...  [0.696899s]
Searching alignments...  [1.35948s]
Processing query chunk 0, reference chunk 1, shape 8, index chunk 0.
Building reference index...  [23.1436s]
Building query index...  [0.003421s]
Building seed filter...  [0.689462s]
Searching alignments...  [1.33912s]
Processing query chunk 0, reference chunk 1, shape 8, index chunk 1.
Building reference index...  [26.4333s]
Building query index...  [0.003829s]
Building seed filter...  [0.709327s]
Searching alignments...  [1.33932s]
Processing query chunk 0, reference chunk 1, shape 8, index chunk 2.
Building reference index...  [27.5914s]
Building query index...  [0.004082s]
Building seed filter...  [0.706158s]
Searching alignments...  [1.37696s]
Processing query chunk 0, reference chunk 1, shape 8, index chunk 3.
Building reference index...  [22.9537s]
Building query index...  [0.00356s]
Building seed filter...  [0.716372s]
Searching alignments...  [1.39107s]
Processing query chunk 0, reference chunk 1, shape 9, index chunk 0.
Building reference index...  [22.9115s]
Building query index...  [0.003374s]
Building seed filter...  [0.693225s]
Searching alignments...  [1.27856s]
Processing query chunk 0, reference chunk 1, shape 9, index chunk 1.
Building reference index...  [26.0777s]
Building query index...  [0.003799s]
Building seed filter...  [0.704906s]
Searching alignments...  [1.26782s]
Processing query chunk 0, reference chunk 1, shape 9, index chunk 2.
Building reference index...  [27.25s]
Building query index...  [0.00382s]
Building seed filter...  [0.703523s]
Searching alignments...  [1.29481s]
Processing query chunk 0, reference chunk 1, shape 9, index chunk 3.
Building reference index...  [22.7385s]
Building query index...  [0.003574s]
Building seed filter...  [0.69787s]
Searching alignments...  [1.28287s]
Processing query chunk 0, reference chunk 1, shape 10, index chunk 0.
Building reference index...  [23.0574s]
Building query index...  [0.003476s]
Building seed filter...  [0.719656s]
Searching alignments...  [1.35277s]
Processing query chunk 0, reference chunk 1, shape 10, index chunk 1.
Building reference index...  [26.3025s]
Building query index...  [0.003799s]
Building seed filter...  [0.72012s]
Searching alignments...  [1.34641s]
Processing query chunk 0, reference chunk 1, shape 10, index chunk 2.
Building reference index...  [27.3401s]
Building query index...  [0.003995s]
Building seed filter...  [0.711468s]
Searching alignments...  [1.36802s]
Processing query chunk 0, reference chunk 1, shape 10, index chunk 3.
Building reference index...  [22.9048s]
Building query index...  [0.003384s]
Building seed filter...  [0.71647s]
Searching alignments...  [1.32944s]
Processing query chunk 0, reference chunk 1, shape 11, index chunk 0.
Building reference index...  [22.8071s]
Building query index...  [0.003464s]
Building seed filter...  [0.698706s]
Searching alignments...  [1.27599s]
Processing query chunk 0, reference chunk 1, shape 11, index chunk 1.
Building reference index...  [26.0399s]
Building query index...  [0.003642s]
Building seed filter...  [0.690691s]
Searching alignments...  [1.25245s]
Processing query chunk 0, reference chunk 1, shape 11, index chunk 2.
Building reference index...  [27.1121s]
Building query index...  [0.003848s]
Building seed filter...  [0.703941s]
Searching alignments...  [1.26096s]
Processing query chunk 0, reference chunk 1, shape 11, index chunk 3.
Building reference index...  [22.7725s]
Building query index...  [0.003348s]
Building seed filter...  [0.720143s]
Searching alignments...  [1.27455s]
Processing query chunk 0, reference chunk 1, shape 12, index chunk 0.
Building reference index...  [22.8263s]
Building query index...  [0.003395s]
Building seed filter...  [0.689759s]
Searching alignments...  [1.29028s]
Processing query chunk 0, reference chunk 1, shape 12, index chunk 1.
Building reference index...  [26.0851s]
Building query index...  [0.003653s]
Building seed filter...  [0.698374s]
Searching alignments...  [1.25123s]
Processing query chunk 0, reference chunk 1, shape 12, index chunk 2.
Building reference index...  [27.0695s]
Building query index...  [0.004052s]
Building seed filter...  [0.700887s]
Searching alignments...  [1.26555s]
Processing query chunk 0, reference chunk 1, shape 12, index chunk 3.
Building reference index...  [22.6337s]
Building query index...  [0.003677s]
Building seed filter...  [0.694849s]
Searching alignments...  [1.2775s]
Processing query chunk 0, reference chunk 1, shape 13, index chunk 0.
Building reference index...  [22.8598s]
Building query index...  [0.003473s]
Building seed filter...  [0.707821s]
Searching alignments...  [1.30318s]
Processing query chunk 0, reference chunk 1, shape 13, index chunk 1.
Building reference index...  [26.0955s]
Building query index...  [0.003736s]
Building seed filter...  [0.697678s]
Searching alignments...  [1.29527s]
Processing query chunk 0, reference chunk 1, shape 13, index chunk 2.
Building reference index...  [27.3093s]
Building query index...  [0.003833s]
Building seed filter...  [0.700993s]
Searching alignments...  [1.3224s]
Processing query chunk 0, reference chunk 1, shape 13, index chunk 3.
Building reference index...  [22.7017s]
Building query index...  [0.003155s]
Building seed filter...  [0.697696s]
Searching alignments...  [1.30388s]
Processing query chunk 0, reference chunk 1, shape 14, index chunk 0.
Building reference index...  [23.0476s]
Building query index...  [0.003204s]
Building seed filter...  [0.704757s]
Searching alignments...  [1.39373s]
Processing query chunk 0, reference chunk 1, shape 14, index chunk 1.
Building reference index...  [26.246s]
Building query index...  [0.003978s]
Building seed filter...  [0.692671s]
Searching alignments...  [1.30813s]
Processing query chunk 0, reference chunk 1, shape 14, index chunk 2.
Building reference index...  [27.3742s]
Building query index...  [0.004142s]
Building seed filter...  [0.72s]
Searching alignments...  [1.35879s]
Processing query chunk 0, reference chunk 1, shape 14, index chunk 3.
Building reference index...  [22.7839s]
Building query index...  [0.003309s]
Building seed filter...  [0.701236s]
Searching alignments...  [1.38083s]
Processing query chunk 0, reference chunk 1, shape 15, index chunk 0.
Building reference index...  [22.8334s]
Building query index...  [0.003568s]
Building seed filter...  [0.697225s]
Searching alignments...  [1.29331s]
Processing query chunk 0, reference chunk 1, shape 15, index chunk 1.
Building reference index...  [26.0834s]
Building query index...  [0.003788s]
Building seed filter...  [0.696254s]
Searching alignments...  [1.28587s]
Processing query chunk 0, reference chunk 1, shape 15, index chunk 2.
Building reference index...  [27.1234s]
Building query index...  [0.003904s]
Building seed filter...  [0.671097s]
Searching alignments...  [1.29196s]
Processing query chunk 0, reference chunk 1, shape 15, index chunk 3.
Building reference index...  [22.6339s]
Building query index...  [0.003294s]
Building seed filter...  [0.694584s]
Searching alignments...  [1.27739s]
Deallocating buffers...  [0.011074s]
Opening temporary output file...  [0.001766s]
Computing alignments...  [3.26508s]
Deallocating reference...  [0.005862s]
Loading reference sequences...  [2.56402s]
Building reference histograms...  [111.711s]
Allocating buffers...  [6.4e-05s]
Initializing temporary storage...  [0.005251s]
Processing query chunk 0, reference chunk 2, shape 0, index chunk 0.
Building reference index...  [23.2026s]
Building query index...  [0.003709s]
Building seed filter...  [0.705777s]
Searching alignments...  [1.40763s]
Processing query chunk 0, reference chunk 2, shape 0, index chunk 1.
Building reference index...  [26.2676s]
Building query index...  [0.003977s]
Building seed filter...  [0.701526s]
Searching alignments...  [1.35631s]
Processing query chunk 0, reference chunk 2, shape 0, index chunk 2.
Building reference index...  [27.2717s]
Building query index...  [0.004128s]
Building seed filter...  [0.707525s]
Searching alignments...  [1.41835s]
Processing query chunk 0, reference chunk 2, shape 0, index chunk 3.
Building reference index...  [22.8909s]
Building query index...  [0.003266s]
Building seed filter...  [0.714397s]
Searching alignments...  [1.38828s]
Processing query chunk 0, reference chunk 2, shape 1, index chunk 0.
Building reference index...  [22.6461s]
Building query index...  [0.003308s]
Building seed filter...  [0.670447s]
Searching alignments...  [1.26848s]
Processing query chunk 0, reference chunk 2, shape 1, index chunk 1.
Building reference index...  [25.8799s]
Building query index...  [0.003779s]
Building seed filter...  [0.688099s]
Searching alignments...  [1.29358s]
Processing query chunk 0, reference chunk 2, shape 1, index chunk 2.
Building reference index...  [26.946s]
Building query index...  [0.003675s]
Building seed filter...  [0.696652s]
Searching alignments...  [1.24729s]
Processing query chunk 0, reference chunk 2, shape 1, index chunk 3.
Building reference index...  [22.5026s]
Building query index...  [0.00356s]
Building seed filter...  [0.692928s]
Searching alignments...  [1.26782s]
Processing query chunk 0, reference chunk 2, shape 2, index chunk 0.
Building reference index...  [22.9799s]
Building query index...  [0.003777s]
Building seed filter...  [0.6984s]
Searching alignments...  [1.35902s]
Processing query chunk 0, reference chunk 2, shape 2, index chunk 1.
Building reference index...  [26.1659s]
Building query index...  [0.00387s]
Building seed filter...  [0.690846s]
Searching alignments...  [1.33717s]
Processing query chunk 0, reference chunk 2, shape 2, index chunk 2.
Building reference index...  [27.2096s]
Building query index...  [0.004039s]
Building seed filter...  [0.707722s]
Searching alignments...  [1.37173s]
Processing query chunk 0, reference chunk 2, shape 2, index chunk 3.
Building reference index...  [22.7551s]
Building query index...  [0.003283s]
Building seed filter...  [0.707796s]
Searching alignments...  [1.32157s]
Processing query chunk 0, reference chunk 2, shape 3, index chunk 0.
Building reference index...  [22.8763s]
Building query index...  [0.003598s]
Building seed filter...  [0.669905s]
Searching alignments...  [1.32456s]
Processing query chunk 0, reference chunk 2, shape 3, index chunk 1.
Building reference index...  [26.1431s]
Building query index...  [0.003796s]
Building seed filter...  [0.703165s]
Searching alignments...  [1.3494s]
Processing query chunk 0, reference chunk 2, shape 3, index chunk 2.
Building reference index...  [27.2221s]
Building query index...  [0.004075s]
Building seed filter...  [0.705641s]
Searching alignments...  [1.3079s]
Processing query chunk 0, reference chunk 2, shape 3, index chunk 3.
Building reference index...  [22.7507s]
Building query index...  [0.003284s]
Building seed filter...  [0.703327s]
Searching alignments...  [1.30503s]
Processing query chunk 0, reference chunk 2, shape 4, index chunk 0.
Building reference index...  [22.7104s]
Building query index...  [0.003314s]
Building seed filter...  [0.681788s]
Searching alignments...  [1.30434s]
Processing query chunk 0, reference chunk 2, shape 4, index chunk 1.
Building reference index...  [25.9005s]
Building query index...  [0.003757s]
Building seed filter...  [0.692016s]
Searching alignments...  [1.28212s]
Processing query chunk 0, reference chunk 2, shape 4, index chunk 2.
Building reference index...  [27.024s]
Building query index...  [0.004005s]
Building seed filter...  [0.698777s]
Searching alignments...  [1.30829s]
Processing query chunk 0, reference chunk 2, shape 4, index chunk 3.
Building reference index...  [22.5296s]
Building query index...  [0.00342s]
Building seed filter...  [0.697386s]
Searching alignments...  [1.29718s]
Processing query chunk 0, reference chunk 2, shape 5, index chunk 0.
Building reference index...  [22.7858s]
Building query index...  [0.003429s]
Building seed filter...  [0.670811s]
Searching alignments...  [1.32572s]
Processing query chunk 0, reference chunk 2, shape 5, index chunk 1.
Building reference index...  [25.9887s]
Building query index...  [0.003763s]
Building seed filter...  [0.697569s]
Searching alignments...  [1.28157s]
Processing query chunk 0, reference chunk 2, shape 5, index chunk 2.
Building reference index...  [26.9972s]
Building query index...  [0.00444s]
Building seed filter...  [0.705721s]
Searching alignments...  [1.23662s]
Processing query chunk 0, reference chunk 2, shape 5, index chunk 3.
Building reference index...  [22.5271s]
Building query index...  [0.003425s]
Building seed filter...  [0.702615s]
Searching alignments...  [1.26345s]
Processing query chunk 0, reference chunk 2, shape 6, index chunk 0.
Building reference index...  [22.6094s]
Building query index...  [0.003368s]
Building seed filter...  [0.698149s]
Searching alignments...  [1.20466s]
Processing query chunk 0, reference chunk 2, shape 6, index chunk 1.
Building reference index...  [25.8529s]
Building query index...  [0.003607s]
Building seed filter...  [0.688546s]
Searching alignments...  [1.19967s]
Processing query chunk 0, reference chunk 2, shape 6, index chunk 2.
Building reference index...  [26.8003s]
Building query index...  [0.004025s]
Building seed filter...  [0.684023s]
Searching alignments...  [1.21036s]
Processing query chunk 0, reference chunk 2, shape 6, index chunk 3.
Building reference index...  [22.4527s]
Building query index...  [0.003167s]
Building seed filter...  [0.687841s]
Searching alignments...  [1.23067s]
Processing query chunk 0, reference chunk 2, shape 7, index chunk 0.
Building reference index...  [22.6795s]
Building query index...  [0.003399s]
Building seed filter...  [0.700853s]
Searching alignments...  [1.24934s]
Processing query chunk 0, reference chunk 2, shape 7, index chunk 1.
Building reference index...  [25.9114s]
Building query index...  [0.003712s]
Building seed filter...  [0.693725s]
Searching alignments...  [1.23439s]
Processing query chunk 0, reference chunk 2, shape 7, index chunk 2.
Building reference index...  [26.9112s]
Building query index...  [0.004068s]
Building seed filter...  [0.698251s]
Searching alignments...  [1.23876s]
Processing query chunk 0, reference chunk 2, shape 7, index chunk 3.
Building reference index...  [22.4306s]
Building query index...  [0.003186s]
Building seed filter...  [0.696132s]
Searching alignments...  [1.28138s]
Processing query chunk 0, reference chunk 2, shape 8, index chunk 0.
Building reference index...  [22.8092s]
Building query index...  [0.003582s]
Building seed filter...  [0.701379s]
Searching alignments...  [1.26396s]
Processing query chunk 0, reference chunk 2, shape 8, index chunk 1.
Building reference index...  [26.1034s]
Building query index...  [0.00403s]
Building seed filter...  [0.699507s]
Searching alignments...  [1.2892s]
Processing query chunk 0, reference chunk 2, shape 8, index chunk 2.
Building reference index...  [27.1607s]
Building query index...  [0.004159s]
Building seed filter...  [0.717025s]
Searching alignments...  [1.32604s]
Processing query chunk 0, reference chunk 2, shape 8, index chunk 3.
Building reference index...  [22.7816s]
Building query index...  [0.003303s]
Building seed filter...  [0.726027s]
Searching alignments...  [1.32958s]
Processing query chunk 0, reference chunk 2, shape 9, index chunk 0.
Building reference index...  [22.535s]
Building query index...  [0.003417s]
Building seed filter...  [0.700968s]
Searching alignments...  [1.20505s]
Processing query chunk 0, reference chunk 2, shape 9, index chunk 1.
Building reference index...  [25.7141s]
Building query index...  [0.003772s]
Building seed filter...  [0.693941s]
Searching alignments...  [1.20468s]
Processing query chunk 0, reference chunk 2, shape 9, index chunk 2.
Building reference index...  [26.8009s]
Building query index...  [0.004s]
Building seed filter...  [0.685781s]
Searching alignments...  [1.23237s]
Processing query chunk 0, reference chunk 2, shape 9, index chunk 3.
Building reference index...  [22.4088s]
Building query index...  [0.003268s]
Building seed filter...  [0.698988s]
Searching alignments...  [1.21114s]
Processing query chunk 0, reference chunk 2, shape 10, index chunk 0.
Building reference index...  [22.8071s]
Building query index...  [0.003419s]
Building seed filter...  [0.705511s]
Searching alignments...  [1.2865s]
Processing query chunk 0, reference chunk 2, shape 10, index chunk 1.
Building reference index...  [25.9184s]
Building query index...  [0.003822s]
Building seed filter...  [0.71938s]
Searching alignments...  [1.28539s]
Processing query chunk 0, reference chunk 2, shape 10, index chunk 2.
Building reference index...  [27.0774s]
Building query index...  [0.00401s]
Building seed filter...  [0.698842s]
Searching alignments...  [1.31843s]
Processing query chunk 0, reference chunk 2, shape 10, index chunk 3.
Building reference index...  [22.6229s]
Building query index...  [0.003497s]
Building seed filter...  [0.683461s]
Searching alignments...  [1.28644s]
Processing query chunk 0, reference chunk 2, shape 11, index chunk 0.
Building reference index...  [22.5638s]
Building query index...  [0.003217s]
Building seed filter...  [0.694712s]
Searching alignments...  [1.24779s]
Processing query chunk 0, reference chunk 2, shape 11, index chunk 1.
Building reference index...  [25.6764s]
Building query index...  [0.004005s]
Building seed filter...  [0.696352s]
Searching alignments...  [1.25102s]
Processing query chunk 0, reference chunk 2, shape 11, index chunk 2.
Building reference index...  [26.7669s]
Building query index...  [0.003981s]
Building seed filter...  [0.664969s]
Searching alignments...  [1.2254s]
Processing query chunk 0, reference chunk 2, shape 11, index chunk 3.
Building reference index...  [22.3478s]
Building query index...  [0.003305s]
Building seed filter...  [0.691809s]
Searching alignments...  [1.25514s]
Processing query chunk 0, reference chunk 2, shape 12, index chunk 0.
Building reference index...  [22.605s]
Building query index...  [0.003191s]
Building seed filter...  [0.668767s]
Searching alignments...  [1.25987s]
Processing query chunk 0, reference chunk 2, shape 12, index chunk 1.
Building reference index...  [25.7519s]
Building query index...  [0.003504s]
Building seed filter...  [0.687796s]
Searching alignments...  [1.22971s]
Processing query chunk 0, reference chunk 2, shape 12, index chunk 2.
Building reference index...  [26.7002s]
Building query index...  [0.003776s]
Building seed filter...  [0.689701s]
Searching alignments...  [1.23335s]
Processing query chunk 0, reference chunk 2, shape 12, index chunk 3.
Building reference index...  [22.3724s]
Building query index...  [0.003433s]
Building seed filter...  [0.675037s]
Searching alignments...  [1.22211s]
Processing query chunk 0, reference chunk 2, shape 13, index chunk 0.
Building reference index...  [22.6047s]
Building query index...  [0.003249s]
Building seed filter...  [0.698237s]
Searching alignments...  [1.21968s]
Processing query chunk 0, reference chunk 2, shape 13, index chunk 1.
Building reference index...  [25.8106s]
Building query index...  [0.003977s]
Building seed filter...  [0.692283s]
Searching alignments...  [1.22361s]
Processing query chunk 0, reference chunk 2, shape 13, index chunk 2.
Building reference index...  [26.8222s]
Building query index...  [0.004084s]
Building seed filter...  [0.702365s]
Searching alignments...  [1.2134s]
Processing query chunk 0, reference chunk 2, shape 13, index chunk 3.
Building reference index...  [22.4556s]
Building query index...  [0.003358s]
Building seed filter...  [0.697577s]
Searching alignments...  [1.21075s]
Processing query chunk 0, reference chunk 2, shape 14, index chunk 0.
Building reference index...  [22.6869s]
Building query index...  [0.003534s]
Building seed filter...  [0.694739s]
Searching alignments...  [1.29012s]
Processing query chunk 0, reference chunk 2, shape 14, index chunk 1.
Building reference index...  [25.9143s]
Building query index...  [0.003889s]
Building seed filter...  [0.710501s]
Searching alignments...  [1.20245s]
Processing query chunk 0, reference chunk 2, shape 14, index chunk 2.
Building reference index...  [26.9538s]
Building query index...  [0.003723s]
Building seed filter...  [0.68713s]
Searching alignments...  [1.295s]
Processing query chunk 0, reference chunk 2, shape 14, index chunk 3.
Building reference index...  [22.549s]
Building query index...  [0.003297s]
Building seed filter...  [0.698258s]
Searching alignments...  [1.28486s]
Processing query chunk 0, reference chunk 2, shape 15, index chunk 0.
Building reference index...  [22.5555s]
Building query index...  [0.003253s]
Building seed filter...  [0.674228s]
Searching alignments...  [1.22293s]
Processing query chunk 0, reference chunk 2, shape 15, index chunk 1.
Building reference index...  [25.7419s]
Building query index...  [0.003868s]
Building seed filter...  [0.690469s]
Searching alignments...  [1.22614s]
Processing query chunk 0, reference chunk 2, shape 15, index chunk 2.
Building reference index...  [26.7706s]
Building query index...  [0.003776s]
Building seed filter...  [0.682588s]
Searching alignments...  [1.24036s]
Processing query chunk 0, reference chunk 2, shape 15, index chunk 3.
Building reference index...  [22.3906s]
Building query index...  [0.003076s]
Building seed filter...  [0.69678s]
Searching alignments...  [1.22496s]
Deallocating buffers...  [0.010758s]
Opening temporary output file...  [0.001428s]
Computing alignments...  [2.64949s]
Deallocating reference...  [0.006857s]
Loading reference sequences...  [32.327s]
Building reference histograms...  [108.851s]
Allocating buffers...  [6.7e-05s]
Initializing temporary storage...  [0.005355s]
Processing query chunk 0, reference chunk 3, shape 0, index chunk 0.
Building reference index...  [23.1083s]
Building query index...  [0.003594s]
Building seed filter...  [0.703409s]
Searching alignments...  [1.58204s]
Processing query chunk 0, reference chunk 3, shape 0, index chunk 1.
Building reference index...  [26.1713s]
Building query index...  [0.003982s]
Building seed filter...  [0.692574s]
Searching alignments...  [1.44927s]
Processing query chunk 0, reference chunk 3, shape 0, index chunk 2.
Building reference index...  [27.1305s]
Building query index...  [0.004312s]
Building seed filter...  [0.70765s]
Searching alignments...  [1.41823s]
Processing query chunk 0, reference chunk 3, shape 0, index chunk 3.
Building reference index...  [22.7072s]
Building query index...  [0.003189s]
Building seed filter...  [0.69647s]
Searching alignments...  [1.4539s]
Processing query chunk 0, reference chunk 3, shape 1, index chunk 0.
Building reference index...  [22.5322s]
Building query index...  [0.003286s]
Building seed filter...  [0.691565s]
Searching alignments...  [1.27222s]
Processing query chunk 0, reference chunk 3, shape 1, index chunk 1.
Building reference index...  [25.7241s]
Building query index...  [0.003803s]
Building seed filter...  [0.704884s]
Searching alignments...  [1.28568s]
Processing query chunk 0, reference chunk 3, shape 1, index chunk 2.
Building reference index...  [26.6737s]
Building query index...  [0.004058s]
Building seed filter...  [0.709386s]
Searching alignments...  [1.25606s]
Processing query chunk 0, reference chunk 3, shape 1, index chunk 3.
Building reference index...  [22.3046s]
Building query index...  [0.003448s]
Building seed filter...  [0.685099s]
Searching alignments...  [1.2637s]
Processing query chunk 0, reference chunk 3, shape 2, index chunk 0.
Building reference index...  [22.846s]
Building query index...  [0.003293s]
Building seed filter...  [0.702065s]
Searching alignments...  [1.36828s]
Processing query chunk 0, reference chunk 3, shape 2, index chunk 1.
Building reference index...  [26.0038s]
Building query index...  [0.003805s]
Building seed filter...  [0.6888s]
Searching alignments...  [1.32778s]
Processing query chunk 0, reference chunk 3, shape 2, index chunk 2.
Building reference index...  [27.0463s]
Building query index...  [0.004246s]
Building seed filter...  [0.711969s]
Searching alignments...  [1.39385s]
Processing query chunk 0, reference chunk 3, shape 2, index chunk 3.
Building reference index...  [22.6232s]
Building query index...  [0.003322s]
Building seed filter...  [0.71754s]
Searching alignments...  [1.34694s]
Processing query chunk 0, reference chunk 3, shape 3, index chunk 0.
Building reference index...  [22.7649s]
Building query index...  [0.003607s]
Building seed filter...  [0.703902s]
Searching alignments...  [1.33317s]
Processing query chunk 0, reference chunk 3, shape 3, index chunk 1.
Building reference index...  [25.9454s]
Building query index...  [0.003916s]
Building seed filter...  [0.704471s]
Searching alignments...  [1.32841s]
Processing query chunk 0, reference chunk 3, shape 3, index chunk 2.
Building reference index...  [27.0036s]
Building query index...  [0.003879s]
Building seed filter...  [0.689295s]
Searching alignments...  [1.35512s]
Processing query chunk 0, reference chunk 3, shape 3, index chunk 3.
Building reference index...  [22.6027s]
Building query index...  [0.003235s]
Building seed filter...  [0.68958s]
Searching alignments...  [1.34519s]
Processing query chunk 0, reference chunk 3, shape 4, index chunk 0.
Building reference index...  [22.5785s]
Building query index...  [0.003407s]
Building seed filter...  [0.699361s]
Searching alignments...  [1.3652s]
Processing query chunk 0, reference chunk 3, shape 4, index chunk 1.
Building reference index...  [25.763s]
Building query index...  [0.003951s]
Building seed filter...  [0.68235s]
Searching alignments...  [1.32561s]
Processing query chunk 0, reference chunk 3, shape 4, index chunk 2.
Building reference index...  [26.7634s]
Building query index...  [0.003908s]
Building seed filter...  [0.683435s]
Searching alignments...  [1.3254s]
Processing query chunk 0, reference chunk 3, shape 4, index chunk 3.
Building reference index...  [22.3727s]
Building query index...  [0.003339s]
Building seed filter...  [0.687945s]
Searching alignments...  [1.30985s]
Processing query chunk 0, reference chunk 3, shape 5, index chunk 0.
Building reference index...  [22.6299s]
Building query index...  [0.003285s]
Building seed filter...  [0.69062s]
Searching alignments...  [1.32565s]
Processing query chunk 0, reference chunk 3, shape 5, index chunk 1.
Building reference index...  [25.8491s]
Building query index...  [0.00389s]
Building seed filter...  [0.697764s]
Searching alignments...  [1.32455s]
Processing query chunk 0, reference chunk 3, shape 5, index chunk 2.
Building reference index...  [26.8629s]
Building query index...  [0.003868s]
Building seed filter...  [0.708756s]
Searching alignments...  [1.30937s]
Processing query chunk 0, reference chunk 3, shape 5, index chunk 3.
Building reference index...  [22.4641s]
Building query index...  [0.003265s]
Building seed filter...  [0.666651s]
Searching alignments...  [1.35309s]
Processing query chunk 0, reference chunk 3, shape 6, index chunk 0.
Building reference index...  [22.5372s]
Building query index...  [0.003743s]
Building seed filter...  [0.693858s]
Searching alignments...  [1.29104s]
Processing query chunk 0, reference chunk 3, shape 6, index chunk 1.
Building reference index...  [25.6479s]
Building query index...  [0.004027s]
Building seed filter...  [0.686763s]
Searching alignments...  [1.27719s]
Processing query chunk 0, reference chunk 3, shape 6, index chunk 2.
Building reference index...  [26.6386s]
Building query index...  [0.004008s]
Building seed filter...  [0.681972s]
Searching alignments...  [1.27048s]
Processing query chunk 0, reference chunk 3, shape 6, index chunk 3.
Building reference index...  [22.2986s]
Building query index...  [0.003374s]
Building seed filter...  [0.691317s]
Searching alignments...  [1.27425s]
Processing query chunk 0, reference chunk 3, shape 7, index chunk 0.
Building reference index...  [22.5613s]
Building query index...  [0.00335s]
Building seed filter...  [0.679035s]
Searching alignments...  [1.3176s]
Processing query chunk 0, reference chunk 3, shape 7, index chunk 1.
Building reference index...  [25.8285s]
Building query index...  [0.004056s]
Building seed filter...  [0.692182s]
Searching alignments...  [1.29915s]
Processing query chunk 0, reference chunk 3, shape 7, index chunk 2.
Building reference index...  [26.7062s]
Building query index...  [0.003695s]
Building seed filter...  [0.691145s]
Searching alignments...  [1.30388s]
Processing query chunk 0, reference chunk 3, shape 7, index chunk 3.
Building reference index...  [22.3448s]
Building query index...  [0.00333s]
Building seed filter...  [0.69059s]
Searching alignments...  [1.36131s]
Processing query chunk 0, reference chunk 3, shape 8, index chunk 0.
Building reference index...  [22.6802s]
Building query index...  [0.003295s]
Building seed filter...  [0.692312s]
Searching alignments...  [1.33663s]
Processing query chunk 0, reference chunk 3, shape 8, index chunk 1.
Building reference index...  [25.9632s]
Building query index...  [0.003813s]
Building seed filter...  [0.696434s]
Searching alignments...  [1.3021s]
Processing query chunk 0, reference chunk 3, shape 8, index chunk 2.
Building reference index...  [26.9931s]
Building query index...  [0.003956s]
Building seed filter...  [0.712391s]
Searching alignments...  [1.32354s]
Processing query chunk 0, reference chunk 3, shape 8, index chunk 3.
Building reference index...  [22.6669s]
Building query index...  [0.003411s]
Building seed filter...  [0.677732s]
Searching alignments...  [1.32867s]
Processing query chunk 0, reference chunk 3, shape 9, index chunk 0.
Building reference index...  [22.431s]
Building query index...  [0.003416s]
Building seed filter...  [0.698754s]
Searching alignments...  [1.21911s]
Processing query chunk 0, reference chunk 3, shape 9, index chunk 1.
Building reference index...  [25.5635s]
Building query index...  [0.003886s]
Building seed filter...  [0.689724s]
Searching alignments...  [1.24017s]
Processing query chunk 0, reference chunk 3, shape 9, index chunk 2.
Building reference index...  [26.6421s]
Building query index...  [0.004015s]
Building seed filter...  [0.688988s]
Searching alignments...  [1.20319s]
Processing query chunk 0, reference chunk 3, shape 9, index chunk 3.
Building reference index...  [22.243s]
Building query index...  [0.003059s]
Building seed filter...  [0.67356s]
Searching alignments...  [1.25036s]
Processing query chunk 0, reference chunk 3, shape 10, index chunk 0.
Building reference index...  [22.5965s]
Building query index...  [0.003397s]
Building seed filter...  [0.699405s]
Searching alignments...  [1.29526s]
Processing query chunk 0, reference chunk 3, shape 10, index chunk 1.
Building reference index...  [25.8152s]
Building query index...  [0.003626s]
Building seed filter...  [0.671033s]
Searching alignments...  [1.28744s]
Processing query chunk 0, reference chunk 3, shape 10, index chunk 2.
Building reference index...  [26.9782s]
Building query index...  [0.00404s]
Building seed filter...  [0.693828s]
Searching alignments...  [1.37386s]
Processing query chunk 0, reference chunk 3, shape 10, index chunk 3.
Building reference index...  [22.4243s]
Building query index...  [0.003257s]
Building seed filter...  [0.680407s]
Searching alignments...  [1.28402s]
Processing query chunk 0, reference chunk 3, shape 11, index chunk 0.
Building reference index...  [22.3957s]
Building query index...  [0.00343s]
Building seed filter...  [0.702311s]
Searching alignments...  [1.26167s]
Processing query chunk 0, reference chunk 3, shape 11, index chunk 1.
Building reference index...  [25.5721s]
Building query index...  [0.004006s]
Building seed filter...  [0.690347s]
Searching alignments...  [1.25089s]
Processing query chunk 0, reference chunk 3, shape 11, index chunk 2.
Building reference index...  [26.5521s]
Building query index...  [0.003976s]
Building seed filter...  [0.685519s]
Searching alignments...  [1.24708s]
Processing query chunk 0, reference chunk 3, shape 11, index chunk 3.
Building reference index...  [22.2144s]
Building query index...  [0.003273s]
Building seed filter...  [0.680279s]
Searching alignments...  [1.259s]
Processing query chunk 0, reference chunk 3, shape 12, index chunk 0.
Building reference index...  [22.3843s]
Building query index...  [0.003156s]
Building seed filter...  [0.688475s]
Searching alignments...  [1.25469s]
Processing query chunk 0, reference chunk 3, shape 12, index chunk 1.
Building reference index...  [25.5542s]
Building query index...  [0.003607s]
Building seed filter...  [0.70283s]
Searching alignments...  [1.224s]
Processing query chunk 0, reference chunk 3, shape 12, index chunk 2.
Building reference index...  [26.5503s]
Building query index...  [0.003898s]
Building seed filter...  [0.708041s]
Searching alignments...  [1.26237s]
Processing query chunk 0, reference chunk 3, shape 12, index chunk 3.
Building reference index...  [22.293s]
Building query index...  [0.003258s]
Building seed filter...  [0.680652s]
Searching alignments...  [1.29283s]
Processing query chunk 0, reference chunk 3, shape 13, index chunk 0.
Building reference index...  [22.5523s]
Building query index...  [0.00328s]
Building seed filter...  [0.707439s]
Searching alignments...  [1.2975s]
Processing query chunk 0, reference chunk 3, shape 13, index chunk 1.
Building reference index...  [25.6748s]
Building query index...  [0.003741s]
Building seed filter...  [0.708248s]
Searching alignments...  [1.25284s]
Processing query chunk 0, reference chunk 3, shape 13, index chunk 2.
Building reference index...  [26.7436s]
Building query index...  [0.003917s]
Building seed filter...  [0.691134s]
Searching alignments...  [1.29238s]
Processing query chunk 0, reference chunk 3, shape 13, index chunk 3.
Building reference index...  [22.2992s]
Building query index...  [0.003346s]
Building seed filter...  [0.670384s]
Searching alignments...  [1.27899s]
Processing query chunk 0, reference chunk 3, shape 14, index chunk 0.
Building reference index...  [22.6205s]
Building query index...  [0.003275s]
Building seed filter...  [0.681777s]
Searching alignments...  [1.38327s]
Processing query chunk 0, reference chunk 3, shape 14, index chunk 1.
Building reference index...  [25.8387s]
Building query index...  [0.003854s]
Building seed filter...  [0.695683s]
Searching alignments...  [1.2836s]
Processing query chunk 0, reference chunk 3, shape 14, index chunk 2.
Building reference index...  [26.7792s]
Building query index...  [0.004154s]
Building seed filter...  [0.701188s]
Searching alignments...  [1.31835s]
Processing query chunk 0, reference chunk 3, shape 14, index chunk 3.
Building reference index...  [22.3657s]
Building query index...  [0.003655s]
Building seed filter...  [0.689321s]
Searching alignments...  [1.32002s]
Processing query chunk 0, reference chunk 3, shape 15, index chunk 0.
Building reference index...  [22.444s]
Building query index...  [0.00318s]
Building seed filter...  [0.680477s]
Searching alignments...  [1.23564s]
Processing query chunk 0, reference chunk 3, shape 15, index chunk 1.
Building reference index...  [25.6294s]
Building query index...  [0.003836s]
Building seed filter...  [0.706085s]
Searching alignments...  [1.24354s]
Processing query chunk 0, reference chunk 3, shape 15, index chunk 2.
Building reference index...  [26.5724s]
Building query index...  [0.004012s]
Building seed filter...  [0.703441s]
Searching alignments...  [1.25255s]
Processing query chunk 0, reference chunk 3, shape 15, index chunk 3.
Building reference index...  [22.2445s]
Building query index...  [0.003132s]
Building seed filter...  [0.674034s]
Searching alignments...  [1.24297s]
Deallocating buffers...  [0.01059s]
Opening temporary output file...  [0.002319s]
Computing alignments...  [3.64645s]
Deallocating reference...  [0.00602s]
Loading reference sequences...  [0.816929s]
Building reference histograms...  [21.9452s]
Allocating buffers...  [7.4e-05s]
Initializing temporary storage...  [0.005369s]
Processing query chunk 0, reference chunk 4, shape 0, index chunk 0.
Building reference index...  [4.68331s]
Building query index...  [0.003521s]
Building seed filter...  [0.182629s]
Searching alignments...  [0.295171s]
Processing query chunk 0, reference chunk 4, shape 0, index chunk 1.
Building reference index...  [5.25975s]
Building query index...  [0.003786s]
Building seed filter...  [0.183562s]
Searching alignments...  [0.292234s]
Processing query chunk 0, reference chunk 4, shape 0, index chunk 2.
Building reference index...  [5.46434s]
Building query index...  [0.003972s]
Building seed filter...  [0.179222s]
Searching alignments...  [0.280787s]
Processing query chunk 0, reference chunk 4, shape 0, index chunk 3.
Building reference index...  [4.56474s]
Building query index...  [0.003515s]
Building seed filter...  [0.183259s]
Searching alignments...  [0.283261s]
Processing query chunk 0, reference chunk 4, shape 1, index chunk 0.
Building reference index...  [4.51016s]
Building query index...  [0.003285s]
Building seed filter...  [0.177216s]
Searching alignments...  [0.25476s]
Processing query chunk 0, reference chunk 4, shape 1, index chunk 1.
Building reference index...  [5.15942s]
Building query index...  [0.003621s]
Building seed filter...  [0.178997s]
Searching alignments...  [0.26185s]
Processing query chunk 0, reference chunk 4, shape 1, index chunk 2.
Building reference index...  [5.3635s]
Building query index...  [0.00375s]
Building seed filter...  [0.178281s]
Searching alignments...  [0.253083s]
Processing query chunk 0, reference chunk 4, shape 1, index chunk 3.
Building reference index...  [4.4716s]
Building query index...  [0.003261s]
Building seed filter...  [0.1781s]
Searching alignments...  [0.262437s]
Processing query chunk 0, reference chunk 4, shape 2, index chunk 0.
Building reference index...  [4.57849s]
Building query index...  [0.00338s]
Building seed filter...  [0.181489s]
Searching alignments...  [0.271655s]
Processing query chunk 0, reference chunk 4, shape 2, index chunk 1.
Building reference index...  [5.22813s]
Building query index...  [0.003858s]
Building seed filter...  [0.17373s]
Searching alignments...  [0.272965s]
Processing query chunk 0, reference chunk 4, shape 2, index chunk 2.
Building reference index...  [5.44673s]
Building query index...  [0.004233s]
Building seed filter...  [0.183398s]
Searching alignments...  [0.274809s]
Processing query chunk 0, reference chunk 4, shape 2, index chunk 3.
Building reference index...  [4.54653s]
Building query index...  [0.003318s]
Building seed filter...  [0.177434s]
Searching alignments...  [0.268169s]
Processing query chunk 0, reference chunk 4, shape 3, index chunk 0.
Building reference index...  [4.55512s]
Building query index...  [0.003259s]
Building seed filter...  [0.182213s]
Searching alignments...  [0.263841s]
Processing query chunk 0, reference chunk 4, shape 3, index chunk 1.
Building reference index...  [5.23129s]
Building query index...  [0.003658s]
Building seed filter...  [0.183978s]
Searching alignments...  [0.272132s]
Processing query chunk 0, reference chunk 4, shape 3, index chunk 2.
Building reference index...  [5.44213s]
Building query index...  [0.004091s]
Building seed filter...  [0.180367s]
Searching alignments...  [0.263181s]
Processing query chunk 0, reference chunk 4, shape 3, index chunk 3.
Building reference index...  [4.50495s]
Building query index...  [0.003309s]
Building seed filter...  [0.174614s]
Searching alignments...  [0.2665s]
Processing query chunk 0, reference chunk 4, shape 4, index chunk 0.
Building reference index...  [4.50163s]
Building query index...  [0.003371s]
Building seed filter...  [0.18491s]
Searching alignments...  [0.266678s]
Processing query chunk 0, reference chunk 4, shape 4, index chunk 1.
Building reference index...  [5.18048s]
Building query index...  [0.003907s]
Building seed filter...  [0.185589s]
Searching alignments...  [0.268572s]
Processing query chunk 0, reference chunk 4, shape 4, index chunk 2.
Building reference index...  [5.3851s]
Building query index...  [0.004118s]
Building seed filter...  [0.179775s]
Searching alignments...  [0.268262s]
Processing query chunk 0, reference chunk 4, shape 4, index chunk 3.
Building reference index...  [4.47697s]
Building query index...  [0.003306s]
Building seed filter...  [0.189066s]
Searching alignments...  [0.27068s]
Processing query chunk 0, reference chunk 4, shape 5, index chunk 0.
Building reference index...  [4.54815s]
Building query index...  [0.003407s]
Building seed filter...  [0.189649s]
Searching alignments...  [0.273724s]
Processing query chunk 0, reference chunk 4, shape 5, index chunk 1.
Building reference index...  [5.17875s]
Building query index...  [0.003721s]
Building seed filter...  [0.182635s]
Searching alignments...  [0.272692s]
Processing query chunk 0, reference chunk 4, shape 5, index chunk 2.
Building reference index...  [5.42883s]
Building query index...  [0.00417s]
Building seed filter...  [0.177292s]
Searching alignments...  [0.263716s]
Processing query chunk 0, reference chunk 4, shape 5, index chunk 3.
Building reference index...  [4.48969s]
Building query index...  [0.003297s]
Building seed filter...  [0.175097s]
Searching alignments...  [0.262206s]
Processing query chunk 0, reference chunk 4, shape 6, index chunk 0.
Building reference index...  [4.49234s]
Building query index...  [0.003203s]
Building seed filter...  [0.189996s]
Searching alignments...  [0.26065s]
Processing query chunk 0, reference chunk 4, shape 6, index chunk 1.
Building reference index...  [5.17951s]
Building query index...  [0.00357s]
Building seed filter...  [0.182841s]
Searching alignments...  [0.256812s]
Processing query chunk 0, reference chunk 4, shape 6, index chunk 2.
Building reference index...  [5.36618s]
Building query index...  [0.003798s]
Building seed filter...  [0.181885s]
Searching alignments...  [0.251473s]
Processing query chunk 0, reference chunk 4, shape 6, index chunk 3.
Building reference index...  [4.45476s]
Building query index...  [0.003494s]
Building seed filter...  [0.185817s]
Searching alignments...  [0.260889s]
Processing query chunk 0, reference chunk 4, shape 7, index chunk 0.
Building reference index...  [4.50087s]
Building query index...  [0.00314s]
Building seed filter...  [0.179696s]
Searching alignments...  [0.2653s]
Processing query chunk 0, reference chunk 4, shape 7, index chunk 1.
Building reference index...  [5.18389s]
Building query index...  [0.003521s]
Building seed filter...  [0.180746s]
Searching alignments...  [0.268115s]
Processing query chunk 0, reference chunk 4, shape 7, index chunk 2.
Building reference index...  [5.40558s]
Building query index...  [0.003701s]
Building seed filter...  [0.180434s]
Searching alignments...  [0.264509s]
Processing query chunk 0, reference chunk 4, shape 7, index chunk 3.
Building reference index...  [4.47219s]
Building query index...  [0.003337s]
Building seed filter...  [0.182094s]
Searching alignments...  [0.268604s]
Processing query chunk 0, reference chunk 4, shape 8, index chunk 0.
Building reference index...  [4.53785s]
Building query index...  [0.003316s]
Building seed filter...  [0.189895s]
Searching alignments...  [0.27395s]
Processing query chunk 0, reference chunk 4, shape 8, index chunk 1.
Building reference index...  [5.22221s]
Building query index...  [0.003728s]
Building seed filter...  [0.18011s]
Searching alignments...  [0.273847s]
Processing query chunk 0, reference chunk 4, shape 8, index chunk 2.
Building reference index...  [5.44391s]
Building query index...  [0.00391s]
Building seed filter...  [0.17543s]
Searching alignments...  [0.271165s]
Processing query chunk 0, reference chunk 4, shape 8, index chunk 3.
Building reference index...  [4.52237s]
Building query index...  [0.003296s]
Building seed filter...  [0.186255s]
Searching alignments...  [0.27089s]
Processing query chunk 0, reference chunk 4, shape 9, index chunk 0.
Building reference index...  [4.48972s]
Building query index...  [0.003313s]
Building seed filter...  [0.183696s]
Searching alignments...  [0.252403s]
Processing query chunk 0, reference chunk 4, shape 9, index chunk 1.
Building reference index...  [5.15288s]
Building query index...  [0.003855s]
Building seed filter...  [0.182246s]
Searching alignments...  [0.253065s]
Processing query chunk 0, reference chunk 4, shape 9, index chunk 2.
Building reference index...  [5.35571s]
Building query index...  [0.003764s]
Building seed filter...  [0.179779s]
Searching alignments...  [0.253439s]
Processing query chunk 0, reference chunk 4, shape 9, index chunk 3.
Building reference index...  [4.44985s]
Building query index...  [0.003357s]
Building seed filter...  [0.179362s]
Searching alignments...  [0.265454s]
Processing query chunk 0, reference chunk 4, shape 10, index chunk 0.
Building reference index...  [4.53334s]
Building query index...  [0.003201s]
Building seed filter...  [0.1818s]
Searching alignments...  [0.27162s]
Processing query chunk 0, reference chunk 4, shape 10, index chunk 1.
Building reference index...  [5.2288s]
Building query index...  [0.003984s]
Building seed filter...  [0.179586s]
Searching alignments...  [0.265618s]
Processing query chunk 0, reference chunk 4, shape 10, index chunk 2.
Building reference index...  [5.40924s]
Building query index...  [0.00379s]
Building seed filter...  [0.177885s]
Searching alignments...  [0.278445s]
Processing query chunk 0, reference chunk 4, shape 10, index chunk 3.
Building reference index...  [4.5073s]
Building query index...  [0.003098s]
Building seed filter...  [0.178848s]
Searching alignments...  [0.270554s]
Processing query chunk 0, reference chunk 4, shape 11, index chunk 0.
Building reference index...  [4.52169s]
Building query index...  [0.003161s]
Building seed filter...  [0.180431s]
Searching alignments...  [0.259806s]
Processing query chunk 0, reference chunk 4, shape 11, index chunk 1.
Building reference index...  [5.13437s]
Building query index...  [0.003539s]
Building seed filter...  [0.178991s]
Searching alignments...  [0.255954s]
Processing query chunk 0, reference chunk 4, shape 11, index chunk 2.
Building reference index...  [5.35947s]
Building query index...  [0.003731s]
Building seed filter...  [0.173076s]
Searching alignments...  [0.249767s]
Processing query chunk 0, reference chunk 4, shape 11, index chunk 3.
Building reference index...  [4.45618s]
Building query index...  [0.003066s]
Building seed filter...  [0.186012s]
Searching alignments...  [0.260577s]
Processing query chunk 0, reference chunk 4, shape 12, index chunk 0.
Building reference index...  [4.49092s]
Building query index...  [0.0032s]
Building seed filter...  [0.172369s]
Searching alignments...  [0.257812s]
Processing query chunk 0, reference chunk 4, shape 12, index chunk 1.
Building reference index...  [5.13593s]
Building query index...  [0.003848s]
Building seed filter...  [0.177559s]
Searching alignments...  [0.254214s]
Processing query chunk 0, reference chunk 4, shape 12, index chunk 2.
Building reference index...  [5.35858s]
Building query index...  [0.003891s]
Building seed filter...  [0.176514s]
Searching alignments...  [0.253759s]
Processing query chunk 0, reference chunk 4, shape 12, index chunk 3.
Building reference index...  [4.4565s]
Building query index...  [0.003262s]
Building seed filter...  [0.184627s]
Searching alignments...  [0.25842s]
Processing query chunk 0, reference chunk 4, shape 13, index chunk 0.
Building reference index...  [4.50033s]
Building query index...  [0.003333s]
Building seed filter...  [0.175688s]
Searching alignments...  [0.261329s]
Processing query chunk 0, reference chunk 4, shape 13, index chunk 1.
Building reference index...  [5.16472s]
Building query index...  [0.003697s]
Building seed filter...  [0.171692s]
Searching alignments...  [0.255496s]
Processing query chunk 0, reference chunk 4, shape 13, index chunk 2.
Building reference index...  [5.37836s]
Building query index...  [0.003963s]
Building seed filter...  [0.178334s]
Searching alignments...  [0.256643s]
Processing query chunk 0, reference chunk 4, shape 13, index chunk 3.
Building reference index...  [4.47717s]
Building query index...  [0.003293s]
Building seed filter...  [0.17504s]
Searching alignments...  [0.260883s]
Processing query chunk 0, reference chunk 4, shape 14, index chunk 0.
Building reference index...  [4.5207s]
Building query index...  [0.003125s]
Building seed filter...  [0.179524s]
Searching alignments...  [0.264356s]
Processing query chunk 0, reference chunk 4, shape 14, index chunk 1.
Building reference index...  [5.17902s]
Building query index...  [0.003915s]
Building seed filter...  [0.177308s]
Searching alignments...  [0.259951s]
Processing query chunk 0, reference chunk 4, shape 14, index chunk 2.
Building reference index...  [5.38661s]
Building query index...  [0.00373s]
Building seed filter...  [0.183294s]
Searching alignments...  [0.262861s]
Processing query chunk 0, reference chunk 4, shape 14, index chunk 3.
Building reference index...  [4.48289s]
Building query index...  [0.003248s]
Building seed filter...  [0.183624s]
Searching alignments...  [0.266943s]
Processing query chunk 0, reference chunk 4, shape 15, index chunk 0.
Building reference index...  [4.48598s]
Building query index...  [0.003208s]
Building seed filter...  [0.184186s]
Searching alignments...  [0.25441s]
Processing query chunk 0, reference chunk 4, shape 15, index chunk 1.
Building reference index...  [5.15421s]
Building query index...  [0.003778s]
Building seed filter...  [0.184423s]
Searching alignments...  [0.255732s]
Processing query chunk 0, reference chunk 4, shape 15, index chunk 2.
Building reference index...  [5.36104s]
Building query index...  [0.003885s]
Building seed filter...  [0.178178s]
Searching alignments...  [0.255047s]
Processing query chunk 0, reference chunk 4, shape 15, index chunk 3.
Building reference index...  [4.45607s]
Building query index...  [0.003324s]
Building seed filter...  [0.178173s]
Searching alignments...  [0.255697s]
Deallocating buffers...  [0.002523s]
Opening temporary output file...  [0.005039s]
Computing alignments...  [0.527656s]
Deallocating reference...  [0.001343s]
Loading reference sequences...  [3e-05s]
Deallocating buffers...  [7.2e-05s]
Joining output blocks...  [0.01136s]
Deallocating queries...  [0.003148s]
Loading query sequences...  [1.6e-05s]
Closing the input file...  [1.7e-05s]
Closing the output file...  [0.000123s]
Closing the database file...  [1.2e-05s]
Deallocating taxonomy...  [5e-06s]
Total time = 7746.9s
Reported 2088 pairwise alignments, 2089 HSPs.
1103 queries aligned.
/vortexfs1/home/ngermolus/eggnog-mapper/bin/diamond /vortexfs1/home/ngermolus/eggnog-mapper
#  emapper-2.0.1
# ./emapper.py  -i /vortexfs1/omics/env-bio/collaboration/genome-streamlining/data/Proteins/AAA164-A21_proteins.faa --output /vortexfs1/omics/env-bio/collaboration/genome-streamlining/data/eggNOGged/AAA164-A21_proteins_maNOG.txt -m diamond
[1;33m  /vortexfs1/home/ngermolus/eggnog-mapper/bin/diamond blastp -d /vortexfs1/home/ngermolus/eggnog-mapper/data/eggnog_proteins.dmnd -q /vortexfs1/omics/env-bio/collaboration/genome-streamlining/data/Proteins/AAA164-A21_proteins.faa --more-sensitive --threads 2 -e 0.001000 -o /vortexfs1/omics/env-bio/collaboration/genome-streamlining/Genome-Streamline/scripts/emappertmp_dmdn_hRToFq/7bdb8cd4e96a4fa191b3197e7e955890 --top 3 --query-cover 0 --subject-cover 0[0m
[32mFunctional annotation of refined hits starts now[0m
500 491.028702021 1.02 q/s (func. annotation)
1000 574.035526037 1.74 q/s (func. annotation)
[1;34m Processed queries:1023 total_time:576.341428041 rate:1.77 q/s[0m
[32mDone[0m
   /vortexfs1/omics/env-bio/collaboration/genome-streamlining/data/eggNOGged/AAA164-A21_proteins_maNOG.txt.emapper.seed_orthologs
   /vortexfs1/omics/env-bio/collaboration/genome-streamlining/data/eggNOGged/AAA164-A21_proteins_maNOG.txt.emapper.annotations
Total time: 8323.51 secs

================================================================================
CITATION:
If you use this software, please cite:

[1] Fast genome-wide functional annotation through orthology assignment by
      eggNOG-mapper. Jaime Huerta-Cepas, Kristoffer Forslund, Luis Pedro Coelho,
      Damian Szklarczyk, Lars Juhl Jensen, Christian von Mering and Peer Bork.
      Mol Biol Evol (2017). doi: https://doi.org/10.1093/molbev/msx148

[2] eggNOG 5.0: a hierarchical, functionally and phylogenetically annotated
      orthology resource based on 5090 organisms and 2502 viruses. Jaime
      Huerta-Cepas, Damian Szklarczyk, Davide Heller, Ana Hernandez-Plaza,
      Sofia K Forslund, Helen Cook, Daniel R Mende, Ivica Letunic, Thomas
      Rattei, Lars J Jensen, Christian von Mering and Peer Bork. Nucleic Acids
      Research, Volume 47, Issue D1, 8 January 2019, Pages D309-D314,
      https://doi.org/10.1093/nar/gky1085 
[3] Fast and Sensitive Protein Alignment using DIAMOND. Buchfink B, Xie C,
       Huson DH. 2015. Nat. Methods [Internet] 12.


(e.g. Functional annotation was performed using emapper-2.0.1 [1]
 based on eggNOG orthology data [2]. Sequence searches were performed
 using [3].)

================================================================================

