Query name: /vortexfs1/omics/env-bio/collaboration/genome-streamlining/data/Proteins/AAA164-L15_proteins.faa
 Outfile: /vortexfs1/omics/env-bio/collaboration/genome-streamlining/data/eggNOGged/AAA164-L15_proteins_maNOG.txt

diamond v0.9.24.125 | by Benjamin Buchfink <buchfink@gmail.com>
Licensed under the GNU GPL <https://www.gnu.org/licenses/gpl.txt>
Check http://github.com/bbuchfink/diamond for updates.

#CPU threads: 2
Scoring parameters: (Matrix=BLOSUM62 Lambda=0.267 K=0.041 Penalties=11/1)
Temporary directory: /vortexfs1/omics/env-bio/collaboration/genome-streamlining/Genome-Streamline/scripts/emappertmp_dmdn_euOxKz
Opening the database...  [5.8e-05s]
Percentage range of top alignment score to report hits: 3
Opening the input file...  [0.020536s]
Opening the output file...  [0.000251s]
Loading query sequences...  [0.00412s]
Masking queries...  [0.093205s]
Building query seed set...  [0.000315s]
Algorithm: Double-indexed
Building query histograms...  [0.045188s]
Allocating buffers...  [0.000182s]
Loading reference sequences...  [2.63302s]
Building reference histograms...  [120.465s]
Allocating buffers...  [7.3e-05s]
Initializing temporary storage...  [0.005928s]
Processing query chunk 0, reference chunk 0, shape 0, index chunk 0.
Building reference index...  [23.6601s]
Building query index...  [0.008907s]
Building seed filter...  [0.718066s]
Searching alignments...  [3.18602s]
Processing query chunk 0, reference chunk 0, shape 0, index chunk 1.
Building reference index...  [26.779s]
Building query index...  [0.010134s]
Building seed filter...  [0.699896s]
Searching alignments...  [2.88839s]
Processing query chunk 0, reference chunk 0, shape 0, index chunk 2.
Building reference index...  [27.8162s]
Building query index...  [0.010177s]
Building seed filter...  [0.720824s]
Searching alignments...  [2.85022s]
Processing query chunk 0, reference chunk 0, shape 0, index chunk 3.
Building reference index...  [23.2519s]
Building query index...  [0.008804s]
Building seed filter...  [0.731787s]
Searching alignments...  [2.82202s]
Processing query chunk 0, reference chunk 0, shape 1, index chunk 0.
Building reference index...  [23.1546s]
Building query index...  [0.008566s]
Building seed filter...  [0.723504s]
Searching alignments...  [2.66352s]
Processing query chunk 0, reference chunk 0, shape 1, index chunk 1.
Building reference index...  [26.3339s]
Building query index...  [0.009581s]
Building seed filter...  [0.708766s]
Searching alignments...  [2.53501s]
Processing query chunk 0, reference chunk 0, shape 1, index chunk 2.
Building reference index...  [27.326s]
Building query index...  [0.009856s]
Building seed filter...  [0.679205s]
Searching alignments...  [2.42087s]
Processing query chunk 0, reference chunk 0, shape 1, index chunk 3.
Building reference index...  [22.8741s]
Building query index...  [0.008237s]
Building seed filter...  [0.714091s]
Searching alignments...  [2.52339s]
Processing query chunk 0, reference chunk 0, shape 2, index chunk 0.
Building reference index...  [23.3845s]
Building query index...  [0.008625s]
Building seed filter...  [0.702531s]
Searching alignments...  [2.7793s]
Processing query chunk 0, reference chunk 0, shape 2, index chunk 1.
Building reference index...  [26.6187s]
Building query index...  [0.009748s]
Building seed filter...  [0.691042s]
Searching alignments...  [2.71143s]
Processing query chunk 0, reference chunk 0, shape 2, index chunk 2.
Building reference index...  [27.689s]
Building query index...  [0.010101s]
Building seed filter...  [0.710223s]
Searching alignments...  [2.65968s]
Processing query chunk 0, reference chunk 0, shape 2, index chunk 3.
Building reference index...  [23.1553s]
Building query index...  [0.008516s]
Building seed filter...  [0.709355s]
Searching alignments...  [2.6114s]
Processing query chunk 0, reference chunk 0, shape 3, index chunk 0.
Building reference index...  [23.2991s]
Building query index...  [0.008813s]
Building seed filter...  [0.700684s]
Searching alignments...  [2.65203s]
Processing query chunk 0, reference chunk 0, shape 3, index chunk 1.
Building reference index...  [26.6466s]
Building query index...  [0.009777s]
Building seed filter...  [0.67787s]
Searching alignments...  [2.62724s]
Processing query chunk 0, reference chunk 0, shape 3, index chunk 2.
Building reference index...  [27.6288s]
Building query index...  [0.010115s]
Building seed filter...  [0.700942s]
Searching alignments...  [2.65133s]
Processing query chunk 0, reference chunk 0, shape 3, index chunk 3.
Building reference index...  [23.0471s]
Building query index...  [0.008471s]
Building seed filter...  [0.706484s]
Searching alignments...  [2.63287s]
Processing query chunk 0, reference chunk 0, shape 4, index chunk 0.
Building reference index...  [23.0742s]
Building query index...  [0.008377s]
Building seed filter...  [0.695831s]
Searching alignments...  [2.61787s]
Processing query chunk 0, reference chunk 0, shape 4, index chunk 1.
Building reference index...  [26.4187s]
Building query index...  [0.009938s]
Building seed filter...  [0.708513s]
Searching alignments...  [2.65496s]
Processing query chunk 0, reference chunk 0, shape 4, index chunk 2.
Building reference index...  [27.386s]
Building query index...  [0.010004s]
Building seed filter...  [0.699354s]
Searching alignments...  [2.73749s]
Processing query chunk 0, reference chunk 0, shape 4, index chunk 3.
Building reference index...  [22.9588s]
Building query index...  [0.008595s]
Building seed filter...  [0.69949s]
Searching alignments...  [2.59038s]
Processing query chunk 0, reference chunk 0, shape 5, index chunk 0.
Building reference index...  [23.1924s]
Building query index...  [0.008572s]
Building seed filter...  [0.706362s]
Searching alignments...  [2.6105s]
Processing query chunk 0, reference chunk 0, shape 5, index chunk 1.
Building reference index...  [26.5253s]
Building query index...  [0.009452s]
Building seed filter...  [0.698806s]
Searching alignments...  [2.60028s]
Processing query chunk 0, reference chunk 0, shape 5, index chunk 2.
Building reference index...  [27.5249s]
Building query index...  [0.010244s]
Building seed filter...  [0.719441s]
Searching alignments...  [2.57542s]
Processing query chunk 0, reference chunk 0, shape 5, index chunk 3.
Building reference index...  [23.0109s]
Building query index...  [0.008487s]
Building seed filter...  [0.69828s]
Searching alignments...  [2.6253s]
Processing query chunk 0, reference chunk 0, shape 6, index chunk 0.
Building reference index...  [23.0359s]
Building query index...  [0.008527s]
Building seed filter...  [0.68977s]
Searching alignments...  [2.50064s]
Processing query chunk 0, reference chunk 0, shape 6, index chunk 1.
Building reference index...  [26.3469s]
Building query index...  [0.009689s]
Building seed filter...  [0.714903s]
Searching alignments...  [2.44347s]
Processing query chunk 0, reference chunk 0, shape 6, index chunk 2.
Building reference index...  [27.336s]
Building query index...  [0.00989s]
Building seed filter...  [0.712989s]
Searching alignments...  [2.48222s]
Processing query chunk 0, reference chunk 0, shape 6, index chunk 3.
Building reference index...  [22.8515s]
Building query index...  [0.008251s]
Building seed filter...  [0.703192s]
Searching alignments...  [2.43079s]
Processing query chunk 0, reference chunk 0, shape 7, index chunk 0.
Building reference index...  [23.1461s]
Building query index...  [0.008458s]
Building seed filter...  [0.723003s]
Searching alignments...  [2.56193s]
Processing query chunk 0, reference chunk 0, shape 7, index chunk 1.
Building reference index...  [26.425s]
Building query index...  [0.009494s]
Building seed filter...  [0.702362s]
Searching alignments...  [2.48757s]
Processing query chunk 0, reference chunk 0, shape 7, index chunk 2.
Building reference index...  [27.4367s]
Building query index...  [0.010246s]
Building seed filter...  [0.718425s]
Searching alignments...  [2.56585s]
Processing query chunk 0, reference chunk 0, shape 7, index chunk 3.
Building reference index...  [22.8951s]
Building query index...  [0.008505s]
Building seed filter...  [0.69552s]
Searching alignments...  [2.6838s]
Processing query chunk 0, reference chunk 0, shape 8, index chunk 0.
Building reference index...  [23.3211s]
Building query index...  [0.00841s]
Building seed filter...  [0.727402s]
Searching alignments...  [2.67095s]
Processing query chunk 0, reference chunk 0, shape 8, index chunk 1.
Building reference index...  [26.5374s]
Building query index...  [0.009906s]
Building seed filter...  [0.704798s]
Searching alignments...  [2.69431s]
Processing query chunk 0, reference chunk 0, shape 8, index chunk 2.
Building reference index...  [27.6182s]
Building query index...  [0.010226s]
Building seed filter...  [0.726512s]
Searching alignments...  [2.66182s]
Processing query chunk 0, reference chunk 0, shape 8, index chunk 3.
Building reference index...  [23.0946s]
Building query index...  [0.008198s]
Building seed filter...  [0.705729s]
Searching alignments...  [2.71049s]
Processing query chunk 0, reference chunk 0, shape 9, index chunk 0.
Building reference index...  [22.9929s]
Building query index...  [0.008419s]
Building seed filter...  [0.692129s]
Searching alignments...  [2.50373s]
Processing query chunk 0, reference chunk 0, shape 9, index chunk 1.
Building reference index...  [26.2978s]
Building query index...  [0.009644s]
Building seed filter...  [0.706042s]
Searching alignments...  [2.46866s]
Processing query chunk 0, reference chunk 0, shape 9, index chunk 2.
Building reference index...  [27.271s]
Building query index...  [0.010017s]
Building seed filter...  [0.678352s]
Searching alignments...  [2.42764s]
Processing query chunk 0, reference chunk 0, shape 9, index chunk 3.
Building reference index...  [22.7436s]
Building query index...  [0.008505s]
Building seed filter...  [0.71542s]
Searching alignments...  [2.45473s]
Processing query chunk 0, reference chunk 0, shape 10, index chunk 0.
Building reference index...  [23.1498s]
Building query index...  [0.008417s]
Building seed filter...  [0.714169s]
Searching alignments...  [2.60077s]
Processing query chunk 0, reference chunk 0, shape 10, index chunk 1.
Building reference index...  [26.4823s]
Building query index...  [0.009732s]
Building seed filter...  [0.720302s]
Searching alignments...  [2.5743s]
Processing query chunk 0, reference chunk 0, shape 10, index chunk 2.
Building reference index...  [27.4938s]
Building query index...  [0.009822s]
Building seed filter...  [0.716226s]
Searching alignments...  [2.66064s]
Processing query chunk 0, reference chunk 0, shape 10, index chunk 3.
Building reference index...  [22.9594s]
Building query index...  [0.008376s]
Building seed filter...  [0.705563s]
Searching alignments...  [2.68061s]
Processing query chunk 0, reference chunk 0, shape 11, index chunk 0.
Building reference index...  [23.0147s]
Building query index...  [0.008357s]
Building seed filter...  [0.680004s]
Searching alignments...  [2.45608s]
Processing query chunk 0, reference chunk 0, shape 11, index chunk 1.
Building reference index...  [26.2194s]
Building query index...  [0.009822s]
Building seed filter...  [0.705741s]
Searching alignments...  [2.44516s]
Processing query chunk 0, reference chunk 0, shape 11, index chunk 2.
Building reference index...  [27.2788s]
Building query index...  [0.010182s]
Building seed filter...  [0.712492s]
Searching alignments...  [2.48779s]
Processing query chunk 0, reference chunk 0, shape 11, index chunk 3.
Building reference index...  [22.7911s]
Building query index...  [0.008202s]
Building seed filter...  [0.701355s]
Searching alignments...  [2.473s]
Processing query chunk 0, reference chunk 0, shape 12, index chunk 0.
Building reference index...  [22.9906s]
Building query index...  [0.008266s]
Building seed filter...  [0.699172s]
Searching alignments...  [2.50798s]
Processing query chunk 0, reference chunk 0, shape 12, index chunk 1.
Building reference index...  [26.1673s]
Building query index...  [0.009647s]
Building seed filter...  [0.686949s]
Searching alignments...  [2.43558s]
Processing query chunk 0, reference chunk 0, shape 12, index chunk 2.
Building reference index...  [27.2229s]
Building query index...  [0.009979s]
Building seed filter...  [0.698122s]
Searching alignments...  [2.46531s]
Processing query chunk 0, reference chunk 0, shape 12, index chunk 3.
Building reference index...  [22.8024s]
Building query index...  [0.008082s]
Building seed filter...  [0.692135s]
Searching alignments...  [2.47584s]
Processing query chunk 0, reference chunk 0, shape 13, index chunk 0.
Building reference index...  [23.0403s]
Building query index...  [0.008467s]
Building seed filter...  [0.703861s]
Searching alignments...  [2.57033s]
Processing query chunk 0, reference chunk 0, shape 13, index chunk 1.
Building reference index...  [26.3047s]
Building query index...  [0.009755s]
Building seed filter...  [0.683378s]
Searching alignments...  [2.5108s]
Processing query chunk 0, reference chunk 0, shape 13, index chunk 2.
Building reference index...  [27.301s]
Building query index...  [0.00988s]
Building seed filter...  [0.694048s]
Searching alignments...  [2.49459s]
Processing query chunk 0, reference chunk 0, shape 13, index chunk 3.
Building reference index...  [22.911s]
Building query index...  [0.008776s]
Building seed filter...  [0.710892s]
Searching alignments...  [2.52466s]
Processing query chunk 0, reference chunk 0, shape 14, index chunk 0.
Building reference index...  [23.1034s]
Building query index...  [0.008493s]
Building seed filter...  [0.709306s]
Searching alignments...  [2.62532s]
Processing query chunk 0, reference chunk 0, shape 14, index chunk 1.
Building reference index...  [26.4128s]
Building query index...  [0.009688s]
Building seed filter...  [0.709905s]
Searching alignments...  [2.50028s]
Processing query chunk 0, reference chunk 0, shape 14, index chunk 2.
Building reference index...  [27.4986s]
Building query index...  [0.01001s]
Building seed filter...  [0.705567s]
Searching alignments...  [2.67501s]
Processing query chunk 0, reference chunk 0, shape 14, index chunk 3.
Building reference index...  [22.9471s]
Building query index...  [0.008107s]
Building seed filter...  [0.712152s]
Searching alignments...  [2.64533s]
Processing query chunk 0, reference chunk 0, shape 15, index chunk 0.
Building reference index...  [23.0252s]
Building query index...  [0.008189s]
Building seed filter...  [0.696722s]
Searching alignments...  [2.57414s]
Processing query chunk 0, reference chunk 0, shape 15, index chunk 1.
Building reference index...  [26.2107s]
Building query index...  [0.009777s]
Building seed filter...  [0.701921s]
Searching alignments...  [2.51081s]
Processing query chunk 0, reference chunk 0, shape 15, index chunk 2.
Building reference index...  [27.2713s]
Building query index...  [0.009976s]
Building seed filter...  [0.6929s]
Searching alignments...  [2.45927s]
Processing query chunk 0, reference chunk 0, shape 15, index chunk 3.
Building reference index...  [22.7855s]
Building query index...  [0.008428s]
Building seed filter...  [0.70137s]
Searching alignments...  [2.48328s]
Deallocating buffers...  [0.010865s]
Opening temporary output file...  [0.00223s]
Computing alignments...  [9.68096s]
Deallocating reference...  [0.006602s]
Loading reference sequences...  [2.59521s]
Building reference histograms...  [115.463s]
Allocating buffers...  [7.8e-05s]
Initializing temporary storage...  [0.004595s]
Processing query chunk 0, reference chunk 1, shape 0, index chunk 0.
Building reference index...  [23.5623s]
Building query index...  [0.00854s]
Building seed filter...  [0.707949s]
Searching alignments...  [2.95682s]
Processing query chunk 0, reference chunk 1, shape 0, index chunk 1.
Building reference index...  [26.6423s]
Building query index...  [0.009757s]
Building seed filter...  [0.678756s]
Searching alignments...  [2.73537s]
Processing query chunk 0, reference chunk 1, shape 0, index chunk 2.
Building reference index...  [27.6265s]
Building query index...  [0.010202s]
Building seed filter...  [0.714013s]
Searching alignments...  [2.6892s]
Processing query chunk 0, reference chunk 1, shape 0, index chunk 3.
Building reference index...  [23.1633s]
Building query index...  [0.008586s]
Building seed filter...  [0.731033s]
Searching alignments...  [2.65873s]
Processing query chunk 0, reference chunk 1, shape 1, index chunk 0.
Building reference index...  [22.9349s]
Building query index...  [0.008589s]
Building seed filter...  [0.689309s]
Searching alignments...  [2.44672s]
Processing query chunk 0, reference chunk 1, shape 1, index chunk 1.
Building reference index...  [26.1407s]
Building query index...  [0.009663s]
Building seed filter...  [0.685711s]
Searching alignments...  [2.41386s]
Processing query chunk 0, reference chunk 1, shape 1, index chunk 2.
Building reference index...  [27.1663s]
Building query index...  [0.009819s]
Building seed filter...  [0.695715s]
Searching alignments...  [2.35854s]
Processing query chunk 0, reference chunk 1, shape 1, index chunk 3.
Building reference index...  [22.748s]
Building query index...  [0.008268s]
Building seed filter...  [0.706049s]
Searching alignments...  [2.40032s]
Processing query chunk 0, reference chunk 1, shape 2, index chunk 0.
Building reference index...  [23.2763s]
Building query index...  [0.008416s]
Building seed filter...  [0.697696s]
Searching alignments...  [2.61256s]
Processing query chunk 0, reference chunk 1, shape 2, index chunk 1.
Building reference index...  [26.4768s]
Building query index...  [0.009766s]
Building seed filter...  [0.679699s]
Searching alignments...  [2.5891s]
Processing query chunk 0, reference chunk 1, shape 2, index chunk 2.
Building reference index...  [27.6788s]
Building query index...  [0.010093s]
Building seed filter...  [0.721219s]
Searching alignments...  [2.58772s]
Processing query chunk 0, reference chunk 1, shape 2, index chunk 3.
Building reference index...  [23.0161s]
Building query index...  [0.00847s]
Building seed filter...  [0.681787s]
Searching alignments...  [2.56926s]
Processing query chunk 0, reference chunk 1, shape 3, index chunk 0.
Building reference index...  [23.1891s]
Building query index...  [0.00856s]
Building seed filter...  [0.698603s]
Searching alignments...  [2.55844s]
Processing query chunk 0, reference chunk 1, shape 3, index chunk 1.
Building reference index...  [26.4253s]
Building query index...  [0.009942s]
Building seed filter...  [0.733465s]
Searching alignments...  [2.54122s]
Processing query chunk 0, reference chunk 1, shape 3, index chunk 2.
Building reference index...  [27.4474s]
Building query index...  [0.010089s]
Building seed filter...  [0.704387s]
Searching alignments...  [2.5663s]
Processing query chunk 0, reference chunk 1, shape 3, index chunk 3.
Building reference index...  [22.9119s]
Building query index...  [0.008552s]
Building seed filter...  [0.68494s]
Searching alignments...  [2.48139s]
Processing query chunk 0, reference chunk 1, shape 4, index chunk 0.
Building reference index...  [22.9348s]
Building query index...  [0.008444s]
Building seed filter...  [0.712182s]
Searching alignments...  [2.52021s]
Processing query chunk 0, reference chunk 1, shape 4, index chunk 1.
Building reference index...  [26.1918s]
Building query index...  [0.009947s]
Building seed filter...  [0.70233s]
Searching alignments...  [2.51128s]
Processing query chunk 0, reference chunk 1, shape 4, index chunk 2.
Building reference index...  [27.2644s]
Building query index...  [0.010018s]
Building seed filter...  [0.716113s]
Searching alignments...  [2.60236s]
Processing query chunk 0, reference chunk 1, shape 4, index chunk 3.
Building reference index...  [22.8326s]
Building query index...  [0.008183s]
Building seed filter...  [0.701657s]
Searching alignments...  [2.46837s]
Processing query chunk 0, reference chunk 1, shape 5, index chunk 0.
Building reference index...  [23.0805s]
Building query index...  [0.008221s]
Building seed filter...  [0.703891s]
Searching alignments...  [2.48215s]
Processing query chunk 0, reference chunk 1, shape 5, index chunk 1.
Building reference index...  [26.3134s]
Building query index...  [0.009723s]
Building seed filter...  [0.721376s]
Searching alignments...  [2.47816s]
Processing query chunk 0, reference chunk 1, shape 5, index chunk 2.
Building reference index...  [27.3991s]
Building query index...  [0.010025s]
Building seed filter...  [0.71048s]
Searching alignments...  [2.54293s]
Processing query chunk 0, reference chunk 1, shape 5, index chunk 3.
Building reference index...  [22.8864s]
Building query index...  [0.00841s]
Building seed filter...  [0.68828s]
Searching alignments...  [2.49722s]
Processing query chunk 0, reference chunk 1, shape 6, index chunk 0.
Building reference index...  [22.9878s]
Building query index...  [0.008351s]
Building seed filter...  [0.70801s]
Searching alignments...  [2.39324s]
Processing query chunk 0, reference chunk 1, shape 6, index chunk 1.
Building reference index...  [26.1496s]
Building query index...  [0.009704s]
Building seed filter...  [0.707548s]
Searching alignments...  [2.39483s]
Processing query chunk 0, reference chunk 1, shape 6, index chunk 2.
Building reference index...  [27.1662s]
Building query index...  [0.00992s]
Building seed filter...  [0.710525s]
Searching alignments...  [2.40929s]
Processing query chunk 0, reference chunk 1, shape 6, index chunk 3.
Building reference index...  [22.7042s]
Building query index...  [0.008296s]
Building seed filter...  [0.693977s]
Searching alignments...  [2.39086s]
Processing query chunk 0, reference chunk 1, shape 7, index chunk 0.
Building reference index...  [22.9165s]
Building query index...  [0.008401s]
Building seed filter...  [0.696188s]
Searching alignments...  [2.43948s]
Processing query chunk 0, reference chunk 1, shape 7, index chunk 1.
Building reference index...  [26.2465s]
Building query index...  [0.009529s]
Building seed filter...  [0.717809s]
Searching alignments...  [2.41264s]
Processing query chunk 0, reference chunk 1, shape 7, index chunk 2.
Building reference index...  [27.2818s]
Building query index...  [0.009908s]
Building seed filter...  [0.702982s]
Searching alignments...  [2.44837s]
Processing query chunk 0, reference chunk 1, shape 7, index chunk 3.
Building reference index...  [22.9023s]
Building query index...  [0.008467s]
Building seed filter...  [0.687753s]
Searching alignments...  [2.53814s]
Processing query chunk 0, reference chunk 1, shape 8, index chunk 0.
Building reference index...  [23.2032s]
Building query index...  [0.008469s]
Building seed filter...  [0.717397s]
Searching alignments...  [2.528s]
Processing query chunk 0, reference chunk 1, shape 8, index chunk 1.
Building reference index...  [26.4173s]
Building query index...  [0.01023s]
Building seed filter...  [0.700996s]
Searching alignments...  [2.52629s]
Processing query chunk 0, reference chunk 1, shape 8, index chunk 2.
Building reference index...  [27.4727s]
Building query index...  [0.010455s]
Building seed filter...  [0.693178s]
Searching alignments...  [2.50105s]
Processing query chunk 0, reference chunk 1, shape 8, index chunk 3.
Building reference index...  [23.0056s]
Building query index...  [0.008754s]
Building seed filter...  [0.710334s]
Searching alignments...  [2.51569s]
Processing query chunk 0, reference chunk 1, shape 9, index chunk 0.
Building reference index...  [22.874s]
Building query index...  [0.008139s]
Building seed filter...  [0.706255s]
Searching alignments...  [2.33033s]
Processing query chunk 0, reference chunk 1, shape 9, index chunk 1.
Building reference index...  [26.0295s]
Building query index...  [0.009828s]
Building seed filter...  [0.710617s]
Searching alignments...  [2.36283s]
Processing query chunk 0, reference chunk 1, shape 9, index chunk 2.
Building reference index...  [27.0375s]
Building query index...  [0.009727s]
Building seed filter...  [0.710633s]
Searching alignments...  [2.31789s]
Processing query chunk 0, reference chunk 1, shape 9, index chunk 3.
Building reference index...  [22.6006s]
Building query index...  [0.008282s]
Building seed filter...  [0.684813s]
Searching alignments...  [2.32505s]
Processing query chunk 0, reference chunk 1, shape 10, index chunk 0.
Building reference index...  [23.0073s]
Building query index...  [0.008463s]
Building seed filter...  [0.709627s]
Searching alignments...  [2.49956s]
Processing query chunk 0, reference chunk 1, shape 10, index chunk 1.
Building reference index...  [26.3105s]
Building query index...  [0.0095s]
Building seed filter...  [0.714456s]
Searching alignments...  [2.45923s]
Processing query chunk 0, reference chunk 1, shape 10, index chunk 2.
Building reference index...  [27.3129s]
Building query index...  [0.010589s]
Building seed filter...  [0.689838s]
Searching alignments...  [2.51769s]
Processing query chunk 0, reference chunk 1, shape 10, index chunk 3.
Building reference index...  [22.8665s]
Building query index...  [0.008316s]
Building seed filter...  [0.703736s]
Searching alignments...  [2.53828s]
Processing query chunk 0, reference chunk 1, shape 11, index chunk 0.
Building reference index...  [22.8424s]
Building query index...  [0.008257s]
Building seed filter...  [0.700371s]
Searching alignments...  [2.34641s]
Processing query chunk 0, reference chunk 1, shape 11, index chunk 1.
Building reference index...  [26.0346s]
Building query index...  [0.009426s]
Building seed filter...  [0.701787s]
Searching alignments...  [2.33738s]
Processing query chunk 0, reference chunk 1, shape 11, index chunk 2.
Building reference index...  [27.0907s]
Building query index...  [0.010256s]
Building seed filter...  [0.703807s]
Searching alignments...  [2.3594s]
Processing query chunk 0, reference chunk 1, shape 11, index chunk 3.
Building reference index...  [22.6565s]
Building query index...  [0.00806s]
Building seed filter...  [0.684588s]
Searching alignments...  [2.32794s]
Processing query chunk 0, reference chunk 1, shape 12, index chunk 0.
Building reference index...  [22.8259s]
Building query index...  [0.008261s]
Building seed filter...  [0.691786s]
Searching alignments...  [2.35298s]
Processing query chunk 0, reference chunk 1, shape 12, index chunk 1.
Building reference index...  [26.0497s]
Building query index...  [0.009292s]
Building seed filter...  [0.694886s]
Searching alignments...  [2.34685s]
Processing query chunk 0, reference chunk 1, shape 12, index chunk 2.
Building reference index...  [27.1046s]
Building query index...  [0.009869s]
Building seed filter...  [0.704612s]
Searching alignments...  [2.35803s]
Processing query chunk 0, reference chunk 1, shape 12, index chunk 3.
Building reference index...  [22.6028s]
Building query index...  [0.008196s]
Building seed filter...  [0.671758s]
Searching alignments...  [2.37332s]
Processing query chunk 0, reference chunk 1, shape 13, index chunk 0.
Building reference index...  [22.857s]
Building query index...  [0.008691s]
Building seed filter...  [0.696788s]
Searching alignments...  [2.41506s]
Processing query chunk 0, reference chunk 1, shape 13, index chunk 1.
Building reference index...  [26.1354s]
Building query index...  [0.009311s]
Building seed filter...  [0.687417s]
Searching alignments...  [2.41189s]
Processing query chunk 0, reference chunk 1, shape 13, index chunk 2.
Building reference index...  [27.3027s]
Building query index...  [0.010157s]
Building seed filter...  [0.692772s]
Searching alignments...  [2.45938s]
Processing query chunk 0, reference chunk 1, shape 13, index chunk 3.
Building reference index...  [22.7717s]
Building query index...  [0.008741s]
Building seed filter...  [0.709897s]
Searching alignments...  [2.49485s]
Processing query chunk 0, reference chunk 1, shape 14, index chunk 0.
Building reference index...  [23.019s]
Building query index...  [0.008572s]
Building seed filter...  [0.721518s]
Searching alignments...  [2.56238s]
Processing query chunk 0, reference chunk 1, shape 14, index chunk 1.
Building reference index...  [26.2526s]
Building query index...  [0.009761s]
Building seed filter...  [0.706811s]
Searching alignments...  [2.42681s]
Processing query chunk 0, reference chunk 1, shape 14, index chunk 2.
Building reference index...  [27.1918s]
Building query index...  [0.010368s]
Building seed filter...  [0.71762s]
Searching alignments...  [2.48685s]
Processing query chunk 0, reference chunk 1, shape 14, index chunk 3.
Building reference index...  [22.7975s]
Building query index...  [0.008375s]
Building seed filter...  [0.708579s]
Searching alignments...  [2.50338s]
Processing query chunk 0, reference chunk 1, shape 15, index chunk 0.
Building reference index...  [22.8443s]
Building query index...  [0.008516s]
Building seed filter...  [0.691316s]
Searching alignments...  [2.43049s]
Processing query chunk 0, reference chunk 1, shape 15, index chunk 1.
Building reference index...  [26.0752s]
Building query index...  [0.009645s]
Building seed filter...  [0.707999s]
Searching alignments...  [2.39957s]
Processing query chunk 0, reference chunk 1, shape 15, index chunk 2.
Building reference index...  [27.0953s]
Building query index...  [0.010051s]
Building seed filter...  [0.692689s]
Searching alignments...  [2.3353s]
Processing query chunk 0, reference chunk 1, shape 15, index chunk 3.
Building reference index...  [22.6512s]
Building query index...  [0.008212s]
Building seed filter...  [0.708074s]
Searching alignments...  [2.37879s]
Deallocating buffers...  [0.010858s]
Opening temporary output file...  [0.00161s]
Computing alignments...  [8.25719s]
Deallocating reference...  [0.006131s]
Loading reference sequences...  [2.58855s]
Building reference histograms...  [111.874s]
Allocating buffers...  [5.4e-05s]
Initializing temporary storage...  [0.004398s]
Processing query chunk 0, reference chunk 2, shape 0, index chunk 0.
Building reference index...  [23.2205s]
Building query index...  [0.008805s]
Building seed filter...  [0.705551s]
Searching alignments...  [2.65259s]
Processing query chunk 0, reference chunk 2, shape 0, index chunk 1.
Building reference index...  [26.207s]
Building query index...  [0.009839s]
Building seed filter...  [0.714624s]
Searching alignments...  [2.5153s]
Processing query chunk 0, reference chunk 2, shape 0, index chunk 2.
Building reference index...  [27.3043s]
Building query index...  [0.010285s]
Building seed filter...  [0.73028s]
Searching alignments...  [2.50045s]
Processing query chunk 0, reference chunk 2, shape 0, index chunk 3.
Building reference index...  [22.8335s]
Building query index...  [0.008466s]
Building seed filter...  [0.723658s]
Searching alignments...  [2.49986s]
Processing query chunk 0, reference chunk 2, shape 1, index chunk 0.
Building reference index...  [22.6428s]
Building query index...  [0.008338s]
Building seed filter...  [0.688507s]
Searching alignments...  [2.29674s]
Processing query chunk 0, reference chunk 2, shape 1, index chunk 1.
Building reference index...  [25.8457s]
Building query index...  [0.009648s]
Building seed filter...  [0.689157s]
Searching alignments...  [2.24141s]
Processing query chunk 0, reference chunk 2, shape 1, index chunk 2.
Building reference index...  [26.9666s]
Building query index...  [0.009904s]
Building seed filter...  [0.6922s]
Searching alignments...  [2.21103s]
Processing query chunk 0, reference chunk 2, shape 1, index chunk 3.
Building reference index...  [22.489s]
Building query index...  [0.008382s]
Building seed filter...  [0.681189s]
Searching alignments...  [2.22591s]
Processing query chunk 0, reference chunk 2, shape 2, index chunk 0.
Building reference index...  [22.961s]
Building query index...  [0.008393s]
Building seed filter...  [0.711925s]
Searching alignments...  [2.46634s]
Processing query chunk 0, reference chunk 2, shape 2, index chunk 1.
Building reference index...  [26.1894s]
Building query index...  [0.009889s]
Building seed filter...  [0.711893s]
Searching alignments...  [2.41249s]
Processing query chunk 0, reference chunk 2, shape 2, index chunk 2.
Building reference index...  [27.2129s]
Building query index...  [0.00999s]
Building seed filter...  [0.699463s]
Searching alignments...  [2.38123s]
Processing query chunk 0, reference chunk 2, shape 2, index chunk 3.
Building reference index...  [22.729s]
Building query index...  [0.00836s]
Building seed filter...  [0.714415s]
Searching alignments...  [2.346s]
Processing query chunk 0, reference chunk 2, shape 3, index chunk 0.
Building reference index...  [22.9142s]
Building query index...  [0.008731s]
Building seed filter...  [0.722162s]
Searching alignments...  [2.35808s]
Processing query chunk 0, reference chunk 2, shape 3, index chunk 1.
Building reference index...  [26.0682s]
Building query index...  [0.009616s]
Building seed filter...  [0.691387s]
Searching alignments...  [2.32764s]
Processing query chunk 0, reference chunk 2, shape 3, index chunk 2.
Building reference index...  [27.2047s]
Building query index...  [0.010017s]
Building seed filter...  [0.713149s]
Searching alignments...  [2.36587s]
Processing query chunk 0, reference chunk 2, shape 3, index chunk 3.
Building reference index...  [22.6188s]
Building query index...  [0.008999s]
Building seed filter...  [0.711035s]
Searching alignments...  [2.30827s]
Processing query chunk 0, reference chunk 2, shape 4, index chunk 0.
Building reference index...  [22.7042s]
Building query index...  [0.008467s]
Building seed filter...  [0.711853s]
Searching alignments...  [2.33755s]
Processing query chunk 0, reference chunk 2, shape 4, index chunk 1.
Building reference index...  [25.9561s]
Building query index...  [0.009364s]
Building seed filter...  [0.681021s]
Searching alignments...  [2.31529s]
Processing query chunk 0, reference chunk 2, shape 4, index chunk 2.
Building reference index...  [26.9194s]
Building query index...  [0.010545s]
Building seed filter...  [0.70725s]
Searching alignments...  [2.34242s]
Processing query chunk 0, reference chunk 2, shape 4, index chunk 3.
Building reference index...  [22.5245s]
Building query index...  [0.008396s]
Building seed filter...  [0.699254s]
Searching alignments...  [2.30206s]
Processing query chunk 0, reference chunk 2, shape 5, index chunk 0.
Building reference index...  [22.8089s]
Building query index...  [0.008664s]
Building seed filter...  [0.721449s]
Searching alignments...  [2.32305s]
Processing query chunk 0, reference chunk 2, shape 5, index chunk 1.
Building reference index...  [26.0666s]
Building query index...  [0.009587s]
Building seed filter...  [0.685255s]
Searching alignments...  [2.31519s]
Processing query chunk 0, reference chunk 2, shape 5, index chunk 2.
Building reference index...  [26.9962s]
Building query index...  [0.010223s]
Building seed filter...  [0.70148s]
Searching alignments...  [2.3073s]
Processing query chunk 0, reference chunk 2, shape 5, index chunk 3.
Building reference index...  [22.5683s]
Building query index...  [0.008451s]
Building seed filter...  [0.708707s]
Searching alignments...  [2.35092s]
Processing query chunk 0, reference chunk 2, shape 6, index chunk 0.
Building reference index...  [22.6366s]
Building query index...  [0.008409s]
Building seed filter...  [0.694531s]
Searching alignments...  [2.24534s]
Processing query chunk 0, reference chunk 2, shape 6, index chunk 1.
Building reference index...  [25.8334s]
Building query index...  [0.009638s]
Building seed filter...  [0.697898s]
Searching alignments...  [2.22087s]
Processing query chunk 0, reference chunk 2, shape 6, index chunk 2.
Building reference index...  [26.7724s]
Building query index...  [0.009967s]
Building seed filter...  [0.696121s]
Searching alignments...  [2.18609s]
Processing query chunk 0, reference chunk 2, shape 6, index chunk 3.
Building reference index...  [22.4432s]
Building query index...  [0.008153s]
Building seed filter...  [0.70412s]
Searching alignments...  [2.17903s]
Processing query chunk 0, reference chunk 2, shape 7, index chunk 0.
Building reference index...  [22.6715s]
Building query index...  [0.008421s]
Building seed filter...  [0.703861s]
Searching alignments...  [2.26s]
Processing query chunk 0, reference chunk 2, shape 7, index chunk 1.
Building reference index...  [25.9192s]
Building query index...  [0.00954s]
Building seed filter...  [0.695829s]
Searching alignments...  [2.26211s]
Processing query chunk 0, reference chunk 2, shape 7, index chunk 2.
Building reference index...  [26.9627s]
Building query index...  [0.010708s]
Building seed filter...  [0.699003s]
Searching alignments...  [2.36558s]
Processing query chunk 0, reference chunk 2, shape 7, index chunk 3.
Building reference index...  [22.5225s]
Building query index...  [0.008424s]
Building seed filter...  [0.696489s]
Searching alignments...  [2.35499s]
Processing query chunk 0, reference chunk 2, shape 8, index chunk 0.
Building reference index...  [22.9704s]
Building query index...  [0.008671s]
Building seed filter...  [0.700214s]
Searching alignments...  [2.36036s]
Processing query chunk 0, reference chunk 2, shape 8, index chunk 1.
Building reference index...  [26.1148s]
Building query index...  [0.00993s]
Building seed filter...  [0.718695s]
Searching alignments...  [2.3943s]
Processing query chunk 0, reference chunk 2, shape 8, index chunk 2.
Building reference index...  [27.184s]
Building query index...  [0.010239s]
Building seed filter...  [0.714537s]
Searching alignments...  [2.36289s]
Processing query chunk 0, reference chunk 2, shape 8, index chunk 3.
Building reference index...  [22.778s]
Building query index...  [0.00839s]
Building seed filter...  [0.706498s]
Searching alignments...  [2.42952s]
Processing query chunk 0, reference chunk 2, shape 9, index chunk 0.
Building reference index...  [22.6048s]
Building query index...  [0.008239s]
Building seed filter...  [0.677353s]
Searching alignments...  [2.27203s]
Processing query chunk 0, reference chunk 2, shape 9, index chunk 1.
Building reference index...  [25.7751s]
Building query index...  [0.009709s]
Building seed filter...  [0.694217s]
Searching alignments...  [2.24045s]
Processing query chunk 0, reference chunk 2, shape 9, index chunk 2.
Building reference index...  [26.7437s]
Building query index...  [0.010066s]
Building seed filter...  [0.694151s]
Searching alignments...  [2.18573s]
Processing query chunk 0, reference chunk 2, shape 9, index chunk 3.
Building reference index...  [22.3174s]
Building query index...  [0.008214s]
Building seed filter...  [0.697803s]
Searching alignments...  [2.19192s]
Processing query chunk 0, reference chunk 2, shape 10, index chunk 0.
Building reference index...  [22.7499s]
Building query index...  [0.008397s]
Building seed filter...  [0.691936s]
Searching alignments...  [2.33565s]
Processing query chunk 0, reference chunk 2, shape 10, index chunk 1.
Building reference index...  [25.9821s]
Building query index...  [0.009911s]
Building seed filter...  [0.714397s]
Searching alignments...  [2.31286s]
Processing query chunk 0, reference chunk 2, shape 10, index chunk 2.
Building reference index...  [26.9651s]
Building query index...  [0.010117s]
Building seed filter...  [0.706062s]
Searching alignments...  [2.34079s]
Processing query chunk 0, reference chunk 2, shape 10, index chunk 3.
Building reference index...  [22.6024s]
Building query index...  [0.008219s]
Building seed filter...  [0.689358s]
Searching alignments...  [2.35415s]
Processing query chunk 0, reference chunk 2, shape 11, index chunk 0.
Building reference index...  [22.5757s]
Building query index...  [0.008283s]
Building seed filter...  [0.696459s]
Searching alignments...  [2.22847s]
Processing query chunk 0, reference chunk 2, shape 11, index chunk 1.
Building reference index...  [25.7147s]
Building query index...  [0.009329s]
Building seed filter...  [0.702994s]
Searching alignments...  [2.21273s]
Processing query chunk 0, reference chunk 2, shape 11, index chunk 2.
Building reference index...  [26.7575s]
Building query index...  [0.009974s]
Building seed filter...  [0.693204s]
Searching alignments...  [2.30177s]
Processing query chunk 0, reference chunk 2, shape 11, index chunk 3.
Building reference index...  [22.5154s]
Building query index...  [0.008181s]
Building seed filter...  [0.696882s]
Searching alignments...  [2.29519s]
Processing query chunk 0, reference chunk 2, shape 12, index chunk 0.
Building reference index...  [22.6956s]
Building query index...  [0.008249s]
Building seed filter...  [0.704918s]
Searching alignments...  [2.25896s]
Processing query chunk 0, reference chunk 2, shape 12, index chunk 1.
Building reference index...  [25.8704s]
Building query index...  [0.009548s]
Building seed filter...  [0.691308s]
Searching alignments...  [2.26944s]
Processing query chunk 0, reference chunk 2, shape 12, index chunk 2.
Building reference index...  [26.7678s]
Building query index...  [0.009975s]
Building seed filter...  [0.691092s]
Searching alignments...  [2.26341s]
Processing query chunk 0, reference chunk 2, shape 12, index chunk 3.
Building reference index...  [22.4006s]
Building query index...  [0.008379s]
Building seed filter...  [0.695419s]
Searching alignments...  [2.21284s]
Processing query chunk 0, reference chunk 2, shape 13, index chunk 0.
Building reference index...  [22.6661s]
Building query index...  [0.008308s]
Building seed filter...  [0.697087s]
Searching alignments...  [2.2577s]
Processing query chunk 0, reference chunk 2, shape 13, index chunk 1.
Building reference index...  [25.8224s]
Building query index...  [0.009699s]
Building seed filter...  [0.709186s]
Searching alignments...  [2.28119s]
Processing query chunk 0, reference chunk 2, shape 13, index chunk 2.
Building reference index...  [26.879s]
Building query index...  [0.009929s]
Building seed filter...  [0.686728s]
Searching alignments...  [2.26885s]
Processing query chunk 0, reference chunk 2, shape 13, index chunk 3.
Building reference index...  [22.4284s]
Building query index...  [0.008168s]
Building seed filter...  [0.699975s]
Searching alignments...  [2.25897s]
Processing query chunk 0, reference chunk 2, shape 14, index chunk 0.
Building reference index...  [22.78s]
Building query index...  [0.008449s]
Building seed filter...  [0.703903s]
Searching alignments...  [2.45333s]
Processing query chunk 0, reference chunk 2, shape 14, index chunk 1.
Building reference index...  [25.9821s]
Building query index...  [0.009676s]
Building seed filter...  [0.703458s]
Searching alignments...  [2.29331s]
Processing query chunk 0, reference chunk 2, shape 14, index chunk 2.
Building reference index...  [26.9472s]
Building query index...  [0.009982s]
Building seed filter...  [0.70583s]
Searching alignments...  [2.35149s]
Processing query chunk 0, reference chunk 2, shape 14, index chunk 3.
Building reference index...  [22.5663s]
Building query index...  [0.008439s]
Building seed filter...  [0.720377s]
Searching alignments...  [2.39089s]
Processing query chunk 0, reference chunk 2, shape 15, index chunk 0.
Building reference index...  [22.6247s]
Building query index...  [0.008279s]
Building seed filter...  [0.694615s]
Searching alignments...  [2.28357s]
Processing query chunk 0, reference chunk 2, shape 15, index chunk 1.
Building reference index...  [25.8103s]
Building query index...  [0.009535s]
Building seed filter...  [0.689629s]
Searching alignments...  [2.23789s]
Processing query chunk 0, reference chunk 2, shape 15, index chunk 2.
Building reference index...  [26.7851s]
Building query index...  [0.009913s]
Building seed filter...  [0.713956s]
Searching alignments...  [2.19373s]
Processing query chunk 0, reference chunk 2, shape 15, index chunk 3.
Building reference index...  [22.3656s]
Building query index...  [0.008295s]
Building seed filter...  [0.700367s]
Searching alignments...  [2.24183s]
Deallocating buffers...  [0.010726s]
Opening temporary output file...  [0.001618s]
Computing alignments...  [6.62713s]
Deallocating reference...  [0.006376s]
Loading reference sequences...  [2.58702s]
Building reference histograms...  [111.162s]
Allocating buffers...  [6.5e-05s]
Initializing temporary storage...  [0.004544s]
Processing query chunk 0, reference chunk 3, shape 0, index chunk 0.
Building reference index...  [23.2036s]
Building query index...  [0.00873s]
Building seed filter...  [0.706917s]
Searching alignments...  [2.85736s]
Processing query chunk 0, reference chunk 3, shape 0, index chunk 1.
Building reference index...  [26.2192s]
Building query index...  [0.009733s]
Building seed filter...  [0.705568s]
Searching alignments...  [2.6157s]
Processing query chunk 0, reference chunk 3, shape 0, index chunk 2.
Building reference index...  [27.124s]
Building query index...  [0.010333s]
Building seed filter...  [0.71231s]
Searching alignments...  [2.64086s]
Processing query chunk 0, reference chunk 3, shape 0, index chunk 3.
Building reference index...  [22.765s]
Building query index...  [0.008128s]
Building seed filter...  [0.724897s]
Searching alignments...  [2.56034s]
Processing query chunk 0, reference chunk 3, shape 1, index chunk 0.
Building reference index...  [22.5246s]
Building query index...  [0.008142s]
Building seed filter...  [0.69757s]
Searching alignments...  [2.30983s]
Processing query chunk 0, reference chunk 3, shape 1, index chunk 1.
Building reference index...  [25.7078s]
Building query index...  [0.0093s]
Building seed filter...  [0.689792s]
Searching alignments...  [2.30978s]
Processing query chunk 0, reference chunk 3, shape 1, index chunk 2.
Building reference index...  [26.7s]
Building query index...  [0.009995s]
Building seed filter...  [0.697679s]
Searching alignments...  [2.23007s]
Processing query chunk 0, reference chunk 3, shape 1, index chunk 3.
Building reference index...  [22.3371s]
Building query index...  [0.008642s]
Building seed filter...  [0.676656s]
Searching alignments...  [2.27967s]
Processing query chunk 0, reference chunk 3, shape 2, index chunk 0.
Building reference index...  [22.8322s]
Building query index...  [0.008102s]
Building seed filter...  [0.697503s]
Searching alignments...  [2.50129s]
Processing query chunk 0, reference chunk 3, shape 2, index chunk 1.
Building reference index...  [26.0828s]
Building query index...  [0.010072s]
Building seed filter...  [0.684245s]
Searching alignments...  [2.48259s]
Processing query chunk 0, reference chunk 3, shape 2, index chunk 2.
Building reference index...  [27.0549s]
Building query index...  [0.010121s]
Building seed filter...  [0.70156s]
Searching alignments...  [2.4372s]
Processing query chunk 0, reference chunk 3, shape 2, index chunk 3.
Building reference index...  [22.5712s]
Building query index...  [0.008437s]
Building seed filter...  [0.669702s]
Searching alignments...  [2.4152s]
Processing query chunk 0, reference chunk 3, shape 3, index chunk 0.
Building reference index...  [22.7303s]
Building query index...  [0.008546s]
Building seed filter...  [0.672225s]
Searching alignments...  [2.41171s]
Processing query chunk 0, reference chunk 3, shape 3, index chunk 1.
Building reference index...  [25.9557s]
Building query index...  [0.010123s]
Building seed filter...  [0.678549s]
Searching alignments...  [2.38075s]
Processing query chunk 0, reference chunk 3, shape 3, index chunk 2.
Building reference index...  [26.9986s]
Building query index...  [0.010112s]
Building seed filter...  [0.703856s]
Searching alignments...  [2.41837s]
Processing query chunk 0, reference chunk 3, shape 3, index chunk 3.
Building reference index...  [22.5136s]
Building query index...  [0.00847s]
Building seed filter...  [0.71035s]
Searching alignments...  [2.38323s]
Processing query chunk 0, reference chunk 3, shape 4, index chunk 0.
Building reference index...  [22.56s]
Building query index...  [0.008514s]
Building seed filter...  [0.683414s]
Searching alignments...  [2.39712s]
Processing query chunk 0, reference chunk 3, shape 4, index chunk 1.
Building reference index...  [25.7442s]
Building query index...  [0.009591s]
Building seed filter...  [0.709517s]
Searching alignments...  [2.38259s]
Processing query chunk 0, reference chunk 3, shape 4, index chunk 2.
Building reference index...  [26.7549s]
Building query index...  [0.00977s]
Building seed filter...  [0.691264s]
Searching alignments...  [2.38226s]
Processing query chunk 0, reference chunk 3, shape 4, index chunk 3.
Building reference index...  [22.4141s]
Building query index...  [0.008387s]
Building seed filter...  [0.695709s]
Searching alignments...  [2.37685s]
Processing query chunk 0, reference chunk 3, shape 5, index chunk 0.
Building reference index...  [22.6333s]
Building query index...  [0.008491s]
Building seed filter...  [0.68125s]
Searching alignments...  [2.43182s]
Processing query chunk 0, reference chunk 3, shape 5, index chunk 1.
Building reference index...  [25.813s]
Building query index...  [0.009518s]
Building seed filter...  [0.702384s]
Searching alignments...  [2.38773s]
Processing query chunk 0, reference chunk 3, shape 5, index chunk 2.
Building reference index...  [26.9196s]
Building query index...  [0.010308s]
Building seed filter...  [0.713161s]
Searching alignments...  [2.34754s]
Processing query chunk 0, reference chunk 3, shape 5, index chunk 3.
Building reference index...  [22.4104s]
Building query index...  [0.008448s]
Building seed filter...  [0.697101s]
Searching alignments...  [2.43503s]
Processing query chunk 0, reference chunk 3, shape 6, index chunk 0.
Building reference index...  [22.5815s]
Building query index...  [0.008391s]
Building seed filter...  [0.680857s]
Searching alignments...  [2.35489s]
Processing query chunk 0, reference chunk 3, shape 6, index chunk 1.
Building reference index...  [25.8002s]
Building query index...  [0.009674s]
Building seed filter...  [0.698087s]
Searching alignments...  [2.28565s]
Processing query chunk 0, reference chunk 3, shape 6, index chunk 2.
Building reference index...  [26.6756s]
Building query index...  [0.009892s]
Building seed filter...  [0.700178s]
Searching alignments...  [2.29733s]
Processing query chunk 0, reference chunk 3, shape 6, index chunk 3.
Building reference index...  [22.3579s]
Building query index...  [0.00814s]
Building seed filter...  [0.706766s]
Searching alignments...  [2.35041s]
Processing query chunk 0, reference chunk 3, shape 7, index chunk 0.
Building reference index...  [22.6464s]
Building query index...  [0.008328s]
Building seed filter...  [0.690321s]
Searching alignments...  [2.3413s]
Processing query chunk 0, reference chunk 3, shape 7, index chunk 1.
Building reference index...  [25.7685s]
Building query index...  [0.009855s]
Building seed filter...  [0.666126s]
Searching alignments...  [2.34758s]
Processing query chunk 0, reference chunk 3, shape 7, index chunk 2.
Building reference index...  [26.8337s]
Building query index...  [0.009903s]
Building seed filter...  [0.694281s]
Searching alignments...  [2.36414s]
Processing query chunk 0, reference chunk 3, shape 7, index chunk 3.
Building reference index...  [22.3472s]
Building query index...  [0.008362s]
Building seed filter...  [0.679624s]
Searching alignments...  [2.3958s]
Processing query chunk 0, reference chunk 3, shape 8, index chunk 0.
Building reference index...  [22.7425s]
Building query index...  [0.008372s]
Building seed filter...  [0.717699s]
Searching alignments...  [2.39024s]
Processing query chunk 0, reference chunk 3, shape 8, index chunk 1.
Building reference index...  [25.9961s]
Building query index...  [0.00977s]
Building seed filter...  [0.708257s]
Searching alignments...  [2.4181s]
Processing query chunk 0, reference chunk 3, shape 8, index chunk 2.
Building reference index...  [27.0087s]
Building query index...  [0.010315s]
Building seed filter...  [0.713316s]
Searching alignments...  [3.02958s]
Processing query chunk 0, reference chunk 3, shape 8, index chunk 3.
Building reference index...  [22.6155s]
Building query index...  [0.00862s]
Building seed filter...  [0.707663s]
Searching alignments...  [2.40978s]
Processing query chunk 0, reference chunk 3, shape 9, index chunk 0.
Building reference index...  [22.4505s]
Building query index...  [0.00828s]
Building seed filter...  [0.692683s]
Searching alignments...  [2.27514s]
Processing query chunk 0, reference chunk 3, shape 9, index chunk 1.
Building reference index...  [25.5889s]
Building query index...  [0.009592s]
Building seed filter...  [0.69754s]
Searching alignments...  [2.26555s]
Processing query chunk 0, reference chunk 3, shape 9, index chunk 2.
Building reference index...  [26.6215s]
Building query index...  [0.010079s]
Building seed filter...  [0.68518s]
Searching alignments...  [2.30193s]
Processing query chunk 0, reference chunk 3, shape 9, index chunk 3.
Building reference index...  [22.2822s]
Building query index...  [0.008094s]
Building seed filter...  [0.699433s]
Searching alignments...  [2.32384s]
Processing query chunk 0, reference chunk 3, shape 10, index chunk 0.
Building reference index...  [22.6206s]
Building query index...  [0.008419s]
Building seed filter...  [0.694736s]
Searching alignments...  [2.45744s]
Processing query chunk 0, reference chunk 3, shape 10, index chunk 1.
Building reference index...  [25.8717s]
Building query index...  [0.0096s]
Building seed filter...  [0.708073s]
Searching alignments...  [2.40856s]
Processing query chunk 0, reference chunk 3, shape 10, index chunk 2.
Building reference index...  [26.8555s]
Building query index...  [0.010003s]
Building seed filter...  [0.699491s]
Searching alignments...  [2.41736s]
Processing query chunk 0, reference chunk 3, shape 10, index chunk 3.
Building reference index...  [22.5329s]
Building query index...  [0.008237s]
Building seed filter...  [0.708443s]
Searching alignments...  [2.46842s]
Processing query chunk 0, reference chunk 3, shape 11, index chunk 0.
Building reference index...  [22.4118s]
Building query index...  [0.00837s]
Building seed filter...  [0.685972s]
Searching alignments...  [2.29352s]
Processing query chunk 0, reference chunk 3, shape 11, index chunk 1.
Building reference index...  [25.579s]
Building query index...  [0.009687s]
Building seed filter...  [0.678714s]
Searching alignments...  [2.2858s]
Processing query chunk 0, reference chunk 3, shape 11, index chunk 2.
Building reference index...  [26.5956s]
Building query index...  [0.009928s]
Building seed filter...  [0.700824s]
Searching alignments...  [2.27624s]
Processing query chunk 0, reference chunk 3, shape 11, index chunk 3.
Building reference index...  [22.2281s]
Building query index...  [0.008627s]
Building seed filter...  [0.687154s]
Searching alignments...  [2.33203s]
Processing query chunk 0, reference chunk 3, shape 12, index chunk 0.
Building reference index...  [22.3872s]
Building query index...  [0.008606s]
Building seed filter...  [0.680792s]
Searching alignments...  [2.31994s]
Processing query chunk 0, reference chunk 3, shape 12, index chunk 1.
Building reference index...  [25.6289s]
Building query index...  [0.009907s]
Building seed filter...  [0.707484s]
Searching alignments...  [2.2619s]
Processing query chunk 0, reference chunk 3, shape 12, index chunk 2.
Building reference index...  [26.5853s]
Building query index...  [0.010001s]
Building seed filter...  [0.703754s]
Searching alignments...  [2.30941s]
Processing query chunk 0, reference chunk 3, shape 12, index chunk 3.
Building reference index...  [22.2779s]
Building query index...  [0.008431s]
Building seed filter...  [0.689856s]
Searching alignments...  [2.2763s]
Processing query chunk 0, reference chunk 3, shape 13, index chunk 0.
Building reference index...  [22.5325s]
Building query index...  [0.008365s]
Building seed filter...  [0.694091s]
Searching alignments...  [2.35152s]
Processing query chunk 0, reference chunk 3, shape 13, index chunk 1.
Building reference index...  [25.7116s]
Building query index...  [0.009726s]
Building seed filter...  [0.695691s]
Searching alignments...  [2.3212s]
Processing query chunk 0, reference chunk 3, shape 13, index chunk 2.
Building reference index...  [26.701s]
Building query index...  [0.009797s]
Building seed filter...  [0.686303s]
Searching alignments...  [2.39423s]
Processing query chunk 0, reference chunk 3, shape 13, index chunk 3.
Building reference index...  [22.3619s]
Building query index...  [0.008083s]
Building seed filter...  [0.673701s]
Searching alignments...  [2.34037s]
Processing query chunk 0, reference chunk 3, shape 14, index chunk 0.
Building reference index...  [22.6261s]
Building query index...  [0.008373s]
Building seed filter...  [0.689242s]
Searching alignments...  [2.44137s]
Processing query chunk 0, reference chunk 3, shape 14, index chunk 1.
Building reference index...  [25.7982s]
Building query index...  [0.009852s]
Building seed filter...  [0.696557s]
Searching alignments...  [2.3227s]
Processing query chunk 0, reference chunk 3, shape 14, index chunk 2.
Building reference index...  [26.7564s]
Building query index...  [0.00977s]
Building seed filter...  [0.705876s]
Searching alignments...  [2.37106s]
Processing query chunk 0, reference chunk 3, shape 14, index chunk 3.
Building reference index...  [22.3564s]
Building query index...  [0.008364s]
Building seed filter...  [0.680885s]
Searching alignments...  [2.38408s]
Processing query chunk 0, reference chunk 3, shape 15, index chunk 0.
Building reference index...  [22.4581s]
Building query index...  [0.008372s]
Building seed filter...  [0.673119s]
Searching alignments...  [2.32487s]
Processing query chunk 0, reference chunk 3, shape 15, index chunk 1.
Building reference index...  [25.6116s]
Building query index...  [0.009344s]
Building seed filter...  [0.694548s]
Searching alignments...  [2.31036s]
Processing query chunk 0, reference chunk 3, shape 15, index chunk 2.
Building reference index...  [26.6334s]
Building query index...  [0.01s]
Building seed filter...  [0.698117s]
Searching alignments...  [2.20912s]
Processing query chunk 0, reference chunk 3, shape 15, index chunk 3.
Building reference index...  [22.2923s]
Building query index...  [0.008021s]
Building seed filter...  [0.662125s]
Searching alignments...  [2.31092s]
Deallocating buffers...  [0.011022s]
Opening temporary output file...  [0.002873s]
Computing alignments...  [8.90333s]
Deallocating reference...  [0.0063s]
Loading reference sequences...  [0.536363s]
Building reference histograms...  [21.905s]
Allocating buffers...  [7.9e-05s]
Initializing temporary storage...  [0.005851s]
Processing query chunk 0, reference chunk 4, shape 0, index chunk 0.
Building reference index...  [4.61638s]
Building query index...  [0.008868s]
Building seed filter...  [0.188528s]
Searching alignments...  [0.514377s]
Processing query chunk 0, reference chunk 4, shape 0, index chunk 1.
Building reference index...  [5.23695s]
Building query index...  [0.00981s]
Building seed filter...  [0.18229s]
Searching alignments...  [0.488891s]
Processing query chunk 0, reference chunk 4, shape 0, index chunk 2.
Building reference index...  [5.45945s]
Building query index...  [0.010343s]
Building seed filter...  [0.185312s]
Searching alignments...  [0.482986s]
Processing query chunk 0, reference chunk 4, shape 0, index chunk 3.
Building reference index...  [4.53757s]
Building query index...  [0.00854s]
Building seed filter...  [0.185202s]
Searching alignments...  [0.484364s]
Processing query chunk 0, reference chunk 4, shape 1, index chunk 0.
Building reference index...  [4.49989s]
Building query index...  [0.008428s]
Building seed filter...  [0.178439s]
Searching alignments...  [0.445583s]
Processing query chunk 0, reference chunk 4, shape 1, index chunk 1.
Building reference index...  [5.16637s]
Building query index...  [0.009548s]
Building seed filter...  [0.177939s]
Searching alignments...  [0.461717s]
Processing query chunk 0, reference chunk 4, shape 1, index chunk 2.
Building reference index...  [5.3651s]
Building query index...  [0.009833s]
Building seed filter...  [0.175264s]
Searching alignments...  [0.437901s]
Processing query chunk 0, reference chunk 4, shape 1, index chunk 3.
Building reference index...  [4.47771s]
Building query index...  [0.008264s]
Building seed filter...  [0.187463s]
Searching alignments...  [0.449783s]
Processing query chunk 0, reference chunk 4, shape 2, index chunk 0.
Building reference index...  [4.56286s]
Building query index...  [0.00852s]
Building seed filter...  [0.177896s]
Searching alignments...  [0.46993s]
Processing query chunk 0, reference chunk 4, shape 2, index chunk 1.
Building reference index...  [5.24228s]
Building query index...  [0.009559s]
Building seed filter...  [0.186252s]
Searching alignments...  [0.475353s]
Processing query chunk 0, reference chunk 4, shape 2, index chunk 2.
Building reference index...  [5.41723s]
Building query index...  [0.010228s]
Building seed filter...  [0.190189s]
Searching alignments...  [0.482282s]
Processing query chunk 0, reference chunk 4, shape 2, index chunk 3.
Building reference index...  [4.51779s]
Building query index...  [0.008375s]
Building seed filter...  [0.186099s]
Searching alignments...  [0.458006s]
Processing query chunk 0, reference chunk 4, shape 3, index chunk 0.
Building reference index...  [4.55732s]
Building query index...  [0.008825s]
Building seed filter...  [0.181846s]
Searching alignments...  [0.454422s]
Processing query chunk 0, reference chunk 4, shape 3, index chunk 1.
Building reference index...  [5.20599s]
Building query index...  [0.009635s]
Building seed filter...  [0.182923s]
Searching alignments...  [0.453312s]
Processing query chunk 0, reference chunk 4, shape 3, index chunk 2.
Building reference index...  [5.41895s]
Building query index...  [0.009995s]
Building seed filter...  [0.187658s]
Searching alignments...  [0.460459s]
Processing query chunk 0, reference chunk 4, shape 3, index chunk 3.
Building reference index...  [4.4928s]
Building query index...  [0.008389s]
Building seed filter...  [0.183637s]
Searching alignments...  [0.456061s]
Processing query chunk 0, reference chunk 4, shape 4, index chunk 0.
Building reference index...  [4.51306s]
Building query index...  [0.008343s]
Building seed filter...  [0.18336s]
Searching alignments...  [0.458256s]
Processing query chunk 0, reference chunk 4, shape 4, index chunk 1.
Building reference index...  [5.19496s]
Building query index...  [0.009847s]
Building seed filter...  [0.173071s]
Searching alignments...  [0.457112s]
Processing query chunk 0, reference chunk 4, shape 4, index chunk 2.
Building reference index...  [5.39554s]
Building query index...  [0.01025s]
Building seed filter...  [0.174545s]
Searching alignments...  [0.455883s]
Processing query chunk 0, reference chunk 4, shape 4, index chunk 3.
Building reference index...  [4.48379s]
Building query index...  [0.00821s]
Building seed filter...  [0.168472s]
Searching alignments...  [0.454736s]
Processing query chunk 0, reference chunk 4, shape 5, index chunk 0.
Building reference index...  [4.53172s]
Building query index...  [0.008111s]
Building seed filter...  [0.165338s]
Searching alignments...  [0.454153s]
Processing query chunk 0, reference chunk 4, shape 5, index chunk 1.
Building reference index...  [5.20071s]
Building query index...  [0.009878s]
Building seed filter...  [0.183714s]
Searching alignments...  [0.453626s]
Processing query chunk 0, reference chunk 4, shape 5, index chunk 2.
Building reference index...  [5.39493s]
Building query index...  [0.010264s]
Building seed filter...  [0.181496s]
Searching alignments...  [0.450346s]
Processing query chunk 0, reference chunk 4, shape 5, index chunk 3.
Building reference index...  [4.51056s]
Building query index...  [0.008459s]
Building seed filter...  [0.185383s]
Searching alignments...  [0.453111s]
Processing query chunk 0, reference chunk 4, shape 6, index chunk 0.
Building reference index...  [4.48834s]
Building query index...  [0.008278s]
Building seed filter...  [0.184852s]
Searching alignments...  [0.441285s]
Processing query chunk 0, reference chunk 4, shape 6, index chunk 1.
Building reference index...  [5.16831s]
Building query index...  [0.00967s]
Building seed filter...  [0.17956s]
Searching alignments...  [0.419697s]
Processing query chunk 0, reference chunk 4, shape 6, index chunk 2.
Building reference index...  [5.35464s]
Building query index...  [0.010041s]
Building seed filter...  [0.183315s]
Searching alignments...  [0.422184s]
Processing query chunk 0, reference chunk 4, shape 6, index chunk 3.
Building reference index...  [4.47487s]
Building query index...  [0.008329s]
Building seed filter...  [0.181051s]
Searching alignments...  [0.426938s]
Processing query chunk 0, reference chunk 4, shape 7, index chunk 0.
Building reference index...  [4.49754s]
Building query index...  [0.008131s]
Building seed filter...  [0.16811s]
Searching alignments...  [0.435512s]
Processing query chunk 0, reference chunk 4, shape 7, index chunk 1.
Building reference index...  [5.17631s]
Building query index...  [0.009405s]
Building seed filter...  [0.188855s]
Searching alignments...  [0.440985s]
Processing query chunk 0, reference chunk 4, shape 7, index chunk 2.
Building reference index...  [5.3832s]
Building query index...  [0.010302s]
Building seed filter...  [0.175154s]
Searching alignments...  [0.430246s]
Processing query chunk 0, reference chunk 4, shape 7, index chunk 3.
Building reference index...  [4.48944s]
Building query index...  [0.008433s]
Building seed filter...  [0.180946s]
Searching alignments...  [0.442118s]
Processing query chunk 0, reference chunk 4, shape 8, index chunk 0.
Building reference index...  [4.55494s]
Building query index...  [0.008147s]
Building seed filter...  [0.179851s]
Searching alignments...  [0.443144s]
Processing query chunk 0, reference chunk 4, shape 8, index chunk 1.
Building reference index...  [5.22439s]
Building query index...  [0.009651s]
Building seed filter...  [0.186713s]
Searching alignments...  [0.447621s]
Processing query chunk 0, reference chunk 4, shape 8, index chunk 2.
Building reference index...  [5.41371s]
Building query index...  [0.00974s]
Building seed filter...  [0.182848s]
Searching alignments...  [0.453933s]
Processing query chunk 0, reference chunk 4, shape 8, index chunk 3.
Building reference index...  [4.50584s]
Building query index...  [0.008449s]
Building seed filter...  [0.186904s]
Searching alignments...  [0.462091s]
Processing query chunk 0, reference chunk 4, shape 9, index chunk 0.
Building reference index...  [4.49469s]
Building query index...  [0.008447s]
Building seed filter...  [0.183119s]
Searching alignments...  [0.429255s]
Processing query chunk 0, reference chunk 4, shape 9, index chunk 1.
Building reference index...  [5.1305s]
Building query index...  [0.009547s]
Building seed filter...  [0.189965s]
Searching alignments...  [0.432417s]
Processing query chunk 0, reference chunk 4, shape 9, index chunk 2.
Building reference index...  [5.33431s]
Building query index...  [0.009907s]
Building seed filter...  [0.179308s]
Searching alignments...  [0.425919s]
Processing query chunk 0, reference chunk 4, shape 9, index chunk 3.
Building reference index...  [4.4545s]
Building query index...  [0.008381s]
Building seed filter...  [0.186614s]
Searching alignments...  [0.429962s]
Processing query chunk 0, reference chunk 4, shape 10, index chunk 0.
Building reference index...  [4.52298s]
Building query index...  [0.008418s]
Building seed filter...  [0.179639s]
Searching alignments...  [0.445809s]
Processing query chunk 0, reference chunk 4, shape 10, index chunk 1.
Building reference index...  [5.18562s]
Building query index...  [0.009591s]
Building seed filter...  [0.184742s]
Searching alignments...  [0.44458s]
Processing query chunk 0, reference chunk 4, shape 10, index chunk 2.
Building reference index...  [5.3874s]
Building query index...  [0.009945s]
Building seed filter...  [0.182894s]
Searching alignments...  [0.449253s]
Processing query chunk 0, reference chunk 4, shape 10, index chunk 3.
Building reference index...  [4.49547s]
Building query index...  [0.008303s]
Building seed filter...  [0.188s]
Searching alignments...  [0.456272s]
Processing query chunk 0, reference chunk 4, shape 11, index chunk 0.
Building reference index...  [4.4828s]
Building query index...  [0.008381s]
Building seed filter...  [0.179544s]
Searching alignments...  [0.427456s]
Processing query chunk 0, reference chunk 4, shape 11, index chunk 1.
Building reference index...  [5.14703s]
Building query index...  [0.009373s]
Building seed filter...  [0.181006s]
Searching alignments...  [0.431288s]
Processing query chunk 0, reference chunk 4, shape 11, index chunk 2.
Building reference index...  [5.33796s]
Building query index...  [0.010002s]
Building seed filter...  [0.18422s]
Searching alignments...  [0.428718s]
Processing query chunk 0, reference chunk 4, shape 11, index chunk 3.
Building reference index...  [4.45174s]
Building query index...  [0.008022s]
Building seed filter...  [0.18269s]
Searching alignments...  [0.434098s]
Processing query chunk 0, reference chunk 4, shape 12, index chunk 0.
Building reference index...  [4.47988s]
Building query index...  [0.008337s]
Building seed filter...  [0.180247s]
Searching alignments...  [0.434414s]
Processing query chunk 0, reference chunk 4, shape 12, index chunk 1.
Building reference index...  [5.15691s]
Building query index...  [0.009594s]
Building seed filter...  [0.175481s]
Searching alignments...  [0.433445s]
Processing query chunk 0, reference chunk 4, shape 12, index chunk 2.
Building reference index...  [5.36717s]
Building query index...  [0.009716s]
Building seed filter...  [0.177841s]
Searching alignments...  [0.430961s]
Processing query chunk 0, reference chunk 4, shape 12, index chunk 3.
Building reference index...  [4.45867s]
Building query index...  [0.008241s]
Building seed filter...  [0.178508s]
Searching alignments...  [0.427724s]
Processing query chunk 0, reference chunk 4, shape 13, index chunk 0.
Building reference index...  [4.50172s]
Building query index...  [0.008366s]
Building seed filter...  [0.181918s]
Searching alignments...  [0.438253s]
Processing query chunk 0, reference chunk 4, shape 13, index chunk 1.
Building reference index...  [5.15032s]
Building query index...  [0.009461s]
Building seed filter...  [0.177682s]
Searching alignments...  [0.435465s]
Processing query chunk 0, reference chunk 4, shape 13, index chunk 2.
Building reference index...  [5.37101s]
Building query index...  [0.00962s]
Building seed filter...  [0.186208s]
Searching alignments...  [0.432497s]
Processing query chunk 0, reference chunk 4, shape 13, index chunk 3.
Building reference index...  [4.48714s]
Building query index...  [0.008418s]
Building seed filter...  [0.178956s]
Searching alignments...  [0.434611s]
Processing query chunk 0, reference chunk 4, shape 14, index chunk 0.
Building reference index...  [4.52224s]
Building query index...  [0.008482s]
Building seed filter...  [0.181287s]
Searching alignments...  [0.442616s]
Processing query chunk 0, reference chunk 4, shape 14, index chunk 1.
Building reference index...  [5.17239s]
Building query index...  [0.00944s]
Building seed filter...  [0.178951s]
Searching alignments...  [0.431719s]
Processing query chunk 0, reference chunk 4, shape 14, index chunk 2.
Building reference index...  [5.38388s]
Building query index...  [0.009612s]
Building seed filter...  [0.172752s]
Searching alignments...  [0.453771s]
Processing query chunk 0, reference chunk 4, shape 14, index chunk 3.
Building reference index...  [4.48739s]
Building query index...  [0.00834s]
Building seed filter...  [0.18773s]
Searching alignments...  [0.452856s]
Processing query chunk 0, reference chunk 4, shape 15, index chunk 0.
Building reference index...  [4.47552s]
Building query index...  [0.008296s]
Building seed filter...  [0.181412s]
Searching alignments...  [0.441652s]
Processing query chunk 0, reference chunk 4, shape 15, index chunk 1.
Building reference index...  [5.15454s]
Building query index...  [0.009515s]
Building seed filter...  [0.185006s]
Searching alignments...  [0.436457s]
Processing query chunk 0, reference chunk 4, shape 15, index chunk 2.
Building reference index...  [5.34883s]
Building query index...  [0.009664s]
Building seed filter...  [0.176819s]
Searching alignments...  [0.44087s]
Processing query chunk 0, reference chunk 4, shape 15, index chunk 3.
Building reference index...  [4.45446s]
Building query index...  [0.008188s]
Building seed filter...  [0.177256s]
Searching alignments...  [0.438807s]
Deallocating buffers...  [0.002508s]
Opening temporary output file...  [0.002871s]
Computing alignments...  [1.37379s]
Deallocating reference...  [0.002775s]
Loading reference sequences...  [3e-05s]
Deallocating buffers...  [0.000199s]
Joining output blocks...  [0.024732s]
Deallocating queries...  [0.004931s]
Loading query sequences...  [1.7e-05s]
Closing the input file...  [2.1e-05s]
Closing the output file...  [0.000141s]
Closing the database file...  [1e-05s]
Deallocating taxonomy...  [4e-06s]
Total time = 8010.84s
Reported 4086 pairwise alignments, 4088 HSPs.
2222 queries aligned.
/vortexfs1/home/ngermolus/eggnog-mapper/bin/diamond /vortexfs1/home/ngermolus/eggnog-mapper
#  emapper-2.0.1
# ./emapper.py  -i /vortexfs1/omics/env-bio/collaboration/genome-streamlining/data/Proteins/AAA164-L15_proteins.faa --output /vortexfs1/omics/env-bio/collaboration/genome-streamlining/data/eggNOGged/AAA164-L15_proteins_maNOG.txt -m diamond
[1;33m  /vortexfs1/home/ngermolus/eggnog-mapper/bin/diamond blastp -d /vortexfs1/home/ngermolus/eggnog-mapper/data/eggnog_proteins.dmnd -q /vortexfs1/omics/env-bio/collaboration/genome-streamlining/data/Proteins/AAA164-L15_proteins.faa --more-sensitive --threads 2 -e 0.001000 -o /vortexfs1/omics/env-bio/collaboration/genome-streamlining/Genome-Streamline/scripts/emappertmp_dmdn_euOxKz/70ae0c351c88472cbf938ac153530dc4 --top 3 --query-cover 0 --subject-cover 0[0m
[32mFunctional annotation of refined hits starts now[0m
500 46.076980114 10.85 q/s (func. annotation)
1000 76.9594929218 12.99 q/s (func. annotation)
1500 101.720125914 14.75 q/s (func. annotation)
2000 122.957247972 16.27 q/s (func. annotation)
[1;34m Processed queries:2126 total_time:126.957231045 rate:16.75 q/s[0m
[32mDone[0m
   /vortexfs1/omics/env-bio/collaboration/genome-streamlining/data/eggNOGged/AAA164-L15_proteins_maNOG.txt.emapper.seed_orthologs
   /vortexfs1/omics/env-bio/collaboration/genome-streamlining/data/eggNOGged/AAA164-L15_proteins_maNOG.txt.emapper.annotations
Total time: 8137.85 secs

================================================================================
CITATION:
If you use this software, please cite:

[1] Fast genome-wide functional annotation through orthology assignment by
      eggNOG-mapper. Jaime Huerta-Cepas, Kristoffer Forslund, Luis Pedro Coelho,
      Damian Szklarczyk, Lars Juhl Jensen, Christian von Mering and Peer Bork.
      Mol Biol Evol (2017). doi: https://doi.org/10.1093/molbev/msx148

[2] eggNOG 5.0: a hierarchical, functionally and phylogenetically annotated
      orthology resource based on 5090 organisms and 2502 viruses. Jaime
      Huerta-Cepas, Damian Szklarczyk, Davide Heller, Ana Hernandez-Plaza,
      Sofia K Forslund, Helen Cook, Daniel R Mende, Ivica Letunic, Thomas
      Rattei, Lars J Jensen, Christian von Mering and Peer Bork. Nucleic Acids
      Research, Volume 47, Issue D1, 8 January 2019, Pages D309-D314,
      https://doi.org/10.1093/nar/gky1085 
[3] Fast and Sensitive Protein Alignment using DIAMOND. Buchfink B, Xie C,
       Huson DH. 2015. Nat. Methods [Internet] 12.


(e.g. Functional annotation was performed using emapper-2.0.1 [1]
 based on eggNOG orthology data [2]. Sequence searches were performed
 using [3].)

================================================================================

