Query name: /vortexfs1/omics/env-bio/collaboration/genome-streamlining/data/Proteins/AAA298-K06_proteins.faa
 Outfile: /vortexfs1/omics/env-bio/collaboration/genome-streamlining/data/eggNOGged/AAA298-K06_proteins_maNOG.txt

diamond v0.9.24.125 | by Benjamin Buchfink <buchfink@gmail.com>
Licensed under the GNU GPL <https://www.gnu.org/licenses/gpl.txt>
Check http://github.com/bbuchfink/diamond for updates.

#CPU threads: 2
Scoring parameters: (Matrix=BLOSUM62 Lambda=0.267 K=0.041 Penalties=11/1)
Temporary directory: /vortexfs1/omics/env-bio/collaboration/genome-streamlining/Genome-Streamline/scripts/emappertmp_dmdn_5Tf5Wa
Opening the database...  [5.4e-05s]
Percentage range of top alignment score to report hits: 3
Opening the input file...  [0.023934s]
Opening the output file...  [0.000164s]
Loading query sequences...  [0.00279s]
Masking queries...  [0.062504s]
Building query seed set...  [0.000297s]
Algorithm: Double-indexed
Building query histograms...  [0.028345s]
Allocating buffers...  [5.5e-05s]
Loading reference sequences...  [2.61637s]
Building reference histograms...  [119.387s]
Allocating buffers...  [6.8e-05s]
Initializing temporary storage...  [0.008546s]
Processing query chunk 0, reference chunk 0, shape 0, index chunk 0.
Building reference index...  [23.6081s]
Building query index...  [0.006322s]
Building seed filter...  [0.710676s]
Searching alignments...  [3.28294s]
Processing query chunk 0, reference chunk 0, shape 0, index chunk 1.
Building reference index...  [26.7301s]
Building query index...  [0.00697s]
Building seed filter...  [0.71055s]
Searching alignments...  [3.04243s]
Processing query chunk 0, reference chunk 0, shape 0, index chunk 2.
Building reference index...  [27.7496s]
Building query index...  [0.007222s]
Building seed filter...  [0.718482s]
Searching alignments...  [2.89728s]
Processing query chunk 0, reference chunk 0, shape 0, index chunk 3.
Building reference index...  [23.262s]
Building query index...  [0.006281s]
Building seed filter...  [0.700546s]
Searching alignments...  [2.84927s]
Processing query chunk 0, reference chunk 0, shape 1, index chunk 0.
Building reference index...  [23.0805s]
Building query index...  [0.006123s]
Building seed filter...  [0.695441s]
Searching alignments...  [2.61618s]
Processing query chunk 0, reference chunk 0, shape 1, index chunk 1.
Building reference index...  [26.3776s]
Building query index...  [0.006486s]
Building seed filter...  [0.711367s]
Searching alignments...  [2.51028s]
Processing query chunk 0, reference chunk 0, shape 1, index chunk 2.
Building reference index...  [27.3402s]
Building query index...  [0.007519s]
Building seed filter...  [0.702751s]
Searching alignments...  [2.46279s]
Processing query chunk 0, reference chunk 0, shape 1, index chunk 3.
Building reference index...  [22.8849s]
Building query index...  [0.005955s]
Building seed filter...  [0.705365s]
Searching alignments...  [2.58883s]
Processing query chunk 0, reference chunk 0, shape 2, index chunk 0.
Building reference index...  [23.3789s]
Building query index...  [0.005801s]
Building seed filter...  [0.706186s]
Searching alignments...  [2.91268s]
Processing query chunk 0, reference chunk 0, shape 2, index chunk 1.
Building reference index...  [26.6916s]
Building query index...  [0.006823s]
Building seed filter...  [0.72483s]
Searching alignments...  [2.7619s]
Processing query chunk 0, reference chunk 0, shape 2, index chunk 2.
Building reference index...  [27.703s]
Building query index...  [0.007613s]
Building seed filter...  [0.731518s]
Searching alignments...  [2.7008s]
Processing query chunk 0, reference chunk 0, shape 2, index chunk 3.
Building reference index...  [23.1651s]
Building query index...  [0.006118s]
Building seed filter...  [0.718167s]
Searching alignments...  [2.67047s]
Processing query chunk 0, reference chunk 0, shape 3, index chunk 0.
Building reference index...  [23.3678s]
Building query index...  [0.005775s]
Building seed filter...  [0.716755s]
Searching alignments...  [2.779s]
Processing query chunk 0, reference chunk 0, shape 3, index chunk 1.
Building reference index...  [26.7518s]
Building query index...  [0.007138s]
Building seed filter...  [0.719364s]
Searching alignments...  [2.73341s]
Processing query chunk 0, reference chunk 0, shape 3, index chunk 2.
Building reference index...  [27.7945s]
Building query index...  [0.007302s]
Building seed filter...  [0.708551s]
Searching alignments...  [2.87592s]
Processing query chunk 0, reference chunk 0, shape 3, index chunk 3.
Building reference index...  [23.1465s]
Building query index...  [0.005981s]
Building seed filter...  [0.6993s]
Searching alignments...  [2.76863s]
Processing query chunk 0, reference chunk 0, shape 4, index chunk 0.
Building reference index...  [23.1429s]
Building query index...  [0.005853s]
Building seed filter...  [0.675475s]
Searching alignments...  [2.84499s]
Processing query chunk 0, reference chunk 0, shape 4, index chunk 1.
Building reference index...  [26.3888s]
Building query index...  [0.006843s]
Building seed filter...  [0.679955s]
Searching alignments...  [2.91316s]
Processing query chunk 0, reference chunk 0, shape 4, index chunk 2.
Building reference index...  [27.4874s]
Building query index...  [0.00735s]
Building seed filter...  [0.704663s]
Searching alignments...  [2.8071s]
Processing query chunk 0, reference chunk 0, shape 4, index chunk 3.
Building reference index...  [23.0412s]
Building query index...  [0.005738s]
Building seed filter...  [0.710036s]
Searching alignments...  [2.7434s]
Processing query chunk 0, reference chunk 0, shape 5, index chunk 0.
Building reference index...  [23.2407s]
Building query index...  [0.006319s]
Building seed filter...  [0.720823s]
Searching alignments...  [2.79831s]
Processing query chunk 0, reference chunk 0, shape 5, index chunk 1.
Building reference index...  [26.4916s]
Building query index...  [0.006879s]
Building seed filter...  [0.713836s]
Searching alignments...  [2.7096s]
Processing query chunk 0, reference chunk 0, shape 5, index chunk 2.
Building reference index...  [27.5358s]
Building query index...  [0.007167s]
Building seed filter...  [0.716363s]
Searching alignments...  [2.66506s]
Processing query chunk 0, reference chunk 0, shape 5, index chunk 3.
Building reference index...  [22.9561s]
Building query index...  [0.006021s]
Building seed filter...  [0.707346s]
Searching alignments...  [2.67915s]
Processing query chunk 0, reference chunk 0, shape 6, index chunk 0.
Building reference index...  [23.1486s]
Building query index...  [0.005899s]
Building seed filter...  [0.708552s]
Searching alignments...  [2.62254s]
Processing query chunk 0, reference chunk 0, shape 6, index chunk 1.
Building reference index...  [26.2886s]
Building query index...  [0.006746s]
Building seed filter...  [0.707218s]
Searching alignments...  [2.50685s]
Processing query chunk 0, reference chunk 0, shape 6, index chunk 2.
Building reference index...  [27.3627s]
Building query index...  [0.006963s]
Building seed filter...  [0.700697s]
Searching alignments...  [2.6034s]
Processing query chunk 0, reference chunk 0, shape 6, index chunk 3.
Building reference index...  [22.9073s]
Building query index...  [0.006109s]
Building seed filter...  [0.699971s]
Searching alignments...  [2.55236s]
Processing query chunk 0, reference chunk 0, shape 7, index chunk 0.
Building reference index...  [23.1106s]
Building query index...  [0.005898s]
Building seed filter...  [0.718261s]
Searching alignments...  [2.60755s]
Processing query chunk 0, reference chunk 0, shape 7, index chunk 1.
Building reference index...  [26.4433s]
Building query index...  [0.006946s]
Building seed filter...  [0.718666s]
Searching alignments...  [2.60352s]
Processing query chunk 0, reference chunk 0, shape 7, index chunk 2.
Building reference index...  [27.424s]
Building query index...  [0.006929s]
Building seed filter...  [0.70635s]
Searching alignments...  [2.61318s]
Processing query chunk 0, reference chunk 0, shape 7, index chunk 3.
Building reference index...  [22.87s]
Building query index...  [0.005758s]
Building seed filter...  [0.69568s]
Searching alignments...  [2.73886s]
Processing query chunk 0, reference chunk 0, shape 8, index chunk 0.
Building reference index...  [23.284s]
Building query index...  [0.005777s]
Building seed filter...  [0.709334s]
Searching alignments...  [2.65671s]
Processing query chunk 0, reference chunk 0, shape 8, index chunk 1.
Building reference index...  [26.6079s]
Building query index...  [0.007004s]
Building seed filter...  [0.67947s]
Searching alignments...  [2.8077s]
Processing query chunk 0, reference chunk 0, shape 8, index chunk 2.
Building reference index...  [27.7018s]
Building query index...  [0.007278s]
Building seed filter...  [0.708655s]
Searching alignments...  [2.79475s]
Processing query chunk 0, reference chunk 0, shape 8, index chunk 3.
Building reference index...  [23.1345s]
Building query index...  [0.005828s]
Building seed filter...  [0.7026s]
Searching alignments...  [2.77826s]
Processing query chunk 0, reference chunk 0, shape 9, index chunk 0.
Building reference index...  [23.0598s]
Building query index...  [0.005737s]
Building seed filter...  [0.688827s]
Searching alignments...  [2.57839s]
Processing query chunk 0, reference chunk 0, shape 9, index chunk 1.
Building reference index...  [26.3319s]
Building query index...  [0.006753s]
Building seed filter...  [0.718578s]
Searching alignments...  [2.58522s]
Processing query chunk 0, reference chunk 0, shape 9, index chunk 2.
Building reference index...  [27.3413s]
Building query index...  [0.006996s]
Building seed filter...  [0.720467s]
Searching alignments...  [2.60326s]
Processing query chunk 0, reference chunk 0, shape 9, index chunk 3.
Building reference index...  [22.7877s]
Building query index...  [0.005736s]
Building seed filter...  [0.713483s]
Searching alignments...  [2.53898s]
Processing query chunk 0, reference chunk 0, shape 10, index chunk 0.
Building reference index...  [23.1831s]
Building query index...  [0.006244s]
Building seed filter...  [0.720329s]
Searching alignments...  [2.72593s]
Processing query chunk 0, reference chunk 0, shape 10, index chunk 1.
Building reference index...  [26.4556s]
Building query index...  [0.006756s]
Building seed filter...  [0.702382s]
Searching alignments...  [2.71025s]
Processing query chunk 0, reference chunk 0, shape 10, index chunk 2.
Building reference index...  [27.5034s]
Building query index...  [0.007093s]
Building seed filter...  [0.706123s]
Searching alignments...  [2.87274s]
Processing query chunk 0, reference chunk 0, shape 10, index chunk 3.
Building reference index...  [22.9927s]
Building query index...  [0.005971s]
Building seed filter...  [0.729708s]
Searching alignments...  [2.77932s]
Processing query chunk 0, reference chunk 0, shape 11, index chunk 0.
Building reference index...  [23.0404s]
Building query index...  [0.005906s]
Building seed filter...  [0.681361s]
Searching alignments...  [2.59041s]
Processing query chunk 0, reference chunk 0, shape 11, index chunk 1.
Building reference index...  [26.1811s]
Building query index...  [0.006819s]
Building seed filter...  [0.706341s]
Searching alignments...  [2.5886s]
Processing query chunk 0, reference chunk 0, shape 11, index chunk 2.
Building reference index...  [27.2513s]
Building query index...  [0.006878s]
Building seed filter...  [0.715799s]
Searching alignments...  [2.68026s]
Processing query chunk 0, reference chunk 0, shape 11, index chunk 3.
Building reference index...  [22.8339s]
Building query index...  [0.006077s]
Building seed filter...  [0.694049s]
Searching alignments...  [2.58626s]
Processing query chunk 0, reference chunk 0, shape 12, index chunk 0.
Building reference index...  [23.0235s]
Building query index...  [0.005976s]
Building seed filter...  [0.712534s]
Searching alignments...  [2.678s]
Processing query chunk 0, reference chunk 0, shape 12, index chunk 1.
Building reference index...  [26.2227s]
Building query index...  [0.006871s]
Building seed filter...  [0.688157s]
Searching alignments...  [2.61621s]
Processing query chunk 0, reference chunk 0, shape 12, index chunk 2.
Building reference index...  [27.265s]
Building query index...  [0.006902s]
Building seed filter...  [0.706521s]
Searching alignments...  [2.52853s]
Processing query chunk 0, reference chunk 0, shape 12, index chunk 3.
Building reference index...  [22.7827s]
Building query index...  [0.005753s]
Building seed filter...  [0.692209s]
Searching alignments...  [2.572s]
Processing query chunk 0, reference chunk 0, shape 13, index chunk 0.
Building reference index...  [23.0823s]
Building query index...  [0.006218s]
Building seed filter...  [0.67886s]
Searching alignments...  [2.72586s]
Processing query chunk 0, reference chunk 0, shape 13, index chunk 1.
Building reference index...  [26.3172s]
Building query index...  [0.006625s]
Building seed filter...  [0.703952s]
Searching alignments...  [2.64879s]
Processing query chunk 0, reference chunk 0, shape 13, index chunk 2.
Building reference index...  [27.3047s]
Building query index...  [0.007095s]
Building seed filter...  [0.711388s]
Searching alignments...  [2.63024s]
Processing query chunk 0, reference chunk 0, shape 13, index chunk 3.
Building reference index...  [22.8713s]
Building query index...  [0.005807s]
Building seed filter...  [0.703558s]
Searching alignments...  [2.68453s]
Processing query chunk 0, reference chunk 0, shape 14, index chunk 0.
Building reference index...  [23.1858s]
Building query index...  [0.005807s]
Building seed filter...  [0.704871s]
Searching alignments...  [2.77244s]
Processing query chunk 0, reference chunk 0, shape 14, index chunk 1.
Building reference index...  [26.382s]
Building query index...  [0.006946s]
Building seed filter...  [0.701239s]
Searching alignments...  [2.59071s]
Processing query chunk 0, reference chunk 0, shape 14, index chunk 2.
Building reference index...  [27.3666s]
Building query index...  [0.007058s]
Building seed filter...  [0.726648s]
Searching alignments...  [2.79801s]
Processing query chunk 0, reference chunk 0, shape 14, index chunk 3.
Building reference index...  [22.9338s]
Building query index...  [0.00566s]
Building seed filter...  [0.706464s]
Searching alignments...  [2.75826s]
Processing query chunk 0, reference chunk 0, shape 15, index chunk 0.
Building reference index...  [22.9981s]
Building query index...  [0.005796s]
Building seed filter...  [0.694369s]
Searching alignments...  [2.67148s]
Processing query chunk 0, reference chunk 0, shape 15, index chunk 1.
Building reference index...  [26.2316s]
Building query index...  [0.006605s]
Building seed filter...  [0.682172s]
Searching alignments...  [2.68808s]
Processing query chunk 0, reference chunk 0, shape 15, index chunk 2.
Building reference index...  [27.2646s]
Building query index...  [0.007177s]
Building seed filter...  [0.709246s]
Searching alignments...  [2.56234s]
Processing query chunk 0, reference chunk 0, shape 15, index chunk 3.
Building reference index...  [22.7542s]
Building query index...  [0.005822s]
Building seed filter...  [0.711372s]
Searching alignments...  [2.57981s]
Deallocating buffers...  [0.010922s]
Opening temporary output file...  [0.00237s]
Computing alignments...  [14.099s]
Deallocating reference...  [0.006787s]
Loading reference sequences...  [2.58162s]
Building reference histograms...  [115.582s]
Allocating buffers...  [6.6e-05s]
Initializing temporary storage...  [0.006105s]
Processing query chunk 0, reference chunk 1, shape 0, index chunk 0.
Building reference index...  [23.5041s]
Building query index...  [0.00618s]
Building seed filter...  [0.718172s]
Searching alignments...  [3.18038s]
Processing query chunk 0, reference chunk 1, shape 0, index chunk 1.
Building reference index...  [26.734s]
Building query index...  [0.006836s]
Building seed filter...  [0.72427s]
Searching alignments...  [2.92709s]
Processing query chunk 0, reference chunk 1, shape 0, index chunk 2.
Building reference index...  [27.6888s]
Building query index...  [0.007561s]
Building seed filter...  [0.716634s]
Searching alignments...  [2.8186s]
Processing query chunk 0, reference chunk 1, shape 0, index chunk 3.
Building reference index...  [23.192s]
Building query index...  [0.006328s]
Building seed filter...  [0.68637s]
Searching alignments...  [2.7474s]
Processing query chunk 0, reference chunk 1, shape 1, index chunk 0.
Building reference index...  [22.9759s]
Building query index...  [0.005904s]
Building seed filter...  [0.691581s]
Searching alignments...  [2.52852s]
Processing query chunk 0, reference chunk 1, shape 1, index chunk 1.
Building reference index...  [26.1844s]
Building query index...  [0.006875s]
Building seed filter...  [0.701718s]
Searching alignments...  [2.48502s]
Processing query chunk 0, reference chunk 1, shape 1, index chunk 2.
Building reference index...  [27.2058s]
Building query index...  [0.006981s]
Building seed filter...  [0.696755s]
Searching alignments...  [2.38915s]
Processing query chunk 0, reference chunk 1, shape 1, index chunk 3.
Building reference index...  [22.7099s]
Building query index...  [0.005708s]
Building seed filter...  [0.684064s]
Searching alignments...  [2.45659s]
Processing query chunk 0, reference chunk 1, shape 2, index chunk 0.
Building reference index...  [23.2646s]
Building query index...  [0.006121s]
Building seed filter...  [0.717377s]
Searching alignments...  [2.7779s]
Processing query chunk 0, reference chunk 1, shape 2, index chunk 1.
Building reference index...  [26.6353s]
Building query index...  [0.006859s]
Building seed filter...  [0.71449s]
Searching alignments...  [2.75601s]
Processing query chunk 0, reference chunk 1, shape 2, index chunk 2.
Building reference index...  [27.5421s]
Building query index...  [0.007151s]
Building seed filter...  [0.714686s]
Searching alignments...  [2.67826s]
Processing query chunk 0, reference chunk 1, shape 2, index chunk 3.
Building reference index...  [23.041s]
Building query index...  [0.005803s]
Building seed filter...  [0.701461s]
Searching alignments...  [2.5884s]
Processing query chunk 0, reference chunk 1, shape 3, index chunk 0.
Building reference index...  [23.1515s]
Building query index...  [0.006096s]
Building seed filter...  [0.688064s]
Searching alignments...  [2.69687s]
Processing query chunk 0, reference chunk 1, shape 3, index chunk 1.
Building reference index...  [26.438s]
Building query index...  [0.006998s]
Building seed filter...  [0.69792s]
Searching alignments...  [2.64999s]
Processing query chunk 0, reference chunk 1, shape 3, index chunk 2.
Building reference index...  [27.5528s]
Building query index...  [0.006811s]
Building seed filter...  [0.719036s]
Searching alignments...  [2.72485s]
Processing query chunk 0, reference chunk 1, shape 3, index chunk 3.
Building reference index...  [22.935s]
Building query index...  [0.005897s]
Building seed filter...  [0.698895s]
Searching alignments...  [2.59721s]
Processing query chunk 0, reference chunk 1, shape 4, index chunk 0.
Building reference index...  [23.122s]
Building query index...  [0.005858s]
Building seed filter...  [0.700809s]
Searching alignments...  [2.68986s]
Processing query chunk 0, reference chunk 1, shape 4, index chunk 1.
Building reference index...  [26.3255s]
Building query index...  [0.006889s]
Building seed filter...  [0.715976s]
Searching alignments...  [2.76477s]
Processing query chunk 0, reference chunk 1, shape 4, index chunk 2.
Building reference index...  [27.2575s]
Building query index...  [0.007327s]
Building seed filter...  [0.69183s]
Searching alignments...  [2.67261s]
Processing query chunk 0, reference chunk 1, shape 4, index chunk 3.
Building reference index...  [22.8146s]
Building query index...  [0.005899s]
Building seed filter...  [0.702361s]
Searching alignments...  [2.55877s]
Processing query chunk 0, reference chunk 1, shape 5, index chunk 0.
Building reference index...  [23.0833s]
Building query index...  [0.006214s]
Building seed filter...  [0.695777s]
Searching alignments...  [2.62821s]
Processing query chunk 0, reference chunk 1, shape 5, index chunk 1.
Building reference index...  [26.3813s]
Building query index...  [0.006746s]
Building seed filter...  [0.712131s]
Searching alignments...  [2.55615s]
Processing query chunk 0, reference chunk 1, shape 5, index chunk 2.
Building reference index...  [27.4437s]
Building query index...  [0.007199s]
Building seed filter...  [0.713088s]
Searching alignments...  [2.5631s]
Processing query chunk 0, reference chunk 1, shape 5, index chunk 3.
Building reference index...  [22.8912s]
Building query index...  [0.005792s]
Building seed filter...  [0.707737s]
Searching alignments...  [2.657s]
Processing query chunk 0, reference chunk 1, shape 6, index chunk 0.
Building reference index...  [22.9221s]
Building query index...  [0.0057s]
Building seed filter...  [0.697671s]
Searching alignments...  [2.55768s]
Processing query chunk 0, reference chunk 1, shape 6, index chunk 1.
Building reference index...  [26.2523s]
Building query index...  [0.00705s]
Building seed filter...  [0.672826s]
Searching alignments...  [2.48331s]
Processing query chunk 0, reference chunk 1, shape 6, index chunk 2.
Building reference index...  [27.1537s]
Building query index...  [0.006962s]
Building seed filter...  [0.699215s]
Searching alignments...  [2.56456s]
Processing query chunk 0, reference chunk 1, shape 6, index chunk 3.
Building reference index...  [22.827s]
Building query index...  [0.006056s]
Building seed filter...  [0.700584s]
Searching alignments...  [2.48548s]
Processing query chunk 0, reference chunk 1, shape 7, index chunk 0.
Building reference index...  [23.0999s]
Building query index...  [0.005835s]
Building seed filter...  [0.697412s]
Searching alignments...  [2.53088s]
Processing query chunk 0, reference chunk 1, shape 7, index chunk 1.
Building reference index...  [26.2735s]
Building query index...  [0.006612s]
Building seed filter...  [0.673024s]
Searching alignments...  [2.56329s]
Processing query chunk 0, reference chunk 1, shape 7, index chunk 2.
Building reference index...  [27.2268s]
Building query index...  [0.007138s]
Building seed filter...  [0.694332s]
Searching alignments...  [2.51984s]
Processing query chunk 0, reference chunk 1, shape 7, index chunk 3.
Building reference index...  [22.7438s]
Building query index...  [0.005905s]
Building seed filter...  [0.704181s]
Searching alignments...  [2.58945s]
Processing query chunk 0, reference chunk 1, shape 8, index chunk 0.
Building reference index...  [23.1616s]
Building query index...  [0.006012s]
Building seed filter...  [0.697503s]
Searching alignments...  [2.55526s]
Processing query chunk 0, reference chunk 1, shape 8, index chunk 1.
Building reference index...  [26.4236s]
Building query index...  [0.006776s]
Building seed filter...  [0.709564s]
Searching alignments...  [2.66566s]
Processing query chunk 0, reference chunk 1, shape 8, index chunk 2.
Building reference index...  [27.5815s]
Building query index...  [0.007223s]
Building seed filter...  [0.709803s]
Searching alignments...  [2.7631s]
Processing query chunk 0, reference chunk 1, shape 8, index chunk 3.
Building reference index...  [22.9753s]
Building query index...  [0.006156s]
Building seed filter...  [0.705103s]
Searching alignments...  [2.88168s]
Processing query chunk 0, reference chunk 1, shape 9, index chunk 0.
Building reference index...  [22.8876s]
Building query index...  [0.005886s]
Building seed filter...  [0.683868s]
Searching alignments...  [2.41965s]
Processing query chunk 0, reference chunk 1, shape 9, index chunk 1.
Building reference index...  [26.0964s]
Building query index...  [0.006853s]
Building seed filter...  [0.714216s]
Searching alignments...  [2.47368s]
Processing query chunk 0, reference chunk 1, shape 9, index chunk 2.
Building reference index...  [27.3209s]
Building query index...  [0.007038s]
Building seed filter...  [0.685617s]
Searching alignments...  [2.45874s]
Processing query chunk 0, reference chunk 1, shape 9, index chunk 3.
Building reference index...  [22.7285s]
Building query index...  [0.006002s]
Building seed filter...  [0.695952s]
Searching alignments...  [2.43498s]
Processing query chunk 0, reference chunk 1, shape 10, index chunk 0.
Building reference index...  [23.0435s]
Building query index...  [0.006173s]
Building seed filter...  [0.709394s]
Searching alignments...  [2.58656s]
Processing query chunk 0, reference chunk 1, shape 10, index chunk 1.
Building reference index...  [26.3156s]
Building query index...  [0.006971s]
Building seed filter...  [0.69132s]
Searching alignments...  [2.54082s]
Processing query chunk 0, reference chunk 1, shape 10, index chunk 2.
Building reference index...  [27.4911s]
Building query index...  [0.007439s]
Building seed filter...  [0.715283s]
Searching alignments...  [2.78541s]
Processing query chunk 0, reference chunk 1, shape 10, index chunk 3.
Building reference index...  [23.0353s]
Building query index...  [0.006042s]
Building seed filter...  [0.708331s]
Searching alignments...  [2.68737s]
Processing query chunk 0, reference chunk 1, shape 11, index chunk 0.
Building reference index...  [22.8541s]
Building query index...  [0.006023s]
Building seed filter...  [0.697846s]
Searching alignments...  [2.51078s]
Processing query chunk 0, reference chunk 1, shape 11, index chunk 1.
Building reference index...  [26.0954s]
Building query index...  [0.007127s]
Building seed filter...  [0.707545s]
Searching alignments...  [2.48379s]
Processing query chunk 0, reference chunk 1, shape 11, index chunk 2.
Building reference index...  [27.0667s]
Building query index...  [0.007061s]
Building seed filter...  [0.702185s]
Searching alignments...  [2.56349s]
Processing query chunk 0, reference chunk 1, shape 11, index chunk 3.
Building reference index...  [22.6899s]
Building query index...  [0.005621s]
Building seed filter...  [0.701279s]
Searching alignments...  [2.45563s]
Processing query chunk 0, reference chunk 1, shape 12, index chunk 0.
Building reference index...  [22.8614s]
Building query index...  [0.005893s]
Building seed filter...  [0.694693s]
Searching alignments...  [2.59522s]
Processing query chunk 0, reference chunk 1, shape 12, index chunk 1.
Building reference index...  [26.1082s]
Building query index...  [0.006822s]
Building seed filter...  [0.699819s]
Searching alignments...  [2.55512s]
Processing query chunk 0, reference chunk 1, shape 12, index chunk 2.
Building reference index...  [27.1607s]
Building query index...  [0.007069s]
Building seed filter...  [0.706473s]
Searching alignments...  [2.62122s]
Processing query chunk 0, reference chunk 1, shape 12, index chunk 3.
Building reference index...  [22.6961s]
Building query index...  [0.005866s]
Building seed filter...  [0.69484s]
Searching alignments...  [2.62385s]
Processing query chunk 0, reference chunk 1, shape 13, index chunk 0.
Building reference index...  [22.893s]
Building query index...  [0.005886s]
Building seed filter...  [0.699391s]
Searching alignments...  [2.58771s]
Processing query chunk 0, reference chunk 1, shape 13, index chunk 1.
Building reference index...  [26.1506s]
Building query index...  [0.006886s]
Building seed filter...  [0.718789s]
Searching alignments...  [2.52927s]
Processing query chunk 0, reference chunk 1, shape 13, index chunk 2.
Building reference index...  [27.1317s]
Building query index...  [0.006991s]
Building seed filter...  [0.70036s]
Searching alignments...  [2.53554s]
Processing query chunk 0, reference chunk 1, shape 13, index chunk 3.
Building reference index...  [22.6949s]
Building query index...  [0.005861s]
Building seed filter...  [0.676924s]
Searching alignments...  [2.49838s]
Processing query chunk 0, reference chunk 1, shape 14, index chunk 0.
Building reference index...  [23.0206s]
Building query index...  [0.006103s]
Building seed filter...  [0.701425s]
Searching alignments...  [2.63113s]
Processing query chunk 0, reference chunk 1, shape 14, index chunk 1.
Building reference index...  [26.2645s]
Building query index...  [0.006654s]
Building seed filter...  [0.674243s]
Searching alignments...  [2.49368s]
Processing query chunk 0, reference chunk 1, shape 14, index chunk 2.
Building reference index...  [27.2258s]
Building query index...  [0.006942s]
Building seed filter...  [0.701711s]
Searching alignments...  [2.6257s]
Processing query chunk 0, reference chunk 1, shape 14, index chunk 3.
Building reference index...  [22.7869s]
Building query index...  [0.005836s]
Building seed filter...  [0.671981s]
Searching alignments...  [2.60844s]
Processing query chunk 0, reference chunk 1, shape 15, index chunk 0.
Building reference index...  [22.8761s]
Building query index...  [0.005949s]
Building seed filter...  [0.69131s]
Searching alignments...  [2.54841s]
Processing query chunk 0, reference chunk 1, shape 15, index chunk 1.
Building reference index...  [26.0645s]
Building query index...  [0.006735s]
Building seed filter...  [0.696511s]
Searching alignments...  [2.56025s]
Processing query chunk 0, reference chunk 1, shape 15, index chunk 2.
Building reference index...  [27.1172s]
Building query index...  [0.006759s]
Building seed filter...  [0.669134s]
Searching alignments...  [2.46713s]
Processing query chunk 0, reference chunk 1, shape 15, index chunk 3.
Building reference index...  [22.6734s]
Building query index...  [0.006472s]
Building seed filter...  [0.700389s]
Searching alignments...  [2.47323s]
Deallocating buffers...  [0.010969s]
Opening temporary output file...  [0.002828s]
Computing alignments...  [12.0049s]
Deallocating reference...  [0.006486s]
Loading reference sequences...  [2.57461s]
Building reference histograms...  [114.117s]
Allocating buffers...  [6.6e-05s]
Initializing temporary storage...  [0.005653s]
Processing query chunk 0, reference chunk 2, shape 0, index chunk 0.
Building reference index...  [23.2425s]
Building query index...  [0.006165s]
Building seed filter...  [0.699672s]
Searching alignments...  [2.7927s]
Processing query chunk 0, reference chunk 2, shape 0, index chunk 1.
Building reference index...  [26.2365s]
Building query index...  [0.007027s]
Building seed filter...  [0.719225s]
Searching alignments...  [2.51697s]
Processing query chunk 0, reference chunk 2, shape 0, index chunk 2.
Building reference index...  [27.3425s]
Building query index...  [0.007173s]
Building seed filter...  [0.709292s]
Searching alignments...  [2.51219s]
Processing query chunk 0, reference chunk 2, shape 0, index chunk 3.
Building reference index...  [22.928s]
Building query index...  [0.006061s]
Building seed filter...  [0.694413s]
Searching alignments...  [2.50169s]
Processing query chunk 0, reference chunk 2, shape 1, index chunk 0.
Building reference index...  [22.7455s]
Building query index...  [0.006009s]
Building seed filter...  [0.698569s]
Searching alignments...  [2.25605s]
Processing query chunk 0, reference chunk 2, shape 1, index chunk 1.
Building reference index...  [26.0205s]
Building query index...  [0.006809s]
Building seed filter...  [0.704672s]
Searching alignments...  [2.31619s]
Processing query chunk 0, reference chunk 2, shape 1, index chunk 2.
Building reference index...  [26.778s]
Building query index...  [0.007149s]
Building seed filter...  [0.706059s]
Searching alignments...  [2.15528s]
Processing query chunk 0, reference chunk 2, shape 1, index chunk 3.
Building reference index...  [22.4921s]
Building query index...  [0.006077s]
Building seed filter...  [0.690019s]
Searching alignments...  [2.21347s]
Processing query chunk 0, reference chunk 2, shape 2, index chunk 0.
Building reference index...  [23.0433s]
Building query index...  [0.006246s]
Building seed filter...  [0.696713s]
Searching alignments...  [2.5292s]
Processing query chunk 0, reference chunk 2, shape 2, index chunk 1.
Building reference index...  [26.228s]
Building query index...  [0.006918s]
Building seed filter...  [0.690754s]
Searching alignments...  [2.35151s]
Processing query chunk 0, reference chunk 2, shape 2, index chunk 2.
Building reference index...  [27.199s]
Building query index...  [0.007265s]
Building seed filter...  [0.704286s]
Searching alignments...  [2.39884s]
Processing query chunk 0, reference chunk 2, shape 2, index chunk 3.
Building reference index...  [22.8543s]
Building query index...  [0.005865s]
Building seed filter...  [0.705116s]
Searching alignments...  [2.35086s]
Processing query chunk 0, reference chunk 2, shape 3, index chunk 0.
Building reference index...  [22.8972s]
Building query index...  [0.006064s]
Building seed filter...  [0.695068s]
Searching alignments...  [2.31394s]
Processing query chunk 0, reference chunk 2, shape 3, index chunk 1.
Building reference index...  [26.1514s]
Building query index...  [0.006881s]
Building seed filter...  [0.691054s]
Searching alignments...  [2.27132s]
Processing query chunk 0, reference chunk 2, shape 3, index chunk 2.
Building reference index...  [27.1648s]
Building query index...  [0.007299s]
Building seed filter...  [0.689666s]
Searching alignments...  [2.36066s]
Processing query chunk 0, reference chunk 2, shape 3, index chunk 3.
Building reference index...  [22.632s]
Building query index...  [0.006182s]
Building seed filter...  [0.705846s]
Searching alignments...  [2.26516s]
Processing query chunk 0, reference chunk 2, shape 4, index chunk 0.
Building reference index...  [22.6748s]
Building query index...  [0.006073s]
Building seed filter...  [0.696945s]
Searching alignments...  [2.25502s]
Processing query chunk 0, reference chunk 2, shape 4, index chunk 1.
Building reference index...  [25.9823s]
Building query index...  [0.006903s]
Building seed filter...  [0.698674s]
Searching alignments...  [2.31071s]
Processing query chunk 0, reference chunk 2, shape 4, index chunk 2.
Building reference index...  [27.0708s]
Building query index...  [0.007272s]
Building seed filter...  [0.687333s]
Searching alignments...  [2.26593s]
Processing query chunk 0, reference chunk 2, shape 4, index chunk 3.
Building reference index...  [22.5548s]
Building query index...  [0.005896s]
Building seed filter...  [0.687617s]
Searching alignments...  [2.28679s]
Processing query chunk 0, reference chunk 2, shape 5, index chunk 0.
Building reference index...  [22.7381s]
Building query index...  [0.006159s]
Building seed filter...  [0.704273s]
Searching alignments...  [2.3888s]
Processing query chunk 0, reference chunk 2, shape 5, index chunk 1.
Building reference index...  [25.96s]
Building query index...  [0.00681s]
Building seed filter...  [0.689966s]
Searching alignments...  [2.28907s]
Processing query chunk 0, reference chunk 2, shape 5, index chunk 2.
Building reference index...  [27.0648s]
Building query index...  [0.007295s]
Building seed filter...  [0.687329s]
Searching alignments...  [2.22076s]
Processing query chunk 0, reference chunk 2, shape 5, index chunk 3.
Building reference index...  [22.5074s]
Building query index...  [0.006052s]
Building seed filter...  [0.67683s]
Searching alignments...  [2.31299s]
Processing query chunk 0, reference chunk 2, shape 6, index chunk 0.
Building reference index...  [22.6051s]
Building query index...  [0.006218s]
Building seed filter...  [0.704789s]
Searching alignments...  [2.19274s]
Processing query chunk 0, reference chunk 2, shape 6, index chunk 1.
Building reference index...  [25.8198s]
Building query index...  [0.006923s]
Building seed filter...  [0.694932s]
Searching alignments...  [2.1153s]
Processing query chunk 0, reference chunk 2, shape 6, index chunk 2.
Building reference index...  [26.901s]
Building query index...  [0.006743s]
Building seed filter...  [0.670764s]
Searching alignments...  [2.17474s]
Processing query chunk 0, reference chunk 2, shape 6, index chunk 3.
Building reference index...  [22.4963s]
Building query index...  [0.006017s]
Building seed filter...  [0.676221s]
Searching alignments...  [2.2385s]
Processing query chunk 0, reference chunk 2, shape 7, index chunk 0.
Building reference index...  [22.7106s]
Building query index...  [0.005972s]
Building seed filter...  [0.693241s]
Searching alignments...  [2.2418s]
Processing query chunk 0, reference chunk 2, shape 7, index chunk 1.
Building reference index...  [25.9512s]
Building query index...  [0.007239s]
Building seed filter...  [0.691706s]
Searching alignments...  [2.2011s]
Processing query chunk 0, reference chunk 2, shape 7, index chunk 2.
Building reference index...  [27.0845s]
Building query index...  [0.007491s]
Building seed filter...  [0.673069s]
Searching alignments...  [2.27158s]
Processing query chunk 0, reference chunk 2, shape 7, index chunk 3.
Building reference index...  [22.4355s]
Building query index...  [0.006501s]
Building seed filter...  [0.698012s]
Searching alignments...  [2.30919s]
Processing query chunk 0, reference chunk 2, shape 8, index chunk 0.
Building reference index...  [22.855s]
Building query index...  [0.006165s]
Building seed filter...  [0.689549s]
Searching alignments...  [2.25871s]
Processing query chunk 0, reference chunk 2, shape 8, index chunk 1.
Building reference index...  [26.0283s]
Building query index...  [0.006842s]
Building seed filter...  [0.702406s]
Searching alignments...  [2.36323s]
Processing query chunk 0, reference chunk 2, shape 8, index chunk 2.
Building reference index...  [27.115s]
Building query index...  [0.007345s]
Building seed filter...  [0.703256s]
Searching alignments...  [2.48239s]
Processing query chunk 0, reference chunk 2, shape 8, index chunk 3.
Building reference index...  [22.8089s]
Building query index...  [0.006115s]
Building seed filter...  [0.716873s]
Searching alignments...  [2.35638s]
Processing query chunk 0, reference chunk 2, shape 9, index chunk 0.
Building reference index...  [22.6189s]
Building query index...  [0.005951s]
Building seed filter...  [0.683101s]
Searching alignments...  [2.20468s]
Processing query chunk 0, reference chunk 2, shape 9, index chunk 1.
Building reference index...  [25.8254s]
Building query index...  [0.006816s]
Building seed filter...  [0.681893s]
Searching alignments...  [2.22052s]
Processing query chunk 0, reference chunk 2, shape 9, index chunk 2.
Building reference index...  [26.8304s]
Building query index...  [0.007087s]
Building seed filter...  [0.679779s]
Searching alignments...  [2.23518s]
Processing query chunk 0, reference chunk 2, shape 9, index chunk 3.
Building reference index...  [22.3824s]
Building query index...  [0.005714s]
Building seed filter...  [0.664893s]
Searching alignments...  [2.16556s]
Processing query chunk 0, reference chunk 2, shape 10, index chunk 0.
Building reference index...  [22.8165s]
Building query index...  [0.00625s]
Building seed filter...  [0.685175s]
Searching alignments...  [2.3667s]
Processing query chunk 0, reference chunk 2, shape 10, index chunk 1.
Building reference index...  [26.0081s]
Building query index...  [0.006971s]
Building seed filter...  [0.663209s]
Searching alignments...  [2.32669s]
Processing query chunk 0, reference chunk 2, shape 10, index chunk 2.
Building reference index...  [27.1292s]
Building query index...  [0.006853s]
Building seed filter...  [0.703481s]
Searching alignments...  [2.42546s]
Processing query chunk 0, reference chunk 2, shape 10, index chunk 3.
Building reference index...  [22.655s]
Building query index...  [0.005928s]
Building seed filter...  [0.709804s]
Searching alignments...  [2.3558s]
Processing query chunk 0, reference chunk 2, shape 11, index chunk 0.
Building reference index...  [22.5799s]
Building query index...  [0.005972s]
Building seed filter...  [0.702045s]
Searching alignments...  [2.2496s]
Processing query chunk 0, reference chunk 2, shape 11, index chunk 1.
Building reference index...  [25.7377s]
Building query index...  [0.006953s]
Building seed filter...  [0.692094s]
Searching alignments...  [2.19815s]
Processing query chunk 0, reference chunk 2, shape 11, index chunk 2.
Building reference index...  [26.7767s]
Building query index...  [0.006971s]
Building seed filter...  [0.706727s]
Searching alignments...  [2.27254s]
Processing query chunk 0, reference chunk 2, shape 11, index chunk 3.
Building reference index...  [22.3283s]
Building query index...  [0.005837s]
Building seed filter...  [0.678157s]
Searching alignments...  [2.22005s]
Processing query chunk 0, reference chunk 2, shape 12, index chunk 0.
Building reference index...  [22.5847s]
Building query index...  [0.006021s]
Building seed filter...  [0.685445s]
Searching alignments...  [2.26746s]
Processing query chunk 0, reference chunk 2, shape 12, index chunk 1.
Building reference index...  [25.7684s]
Building query index...  [0.006816s]
Building seed filter...  [0.701149s]
Searching alignments...  [2.24108s]
Processing query chunk 0, reference chunk 2, shape 12, index chunk 2.
Building reference index...  [26.7573s]
Building query index...  [0.007154s]
Building seed filter...  [0.691835s]
Searching alignments...  [2.30394s]
Processing query chunk 0, reference chunk 2, shape 12, index chunk 3.
Building reference index...  [22.4025s]
Building query index...  [0.00584s]
Building seed filter...  [0.700557s]
Searching alignments...  [2.15753s]
Processing query chunk 0, reference chunk 2, shape 13, index chunk 0.
Building reference index...  [22.6382s]
Building query index...  [0.005954s]
Building seed filter...  [0.686445s]
Searching alignments...  [2.29851s]
Processing query chunk 0, reference chunk 2, shape 13, index chunk 1.
Building reference index...  [25.8073s]
Building query index...  [0.006685s]
Building seed filter...  [0.689321s]
Searching alignments...  [2.23633s]
Processing query chunk 0, reference chunk 2, shape 13, index chunk 2.
Building reference index...  [26.9207s]
Building query index...  [0.007183s]
Building seed filter...  [0.676488s]
Searching alignments...  [2.27659s]
Processing query chunk 0, reference chunk 2, shape 13, index chunk 3.
Building reference index...  [22.5319s]
Building query index...  [0.005821s]
Building seed filter...  [0.699511s]
Searching alignments...  [2.29467s]
Processing query chunk 0, reference chunk 2, shape 14, index chunk 0.
Building reference index...  [22.7705s]
Building query index...  [0.005961s]
Building seed filter...  [0.700249s]
Searching alignments...  [2.37882s]
Processing query chunk 0, reference chunk 2, shape 14, index chunk 1.
Building reference index...  [25.9054s]
Building query index...  [0.006804s]
Building seed filter...  [0.695671s]
Searching alignments...  [2.24339s]
Processing query chunk 0, reference chunk 2, shape 14, index chunk 2.
Building reference index...  [26.9119s]
Building query index...  [0.007208s]
Building seed filter...  [0.687773s]
Searching alignments...  [2.44038s]
Processing query chunk 0, reference chunk 2, shape 14, index chunk 3.
Building reference index...  [22.5429s]
Building query index...  [0.005978s]
Building seed filter...  [0.689773s]
Searching alignments...  [2.3215s]
Processing query chunk 0, reference chunk 2, shape 15, index chunk 0.
Building reference index...  [22.605s]
Building query index...  [0.006292s]
Building seed filter...  [0.675014s]
Searching alignments...  [2.28274s]
Processing query chunk 0, reference chunk 2, shape 15, index chunk 1.
Building reference index...  [25.8195s]
Building query index...  [0.006978s]
Building seed filter...  [0.692822s]
Searching alignments...  [2.28552s]
Processing query chunk 0, reference chunk 2, shape 15, index chunk 2.
Building reference index...  [26.762s]
Building query index...  [0.007281s]
Building seed filter...  [0.673943s]
Searching alignments...  [2.24182s]
Processing query chunk 0, reference chunk 2, shape 15, index chunk 3.
Building reference index...  [22.345s]
Building query index...  [0.005787s]
Building seed filter...  [0.697854s]
Searching alignments...  [2.23808s]
Deallocating buffers...  [0.010778s]
Opening temporary output file...  [0.001635s]
Computing alignments...  [8.31868s]
Deallocating reference...  [0.006562s]
Loading reference sequences...  [2.57014s]
Building reference histograms...  [111.34s]
Allocating buffers...  [6.4e-05s]
Initializing temporary storage...  [0.006993s]
Processing query chunk 0, reference chunk 3, shape 0, index chunk 0.
Building reference index...  [23.1175s]
Building query index...  [0.00642s]
Building seed filter...  [0.708444s]
Searching alignments...  [2.73822s]
Processing query chunk 0, reference chunk 3, shape 0, index chunk 1.
Building reference index...  [26.1379s]
Building query index...  [0.007138s]
Building seed filter...  [0.668192s]
Searching alignments...  [2.53792s]
Processing query chunk 0, reference chunk 3, shape 0, index chunk 2.
Building reference index...  [27.2447s]
Building query index...  [0.00737s]
Building seed filter...  [0.71208s]
Searching alignments...  [2.487s]
Processing query chunk 0, reference chunk 3, shape 0, index chunk 3.
Building reference index...  [22.7327s]
Building query index...  [0.005906s]
Building seed filter...  [0.692011s]
Searching alignments...  [2.44031s]
Processing query chunk 0, reference chunk 3, shape 1, index chunk 0.
Building reference index...  [22.5443s]
Building query index...  [0.006103s]
Building seed filter...  [0.683938s]
Searching alignments...  [2.29795s]
Processing query chunk 0, reference chunk 3, shape 1, index chunk 1.
Building reference index...  [25.6957s]
Building query index...  [0.006784s]
Building seed filter...  [0.711651s]
Searching alignments...  [2.31454s]
Processing query chunk 0, reference chunk 3, shape 1, index chunk 2.
Building reference index...  [26.7359s]
Building query index...  [0.007166s]
Building seed filter...  [0.702728s]
Searching alignments...  [2.2048s]
Processing query chunk 0, reference chunk 3, shape 1, index chunk 3.
Building reference index...  [22.3633s]
Building query index...  [0.005965s]
Building seed filter...  [0.692949s]
Searching alignments...  [2.31426s]
Processing query chunk 0, reference chunk 3, shape 2, index chunk 0.
Building reference index...  [23.0242s]
Building query index...  [0.006286s]
Building seed filter...  [0.705765s]
Searching alignments...  [2.58338s]
Processing query chunk 0, reference chunk 3, shape 2, index chunk 1.
Building reference index...  [26.0689s]
Building query index...  [0.006945s]
Building seed filter...  [0.708025s]
Searching alignments...  [2.42991s]
Processing query chunk 0, reference chunk 3, shape 2, index chunk 2.
Building reference index...  [27.0895s]
Building query index...  [0.007468s]
Building seed filter...  [0.71395s]
Searching alignments...  [2.41891s]
Processing query chunk 0, reference chunk 3, shape 2, index chunk 3.
Building reference index...  [22.7389s]
Building query index...  [0.005809s]
Building seed filter...  [0.71505s]
Searching alignments...  [2.35243s]
Processing query chunk 0, reference chunk 3, shape 3, index chunk 0.
Building reference index...  [22.7613s]
Building query index...  [0.006039s]
Building seed filter...  [0.689822s]
Searching alignments...  [2.37866s]
Processing query chunk 0, reference chunk 3, shape 3, index chunk 1.
Building reference index...  [25.9357s]
Building query index...  [0.00679s]
Building seed filter...  [0.668973s]
Searching alignments...  [2.31712s]
Processing query chunk 0, reference chunk 3, shape 3, index chunk 2.
Building reference index...  [27.0795s]
Building query index...  [0.007335s]
Building seed filter...  [0.694973s]
Searching alignments...  [2.46829s]
Processing query chunk 0, reference chunk 3, shape 3, index chunk 3.
Building reference index...  [22.7936s]
Building query index...  [0.005876s]
Building seed filter...  [0.688672s]
Searching alignments...  [2.30455s]
Processing query chunk 0, reference chunk 3, shape 4, index chunk 0.
Building reference index...  [22.5747s]
Building query index...  [0.005982s]
Building seed filter...  [0.684708s]
Searching alignments...  [2.32929s]
Processing query chunk 0, reference chunk 3, shape 4, index chunk 1.
Building reference index...  [25.7442s]
Building query index...  [0.006902s]
Building seed filter...  [0.680351s]
Searching alignments...  [2.39712s]
Processing query chunk 0, reference chunk 3, shape 4, index chunk 2.
Building reference index...  [26.7798s]
Building query index...  [0.007338s]
Building seed filter...  [0.668748s]
Searching alignments...  [2.39028s]
Processing query chunk 0, reference chunk 3, shape 4, index chunk 3.
Building reference index...  [22.4561s]
Building query index...  [0.005913s]
Building seed filter...  [0.691583s]
Searching alignments...  [2.33072s]
Processing query chunk 0, reference chunk 3, shape 5, index chunk 0.
Building reference index...  [22.8053s]
Building query index...  [0.00635s]
Building seed filter...  [0.665867s]
Searching alignments...  [2.46479s]
Processing query chunk 0, reference chunk 3, shape 5, index chunk 1.
Building reference index...  [25.9844s]
Building query index...  [0.007161s]
Building seed filter...  [0.696411s]
Searching alignments...  [2.36414s]
Processing query chunk 0, reference chunk 3, shape 5, index chunk 2.
Building reference index...  [26.9442s]
Building query index...  [0.007213s]
Building seed filter...  [0.692208s]
Searching alignments...  [2.31717s]
Processing query chunk 0, reference chunk 3, shape 5, index chunk 3.
Building reference index...  [22.5273s]
Building query index...  [0.005715s]
Building seed filter...  [0.686722s]
Searching alignments...  [2.36614s]
Processing query chunk 0, reference chunk 3, shape 6, index chunk 0.
Building reference index...  [22.6069s]
Building query index...  [0.005761s]
Building seed filter...  [0.689962s]
Searching alignments...  [2.27852s]
Processing query chunk 0, reference chunk 3, shape 6, index chunk 1.
Building reference index...  [25.6539s]
Building query index...  [0.007285s]
Building seed filter...  [0.694203s]
Searching alignments...  [2.2358s]
Processing query chunk 0, reference chunk 3, shape 6, index chunk 2.
Building reference index...  [26.6476s]
Building query index...  [0.007516s]
Building seed filter...  [0.705254s]
Searching alignments...  [2.26062s]
Processing query chunk 0, reference chunk 3, shape 6, index chunk 3.
Building reference index...  [22.3697s]
Building query index...  [0.006101s]
Building seed filter...  [0.681973s]
Searching alignments...  [2.21366s]
Processing query chunk 0, reference chunk 3, shape 7, index chunk 0.
Building reference index...  [22.5548s]
Building query index...  [0.006018s]
Building seed filter...  [0.687541s]
Searching alignments...  [2.31643s]
Processing query chunk 0, reference chunk 3, shape 7, index chunk 1.
Building reference index...  [25.7861s]
Building query index...  [0.006749s]
Building seed filter...  [0.688212s]
Searching alignments...  [2.34382s]
Processing query chunk 0, reference chunk 3, shape 7, index chunk 2.
Building reference index...  [26.7156s]
Building query index...  [0.006981s]
Building seed filter...  [0.692608s]
Searching alignments...  [2.40387s]
Processing query chunk 0, reference chunk 3, shape 7, index chunk 3.
Building reference index...  [22.346s]
Building query index...  [0.005925s]
Building seed filter...  [0.711189s]
Searching alignments...  [2.39884s]
Processing query chunk 0, reference chunk 3, shape 8, index chunk 0.
Building reference index...  [22.7475s]
Building query index...  [0.006107s]
Building seed filter...  [0.712676s]
Searching alignments...  [2.34019s]
Processing query chunk 0, reference chunk 3, shape 8, index chunk 1.
Building reference index...  [25.9394s]
Building query index...  [0.006674s]
Building seed filter...  [0.712257s]
Searching alignments...  [2.46844s]
Processing query chunk 0, reference chunk 3, shape 8, index chunk 2.
Building reference index...  [27.0229s]
Building query index...  [0.007195s]
Building seed filter...  [0.697013s]
Searching alignments...  [2.52503s]
Processing query chunk 0, reference chunk 3, shape 8, index chunk 3.
Building reference index...  [22.6276s]
Building query index...  [0.005937s]
Building seed filter...  [0.690666s]
Searching alignments...  [2.3934s]
Processing query chunk 0, reference chunk 3, shape 9, index chunk 0.
Building reference index...  [22.5202s]
Building query index...  [0.006081s]
Building seed filter...  [0.685257s]
Searching alignments...  [2.18706s]
Processing query chunk 0, reference chunk 3, shape 9, index chunk 1.
Building reference index...  [25.6339s]
Building query index...  [0.00678s]
Building seed filter...  [0.693815s]
Searching alignments...  [2.23297s]
Processing query chunk 0, reference chunk 3, shape 9, index chunk 2.
Building reference index...  [26.6497s]
Building query index...  [0.007208s]
Building seed filter...  [0.699868s]
Searching alignments...  [2.26651s]
Processing query chunk 0, reference chunk 3, shape 9, index chunk 3.
Building reference index...  [22.2956s]
Building query index...  [0.006135s]
Building seed filter...  [0.675857s]
Searching alignments...  [2.20056s]
Processing query chunk 0, reference chunk 3, shape 10, index chunk 0.
Building reference index...  [22.5746s]
Building query index...  [0.005998s]
Building seed filter...  [0.682764s]
Searching alignments...  [2.35185s]
Processing query chunk 0, reference chunk 3, shape 10, index chunk 1.
Building reference index...  [25.9448s]
Building query index...  [0.006834s]
Building seed filter...  [0.712391s]
Searching alignments...  [2.34491s]
Processing query chunk 0, reference chunk 3, shape 10, index chunk 2.
Building reference index...  [26.9632s]
Building query index...  [0.006936s]
Building seed filter...  [0.69918s]
Searching alignments...  [2.43742s]
Processing query chunk 0, reference chunk 3, shape 10, index chunk 3.
Building reference index...  [22.6436s]
Building query index...  [0.006145s]
Building seed filter...  [0.701975s]
Searching alignments...  [2.42417s]
Processing query chunk 0, reference chunk 3, shape 11, index chunk 0.
Building reference index...  [22.4023s]
Building query index...  [0.005995s]
Building seed filter...  [0.687143s]
Searching alignments...  [2.26933s]
Processing query chunk 0, reference chunk 3, shape 11, index chunk 1.
Building reference index...  [25.5959s]
Building query index...  [0.007006s]
Building seed filter...  [0.671817s]
Searching alignments...  [2.24004s]
Processing query chunk 0, reference chunk 3, shape 11, index chunk 2.
Building reference index...  [26.6101s]
Building query index...  [0.006974s]
Building seed filter...  [0.693836s]
Searching alignments...  [2.21902s]
Processing query chunk 0, reference chunk 3, shape 11, index chunk 3.
Building reference index...  [22.2465s]
Building query index...  [0.005863s]
Building seed filter...  [0.705739s]
Searching alignments...  [2.23562s]
Processing query chunk 0, reference chunk 3, shape 12, index chunk 0.
Building reference index...  [22.4725s]
Building query index...  [0.005951s]
Building seed filter...  [0.708643s]
Searching alignments...  [2.31512s]
Processing query chunk 0, reference chunk 3, shape 12, index chunk 1.
Building reference index...  [25.6293s]
Building query index...  [0.006813s]
Building seed filter...  [0.692366s]
Searching alignments...  [2.33191s]
Processing query chunk 0, reference chunk 3, shape 12, index chunk 2.
Building reference index...  [26.5209s]
Building query index...  [0.00712s]
Building seed filter...  [0.690583s]
Searching alignments...  [2.5455s]
Processing query chunk 0, reference chunk 3, shape 12, index chunk 3.
Building reference index...  [22.2673s]
Building query index...  [0.006086s]
Building seed filter...  [0.695792s]
Searching alignments...  [2.23409s]
Processing query chunk 0, reference chunk 3, shape 13, index chunk 0.
Building reference index...  [22.5848s]
Building query index...  [0.00608s]
Building seed filter...  [0.689745s]
Searching alignments...  [2.37452s]
Processing query chunk 0, reference chunk 3, shape 13, index chunk 1.
Building reference index...  [25.8152s]
Building query index...  [0.006613s]
Building seed filter...  [0.701776s]
Searching alignments...  [2.288s]
Processing query chunk 0, reference chunk 3, shape 13, index chunk 2.
Building reference index...  [26.7205s]
Building query index...  [0.007145s]
Building seed filter...  [0.707314s]
Searching alignments...  [2.33587s]
Processing query chunk 0, reference chunk 3, shape 13, index chunk 3.
Building reference index...  [22.5464s]
Building query index...  [0.005726s]
Building seed filter...  [0.698972s]
Searching alignments...  [2.31367s]
Processing query chunk 0, reference chunk 3, shape 14, index chunk 0.
Building reference index...  [22.5994s]
Building query index...  [0.006117s]
Building seed filter...  [0.696621s]
Searching alignments...  [2.36533s]
Processing query chunk 0, reference chunk 3, shape 14, index chunk 1.
Building reference index...  [25.8508s]
Building query index...  [0.00658s]
Building seed filter...  [0.692374s]
Searching alignments...  [2.27119s]
Processing query chunk 0, reference chunk 3, shape 14, index chunk 2.
Building reference index...  [26.7973s]
Building query index...  [0.006994s]
Building seed filter...  [0.706979s]
Searching alignments...  [2.40977s]
Processing query chunk 0, reference chunk 3, shape 14, index chunk 3.
Building reference index...  [22.4119s]
Building query index...  [0.006068s]
Building seed filter...  [0.692229s]
Searching alignments...  [2.3536s]
Processing query chunk 0, reference chunk 3, shape 15, index chunk 0.
Building reference index...  [22.4485s]
Building query index...  [0.006153s]
Building seed filter...  [0.661469s]
Searching alignments...  [2.30163s]
Processing query chunk 0, reference chunk 3, shape 15, index chunk 1.
Building reference index...  [25.5863s]
Building query index...  [0.006737s]
Building seed filter...  [0.688635s]
Searching alignments...  [2.31741s]
Processing query chunk 0, reference chunk 3, shape 15, index chunk 2.
Building reference index...  [26.6982s]
Building query index...  [0.007217s]
Building seed filter...  [0.684439s]
Searching alignments...  [2.27547s]
Processing query chunk 0, reference chunk 3, shape 15, index chunk 3.
Building reference index...  [22.2838s]
Building query index...  [0.005797s]
Building seed filter...  [0.685427s]
Searching alignments...  [2.24082s]
Deallocating buffers...  [0.010573s]
Opening temporary output file...  [0.002728s]
Computing alignments...  [8.45713s]
Deallocating reference...  [0.00618s]
Loading reference sequences...  [0.532287s]
Building reference histograms...  [21.6387s]
Allocating buffers...  [6.5e-05s]
Initializing temporary storage...  [0.004075s]
Processing query chunk 0, reference chunk 4, shape 0, index chunk 0.
Building reference index...  [4.62483s]
Building query index...  [0.005969s]
Building seed filter...  [0.190073s]
Searching alignments...  [0.494376s]
Processing query chunk 0, reference chunk 4, shape 0, index chunk 1.
Building reference index...  [5.23441s]
Building query index...  [0.006646s]
Building seed filter...  [0.193348s]
Searching alignments...  [0.463118s]
Processing query chunk 0, reference chunk 4, shape 0, index chunk 2.
Building reference index...  [5.47656s]
Building query index...  [0.007481s]
Building seed filter...  [0.184278s]
Searching alignments...  [0.454401s]
Processing query chunk 0, reference chunk 4, shape 0, index chunk 3.
Building reference index...  [4.56584s]
Building query index...  [0.006134s]
Building seed filter...  [0.186055s]
Searching alignments...  [0.450204s]
Processing query chunk 0, reference chunk 4, shape 1, index chunk 0.
Building reference index...  [4.54088s]
Building query index...  [0.005937s]
Building seed filter...  [0.181592s]
Searching alignments...  [0.426095s]
Processing query chunk 0, reference chunk 4, shape 1, index chunk 1.
Building reference index...  [5.20024s]
Building query index...  [0.006992s]
Building seed filter...  [0.176209s]
Searching alignments...  [0.42285s]
Processing query chunk 0, reference chunk 4, shape 1, index chunk 2.
Building reference index...  [5.36655s]
Building query index...  [0.007173s]
Building seed filter...  [0.181986s]
Searching alignments...  [0.396855s]
Processing query chunk 0, reference chunk 4, shape 1, index chunk 3.
Building reference index...  [4.47185s]
Building query index...  [0.006047s]
Building seed filter...  [0.184037s]
Searching alignments...  [0.413423s]
Processing query chunk 0, reference chunk 4, shape 2, index chunk 0.
Building reference index...  [4.59084s]
Building query index...  [0.005782s]
Building seed filter...  [0.178133s]
Searching alignments...  [0.441437s]
Processing query chunk 0, reference chunk 4, shape 2, index chunk 1.
Building reference index...  [5.24731s]
Building query index...  [0.007033s]
Building seed filter...  [0.191782s]
Searching alignments...  [0.445144s]
Processing query chunk 0, reference chunk 4, shape 2, index chunk 2.
Building reference index...  [5.43603s]
Building query index...  [0.007325s]
Building seed filter...  [0.188582s]
Searching alignments...  [0.462916s]
Processing query chunk 0, reference chunk 4, shape 2, index chunk 3.
Building reference index...  [4.52257s]
Building query index...  [0.00589s]
Building seed filter...  [0.186256s]
Searching alignments...  [0.436271s]
Processing query chunk 0, reference chunk 4, shape 3, index chunk 0.
Building reference index...  [4.55889s]
Building query index...  [0.00586s]
Building seed filter...  [0.181102s]
Searching alignments...  [0.434664s]
Processing query chunk 0, reference chunk 4, shape 3, index chunk 1.
Building reference index...  [5.20048s]
Building query index...  [0.006656s]
Building seed filter...  [0.180688s]
Searching alignments...  [0.431841s]
Processing query chunk 0, reference chunk 4, shape 3, index chunk 2.
Building reference index...  [5.42267s]
Building query index...  [0.006734s]
Building seed filter...  [0.187839s]
Searching alignments...  [0.433143s]
Processing query chunk 0, reference chunk 4, shape 3, index chunk 3.
Building reference index...  [4.49933s]
Building query index...  [0.005908s]
Building seed filter...  [0.184915s]
Searching alignments...  [0.430442s]
Processing query chunk 0, reference chunk 4, shape 4, index chunk 0.
Building reference index...  [4.51332s]
Building query index...  [0.005761s]
Building seed filter...  [0.180504s]
Searching alignments...  [0.426483s]
Processing query chunk 0, reference chunk 4, shape 4, index chunk 1.
Building reference index...  [5.15892s]
Building query index...  [0.006541s]
Building seed filter...  [0.177898s]
Searching alignments...  [0.433684s]
Processing query chunk 0, reference chunk 4, shape 4, index chunk 2.
Building reference index...  [5.36669s]
Building query index...  [0.00725s]
Building seed filter...  [0.19085s]
Searching alignments...  [0.427873s]
Processing query chunk 0, reference chunk 4, shape 4, index chunk 3.
Building reference index...  [4.47103s]
Building query index...  [0.005709s]
Building seed filter...  [0.186948s]
Searching alignments...  [0.432541s]
Processing query chunk 0, reference chunk 4, shape 5, index chunk 0.
Building reference index...  [4.52349s]
Building query index...  [0.005937s]
Building seed filter...  [0.194172s]
Searching alignments...  [0.437323s]
Processing query chunk 0, reference chunk 4, shape 5, index chunk 1.
Building reference index...  [5.20584s]
Building query index...  [0.006789s]
Building seed filter...  [0.18386s]
Searching alignments...  [0.427515s]
Processing query chunk 0, reference chunk 4, shape 5, index chunk 2.
Building reference index...  [5.41135s]
Building query index...  [0.007278s]
Building seed filter...  [0.188556s]
Searching alignments...  [0.428882s]
Processing query chunk 0, reference chunk 4, shape 5, index chunk 3.
Building reference index...  [4.48097s]
Building query index...  [0.005722s]
Building seed filter...  [0.183656s]
Searching alignments...  [0.432277s]
Processing query chunk 0, reference chunk 4, shape 6, index chunk 0.
Building reference index...  [4.48963s]
Building query index...  [0.005868s]
Building seed filter...  [0.184862s]
Searching alignments...  [0.415146s]
Processing query chunk 0, reference chunk 4, shape 6, index chunk 1.
Building reference index...  [5.19239s]
Building query index...  [0.006656s]
Building seed filter...  [0.170154s]
Searching alignments...  [0.415345s]
Processing query chunk 0, reference chunk 4, shape 6, index chunk 2.
Building reference index...  [5.36651s]
Building query index...  [0.007015s]
Building seed filter...  [0.178857s]
Searching alignments...  [0.408714s]
Processing query chunk 0, reference chunk 4, shape 6, index chunk 3.
Building reference index...  [4.46804s]
Building query index...  [0.0059s]
Building seed filter...  [0.179919s]
Searching alignments...  [0.407755s]
Processing query chunk 0, reference chunk 4, shape 7, index chunk 0.
Building reference index...  [4.5112s]
Building query index...  [0.005816s]
Building seed filter...  [0.175344s]
Searching alignments...  [0.414581s]
Processing query chunk 0, reference chunk 4, shape 7, index chunk 1.
Building reference index...  [5.17681s]
Building query index...  [0.006795s]
Building seed filter...  [0.174089s]
Searching alignments...  [0.417496s]
Processing query chunk 0, reference chunk 4, shape 7, index chunk 2.
Building reference index...  [5.36913s]
Building query index...  [0.007939s]
Building seed filter...  [0.184551s]
Searching alignments...  [0.415966s]
Processing query chunk 0, reference chunk 4, shape 7, index chunk 3.
Building reference index...  [4.48039s]
Building query index...  [0.0057s]
Building seed filter...  [0.18238s]
Searching alignments...  [0.423555s]
Processing query chunk 0, reference chunk 4, shape 8, index chunk 0.
Building reference index...  [4.58582s]
Building query index...  [0.005611s]
Building seed filter...  [0.180471s]
Searching alignments...  [0.415742s]
Processing query chunk 0, reference chunk 4, shape 8, index chunk 1.
Building reference index...  [5.21354s]
Building query index...  [0.006758s]
Building seed filter...  [0.188327s]
Searching alignments...  [0.431142s]
Processing query chunk 0, reference chunk 4, shape 8, index chunk 2.
Building reference index...  [5.43185s]
Building query index...  [0.007143s]
Building seed filter...  [0.179137s]
Searching alignments...  [0.438198s]
Processing query chunk 0, reference chunk 4, shape 8, index chunk 3.
Building reference index...  [4.52975s]
Building query index...  [0.005634s]
Building seed filter...  [0.187695s]
Searching alignments...  [0.425614s]
Processing query chunk 0, reference chunk 4, shape 9, index chunk 0.
Building reference index...  [4.49657s]
Building query index...  [0.006506s]
Building seed filter...  [0.17982s]
Searching alignments...  [0.395286s]
Processing query chunk 0, reference chunk 4, shape 9, index chunk 1.
Building reference index...  [5.14973s]
Building query index...  [0.006745s]
Building seed filter...  [0.183731s]
Searching alignments...  [0.400878s]
Processing query chunk 0, reference chunk 4, shape 9, index chunk 2.
Building reference index...  [5.35823s]
Building query index...  [0.007013s]
Building seed filter...  [0.179347s]
Searching alignments...  [0.398369s]
Processing query chunk 0, reference chunk 4, shape 9, index chunk 3.
Building reference index...  [4.46387s]
Building query index...  [0.005761s]
Building seed filter...  [0.176732s]
Searching alignments...  [0.395958s]
Processing query chunk 0, reference chunk 4, shape 10, index chunk 0.
Building reference index...  [4.51781s]
Building query index...  [0.006562s]
Building seed filter...  [0.183732s]
Searching alignments...  [0.415684s]
Processing query chunk 0, reference chunk 4, shape 10, index chunk 1.
Building reference index...  [5.17747s]
Building query index...  [0.006681s]
Building seed filter...  [0.180716s]
Searching alignments...  [0.412575s]
Processing query chunk 0, reference chunk 4, shape 10, index chunk 2.
Building reference index...  [5.38842s]
Building query index...  [0.00721s]
Building seed filter...  [0.186401s]
Searching alignments...  [0.420197s]
Processing query chunk 0, reference chunk 4, shape 10, index chunk 3.
Building reference index...  [4.50349s]
Building query index...  [0.005921s]
Building seed filter...  [0.181018s]
Searching alignments...  [0.443869s]
Processing query chunk 0, reference chunk 4, shape 11, index chunk 0.
Building reference index...  [4.48157s]
Building query index...  [0.005734s]
Building seed filter...  [0.185921s]
Searching alignments...  [0.408701s]
Processing query chunk 0, reference chunk 4, shape 11, index chunk 1.
Building reference index...  [5.12446s]
Building query index...  [0.007008s]
Building seed filter...  [0.170566s]
Searching alignments...  [0.408218s]
Processing query chunk 0, reference chunk 4, shape 11, index chunk 2.
Building reference index...  [5.33588s]
Building query index...  [0.006824s]
Building seed filter...  [0.178494s]
Searching alignments...  [0.40995s]
Processing query chunk 0, reference chunk 4, shape 11, index chunk 3.
Building reference index...  [4.45549s]
Building query index...  [0.005941s]
Building seed filter...  [0.177052s]
Searching alignments...  [0.406369s]
Processing query chunk 0, reference chunk 4, shape 12, index chunk 0.
Building reference index...  [4.48112s]
Building query index...  [0.006029s]
Building seed filter...  [0.190183s]
Searching alignments...  [0.420788s]
Processing query chunk 0, reference chunk 4, shape 12, index chunk 1.
Building reference index...  [5.14058s]
Building query index...  [0.006701s]
Building seed filter...  [0.183341s]
Searching alignments...  [0.417828s]
Processing query chunk 0, reference chunk 4, shape 12, index chunk 2.
Building reference index...  [5.34299s]
Building query index...  [0.007048s]
Building seed filter...  [0.174535s]
Searching alignments...  [0.416359s]
Processing query chunk 0, reference chunk 4, shape 12, index chunk 3.
Building reference index...  [4.44785s]
Building query index...  [0.005814s]
Building seed filter...  [0.183023s]
Searching alignments...  [0.395608s]
Processing query chunk 0, reference chunk 4, shape 13, index chunk 0.
Building reference index...  [4.49322s]
Building query index...  [0.005737s]
Building seed filter...  [0.176389s]
Searching alignments...  [0.412258s]
Processing query chunk 0, reference chunk 4, shape 13, index chunk 1.
Building reference index...  [5.15916s]
Building query index...  [0.006773s]
Building seed filter...  [0.184778s]
Searching alignments...  [0.423284s]
Processing query chunk 0, reference chunk 4, shape 13, index chunk 2.
Building reference index...  [5.38267s]
Building query index...  [0.007904s]
Building seed filter...  [0.171766s]
Searching alignments...  [0.408461s]
Processing query chunk 0, reference chunk 4, shape 13, index chunk 3.
Building reference index...  [4.46524s]
Building query index...  [0.005763s]
Building seed filter...  [0.184376s]
Searching alignments...  [0.402945s]
Processing query chunk 0, reference chunk 4, shape 14, index chunk 0.
Building reference index...  [4.51262s]
Building query index...  [0.006239s]
Building seed filter...  [0.183736s]
Searching alignments...  [0.415517s]
Processing query chunk 0, reference chunk 4, shape 14, index chunk 1.
Building reference index...  [5.17618s]
Building query index...  [0.006611s]
Building seed filter...  [0.176048s]
Searching alignments...  [0.406601s]
Processing query chunk 0, reference chunk 4, shape 14, index chunk 2.
Building reference index...  [5.36004s]
Building query index...  [0.006927s]
Building seed filter...  [0.182325s]
Searching alignments...  [0.432308s]
Processing query chunk 0, reference chunk 4, shape 14, index chunk 3.
Building reference index...  [4.48332s]
Building query index...  [0.006089s]
Building seed filter...  [0.185137s]
Searching alignments...  [0.418708s]
Processing query chunk 0, reference chunk 4, shape 15, index chunk 0.
Building reference index...  [4.48602s]
Building query index...  [0.005847s]
Building seed filter...  [0.182325s]
Searching alignments...  [0.407132s]
Processing query chunk 0, reference chunk 4, shape 15, index chunk 1.
Building reference index...  [5.14662s]
Building query index...  [0.006706s]
Building seed filter...  [0.182082s]
Searching alignments...  [0.410439s]
Processing query chunk 0, reference chunk 4, shape 15, index chunk 2.
Building reference index...  [5.32257s]
Building query index...  [0.006921s]
Building seed filter...  [0.184192s]
Searching alignments...  [0.4119s]
Processing query chunk 0, reference chunk 4, shape 15, index chunk 3.
Building reference index...  [4.45207s]
Building query index...  [0.005695s]
Building seed filter...  [0.181295s]
Searching alignments...  [0.407753s]
Deallocating buffers...  [0.002234s]
Opening temporary output file...  [0.00308s]
Computing alignments...  [1.05596s]
Deallocating reference...  [0.002848s]
Loading reference sequences...  [3.8e-05s]
Deallocating buffers...  [0.000132s]
Joining output blocks...  [0.043212s]
Deallocating queries...  [0.007804s]
Loading query sequences...  [1.7e-05s]
Closing the input file...  [1.4e-05s]
Closing the output file...  [0.000304s]
Closing the database file...  [1.5e-05s]
Deallocating taxonomy...  [4e-06s]
Total time = 8036.15s
Reported 11932 pairwise alignments, 11932 HSPs.
1736 queries aligned.
/vortexfs1/home/ngermolus/eggnog-mapper/bin/diamond /vortexfs1/home/ngermolus/eggnog-mapper
#  emapper-2.0.1
# ./emapper.py  -i /vortexfs1/omics/env-bio/collaboration/genome-streamlining/data/Proteins/AAA298-K06_proteins.faa --output /vortexfs1/omics/env-bio/collaboration/genome-streamlining/data/eggNOGged/AAA298-K06_proteins_maNOG.txt -m diamond
[1;33m  /vortexfs1/home/ngermolus/eggnog-mapper/bin/diamond blastp -d /vortexfs1/home/ngermolus/eggnog-mapper/data/eggnog_proteins.dmnd -q /vortexfs1/omics/env-bio/collaboration/genome-streamlining/data/Proteins/AAA298-K06_proteins.faa --more-sensitive --threads 2 -e 0.001000 -o /vortexfs1/omics/env-bio/collaboration/genome-streamlining/Genome-Streamline/scripts/emappertmp_dmdn_5Tf5Wa/9b41756236fe4ab0ba8ac1821b981e94 --top 3 --query-cover 0 --subject-cover 0[0m
[32mFunctional annotation of refined hits starts now[0m
500 58.0101997852 8.62 q/s (func. annotation)
1000 99.0711297989 10.09 q/s (func. annotation)
1500 133.186029911 11.26 q/s (func. annotation)
[1;34m Processed queries:1705 total_time:146.377120972 rate:11.65 q/s[0m
[32mDone[0m
   /vortexfs1/omics/env-bio/collaboration/genome-streamlining/data/eggNOGged/AAA298-K06_proteins_maNOG.txt.emapper.seed_orthologs
   /vortexfs1/omics/env-bio/collaboration/genome-streamlining/data/eggNOGged/AAA298-K06_proteins_maNOG.txt.emapper.annotations
Total time: 8182.65 secs

================================================================================
CITATION:
If you use this software, please cite:

[1] Fast genome-wide functional annotation through orthology assignment by
      eggNOG-mapper. Jaime Huerta-Cepas, Kristoffer Forslund, Luis Pedro Coelho,
      Damian Szklarczyk, Lars Juhl Jensen, Christian von Mering and Peer Bork.
      Mol Biol Evol (2017). doi: https://doi.org/10.1093/molbev/msx148

[2] eggNOG 5.0: a hierarchical, functionally and phylogenetically annotated
      orthology resource based on 5090 organisms and 2502 viruses. Jaime
      Huerta-Cepas, Damian Szklarczyk, Davide Heller, Ana Hernandez-Plaza,
      Sofia K Forslund, Helen Cook, Daniel R Mende, Ivica Letunic, Thomas
      Rattei, Lars J Jensen, Christian von Mering and Peer Bork. Nucleic Acids
      Research, Volume 47, Issue D1, 8 January 2019, Pages D309-D314,
      https://doi.org/10.1093/nar/gky1085 
[3] Fast and Sensitive Protein Alignment using DIAMOND. Buchfink B, Xie C,
       Huson DH. 2015. Nat. Methods [Internet] 12.


(e.g. Functional annotation was performed using emapper-2.0.1 [1]
 based on eggNOG orthology data [2]. Sequence searches were performed
 using [3].)

================================================================================

