Read 52690 spots for ERR833456
Written 52690 spots for ERR833456
Read 5144 spots for ERR833450
Written 5144 spots for ERR833450
Read 49878 spots for ERR833451
Written 49878 spots for ERR833451
Read 54538 spots for ERR833449
Written 54538 spots for ERR833449
Read 22088 spots for ERR833448
Written 22088 spots for ERR833448
Read 30025 spots for ERR833447
Written 30025 spots for ERR833447
Read 5748 spots for ERR833490
Written 5748 spots for ERR833490
Read 47827 spots for ERR833491
Written 47827 spots for ERR833491
Read 5450 spots for ERR833487
Written 5450 spots for ERR833487
Read 45464 spots for ERR833488
Written 45464 spots for ERR833488
Read 5142 spots for ERR833439
Written 5142 spots for ERR833439
Read 168862 spots for ERR833440
Written 168862 spots for ERR833440
Read 29686 spots for ERR833437
Written 29686 spots for ERR833437
Read 355 spots for ERR833436
Written 355 spots for ERR833436
Read 29733 spots for ERR833435
Written 29733 spots for ERR833435
Read 350 spots for ERR833434
Written 350 spots for ERR833434
Read 4891 spots for ERR833427
Written 4891 spots for ERR833427
Read 4798 spots for ERR833429
Written 4798 spots for ERR833429
Read 160618 spots for ERR833431
Written 160618 spots for ERR833431
Read 357 spots for ERR833426
Written 357 spots for ERR833426
Read 356 spots for ERR833428
Written 356 spots for ERR833428
Read 5428 spots for ERR833430
Written 5428 spots for ERR833430
Read 53312 spots for ERR833424
Written 53312 spots for ERR833424
Read 352 spots for ERR833425
Written 352 spots for ERR833425
Read 3919 spots for ERR833418
Written 3919 spots for ERR833418
Read 48877 spots for ERR833419
Written 48877 spots for ERR833419
Read 1382198 spots for SRR066139
Written 1382198 spots for SRR066139
Read 717079 spots for ERR833417
Written 717079 spots for ERR833417
Read 665119 spots for ERR833416
Written 665119 spots for ERR833416
Read 24946 spots for ERR833420
Written 24946 spots for ERR833420
Read 22909 spots for ERR833421
Written 22909 spots for ERR833421
Read 28568 spots for ERR833415
Written 28568 spots for ERR833415
Read 5331 spots for ERR833408
Written 5331 spots for ERR833408
Read 48751 spots for ERR833409
Written 48751 spots for ERR833409
Read 29279 spots for ERR833406
Written 29279 spots for ERR833406
Read 5566 spots for ERR833400
Written 5566 spots for ERR833400
Read 25158 spots for ERR833401
Written 25158 spots for ERR833401
2019-10-15T21:52:11 fastq-dump.2.10.0 err: timeout exhausted while waiting condition within process system module - failed ERR833396

=============================================================
An error occurred during processing.
A report was generated into the file '/vortexfs1/home/ztobias/ncbi_error_report.txt'.
If the problem persists, you may consider sending the file
to 'sra-tools@ncbi.nlm.nih.gov' for assistance.
=============================================================

Read 580349 spots for ERR833397
Written 580349 spots for ERR833397
Read 586506 spots for ERR833398
Written 586506 spots for ERR833398
Read 477915 spots for ERR833399
Written 477915 spots for ERR833399
Read 1156498 spots for SRR066138
Written 1156498 spots for SRR066138
Read 23964 spots for ERR833403
Written 23964 spots for ERR833403
Read 24142 spots for ERR833402
Written 24142 spots for ERR833402
Read 1360719 spots for SRR1298979
Written 1360719 spots for SRR1298979
Read 1355403 spots for SRR1303832
Written 1355403 spots for SRR1303832
Read 1420667 spots for SRR1298978
Written 1420667 spots for SRR1298978
Read 1141282 spots for SRR1303811
Written 1141282 spots for SRR1303811
Read 45007 spots for ERR833329
Written 45007 spots for ERR833329
Read 44069 spots for ERR833326
Written 44069 spots for ERR833326
Read 23126 spots for ERR833327
Written 23126 spots for ERR833327
Read 4606 spots for ERR833328
Written 4606 spots for ERR833328
Read 103439 spots for ERR833331
Written 103439 spots for ERR833331
Read 32350 spots for ERR833314
Written 32350 spots for ERR833314
Read 92441 spots for ERR833302
Written 92441 spots for ERR833302
Read 107636 spots for ERR833301
Written 107636 spots for ERR833301
Read 211147 spots for ERR833306
Written 211147 spots for ERR833306
Read 64776 spots for ERR833311
Written 64776 spots for ERR833311
Read 63583 spots for ERR833303
Written 63583 spots for ERR833303
Read 37700 spots for ERR833313
Written 37700 spots for ERR833313
Read 173179 spots for ERR833304
Written 173179 spots for ERR833304
Read 277 spots for ERR833305
Written 277 spots for ERR833305
Read 68021 spots for ERR833312
Written 68021 spots for ERR833312
Read 48513 spots for ERR833300
Written 48513 spots for ERR833300
Read 624 spots for ERR833299
Written 624 spots for ERR833299
Read 57891 spots for ERR833298
Written 57891 spots for ERR833298
Read 64481 spots for ERR833296
Written 64481 spots for ERR833296
Read 51599 spots for ERR833295
Written 51599 spots for ERR833295
Read 57120 spots for ERR833294
Written 57120 spots for ERR833294
Read 55730 spots for ERR833292
Written 55730 spots for ERR833292
Read 70308 spots for ERR833290
Written 70308 spots for ERR833290
Read 120108 spots for ERR833289
Written 120108 spots for ERR833289
Read 52994 spots for ERR833288
Written 52994 spots for ERR833288
Read 53578 spots for ERR833287
Written 53578 spots for ERR833287
Read 54229 spots for ERR833286
Written 54229 spots for ERR833286
Read 1204425 spots for SRR037008
Written 1204425 spots for SRR037008
Read 578707 spots for SRR062167
Written 578707 spots for SRR062167
Read 498495 spots for SRR062168
Written 498495 spots for SRR062168
Read 462165 spots for SRR062238
Written 462165 spots for SRR062238
Read 274421 spots for SRR062169
Written 274421 spots for SRR062169
Read 274421 spots for SRR062170
Written 274421 spots for SRR062170
Read 581621 spots for SRR062239
Written 581621 spots for SRR062239
Read 339608 spots for SRR062171
Written 339608 spots for SRR062171
Read 524087 spots for SRR062172
Written 524087 spots for SRR062172
Read 371725 spots for SRR062240
Written 371725 spots for SRR062240
Read 66634 spots for ERR833285
Written 66634 spots for ERR833285
Read 35085 spots for ERR833280
Written 35085 spots for ERR833280
Read 36932 spots for ERR833279
Written 36932 spots for ERR833279
Read 60140 spots for ERR833278
Written 60140 spots for ERR833278
Read 52997 spots for ERR833272
Written 52997 spots for ERR833272
Read 24685 spots for ERR833273
Written 24685 spots for ERR833273
Read 19003 spots for ERR833277
Written 19003 spots for ERR833277
Read 23261 spots for ERR833275
Written 23261 spots for ERR833275
Read 21615 spots for ERR833276
Written 21615 spots for ERR833276
Read 19733 spots for ERR833274
Written 19733 spots for ERR833274
Read 616793 spots for ERR010482
Written 616793 spots for ERR010482
Read 826289 spots for ERR010483
Written 826289 spots for ERR010483
Read 784823 spots for ERR010486
Written 784823 spots for ERR010486
Read 421021 spots for ERR010488
Written 421021 spots for ERR010488
Read 637801 spots for ERR010489
Written 637801 spots for ERR010489
Read 493003 spots for ERR010492
Written 493003 spots for ERR010492
Read 326475 spots for ERR010496
Written 326475 spots for ERR010496
Read 620759 spots for ERR010498
Written 620759 spots for ERR010498
Read 500117 spots for ERR010494
Written 500117 spots for ERR010494
Read 524953 spots for ERR010500
Written 524953 spots for ERR010500
Read 671375 spots for ERR091522
Written 671375 spots for ERR091522
Read 612264 spots for ERR091527
Written 612264 spots for ERR091527
Read 181069 spots for ERR091526
Written 181069 spots for ERR091526
Rejected 530564 READS because READLEN < 1
Read 265319 spots for ERR091525
Written 265319 spots for ERR091525
Read 574641 spots for ERR091524
Written 574641 spots for ERR091524
Read 570153 spots for ERR091523
Written 570153 spots for ERR091523
Read 565042 spots for ERR091532
Written 565042 spots for ERR091532
Read 401238 spots for ERR091531
Written 401238 spots for ERR091531
Read 401139 spots for ERR091530
Written 401139 spots for ERR091530
Read 165931 spots for ERR091529
Written 165931 spots for ERR091529
Read 133185 spots for ERR091528
Written 133185 spots for ERR091528
Read 521183 spots for ERR091536
Written 521183 spots for ERR091536
Read 522051 spots for ERR091535
Written 522051 spots for ERR091535
Read 500354 spots for ERR091534
Written 500354 spots for ERR091534
Read 565651 spots for ERR091533
Written 565651 spots for ERR091533
Read 660659 spots for ERR091544
Written 660659 spots for ERR091544
Read 695590 spots for ERR091543
Written 695590 spots for ERR091543
Read 620954 spots for ERR091542
Written 620954 spots for ERR091542
Read 593970 spots for ERR091541
Written 593970 spots for ERR091541
Read 460283 spots for ERR091540
Written 460283 spots for ERR091540
Read 414121 spots for ERR091539
Written 414121 spots for ERR091539
Read 577685 spots for ERR091538
Written 577685 spots for ERR091538
Read 565179 spots for ERR091537
Written 565179 spots for ERR091537
Read 553160 spots for ERR091554
Written 553160 spots for ERR091554
Read 566912 spots for ERR091553
Written 566912 spots for ERR091553
Read 694163 spots for ERR091558
Written 694163 spots for ERR091558
Read 688906 spots for ERR091557
Written 688906 spots for ERR091557
Read 642936 spots for ERR091556
Written 642936 spots for ERR091556
Read 688425 spots for ERR091555
Written 688425 spots for ERR091555
Read 196343 spots for SRR062129
Written 196343 spots for SRR062129
Read 485801 spots for SRR062198
Written 485801 spots for SRR062198
Read 310548 spots for SRR062264
Written 310548 spots for SRR062264
Read 371374 spots for SRR062196
Written 371374 spots for SRR062196
Read 148342 spots for SRR062197
Written 148342 spots for SRR062197
Read 293341 spots for SRR062262
Written 293341 spots for SRR062262
Read 494955 spots for SRR062263
Written 494955 spots for SRR062263
Read 337860 spots for SRR063388
Written 337860 spots for SRR063388
Read 196481 spots for SRR063770
Written 196481 spots for SRR063770
Read 468804 spots for SRR062260
Written 468804 spots for SRR062260
Read 242353 spots for SRR062261
Written 242353 spots for SRR062261
Read 321540 spots for SRR062256
Written 321540 spots for SRR062256
Read 160282 spots for SRR062257
Written 160282 spots for SRR062257
Read 526787 spots for SRR062193
Written 526787 spots for SRR062193
Read 2 spots for SRR063769
Written 2 spots for SRR063769
Read 48887 spots for SRR062258
Written 48887 spots for SRR062258
Read 381425 spots for SRR062259
Written 381425 spots for SRR062259
Read 244910 spots for SRR063390
Written 244910 spots for SRR063390
Read 192461 spots for SRR063767
Written 192461 spots for SRR063767
Read 190878 spots for SRR062131
Written 190878 spots for SRR062131
Read 606124 spots for SRR062132
Written 606124 spots for SRR062132
Read 379143 spots for SRR063385
Written 379143 spots for SRR063385
Read 245170 spots for SRR062191
Written 245170 spots for SRR062191
Read 274971 spots for SRR062192
Written 274971 spots for SRR062192
Read 543280 spots for SRR062255
Written 543280 spots for SRR062255
Read 532225 spots for SRR062134
Written 532225 spots for SRR062134
Read 566782 spots for SRR062201
Written 566782 spots for SRR062201
Read 492902 spots for SRR062190
Written 492902 spots for SRR062190
Read 241757 spots for SRR062253
Written 241757 spots for SRR062253
Read 236755 spots for SRR062254
Written 236755 spots for SRR062254
Read 184411 spots for SRR062189
Written 184411 spots for SRR062189
Read 479558 spots for SRR062252
Written 479558 spots for SRR062252
Read 263283 spots for SRR062268
Written 263283 spots for SRR062268
Read 480508 spots for SRR062188
Written 480508 spots for SRR062188
Read 384127 spots for SRR062250
Written 384127 spots for SRR062250
Read 154210 spots for SRR062251
Written 154210 spots for SRR062251
Read 562139 spots for SRR062148
Written 562139 spots for SRR062148
Read 328779 spots for SRR062214
Written 328779 spots for SRR062214
Read 264498 spots for SRR062625
Written 264498 spots for SRR062625
Read 497239 spots for SRR062150
Written 497239 spots for SRR062150
Read 483940 spots for SRR062151
Written 483940 spots for SRR062151
Read 422624 spots for SRR062217
Written 422624 spots for SRR062217
Read 475524 spots for SRR062147
Written 475524 spots for SRR062147
Read 593056 spots for SRR062212
Written 593056 spots for SRR062212
Read 502653 spots for SRR062213
Written 502653 spots for SRR062213
Read 556355 spots for SRR062145
Written 556355 spots for SRR062145
Read 513372 spots for SRR062146
Written 513372 spots for SRR062146
Read 483906 spots for SRR062210
Written 483906 spots for SRR062210
Read 455500 spots for SRR062211
Written 455500 spots for SRR062211
Read 579107 spots for SRR062142
Written 579107 spots for SRR062142
Read 290759 spots for SRR062207
Written 290759 spots for SRR062207
Read 257370 spots for SRR062208
Written 257370 spots for SRR062208
Read 247204 spots for SRR062140
Written 247204 spots for SRR062140
Read 315251 spots for SRR062141
Written 315251 spots for SRR062141
Read 471696 spots for SRR062206
Written 471696 spots for SRR062206
Read 493365 spots for SRR062156
Written 493365 spots for SRR062156
Read 512124 spots for SRR062224
Written 512124 spots for SRR062224
Read 7821 spots for SRR062225
Written 7821 spots for SRR062225
Read 413427 spots for SRR062226
Written 413427 spots for SRR062226
Read 405951 spots for SRR062227
Written 405951 spots for SRR062227
Read 238757 spots for SRR062228
Written 238757 spots for SRR062228
Read 285626 spots for SRR062229
Written 285626 spots for SRR062229
Read 541577 spots for SRR062157
Written 541577 spots for SRR062157
Read 678614 spots for SRR062153
Written 678614 spots for SRR062153
Read 368795 spots for SRR062154
Written 368795 spots for SRR062154
Read 48503 spots for SRR062220
Written 48503 spots for SRR062220
Read 440585 spots for SRR062221
Written 440585 spots for SRR062221
Read 605284 spots for SRR062139
Written 605284 spots for SRR062139
Read 300044 spots for SRR062204
Written 300044 spots for SRR062204
Read 268919 spots for SRR062205
Written 268919 spots for SRR062205
Read 574761 spots for SRR062160
Written 574761 spots for SRR062160
Read 299594 spots for SRR062231
Written 299594 spots for SRR062231
Read 243952 spots for SRR062232
Written 243952 spots for SRR062232
Read 556007 spots for SRR062155
Written 556007 spots for SRR062155
Read 224187 spots for SRR062222
Written 224187 spots for SRR062222
Read 236094 spots for SRR062223
Written 236094 spots for SRR062223
Read 335598 spots for SRR062161
Written 335598 spots for SRR062161
Read 319599 spots for SRR062162
Written 319599 spots for SRR062162
Read 514324 spots for SRR062233
Written 514324 spots for SRR062233
Read 398894 spots for SRR062135
Written 398894 spots for SRR062135
Read 297801 spots for SRR062202
Written 297801 spots for SRR062202
Read 452235 spots for SRR062203
Written 452235 spots for SRR062203
Read 600563 spots for SRR062163
Written 600563 spots for SRR062163
Read 283188 spots for SRR062234
Written 283188 spots for SRR062234
Read 208948 spots for SRR062235
Written 208948 spots for SRR062235
Read 632036 spots for SRR062166
Written 632036 spots for SRR062166
Read 313638 spots for SRR062237
Written 313638 spots for SRR062237
Read 205727 spots for SRR062275
Written 205727 spots for SRR062275
