ARQZ01000006.1_34 ARQZ01000006.1_58 ARQZ01000021.1_5 ARQZ01000001.1_283 ARQZ01000002.1_72 ARQZ01000004.1_38 ARQZ01000004.1_32 ARQZ01000001.1_147 ARQZ01000006.1_70 ARQZ01000003.1_82 ARQZ01000002.1_77 ARQZ01000004.1_68 ARQZ01000008.1_44 ARQZ01000005.1_96 ARQZ01000009.1_26 ARQZ01000001.1_156 ARQZ01000002.1_22 ARQZ01000005.1_101 ARQZ01000004.1_56 ARQZ01000004.1_110 ARQZ01000001.1_303 ARQZ01000004.1_111 ARQZ01000001.1_304 ARQZ01000005.1_7 ARQZ01000006.1_29 ARQZ01000003.1_3 ARQZ01000026.1_3 ARQZ01000001.1_137 ARQZ01000001.1_59 ARQZ01000009.1_44 ARQZ01000007.1_60 ARQZ01000001.1_292 ARQZ01000003.1_58 ARQZ01000005.1_10 ARQZ01000006.1_6 ARQZ01000002.1_107 ARQZ01000009.1_43 ARQZ01000009.1_66 ARQZ01000002.1_13 ARQZ01000008.1_99 ARQZ01000001.1_240 
ARQZ01000001.1_26 ARQZ01000004.1_73 ARQZ01000008.1_40 ARQZ01000005.1_102 ARQZ01000008.1_17 ARQZ01000007.1_39 ARQZ01000006.1_130 ARQZ01000001.1_5 ARQZ01000008.1_18 ARQZ01000006.1_82 ARQZ01000001.1_87 
ARQZ01000004.1_105 ARQZ01000008.1_20 ARQZ01000001.1_139 ARQZ01000008.1_76 ARQZ01000001.1_286 ARQZ01000003.1_18 ARQZ01000008.1_2 ARQZ01000001.1_108 ARQZ01000005.1_83 
ARQZ01000002.1_19 ARQZ01000003.1_19 ARQZ01000004.1_142 ARQZ01000005.1_80 ARQZ01000007.1_45 ARQZ01000008.1_28 
ARQZ01000001.1_279 ARQZ01000003.1_8 ARQZ01000001.1_140 ARQZ01000007.1_77 ARQZ01000001.1_71 
ARQZ01000001.1_315 ARQZ01000002.1_63 ARQZ01000001.1_60 ARQZ01000007.1_19 ARQZ01000005.1_127 
ARQZ01000006.1_17 ARQZ01000003.1_5 ARQZ01000007.1_64 ARQZ01000008.1_25 
ARQZ01000004.1_99 ARQZ01000001.1_144 ARQZ01000010.1_60 ARQZ01000004.1_87 
ARQZ01000002.1_86 ARQZ01000008.1_47 ARQZ01000008.1_26 ARQZ01000008.1_1 
ARQZ01000012.1_27 ARQZ01000007.1_32 ARQZ01000006.1_141 ARQZ01000006.1_140 
ARQZ01000005.1_23 ARQZ01000018.1_3 ARQZ01000001.1_281 ARQZ01000005.1_19 
ARQZ01000005.1_29 ARQZ01000006.1_127 ARQZ01000012.1_15 ARQZ01000008.1_8 
ARQZ01000002.1_23 ARQZ01000003.1_81 ARQZ01000005.1_100 
ARQZ01000004.1_128 ARQZ01000008.1_42 ARQZ01000007.1_38 
ARQZ01000004.1_34 ARQZ01000004.1_40 ARQZ01000004.1_77 
ARQZ01000001.1_313 ARQZ01000002.1_111 ARQZ01000002.1_148 
ARQZ01000004.1_100 ARQZ01000004.1_86 ARQZ01000001.1_143 
ARQZ01000004.1_84 ARQZ01000004.1_83 ARQZ01000001.1_145 
ARQZ01000011.1_16 ARQZ01000006.1_96 ARQZ01000006.1_135 
ARQZ01000008.1_27 ARQZ01000008.1_41 ARQZ01000008.1_33 
ARQZ01000004.1_101 ARQZ01000001.1_142 ARQZ01000004.1_85 
ARQZ01000001.1_291 ARQZ01000001.1_62 ARQZ01000001.1_63 
ARQZ01000010.1_66 ARQZ01000004.1_113 ARQZ01000001.1_306 
ARQZ01000004.1_112 ARQZ01000010.1_65 ARQZ01000001.1_305 
ARQZ01000004.1_33 ARQZ01000004.1_39 ARQZ01000004.1_76 
ARQZ01000002.1_70 ARQZ01000008.1_29 ARQZ01000001.1_159 
ARQZ01000004.1_47 ARQZ01000003.1_113 ARQZ01000004.1_51 
ARQZ01000001.1_92 ARQZ01000002.1_74 ARQZ01000002.1_48 
ARQZ01000001.1_67 ARQZ01000007.1_66 ARQZ01000007.1_68 
ARQZ01000002.1_162 ARQZ01000002.1_36 ARQZ01000006.1_31 
ARQZ01000004.1_145 ARQZ01000003.1_141 ARQZ01000004.1_143 
ARQZ01000001.1_112 ARQZ01000001.1_111 ARQZ01000002.1_50 
ARQZ01000004.1_115 ARQZ01000001.1_207 ARQZ01000037.1_1 
ARQZ01000001.1_217 ARQZ01000003.1_134 
ARQZ01000007.1_116 ARQZ01000004.1_149 
ARQZ01000011.1_14 ARQZ01000008.1_32 
ARQZ01000010.1_11 ARQZ01000003.1_26 
ARQZ01000001.1_309 ARQZ01000001.1_302 
ARQZ01000011.1_46 ARQZ01000004.1_8 
ARQZ01000011.1_42 ARQZ01000011.1_13 
ARQZ01000004.1_74 ARQZ01000001.1_11 
ARQZ01000010.1_49 ARQZ01000008.1_96 
ARQZ01000002.1_89 ARQZ01000005.1_42 
ARQZ01000004.1_43 ARQZ01000003.1_122 
ARQZ01000001.1_330 ARQZ01000003.1_63 
ARQZ01000004.1_135 ARQZ01000001.1_296 
ARQZ01000006.1_68 ARQZ01000001.1_284 
ARQZ01000008.1_106 ARQZ01000007.1_112 
ARQZ01000001.1_278 ARQZ01000001.1_122 
ARQZ01000004.1_151 ARQZ01000007.1_118 
ARQZ01000004.1_41 ARQZ01000004.1_35 
ARQZ01000003.1_24 ARQZ01000002.1_146 
ARQZ01000005.1_122 ARQZ01000001.1_146 
ARQZ01000009.1_5 ARQZ01000007.1_10 
ARQZ01000001.1_98 ARQZ01000004.1_65 
ARQZ01000010.1_52 ARQZ01000001.1_54 
ARQZ01000008.1_84 ARQZ01000001.1_128 
ARQZ01000006.1_90 ARQZ01000002.1_158 
ARQZ01000013.1_27 ARQZ01000001.1_236 
ARQZ01000003.1_97 ARQZ01000006.1_41 
ARQZ01000009.1_30 ARQZ01000007.1_48 
ARQZ01000012.1_2 ARQZ01000005.1_90 
ARQZ01000006.1_122 ARQZ01000012.1_25 
ARQZ01000005.1_99 ARQZ01000009.1_28 
ARQZ01000004.1_82 ARQZ01000004.1_108 
ARQZ01000001.1_126 ARQZ01000002.1_57 
ARQZ01000002.1_60 ARQZ01000001.1_277 
ARQZ01000005.1_91 ARQZ01000006.1_142 
ARQZ01000002.1_21 ARQZ01000003.1_83 
ARQZ01000011.1_18 ARQZ01000002.1_102 
ARQZ01000010.1_4 ARQZ01000003.1_55 
ARQZ01000001.1_1 ARQZ01000009.1_81 
ARQZ01000009.1_4 ARQZ01000007.1_11 
ARQZ01000004.1_132 ARQZ01000004.1_131 
ARQZ01000002.1_31 ARQZ01000002.1_112 
ARQZ01000003.1_126 ARQZ01000023.1_4 
ARQZ01000004.1_155 ARQZ01000009.1_61 
ARQZ01000006.1_129 ARQZ01000002.1_58 
ARQZ01000010.1_50 ARQZ01000005.1_105 
ARQZ01000008.1_13 ARQZ01000007.1_89 
ARQZ01000001.1_165 ARQZ01000007.1_28 
ARQZ01000005.1_6 ARQZ01000006.1_30 
ARQZ01000009.1_7 ARQZ01000002.1_64 
ARQZ01000001.1_276 ARQZ01000002.1_79 
ARQZ01000002.1_51 ARQZ01000011.1_4 
ARQZ01000001.1_45 ARQZ01000009.1_37 
ARQZ01000006.1_109 ARQZ01000006.1_138 
ARQZ01000003.1_111 ARQZ01000004.1_139 
ARQZ01000006.1_38 ARQZ01000001.1_172 
ARQZ01000012.1_3 ARQZ01000001.1_185 
ARQZ01000022.1_3 ARQZ01000001.1_66 
ARQZ01000006.1_60 ARQZ01000003.1_48 
ARQZ01000001.1_225 ARQZ01000001.1_31 
ARQZ01000008.1_83 ARQZ01000004.1_10 
ARQZ01000002.1_32 ARQZ01000012.1_34 
ARQZ01000013.1_22 ARQZ01000002.1_164 
ARQZ01000002.1_34 ARQZ01000002.1_40 
ARQZ01000002.1_104 ARQZ01000002.1_105 
ARQZ01000002.1_132 
ARQZ01000001.1_331 
ARQZ01000001.1_332 
ARQZ01000001.1_194 
ARQZ01000003.1_172 
ARQZ01000007.1_121 
ARQZ01000005.1_126 
ARQZ01000002.1_128 
ARQZ01000001.1_329 
ARQZ01000009.1_86 
ARQZ01000002.1_110 
ARQZ01000003.1_119 
ARQZ01000008.1_11 
ARQZ01000013.1_5 
ARQZ01000001.1_41 
ARQZ01000002.1_108 
ARQZ01000002.1_90 
ARQZ01000002.1_139 
ARQZ01000010.1_24 
ARQZ01000001.1_52 
ARQZ01000009.1_90 
ARQZ01000009.1_29 
ARQZ01000002.1_168 
ARQZ01000002.1_14 
ARQZ01000005.1_49 
ARQZ01000001.1_84 
ARQZ01000005.1_110 
ARQZ01000005.1_124 
ARQZ01000010.1_3 
ARQZ01000002.1_4 
ARQZ01000005.1_123 
ARQZ01000004.1_156 
ARQZ01000011.1_6 
ARQZ01000002.1_92 
ARQZ01000015.1_11 
ARQZ01000008.1_53 
ARQZ01000005.1_74 
ARQZ01000003.1_37 
ARQZ01000003.1_54 
ARQZ01000002.1_62 
ARQZ01000003.1_166 
ARQZ01000008.1_95 
ARQZ01000001.1_17 
ARQZ01000004.1_89 
ARQZ01000006.1_25 
ARQZ01000010.1_68 
ARQZ01000009.1_32 
ARQZ01000005.1_41 
ARQZ01000006.1_91 
ARQZ01000001.1_88 
ARQZ01000009.1_14 
ARQZ01000009.1_27 
ARQZ01000003.1_13 
ARQZ01000001.1_12 
ARQZ01000003.1_68 
ARQZ01000014.1_2 
ARQZ01000001.1_48 
ARQZ01000004.1_75 
ARQZ01000011.1_50 
ARQZ01000010.1_7 
ARQZ01000010.1_55 
ARQZ01000006.1_64 
ARQZ01000001.1_221 
ARQZ01000005.1_106 
ARQZ01000012.1_4 
ARQZ01000001.1_229 
ARQZ01000003.1_99 
ARQZ01000011.1_5 
ARQZ01000002.1_68 
ARQZ01000002.1_93 
ARQZ01000001.1_106 
ARQZ01000012.1_5 
ARQZ01000005.1_36 
ARQZ01000007.1_76 
ARQZ01000005.1_31 
ARQZ01000005.1_97 
ARQZ01000002.1_85 
ARQZ01000009.1_3 
ARQZ01000003.1_22 
ARQZ01000016.1_4 
ARQZ01000007.1_23 
ARQZ01000001.1_181 
ARQZ01000007.1_56 
ARQZ01000004.1_69 
ARQZ01000013.1_15 
ARQZ01000013.1_21 
ARQZ01000012.1_32 
ARQZ01000003.1_62 
ARQZ01000001.1_176 
ARQZ01000007.1_87 
ARQZ01000001.1_2 
ARQZ01000007.1_55 
ARQZ01000001.1_323 
ARQZ01000004.1_121 
ARQZ01000002.1_144 
ARQZ01000006.1_3 
ARQZ01000008.1_79 
ARQZ01000009.1_96 
ARQZ01000013.1_30 
ARQZ01000001.1_148 
ARQZ01000001.1_218 
ARQZ01000006.1_76 
ARQZ01000001.1_199 
ARQZ01000009.1_68 
ARQZ01000003.1_15 
ARQZ01000004.1_124 
ARQZ01000004.1_138 
ARQZ01000006.1_51 
ARQZ01000001.1_213 
ARQZ01000003.1_10 
ARQZ01000009.1_1 
ARQZ01000001.1_191 
ARQZ01000008.1_97 
ARQZ01000002.1_109 
ARQZ01000008.1_4 
ARQZ01000001.1_79 
ARQZ01000014.1_10 
ARQZ01000006.1_133 
ARQZ01000010.1_64 
ARQZ01000011.1_39 
ARQZ01000019.1_3 
ARQZ01000002.1_87 
ARQZ01000004.1_116 
ARQZ01000012.1_35 
ARQZ01000010.1_54 
ARQZ01000001.1_230 
ARQZ01000006.1_93 
ARQZ01000008.1_69 
ARQZ01000012.1_18 
ARQZ01000012.1_13 
ARQZ01000005.1_119 
ARQZ01000008.1_57 
ARQZ01000011.1_22 
ARQZ01000001.1_152 
ARQZ01000003.1_27 
ARQZ01000004.1_4 
ARQZ01000003.1_132 
ARQZ01000007.1_18 
ARQZ01000017.1_2 
ARQZ01000004.1_114 
ARQZ01000001.1_38 
ARQZ01000003.1_117 
ARQZ01000006.1_120 
ARQZ01000010.1_13 
ARQZ01000010.1_44 
ARQZ01000008.1_87 
ARQZ01000005.1_118 
ARQZ01000006.1_87 
ARQZ01000010.1_67 
ARQZ01000003.1_148 
ARQZ01000009.1_25 
ARQZ01000020.1_3 
ARQZ01000001.1_153 
ARQZ01000002.1_136 
ARQZ01000006.1_24 
ARQZ01000007.1_63 
ARQZ01000005.1_35 
ARQZ01000010.1_62 
ARQZ01000001.1_104 
ARQZ01000006.1_20 
ARQZ01000007.1_33 
ARQZ01000008.1_63 
ARQZ01000009.1_76 
ARQZ01000001.1_307 
ARQZ01000004.1_141 
ARQZ01000001.1_75 
ARQZ01000003.1_32 
ARQZ01000008.1_91 
ARQZ01000002.1_149 
ARQZ01000002.1_98 
ARQZ01000006.1_125 
ARQZ01000004.1_66 
ARQZ01000001.1_308 
ARQZ01000022.1_4 
ARQZ01000001.1_164 
ARQZ01000004.1_118 
ARQZ01000003.1_131 
ARQZ01000005.1_15 
ARQZ01000020.1_1 
ARQZ01000001.1_266 
ARQZ01000003.1_7 
ARQZ01000004.1_90 
ARQZ01000002.1_3 
ARQZ01000004.1_29 
ARQZ01000004.1_31 
ARQZ01000008.1_46 
ARQZ01000001.1_43 
ARQZ01000003.1_114 
ARQZ01000006.1_137 
ARQZ01000011.1_53 
ARQZ01000002.1_96 
ARQZ01000005.1_34 
ARQZ01000027.1_2 
ARQZ01000011.1_35 
ARQZ01000001.1_127 
ARQZ01000001.1_133 
ARQZ01000009.1_79 
ARQZ01000003.1_149 
ARQZ01000004.1_57 
ARQZ01000009.1_2 
ARQZ01000009.1_51 
ARQZ01000005.1_92 
ARQZ01000009.1_19 
ARQZ01000011.1_32 
ARQZ01000005.1_71 
ARQZ01000006.1_49 
ARQZ01000011.1_36 
ARQZ01000006.1_110 
ARQZ01000006.1_72 
ARQZ01000004.1_30 
ARQZ01000004.1_50 
ARQZ01000005.1_48 
ARQZ01000006.1_113 
ARQZ01000003.1_93 
ARQZ01000001.1_243 
ARQZ01000001.1_261 
ARQZ01000006.1_27 
ARQZ01000009.1_50 
ARQZ01000001.1_109 
ARQZ01000001.1_214 
ARQZ01000003.1_168 
ARQZ01000005.1_115 
ARQZ01000001.1_132 
ARQZ01000005.1_28 
ARQZ01000017.1_4 
ARQZ01000014.1_7 
ARQZ01000001.1_299 
ARQZ01000001.1_33 
ARQZ01000011.1_37 
ARQZ01000013.1_11 
ARQZ01000007.1_103 
ARQZ01000008.1_6 
ARQZ01000008.1_61 
ARQZ01000011.1_27 
ARQZ01000004.1_16 
ARQZ01000004.1_61 
ARQZ01000001.1_53 
ARQZ01000006.1_71 
ARQZ01000011.1_52 
ARQZ01000004.1_48 
ARQZ01000019.1_4 
ARQZ01000002.1_169 
ARQZ01000004.1_55 
ARQZ01000009.1_41 
ARQZ01000003.1_101 
ARQZ01000001.1_69 
ARQZ01000002.1_114 
ARQZ01000004.1_106 
ARQZ01000008.1_21 
ARQZ01000008.1_81 
ARQZ01000004.1_152 
ARQZ01000002.1_137 
ARQZ01000013.1_2 
ARQZ01000004.1_2 
ARQZ01000005.1_75 
ARQZ01000007.1_21 
ARQZ01000014.1_8 
ARQZ01000005.1_20 
ARQZ01000009.1_16 
ARQZ01000001.1_13 
ARQZ01000001.1_205 
ARQZ01000006.1_11 
ARQZ01000007.1_42 
ARQZ01000008.1_24 
ARQZ01000001.1_123 
ARQZ01000004.1_92 
ARQZ01000010.1_8 
ARQZ01000015.1_8 
ARQZ01000003.1_16 
ARQZ01000001.1_270 
ARQZ01000003.1_95 
ARQZ01000006.1_126 
ARQZ01000007.1_72 
ARQZ01000001.1_131 
ARQZ01000008.1_93 
ARQZ01000005.1_78 
ARQZ01000008.1_50 
ARQZ01000001.1_248 
ARQZ01000002.1_142 
ARQZ01000001.1_319 
ARQZ01000003.1_104 
ARQZ01000005.1_65 
ARQZ01000002.1_118 
ARQZ01000004.1_53 
ARQZ01000005.1_136 
ARQZ01000006.1_134 
ARQZ01000011.1_44 
ARQZ01000001.1_141 
ARQZ01000001.1_157 
ARQZ01000001.1_287 
ARQZ01000005.1_73 
ARQZ01000003.1_66 
ARQZ01000011.1_31 
ARQZ01000001.1_58 
ARQZ01000002.1_163 
ARQZ01000001.1_235 
ARQZ01000003.1_4 
ARQZ01000007.1_31 
ARQZ01000001.1_255 
ARQZ01000002.1_7 
ARQZ01000005.1_76 
ARQZ01000001.1_30 
ARQZ01000015.1_2 
ARQZ01000001.1_175 
ARQZ01000001.1_93 
ARQZ01000004.1_126 
ARQZ01000007.1_25 
ARQZ01000001.1_162 
ARQZ01000003.1_103 
ARQZ01000005.1_44 
ARQZ01000003.1_109 
ARQZ01000004.1_59 
ARQZ01000005.1_93 
ARQZ01000003.1_91 
ARQZ01000008.1_100 
ARQZ01000008.1_108 
ARQZ01000024.1_3 
ARQZ01000004.1_19 
ARQZ01000007.1_107 
ARQZ01000004.1_78 
ARQZ01000017.1_3 
ARQZ01000003.1_125 
ARQZ01000003.1_167 
ARQZ01000008.1_31 
ARQZ01000009.1_65 
ARQZ01000006.1_106 
ARQZ01000016.1_7 
ARQZ01000006.1_28 
ARQZ01000002.1_78 
ARQZ01000003.1_60 
ARQZ01000001.1_81 
ARQZ01000001.1_91 
ARQZ01000002.1_141 
ARQZ01000004.1_107 
ARQZ01000004.1_12 
ARQZ01000007.1_81 
ARQZ01000013.1_23 
ARQZ01000001.1_275 
ARQZ01000004.1_3 
ARQZ01000007.1_93 
ARQZ01000002.1_71 
ARQZ01000008.1_14 
ARQZ01000014.1_13 
ARQZ01000003.1_20 
ARQZ01000008.1_51 
ARQZ01000001.1_150 
ARQZ01000002.1_151 
ARQZ01000011.1_29 
ARQZ01000004.1_49 
ARQZ01000007.1_5 
ARQZ01000001.1_328 
ARQZ01000002.1_39 
ARQZ01000005.1_11 
ARQZ01000010.1_30 
ARQZ01000007.1_26 
ARQZ01000009.1_40 
ARQZ01000014.1_1 
ARQZ01000001.1_314 
ARQZ01000001.1_50 
ARQZ01000002.1_53 
ARQZ01000006.1_18 
ARQZ01000007.1_54 
ARQZ01000001.1_107 
ARQZ01000006.1_66 
ARQZ01000012.1_21 
ARQZ01000006.1_119 
ARQZ01000006.1_12 
ARQZ01000011.1_3 
ARQZ01000004.1_93 
ARQZ01000007.1_37 
ARQZ01000007.1_70 
ARQZ01000001.1_29 
ARQZ01000002.1_113 
ARQZ01000002.1_95 
ARQZ01000004.1_154 
ARQZ01000006.1_95 
ARQZ01000011.1_12 
ARQZ01000003.1_70 
ARQZ01000005.1_107 
ARQZ01000011.1_43 
ARQZ01000001.1_124 
ARQZ01000002.1_73 
ARQZ01000009.1_17 
ARQZ01000010.1_34 
ARQZ01000011.1_15 
ARQZ01000002.1_66 
ARQZ01000003.1_59 
ARQZ01000007.1_12 
ARQZ01000012.1_26 
ARQZ01000013.1_14 
ARQZ01000001.1_16 
ARQZ01000001.1_36 
ARQZ01000006.1_32 
ARQZ01000001.1_27 
ARQZ01000001.1_6 
ARQZ01000012.1_10 
ARQZ01000001.1_223 
ARQZ01000001.1_35 
ARQZ01000003.1_53 
ARQZ01000005.1_30 
ARQZ01000001.1_135 
ARQZ01000001.1_242 
ARQZ01000008.1_36 
ARQZ01000009.1_67 
ARQZ01000012.1_20 
ARQZ01000001.1_14 
ARQZ01000002.1_25 
ARQZ01000003.1_157 
ARQZ01000013.1_17 
ARQZ01000005.1_55 
ARQZ01000005.1_81 
ARQZ01000007.1_52 
ARQZ01000008.1_9 
ARQZ01000009.1_84 
ARQZ01000009.1_75 
ARQZ01000009.1_87 
ARQZ01000010.1_43 
ARQZ01000001.1_47 
ARQZ01000003.1_9 
ARQZ01000010.1_33 
ARQZ01000007.1_1 
ARQZ01000005.1_79 
ARQZ01000005.1_88 
ARQZ01000006.1_118 
ARQZ01000009.1_20 
ARQZ01000009.1_55 
ARQZ01000007.1_119 
ARQZ01000007.1_61 
ARQZ01000001.1_324 
ARQZ01000003.1_159 
ARQZ01000010.1_9 
ARQZ01000011.1_45 
ARQZ01000001.1_103 
ARQZ01000005.1_27 
ARQZ01000006.1_15 
ARQZ01000004.1_46 
ARQZ01000001.1_110 
ARQZ01000001.1_203 
ARQZ01000006.1_100 
ARQZ01000007.1_44 
ARQZ01000007.1_46 
ARQZ01000001.1_184 
ARQZ01000001.1_282 
ARQZ01000001.1_86 
ARQZ01000006.1_115 
ARQZ01000008.1_90 
ARQZ01000011.1_33 
ARQZ01000012.1_19 
ARQZ01000001.1_251 
ARQZ01000003.1_51 
ARQZ01000004.1_62 
ARQZ01000007.1_91 
ARQZ01000010.1_10 
ARQZ01000004.1_88 
ARQZ01000006.1_69 
ARQZ01000006.1_88 
ARQZ01000009.1_23 
ARQZ01000009.1_58 
ARQZ01000001.1_201 
ARQZ01000013.1_31 
ARQZ01000001.1_57 
ARQZ01000001.1_99 
ARQZ01000003.1_105 
ARQZ01000003.1_98 
ARQZ01000004.1_6 
ARQZ01000005.1_111 
ARQZ01000011.1_49 
ARQZ01000008.1_22 
ARQZ01000012.1_14 
ARQZ01000005.1_14 
ARQZ01000006.1_99 
ARQZ01000007.1_101 
ARQZ01000001.1_293 
ARQZ01000010.1_63 
ARQZ01000001.1_288 
ARQZ01000005.1_40 
ARQZ01000002.1_97 
ARQZ01000012.1_37 
ARQZ01000013.1_20 
ARQZ01000010.1_28 
ARQZ01000004.1_58 
ARQZ01000005.1_16 
ARQZ01000010.1_53 
ARQZ01000006.1_117 
ARQZ01000008.1_23 
ARQZ01000012.1_8 
ARQZ01000004.1_104 
ARQZ01000003.1_50 
ARQZ01000002.1_121 
ARQZ01000004.1_24 
ARQZ01000005.1_66 
ARQZ01000001.1_125 
ARQZ01000004.1_98 
ARQZ01000006.1_7 
ARQZ01000008.1_105 
ARQZ01000008.1_75 
ARQZ01000023.1_2 
ARQZ01000001.1_247 
ARQZ01000006.1_108 
ARQZ01000008.1_82 
ARQZ01000009.1_42 
ARQZ01000033.1_1 
ARQZ01000001.1_320 
ARQZ01000005.1_125 
ARQZ01000006.1_94 
ARQZ01000001.1_234 
ARQZ01000017.1_6 
ARQZ01000006.1_44 
ARQZ01000006.1_83 
ARQZ01000008.1_30 
ARQZ01000001.1_22 
ARQZ01000001.1_249 
ARQZ01000004.1_60 
ARQZ01000007.1_24 
ARQZ01000001.1_326 
ARQZ01000001.1_174 
ARQZ01000001.1_206 
ARQZ01000001.1_268 
ARQZ01000006.1_131 
ARQZ01000007.1_82 
ARQZ01000010.1_27 
ARQZ01000001.1_327 
ARQZ01000001.1_55 
ARQZ01000005.1_18 
ARQZ01000007.1_13 
ARQZ01000008.1_39 
ARQZ01000004.1_36 
ARQZ01000007.1_40 
ARQZ01000008.1_7 
ARQZ01000025.1_3 
ARQZ01000003.1_61 
ARQZ01000007.1_29 
ARQZ01000001.1_134 
ARQZ01000001.1_77 
ARQZ01000010.1_58 
ARQZ01000013.1_8 
ARQZ01000002.1_125 
ARQZ01000002.1_94 
ARQZ01000003.1_35 
ARQZ01000004.1_95 
ARQZ01000005.1_85 
ARQZ01000015.1_4 
ARQZ01000003.1_2 
ARQZ01000001.1_177 
ARQZ01000005.1_9 
ARQZ01000006.1_128 
ARQZ01000009.1_22 
ARQZ01000006.1_111 
ARQZ01000011.1_41 
ARQZ01000032.1_2 
ARQZ01000008.1_3 
ARQZ01000003.1_80 
ARQZ01000005.1_68 
ARQZ01000004.1_45 
ARQZ01000005.1_121 
ARQZ01000005.1_131 
ARQZ01000006.1_139 
ARQZ01000007.1_59 
ARQZ01000018.1_4 
ARQZ01000001.1_82 
ARQZ01000004.1_26 
ARQZ01000002.1_18 
ARQZ01000006.1_59 
ARQZ01000007.1_51 
ARQZ01000010.1_25 
ARQZ01000010.1_42 
ARQZ01000001.1_220 
ARQZ01000001.1_192 
ARQZ01000006.1_22 
ARQZ01000008.1_38 
ARQZ01000009.1_64 
ARQZ01000003.1_21 
ARQZ01000005.1_2 
ARQZ01000008.1_37 
ARQZ01000014.1_6 
ARQZ01000028.1_1 
ARQZ01000003.1_118 
ARQZ01000004.1_20 
ARQZ01000007.1_86 
ARQZ01000018.1_5 
ARQZ01000003.1_120 
ARQZ01000006.1_116 
ARQZ01000007.1_62 
ARQZ01000010.1_72 
ARQZ01000003.1_43 
ARQZ01000013.1_36 
ARQZ01000006.1_107 
ARQZ01000013.1_34 
ARQZ01000026.1_2 
ARQZ01000007.1_110 
ARQZ01000007.1_69 
ARQZ01000001.1_312 
ARQZ01000003.1_45 
ARQZ01000005.1_84 
ARQZ01000009.1_6 
ARQZ01000010.1_69 
ARQZ01000001.1_23 
ARQZ01000002.1_138 
ARQZ01000002.1_16 
ARQZ01000002.1_69 
ARQZ01000008.1_74 
ARQZ01000009.1_13 
ARQZ01000009.1_53 
ARQZ01000001.1_168 
ARQZ01000001.1_32 
ARQZ01000003.1_130 
ARQZ01000004.1_1 
ARQZ01000009.1_73 
ARQZ01000010.1_61 
ARQZ01000006.1_81 
ARQZ01000016.1_6 
ARQZ01000001.1_167 
ARQZ01000001.1_198 
ARQZ01000001.1_269 
ARQZ01000001.1_300 
ARQZ01000002.1_124 
ARQZ01000002.1_135 
ARQZ01000004.1_18 
ARQZ01000010.1_15 
ARQZ01000001.1_274 
ARQZ01000002.1_145 
ARQZ01000003.1_116 
ARQZ01000003.1_135 
ARQZ01000004.1_97 
ARQZ01000010.1_26 
ARQZ01000003.1_129 
ARQZ01000004.1_72 
ARQZ01000005.1_8 
ARQZ01000010.1_20 
ARQZ01000006.1_73 
ARQZ01000001.1_250 
ARQZ01000002.1_140 
ARQZ01000002.1_6 
ARQZ01000003.1_94 
ARQZ01000001.1_80 
ARQZ01000008.1_45 
ARQZ01000012.1_23 
ARQZ01000001.1_24 
ARQZ01000001.1_298 
ARQZ01000008.1_19 
ARQZ01000009.1_36 
ARQZ01000006.1_43 
ARQZ01000006.1_67 
ARQZ01000007.1_53 
ARQZ01000013.1_29 
ARQZ01000001.1_72 
ARQZ01000002.1_82 
ARQZ01000005.1_3 
ARQZ01000013.1_13 
ARQZ01000001.1_289 
ARQZ01000007.1_67 
ARQZ01000008.1_78 
ARQZ01000018.1_2 
ARQZ01000001.1_136 
ARQZ01000001.1_244 
ARQZ01000002.1_150 
ARQZ01000004.1_130 
ARQZ01000004.1_153 
ARQZ01000007.1_120 
ARQZ01000010.1_39 
ARQZ01000001.1_188 
ARQZ01000002.1_83 
ARQZ01000005.1_22 
ARQZ01000002.1_157 
ARQZ01000013.1_19 
ARQZ01000005.1_82 
ARQZ01000007.1_8 
ARQZ01000030.1_1 
ARQZ01000003.1_75 
ARQZ01000007.1_99 
ARQZ01000009.1_89 
ARQZ01000001.1_149 
ARQZ01000001.1_180 
ARQZ01000001.1_129 
ARQZ01000001.1_18 
ARQZ01000001.1_263 
ARQZ01000008.1_104 
ARQZ01000010.1_2 
ARQZ01000010.1_46 
ARQZ01000011.1_17 
ARQZ01000012.1_6 
ARQZ01000001.1_158 
ARQZ01000002.1_30 
ARQZ01000005.1_94 
ARQZ01000010.1_32 
ARQZ01000001.1_113 
ARQZ01000001.1_138 
ARQZ01000005.1_53 
ARQZ01000005.1_54 
ARQZ01000010.1_14 
ARQZ01000005.1_156 
ARQZ01000005.1_32 
ARQZ01000008.1_15 
ARQZ01000004.1_70 
ARQZ01000005.1_95 
ARQZ01000008.1_62 
ARQZ01000009.1_38 
ARQZ01000002.1_88 
ARQZ01000003.1_89 
ARQZ01000004.1_37 
ARQZ01000004.1_81 
ARQZ01000010.1_12 
ARQZ01000001.1_116 
ARQZ01000001.1_15 
ARQZ01000001.1_290 
ARQZ01000007.1_74 
ARQZ01000006.1_105 
ARQZ01000011.1_9 
ARQZ01000002.1_123 
ARQZ01000003.1_96 
ARQZ01000001.1_96 
ARQZ01000003.1_65 
ARQZ01000005.1_13 
ARQZ01000006.1_10 
ARQZ01000001.1_160 
ARQZ01000001.1_170 
ARQZ01000004.1_23 
ARQZ01000005.1_87 
ARQZ01000001.1_61 
ARQZ01000004.1_15 
ARQZ01000002.1_20 
ARQZ01000005.1_5 
ARQZ01000007.1_50 
ARQZ01000009.1_47 
ARQZ01000001.1_117 
ARQZ01000001.1_262 
ARQZ01000005.1_69 
ARQZ01000007.1_47 
ARQZ01000011.1_25 
ARQZ01000002.1_10 
ARQZ01000007.1_49 
ARQZ01000007.1_79 
ARQZ01000010.1_29 
ARQZ01000012.1_33 
ARQZ01000003.1_29 
ARQZ01000008.1_73 
ARQZ01000011.1_26 
ARQZ01000001.1_100 
ARQZ01000005.1_153 
ARQZ01000007.1_90 
ARQZ01000008.1_67 
ARQZ01000009.1_94 
ARQZ01000002.1_103 
ARQZ01000007.1_58 
ARQZ01000001.1_301 
ARQZ01000003.1_39 
ARQZ01000006.1_104 
ARQZ01000008.1_109 
ARQZ01000008.1_70 
ARQZ01000001.1_89 
ARQZ01000002.1_106 
ARQZ01000003.1_106 
ARQZ01000002.1_91 
ARQZ01000011.1_21 
ARQZ01000007.1_22 
ARQZ01000010.1_35 
ARQZ01000010.1_59 
ARQZ01000001.1_321 
ARQZ01000003.1_40 
ARQZ01000004.1_103 
ARQZ01000012.1_22 
ARQZ01000001.1_211 
ARQZ01000001.1_4 
ARQZ01000002.1_122 
ARQZ01000009.1_48 
ARQZ01000009.1_54 
ARQZ01000010.1_31 
ARQZ01000001.1_46 
ARQZ01000003.1_33 
ARQZ01000007.1_57 
ARQZ01000012.1_30 
ARQZ01000001.1_154 
ARQZ01000001.1_285 
ARQZ01000001.1_311 
ARQZ01000001.1_85 
ARQZ01000003.1_77 
ARQZ01000014.1_14 
ARQZ01000004.1_67 
ARQZ01000008.1_94 
ARQZ01000009.1_31 
ARQZ01000003.1_78 
ARQZ01000004.1_136 
ARQZ01000035.1_1 
ARQZ01000001.1_237 
ARQZ01000005.1_113 
ARQZ01000005.1_4 
ARQZ01000022.1_2 
ARQZ01000001.1_171 
ARQZ01000002.1_17 
ARQZ01000013.1_16 
ARQZ01000034.1_1 
ARQZ01000001.1_189 
ARQZ01000001.1_37 
ARQZ01000002.1_65 
ARQZ01000003.1_173 
ARQZ01000003.1_86 
ARQZ01000004.1_129 
ARQZ01000006.1_40 
ARQZ01000003.1_146 
ARQZ01000006.1_124 
ARQZ01000010.1_41 
ARQZ01000001.1_155 
ARQZ01000001.1_173 
ARQZ01000002.1_56 
ARQZ01000003.1_69 
ARQZ01000007.1_41 
ARQZ01000010.1_37 
ARQZ01000002.1_101 
ARQZ01000002.1_75 
ARQZ01000007.1_15 
ARQZ01000009.1_77 
ARQZ01000012.1_12 
ARQZ01000012.1_17 
ARQZ01000025.1_1 
ARQZ01000002.1_154 
ARQZ01000006.1_19 
ARQZ01000036.1_1 
ARQZ01000003.1_115 
ARQZ01000010.1_6 
ARQZ01000011.1_40 
ARQZ01000023.1_3 
ARQZ01000001.1_3 
ARQZ01000001.1_76 
ARQZ01000003.1_42 
ARQZ01000003.1_6 
ARQZ01000006.1_5 
ARQZ01000007.1_84 
ARQZ01000001.1_264 
ARQZ01000002.1_133 
ARQZ01000002.1_67 
ARQZ01000006.1_123 
ARQZ01000003.1_84 
ARQZ01000001.1_19 
ARQZ01000006.1_92 
ARQZ01000010.1_36 
ARQZ01000006.1_4 
ARQZ01000001.1_193 
ARQZ01000006.1_42 
ARQZ01000008.1_85 
ARQZ01000006.1_53 
ARQZ01000006.1_8 
ARQZ01000009.1_62 
ARQZ01000031.1_3 
ARQZ01000001.1_316 
ARQZ01000005.1_98 
ARQZ01000007.1_20 
ARQZ01000008.1_5 
ARQZ01000015.1_12 
ARQZ01000040.1_1 
ARQZ01000003.1_155 
ARQZ01000003.1_73 
ARQZ01000006.1_103 
ARQZ01000009.1_46 
ARQZ01000009.1_72 
ARQZ01000011.1_30 
ARQZ01000003.1_124 
ARQZ01000006.1_57 
ARQZ01000007.1_14 
ARQZ01000002.1_9 
ARQZ01000003.1_123 
ARQZ01000013.1_4 
ARQZ01000014.1_16 
ARQZ01000016.1_5 
ARQZ01000004.1_28 
ARQZ01000005.1_72 
ARQZ01000006.1_132 
ARQZ01000007.1_80 
ARQZ01000011.1_19 
ARQZ01000001.1_94 
ARQZ01000005.1_89 
ARQZ01000006.1_62 
ARQZ01000009.1_82 
ARQZ01000005.1_33 
ARQZ01000006.1_98 
ARQZ01000006.1_77 
ARQZ01000001.1_7 
ARQZ01000001.1_95 
ARQZ01000002.1_80 
ARQZ01000004.1_140 
ARQZ01000006.1_101 
ARQZ01000008.1_34 
ARQZ01000012.1_11 
ARQZ01000013.1_32 
ARQZ01000001.1_259 
ARQZ01000001.1_335 
ARQZ01000002.1_153 
ARQZ01000009.1_56 
ARQZ01000010.1_48 
ARQZ01000006.1_54 
ARQZ01000007.1_27 
ARQZ01000007.1_88 
ARQZ01000001.1_73 
ARQZ01000002.1_52 
ARQZ01000005.1_150 
ARQZ01000008.1_88 
ARQZ01000011.1_2 
ARQZ01000011.1_28 
ARQZ01000042.1_1 
ARQZ01000003.1_17 
ARQZ01000005.1_116 
ARQZ01000006.1_121 
ARQZ01000013.1_6 
ARQZ01000002.1_76 
ARQZ01000003.1_74 
ARQZ01000015.1_7 
ARQZ01000044.1_1 
ARQZ01000007.1_104 
ARQZ01000010.1_19 
ARQZ01000010.1_57 
ARQZ01000002.1_117 
ARQZ01000004.1_14 
ARQZ01000016.1_1 
ARQZ01000005.1_117 
ARQZ01000005.1_52 
ARQZ01000013.1_10 
ARQZ01000029.1_1 
ARQZ01000003.1_153 
ARQZ01000005.1_21 
ARQZ01000007.1_122 
ARQZ01000008.1_35 
ARQZ01000008.1_92 
ARQZ01000013.1_18 
ARQZ01000014.1_12 
ARQZ01000001.1_232 
ARQZ01000008.1_107 
ARQZ01000011.1_11 
ARQZ01000001.1_105 
ARQZ01000001.1_265 
ARQZ01000001.1_273 
ARQZ01000001.1_280 
ARQZ01000002.1_115 
ARQZ01000007.1_78 
ARQZ01000001.1_151 
ARQZ01000001.1_179 
ARQZ01000001.1_183 
ARQZ01000004.1_117 
ARQZ01000012.1_31 
ARQZ01000003.1_76 
ARQZ01000004.1_119 
ARQZ01000005.1_57 
ARQZ01000001.1_130 
ARQZ01000001.1_195 
ARQZ01000001.1_271 
ARQZ01000006.1_75 
ARQZ01000007.1_95 
ARQZ01000001.1_294 
ARQZ01000005.1_12 
ARQZ01000005.1_63 
ARQZ01000006.1_86 
ARQZ01000021.1_2 
ARQZ01000006.1_26 
ARQZ01000007.1_108 
ARQZ01000001.1_42 
ARQZ01000003.1_49 
ARQZ01000012.1_16 
ARQZ01000003.1_64 
ARQZ01000004.1_21 
ARQZ01000001.1_102 
ARQZ01000001.1_241 
ARQZ01000001.1_90 
ARQZ01000002.1_12 
ARQZ01000002.1_155 
ARQZ01000010.1_16 
ARQZ01000002.1_81 
ARQZ01000004.1_125 
ARQZ01000005.1_103 
ARQZ01000006.1_39 
ARQZ01000011.1_38 
ARQZ01000006.1_48 
ARQZ01000001.1_65 
ARQZ01000009.1_52 
ARQZ01000010.1_18 
ARQZ01000003.1_30 
ARQZ01000005.1_132 
ARQZ01000003.1_144 
ARQZ01000007.1_100 
ARQZ01000006.1_14 
ARQZ01000006.1_85 
ARQZ01000001.1_190 
ARQZ01000001.1_219 
ARQZ01000002.1_59 
ARQZ01000004.1_127 
ARQZ01000005.1_67 
ARQZ01000010.1_22 
ARQZ01000014.1_9 
ARQZ01000017.1_5 
ARQZ01000001.1_215 
ARQZ01000002.1_15 
ARQZ01000003.1_108 
ARQZ01000004.1_146 
ARQZ01000005.1_155 
ARQZ01000005.1_38 
ARQZ01000005.1_45 
ARQZ01000006.1_46 
ARQZ01000009.1_93 
ARQZ01000002.1_100 
ARQZ01000002.1_165 
ARQZ01000003.1_46 
ARQZ01000004.1_63 
ARQZ01000008.1_48 
ARQZ01000008.1_52 
ARQZ01000007.1_43 
ARQZ01000013.1_7 
ARQZ01000021.1_4 
ARQZ01000001.1_252 
ARQZ01000004.1_71 
ARQZ01000005.1_109 
ARQZ01000016.1_3 
ARQZ01000005.1_64 
ARQZ01000009.1_8 
ARQZ01000013.1_24 
ARQZ01000001.1_9 
ARQZ01000005.1_86 
ARQZ01000011.1_24 
ARQZ01000005.1_77 
ARQZ01000001.1_216 
ARQZ01000003.1_100 
ARQZ01000001.1_197 
ARQZ01000002.1_129 
ARQZ01000004.1_133 
ARQZ01000004.1_96 
ARQZ01000005.1_56 
ARQZ01000001.1_40 
ARQZ01000002.1_8 
ARQZ01000006.1_61 
ARQZ01000007.1_114 
ARQZ01000007.1_115 
ARQZ01000003.1_11 
ARQZ01000004.1_54 
ARQZ01000005.1_114 
ARQZ01000006.1_36 
ARQZ01000006.1_45 
ARQZ01000008.1_49 
ARQZ01000009.1_34 
ARQZ01000001.1_169 
ARQZ01000001.1_245 
ARQZ01000002.1_127 
ARQZ01000007.1_71 
ARQZ01000011.1_51 
ARQZ01000012.1_28 
ARQZ01000002.1_41 
ARQZ01000007.1_111 
ARQZ01000027.1_3 
ARQZ01000004.1_148 
ARQZ01000005.1_120 
ARQZ01000002.1_159 
ARQZ01000003.1_152 
ARQZ01000004.1_109 
ARQZ01000008.1_89 
ARQZ01000009.1_24 
ARQZ01000003.1_158 
ARQZ01000009.1_18 
ARQZ01000007.1_9 
ARQZ01000008.1_101 
ARQZ01000011.1_23 
ARQZ01000012.1_24 
ARQZ01000019.1_2 
ARQZ01000010.1_71 
ARQZ01000013.1_12 
ARQZ01000013.1_3 
ARQZ01000003.1_165 
ARQZ01000006.1_13 
ARQZ01000007.1_106 
ARQZ01000005.1_144 
ARQZ01000006.1_52 
ARQZ01000007.1_96 
ARQZ01000008.1_98 
ARQZ01000005.1_24 
ARQZ01000008.1_64 
ARQZ01000013.1_9 
ARQZ01000004.1_122 
ARQZ01000005.1_141 
ARQZ01000006.1_35 
ARQZ01000002.1_33 
ARQZ01000007.1_83 
ARQZ01000008.1_71 
ARQZ01000010.1_38 
ARQZ01000001.1_272 
ARQZ01000007.1_97 
ARQZ01000008.1_58 
ARQZ01000015.1_9 
ARQZ01000001.1_210 
ARQZ01000015.1_6 
ARQZ01000003.1_57 
ARQZ01000005.1_108 
ARQZ01000006.1_97 
ARQZ01000009.1_12 
ARQZ01000012.1_7 
ARQZ01000001.1_20 
ARQZ01000001.1_161 
ARQZ01000001.1_163 
ARQZ01000001.1_334 
ARQZ01000004.1_17 
ARQZ01000008.1_103 
ARQZ01000010.1_45 
ARQZ01000004.1_94 
ARQZ01000005.1_139 
ARQZ01000005.1_62 
ARQZ01000006.1_2 
ARQZ01000008.1_12 
ARQZ01000008.1_86 
ARQZ01000001.1_97 
ARQZ01000004.1_9 
ARQZ01000037.1_2 
ARQZ01000002.1_147 
ARQZ01000007.1_113 
ARQZ01000010.1_56 
ARQZ01000009.1_35 
ARQZ01000001.1_187 
ARQZ01000008.1_43 
ARQZ01000011.1_48 
ARQZ01000001.1_246 
ARQZ01000003.1_162 
ARQZ01000003.1_36 
ARQZ01000006.1_23 
ARQZ01000019.1_5 
ARQZ01000001.1_254 
ARQZ01000001.1_8 
ARQZ01000005.1_39 
ARQZ01000016.1_2 
ARQZ01000024.1_4 
ARQZ01000002.1_130 
ARQZ01000005.1_51 
ARQZ01000006.1_78 
ARQZ01000008.1_54 
ARQZ01000009.1_57 
ARQZ01000020.1_2 
ARQZ01000001.1_200 
ARQZ01000001.1_78 
ARQZ01000004.1_22 
ARQZ01000007.1_109 
ARQZ01000007.1_4 
ARQZ01000011.1_47 
ARQZ01000014.1_5 
ARQZ01000003.1_14 
ARQZ01000005.1_46 
ARQZ01000015.1_3 
ARQZ01000001.1_208 
ARQZ01000001.1_260 
ARQZ01000003.1_79 
ARQZ01000006.1_63 
ARQZ01000009.1_85 
ARQZ01000001.1_83 
ARQZ01000005.1_43 
ARQZ01000007.1_34 
ARQZ01000007.1_85 
ARQZ01000009.1_95 
ARQZ01000001.1_224 
ARQZ01000002.1_160 
ARQZ01000007.1_3 
ARQZ01000008.1_65 
ARQZ01000014.1_15 
ARQZ01000001.1_118 
ARQZ01000001.1_322 
ARQZ01000003.1_71 
ARQZ01000009.1_10 
ARQZ01000014.1_3 
ARQZ01000002.1_26 
ARQZ01000004.1_44 
ARQZ01000025.1_2 
ARQZ01000002.1_170 
ARQZ01000002.1_2 
ARQZ01000005.1_50 
ARQZ01000003.1_92 
ARQZ01000009.1_74 
ARQZ01000024.1_2 
ARQZ01000028.1_2 
ARQZ01000001.1_239 
ARQZ01000001.1_310 
ARQZ01000008.1_80 
ARQZ01000001.1_178 
ARQZ01000001.1_231 
ARQZ01000002.1_152 
ARQZ01000003.1_102 
ARQZ01000006.1_84 
ARQZ01000010.1_51 
ARQZ01000013.1_33 
ARQZ01000009.1_71 
ARQZ01000003.1_34 
ARQZ01000005.1_128 
ARQZ01000005.1_130 
ARQZ01000021.1_1 
ARQZ01000003.1_163 
ARQZ01000004.1_120 
ARQZ01000006.1_114 
ARQZ01000009.1_83 
ARQZ01000009.1_98 
ARQZ01000002.1_156 
ARQZ01000003.1_143 
ARQZ01000007.1_17 
ARQZ01000007.1_75 
ARQZ01000001.1_212 
ARQZ01000002.1_161 
ARQZ01000013.1_1 
ARQZ01000045.1_1 
ARQZ01000048.1_1 
ARQZ01000001.1_101 
ARQZ01000005.1_137 
ARQZ01000003.1_121 
ARQZ01000005.1_59 
ARQZ01000001.1_336 
ARQZ01000003.1_136 
ARQZ01000003.1_87 
ARQZ01000004.1_13 
ARQZ01000006.1_55 
ARQZ01000001.1_204 
ARQZ01000001.1_295 
ARQZ01000001.1_325 
ARQZ01000005.1_26 
ARQZ01000012.1_9 
ARQZ01000001.1_10 
ARQZ01000003.1_12 
ARQZ01000001.1_64 
ARQZ01000002.1_45 
ARQZ01000007.1_73 
ARQZ01000008.1_102 
ARQZ01000008.1_60 
ARQZ01000001.1_166 
ARQZ01000009.1_15 
ARQZ01000009.1_49 
ARQZ01000011.1_20 
ARQZ01000002.1_116 
ARQZ01000003.1_128 
ARQZ01000003.1_161 
ARQZ01000005.1_149 
ARQZ01000005.1_60 
ARQZ01000006.1_47 
ARQZ01000041.1_2 
ARQZ01000001.1_238 
ARQZ01000001.1_74 
ARQZ01000002.1_84 
ARQZ01000005.1_112 
ARQZ01000006.1_65 
ARQZ01000011.1_10 
ARQZ01000011.1_8 
ARQZ01000001.1_233 
ARQZ01000004.1_147 
ARQZ01000001.1_120 
ARQZ01000005.1_25 
ARQZ01000007.1_7 
ARQZ01000012.1_29 
ARQZ01000003.1_56 
ARQZ01000005.1_142 
ARQZ01000006.1_56 
ARQZ01000008.1_16 
ARQZ01000004.1_102 
ARQZ01000004.1_137 
ARQZ01000004.1_42 
ARQZ01000007.1_6 
ARQZ01000002.1_99 
ARQZ01000003.1_72 
ARQZ01000007.1_35 
ARQZ01000029.1_2 
ARQZ01000001.1_28 
ARQZ01000002.1_61 
ARQZ01000005.1_133 
ARQZ01000001.1_209 
ARQZ01000003.1_44 
ARQZ01000039.1_2 
ARQZ01000001.1_333 
ARQZ01000004.1_11 
ARQZ01000008.1_77 
ARQZ01000013.1_26 
ARQZ01000003.1_41 
ARQZ01000003.1_85 
ARQZ01000004.1_134 
ARQZ01000014.1_4 
ARQZ01000001.1_56 
ARQZ01000003.1_150 
ARQZ01000008.1_10 
ARQZ01000009.1_59 
ARQZ01000003.1_38 
ARQZ01000004.1_25 
ARQZ01000005.1_146 
ARQZ01000008.1_68 
ARQZ01000010.1_70 
ARQZ01000011.1_7 
ARQZ01000030.1_2 
ARQZ01000002.1_27 
ARQZ01000002.1_54 
ARQZ01000009.1_60 
ARQZ01000001.1_34 
ARQZ01000001.1_258 
ARQZ01000009.1_39 
ARQZ01000010.1_17 
ARQZ01000043.1_2 
ARQZ01000003.1_169 
ARQZ01000005.1_1 
ARQZ01000005.1_47 
ARQZ01000003.1_107 
ARQZ01000005.1_134 
ARQZ01000006.1_37 
ARQZ01000008.1_55 
ARQZ01000001.1_119 
ARQZ01000002.1_46 
ARQZ01000005.1_138 
ARQZ01000007.1_2 
ARQZ01000009.1_80 
ARQZ01000005.1_140 
ARQZ01000005.1_17 
ARQZ01000006.1_102 
ARQZ01000008.1_72 
ARQZ01000009.1_11 
ARQZ01000038.1_1 
ARQZ01000001.1_182 
ARQZ01000001.1_51 
ARQZ01000004.1_91 
ARQZ01000001.1_226 
ARQZ01000006.1_112 
ARQZ01000043.1_1 
ARQZ01000002.1_143 
ARQZ01000002.1_5 
ARQZ01000004.1_7 
ARQZ01000009.1_33 
ARQZ01000009.1_9 
ARQZ01000010.1_21 
ARQZ01000031.1_4 
ARQZ01000038.1_2 
ARQZ01000005.1_151 
ARQZ01000001.1_121 
ARQZ01000001.1_317 
ARQZ01000010.1_5 
ARQZ01000001.1_196 
ARQZ01000003.1_160 
ARQZ01000004.1_27 
ARQZ01000009.1_78 
ARQZ01000010.1_73 
ARQZ01000013.1_25 
ARQZ01000014.1_11 
ARQZ01000041.1_1 
ARQZ01000002.1_11 
ARQZ01000004.1_64 
ARQZ01000007.1_105 
ARQZ01000009.1_91 
ARQZ01000017.1_1 
ARQZ01000001.1_44 
ARQZ01000005.1_104 
ARQZ01000005.1_145 
ARQZ01000005.1_157 
ARQZ01000005.1_70 
ARQZ01000006.1_79 
ARQZ01000001.1_202 
ARQZ01000003.1_151 
ARQZ01000001.1_227 
ARQZ01000001.1_39 
ARQZ01000001.1_68 
ARQZ01000005.1_143 
ARQZ01000005.1_37 
ARQZ01000008.1_59 
ARQZ01000010.1_23 
ARQZ01000021.1_3 
ARQZ01000001.1_267 
ARQZ01000004.1_80 
ARQZ01000006.1_16 
ARQZ01000006.1_89 
ARQZ01000007.1_92 
ARQZ01000009.1_45 
ARQZ01000012.1_1 
ARQZ01000034.1_2 
ARQZ01000006.1_9 
ARQZ01000001.1_70 
ARQZ01000001.1_297 
ARQZ01000003.1_28 
ARQZ01000004.1_150 
ARQZ01000005.1_154 
ARQZ01000001.1_115 
ARQZ01000009.1_97 
ARQZ01000011.1_34 
ARQZ01000002.1_126 
ARQZ01000004.1_52 
ARQZ01000005.1_58 
ARQZ01000007.1_117 
ARQZ01000046.1_2 
ARQZ01000007.1_36 
ARQZ01000013.1_35 
ARQZ01000003.1_110 
ARQZ01000001.1_337 
ARQZ01000015.1_1 
ARQZ01000024.1_1 
ARQZ01000003.1_170 
ARQZ01000005.1_147 
ARQZ01000002.1_134 
ARQZ01000003.1_31 
ARQZ01000005.1_152 
ARQZ01000002.1_28 
ARQZ01000003.1_52 
ARQZ01000001.1_253 
ARQZ01000003.1_154 
ARQZ01000003.1_47 
ARQZ01000011.1_54 
ARQZ01000013.1_28 
ARQZ01000002.1_1 
ARQZ01000003.1_88 
ARQZ01000006.1_80 
ARQZ01000015.1_10 
ARQZ01000039.1_1 
ARQZ01000046.1_1 
ARQZ01000047.1_2 
ARQZ01000019.1_1 
ARQZ01000036.1_2 
ARQZ01000003.1_156 
ARQZ01000003.1_1 
ARQZ01000002.1_166 
ARQZ01000009.1_21 
ARQZ01000015.1_5 
ARQZ01000001.1_256 
ARQZ01000008.1_66 
ARQZ01000009.1_69 
ARQZ01000006.1_21 
ARQZ01000006.1_33 
ARQZ01000047.1_1 
ARQZ01000001.1_25 
ARQZ01000002.1_119 
ARQZ01000003.1_25 
ARQZ01000001.1_114 
ARQZ01000005.1_61 
ARQZ01000003.1_90 
ARQZ01000007.1_30 
ARQZ01000003.1_164 
ARQZ01000003.1_23 
ARQZ01000004.1_157 
ARQZ01000009.1_70 
ARQZ01000010.1_47 
ARQZ01000026.1_1 
ARQZ01000002.1_44 
ARQZ01000003.1_140 
ARQZ01000005.1_129 
ARQZ01000008.1_56 
ARQZ01000002.1_120 
ARQZ01000001.1_49 
ARQZ01000002.1_35 
ARQZ01000004.1_79 
ARQZ01000006.1_74 
ARQZ01000035.1_2 
ARQZ01000001.1_257 
ARQZ01000006.1_50 
ARQZ01000009.1_92 
ARQZ01000023.1_1 
ARQZ01000007.1_16 
ARQZ01000018.1_1 
ARQZ01000037.1_3 
ARQZ01000001.1_21 
ARQZ01000003.1_171 
ARQZ01000009.1_88 
ARQZ01000001.1_318 
ARQZ01000002.1_37 
ARQZ01000003.1_67 
ARQZ01000003.1_145 
ARQZ01000007.1_65 
ARQZ01000002.1_47 
ARQZ01000003.1_127 
ARQZ01000004.1_144 
ARQZ01000010.1_40 
ARQZ01000003.1_139 
ARQZ01000003.1_147 
ARQZ01000005.1_148 
ARQZ01000002.1_43 
ARQZ01000003.1_133 
ARQZ01000006.1_1 
ARQZ01000012.1_36 
ARQZ01000002.1_131 
ARQZ01000022.1_1 
ARQZ01000004.1_123 
ARQZ01000003.1_138 
ARQZ01000002.1_38 
ARQZ01000023.1_5 
ARQZ01000009.1_63 
ARQZ01000031.1_2 
ARQZ01000003.1_142 
ARQZ01000003.1_112 
ARQZ01000007.1_102 
ARQZ01000007.1_98 
ARQZ01000032.1_1 
ARQZ01000002.1_167 
ARQZ01000002.1_42 
ARQZ01000002.1_29 
ARQZ01000001.1_186 
ARQZ01000001.1_222 
ARQZ01000007.1_94 
ARQZ01000011.1_1 
ARQZ01000001.1_228 
ARQZ01000002.1_49 
ARQZ01000005.1_135 
ARQZ01000010.1_1 
ARQZ01000002.1_24 
ARQZ01000003.1_137 
ARQZ01000004.1_5 
ARQZ01000005.1_158 
ARQZ01000027.1_1 
ARQZ01000006.1_136 
ARQZ01000002.1_55 
ARQZ01000040.1_2 
ARQZ01000031.1_1 
