ARQW01000008.1_57 ARQW01000004.1_3 ARQW01000007.1_44 ARQW01000010.1_44 ARQW01000002.1_109 ARQW01000006.1_19 ARQW01000002.1_102 ARQW01000001.1_170 ARQW01000004.1_33 ARQW01000028.1_2 ARQW01000003.1_23 ARQW01000014.1_4 ARQW01000007.1_53 ARQW01000003.1_18 ARQW01000004.1_22 ARQW01000003.1_114 ARQW01000004.1_75 ARQW01000008.1_37 ARQW01000004.1_76 ARQW01000008.1_36 ARQW01000003.1_119 ARQW01000010.1_2 ARQW01000006.1_101 ARQW01000002.1_161 ARQW01000005.1_17 ARQW01000009.1_54 ARQW01000002.1_153 ARQW01000005.1_44 ARQW01000006.1_43 ARQW01000008.1_48 ARQW01000002.1_9 ARQW01000002.1_73 ARQW01000005.1_16 ARQW01000033.1_2 ARQW01000005.1_39 ARQW01000017.1_5 ARQW01000001.1_226 ARQW01000012.1_30 
ARQW01000005.1_87 ARQW01000009.1_22 ARQW01000020.1_7 ARQW01000003.1_115 ARQW01000001.1_166 ARQW01000004.1_38 ARQW01000001.1_144 ARQW01000003.1_17 ARQW01000001.1_61 ARQW01000001.1_145 ARQW01000010.1_55 ARQW01000005.1_95 ARQW01000009.1_82 ARQW01000009.1_1 
ARQW01000004.1_70 ARQW01000001.1_147 ARQW01000001.1_71 ARQW01000001.1_203 ARQW01000008.1_54 ARQW01000001.1_142 ARQW01000007.1_23 ARQW01000003.1_37 ARQW01000005.1_120 ARQW01000006.1_117 
ARQW01000006.1_83 ARQW01000004.1_108 ARQW01000003.1_40 ARQW01000001.1_67 ARQW01000001.1_155 ARQW01000020.1_11 
ARQW01000018.1_3 ARQW01000006.1_103 ARQW01000001.1_73 ARQW01000001.1_152 ARQW01000020.1_2 
ARQW01000014.1_31 ARQW01000004.1_64 ARQW01000014.1_34 ARQW01000022.1_8 ARQW01000004.1_51 
ARQW01000008.1_24 ARQW01000002.1_118 ARQW01000001.1_29 ARQW01000009.1_55 ARQW01000019.1_31 
ARQW01000010.1_7 ARQW01000010.1_32 ARQW01000016.1_13 ARQW01000015.1_2 
ARQW01000025.1_2 ARQW01000006.1_20 ARQW01000040.1_1 ARQW01000003.1_19 
ARQW01000002.1_93 ARQW01000001.1_143 ARQW01000001.1_153 ARQW01000001.1_173 
ARQW01000003.1_98 ARQW01000006.1_91 ARQW01000008.1_59 ARQW01000003.1_102 
ARQW01000034.1_2 ARQW01000038.1_1 ARQW01000001.1_48 ARQW01000007.1_81 
ARQW01000004.1_114 ARQW01000022.1_2 ARQW01000004.1_78 ARQW01000008.1_34 
ARQW01000004.1_77 ARQW01000022.1_3 ARQW01000004.1_113 ARQW01000008.1_35 
ARQW01000004.1_13 ARQW01000011.1_4 ARQW01000004.1_17 ARQW01000012.1_38 
ARQW01000004.1_80 ARQW01000015.1_42 ARQW01000007.1_104 ARQW01000015.1_21 
ARQW01000005.1_81 ARQW01000016.1_30 ARQW01000007.1_110 
ARQW01000004.1_93 ARQW01000001.1_60 ARQW01000001.1_168 
ARQW01000020.1_4 ARQW01000008.1_62 ARQW01000007.1_37 
ARQW01000008.1_26 ARQW01000002.1_69 ARQW01000002.1_32 
ARQW01000001.1_154 ARQW01000001.1_167 ARQW01000001.1_159 
ARQW01000008.1_49 ARQW01000009.1_57 ARQW01000009.1_58 
ARQW01000002.1_23 ARQW01000007.1_32 ARQW01000027.1_2 
ARQW01000002.1_111 ARQW01000001.1_156 ARQW01000007.1_56 
ARQW01000009.1_41 ARQW01000012.1_35 ARQW01000005.1_1 
ARQW01000007.1_5 ARQW01000006.1_11 ARQW01000002.1_105 
ARQW01000009.1_62 ARQW01000001.1_75 ARQW01000001.1_77 
ARQW01000002.1_144 ARQW01000002.1_18 ARQW01000010.1_4 
ARQW01000004.1_111 ARQW01000011.1_36 ARQW01000004.1_109 
ARQW01000007.1_27 ARQW01000002.1_131 ARQW01000007.1_26 
ARQW01000001.1_122 ARQW01000004.1_121 
ARQW01000013.1_43 ARQW01000006.1_75 
ARQW01000008.1_30 ARQW01000008.1_38 
ARQW01000012.1_43 ARQW01000011.1_73 
ARQW01000004.1_39 ARQW01000009.1_7 
ARQW01000004.1_112 ARQW01000022.1_4 
ARQW01000013.1_7 ARQW01000001.1_223 
ARQW01000002.1_90 ARQW01000003.1_79 
ARQW01000004.1_9 ARQW01000011.1_13 
ARQW01000008.1_10 ARQW01000006.1_38 
ARQW01000004.1_100 ARQW01000008.1_44 
ARQW01000010.1_42 ARQW01000008.1_56 
ARQW01000008.1_61 ARQW01000006.1_107 
ARQW01000003.1_101 ARQW01000041.1_1 
ARQW01000001.1_233 ARQW01000001.1_118 
ARQW01000004.1_123 ARQW01000001.1_124 
ARQW01000006.1_78 ARQW01000002.1_34 
ARQW01000005.1_91 ARQW01000016.1_21 
ARQW01000014.1_26 ARQW01000001.1_21 
ARQW01000003.1_126 ARQW01000003.1_125 
ARQW01000013.1_4 ARQW01000009.1_50 
ARQW01000005.1_117 ARQW01000005.1_83 
ARQW01000021.1_3 ARQW01000010.1_14 
ARQW01000005.1_9 ARQW01000001.1_70 
ARQW01000002.1_160 ARQW01000006.1_100 
ARQW01000003.1_92 ARQW01000001.1_136 
ARQW01000003.1_20 ARQW01000014.1_2 
ARQW01000004.1_47 ARQW01000004.1_73 
ARQW01000001.1_137 ARQW01000016.1_29 
ARQW01000002.1_126 ARQW01000007.1_41 
ARQW01000002.1_121 ARQW01000008.1_63 
ARQW01000002.1_163 ARQW01000036.1_1 
ARQW01000004.1_66 ARQW01000004.1_49 
ARQW01000006.1_18 ARQW01000033.1_1 
ARQW01000002.1_150 ARQW01000003.1_118 
ARQW01000006.1_88 ARQW01000005.1_58 
ARQW01000013.1_50 ARQW01000006.1_46 
ARQW01000004.1_42 ARQW01000004.1_1 
ARQW01000014.1_27 ARQW01000001.1_22 
ARQW01000004.1_2 ARQW01000004.1_41 
ARQW01000004.1_96 ARQW01000004.1_97 
ARQW01000011.1_80 ARQW01000003.1_153 
ARQW01000004.1_127 ARQW01000005.1_34 
ARQW01000011.1_21 ARQW01000012.1_8 
ARQW01000013.1_6 ARQW01000003.1_14 
ARQW01000001.1_37 ARQW01000006.1_15 
ARQW01000017.1_1 ARQW01000027.1_1 
ARQW01000001.1_131 ARQW01000001.1_98 
ARQW01000002.1_79 ARQW01000010.1_27 
ARQW01000003.1_120 ARQW01000010.1_3 
ARQW01000007.1_62 ARQW01000001.1_50 
ARQW01000001.1_43 ARQW01000008.1_67 
ARQW01000014.1_24 ARQW01000002.1_117 
ARQW01000002.1_100 ARQW01000008.1_64 
ARQW01000002.1_130 ARQW01000014.1_38 
ARQW01000001.1_184 ARQW01000005.1_97 
ARQW01000011.1_2 ARQW01000004.1_104 
ARQW01000010.1_11 ARQW01000007.1_69 
ARQW01000010.1_34 ARQW01000006.1_53 
ARQW01000015.1_25 ARQW01000009.1_61 
ARQW01000001.1_210 ARQW01000011.1_75 
ARQW01000003.1_146 ARQW01000002.1_17 
ARQW01000002.1_146 ARQW01000002.1_140 
ARQW01000002.1_75 ARQW01000002.1_76 
ARQW01000002.1_48 
ARQW01000008.1_9 
ARQW01000008.1_8 
ARQW01000007.1_91 
ARQW01000001.1_127 
ARQW01000002.1_52 
ARQW01000008.1_11 
ARQW01000005.1_63 
ARQW01000002.1_70 
ARQW01000011.1_29 
ARQW01000011.1_10 
ARQW01000001.1_133 
ARQW01000003.1_129 
ARQW01000015.1_31 
ARQW01000012.1_56 
ARQW01000009.1_37 
ARQW01000002.1_72 
ARQW01000002.1_89 
ARQW01000002.1_41 
ARQW01000013.1_32 
ARQW01000009.1_48 
ARQW01000005.1_67 
ARQW01000017.1_4 
ARQW01000003.1_72 
ARQW01000009.1_79 
ARQW01000003.1_9 
ARQW01000013.1_51 
ARQW01000013.1_41 
ARQW01000017.1_14 
ARQW01000014.1_40 
ARQW01000002.1_87 
ARQW01000012.1_22 
ARQW01000015.1_41 
ARQW01000001.1_179 
ARQW01000003.1_47 
ARQW01000006.1_47 
ARQW01000006.1_64 
ARQW01000002.1_119 
ARQW01000011.1_60 
ARQW01000001.1_222 
ARQW01000009.1_53 
ARQW01000018.1_11 
ARQW01000009.1_13 
ARQW01000003.1_80 
ARQW01000005.1_6 
ARQW01000004.1_53 
ARQW01000001.1_49 
ARQW01000010.1_63 
ARQW01000029.1_2 
ARQW01000014.1_17 
ARQW01000014.1_3 
ARQW01000006.1_112 
ARQW01000014.1_30 
ARQW01000014.1_1 
ARQW01000009.1_8 
ARQW01000010.1_38 
ARQW01000006.1_33 
ARQW01000023.1_1 
ARQW01000009.1_44 
ARQW01000004.1_40 
ARQW01000012.1_39 
ARQW01000013.1_47 
ARQW01000014.1_33 
ARQW01000003.1_13 
ARQW01000002.1_1 
ARQW01000009.1_83 
ARQW01000021.1_5 
ARQW01000014.1_39 
ARQW01000012.1_34 
ARQW01000002.1_113 
ARQW01000002.1_86 
ARQW01000007.1_21 
ARQW01000001.1_85 
ARQW01000003.1_85 
ARQW01000011.1_62 
ARQW01000003.1_22 
ARQW01000003.1_90 
ARQW01000002.1_94 
ARQW01000005.1_98 
ARQW01000014.1_28 
ARQW01000002.1_162 
ARQW01000003.1_163 
ARQW01000006.1_80 
ARQW01000001.1_33 
ARQW01000015.1_37 
ARQW01000002.1_81 
ARQW01000007.1_78 
ARQW01000003.1_139 
ARQW01000004.1_34 
ARQW01000003.1_145 
ARQW01000005.1_77 
ARQW01000006.1_39 
ARQW01000001.1_96 
ARQW01000007.1_73 
ARQW01000023.1_5 
ARQW01000006.1_87 
ARQW01000003.1_156 
ARQW01000004.1_86 
ARQW01000008.1_17 
ARQW01000001.1_206 
ARQW01000002.1_36 
ARQW01000002.1_5 
ARQW01000005.1_72 
ARQW01000015.1_24 
ARQW01000005.1_75 
ARQW01000001.1_12 
ARQW01000003.1_155 
ARQW01000007.1_45 
ARQW01000010.1_76 
ARQW01000005.1_104 
ARQW01000010.1_49 
ARQW01000007.1_96 
ARQW01000005.1_41 
ARQW01000004.1_89 
ARQW01000006.1_114 
ARQW01000004.1_103 
ARQW01000010.1_24 
ARQW01000006.1_109 
ARQW01000005.1_84 
ARQW01000001.1_224 
ARQW01000007.1_88 
ARQW01000002.1_71 
ARQW01000001.1_140 
ARQW01000005.1_114 
ARQW01000001.1_6 
ARQW01000009.1_74 
ARQW01000012.1_49 
ARQW01000015.1_29 
ARQW01000002.1_92 
ARQW01000004.1_81 
ARQW01000010.1_65 
ARQW01000013.1_2 
ARQW01000001.1_195 
ARQW01000015.1_35 
ARQW01000032.1_1 
ARQW01000001.1_183 
ARQW01000024.1_6 
ARQW01000006.1_74 
ARQW01000007.1_49 
ARQW01000011.1_69 
ARQW01000020.1_3 
ARQW01000001.1_28 
ARQW01000011.1_27 
ARQW01000015.1_3 
ARQW01000004.1_79 
ARQW01000004.1_115 
ARQW01000009.1_34 
ARQW01000011.1_8 
ARQW01000013.1_12 
ARQW01000015.1_30 
ARQW01000001.1_214 
ARQW01000012.1_28 
ARQW01000010.1_28 
ARQW01000006.1_95 
ARQW01000001.1_46 
ARQW01000010.1_59 
ARQW01000011.1_45 
ARQW01000002.1_44 
ARQW01000007.1_50 
ARQW01000011.1_65 
ARQW01000005.1_43 
ARQW01000018.1_10 
ARQW01000003.1_86 
ARQW01000022.1_6 
ARQW01000001.1_189 
ARQW01000001.1_55 
ARQW01000007.1_18 
ARQW01000018.1_6 
ARQW01000005.1_53 
ARQW01000015.1_32 
ARQW01000009.1_70 
ARQW01000006.1_69 
ARQW01000001.1_218 
ARQW01000008.1_33 
ARQW01000002.1_31 
ARQW01000008.1_32 
ARQW01000004.1_31 
ARQW01000008.1_21 
ARQW01000004.1_83 
ARQW01000007.1_61 
ARQW01000011.1_26 
ARQW01000002.1_158 
ARQW01000006.1_105 
ARQW01000008.1_74 
ARQW01000013.1_1 
ARQW01000001.1_72 
ARQW01000004.1_54 
ARQW01000017.1_15 
ARQW01000001.1_172 
ARQW01000001.1_39 
ARQW01000003.1_106 
ARQW01000009.1_39 
ARQW01000011.1_5 
ARQW01000015.1_34 
ARQW01000003.1_105 
ARQW01000012.1_36 
ARQW01000002.1_83 
ARQW01000003.1_87 
ARQW01000004.1_16 
ARQW01000012.1_53 
ARQW01000015.1_10 
ARQW01000005.1_56 
ARQW01000004.1_23 
ARQW01000011.1_46 
ARQW01000014.1_29 
ARQW01000027.1_4 
ARQW01000003.1_27 
ARQW01000014.1_12 
ARQW01000003.1_50 
ARQW01000005.1_23 
ARQW01000010.1_22 
ARQW01000012.1_52 
ARQW01000012.1_25 
ARQW01000003.1_73 
ARQW01000006.1_3 
ARQW01000008.1_79 
ARQW01000010.1_71 
ARQW01000018.1_13 
ARQW01000007.1_111 
ARQW01000007.1_24 
ARQW01000037.1_1 
ARQW01000005.1_86 
ARQW01000005.1_78 
ARQW01000003.1_93 
ARQW01000015.1_5 
ARQW01000008.1_41 
ARQW01000009.1_29 
ARQW01000012.1_51 
ARQW01000003.1_135 
ARQW01000001.1_111 
ARQW01000001.1_138 
ARQW01000001.1_187 
ARQW01000012.1_60 
ARQW01000004.1_27 
ARQW01000005.1_14 
ARQW01000009.1_49 
ARQW01000010.1_45 
ARQW01000012.1_37 
ARQW01000004.1_14 
ARQW01000016.1_1 
ARQW01000002.1_2 
ARQW01000004.1_21 
ARQW01000021.1_7 
ARQW01000002.1_66 
ARQW01000004.1_71 
ARQW01000009.1_64 
ARQW01000001.1_148 
ARQW01000001.1_208 
ARQW01000004.1_124 
ARQW01000002.1_43 
ARQW01000003.1_160 
ARQW01000003.1_46 
ARQW01000001.1_31 
ARQW01000001.1_4 
ARQW01000014.1_15 
ARQW01000007.1_102 
ARQW01000004.1_56 
ARQW01000001.1_45 
ARQW01000001.1_151 
ARQW01000001.1_64 
ARQW01000009.1_9 
ARQW01000007.1_38 
ARQW01000012.1_19 
ARQW01000013.1_46 
ARQW01000003.1_111 
ARQW01000006.1_115 
ARQW01000001.1_81 
ARQW01000008.1_70 
ARQW01000001.1_220 
ARQW01000005.1_115 
ARQW01000001.1_176 
ARQW01000003.1_43 
ARQW01000002.1_38 
ARQW01000008.1_91 
ARQW01000002.1_62 
ARQW01000031.1_2 
ARQW01000003.1_56 
ARQW01000004.1_19 
ARQW01000006.1_5 
ARQW01000012.1_45 
ARQW01000019.1_22 
ARQW01000003.1_48 
ARQW01000007.1_54 
ARQW01000008.1_53 
ARQW01000006.1_35 
ARQW01000006.1_102 
ARQW01000003.1_45 
ARQW01000008.1_84 
ARQW01000015.1_7 
ARQW01000017.1_11 
ARQW01000009.1_26 
ARQW01000012.1_13 
ARQW01000016.1_9 
ARQW01000001.1_35 
ARQW01000001.1_53 
ARQW01000004.1_91 
ARQW01000007.1_59 
ARQW01000007.1_6 
ARQW01000007.1_72 
ARQW01000003.1_117 
ARQW01000003.1_77 
ARQW01000003.1_26 
ARQW01000004.1_25 
ARQW01000001.1_227 
ARQW01000001.1_235 
ARQW01000004.1_6 
ARQW01000012.1_10 
ARQW01000001.1_113 
ARQW01000001.1_86 
ARQW01000004.1_43 
ARQW01000015.1_4 
ARQW01000004.1_7 
ARQW01000005.1_38 
ARQW01000011.1_16 
ARQW01000012.1_1 
ARQW01000001.1_158 
ARQW01000005.1_108 
ARQW01000003.1_166 
ARQW01000013.1_35 
ARQW01000002.1_101 
ARQW01000006.1_41 
ARQW01000009.1_76 
ARQW01000014.1_35 
ARQW01000001.1_90 
ARQW01000002.1_39 
ARQW01000003.1_147 
ARQW01000004.1_72 
ARQW01000007.1_4 
ARQW01000011.1_77 
ARQW01000011.1_81 
ARQW01000008.1_65 
ARQW01000001.1_102 
ARQW01000001.1_130 
ARQW01000001.1_9 
ARQW01000002.1_110 
ARQW01000012.1_32 
ARQW01000001.1_177 
ARQW01000006.1_82 
ARQW01000018.1_14 
ARQW01000001.1_54 
ARQW01000002.1_29 
ARQW01000007.1_47 
ARQW01000012.1_58 
ARQW01000001.1_16 
ARQW01000004.1_15 
ARQW01000002.1_141 
ARQW01000002.1_154 
ARQW01000003.1_109 
ARQW01000008.1_12 
ARQW01000016.1_19 
ARQW01000007.1_43 
ARQW01000013.1_26 
ARQW01000001.1_36 
ARQW01000005.1_13 
ARQW01000010.1_5 
ARQW01000012.1_27 
ARQW01000003.1_167 
ARQW01000008.1_25 
ARQW01000009.1_46 
ARQW01000018.1_4 
ARQW01000007.1_22 
ARQW01000010.1_40 
ARQW01000014.1_37 
ARQW01000015.1_36 
ARQW01000026.1_2 
ARQW01000001.1_59 
ARQW01000001.1_79 
ARQW01000002.1_14 
ARQW01000002.1_67 
ARQW01000011.1_42 
ARQW01000012.1_31 
ARQW01000016.1_12 
ARQW01000002.1_84 
ARQW01000004.1_126 
ARQW01000003.1_12 
ARQW01000006.1_31 
ARQW01000006.1_94 
ARQW01000007.1_11 
ARQW01000010.1_67 
ARQW01000012.1_46 
ARQW01000002.1_108 
ARQW01000007.1_39 
ARQW01000014.1_14 
ARQW01000009.1_66 
ARQW01000013.1_22 
ARQW01000001.1_23 
ARQW01000002.1_115 
ARQW01000006.1_42 
ARQW01000009.1_25 
ARQW01000015.1_33 
ARQW01000009.1_12 
ARQW01000009.1_32 
ARQW01000009.1_2 
ARQW01000009.1_23 
ARQW01000001.1_211 
ARQW01000003.1_91 
ARQW01000005.1_82 
ARQW01000006.1_48 
ARQW01000009.1_31 
ARQW01000001.1_162 
ARQW01000005.1_40 
ARQW01000003.1_141 
ARQW01000005.1_61 
ARQW01000009.1_10 
ARQW01000011.1_54 
ARQW01000025.1_4 
ARQW01000001.1_135 
ARQW01000003.1_39 
ARQW01000003.1_66 
ARQW01000005.1_47 
ARQW01000005.1_52 
ARQW01000005.1_64 
ARQW01000005.1_80 
ARQW01000013.1_13 
ARQW01000016.1_31 
ARQW01000006.1_108 
ARQW01000013.1_23 
ARQW01000005.1_106 
ARQW01000003.1_32 
ARQW01000005.1_28 
ARQW01000014.1_11 
ARQW01000001.1_125 
ARQW01000010.1_62 
ARQW01000008.1_16 
ARQW01000010.1_68 
ARQW01000012.1_44 
ARQW01000013.1_45 
ARQW01000003.1_94 
ARQW01000004.1_65 
ARQW01000007.1_17 
ARQW01000004.1_12 
ARQW01000005.1_112 
ARQW01000001.1_66 
ARQW01000001.1_68 
ARQW01000003.1_151 
ARQW01000004.1_52 
ARQW01000007.1_100 
ARQW01000007.1_25 
ARQW01000021.1_1 
ARQW01000001.1_217 
ARQW01000008.1_58 
ARQW01000009.1_81 
ARQW01000012.1_55 
ARQW01000001.1_100 
ARQW01000004.1_28 
ARQW01000006.1_50 
ARQW01000008.1_88 
ARQW01000013.1_44 
ARQW01000005.1_31 
ARQW01000010.1_43 
ARQW01000010.1_60 
ARQW01000010.1_70 
ARQW01000014.1_8 
ARQW01000004.1_48 
ARQW01000007.1_98 
ARQW01000010.1_75 
ARQW01000001.1_149 
ARQW01000003.1_8 
ARQW01000007.1_12 
ARQW01000011.1_71 
ARQW01000012.1_40 
ARQW01000021.1_4 
ARQW01000006.1_97 
ARQW01000001.1_109 
ARQW01000002.1_157 
ARQW01000003.1_138 
ARQW01000015.1_44 
ARQW01000016.1_5 
ARQW01000004.1_50 
ARQW01000008.1_47 
ARQW01000022.1_5 
ARQW01000003.1_81 
ARQW01000008.1_52 
ARQW01000020.1_8 
ARQW01000002.1_82 
ARQW01000003.1_144 
ARQW01000002.1_159 
ARQW01000004.1_24 
ARQW01000013.1_3 
ARQW01000001.1_150 
ARQW01000004.1_69 
ARQW01000006.1_51 
ARQW01000008.1_13 
ARQW01000002.1_59 
ARQW01000003.1_55 
ARQW01000001.1_202 
ARQW01000001.1_232 
ARQW01000002.1_10 
ARQW01000004.1_63 
ARQW01000007.1_40 
ARQW01000012.1_6 
ARQW01000016.1_28 
ARQW01000001.1_209 
ARQW01000002.1_106 
ARQW01000002.1_22 
ARQW01000005.1_15 
ARQW01000008.1_20 
ARQW01000015.1_23 
ARQW01000016.1_23 
ARQW01000005.1_100 
ARQW01000001.1_157 
ARQW01000001.1_41 
ARQW01000005.1_89 
ARQW01000006.1_93 
ARQW01000010.1_17 
ARQW01000035.1_2 
ARQW01000001.1_34 
ARQW01000004.1_26 
ARQW01000005.1_92 
ARQW01000008.1_90 
ARQW01000009.1_18 
ARQW01000016.1_20 
ARQW01000008.1_14 
ARQW01000013.1_28 
ARQW01000001.1_91 
ARQW01000007.1_103 
ARQW01000007.1_71 
ARQW01000008.1_72 
ARQW01000012.1_29 
ARQW01000014.1_32 
ARQW01000001.1_165 
ARQW01000001.1_24 
ARQW01000003.1_103 
ARQW01000009.1_51 
ARQW01000001.1_62 
ARQW01000015.1_40 
ARQW01000001.1_51 
ARQW01000006.1_40 
ARQW01000016.1_4 
ARQW01000009.1_72 
ARQW01000003.1_108 
ARQW01000003.1_132 
ARQW01000016.1_2 
ARQW01000002.1_55 
ARQW01000002.1_85 
ARQW01000003.1_35 
ARQW01000004.1_60 
ARQW01000006.1_66 
ARQW01000007.1_74 
ARQW01000002.1_124 
ARQW01000010.1_69 
ARQW01000012.1_15 
ARQW01000002.1_152 
ARQW01000005.1_88 
ARQW01000014.1_9 
ARQW01000005.1_93 
ARQW01000012.1_47 
ARQW01000015.1_22 
ARQW01000001.1_141 
ARQW01000005.1_118 
ARQW01000003.1_28 
ARQW01000003.1_53 
ARQW01000006.1_21 
ARQW01000004.1_11 
ARQW01000006.1_92 
ARQW01000019.1_27 
ARQW01000009.1_77 
ARQW01000001.1_40 
ARQW01000010.1_33 
ARQW01000013.1_14 
ARQW01000013.1_31 
ARQW01000010.1_58 
ARQW01000001.1_164 
ARQW01000005.1_37 
ARQW01000007.1_89 
ARQW01000018.1_8 
ARQW01000001.1_163 
ARQW01000003.1_124 
ARQW01000005.1_109 
ARQW01000006.1_81 
ARQW01000023.1_7 
ARQW01000001.1_95 
ARQW01000005.1_79 
ARQW01000010.1_78 
ARQW01000011.1_9 
ARQW01000011.1_11 
ARQW01000020.1_9 
ARQW01000005.1_99 
ARQW01000006.1_58 
ARQW01000003.1_158 
ARQW01000003.1_41 
ARQW01000031.1_1 
ARQW01000001.1_116 
ARQW01000001.1_78 
ARQW01000025.1_5 
ARQW01000003.1_36 
ARQW01000006.1_56 
ARQW01000008.1_27 
ARQW01000014.1_25 
ARQW01000002.1_42 
ARQW01000009.1_19 
ARQW01000016.1_17 
ARQW01000017.1_2 
ARQW01000024.1_2 
ARQW01000001.1_201 
ARQW01000002.1_112 
ARQW01000005.1_26 
ARQW01000014.1_18 
ARQW01000001.1_126 
ARQW01000005.1_50 
ARQW01000007.1_65 
ARQW01000009.1_28 
ARQW01000011.1_25 
ARQW01000016.1_24 
ARQW01000022.1_7 
ARQW01000028.1_3 
ARQW01000001.1_236 
ARQW01000010.1_54 
ARQW01000003.1_165 
ARQW01000016.1_26 
ARQW01000002.1_45 
ARQW01000002.1_56 
ARQW01000007.1_64 
ARQW01000007.1_95 
ARQW01000008.1_40 
ARQW01000008.1_71 
ARQW01000013.1_40 
ARQW01000030.1_3 
ARQW01000002.1_35 
ARQW01000004.1_30 
ARQW01000004.1_62 
ARQW01000005.1_107 
ARQW01000008.1_66 
ARQW01000011.1_30 
ARQW01000011.1_7 
ARQW01000002.1_125 
ARQW01000002.1_78 
ARQW01000003.1_116 
ARQW01000013.1_30 
ARQW01000004.1_37 
ARQW01000011.1_24 
ARQW01000010.1_46 
ARQW01000002.1_40 
ARQW01000006.1_2 
ARQW01000008.1_89 
ARQW01000017.1_12 
ARQW01000001.1_171 
ARQW01000009.1_75 
ARQW01000001.1_146 
ARQW01000004.1_106 
ARQW01000005.1_2 
ARQW01000008.1_42 
ARQW01000014.1_6 
ARQW01000004.1_29 
ARQW01000010.1_16 
ARQW01000010.1_41 
ARQW01000013.1_29 
ARQW01000019.1_2 
ARQW01000002.1_97 
ARQW01000003.1_123 
ARQW01000003.1_137 
ARQW01000009.1_67 
ARQW01000012.1_62 
ARQW01000015.1_8 
ARQW01000001.1_205 
ARQW01000001.1_76 
ARQW01000004.1_95 
ARQW01000006.1_90 
ARQW01000008.1_51 
ARQW01000002.1_30 
ARQW01000002.1_96 
ARQW01000004.1_125 
ARQW01000004.1_4 
ARQW01000012.1_26 
ARQW01000013.1_17 
ARQW01000003.1_99 
ARQW01000007.1_85 
ARQW01000003.1_143 
ARQW01000012.1_33 
ARQW01000001.1_19 
ARQW01000003.1_38 
ARQW01000016.1_8 
ARQW01000001.1_107 
ARQW01000005.1_66 
ARQW01000006.1_26 
ARQW01000007.1_46 
ARQW01000007.1_77 
ARQW01000016.1_6 
ARQW01000001.1_231 
ARQW01000008.1_77 
ARQW01000009.1_14 
ARQW01000013.1_10 
ARQW01000013.1_52 
ARQW01000003.1_25 
ARQW01000007.1_55 
ARQW01000009.1_20 
ARQW01000011.1_20 
ARQW01000013.1_24 
ARQW01000003.1_67 
ARQW01000003.1_68 
ARQW01000007.1_28 
ARQW01000005.1_24 
ARQW01000001.1_129 
ARQW01000003.1_89 
ARQW01000001.1_128 
ARQW01000001.1_188 
ARQW01000003.1_24 
ARQW01000004.1_35 
ARQW01000005.1_11 
ARQW01000005.1_45 
ARQW01000009.1_43 
ARQW01000002.1_91 
ARQW01000004.1_46 
ARQW01000010.1_77 
ARQW01000013.1_42 
ARQW01000001.1_42 
ARQW01000001.1_83 
ARQW01000004.1_116 
ARQW01000007.1_31 
ARQW01000008.1_50 
ARQW01000009.1_11 
ARQW01000005.1_96 
ARQW01000014.1_43 
ARQW01000001.1_93 
ARQW01000002.1_148 
ARQW01000002.1_57 
ARQW01000021.1_2 
ARQW01000002.1_13 
ARQW01000002.1_156 
ARQW01000006.1_36 
ARQW01000007.1_9 
ARQW01000002.1_107 
ARQW01000003.1_33 
ARQW01000007.1_57 
ARQW01000007.1_67 
ARQW01000002.1_77 
ARQW01000009.1_56 
ARQW01000003.1_121 
ARQW01000005.1_20 
ARQW01000020.1_10 
ARQW01000005.1_71 
ARQW01000016.1_11 
ARQW01000001.1_69 
ARQW01000003.1_112 
ARQW01000003.1_52 
ARQW01000008.1_78 
ARQW01000001.1_88 
ARQW01000002.1_68 
ARQW01000013.1_27 
ARQW01000017.1_8 
ARQW01000001.1_200 
ARQW01000003.1_113 
ARQW01000006.1_72 
ARQW01000012.1_61 
ARQW01000001.1_193 
ARQW01000001.1_99 
ARQW01000005.1_90 
ARQW01000006.1_7 
ARQW01000007.1_14 
ARQW01000019.1_5 
ARQW01000001.1_106 
ARQW01000001.1_196 
ARQW01000006.1_62 
ARQW01000008.1_39 
ARQW01000002.1_74 
ARQW01000007.1_2 
ARQW01000039.1_2 
ARQW01000002.1_88 
ARQW01000024.1_5 
ARQW01000001.1_32 
ARQW01000007.1_19 
ARQW01000013.1_21 
ARQW01000004.1_68 
ARQW01000006.1_61 
ARQW01000008.1_19 
ARQW01000012.1_23 
ARQW01000002.1_58 
ARQW01000005.1_21 
ARQW01000005.1_27 
ARQW01000006.1_85 
ARQW01000007.1_108 
ARQW01000013.1_25 
ARQW01000006.1_68 
ARQW01000009.1_42 
ARQW01000001.1_10 
ARQW01000006.1_24 
ARQW01000007.1_51 
ARQW01000008.1_28 
ARQW01000008.1_55 
ARQW01000009.1_80 
ARQW01000001.1_221 
ARQW01000004.1_32 
ARQW01000005.1_8 
ARQW01000010.1_72 
ARQW01000004.1_101 
ARQW01000006.1_23 
ARQW01000008.1_31 
ARQW01000003.1_122 
ARQW01000003.1_6 
ARQW01000005.1_116 
ARQW01000010.1_73 
ARQW01000015.1_26 
ARQW01000003.1_140 
ARQW01000007.1_68 
ARQW01000001.1_3 
ARQW01000001.1_38 
ARQW01000002.1_116 
ARQW01000004.1_94 
ARQW01000007.1_86 
ARQW01000009.1_33 
ARQW01000010.1_13 
ARQW01000042.1_1 
ARQW01000011.1_41 
ARQW01000016.1_15 
ARQW01000001.1_63 
ARQW01000002.1_127 
ARQW01000005.1_110 
ARQW01000006.1_32 
ARQW01000007.1_52 
ARQW01000007.1_70 
ARQW01000011.1_63 
ARQW01000013.1_19 
ARQW01000001.1_26 
ARQW01000002.1_104 
ARQW01000004.1_5 
ARQW01000005.1_54 
ARQW01000003.1_29 
ARQW01000002.1_26 
ARQW01000005.1_102 
ARQW01000018.1_5 
ARQW01000011.1_6 
ARQW01000012.1_7 
ARQW01000013.1_48 
ARQW01000005.1_49 
ARQW01000006.1_84 
ARQW01000006.1_86 
ARQW01000009.1_71 
ARQW01000002.1_8 
ARQW01000006.1_104 
ARQW01000006.1_59 
ARQW01000002.1_114 
ARQW01000002.1_47 
ARQW01000012.1_48 
ARQW01000006.1_17 
ARQW01000015.1_46 
ARQW01000009.1_15 
ARQW01000010.1_64 
ARQW01000013.1_20 
ARQW01000021.1_9 
ARQW01000002.1_6 
ARQW01000001.1_212 
ARQW01000007.1_90 
ARQW01000010.1_15 
ARQW01000002.1_11 
ARQW01000005.1_35 
ARQW01000010.1_26 
ARQW01000001.1_139 
ARQW01000001.1_30 
ARQW01000003.1_21 
ARQW01000008.1_23 
ARQW01000013.1_15 
ARQW01000015.1_17 
ARQW01000022.1_9 
ARQW01000005.1_19 
ARQW01000006.1_28 
ARQW01000011.1_52 
ARQW01000008.1_76 
ARQW01000012.1_57 
ARQW01000001.1_25 
ARQW01000010.1_31 
ARQW01000011.1_15 
ARQW01000024.1_3 
ARQW01000003.1_128 
ARQW01000003.1_164 
ARQW01000011.1_14 
ARQW01000017.1_9 
ARQW01000003.1_49 
ARQW01000016.1_18 
ARQW01000001.1_89 
ARQW01000002.1_123 
ARQW01000003.1_31 
ARQW01000016.1_14 
ARQW01000005.1_59 
ARQW01000010.1_36 
ARQW01000003.1_88 
ARQW01000005.1_94 
ARQW01000007.1_7 
ARQW01000011.1_64 
ARQW01000036.1_2 
ARQW01000005.1_113 
ARQW01000010.1_50 
ARQW01000043.1_1 
ARQW01000001.1_160 
ARQW01000002.1_99 
ARQW01000004.1_105 
ARQW01000007.1_8 
ARQW01000009.1_3 
ARQW01000005.1_119 
ARQW01000002.1_27 
ARQW01000005.1_29 
ARQW01000008.1_5 
ARQW01000008.1_81 
ARQW01000013.1_8 
ARQW01000001.1_97 
ARQW01000012.1_9 
ARQW01000001.1_215 
ARQW01000002.1_129 
ARQW01000009.1_68 
ARQW01000012.1_59 
ARQW01000014.1_36 
ARQW01000019.1_8 
ARQW01000003.1_130 
ARQW01000006.1_116 
ARQW01000016.1_22 
ARQW01000002.1_103 
ARQW01000006.1_27 
ARQW01000012.1_18 
ARQW01000001.1_112 
ARQW01000013.1_36 
ARQW01000002.1_63 
ARQW01000005.1_101 
ARQW01000003.1_134 
ARQW01000003.1_2 
ARQW01000015.1_14 
ARQW01000001.1_161 
ARQW01000001.1_219 
ARQW01000001.1_8 
ARQW01000003.1_100 
ARQW01000003.1_142 
ARQW01000007.1_80 
ARQW01000011.1_50 
ARQW01000011.1_79 
ARQW01000032.1_2 
ARQW01000001.1_234 
ARQW01000006.1_76 
ARQW01000012.1_5 
ARQW01000014.1_45 
ARQW01000001.1_87 
ARQW01000002.1_65 
ARQW01000008.1_60 
ARQW01000008.1_75 
ARQW01000014.1_5 
ARQW01000004.1_82 
ARQW01000007.1_48 
ARQW01000007.1_76 
ARQW01000003.1_64 
ARQW01000006.1_25 
ARQW01000001.1_104 
ARQW01000007.1_92 
ARQW01000008.1_69 
ARQW01000010.1_48 
ARQW01000002.1_155 
ARQW01000003.1_58 
ARQW01000006.1_52 
ARQW01000008.1_46 
ARQW01000012.1_4 
ARQW01000015.1_15 
ARQW01000015.1_16 
ARQW01000023.1_8 
ARQW01000001.1_114 
ARQW01000016.1_16 
ARQW01000018.1_12 
ARQW01000007.1_20 
ARQW01000009.1_38 
ARQW01000018.1_1 
ARQW01000006.1_37 
ARQW01000003.1_69 
ARQW01000007.1_16 
ARQW01000002.1_25 
ARQW01000007.1_3 
ARQW01000013.1_39 
ARQW01000017.1_6 
ARQW01000002.1_98 
ARQW01000003.1_107 
ARQW01000003.1_16 
ARQW01000004.1_90 
ARQW01000012.1_50 
ARQW01000010.1_21 
ARQW01000023.1_6 
ARQW01000003.1_3 
ARQW01000005.1_25 
ARQW01000009.1_60 
ARQW01000013.1_37 
ARQW01000006.1_71 
ARQW01000010.1_12 
ARQW01000019.1_26 
ARQW01000028.1_1 
ARQW01000047.1_1 
ARQW01000001.1_108 
ARQW01000011.1_39 
ARQW01000010.1_57 
ARQW01000001.1_5 
ARQW01000002.1_122 
ARQW01000003.1_54 
ARQW01000004.1_92 
ARQW01000007.1_87 
ARQW01000013.1_34 
ARQW01000015.1_6 
ARQW01000001.1_121 
ARQW01000003.1_76 
ARQW01000003.1_83 
ARQW01000004.1_107 
ARQW01000004.1_118 
ARQW01000004.1_57 
ARQW01000004.1_84 
ARQW01000005.1_70 
ARQW01000010.1_19 
ARQW01000017.1_3 
ARQW01000019.1_3 
ARQW01000001.1_174 
ARQW01000001.1_178 
ARQW01000002.1_3 
ARQW01000002.1_53 
ARQW01000006.1_55 
ARQW01000001.1_65 
ARQW01000003.1_131 
ARQW01000012.1_2 
ARQW01000001.1_47 
ARQW01000003.1_10 
ARQW01000003.1_162 
ARQW01000004.1_36 
ARQW01000004.1_58 
ARQW01000008.1_87 
ARQW01000048.1_1 
ARQW01000003.1_148 
ARQW01000003.1_57 
ARQW01000014.1_23 
ARQW01000003.1_34 
ARQW01000009.1_5 
ARQW01000016.1_25 
ARQW01000049.1_1 
ARQW01000003.1_44 
ARQW01000006.1_96 
ARQW01000021.1_6 
ARQW01000035.1_1 
ARQW01000002.1_51 
ARQW01000007.1_94 
ARQW01000001.1_225 
ARQW01000003.1_65 
ARQW01000004.1_61 
ARQW01000004.1_98 
ARQW01000026.1_4 
ARQW01000050.1_1 
ARQW01000001.1_120 
ARQW01000009.1_36 
ARQW01000010.1_35 
ARQW01000017.1_10 
ARQW01000001.1_175 
ARQW01000003.1_5 
ARQW01000004.1_20 
ARQW01000005.1_4 
ARQW01000006.1_110 
ARQW01000010.1_18 
ARQW01000010.1_9 
ARQW01000001.1_80 
ARQW01000007.1_66 
ARQW01000051.1_1 
ARQW01000001.1_117 
ARQW01000002.1_139 
ARQW01000012.1_12 
ARQW01000026.1_1 
ARQW01000001.1_1 
ARQW01000002.1_80 
ARQW01000004.1_120 
ARQW01000010.1_79 
ARQW01000001.1_216 
ARQW01000002.1_21 
ARQW01000011.1_49 
ARQW01000014.1_7 
ARQW01000004.1_74 
ARQW01000014.1_13 
ARQW01000001.1_20 
ARQW01000001.1_228 
ARQW01000015.1_28 
ARQW01000024.1_7 
ARQW01000003.1_1 
ARQW01000003.1_127 
ARQW01000003.1_136 
ARQW01000011.1_59 
ARQW01000026.1_3 
ARQW01000027.1_3 
ARQW01000001.1_105 
ARQW01000006.1_89 
ARQW01000010.1_25 
ARQW01000016.1_7 
ARQW01000019.1_14 
ARQW01000052.1_1 
ARQW01000054.1_1 
ARQW01000001.1_190 
ARQW01000003.1_133 
ARQW01000003.1_97 
ARQW01000004.1_87 
ARQW01000010.1_8 
ARQW01000019.1_17 
ARQW01000026.1_5 
ARQW01000001.1_197 
ARQW01000001.1_92 
ARQW01000002.1_147 
ARQW01000007.1_112 
ARQW01000055.1_1 
ARQW01000012.1_17 
ARQW01000013.1_18 
ARQW01000008.1_3 
ARQW01000008.1_68 
ARQW01000012.1_20 
ARQW01000007.1_107 
ARQW01000003.1_11 
ARQW01000010.1_66 
ARQW01000014.1_19 
ARQW01000008.1_92 
ARQW01000009.1_16 
ARQW01000001.1_230 
ARQW01000004.1_59 
ARQW01000007.1_58 
ARQW01000007.1_60 
ARQW01000008.1_6 
ARQW01000013.1_11 
ARQW01000030.1_2 
ARQW01000001.1_132 
ARQW01000001.1_213 
ARQW01000002.1_128 
ARQW01000002.1_4 
ARQW01000003.1_59 
ARQW01000019.1_19 
ARQW01000007.1_10 
ARQW01000011.1_74 
ARQW01000015.1_20 
ARQW01000001.1_119 
ARQW01000002.1_149 
ARQW01000002.1_33 
ARQW01000007.1_105 
ARQW01000006.1_10 
ARQW01000005.1_3 
ARQW01000012.1_41 
ARQW01000001.1_169 
ARQW01000007.1_84 
ARQW01000005.1_10 
ARQW01000018.1_9 
ARQW01000005.1_30 
ARQW01000008.1_85 
ARQW01000003.1_161 
ARQW01000003.1_82 
ARQW01000006.1_65 
ARQW01000009.1_4 
ARQW01000011.1_48 
ARQW01000001.1_180 
ARQW01000002.1_50 
ARQW01000003.1_70 
ARQW01000010.1_51 
ARQW01000001.1_115 
ARQW01000001.1_15 
ARQW01000007.1_97 
ARQW01000009.1_73 
ARQW01000015.1_45 
ARQW01000001.1_44 
ARQW01000005.1_76 
ARQW01000012.1_42 
ARQW01000003.1_75 
ARQW01000006.1_113 
ARQW01000053.1_1 
ARQW01000005.1_62 
ARQW01000006.1_22 
ARQW01000008.1_80 
ARQW01000010.1_37 
ARQW01000001.1_56 
ARQW01000001.1_94 
ARQW01000003.1_78 
ARQW01000009.1_78 
ARQW01000012.1_14 
ARQW01000015.1_27 
ARQW01000001.1_11 
ARQW01000001.1_14 
ARQW01000001.1_191 
ARQW01000002.1_20 
ARQW01000006.1_30 
ARQW01000007.1_33 
ARQW01000008.1_18 
ARQW01000014.1_21 
ARQW01000023.1_2 
ARQW01000004.1_10 
ARQW01000015.1_9 
ARQW01000003.1_71 
ARQW01000010.1_56 
ARQW01000017.1_16 
ARQW01000004.1_117 
ARQW01000005.1_51 
ARQW01000006.1_4 
ARQW01000006.1_98 
ARQW01000012.1_11 
ARQW01000001.1_207 
ARQW01000008.1_29 
ARQW01000015.1_11 
ARQW01000024.1_1 
ARQW01000002.1_28 
ARQW01000003.1_159 
ARQW01000007.1_75 
ARQW01000013.1_5 
ARQW01000021.1_8 
ARQW01000005.1_48 
ARQW01000023.1_4 
ARQW01000006.1_67 
ARQW01000015.1_19 
ARQW01000015.1_43 
ARQW01000015.1_48 
ARQW01000019.1_30 
ARQW01000045.1_2 
ARQW01000002.1_133 
ARQW01000004.1_85 
ARQW01000005.1_60 
ARQW01000021.1_10 
ARQW01000001.1_27 
ARQW01000001.1_84 
ARQW01000002.1_24 
ARQW01000011.1_38 
ARQW01000002.1_19 
ARQW01000007.1_109 
ARQW01000005.1_105 
ARQW01000007.1_15 
ARQW01000011.1_67 
ARQW01000019.1_21 
ARQW01000003.1_62 
ARQW01000004.1_128 
ARQW01000011.1_12 
ARQW01000005.1_111 
ARQW01000006.1_14 
ARQW01000008.1_4 
ARQW01000010.1_29 
ARQW01000011.1_31 
ARQW01000011.1_78 
ARQW01000001.1_198 
ARQW01000003.1_95 
ARQW01000007.1_101 
ARQW01000008.1_15 
ARQW01000008.1_45 
ARQW01000006.1_111 
ARQW01000009.1_6 
ARQW01000001.1_82 
ARQW01000002.1_136 
ARQW01000008.1_83 
ARQW01000009.1_59 
ARQW01000019.1_28 
ARQW01000001.1_186 
ARQW01000001.1_229 
ARQW01000006.1_106 
ARQW01000005.1_22 
ARQW01000006.1_99 
ARQW01000007.1_63 
ARQW01000014.1_16 
ARQW01000002.1_64 
ARQW01000003.1_61 
ARQW01000007.1_82 
ARQW01000010.1_20 
ARQW01000011.1_23 
ARQW01000015.1_38 
ARQW01000019.1_9 
ARQW01000002.1_95 
ARQW01000003.1_4 
ARQW01000003.1_7 
ARQW01000009.1_69 
ARQW01000010.1_39 
ARQW01000014.1_42 
ARQW01000014.1_44 
ARQW01000004.1_119 
ARQW01000015.1_49 
ARQW01000024.1_4 
ARQW01000001.1_18 
ARQW01000003.1_96 
ARQW01000006.1_45 
ARQW01000019.1_16 
ARQW01000010.1_30 
ARQW01000011.1_68 
ARQW01000004.1_102 
ARQW01000004.1_67 
ARQW01000001.1_17 
ARQW01000001.1_57 
ARQW01000006.1_29 
ARQW01000007.1_35 
ARQW01000015.1_13 
ARQW01000044.1_1 
ARQW01000002.1_120 
ARQW01000004.1_8 
ARQW01000009.1_24 
ARQW01000019.1_25 
ARQW01000006.1_44 
ARQW01000006.1_57 
ARQW01000007.1_106 
ARQW01000008.1_2 
ARQW01000014.1_46 
ARQW01000001.1_204 
ARQW01000003.1_150 
ARQW01000008.1_7 
ARQW01000011.1_76 
ARQW01000006.1_16 
ARQW01000004.1_99 
ARQW01000023.1_3 
ARQW01000001.1_134 
ARQW01000005.1_32 
ARQW01000006.1_60 
ARQW01000006.1_63 
ARQW01000009.1_52 
ARQW01000011.1_47 
ARQW01000001.1_194 
ARQW01000005.1_7 
ARQW01000006.1_13 
ARQW01000014.1_41 
ARQW01000019.1_12 
ARQW01000046.1_1 
ARQW01000005.1_33 
ARQW01000011.1_17 
ARQW01000002.1_7 
ARQW01000009.1_30 
ARQW01000001.1_2 
ARQW01000005.1_12 
ARQW01000008.1_82 
ARQW01000012.1_24 
ARQW01000013.1_38 
ARQW01000015.1_39 
ARQW01000003.1_74 
ARQW01000001.1_181 
ARQW01000010.1_10 
ARQW01000019.1_24 
ARQW01000001.1_13 
ARQW01000002.1_135 
ARQW01000005.1_57 
ARQW01000007.1_34 
ARQW01000020.1_6 
ARQW01000001.1_199 
ARQW01000003.1_104 
ARQW01000014.1_20 
ARQW01000019.1_18 
ARQW01000004.1_55 
ARQW01000007.1_79 
ARQW01000009.1_47 
ARQW01000019.1_20 
ARQW01000025.1_1 
ARQW01000002.1_37 
ARQW01000002.1_46 
ARQW01000005.1_5 
ARQW01000011.1_72 
ARQW01000017.1_13 
ARQW01000014.1_22 
ARQW01000019.1_7 
ARQW01000030.1_4 
ARQW01000006.1_12 
ARQW01000007.1_36 
ARQW01000008.1_22 
ARQW01000013.1_49 
ARQW01000007.1_93 
ARQW01000009.1_27 
ARQW01000002.1_151 
ARQW01000001.1_7 
ARQW01000005.1_73 
ARQW01000003.1_149 
ARQW01000007.1_42 
ARQW01000005.1_68 
ARQW01000017.1_7 
ARQW01000003.1_15 
ARQW01000003.1_51 
ARQW01000009.1_40 
ARQW01000010.1_52 
ARQW01000013.1_33 
ARQW01000019.1_13 
ARQW01000007.1_99 
ARQW01000028.1_4 
ARQW01000001.1_185 
ARQW01000002.1_164 
ARQW01000003.1_84 
ARQW01000009.1_35 
ARQW01000009.1_63 
ARQW01000011.1_57 
ARQW01000012.1_3 
ARQW01000019.1_15 
ARQW01000008.1_73 
ARQW01000042.1_2 
ARQW01000001.1_101 
ARQW01000004.1_45 
ARQW01000005.1_18 
ARQW01000010.1_61 
ARQW01000018.1_2 
ARQW01000002.1_12 
ARQW01000003.1_63 
ARQW01000005.1_74 
ARQW01000009.1_65 
ARQW01000003.1_30 
ARQW01000004.1_122 
ARQW01000006.1_73 
ARQW01000008.1_43 
ARQW01000019.1_4 
ARQW01000007.1_30 
ARQW01000012.1_54 
ARQW01000001.1_123 
ARQW01000002.1_54 
ARQW01000004.1_18 
ARQW01000001.1_58 
ARQW01000003.1_157 
ARQW01000011.1_1 
ARQW01000019.1_1 
ARQW01000034.1_1 
ARQW01000006.1_54 
ARQW01000019.1_11 
ARQW01000006.1_70 
ARQW01000015.1_47 
ARQW01000019.1_6 
ARQW01000006.1_49 
ARQW01000007.1_1 
ARQW01000011.1_18 
ARQW01000003.1_152 
ARQW01000003.1_154 
ARQW01000008.1_86 
ARQW01000011.1_51 
ARQW01000010.1_53 
ARQW01000011.1_56 
ARQW01000012.1_21 
ARQW01000015.1_12 
ARQW01000024.1_8 
ARQW01000005.1_103 
ARQW01000011.1_53 
ARQW01000015.1_1 
ARQW01000006.1_6 
ARQW01000011.1_58 
ARQW01000039.1_1 
ARQW01000002.1_16 
ARQW01000011.1_61 
ARQW01000012.1_16 
ARQW01000014.1_10 
ARQW01000001.1_192 
ARQW01000005.1_42 
ARQW01000010.1_6 
ARQW01000018.1_7 
ARQW01000044.1_2 
ARQW01000002.1_61 
ARQW01000006.1_77 
ARQW01000009.1_21 
ARQW01000016.1_27 
ARQW01000003.1_60 
ARQW01000005.1_55 
ARQW01000007.1_29 
ARQW01000001.1_52 
ARQW01000005.1_46 
ARQW01000006.1_79 
ARQW01000013.1_9 
ARQW01000022.1_1 
ARQW01000001.1_182 
ARQW01000002.1_137 
ARQW01000011.1_35 
ARQW01000019.1_29 
ARQW01000002.1_60 
ARQW01000003.1_42 
ARQW01000029.1_1 
ARQW01000002.1_145 
ARQW01000004.1_44 
ARQW01000009.1_45 
ARQW01000010.1_47 
ARQW01000011.1_55 
ARQW01000005.1_69 
ARQW01000010.1_23 
ARQW01000005.1_65 
ARQW01000009.1_17 
ARQW01000002.1_143 
ARQW01000006.1_1 
ARQW01000006.1_34 
ARQW01000001.1_74 
ARQW01000011.1_40 
ARQW01000002.1_134 
ARQW01000004.1_110 
ARQW01000006.1_8 
ARQW01000011.1_22 
ARQW01000013.1_16 
ARQW01000011.1_34 
ARQW01000011.1_44 
ARQW01000019.1_10 
ARQW01000002.1_138 
ARQW01000011.1_28 
ARQW01000002.1_49 
ARQW01000004.1_88 
ARQW01000011.1_43 
ARQW01000016.1_3 
ARQW01000011.1_33 
ARQW01000002.1_142 
ARQW01000003.1_110 
ARQW01000005.1_36 
ARQW01000015.1_18 
ARQW01000011.1_37 
ARQW01000001.1_110 
ARQW01000011.1_3 
ARQW01000020.1_5 
ARQW01000002.1_15 
ARQW01000011.1_19 
ARQW01000017.1_17 
ARQW01000007.1_83 
ARQW01000011.1_66 
ARQW01000020.1_1 
ARQW01000005.1_85 
ARQW01000045.1_1 
ARQW01000039.1_3 
ARQW01000001.1_103 
ARQW01000030.1_1 
ARQW01000007.1_13 
ARQW01000010.1_1 
ARQW01000010.1_80 
ARQW01000019.1_23 
ARQW01000002.1_132 
ARQW01000010.1_74 
ARQW01000025.1_3 
ARQW01000011.1_32 
ARQW01000011.1_70 
ARQW01000016.1_10 
ARQW01000008.1_1 
ARQW01000006.1_9 
