ARQY01000007.1_5 ARQY01000003.1_70 ARQY01000002.1_103 ARQY01000008.1_16 ARQY01000001.1_111 ARQY01000002.1_96 ARQY01000001.1_290 ARQY01000001.1_12 ARQY01000001.1_13 ARQY01000003.1_112 ARQY01000001.1_321 ARQY01000004.1_41 ARQY01000040.1_2 ARQY01000019.1_2 ARQY01000003.1_135 ARQY01000001.1_306 ARQY01000002.1_67 ARQY01000001.1_320 ARQY01000001.1_352 ARQY01000002.1_158 ARQY01000001.1_221 
ARQY01000004.1_10 ARQY01000003.1_11 ARQY01000009.1_4 ARQY01000001.1_22 ARQY01000009.1_5 ARQY01000001.1_301 ARQY01000003.1_59 ARQY01000004.1_69 ARQY01000002.1_119 ARQY01000005.1_36 
ARQY01000001.1_63 ARQY01000001.1_51 ARQY01000001.1_55 ARQY01000001.1_165 ARQY01000001.1_98 ARQY01000001.1_96 
ARQY01000003.1_124 ARQY01000009.1_10 ARQY01000025.1_1 
ARQY01000001.1_7 ARQY01000001.1_311 ARQY01000009.1_2 
ARQY01000001.1_262 ARQY01000001.1_263 ARQY01000001.1_238 
ARQY01000003.1_107 ARQY01000003.1_82 ARQY01000001.1_189 
ARQY01000002.1_87 ARQY01000009.1_3 ARQY01000009.1_11 
ARQY01000001.1_17 ARQY01000001.1_21 ARQY01000001.1_32 
ARQY01000011.1_3 ARQY01000005.1_8 ARQY01000005.1_25 
ARQY01000015.1_5 ARQY01000002.1_99 ARQY01000002.1_131 
ARQY01000002.1_57 ARQY01000002.1_143 ARQY01000003.1_110 
ARQY01000001.1_144 ARQY01000001.1_68 ARQY01000001.1_170 
ARQY01000003.1_18 ARQY01000005.1_24 
ARQY01000001.1_234 ARQY01000012.1_7 
ARQY01000003.1_14 ARQY01000005.1_40 
ARQY01000001.1_1 ARQY01000001.1_25 
ARQY01000001.1_95 ARQY01000009.1_13 
ARQY01000005.1_6 ARQY01000005.1_9 
ARQY01000007.1_2 ARQY01000007.1_9 
ARQY01000005.1_35 ARQY01000005.1_32 
ARQY01000004.1_53 ARQY01000044.1_1 
ARQY01000005.1_26 ARQY01000003.1_7 
ARQY01000001.1_313 ARQY01000001.1_312 
ARQY01000001.1_23 ARQY01000001.1_24 
ARQY01000001.1_30 ARQY01000002.1_52 
ARQY01000008.1_17 ARQY01000007.1_4 
ARQY01000007.1_3 ARQY01000008.1_18 
ARQY01000001.1_84 ARQY01000001.1_85 
ARQY01000001.1_347 ARQY01000001.1_109 
ARQY01000004.1_21 ARQY01000024.1_3 
ARQY01000002.1_94 ARQY01000001.1_129 
ARQY01000005.1_31 ARQY01000003.1_9 
ARQY01000008.1_9 ARQY01000008.1_5 
ARQY01000004.1_44 ARQY01000004.1_45 
ARQY01000001.1_226 ARQY01000001.1_303 
ARQY01000001.1_126 ARQY01000003.1_118 
ARQY01000002.1_145 ARQY01000002.1_139 
ARQY01000002.1_69 ARQY01000002.1_70 
ARQY01000001.1_40 ARQY01000001.1_97 
ARQY01000001.1_156 
ARQY01000002.1_23 
ARQY01000002.1_19 
ARQY01000006.1_4 
ARQY01000002.1_42 
ARQY01000001.1_103 
ARQY01000010.1_3 
ARQY01000001.1_248 
ARQY01000004.1_25 
ARQY01000002.1_66 
ARQY01000002.1_83 
ARQY01000001.1_121 
ARQY01000001.1_330 
ARQY01000004.1_35 
ARQY01000006.1_11 
ARQY01000001.1_293 
ARQY01000002.1_62 
ARQY01000001.1_130 
ARQY01000002.1_157 
ARQY01000004.1_66 
ARQY01000002.1_167 
ARQY01000001.1_110 
ARQY01000005.1_39 
ARQY01000001.1_145 
ARQY01000001.1_213 
ARQY01000002.1_81 
ARQY01000006.1_13 
ARQY01000001.1_113 
ARQY01000002.1_114 
ARQY01000004.1_40 
ARQY01000003.1_116 
ARQY01000001.1_297 
ARQY01000003.1_50 
ARQY01000002.1_146 
ARQY01000001.1_278 
ARQY01000001.1_291 
ARQY01000001.1_152 
ARQY01000013.1_3 
ARQY01000003.1_76 
ARQY01000004.1_31 
ARQY01000001.1_230 
ARQY01000004.1_70 
ARQY01000001.1_225 
ARQY01000002.1_107 
ARQY01000002.1_80 
ARQY01000002.1_88 
ARQY01000003.1_5 
ARQY01000001.1_149 
ARQY01000002.1_75 
ARQY01000001.1_74 
ARQY01000002.1_36 
ARQY01000003.1_140 
ARQY01000006.1_6 
ARQY01000001.1_162 
ARQY01000005.1_21 
ARQY01000003.1_38 
ARQY01000003.1_65 
ARQY01000006.1_3 
ARQY01000001.1_354 
ARQY01000001.1_77 
ARQY01000001.1_91 
ARQY01000003.1_90 
ARQY01000005.1_37 
ARQY01000005.1_7 
ARQY01000008.1_15 
ARQY01000006.1_1 
ARQY01000011.1_6 
ARQY01000004.1_61 
ARQY01000001.1_241 
ARQY01000022.1_2 
ARQY01000001.1_157 
ARQY01000002.1_86 
ARQY01000001.1_69 
ARQY01000003.1_48 
ARQY01000004.1_1 
ARQY01000001.1_151 
ARQY01000001.1_257 
ARQY01000002.1_84 
ARQY01000001.1_188 
ARQY01000001.1_16 
ARQY01000004.1_22 
ARQY01000001.1_219 
ARQY01000003.1_86 
ARQY01000003.1_54 
ARQY01000013.1_4 
ARQY01000001.1_289 
ARQY01000002.1_27 
ARQY01000003.1_117 
ARQY01000003.1_121 
ARQY01000032.1_1 
ARQY01000001.1_155 
ARQY01000001.1_94 
ARQY01000004.1_57 
ARQY01000001.1_304 
ARQY01000008.1_13 
ARQY01000008.1_6 
ARQY01000001.1_71 
ARQY01000001.1_49 
ARQY01000001.1_118 
ARQY01000002.1_168 
ARQY01000007.1_19 
ARQY01000004.1_27 
ARQY01000001.1_153 
ARQY01000001.1_227 
ARQY01000002.1_77 
ARQY01000001.1_181 
ARQY01000001.1_245 
ARQY01000001.1_366 
ARQY01000001.1_336 
ARQY01000001.1_283 
ARQY01000007.1_20 
ARQY01000001.1_244 
ARQY01000003.1_34 
ARQY01000003.1_92 
ARQY01000001.1_216 
ARQY01000001.1_333 
ARQY01000003.1_114 
ARQY01000003.1_21 
ARQY01000003.1_42 
ARQY01000033.1_1 
ARQY01000001.1_125 
ARQY01000001.1_88 
ARQY01000003.1_13 
ARQY01000003.1_15 
ARQY01000005.1_3 
ARQY01000003.1_72 
ARQY01000001.1_186 
ARQY01000001.1_243 
ARQY01000004.1_17 
ARQY01000001.1_252 
ARQY01000011.1_4 
ARQY01000001.1_228 
ARQY01000003.1_69 
ARQY01000004.1_36 
ARQY01000008.1_8 
ARQY01000001.1_318 
ARQY01000002.1_31 
ARQY01000002.1_63 
ARQY01000027.1_1 
ARQY01000001.1_35 
ARQY01000001.1_8 
ARQY01000002.1_5 
ARQY01000004.1_51 
ARQY01000009.1_6 
ARQY01000001.1_106 
ARQY01000001.1_39 
ARQY01000002.1_28 
ARQY01000012.1_3 
ARQY01000001.1_115 
ARQY01000001.1_81 
ARQY01000001.1_280 
ARQY01000001.1_132 
ARQY01000001.1_167 
ARQY01000038.1_1 
ARQY01000002.1_30 
ARQY01000003.1_130 
ARQY01000009.1_9 
ARQY01000013.1_2 
ARQY01000001.1_210 
ARQY01000037.1_1 
ARQY01000001.1_34 
ARQY01000002.1_34 
ARQY01000001.1_236 
ARQY01000002.1_9 
ARQY01000008.1_3 
ARQY01000001.1_191 
ARQY01000002.1_33 
ARQY01000002.1_58 
ARQY01000001.1_184 
ARQY01000002.1_164 
ARQY01000001.1_105 
ARQY01000001.1_314 
ARQY01000003.1_26 
ARQY01000004.1_14 
ARQY01000001.1_79 
ARQY01000015.1_6 
ARQY01000001.1_200 
ARQY01000001.1_187 
ARQY01000001.1_351 
ARQY01000002.1_38 
ARQY01000005.1_14 
ARQY01000003.1_113 
ARQY01000002.1_95 
ARQY01000043.1_1 
ARQY01000004.1_63 
ARQY01000001.1_9 
ARQY01000014.1_5 
ARQY01000015.1_4 
ARQY01000042.1_1 
ARQY01000001.1_223 
ARQY01000002.1_104 
ARQY01000010.1_6 
ARQY01000018.1_2 
ARQY01000001.1_250 
ARQY01000002.1_46 
ARQY01000005.1_11 
ARQY01000008.1_7 
ARQY01000002.1_140 
ARQY01000001.1_218 
ARQY01000001.1_317 
ARQY01000002.1_127 
ARQY01000003.1_123 
ARQY01000004.1_33 
ARQY01000003.1_74 
ARQY01000001.1_150 
ARQY01000003.1_109 
ARQY01000003.1_129 
ARQY01000001.1_269 
ARQY01000001.1_222 
ARQY01000002.1_149 
ARQY01000002.1_2 
ARQY01000002.1_4 
ARQY01000003.1_23 
ARQY01000001.1_108 
ARQY01000002.1_78 
ARQY01000001.1_264 
ARQY01000001.1_237 
ARQY01000002.1_40 
ARQY01000003.1_46 
ARQY01000001.1_281 
ARQY01000002.1_102 
ARQY01000001.1_27 
ARQY01000002.1_109 
ARQY01000004.1_13 
ARQY01000001.1_154 
ARQY01000003.1_19 
ARQY01000004.1_20 
ARQY01000004.1_11 
ARQY01000041.1_1 
ARQY01000004.1_19 
ARQY01000005.1_34 
ARQY01000001.1_353 
ARQY01000001.1_363 
ARQY01000003.1_126 
ARQY01000001.1_122 
ARQY01000001.1_371 
ARQY01000002.1_65 
ARQY01000001.1_361 
ARQY01000005.1_2 
ARQY01000006.1_14 
ARQY01000004.1_30 
ARQY01000004.1_37 
ARQY01000005.1_10 
ARQY01000005.1_19 
ARQY01000001.1_284 
ARQY01000001.1_341 
ARQY01000005.1_1 
ARQY01000001.1_235 
ARQY01000003.1_45 
ARQY01000003.1_51 
ARQY01000001.1_2 
ARQY01000002.1_44 
ARQY01000008.1_10 
ARQY01000001.1_247 
ARQY01000004.1_68 
ARQY01000005.1_38 
ARQY01000030.1_2 
ARQY01000001.1_287 
ARQY01000001.1_344 
ARQY01000003.1_43 
ARQY01000003.1_71 
ARQY01000003.1_39 
ARQY01000003.1_53 
ARQY01000001.1_231 
ARQY01000009.1_7 
ARQY01000012.1_5 
ARQY01000001.1_142 
ARQY01000003.1_30 
ARQY01000005.1_13 
ARQY01000003.1_100 
ARQY01000001.1_60 
ARQY01000002.1_76 
ARQY01000001.1_33 
ARQY01000016.1_1 
ARQY01000001.1_294 
ARQY01000001.1_373 
ARQY01000009.1_8 
ARQY01000001.1_6 
ARQY01000001.1_26 
ARQY01000002.1_12 
ARQY01000007.1_14 
ARQY01000001.1_196 
ARQY01000003.1_134 
ARQY01000001.1_319 
ARQY01000001.1_163 
ARQY01000001.1_331 
ARQY01000002.1_100 
ARQY01000002.1_53 
ARQY01000001.1_204 
ARQY01000003.1_3 
ARQY01000003.1_97 
ARQY01000029.1_2 
ARQY01000004.1_6 
ARQY01000001.1_120 
ARQY01000001.1_220 
ARQY01000005.1_33 
ARQY01000001.1_292 
ARQY01000004.1_38 
ARQY01000009.1_12 
ARQY01000001.1_146 
ARQY01000001.1_67 
ARQY01000002.1_123 
ARQY01000003.1_31 
ARQY01000004.1_59 
ARQY01000003.1_33 
ARQY01000002.1_117 
ARQY01000002.1_16 
ARQY01000002.1_79 
ARQY01000001.1_206 
ARQY01000003.1_44 
ARQY01000001.1_10 
ARQY01000001.1_286 
ARQY01000035.1_1 
ARQY01000001.1_164 
ARQY01000001.1_239 
ARQY01000001.1_38 
ARQY01000005.1_5 
ARQY01000002.1_153 
ARQY01000008.1_11 
ARQY01000003.1_10 
ARQY01000004.1_64 
ARQY01000007.1_16 
ARQY01000001.1_3 
ARQY01000003.1_81 
ARQY01000003.1_55 
ARQY01000001.1_350 
ARQY01000003.1_119 
ARQY01000002.1_122 
ARQY01000003.1_36 
ARQY01000016.1_5 
ARQY01000001.1_112 
ARQY01000003.1_4 
ARQY01000005.1_17 
ARQY01000001.1_20 
ARQY01000018.1_1 
ARQY01000001.1_270 
ARQY01000001.1_135 
ARQY01000001.1_261 
ARQY01000002.1_29 
ARQY01000004.1_7 
ARQY01000001.1_277 
ARQY01000001.1_339 
ARQY01000002.1_106 
ARQY01000001.1_117 
ARQY01000001.1_359 
ARQY01000004.1_16 
ARQY01000005.1_28 
ARQY01000011.1_2 
ARQY01000031.1_3 
ARQY01000003.1_60 
ARQY01000002.1_15 
ARQY01000002.1_26 
ARQY01000001.1_31 
ARQY01000002.1_37 
ARQY01000005.1_18 
ARQY01000026.1_3 
ARQY01000001.1_15 
ARQY01000002.1_72 
ARQY01000003.1_20 
ARQY01000036.1_2 
ARQY01000001.1_315 
ARQY01000003.1_68 
ARQY01000002.1_165 
ARQY01000002.1_32 
ARQY01000004.1_62 
ARQY01000004.1_8 
ARQY01000001.1_254 
ARQY01000001.1_83 
ARQY01000003.1_73 
ARQY01000003.1_98 
ARQY01000001.1_183 
ARQY01000001.1_310 
ARQY01000002.1_91 
ARQY01000003.1_37 
ARQY01000004.1_54 
ARQY01000001.1_107 
ARQY01000001.1_217 
ARQY01000001.1_327 
ARQY01000002.1_45 
ARQY01000002.1_90 
ARQY01000007.1_6 
ARQY01000001.1_14 
ARQY01000045.1_1 
ARQY01000005.1_30 
ARQY01000001.1_268 
ARQY01000002.1_105 
ARQY01000001.1_368 
ARQY01000003.1_27 
ARQY01000003.1_29 
ARQY01000005.1_29 
ARQY01000001.1_131 
ARQY01000004.1_2 
ARQY01000007.1_10 
ARQY01000001.1_224 
ARQY01000001.1_337 
ARQY01000012.1_1 
ARQY01000010.1_7 
ARQY01000001.1_302 
ARQY01000010.1_8 
ARQY01000002.1_85 
ARQY01000021.1_2 
ARQY01000001.1_267 
ARQY01000002.1_14 
ARQY01000001.1_18 
ARQY01000001.1_19 
ARQY01000003.1_131 
ARQY01000017.1_3 
ARQY01000002.1_101 
ARQY01000007.1_13 
ARQY01000001.1_116 
ARQY01000004.1_43 
ARQY01000001.1_324 
ARQY01000002.1_148 
ARQY01000003.1_24 
ARQY01000006.1_7 
ARQY01000001.1_161 
ARQY01000002.1_161 
ARQY01000002.1_3 
ARQY01000003.1_12 
ARQY01000019.1_3 
ARQY01000001.1_253 
ARQY01000021.1_1 
ARQY01000002.1_71 
ARQY01000001.1_309 
ARQY01000002.1_68 
ARQY01000015.1_2 
ARQY01000001.1_258 
ARQY01000003.1_22 
ARQY01000001.1_214 
ARQY01000001.1_5 
ARQY01000003.1_8 
ARQY01000001.1_325 
ARQY01000001.1_340 
ARQY01000002.1_13 
ARQY01000016.1_3 
ARQY01000004.1_29 
ARQY01000049.1_1 
ARQY01000004.1_67 
ARQY01000001.1_123 
ARQY01000001.1_198 
ARQY01000001.1_295 
ARQY01000003.1_41 
ARQY01000001.1_160 
ARQY01000001.1_89 
ARQY01000003.1_40 
ARQY01000003.1_16 
ARQY01000001.1_82 
ARQY01000002.1_110 
ARQY01000003.1_101 
ARQY01000002.1_124 
ARQY01000005.1_16 
ARQY01000001.1_364 
ARQY01000001.1_54 
ARQY01000002.1_73 
ARQY01000002.1_98 
ARQY01000010.1_5 
ARQY01000002.1_49 
ARQY01000003.1_122 
ARQY01000001.1_197 
ARQY01000001.1_240 
ARQY01000003.1_111 
ARQY01000004.1_58 
ARQY01000016.1_2 
ARQY01000002.1_108 
ARQY01000002.1_24 
ARQY01000021.1_3 
ARQY01000001.1_140 
ARQY01000016.1_4 
ARQY01000048.1_2 
ARQY01000003.1_49 
ARQY01000004.1_3 
ARQY01000002.1_155 
ARQY01000003.1_139 
ARQY01000003.1_99 
ARQY01000001.1_174 
ARQY01000001.1_348 
ARQY01000003.1_133 
ARQY01000003.1_88 
ARQY01000006.1_12 
ARQY01000011.1_5 
ARQY01000001.1_323 
ARQY01000001.1_249 
ARQY01000001.1_358 
ARQY01000007.1_21 
ARQY01000001.1_260 
ARQY01000003.1_83 
ARQY01000001.1_271 
ARQY01000002.1_162 
ARQY01000007.1_18 
ARQY01000006.1_5 
ARQY01000001.1_369 
ARQY01000003.1_78 
ARQY01000017.1_1 
ARQY01000024.1_1 
ARQY01000001.1_47 
ARQY01000002.1_129 
ARQY01000003.1_64 
ARQY01000001.1_93 
ARQY01000002.1_93 
ARQY01000017.1_2 
ARQY01000020.1_2 
ARQY01000005.1_4 
ARQY01000001.1_342 
ARQY01000002.1_48 
ARQY01000047.1_1 
ARQY01000001.1_199 
ARQY01000002.1_18 
ARQY01000003.1_87 
ARQY01000001.1_251 
ARQY01000001.1_329 
ARQY01000002.1_128 
ARQY01000004.1_55 
ARQY01000005.1_27 
ARQY01000001.1_209 
ARQY01000002.1_97 
ARQY01000019.1_4 
ARQY01000001.1_328 
ARQY01000003.1_2 
ARQY01000002.1_8 
ARQY01000001.1_177 
ARQY01000014.1_7 
ARQY01000001.1_195 
ARQY01000001.1_265 
ARQY01000001.1_28 
ARQY01000001.1_56 
ARQY01000001.1_72 
ARQY01000002.1_6 
ARQY01000001.1_70 
ARQY01000012.1_2 
ARQY01000023.1_6 
ARQY01000001.1_307 
ARQY01000001.1_308 
ARQY01000002.1_43 
ARQY01000003.1_66 
ARQY01000001.1_175 
ARQY01000001.1_176 
ARQY01000001.1_194 
ARQY01000003.1_115 
ARQY01000001.1_119 
ARQY01000004.1_26 
ARQY01000007.1_11 
ARQY01000002.1_159 
ARQY01000002.1_50 
ARQY01000015.1_3 
ARQY01000001.1_78 
ARQY01000002.1_92 
ARQY01000001.1_242 
ARQY01000014.1_1 
ARQY01000003.1_93 
ARQY01000001.1_338 
ARQY01000004.1_47 
ARQY01000003.1_1 
ARQY01000003.1_102 
ARQY01000007.1_7 
ARQY01000004.1_49 
ARQY01000001.1_185 
ARQY01000001.1_80 
ARQY01000003.1_17 
ARQY01000001.1_101 
ARQY01000002.1_156 
ARQY01000003.1_95 
ARQY01000006.1_8 
ARQY01000001.1_52 
ARQY01000001.1_192 
ARQY01000001.1_64 
ARQY01000001.1_272 
ARQY01000001.1_255 
ARQY01000020.1_4 
ARQY01000029.1_3 
ARQY01000002.1_20 
ARQY01000001.1_86 
ARQY01000003.1_127 
ARQY01000002.1_163 
ARQY01000003.1_79 
ARQY01000004.1_24 
ARQY01000014.1_8 
ARQY01000022.1_1 
ARQY01000028.1_3 
ARQY01000001.1_299 
ARQY01000003.1_105 
ARQY01000003.1_96 
ARQY01000008.1_2 
ARQY01000001.1_136 
ARQY01000017.1_5 
ARQY01000001.1_229 
ARQY01000001.1_202 
ARQY01000002.1_138 
ARQY01000025.1_2 
ARQY01000001.1_102 
ARQY01000002.1_74 
ARQY01000003.1_35 
ARQY01000001.1_288 
ARQY01000002.1_54 
ARQY01000001.1_11 
ARQY01000001.1_282 
ARQY01000002.1_118 
ARQY01000001.1_158 
ARQY01000001.1_256 
ARQY01000006.1_2 
ARQY01000011.1_7 
ARQY01000003.1_128 
ARQY01000003.1_28 
ARQY01000003.1_89 
ARQY01000001.1_75 
ARQY01000003.1_106 
ARQY01000002.1_147 
ARQY01000005.1_12 
ARQY01000001.1_208 
ARQY01000002.1_82 
ARQY01000026.1_2 
ARQY01000001.1_211 
ARQY01000001.1_300 
ARQY01000001.1_44 
ARQY01000001.1_276 
ARQY01000003.1_47 
ARQY01000004.1_4 
ARQY01000024.1_2 
ARQY01000001.1_36 
ARQY01000002.1_112 
ARQY01000002.1_125 
ARQY01000003.1_141 
ARQY01000010.1_4 
ARQY01000028.1_1 
ARQY01000001.1_171 
ARQY01000014.1_2 
ARQY01000002.1_39 
ARQY01000017.1_4 
ARQY01000028.1_2 
ARQY01000002.1_41 
ARQY01000003.1_57 
ARQY01000003.1_6 
ARQY01000001.1_46 
ARQY01000002.1_121 
ARQY01000011.1_1 
ARQY01000040.1_1 
ARQY01000001.1_232 
ARQY01000034.1_4 
ARQY01000003.1_103 
ARQY01000020.1_3 
ARQY01000001.1_343 
ARQY01000002.1_21 
ARQY01000003.1_63 
ARQY01000001.1_141 
ARQY01000004.1_60 
ARQY01000007.1_12 
ARQY01000023.1_2 
ARQY01000031.1_2 
ARQY01000001.1_233 
ARQY01000002.1_113 
ARQY01000001.1_372 
ARQY01000003.1_77 
ARQY01000036.1_1 
ARQY01000001.1_205 
ARQY01000004.1_65 
ARQY01000002.1_55 
ARQY01000001.1_274 
ARQY01000001.1_159 
ARQY01000001.1_182 
ARQY01000004.1_42 
ARQY01000008.1_12 
ARQY01000003.1_58 
ARQY01000001.1_201 
ARQY01000001.1_360 
ARQY01000001.1_180 
ARQY01000002.1_47 
ARQY01000005.1_23 
ARQY01000001.1_357 
ARQY01000001.1_92 
ARQY01000003.1_137 
ARQY01000001.1_138 
ARQY01000001.1_143 
ARQY01000001.1_172 
ARQY01000001.1_370 
ARQY01000001.1_57 
ARQY01000001.1_73 
ARQY01000002.1_51 
ARQY01000010.1_1 
ARQY01000002.1_56 
ARQY01000005.1_20 
ARQY01000003.1_85 
ARQY01000014.1_6 
ARQY01000005.1_15 
ARQY01000018.1_3 
ARQY01000035.1_2 
ARQY01000002.1_134 
ARQY01000004.1_18 
ARQY01000004.1_46 
ARQY01000001.1_169 
ARQY01000001.1_190 
ARQY01000001.1_279 
ARQY01000001.1_326 
ARQY01000001.1_58 
ARQY01000003.1_80 
ARQY01000001.1_148 
ARQY01000002.1_7 
ARQY01000003.1_94 
ARQY01000004.1_48 
ARQY01000001.1_137 
ARQY01000001.1_259 
ARQY01000001.1_266 
ARQY01000002.1_89 
ARQY01000003.1_75 
ARQY01000004.1_56 
ARQY01000007.1_1 
ARQY01000001.1_178 
ARQY01000001.1_99 
ARQY01000002.1_64 
ARQY01000003.1_84 
ARQY01000046.1_1 
ARQY01000001.1_4 
ARQY01000001.1_90 
ARQY01000020.1_5 
ARQY01000001.1_114 
ARQY01000002.1_115 
ARQY01000004.1_12 
ARQY01000008.1_14 
ARQY01000001.1_53 
ARQY01000001.1_66 
ARQY01000014.1_4 
ARQY01000034.1_2 
ARQY01000001.1_332 
ARQY01000023.1_4 
ARQY01000039.1_1 
ARQY01000001.1_87 
ARQY01000046.1_2 
ARQY01000001.1_345 
ARQY01000009.1_1 
ARQY01000010.1_2 
ARQY01000001.1_296 
ARQY01000001.1_362 
ARQY01000002.1_130 
ARQY01000007.1_15 
ARQY01000013.1_1 
ARQY01000001.1_346 
ARQY01000002.1_126 
ARQY01000003.1_138 
ARQY01000001.1_147 
ARQY01000001.1_215 
ARQY01000001.1_316 
ARQY01000003.1_104 
ARQY01000001.1_367 
ARQY01000001.1_61 
ARQY01000002.1_133 
ARQY01000030.1_3 
ARQY01000001.1_275 
ARQY01000003.1_136 
ARQY01000001.1_128 
ARQY01000001.1_59 
ARQY01000004.1_34 
ARQY01000001.1_133 
ARQY01000001.1_298 
ARQY01000002.1_166 
ARQY01000002.1_25 
ARQY01000002.1_35 
ARQY01000002.1_59 
ARQY01000012.1_6 
ARQY01000001.1_166 
ARQY01000001.1_273 
ARQY01000019.1_1 
ARQY01000004.1_15 
ARQY01000001.1_365 
ARQY01000007.1_17 
ARQY01000014.1_3 
ARQY01000001.1_29 
ARQY01000034.1_3 
ARQY01000002.1_151 
ARQY01000002.1_160 
ARQY01000006.1_10 
ARQY01000003.1_62 
ARQY01000004.1_28 
ARQY01000002.1_116 
ARQY01000004.1_39 
ARQY01000001.1_193 
ARQY01000004.1_23 
ARQY01000004.1_50 
ARQY01000027.1_2 
ARQY01000001.1_322 
ARQY01000003.1_125 
ARQY01000003.1_52 
ARQY01000023.1_1 
ARQY01000002.1_150 
ARQY01000003.1_132 
ARQY01000004.1_52 
ARQY01000001.1_104 
ARQY01000001.1_246 
ARQY01000001.1_334 
ARQY01000001.1_41 
ARQY01000002.1_120 
ARQY01000002.1_169 
ARQY01000002.1_17 
ARQY01000006.1_16 
ARQY01000008.1_4 
ARQY01000001.1_100 
ARQY01000001.1_50 
ARQY01000023.1_5 
ARQY01000048.1_1 
ARQY01000001.1_65 
ARQY01000047.1_2 
ARQY01000001.1_139 
ARQY01000001.1_203 
ARQY01000026.1_1 
ARQY01000015.1_1 
ARQY01000045.1_2 
ARQY01000001.1_179 
ARQY01000001.1_212 
ARQY01000003.1_61 
ARQY01000039.1_2 
ARQY01000005.1_22 
ARQY01000023.1_3 
ARQY01000001.1_42 
ARQY01000007.1_8 
ARQY01000031.1_1 
ARQY01000001.1_37 
ARQY01000004.1_9 
ARQY01000001.1_207 
ARQY01000001.1_285 
ARQY01000002.1_60 
ARQY01000001.1_355 
ARQY01000002.1_1 
ARQY01000003.1_108 
ARQY01000003.1_120 
ARQY01000002.1_10 
ARQY01000001.1_335 
ARQY01000001.1_356 
ARQY01000002.1_111 
ARQY01000002.1_135 
ARQY01000002.1_152 
ARQY01000002.1_11 
ARQY01000002.1_144 
ARQY01000003.1_67 
ARQY01000004.1_32 
ARQY01000030.1_1 
ARQY01000003.1_91 
ARQY01000006.1_9 
ARQY01000004.1_5 
ARQY01000006.1_15 
ARQY01000002.1_142 
ARQY01000002.1_132 
ARQY01000034.1_1 
ARQY01000001.1_45 
ARQY01000001.1_43 
ARQY01000002.1_136 
ARQY01000001.1_168 
ARQY01000002.1_22 
ARQY01000001.1_76 
ARQY01000003.1_32 
ARQY01000001.1_124 
ARQY01000002.1_141 
ARQY01000001.1_173 
ARQY01000001.1_349 
ARQY01000010.1_9 
ARQY01000001.1_62 
ARQY01000002.1_137 
ARQY01000002.1_154 
ARQY01000002.1_61 
ARQY01000003.1_56 
ARQY01000017.1_6 
ARQY01000044.1_2 
ARQY01000001.1_127 
ARQY01000001.1_134 
ARQY01000003.1_142 
ARQY01000041.1_2 
ARQY01000003.1_25 
ARQY01000012.1_4 
ARQY01000001.1_305 
ARQY01000001.1_48 
ARQY01000008.1_1 
ARQY01000020.1_1 
ARQY01000029.1_1 
