ARRL01000002.1_155 ARRL01000005.1_20 ARRL01000002.1_95 ARRL01000001.1_313 ARRL01000001.1_209 ARRL01000002.1_90 
ARRL01000001.1_405 ARRL01000005.1_9 ARRL01000001.1_417 ARRL01000002.1_112 
ARRL01000003.1_135 ARRL01000001.1_386 ARRL01000001.1_406 ARRL01000003.1_95 
ARRL01000001.1_242 ARRL01000001.1_398 ARRL01000002.1_181 
ARRL01000001.1_409 ARRL01000003.1_216 
ARRL01000001.1_40 ARRL01000003.1_233 
ARRL01000002.1_242 ARRL01000005.1_83 
ARRL01000002.1_114 ARRL01000002.1_268 
ARRL01000003.1_47 ARRL01000006.1_27 
ARRL01000002.1_11 ARRL01000002.1_140 
ARRL01000006.1_1 ARRL01000003.1_32 
ARRL01000001.1_259 ARRL01000001.1_77 
ARRL01000001.1_472 ARRL01000010.1_5 
ARRL01000005.1_22 ARRL01000003.1_240 
ARRL01000001.1_298 ARRL01000004.1_11 
ARRL01000001.1_416 ARRL01000005.1_10 
ARRL01000003.1_6 ARRL01000003.1_223 
ARRL01000005.1_7 ARRL01000003.1_54 
ARRL01000002.1_161 ARRL01000001.1_244 
ARRL01000003.1_252 ARRL01000001.1_106 
ARRL01000003.1_104 ARRL01000003.1_102 
ARRL01000003.1_195 ARRL01000002.1_87 
ARRL01000001.1_5 ARRL01000005.1_2 
ARRL01000006.1_24 ARRL01000003.1_251 
ARRL01000001.1_302 ARRL01000003.1_132 
ARRL01000001.1_420 ARRL01000032.1_1 
ARRL01000001.1_113 ARRL01000002.1_264 
ARRL01000005.1_30 ARRL01000001.1_98 
ARRL01000002.1_152 ARRL01000002.1_20 
ARRL01000001.1_68 ARRL01000001.1_379 
ARRL01000001.1_455 ARRL01000003.1_248 
ARRL01000005.1_43 ARRL01000001.1_331 
ARRL01000001.1_274 ARRL01000001.1_164 
ARRL01000004.1_34 ARRL01000014.1_2 
ARRL01000001.1_285 ARRL01000002.1_210 
ARRL01000008.1_5 ARRL01000002.1_96 
ARRL01000001.1_272 
ARRL01000003.1_168 
ARRL01000002.1_3 
ARRL01000003.1_169 
ARRL01000001.1_462 
ARRL01000002.1_15 
ARRL01000002.1_255 
ARRL01000003.1_99 
ARRL01000002.1_64 
ARRL01000002.1_111 
ARRL01000004.1_77 
ARRL01000006.1_34 
ARRL01000003.1_77 
ARRL01000001.1_304 
ARRL01000005.1_81 
ARRL01000003.1_199 
ARRL01000002.1_200 
ARRL01000005.1_85 
ARRL01000004.1_92 
ARRL01000002.1_173 
ARRL01000004.1_105 
ARRL01000004.1_96 
ARRL01000009.1_1 
ARRL01000003.1_137 
ARRL01000004.1_49 
ARRL01000004.1_61 
ARRL01000002.1_149 
ARRL01000003.1_189 
ARRL01000001.1_13 
ARRL01000002.1_263 
ARRL01000005.1_57 
ARRL01000001.1_423 
ARRL01000006.1_35 
ARRL01000001.1_176 
ARRL01000003.1_185 
ARRL01000001.1_447 
ARRL01000001.1_466 
ARRL01000001.1_319 
ARRL01000002.1_257 
ARRL01000003.1_80 
ARRL01000002.1_185 
ARRL01000002.1_27 
ARRL01000001.1_475 
ARRL01000001.1_275 
ARRL01000003.1_241 
ARRL01000001.1_247 
ARRL01000003.1_106 
ARRL01000003.1_217 
ARRL01000005.1_69 
ARRL01000005.1_14 
ARRL01000001.1_215 
ARRL01000001.1_382 
ARRL01000002.1_171 
ARRL01000002.1_204 
ARRL01000003.1_68 
ARRL01000003.1_232 
ARRL01000001.1_261 
ARRL01000001.1_343 
ARRL01000002.1_128 
ARRL01000002.1_170 
ARRL01000003.1_88 
ARRL01000006.1_39 
ARRL01000001.1_255 
ARRL01000001.1_196 
ARRL01000001.1_114 
ARRL01000001.1_257 
ARRL01000002.1_42 
ARRL01000003.1_183 
ARRL01000003.1_64 
ARRL01000003.1_275 
ARRL01000003.1_165 
ARRL01000002.1_134 
ARRL01000003.1_258 
ARRL01000001.1_403 
ARRL01000003.1_268 
ARRL01000002.1_86 
ARRL01000001.1_460 
ARRL01000001.1_246 
ARRL01000001.1_191 
ARRL01000007.1_22 
ARRL01000005.1_31 
ARRL01000002.1_80 
ARRL01000002.1_184 
ARRL01000002.1_16 
ARRL01000001.1_358 
ARRL01000004.1_75 
ARRL01000003.1_117 
ARRL01000003.1_74 
ARRL01000004.1_88 
ARRL01000002.1_103 
ARRL01000005.1_71 
ARRL01000001.1_301 
ARRL01000002.1_51 
ARRL01000002.1_237 
ARRL01000006.1_20 
ARRL01000001.1_47 
ARRL01000003.1_224 
ARRL01000005.1_45 
ARRL01000001.1_61 
ARRL01000005.1_59 
ARRL01000001.1_359 
ARRL01000002.1_239 
ARRL01000001.1_238 
ARRL01000001.1_389 
ARRL01000003.1_41 
ARRL01000002.1_144 
ARRL01000002.1_260 
ARRL01000001.1_105 
ARRL01000001.1_363 
ARRL01000006.1_2 
ARRL01000001.1_407 
ARRL01000004.1_47 
ARRL01000001.1_330 
ARRL01000001.1_237 
ARRL01000001.1_267 
ARRL01000004.1_14 
ARRL01000005.1_28 
ARRL01000002.1_270 
ARRL01000001.1_138 
ARRL01000004.1_98 
ARRL01000001.1_369 
ARRL01000003.1_194 
ARRL01000006.1_30 
ARRL01000002.1_241 
ARRL01000002.1_97 
ARRL01000001.1_271 
ARRL01000001.1_410 
ARRL01000003.1_210 
ARRL01000003.1_94 
ARRL01000004.1_68 
ARRL01000005.1_36 
ARRL01000002.1_143 
ARRL01000003.1_243 
ARRL01000003.1_50 
ARRL01000002.1_262 
ARRL01000005.1_72 
ARRL01000003.1_211 
ARRL01000001.1_26 
ARRL01000002.1_123 
ARRL01000015.1_1 
ARRL01000001.1_376 
ARRL01000002.1_258 
ARRL01000002.1_1 
ARRL01000001.1_45 
ARRL01000004.1_59 
ARRL01000001.1_56 
ARRL01000008.1_2 
ARRL01000001.1_15 
ARRL01000001.1_230 
ARRL01000002.1_69 
ARRL01000003.1_87 
ARRL01000002.1_84 
ARRL01000001.1_360 
ARRL01000002.1_236 
ARRL01000005.1_75 
ARRL01000003.1_2 
ARRL01000001.1_16 
ARRL01000001.1_350 
ARRL01000002.1_246 
ARRL01000001.1_446 
ARRL01000002.1_186 
ARRL01000007.1_14 
ARRL01000003.1_186 
ARRL01000007.1_9 
ARRL01000003.1_83 
ARRL01000001.1_223 
ARRL01000001.1_375 
ARRL01000001.1_432 
ARRL01000002.1_261 
ARRL01000003.1_69 
ARRL01000004.1_106 
ARRL01000001.1_147 
ARRL01000003.1_266 
ARRL01000005.1_82 
ARRL01000005.1_8 
ARRL01000002.1_154 
ARRL01000002.1_251 
ARRL01000003.1_52 
ARRL01000003.1_48 
ARRL01000004.1_25 
ARRL01000002.1_159 
ARRL01000004.1_51 
ARRL01000001.1_370 
ARRL01000001.1_368 
ARRL01000002.1_267 
ARRL01000001.1_329 
ARRL01000005.1_23 
ARRL01000001.1_434 
ARRL01000002.1_160 
ARRL01000005.1_65 
ARRL01000005.1_79 
ARRL01000001.1_58 
ARRL01000001.1_1 
ARRL01000003.1_8 
ARRL01000001.1_372 
ARRL01000001.1_143 
ARRL01000005.1_6 
ARRL01000001.1_318 
ARRL01000004.1_44 
ARRL01000004.1_72 
ARRL01000001.1_181 
ARRL01000003.1_180 
ARRL01000001.1_93 
ARRL01000001.1_245 
ARRL01000003.1_15 
ARRL01000005.1_50 
ARRL01000001.1_277 
ARRL01000001.1_38 
ARRL01000002.1_9 
ARRL01000001.1_36 
ARRL01000003.1_107 
ARRL01000005.1_66 
ARRL01000001.1_171 
ARRL01000001.1_60 
ARRL01000002.1_124 
ARRL01000001.1_35 
ARRL01000003.1_123 
ARRL01000003.1_3 
ARRL01000003.1_40 
ARRL01000007.1_5 
ARRL01000001.1_120 
ARRL01000003.1_234 
ARRL01000001.1_468 
ARRL01000002.1_33 
ARRL01000003.1_73 
ARRL01000003.1_17 
ARRL01000002.1_115 
ARRL01000003.1_259 
ARRL01000001.1_438 
ARRL01000001.1_46 
ARRL01000001.1_324 
ARRL01000001.1_361 
ARRL01000001.1_326 
ARRL01000003.1_229 
ARRL01000001.1_241 
ARRL01000001.1_253 
ARRL01000001.1_82 
ARRL01000001.1_295 
ARRL01000001.1_381 
ARRL01000003.1_143 
ARRL01000002.1_164 
ARRL01000001.1_43 
ARRL01000001.1_83 
ARRL01000002.1_168 
ARRL01000007.1_11 
ARRL01000004.1_81 
ARRL01000002.1_271 
ARRL01000001.1_345 
ARRL01000004.1_94 
ARRL01000002.1_98 
ARRL01000004.1_12 
ARRL01000002.1_212 
ARRL01000003.1_207 
ARRL01000004.1_21 
ARRL01000004.1_3 
ARRL01000004.1_54 
ARRL01000001.1_284 
ARRL01000003.1_179 
ARRL01000003.1_39 
ARRL01000001.1_229 
ARRL01000005.1_5 
ARRL01000001.1_478 
ARRL01000001.1_452 
ARRL01000004.1_104 
ARRL01000004.1_41 
ARRL01000006.1_15 
ARRL01000001.1_412 
ARRL01000003.1_18 
ARRL01000003.1_33 
ARRL01000002.1_216 
ARRL01000004.1_65 
ARRL01000001.1_279 
ARRL01000001.1_347 
ARRL01000002.1_126 
ARRL01000005.1_68 
ARRL01000009.1_2 
ARRL01000001.1_166 
ARRL01000001.1_190 
ARRL01000002.1_198 
ARRL01000003.1_230 
ARRL01000002.1_225 
ARRL01000002.1_52 
ARRL01000002.1_201 
ARRL01000001.1_214 
ARRL01000001.1_154 
ARRL01000001.1_2 
ARRL01000010.1_2 
ARRL01000001.1_265 
ARRL01000002.1_211 
ARRL01000003.1_55 
ARRL01000004.1_24 
ARRL01000002.1_50 
ARRL01000002.1_116 
ARRL01000002.1_120 
ARRL01000002.1_177 
ARRL01000003.1_11 
ARRL01000002.1_153 
ARRL01000002.1_49 
ARRL01000005.1_15 
ARRL01000004.1_32 
ARRL01000004.1_50 
ARRL01000001.1_170 
ARRL01000001.1_289 
ARRL01000003.1_27 
ARRL01000001.1_467 
ARRL01000002.1_165 
ARRL01000001.1_348 
ARRL01000002.1_21 
ARRL01000002.1_22 
ARRL01000003.1_134 
ARRL01000001.1_441 
ARRL01000001.1_157 
ARRL01000002.1_45 
ARRL01000005.1_26 
ARRL01000001.1_87 
ARRL01000002.1_235 
ARRL01000003.1_253 
ARRL01000001.1_342 
ARRL01000002.1_133 
ARRL01000002.1_157 
ARRL01000003.1_176 
ARRL01000001.1_75 
ARRL01000005.1_4 
ARRL01000003.1_86 
ARRL01000004.1_107 
ARRL01000004.1_43 
ARRL01000002.1_32 
ARRL01000001.1_392 
ARRL01000001.1_227 
ARRL01000003.1_108 
ARRL01000004.1_52 
ARRL01000001.1_413 
ARRL01000002.1_19 
ARRL01000003.1_221 
ARRL01000001.1_126 
ARRL01000002.1_229 
ARRL01000001.1_118 
ARRL01000001.1_27 
ARRL01000007.1_21 
ARRL01000001.1_349 
ARRL01000001.1_130 
ARRL01000001.1_341 
ARRL01000004.1_5 
ARRL01000006.1_38 
ARRL01000001.1_186 
ARRL01000001.1_384 
ARRL01000003.1_82 
ARRL01000001.1_115 
ARRL01000001.1_431 
ARRL01000002.1_221 
ARRL01000003.1_78 
ARRL01000001.1_316 
ARRL01000001.1_458 
ARRL01000007.1_23 
ARRL01000002.1_195 
ARRL01000003.1_101 
ARRL01000006.1_18 
ARRL01000001.1_243 
ARRL01000002.1_213 
ARRL01000003.1_21 
ARRL01000001.1_266 
ARRL01000002.1_7 
ARRL01000003.1_249 
ARRL01000006.1_41 
ARRL01000001.1_42 
ARRL01000002.1_248 
ARRL01000002.1_28 
ARRL01000003.1_116 
ARRL01000004.1_40 
ARRL01000001.1_133 
ARRL01000001.1_397 
ARRL01000002.1_162 
ARRL01000001.1_322 
ARRL01000002.1_113 
ARRL01000005.1_29 
ARRL01000001.1_321 
ARRL01000001.1_404 
ARRL01000002.1_12 
ARRL01000003.1_61 
ARRL01000001.1_182 
ARRL01000001.1_433 
ARRL01000003.1_4 
ARRL01000004.1_38 
ARRL01000001.1_287 
ARRL01000001.1_292 
ARRL01000002.1_125 
ARRL01000002.1_180 
ARRL01000001.1_320 
ARRL01000001.1_436 
ARRL01000001.1_41 
ARRL01000001.1_273 
ARRL01000001.1_178 
ARRL01000001.1_365 
ARRL01000001.1_390 
ARRL01000003.1_245 
ARRL01000001.1_208 
ARRL01000003.1_16 
ARRL01000001.1_249 
ARRL01000003.1_181 
ARRL01000004.1_56 
ARRL01000001.1_308 
ARRL01000003.1_45 
ARRL01000004.1_26 
ARRL01000003.1_7 
ARRL01000001.1_351 
ARRL01000002.1_79 
ARRL01000003.1_192 
ARRL01000001.1_264 
ARRL01000001.1_270 
ARRL01000001.1_346 
ARRL01000002.1_130 
ARRL01000003.1_250 
ARRL01000003.1_31 
ARRL01000005.1_41 
ARRL01000001.1_387 
ARRL01000003.1_85 
ARRL01000003.1_5 
ARRL01000002.1_70 
ARRL01000003.1_129 
ARRL01000001.1_210 
ARRL01000001.1_437 
ARRL01000005.1_42 
ARRL01000005.1_60 
ARRL01000006.1_17 
ARRL01000002.1_156 
ARRL01000002.1_23 
ARRL01000004.1_10 
ARRL01000002.1_14 
ARRL01000007.1_20 
ARRL01000001.1_225 
ARRL01000001.1_293 
ARRL01000002.1_107 
ARRL01000001.1_94 
ARRL01000003.1_273 
ARRL01000006.1_28 
ARRL01000001.1_17 
ARRL01000001.1_204 
ARRL01000002.1_245 
ARRL01000003.1_212 
ARRL01000004.1_79 
ARRL01000003.1_98 
ARRL01000010.1_4 
ARRL01000001.1_219 
ARRL01000003.1_209 
ARRL01000004.1_100 
ARRL01000002.1_252 
ARRL01000002.1_147 
ARRL01000002.1_158 
ARRL01000004.1_29 
ARRL01000001.1_281 
ARRL01000001.1_367 
ARRL01000002.1_121 
ARRL01000001.1_169 
ARRL01000001.1_421 
ARRL01000002.1_206 
ARRL01000002.1_94 
ARRL01000003.1_200 
ARRL01000007.1_6 
ARRL01000001.1_183 
ARRL01000001.1_213 
ARRL01000003.1_219 
ARRL01000001.1_20 
ARRL01000002.1_83 
ARRL01000006.1_43 
ARRL01000001.1_268 
ARRL01000002.1_230 
ARRL01000003.1_139 
ARRL01000001.1_117 
ARRL01000001.1_165 
ARRL01000003.1_36 
ARRL01000003.1_24 
ARRL01000004.1_60 
ARRL01000002.1_139 
ARRL01000002.1_166 
ARRL01000003.1_58 
ARRL01000002.1_44 
ARRL01000002.1_92 
ARRL01000005.1_19 
ARRL01000001.1_339 
ARRL01000004.1_63 
ARRL01000006.1_3 
ARRL01000001.1_286 
ARRL01000003.1_114 
ARRL01000001.1_52 
ARRL01000005.1_63 
ARRL01000002.1_205 
ARRL01000006.1_32 
ARRL01000002.1_141 
ARRL01000001.1_234 
ARRL01000001.1_278 
ARRL01000001.1_34 
ARRL01000006.1_36 
ARRL01000002.1_129 
ARRL01000002.1_34 
ARRL01000002.1_89 
ARRL01000005.1_73 
ARRL01000002.1_222 
ARRL01000002.1_256 
ARRL01000003.1_188 
ARRL01000001.1_239 
ARRL01000001.1_24 
ARRL01000003.1_81 
ARRL01000006.1_21 
ARRL01000001.1_198 
ARRL01000001.1_30 
ARRL01000002.1_6 
ARRL01000003.1_205 
ARRL01000003.1_9 
ARRL01000006.1_5 
ARRL01000001.1_256 
ARRL01000004.1_102 
ARRL01000005.1_21 
ARRL01000001.1_427 
ARRL01000001.1_471 
ARRL01000002.1_194 
ARRL01000001.1_156 
ARRL01000002.1_199 
ARRL01000002.1_191 
ARRL01000003.1_20 
ARRL01000003.1_242 
ARRL01000003.1_254 
ARRL01000004.1_28 
ARRL01000005.1_80 
ARRL01000001.1_430 
ARRL01000003.1_222 
ARRL01000011.1_4 
ARRL01000022.1_1 
ARRL01000001.1_269 
ARRL01000001.1_415 
ARRL01000002.1_250 
ARRL01000002.1_193 
ARRL01000002.1_40 
ARRL01000001.1_299 
ARRL01000004.1_53 
ARRL01000001.1_102 
ARRL01000001.1_283 
ARRL01000001.1_323 
ARRL01000001.1_109 
ARRL01000001.1_288 
ARRL01000001.1_305 
ARRL01000001.1_418 
ARRL01000007.1_2 
ARRL01000001.1_149 
ARRL01000001.1_469 
ARRL01000001.1_57 
ARRL01000002.1_104 
ARRL01000001.1_128 
ARRL01000001.1_141 
ARRL01000001.1_187 
ARRL01000001.1_37 
ARRL01000002.1_227 
ARRL01000002.1_247 
ARRL01000002.1_66 
ARRL01000001.1_123 
ARRL01000001.1_218 
ARRL01000003.1_113 
ARRL01000007.1_8 
ARRL01000002.1_135 
ARRL01000001.1_193 
ARRL01000002.1_110 
ARRL01000002.1_31 
ARRL01000005.1_74 
ARRL01000001.1_443 
ARRL01000001.1_65 
ARRL01000001.1_125 
ARRL01000001.1_50 
ARRL01000002.1_30 
ARRL01000005.1_51 
ARRL01000005.1_62 
ARRL01000001.1_155 
ARRL01000001.1_391 
ARRL01000001.1_76 
ARRL01000002.1_226 
ARRL01000003.1_66 
ARRL01000004.1_2 
ARRL01000003.1_256 
ARRL01000018.1_2 
ARRL01000001.1_307 
ARRL01000003.1_26 
ARRL01000003.1_44 
ARRL01000003.1_261 
ARRL01000003.1_272 
ARRL01000002.1_179 
ARRL01000003.1_160 
ARRL01000003.1_220 
ARRL01000003.1_53 
ARRL01000001.1_90 
ARRL01000003.1_23 
ARRL01000017.1_1 
ARRL01000001.1_119 
ARRL01000001.1_260 
ARRL01000002.1_46 
ARRL01000002.1_85 
ARRL01000003.1_57 
ARRL01000020.1_1 
ARRL01000001.1_127 
ARRL01000001.1_29 
ARRL01000001.1_402 
ARRL01000002.1_137 
ARRL01000002.1_47 
ARRL01000001.1_19 
ARRL01000001.1_371 
ARRL01000003.1_235 
ARRL01000001.1_211 
ARRL01000002.1_243 
ARRL01000006.1_42 
ARRL01000001.1_476 
ARRL01000004.1_39 
ARRL01000001.1_150 
ARRL01000001.1_309 
ARRL01000006.1_22 
ARRL01000001.1_263 
ARRL01000005.1_49 
ARRL01000001.1_135 
ARRL01000001.1_470 
ARRL01000006.1_10 
ARRL01000006.1_16 
ARRL01000002.1_117 
ARRL01000005.1_84 
ARRL01000024.1_1 
ARRL01000001.1_151 
ARRL01000001.1_439 
ARRL01000001.1_442 
ARRL01000002.1_13 
ARRL01000002.1_29 
ARRL01000001.1_73 
ARRL01000001.1_91 
ARRL01000003.1_79 
ARRL01000002.1_35 
ARRL01000004.1_91 
ARRL01000002.1_176 
ARRL01000005.1_55 
ARRL01000001.1_3 
ARRL01000001.1_335 
ARRL01000005.1_16 
ARRL01000001.1_212 
ARRL01000002.1_208 
ARRL01000001.1_122 
ARRL01000002.1_100 
ARRL01000002.1_74 
ARRL01000002.1_75 
ARRL01000003.1_38 
ARRL01000005.1_76 
ARRL01000001.1_49 
ARRL01000003.1_277 
ARRL01000006.1_37 
ARRL01000002.1_142 
ARRL01000002.1_167 
ARRL01000001.1_142 
ARRL01000001.1_226 
ARRL01000001.1_366 
ARRL01000003.1_238 
ARRL01000006.1_29 
ARRL01000003.1_177 
ARRL01000004.1_48 
ARRL01000004.1_6 
ARRL01000002.1_214 
ARRL01000003.1_72 
ARRL01000026.1_1 
ARRL01000001.1_217 
ARRL01000003.1_196 
ARRL01000004.1_8 
ARRL01000001.1_78 
ARRL01000002.1_172 
ARRL01000002.1_244 
ARRL01000004.1_15 
ARRL01000001.1_168 
ARRL01000002.1_43 
ARRL01000006.1_11 
ARRL01000001.1_233 
ARRL01000002.1_36 
ARRL01000003.1_110 
ARRL01000016.1_2 
ARRL01000001.1_258 
ARRL01000001.1_311 
ARRL01000001.1_357 
ARRL01000001.1_461 
ARRL01000002.1_5 
ARRL01000003.1_187 
ARRL01000003.1_269 
ARRL01000006.1_23 
ARRL01000001.1_74 
ARRL01000002.1_148 
ARRL01000002.1_65 
ARRL01000004.1_30 
ARRL01000002.1_101 
ARRL01000003.1_206 
ARRL01000005.1_78 
ARRL01000003.1_239 
ARRL01000001.1_456 
ARRL01000003.1_112 
ARRL01000005.1_3 
ARRL01000001.1_280 
ARRL01000003.1_59 
ARRL01000007.1_17 
ARRL01000001.1_146 
ARRL01000001.1_201 
ARRL01000001.1_39 
ARRL01000028.1_1 
ARRL01000001.1_22 
ARRL01000001.1_6 
ARRL01000002.1_190 
ARRL01000002.1_82 
ARRL01000006.1_6 
ARRL01000001.1_104 
ARRL01000001.1_315 
ARRL01000003.1_109 
ARRL01000003.1_172 
ARRL01000001.1_100 
ARRL01000002.1_192 
ARRL01000002.1_240 
ARRL01000027.1_1 
ARRL01000001.1_340 
ARRL01000001.1_69 
ARRL01000002.1_118 
ARRL01000004.1_74 
ARRL01000004.1_85 
ARRL01000005.1_44 
ARRL01000002.1_131 
ARRL01000004.1_7 
ARRL01000009.1_3 
ARRL01000002.1_81 
ARRL01000003.1_246 
ARRL01000004.1_112 
ARRL01000005.1_39 
ARRL01000008.1_4 
ARRL01000004.1_108 
ARRL01000001.1_136 
ARRL01000001.1_167 
ARRL01000001.1_220 
ARRL01000001.1_79 
ARRL01000002.1_63 
ARRL01000003.1_274 
ARRL01000004.1_18 
ARRL01000001.1_163 
ARRL01000001.1_192 
ARRL01000001.1_221 
ARRL01000001.1_328 
ARRL01000001.1_10 
ARRL01000001.1_314 
ARRL01000003.1_51 
ARRL01000001.1_153 
ARRL01000001.1_429 
ARRL01000001.1_325 
ARRL01000001.1_352 
ARRL01000003.1_157 
ARRL01000005.1_64 
ARRL01000006.1_4 
ARRL01000004.1_23 
ARRL01000001.1_296 
ARRL01000001.1_435 
ARRL01000001.1_477 
ARRL01000002.1_224 
ARRL01000003.1_115 
ARRL01000031.1_1 
ARRL01000001.1_129 
ARRL01000002.1_253 
ARRL01000002.1_68 
ARRL01000003.1_244 
ARRL01000004.1_84 
ARRL01000005.1_40 
ARRL01000006.1_8 
ARRL01000002.1_254 
ARRL01000004.1_42 
ARRL01000001.1_18 
ARRL01000001.1_200 
ARRL01000001.1_4 
ARRL01000001.1_228 
ARRL01000001.1_344 
ARRL01000001.1_84 
ARRL01000002.1_67 
ARRL01000003.1_163 
ARRL01000003.1_35 
ARRL01000001.1_419 
ARRL01000003.1_263 
ARRL01000002.1_266 
ARRL01000003.1_10 
ARRL01000004.1_93 
ARRL01000005.1_11 
ARRL01000001.1_179 
ARRL01000001.1_235 
ARRL01000001.1_440 
ARRL01000002.1_175 
ARRL01000002.1_259 
ARRL01000003.1_171 
ARRL01000001.1_9 
ARRL01000001.1_99 
ARRL01000003.1_140 
ARRL01000001.1_194 
ARRL01000001.1_457 
ARRL01000004.1_69 
ARRL01000008.1_6 
ARRL01000003.1_201 
ARRL01000001.1_282 
ARRL01000001.1_411 
ARRL01000001.1_426 
ARRL01000001.1_64 
ARRL01000002.1_265 
ARRL01000003.1_162 
ARRL01000003.1_247 
ARRL01000004.1_103 
ARRL01000004.1_71 
ARRL01000005.1_67 
ARRL01000001.1_199 
ARRL01000001.1_207 
ARRL01000001.1_408 
ARRL01000002.1_119 
ARRL01000003.1_25 
ARRL01000004.1_95 
ARRL01000001.1_428 
ARRL01000002.1_209 
ARRL01000004.1_20 
ARRL01000001.1_172 
ARRL01000001.1_312 
ARRL01000002.1_146 
ARRL01000002.1_57 
ARRL01000003.1_97 
ARRL01000004.1_73 
ARRL01000001.1_116 
ARRL01000001.1_131 
ARRL01000001.1_216 
ARRL01000001.1_48 
ARRL01000002.1_99 
ARRL01000002.1_151 
ARRL01000002.1_78 
ARRL01000003.1_260 
ARRL01000005.1_47 
ARRL01000001.1_353 
ARRL01000001.1_464 
ARRL01000002.1_231 
ARRL01000003.1_191 
ARRL01000004.1_109 
ARRL01000005.1_37 
ARRL01000023.1_1 
ARRL01000001.1_132 
ARRL01000002.1_109 
ARRL01000002.1_223 
ARRL01000002.1_93 
ARRL01000003.1_257 
ARRL01000004.1_101 
ARRL01000034.1_1 
ARRL01000035.1_1 
ARRL01000001.1_334 
ARRL01000002.1_77 
ARRL01000001.1_11 
ARRL01000001.1_306 
ARRL01000001.1_445 
ARRL01000003.1_28 
ARRL01000004.1_70 
ARRL01000002.1_17 
ARRL01000003.1_198 
ARRL01000003.1_228 
ARRL01000007.1_18 
ARRL01000003.1_42 
ARRL01000004.1_83 
ARRL01000001.1_184 
ARRL01000002.1_38 
ARRL01000004.1_111 
ARRL01000001.1_25 
ARRL01000002.1_102 
ARRL01000001.1_276 
ARRL01000001.1_310 
ARRL01000001.1_383 
ARRL01000003.1_75 
ARRL01000005.1_38 
ARRL01000001.1_479 
ARRL01000003.1_60 
ARRL01000010.1_3 
ARRL01000001.1_139 
ARRL01000001.1_224 
ARRL01000001.1_232 
ARRL01000001.1_31 
ARRL01000003.1_204 
ARRL01000011.1_3 
ARRL01000003.1_111 
ARRL01000003.1_178 
ARRL01000033.1_1 
ARRL01000002.1_188 
ARRL01000007.1_3 
ARRL01000001.1_21 
ARRL01000003.1_100 
ARRL01000013.1_3 
ARRL01000019.1_3 
ARRL01000003.1_118 
ARRL01000003.1_148 
ARRL01000001.1_463 
ARRL01000003.1_151 
ARRL01000004.1_64 
ARRL01000007.1_10 
ARRL01000016.1_3 
ARRL01000001.1_55 
ARRL01000003.1_105 
ARRL01000041.1_1 
ARRL01000001.1_137 
ARRL01000002.1_145 
ARRL01000004.1_82 
ARRL01000001.1_144 
ARRL01000001.1_399 
ARRL01000004.1_89 
ARRL01000001.1_354 
ARRL01000003.1_174 
ARRL01000002.1_203 
ARRL01000003.1_1 
ARRL01000003.1_133 
ARRL01000042.1_1 
ARRL01000001.1_388 
ARRL01000007.1_1 
ARRL01000013.1_2 
ARRL01000014.1_3 
ARRL01000001.1_465 
ARRL01000010.1_1 
ARRL01000043.1_1 
ARRL01000002.1_233 
ARRL01000005.1_53 
ARRL01000001.1_134 
ARRL01000001.1_14 
ARRL01000004.1_97 
ARRL01000005.1_17 
ARRL01000044.1_1 
ARRL01000002.1_60 
ARRL01000003.1_146 
ARRL01000003.1_270 
ARRL01000046.1_1 
ARRL01000001.1_148 
ARRL01000007.1_13 
ARRL01000001.1_101 
ARRL01000002.1_220 
ARRL01000003.1_144 
ARRL01000004.1_22 
ARRL01000001.1_32 
ARRL01000001.1_92 
ARRL01000001.1_188 
ARRL01000002.1_4 
ARRL01000005.1_52 
ARRL01000005.1_54 
ARRL01000001.1_33 
ARRL01000001.1_414 
ARRL01000001.1_97 
ARRL01000013.1_1 
ARRL01000001.1_152 
ARRL01000001.1_294 
ARRL01000001.1_378 
ARRL01000004.1_16 
ARRL01000008.1_1 
ARRL01000037.1_2 
ARRL01000001.1_300 
ARRL01000002.1_197 
ARRL01000002.1_53 
ARRL01000003.1_91 
ARRL01000003.1_236 
ARRL01000003.1_70 
ARRL01000003.1_90 
ARRL01000001.1_12 
ARRL01000001.1_337 
ARRL01000001.1_454 
ARRL01000001.1_444 
ARRL01000002.1_228 
ARRL01000003.1_127 
ARRL01000003.1_231 
ARRL01000003.1_76 
ARRL01000004.1_27 
ARRL01000001.1_121 
ARRL01000001.1_480 
ARRL01000002.1_62 
ARRL01000003.1_43 
ARRL01000004.1_62 
ARRL01000004.1_78 
ARRL01000001.1_54 
ARRL01000003.1_166 
ARRL01000003.1_218 
ARRL01000003.1_89 
ARRL01000012.1_4 
ARRL01000003.1_125 
ARRL01000003.1_22 
ARRL01000003.1_203 
ARRL01000003.1_225 
ARRL01000001.1_96 
ARRL01000003.1_124 
ARRL01000003.1_49 
ARRL01000008.1_9 
ARRL01000001.1_473 
ARRL01000002.1_25 
ARRL01000005.1_34 
ARRL01000012.1_2 
ARRL01000003.1_276 
ARRL01000004.1_99 
ARRL01000001.1_254 
ARRL01000003.1_12 
ARRL01000005.1_48 
ARRL01000005.1_32 
ARRL01000001.1_185 
ARRL01000001.1_364 
ARRL01000003.1_14 
ARRL01000007.1_7 
ARRL01000001.1_400 
ARRL01000001.1_401 
ARRL01000003.1_214 
ARRL01000001.1_424 
ARRL01000001.1_449 
ARRL01000003.1_103 
ARRL01000003.1_30 
ARRL01000005.1_35 
ARRL01000005.1_77 
ARRL01000001.1_448 
ARRL01000003.1_136 
ARRL01000003.1_215 
ARRL01000005.1_24 
ARRL01000007.1_19 
ARRL01000001.1_222 
ARRL01000001.1_385 
ARRL01000001.1_393 
ARRL01000001.1_422 
ARRL01000003.1_202 
ARRL01000003.1_92 
ARRL01000004.1_31 
ARRL01000005.1_56 
ARRL01000011.1_1 
ARRL01000001.1_81 
ARRL01000003.1_227 
ARRL01000004.1_55 
ARRL01000006.1_9 
ARRL01000001.1_453 
ARRL01000002.1_106 
ARRL01000002.1_234 
ARRL01000003.1_173 
ARRL01000003.1_93 
ARRL01000008.1_16 
ARRL01000030.1_1 
ARRL01000001.1_173 
ARRL01000003.1_37 
ARRL01000003.1_56 
ARRL01000004.1_37 
ARRL01000029.1_2 
ARRL01000003.1_271 
ARRL01000004.1_19 
ARRL01000005.1_1 
ARRL01000008.1_14 
ARRL01000001.1_459 
ARRL01000002.1_163 
ARRL01000003.1_119 
ARRL01000003.1_122 
ARRL01000003.1_213 
ARRL01000021.1_3 
ARRL01000001.1_112 
ARRL01000003.1_138 
ARRL01000004.1_17 
ARRL01000001.1_59 
ARRL01000001.1_85 
ARRL01000012.1_1 
ARRL01000001.1_145 
ARRL01000001.1_180 
ARRL01000001.1_290 
ARRL01000001.1_291 
ARRL01000001.1_396 
ARRL01000001.1_70 
ARRL01000003.1_156 
ARRL01000003.1_84 
ARRL01000005.1_18 
ARRL01000001.1_380 
ARRL01000002.1_55 
ARRL01000005.1_58 
ARRL01000001.1_202 
ARRL01000002.1_150 
ARRL01000003.1_184 
ARRL01000004.1_33 
ARRL01000004.1_45 
ARRL01000004.1_57 
ARRL01000004.1_87 
ARRL01000002.1_238 
ARRL01000003.1_96 
ARRL01000001.1_8 
ARRL01000003.1_264 
ARRL01000004.1_80 
ARRL01000005.1_33 
ARRL01000003.1_149 
ARRL01000004.1_58 
ARRL01000025.1_1 
ARRL01000001.1_395 
ARRL01000003.1_29 
ARRL01000001.1_236 
ARRL01000001.1_86 
ARRL01000002.1_48 
ARRL01000005.1_13 
ARRL01000001.1_197 
ARRL01000002.1_232 
ARRL01000002.1_61 
ARRL01000002.1_183 
ARRL01000002.1_41 
ARRL01000003.1_170 
ARRL01000001.1_161 
ARRL01000001.1_80 
ARRL01000002.1_132 
ARRL01000003.1_141 
ARRL01000004.1_90 
ARRL01000006.1_7 
ARRL01000001.1_206 
ARRL01000001.1_240 
ARRL01000001.1_451 
ARRL01000014.1_1 
ARRL01000002.1_189 
ARRL01000003.1_167 
ARRL01000001.1_110 
ARRL01000003.1_153 
ARRL01000005.1_61 
ARRL01000008.1_10 
ARRL01000025.1_2 
ARRL01000001.1_174 
ARRL01000011.1_2 
ARRL01000001.1_71 
ARRL01000002.1_169 
ARRL01000003.1_175 
ARRL01000008.1_3 
ARRL01000003.1_142 
ARRL01000001.1_333 
ARRL01000008.1_8 
ARRL01000002.1_202 
ARRL01000001.1_394 
ARRL01000002.1_54 
ARRL01000004.1_46 
ARRL01000021.1_4 
ARRL01000001.1_205 
ARRL01000001.1_356 
ARRL01000002.1_59 
ARRL01000003.1_147 
ARRL01000003.1_265 
ARRL01000003.1_67 
ARRL01000003.1_226 
ARRL01000002.1_218 
ARRL01000001.1_373 
ARRL01000001.1_63 
ARRL01000002.1_127 
ARRL01000003.1_158 
ARRL01000004.1_35 
ARRL01000004.1_66 
ARRL01000012.1_3 
ARRL01000001.1_158 
ARRL01000003.1_120 
ARRL01000005.1_46 
ARRL01000002.1_182 
ARRL01000003.1_193 
ARRL01000008.1_12 
ARRL01000040.1_2 
ARRL01000001.1_159 
ARRL01000001.1_450 
ARRL01000003.1_152 
ARRL01000003.1_208 
ARRL01000007.1_4 
ARRL01000004.1_9 
ARRL01000021.1_2 
ARRL01000003.1_131 
ARRL01000006.1_14 
ARRL01000012.1_6 
ARRL01000002.1_136 
ARRL01000006.1_31 
ARRL01000001.1_338 
ARRL01000002.1_76 
ARRL01000003.1_164 
ARRL01000003.1_71 
ARRL01000004.1_1 
ARRL01000002.1_26 
ARRL01000001.1_89 
ARRL01000003.1_150 
ARRL01000004.1_4 
ARRL01000003.1_161 
ARRL01000006.1_19 
ARRL01000001.1_327 
ARRL01000001.1_44 
ARRL01000002.1_37 
ARRL01000002.1_56 
ARRL01000004.1_13 
ARRL01000007.1_12 
ARRL01000001.1_297 
ARRL01000003.1_154 
ARRL01000003.1_19 
ARRL01000004.1_67 
ARRL01000006.1_40 
ARRL01000038.1_1 
ARRL01000001.1_377 
ARRL01000003.1_46 
ARRL01000001.1_51 
ARRL01000002.1_10 
ARRL01000003.1_121 
ARRL01000005.1_70 
ARRL01000020.1_2 
ARRL01000038.1_2 
ARRL01000039.1_2 
ARRL01000001.1_317 
ARRL01000001.1_362 
ARRL01000003.1_159 
ARRL01000003.1_182 
ARRL01000001.1_177 
ARRL01000001.1_195 
ARRL01000003.1_65 
ARRL01000001.1_162 
ARRL01000001.1_231 
ARRL01000002.1_105 
ARRL01000001.1_474 
ARRL01000003.1_128 
ARRL01000018.1_3 
ARRL01000001.1_175 
ARRL01000008.1_13 
ARRL01000001.1_248 
ARRL01000001.1_425 
ARRL01000004.1_110 
ARRL01000008.1_11 
ARRL01000045.1_2 
ARRL01000002.1_58 
ARRL01000003.1_130 
ARRL01000045.1_1 
ARRL01000023.1_2 
ARRL01000001.1_332 
ARRL01000006.1_33 
ARRL01000007.1_16 
ARRL01000017.1_2 
ARRL01000001.1_67 
ARRL01000029.1_1 
ARRL01000003.1_267 
ARRL01000001.1_7 
ARRL01000002.1_18 
ARRL01000003.1_62 
ARRL01000001.1_72 
ARRL01000002.1_269 
ARRL01000002.1_91 
ARRL01000019.1_2 
ARRL01000001.1_374 
ARRL01000001.1_160 
ARRL01000001.1_251 
ARRL01000001.1_303 
ARRL01000001.1_53 
ARRL01000001.1_203 
ARRL01000001.1_23 
ARRL01000002.1_138 
ARRL01000003.1_197 
ARRL01000003.1_34 
ARRL01000040.1_1 
ARRL01000002.1_39 
ARRL01000003.1_63 
ARRL01000006.1_13 
ARRL01000001.1_262 
ARRL01000004.1_76 
ARRL01000005.1_12 
ARRL01000001.1_103 
ARRL01000001.1_336 
ARRL01000002.1_88 
ARRL01000006.1_25 
ARRL01000001.1_62 
ARRL01000003.1_155 
ARRL01000036.1_1 
ARRL01000004.1_36 
ARRL01000001.1_250 
ARRL01000003.1_255 
ARRL01000001.1_28 
ARRL01000002.1_71 
ARRL01000001.1_108 
ARRL01000001.1_355 
ARRL01000001.1_95 
ARRL01000002.1_249 
ARRL01000003.1_13 
ARRL01000002.1_215 
ARRL01000003.1_145 
ARRL01000002.1_219 
ARRL01000002.1_24 
ARRL01000005.1_27 
ARRL01000014.1_4 
ARRL01000002.1_122 
ARRL01000002.1_72 
ARRL01000005.1_25 
ARRL01000008.1_17 
ARRL01000001.1_107 
ARRL01000004.1_86 
ARRL01000001.1_189 
ARRL01000001.1_66 
ARRL01000002.1_73 
ARRL01000007.1_15 
ARRL01000002.1_108 
ARRL01000006.1_12 
ARRL01000011.1_5 
ARRL01000018.1_1 
ARRL01000003.1_190 
ARRL01000006.1_26 
ARRL01000001.1_124 
ARRL01000039.1_1 
ARRL01000002.1_187 
ARRL01000001.1_111 
ARRL01000001.1_88 
ARRL01000019.1_4 
ARRL01000030.1_2 
ARRL01000003.1_126 
ARRL01000004.1_113 
ARRL01000002.1_196 
ARRL01000005.1_86 
ARRL01000008.1_15 
ARRL01000017.1_4 
ARRL01000002.1_207 
ARRL01000001.1_140 
ARRL01000008.1_7 
ARRL01000039.1_3 
ARRL01000003.1_237 
ARRL01000002.1_8 
ARRL01000019.1_1 
ARRL01000002.1_2 
ARRL01000016.1_4 
ARRL01000017.1_3 
ARRL01000012.1_5 
ARRL01000003.1_262 
ARRL01000001.1_252 
ARRL01000002.1_174 
ARRL01000002.1_217 
ARRL01000002.1_178 
ARRL01000016.1_1 
ARRL01000021.1_1 
ARRL01000037.1_1 
