KB911186.1_2 KB911199.1_1 KB911204.1_42 KB911207.1_1 KB911211.1_1 KB911208.1_1 KB911210.1_1 KB911216.1_1 KB911219.1_1 KB911223.1_1 
KB911170.1_73 KB911193.1_66 KB911220.1_48 KB911170.1_70 KB911170.1_17 KB911180.1_2 
KB911182.1_42 KB911215.1_59 KB911185.1_2 
KB911204.1_49 KB911170.1_45 
KB911171.1_18 KB911204.1_50 
KB911181.1_1 KB911181.1_2 
KB911173.1_2 KB911220.1_12 
KB911170.1_98 KB911203.1_2 
KB911170.1_58 KB911222.1_23 
KB911182.1_17 KB911222.1_26 
KB911175.1_7 KB911171.1_46 
KB911193.1_68 KB911182.1_33 
KB911170.1_69 KB911170.1_71 
KB911178.1_5 KB911204.1_7 
KB911172.1_3 KB911172.1_5 
KB911178.1_6 KB911204.1_47 
KB911182.1_66 KB911171.1_45 
KB911177.1_8 KB911177.1_5 
KB911182.1_16 KB911222.1_25 
KB911179.1_6 KB911170.1_118 
KB911173.1_5 KB911220.1_15 
KB911182.1_18 KB911222.1_27 
KB911170.1_52 KB911171.1_64 
KB911173.1_3 KB911220.1_13 
KB911173.1_4 KB911220.1_14 
KB911182.1_40 KB911220.1_7 
KB911182.1_32 KB911182.1_34 
KB911177.1_7 KB911177.1_4 
KB911170.1_2 KB911182.1_7 
KB911170.1_135 KB911187.1_2 
KB911173.1_6 KB911220.1_16 
KB911197.1_1 KB911197.1_8 
KB911204.1_12 
KB911221.1_29 
KB911170.1_41 
KB911182.1_13 
KB911171.1_73 
KB911223.1_5 
KB911176.1_6 
KB911170.1_108 
KB911170.1_57 
KB911220.1_6 
KB911170.1_80 
KB911171.1_49 
KB911171.1_10 
KB911193.1_90 
KB911170.1_25 
KB911170.1_96 
KB911170.1_78 
KB911170.1_84 
KB911182.1_25 
KB911221.1_33 
KB911182.1_65 
KB911170.1_81 
KB911170.1_109 
KB911170.1_97 
KB911170.1_48 
KB911174.1_7 
KB911204.1_22 
KB911171.1_71 
KB911193.1_39 
KB911220.1_24 
KB911222.1_2 
KB911193.1_33 
KB911182.1_6 
KB911171.1_96 
KB911170.1_137 
KB911170.1_123 
KB911171.1_91 
KB911171.1_78 
KB911223.1_3 
KB911170.1_7 
KB911171.1_85 
KB911220.1_20 
KB911182.1_43 
KB911170.1_140 
KB911171.1_31 
KB911222.1_18 
KB911204.1_44 
KB911191.1_1 
KB911182.1_20 
KB911175.1_5 
KB911170.1_1 
KB911221.1_30 
KB911222.1_21 
KB911192.1_1 
KB911204.1_40 
KB911177.1_9 
KB911193.1_57 
KB911220.1_1 
KB911220.1_33 
KB911171.1_58 
KB911193.1_63 
KB911221.1_21 
KB911182.1_39 
KB911182.1_8 
KB911193.1_73 
KB911204.1_10 
KB911204.1_20 
KB911170.1_28 
KB911170.1_38 
KB911215.1_40 
KB911170.1_125 
KB911170.1_8 
KB911221.1_10 
KB911193.1_58 
KB911171.1_77 
KB911215.1_22 
KB911215.1_37 
KB911170.1_36 
KB911183.1_1 
KB911220.1_19 
KB911193.1_69 
KB911215.1_29 
KB911170.1_124 
KB911170.1_91 
KB911182.1_27 
KB911221.1_9 
KB911170.1_119 
KB911215.1_21 
KB911182.1_51 
KB911171.1_36 
KB911177.1_10 
KB911182.1_9 
KB911176.1_2 
KB911215.1_18 
KB911182.1_21 
KB911222.1_8 
KB911204.1_2 
KB911182.1_54 
KB911215.1_58 
KB911172.1_6 
KB911215.1_15 
KB911182.1_48 
KB911220.1_49 
KB911204.1_30 
KB911170.1_87 
KB911180.1_7 
KB911193.1_41 
KB911204.1_33 
KB911170.1_94 
KB911172.1_4 
KB911215.1_61 
KB911220.1_25 
KB911202.1_1 
KB911193.1_47 
KB911193.1_82 
KB911193.1_83 
KB911182.1_72 
KB911193.1_89 
KB911182.1_46 
KB911222.1_24 
KB911170.1_68 
KB911215.1_4 
KB911215.1_8 
KB911170.1_23 
KB911188.1_3 
KB911182.1_29 
KB911170.1_120 
KB911170.1_128 
KB911173.1_9 
KB911220.1_28 
KB911204.1_14 
KB911182.1_75 
KB911184.1_1 
KB911193.1_62 
KB911205.1_1 
KB911170.1_60 
KB911177.1_14 
KB911193.1_93 
KB911171.1_16 
KB911220.1_31 
KB911171.1_35 
KB911222.1_4 
KB911193.1_22 
KB911182.1_3 
KB911182.1_30 
KB911220.1_38 
KB911170.1_33 
KB911193.1_32 
KB911193.1_45 
KB911215.1_50 
KB911171.1_38 
KB911171.1_15 
KB911204.1_1 
KB911215.1_12 
KB911173.1_7 
KB911182.1_5 
KB911171.1_65 
KB911204.1_32 
KB911220.1_40 
KB911223.1_2 
KB911223.1_7 
KB911171.1_28 
KB911171.1_86 
KB911171.1_62 
KB911170.1_134 
KB911170.1_56 
KB911170.1_18 
KB911179.1_3 
KB911204.1_3 
KB911182.1_69 
KB911193.1_71 
KB911170.1_110 
KB911170.1_65 
KB911171.1_17 
KB911174.1_6 
KB911182.1_44 
KB911176.1_4 
KB911176.1_8 
KB911182.1_64 
KB911193.1_48 
KB911223.1_4 
KB911170.1_9 
KB911171.1_54 
KB911170.1_4 
KB911171.1_30 
KB911171.1_89 
KB911170.1_61 
KB911170.1_99 
KB911215.1_60 
KB911215.1_16 
KB911182.1_68 
KB911182.1_74 
KB911204.1_25 
KB911220.1_9 
KB911170.1_89 
KB911221.1_32 
KB911182.1_77 
KB911204.1_28 
KB911193.1_53 
KB911193.1_54 
KB911204.1_35 
KB911204.1_9 
KB911170.1_105 
KB911170.1_39 
KB911171.1_57 
KB911220.1_36 
KB911220.1_5 
KB911171.1_29 
KB911215.1_1 
KB911215.1_57 
KB911217.1_1 
KB911220.1_2 
KB911171.1_3 
KB911170.1_43 
KB911170.1_77 
KB911193.1_61 
KB911170.1_130 
KB911172.1_11 
KB911215.1_7 
KB911204.1_4 
KB911215.1_25 
KB911182.1_73 
KB911204.1_17 
KB911215.1_32 
KB911170.1_54 
KB911170.1_112 
KB911171.1_22 
KB911174.1_3 
KB911182.1_76 
KB911200.1_1 
KB911171.1_48 
KB911215.1_6 
KB911204.1_31 
KB911220.1_43 
KB911170.1_107 
KB911170.1_95 
KB911193.1_37 
KB911220.1_37 
KB911170.1_93 
KB911204.1_48 
KB911204.1_55 
KB911170.1_88 
KB911204.1_8 
KB911193.1_85 
KB911182.1_45 
KB911215.1_45 
KB911171.1_76 
KB911193.1_34 
KB911196.1_2 
KB911175.1_2 
KB911171.1_70 
KB911171.1_56 
KB911171.1_63 
KB911174.1_12 
KB911170.1_102 
KB911170.1_26 
KB911221.1_34 
KB911182.1_36 
KB911204.1_27 
KB911170.1_53 
KB911172.1_9 
KB911193.1_44 
KB911204.1_26 
KB911170.1_15 
KB911178.1_3 
KB911193.1_26 
KB911193.1_31 
KB911170.1_21 
KB911193.1_78 
KB911204.1_19 
KB911204.1_34 
KB911171.1_51 
KB911171.1_6 
KB911171.1_101 
KB911182.1_19 
KB911220.1_44 
KB911177.1_12 
KB911182.1_26 
KB911170.1_79 
KB911171.1_44 
KB911204.1_23 
KB911171.1_25 
KB911220.1_22 
KB911170.1_141 
KB911172.1_7 
KB911170.1_127 
KB911179.1_1 
KB911215.1_20 
KB911170.1_100 
KB911182.1_22 
KB911171.1_21 
KB911182.1_47 
KB911189.1_1 
KB911221.1_5 
KB911182.1_71 
KB911171.1_42 
KB911204.1_11 
KB911220.1_11 
KB911222.1_1 
KB911193.1_67 
KB911220.1_8 
KB911172.1_12 
KB911193.1_95 
KB911204.1_54 
KB911215.1_34 
KB911170.1_66 
KB911182.1_67 
KB911193.1_65 
KB911174.1_2 
KB911171.1_72 
KB911187.1_3 
KB911178.1_8 
KB911170.1_101 
KB911170.1_27 
KB911215.1_3 
KB911220.1_32 
KB911215.1_19 
KB911198.1_2 
KB911215.1_11 
KB911204.1_39 
KB911215.1_55 
KB911182.1_31 
KB911204.1_37 
KB911221.1_12 
KB911170.1_14 
KB911182.1_60 
KB911215.1_33 
KB911170.1_76 
KB911171.1_37 
KB911204.1_5 
KB911170.1_122 
KB911170.1_34 
KB911182.1_56 
KB911171.1_26 
KB911193.1_42 
KB911174.1_10 
KB911185.1_3 
KB911215.1_9 
KB911183.1_3 
KB911174.1_4 
KB911204.1_53 
KB911222.1_15 
KB911170.1_75 
KB911193.1_5 
KB911215.1_56 
KB911176.1_5 
KB911182.1_59 
KB911179.1_4 
KB911182.1_70 
KB911193.1_56 
KB911220.1_3 
KB911170.1_104 
KB911170.1_44 
KB911170.1_46 
KB911177.1_13 
KB911193.1_28 
KB911193.1_30 
KB911170.1_32 
KB911172.1_10 
KB911171.1_67 
KB911173.1_8 
KB911171.1_55 
KB911215.1_52 
KB911170.1_59 
KB911220.1_27 
KB911171.1_100 
KB911170.1_29 
KB911170.1_74 
KB911171.1_12 
KB911177.1_11 
KB911182.1_49 
KB911170.1_62 
KB911171.1_66 
KB911171.1_87 
KB911170.1_103 
KB911180.1_4 
KB911171.1_97 
KB911174.1_1 
KB911175.1_12 
KB911193.1_91 
KB911195.1_3 
KB911213.1_1 
KB911195.1_1 
KB911194.1_2 
KB911179.1_5 
KB911182.1_10 
KB911204.1_6 
KB911206.1_1 
KB911215.1_41 
KB911222.1_6 
KB911172.1_2 
KB911220.1_30 
KB911171.1_88 
KB911172.1_13 
KB911215.1_49 
KB911170.1_121 
KB911170.1_24 
KB911178.1_7 
KB911193.1_77 
KB911215.1_36 
KB911222.1_13 
KB911179.1_7 
KB911173.1_12 
KB911182.1_12 
KB911215.1_35 
KB911193.1_76 
KB911182.1_14 
KB911204.1_36 
KB911170.1_117 
KB911201.1_2 
KB911171.1_40 
KB911170.1_139 
KB911171.1_8 
KB911170.1_106 
KB911170.1_19 
KB911170.1_35 
KB911193.1_35 
KB911215.1_47 
KB911204.1_29 
KB911170.1_115 
KB911171.1_84 
KB911170.1_10 
KB911180.1_3 
KB911215.1_54 
KB911170.1_11 
KB911171.1_52 
KB911193.1_8 
KB911171.1_24 
KB911171.1_43 
KB911173.1_16 
KB911171.1_13 
KB911193.1_86 
KB911170.1_63 
KB911171.1_14 
KB911171.1_81 
KB911171.1_61 
KB911175.1_9 
KB911194.1_3 
KB911215.1_53 
KB911209.1_2 
KB911215.1_5 
KB911222.1_7 
KB911182.1_4 
KB911170.1_129 
KB911170.1_16 
KB911182.1_41 
KB911193.1_2 
KB911215.1_17 
KB911172.1_1 
KB911182.1_50 
KB911193.1_52 
KB911204.1_43 
KB911220.1_39 
KB911182.1_61 
KB911193.1_72 
KB911188.1_1 
KB911193.1_25 
KB911209.1_1 
KB911220.1_34 
KB911220.1_42 
KB911170.1_31 
KB911182.1_2 
KB911171.1_27 
KB911190.1_4 
KB911193.1_3 
KB911215.1_10 
KB911193.1_64 
KB911170.1_42 
KB911170.1_64 
KB911193.1_75 
KB911171.1_11 
KB911171.1_68 
KB911187.1_1 
KB911220.1_18 
KB911220.1_17 
KB911206.1_2 
KB911221.1_31 
KB911171.1_2 
KB911193.1_88 
KB911171.1_80 
KB911193.1_50 
KB911215.1_24 
KB911215.1_44 
KB911170.1_132 
KB911171.1_23 
KB911222.1_16 
KB911178.1_4 
KB911220.1_46 
KB911215.1_30 
KB911221.1_35 
KB911173.1_15 
KB911176.1_1 
KB911175.1_6 
KB911201.1_3 
KB911182.1_55 
KB911184.1_4 
KB911220.1_47 
KB911171.1_32 
KB911173.1_11 
KB911193.1_40 
KB911193.1_14 
KB911212.1_2 
KB911222.1_3 
KB911220.1_45 
KB911176.1_10 
KB911193.1_17 
KB911193.1_74 
KB911171.1_47 
KB911193.1_80 
KB911171.1_7 
KB911189.1_3 
KB911170.1_49 
KB911170.1_72 
KB911171.1_95 
KB911215.1_13 
KB911215.1_43 
KB911171.1_1 
KB911175.1_11 
KB911204.1_15 
KB911193.1_38 
KB911214.1_2 
KB911182.1_24 
KB911222.1_22 
KB911193.1_19 
KB911170.1_55 
KB911176.1_9 
KB911170.1_86 
KB911221.1_15 
KB911193.1_59 
KB911215.1_14 
KB911194.1_1 
KB911178.1_1 
KB911193.1_55 
KB911193.1_94 
KB911215.1_31 
KB911170.1_47 
KB911170.1_90 
KB911215.1_2 
KB911215.1_51 
KB911170.1_83 
KB911171.1_33 
KB911204.1_21 
KB911170.1_30 
KB911171.1_41 
KB911171.1_90 
KB911221.1_14 
KB911171.1_4 
KB911182.1_53 
KB911183.1_2 
KB911193.1_87 
KB911180.1_6 
KB911182.1_37 
KB911220.1_51 
KB911189.1_2 
KB911171.1_59 
KB911174.1_11 
KB911182.1_63 
KB911215.1_42 
KB911177.1_3 
KB911182.1_57 
KB911193.1_43 
KB911220.1_26 
KB911170.1_12 
KB911175.1_8 
KB911170.1_111 
KB911170.1_131 
KB911175.1_4 
KB911182.1_23 
KB911171.1_5 
KB911176.1_7 
KB911214.1_1 
KB911215.1_27 
KB911182.1_11 
KB911193.1_21 
KB911223.1_6 
KB911184.1_2 
KB911193.1_49 
KB911204.1_24 
KB911171.1_9 
KB911215.1_48 
KB911221.1_11 
KB911215.1_38 
KB911193.1_9 
KB911203.1_1 
KB911204.1_13 
KB911173.1_1 
KB911218.1_2 
KB911193.1_27 
KB911215.1_46 
KB911193.1_51 
KB911220.1_4 
KB911193.1_29 
KB911193.1_16 
KB911193.1_24 
KB911222.1_9 
KB911220.1_23 
KB911221.1_27 
KB911222.1_14 
KB911222.1_5 
KB911193.1_79 
KB911170.1_51 
KB911193.1_12 
KB911193.1_36 
KB911170.1_13 
KB911221.1_28 
KB911170.1_3 
KB911173.1_14 
KB911171.1_74 
KB911174.1_8 
KB911193.1_23 
KB911198.1_1 
KB911218.1_3 
KB911171.1_79 
KB911182.1_15 
KB911193.1_18 
KB911220.1_29 
KB911193.1_60 
KB911171.1_69 
KB911176.1_3 
KB911170.1_113 
KB911171.1_60 
KB911215.1_28 
KB911170.1_136 
KB911193.1_46 
KB911171.1_83 
KB911170.1_85 
KB911193.1_7 
KB911220.1_10 
KB911182.1_38 
KB911222.1_10 
KB911222.1_20 
KB911171.1_50 
KB911196.1_1 
KB911204.1_18 
KB911212.1_1 
KB911170.1_116 
KB911193.1_13 
KB911170.1_40 
KB911179.1_8 
KB911193.1_70 
KB911215.1_23 
KB911171.1_82 
KB911177.1_6 
KB911171.1_34 
KB911193.1_1 
KB911171.1_39 
KB911193.1_15 
KB911220.1_35 
KB911170.1_114 
KB911204.1_52 
KB911182.1_58 
KB911193.1_81 
KB911193.1_4 
KB911197.1_4 
KB911182.1_52 
KB911200.1_2 
KB911178.1_2 
KB911221.1_2 
KB911221.1_23 
KB911193.1_84 
KB911220.1_50 
KB911221.1_13 
KB911204.1_41 
KB911221.1_7 
KB911171.1_53 
KB911185.1_1 
KB911222.1_12 
KB911171.1_75 
KB911193.1_6 
KB911195.1_2 
KB911215.1_26 
KB911218.1_1 
KB911182.1_28 
KB911193.1_92 
KB911220.1_21 
KB911170.1_82 
KB911193.1_11 
KB911221.1_4 
KB911190.1_2 
KB911198.1_3 
KB911171.1_93 
KB911204.1_46 
KB911221.1_24 
KB911173.1_10 
KB911182.1_35 
KB911222.1_17 
KB911171.1_99 
KB911170.1_20 
KB911204.1_38 
KB911170.1_37 
KB911170.1_50 
KB911170.1_67 
KB911220.1_41 
KB911220.1_52 
KB911221.1_8 
KB911170.1_6 
KB911190.1_6 
KB911179.1_2 
KB911215.1_39 
KB911170.1_22 
KB911221.1_22 
KB911170.1_126 
KB911170.1_138 
KB911180.1_1 
KB911180.1_5 
KB911171.1_19 
KB911175.1_3 
KB911184.1_5 
KB911188.1_2 
KB911171.1_92 
KB911175.1_1 
KB911196.1_3 
KB911221.1_19 
KB911171.1_94 
KB911174.1_5 
KB911197.1_7 
KB911176.1_11 
KB911190.1_8 
KB911193.1_20 
KB911204.1_51 
KB911170.1_5 
KB911193.1_10 
KB911197.1_2 
KB911172.1_8 
KB911182.1_62 
KB911190.1_7 
KB911174.1_9 
KB911175.1_10 
KB911204.1_16 
KB911221.1_26 
KB911201.1_1 
KB911190.1_1 
KB911177.1_2 
KB911221.1_6 
KB911221.1_3 
KB911197.1_6 
KB911221.1_16 
KB911221.1_17 
KB911222.1_11 
KB911197.1_5 
KB911171.1_98 
KB911222.1_19 
KB911182.1_1 
KB911184.1_3 
KB911221.1_18 
KB911181.1_3 
KB911221.1_25 
KB911190.1_5 
KB911222.1_28 
KB911170.1_133 
KB911177.1_1 
KB911190.1_3 
KB911197.1_3 
KB911213.1_2 
KB911171.1_20 
KB911204.1_45 
KB911170.1_92 
KB911173.1_13 
KB911186.1_1 
KB911204.1_56 
KB911221.1_20 
KB911221.1_1 
KB911185.1_4 
KB911171.1_102 
