HF541022.1_9 HF541555.1_6 HF541055.1_11 HF540592.1_14 HF541273.1_26 HF541052.1_13 HF540990.1_5 HF540990.1_10 HF541198.1_4 HF540592.1_20 HF540888.1_19 HF540540.1_6 HF541022.1_8 HF540548.1_2 HF541769.1_1 HF540574.1_2 HF541837.1_9 HF541022.1_7 HF540548.1_1 HF540881.1_7 HF541198.1_6 HF540702.1_47 HF541396.1_6 HF541022.1_11 HF541400.1_23 HF541052.1_15 HF541052.1_11 HF541346.1_1 HF541841.1_17 HF540839.1_1 HF541396.1_33 HF541851.1_16 HF540602.1_1 HF541841.1_11 HF541786.1_8 HF540541.1_13 HF541334.1_1 HF541013.1_1 HF540979.1_2 
HF541227.1_5 HF541815.1_2 HF541841.1_15 HF540627.1_1 HF540702.1_13 HF540934.1_12 HF541354.1_27 HF541052.1_8 HF541846.1_11 HF541429.1_13 HF540930.1_4 HF540592.1_38 HF541350.1_2 HF540881.1_3 HF540602.1_2 HF541323.1_2 HF541346.1_4 HF541815.1_5 HF541556.1_2 HF540627.1_4 HF540702.1_6 HF540700.1_5 HF540973.1_18 HF541846.1_26 HF541350.1_10 HF541770.1_2 HF541222.1_1 
HF540626.1_2 HF540778.1_5 HF540950.1_9 HF540794.1_5 HF540794.1_6 HF541840.1_28 HF541610.1_21 HF540726.1_18 HF541821.1_2 HF541396.1_29 HF541851.1_12 HF540571.1_4 HF541400.1_10 HF541467.1_5 HF541837.1_12 HF541596.1_11 HF540678.1_4 HF541851.1_9 HF541016.1_6 HF541596.1_17 HF541857.1_9 HF541100.1_5 HF541859.1_4 HF540935.1_15 HF540935.1_11 HF541012.1_4 HF541556.1_10 
HF541198.1_26 HF541354.1_28 HF540602.1_3 HF541429.1_12 HF541841.1_16 HF541815.1_1 HF541350.1_1 HF541350.1_7 HF540881.1_2 HF541770.1_1 HF541846.1_27 HF541846.1_13 HF540627.1_3 HF540627.1_2 HF541384.1_2 HF541350.1_8 HF541846.1_14 HF541044.1_1 HF541677.1_1 HF541227.1_7 HF541260.1_1 
HF540528.1_2 HF540639.1_1 HF540820.1_1 HF541373.1_1 HF541274.1_12 HF540959.1_1 HF541374.1_1 HF540915.1_4 HF541169.1_2 HF541169.1_1 HF541587.1_2 HF541217.1_2 HF540607.1_2 HF541587.1_1 HF540528.1_1 HF540940.1_1 HF541123.1_2 HF541116.1_1 
HF541662.1_2 HF541182.1_1 HF540809.1_2 HF541662.1_1 HF541237.1_3 HF541193.1_5 HF541265.1_2 HF541847.1_3 HF541265.1_1 HF541237.1_1 HF541349.1_7 HF541265.1_4 HF541164.1_1 HF540527.1_2 HF541438.1_1 HF540527.1_1 HF541650.1_1 
HF541205.1_9 HF541400.1_22 HF540934.1_7 HF541473.1_1 HF541346.1_3 HF541396.1_7 HF540823.1_9 HF540770.1_4 HF541050.1_10 HF541721.1_9 HF541841.1_18 HF540807.1_4 HF540723.1_1 HF540881.1_14 
HF541113.1_9 HF540538.1_1 HF541668.1_1 HF540770.1_11 HF541858.1_5 HF541823.1_3 HF541856.1_10 HF541118.1_2 HF541113.1_8 HF540799.1_1 HF540485.1_1 HF541621.1_1 HF541627.1_1 HF541583.1_1 
HF541559.1_2 HF541310.1_2 HF540903.1_1 HF540925.1_1 HF541663.1_1 HF540598.1_1 HF541131.1_1 HF541414.1_1 HF540817.1_1 HF540823.1_10 HF541749.1_1 HF541780.1_1 HF540722.1_1 HF540663.1_6 
HF540542.1_4 HF541205.1_8 HF540881.1_13 HF541769.1_6 HF540770.1_5 HF540538.1_4 HF540592.1_15 HF541643.1_21 HF541515.1_2 HF540823.1_6 HF541840.1_2 HF540541.1_14 HF540504.1_1 
HF541282.1_4 HF541087.1_26 HF540618.1_3 HF541198.1_1 HF541396.1_24 HF540592.1_21 HF540702.1_11 HF540531.1_2 HF540702.1_71 HF541073.1_9 HF540789.1_2 HF541077.1_2 
HF541610.1_5 HF541299.1_17 HF540701.1_2 HF541055.1_7 HF541858.1_4 HF541113.1_10 HF541331.1_13 HF541052.1_10 HF541643.1_22 HF541172.1_1 HF541388.1_1 
HF541068.1_2 HF541822.1_10 HF541858.1_1 HF541822.1_9 HF540703.1_2 HF541325.1_1 HF540703.1_3 HF541178.1_1 HF541826.1_2 
HF540930.1_6 HF541597.1_4 HF541825.1_18 HF541396.1_16 HF540702.1_9 HF540540.1_5 HF541294.1_5 HF541236.1_1 
HF541118.1_4 HF541272.1_10 HF540545.1_6 HF540702.1_8 HF540774.1_8 HF540930.1_5 HF541825.1_19 HF541396.1_15 
HF540881.1_5 HF541848.1_20 HF540881.1_8 HF540542.1_3 HF541783.1_5 HF541350.1_6 HF540543.1_1 HF541671.1_1 
HF541273.1_41 HF541835.1_7 HF541841.1_4 HF541165.1_2 HF540496.1_3 HF540692.1_7 HF541016.1_18 HF541140.1_16 
HF541299.1_3 HF540930.1_2 HF540702.1_61 HF541294.1_3 HF541018.1_7 HF540907.1_1 HF541590.1_5 
HF541823.1_4 HF540955.1_3 HF541558.1_2 HF540909.1_1 HF541671.1_4 HF541232.1_3 
HF541783.1_3 HF541054.1_9 HF541400.1_6 HF540986.1_5 HF541708.1_1 HF541863.1_25 
HF541354.1_3 HF541141.1_3 HF541396.1_14 HF541331.1_18 HF541181.1_1 
HF541012.1_2 HF541859.1_2 HF541826.1_22 HF541826.1_21 HF541832.1_4 
HF541277.1_24 HF541261.1_2 HF541328.1_48 HF541736.1_17 HF540818.1_1 
HF541218.1_8 HF540544.1_1 HF540950.1_11 HF540986.1_11 HF540663.1_4 
HF540650.1_2 HF541125.1_4 HF541844.1_11 HF541404.1_2 HF540839.1_4 
HF541414.1_2 HF541828.1_6 HF540887.1_3 HF540794.1_13 HF541272.1_14 
HF541598.1_1 HF541274.1_4 HF541274.1_8 HF540637.1_2 HF541341.1_1 
HF540821.1_1 HF541642.1_1 HF540833.1_1 HF540607.1_3 HF540514.1_1 
HF541352.1_1 HF541822.1_13 HF541352.1_2 HF541792.1_1 HF541822.1_2 
HF541830.1_3 HF540649.1_2 HF540626.1_11 HF541830.1_4 HF540626.1_12 
HF541473.1_8 HF541854.1_21 HF541321.1_2 HF541597.1_7 
HF541610.1_3 HF540739.1_2 HF541198.1_20 HF541275.1_9 
HF540702.1_58 HF540548.1_9 HF540878.1_12 HF541556.1_12 
HF540496.1_5 HF541415.1_1 HF541670.1_1 HF540524.1_1 
HF540624.1_2 HF540592.1_34 HF541052.1_6 HF541037.1_1 
HF540823.1_1 HF541664.1_2 HF540881.1_1 HF540946.1_1 
HF541828.1_2 HF540749.1_6 HF541050.1_35 HF541353.1_6 
HF540986.1_6 HF540593.1_8 HF541582.1_1 HF541032.1_1 
HF540822.1_1 HF540956.1_1 HF541856.1_1 HF540561.1_1 
HF540934.1_9 HF541826.1_9 HF541665.1_5 HF540702.1_65 
HF541842.1_20 HF540602.1_8 HF540702.1_38 HF541673.1_13 
HF540670.1_1 HF540700.1_10 HF541846.1_25 HF541637.1_4 
HF540592.1_29 HF541498.1_1 HF541537.1_2 HF540973.1_28 
HF540644.1_1 HF541608.1_3 HF541130.1_1 HF540566.1_6 
HF540926.1_13 HF541275.1_11 HF541208.1_1 HF540862.1_2 
HF540524.1_6 HF541562.1_5 HF541141.1_1 
HF541198.1_22 HF541070.1_3 HF540540.1_12 
HF541022.1_5 HF540483.1_1 HF541325.1_9 
HF540547.1_12 HF541244.1_5 HF540687.1_1 
HF541400.1_24 HF541673.1_14 HF541856.1_7 
HF541815.1_3 HF541840.1_4 HF541354.1_20 
HF541671.1_5 HF541823.1_5 HF540955.1_4 
HF541198.1_11 HF541328.1_8 HF540987.1_10 
HF541022.1_2 HF540842.1_4 HF541429.1_11 
HF541087.1_16 HF540547.1_17 HF540769.1_3 
HF541167.1_4 HF541446.1_1 HF541320.1_15 
HF541736.1_29 HF541855.1_5 HF540888.1_14 
HF541851.1_10 HF541071.1_13 HF540969.1_1 
HF541854.1_6 HF541396.1_31 HF541851.1_14 
HF541140.1_12 HF541738.1_2 HF541558.1_14 
HF541337.1_2 HF540878.1_7 HF540738.1_8 
HF541054.1_4 HF541492.1_3 HF541328.1_37 
HF541273.1_30 HF541273.1_31 HF541294.1_2 
HF541462.1_7 HF541049.1_3 HF541855.1_4 
HF541052.1_16 HF541608.1_4 HF541559.1_1 
HF541018.1_5 HF541241.1_13 HF541328.1_44 
HF541667.1_15 HF540548.1_4 HF540635.1_4 
HF541337.1_3 HF541597.1_3 HF540775.1_2 
HF541241.1_7 HF541502.1_1 HF541273.1_1 
HF541012.1_11 HF541839.1_7 HF540878.1_21 
HF541825.1_15 HF541165.1_12 HF541017.1_1 
HF541837.1_7 HF541096.1_2 HF541766.1_3 
HF540650.1_4 HF540909.1_2 HF541293.1_1 
HF541274.1_3 HF540702.1_20 HF540770.1_10 
HF540952.1_3 HF541516.1_3 HF541054.1_16 
HF541299.1_13 HF541304.1_9 HF541574.1_5 
HF541012.1_9 HF541839.1_5 HF541840.1_27 
HF540888.1_20 HF540702.1_12 HF541610.1_23 
HF541509.1_3 HF540702.1_62 HF540990.1_4 
HF541274.1_2 HF541114.1_3 HF541631.1_1 
HF540468.1_6 HF541320.1_30 HF541525.1_1 
HF541065.1_1 HF541695.1_1 HF541478.1_1 
HF541087.1_23 HF541054.1_8 HF540913.1_5 
HF541473.1_6 HF540776.1_3 HF541192.1_3 
HF541513.1_3 HF541103.1_1 HF541192.1_25 
HF541260.1_2 HF541462.1_11 HF541146.1_2 
HF541371.1_1 HF541116.1_2 HF541324.1_1 
HF541854.1_17 HF540973.1_15 HF540973.1_32 
HF540949.1_5 HF541050.1_3 HF541331.1_11 
HF540592.1_11 HF541487.1_1 HF541201.1_1 
HF541054.1_1 HF541492.1_6 HF541620.1_1 
HF541255.1_3 HF540663.1_5 HF540489.1_1 
HF541411.1_1 HF540756.1_1 HF541300.1_1 
HF541846.1_7 HF541652.1_1 HF540677.1_1 
HF540915.1_2 HF541730.1_4 HF540607.1_1 
HF541328.1_4 HF540602.1_7 HF541668.1_8 
HF540779.1_1 HF540636.1_1 HF541649.1_1 
HF540947.1_1 HF540944.1_1 HF541860.1_10 
HF541011.1_1 HF540878.1_1 HF540804.1_1 
HF540882.1_2 HF541328.1_30 HF541188.1_2 
HF541354.1_30 HF541399.1_1 HF541613.1_1 
HF541506.1_7 HF541552.1_1 HF541274.1_1 
HF541265.1_3 HF541617.1_1 HF540862.1_1 
HF540726.1_50 HF541121.1_1 HF541278.1_7 
HF540973.1_16 HF540973.1_31 
HF540702.1_16 HF541113.1_1 
HF541073.1_10 HF541608.1_5 
HF540592.1_13 HF541124.1_3 
HF541462.1_5 HF540542.1_5 
HF541328.1_29 HF541462.1_2 
HF540955.1_1 HF541610.1_1 
HF540823.1_2 HF541631.1_3 
HF541815.1_7 HF541675.1_1 
HF541855.1_16 HF541070.1_1 
HF540547.1_11 HF541244.1_4 
HF541473.1_4 HF541331.1_12 
HF541467.1_6 HF541556.1_11 
HF541837.1_3 HF540566.1_2 
HF541241.1_4 HF541473.1_7 
HF541304.1_11 HF541574.1_7 
HF541218.1_6 HF540482.1_3 
HF541320.1_4 HF540702.1_59 
HF541225.1_5 HF541076.1_1 
HF540497.1_1 HF541275.1_7 
HF540700.1_4 HF540627.1_5 
HF541320.1_12 HF540878.1_29 
HF541212.1_1 HF541828.1_23 
HF540702.1_7 HF541299.1_7 
HF540702.1_31 HF541289.1_3 
HF541643.1_17 HF541050.1_39 
HF540973.1_17 HF540973.1_30 
HF541827.1_14 HF541051.1_3 
HF541140.1_14 HF540987.1_7 
HF541856.1_2 HF541738.1_4 
HF540592.1_33 HF541513.1_2 
HF541837.1_14 HF541340.1_1 
HF541264.1_2 HF541192.1_15 
HF540926.1_24 HF541828.1_5 
HF541863.1_29 HF541277.1_13 
HF540823.1_5 HF541157.1_1 
HF540484.1_3 HF541087.1_12 
HF540678.1_7 HF541443.1_1 
HF541736.1_16 HF541192.1_4 
HF540995.1_2 HF540987.1_18 
HF541054.1_5 HF541492.1_2 
HF541006.1_2 HF541320.1_43 
HF541860.1_12 HF540653.1_4 
HF541429.1_2 HF540770.1_9 
HF540973.1_10 HF540973.1_37 
HF541012.1_6 HF541839.1_2 
HF540699.1_2 HF540592.1_37 
HF541837.1_5 HF540592.1_16 
HF541157.1_2 HF541021.1_1 
HF541842.1_23 HF540621.1_3 
HF541739.1_4 HF541462.1_1 
HF541739.1_2 HF541860.1_17 
HF541597.1_8 HF541668.1_6 
HF541241.1_20 HF540702.1_24 
HF540770.1_2 HF540502.1_1 
HF540794.1_15 HF540917.1_1 
HF540878.1_26 HF541277.1_10 
HF541277.1_16 HF540599.1_1 
HF541283.1_21 HF541848.1_9 
HF540952.1_4 HF541083.1_1 
HF541722.1_14 HF540935.1_3 
HF540544.1_3 HF540544.1_2 
HF540973.1_11 HF540973.1_36 
HF541050.1_40 HF541643.1_18 
HF541736.1_30 HF541203.1_1 
HF541041.1_3 HF541783.1_7 
HF541842.1_3 HF541840.1_12 
HF540557.1_8 HF540986.1_1 
HF541840.1_29 HF541216.1_3 
HF541012.1_8 HF541839.1_4 
HF540794.1_9 HF540794.1_11 
HF540544.1_4 HF541320.1_26 
HF540753.1_8 HF540487.1_2 
HF541400.1_9 HF541400.1_7 
HF541050.1_21 HF540478.1_3 
HF541696.1_4 HF541320.1_36 
HF540566.1_5 HF540949.1_3 
HF541320.1_17 HF541844.1_13 
HF540702.1_74 HF540726.1_14 
HF541842.1_8 HF540652.1_2 
HF541859.1_1 HF541012.1_1 
HF540625.1_1 HF541165.1_14 
HF540542.1_7 HF541071.1_8 
HF540545.1_7 HF540545.1_8 
HF541012.1_3 HF541859.1_3 
HF541022.1_4 HF541041.1_2 
HF541839.1_8 HF541059.1_1 
HF540663.1_2 HF541096.1_1 
HF541277.1_11 HF541555.1_11 
HF541074.1_1 HF541669.1_1 
HF540952.1_2 HF541643.1_4 
HF541349.1_2 HF541278.1_8 
HF540723.1_2 HF541071.1_11 
HF541842.1_15 HF540556.1_2 
HF541736.1_2 HF541828.1_22 
HF541825.1_16 HF540496.1_2 
HF540724.1_39 HF540506.1_1 
HF540973.1_25 HF540986.1_10 
HF540649.1_1 HF541755.1_1 
HF540468.1_5 HF541052.1_2 
HF541835.1_6 HF541841.1_3 
HF540726.1_15 HF541296.1_1 
HF541643.1_15 HF541736.1_1 
HF541328.1_33 HF541052.1_5 
HF541667.1_2 HF541277.1_23 
HF540602.1_11 HF540567.1_1 
HF541429.1_16 HF540478.1_11 
HF541854.1_7 HF540557.1_9 
HF541022.1_6 HF541273.1_13 
HF540621.1_6 HF541724.1_4 
HF540724.1_12 HF540724.1_5 
HF540726.1_48 HF541104.1_1 
HF540934.1_14 HF541558.1_1 
HF541054.1_2 HF541492.1_5 
HF541304.1_5 HF541539.1_5 
HF541435.1_3 HF541027.1_9 
HF541842.1_9 HF541840.1_30 
HF541854.1_4 HF540987.1_9 
HF541673.1_5 HF541320.1_42 
HF540481.1_3 HF540934.1_1 
HF541054.1_3 HF541492.1_4 
HF541331.1_16 HF541052.1_17 
HF541055.1_4 HF541320.1_41 
HF541172.1_3 HF540592.1_25 
HF541272.1_3 HF541840.1_3 
HF541272.1_4 HF541515.1_1 
HF540529.1_6 HF540753.1_6 
HF540926.1_10 HF541863.1_24 
HF541050.1_17 HF540715.1_11 
HF541054.1_10 HF541139.1_1 
HF540943.1_2 HF540482.1_2 
HF541087.1_7 HF541241.1_18 
HF541172.1_2 HF541679.1_1 
HF541718.1_3 HF540739.1_1 
HF540702.1_69 HF540547.1_9 
HF541831.1_3 HF541231.1_3 
HF540953.1_6 HF541026.1_5 
HF541134.1_2 HF540657.1_3 
HF541596.1_5 HF541827.1_21 
HF541826.1_11 HF541574.1_4 
HF540566.1_3 HF540888.1_12 
HF540986.1_2 HF541506.1_5 
HF541497.1_2 HF541205.1_7 
HF540640.1_2 HF540680.1_1 
HF540672.1_1 HF540592.1_28 
HF541856.1_4 HF541825.1_2 
HF540731.1_5 HF541722.1_8 
HF541721.1_8 HF540484.1_5 
HF540887.1_4 HF541071.1_1 
HF541582.1_2 HF541032.1_2 
HF540973.1_6 HF540910.1_1 
HF541231.1_2 HF541831.1_4 
HF541539.1_4 HF541219.1_1 
HF541828.1_21 HF540860.1_2 
HF541058.1_4 HF541610.1_18 
HF540715.1_13 HF541828.1_7 
HF541016.1_15 HF541122.1_1 
HF541118.1_5 HF540885.1_6 
HF541283.1_23 HF540944.1_3 
HF540963.1_1 HF541051.1_2 
HF541696.1_1 HF540583.1_1 
HF541538.1_7 HF541635.1_1 
HF540973.1_38 HF540973.1_9 
HF541736.1_15 HF541825.1_4 
HF540648.1_1 HF541538.1_6 
HF541844.1_8 HF541844.1_10 
HF540626.1_6 HF541830.1_9 
HF541473.1_5 HF541586.1_2 
HF541835.1_8 HF541841.1_5 
HF541673.1_8 HF540603.1_1 
HF541304.1_10 HF541574.1_6 
HF541665.1_3 HF541398.1_14 
HF541852.1_5 HF540878.1_8 
HF540934.1_6 HF540602.1_4 
HF540724.1_32 HF540777.1_1 
HF541783.1_6 HF541842.1_11 
HF541140.1_2 HF541557.1_7 
HF541320.1_24 HF541729.1_1 
HF541857.1_10 HF541447.1_8 
HF541558.1_11 HF541055.1_14 
HF540566.1_10 HF541088.1_1 
HF541320.1_3 HF541113.1_4 
HF541332.1_2 HF541610.1_11 
HF540990.1_9 HF541328.1_1 
HF540715.1_15 HF541277.1_26 
HF541736.1_4 HF541370.1_16 
HF540621.1_5 HF541724.1_3 
HF541349.1_4 HF540726.1_43 
HF540626.1_7 HF541830.1_8 
HF541863.1_6 HF541328.1_32 
HF541863.1_18 HF541223.1_2 
HF540935.1_12 HF540692.1_9 
HF541295.1_1 HF540750.1_1 
HF541852.1_9 HF541737.1_1 
HF541679.1_10 HF541241.1_15 
HF541467.1_4 HF541556.1_9 
HF541022.1_10 HF541077.1_1 
HF540606.1_1 HF541860.1_8 
HF541140.1_11 HF540557.1_3 
HF541398.1_11 HF541396.1_21 
HF540547.1_7 HF540662.1_4 
HF541844.1_5 HF541070.1_7 
HF540502.1_2 HF540907.1_2 
HF541050.1_27 HF541050.1_28 
HF541396.1_32 HF541851.1_15 
HF540702.1_30 HF540926.1_5 
HF540592.1_32 HF540651.1_1 
HF540952.1_11 HF540952.1_8 
HF541040.1_1 HF541603.1_3 
HF541825.1_13 HF541277.1_3 
HF541863.1_26 HF540478.1_9 
HF540973.1_20 HF541824.1_10 
HF541828.1_17 HF540542.1_19 
HF540529.1_5 HF540753.1_5 
HF540678.1_6 HF541689.1_1 
HF540937.1_1 HF541400.1_25 
HF541087.1_29 HF541050.1_34 
HF541328.1_45 HF540987.1_1 
HF541397.1_1 HF540778.1_7 
HF540649.1_3 HF540796.1_1 
HF541722.1_12 HF541328.1_51 
HF541289.1_4 HF541071.1_5 
HF541501.1_1 HF541817.1_1 
HF541012.1_7 HF541839.1_3 
HF540702.1_19 HF541348.1_4 
HF540484.1_4 HF540726.1_26 
HF540753.1_1 HF540529.1_1 
HF541288.1_3 HF541134.1_4 
HF541012.1_10 HF541839.1_6 
HF541279.1_1 HF541336.1_1 
HF540731.1_4 HF541848.1_3 
HF541558.1_6 HF541824.1_3 
HF540724.1_37 HF540541.1_4 
HF541076.1_4 HF540990.1_7 
HF541667.1_11 HF541596.1_19 
HF541026.1_6 HF541105.1_1 
HF541073.1_6 HF541474.1_3 
HF541643.1_19 HF541064.1_1 
HF540524.1_3 HF541808.1_2 
HF540478.1_7 HF541610.1_20 
HF541539.1_2 HF541140.1_10 
HF541830.1_10 HF541495.1_1 
HF540731.1_3 HF541615.1_1 
HF540724.1_38 HF541556.1_4 
HF540957.1_1 HF541375.1_1 
HF540574.1_10 HF541216.1_1 
HF540574.1_6 HF541320.1_34 
HF540621.1_2 HF541842.1_22 
HF540621.1_4 HF541724.1_2 
HF540749.1_7 HF541328.1_47 
HF540692.1_10 HF540571.1_3 
HF541047.1_1 HF540500.1_1 
HF541812.1_4 HF541841.1_8 
HF541852.1_11 HF541375.1_8 
HF540973.1_12 HF540973.1_35 
HF541289.1_9 HF540583.1_7 
HF540608.1_1 HF541736.1_14 
HF541557.1_6 HF540601.1_1 
HF540545.1_5 HF541588.1_1 
HF541506.1_2 HF541328.1_36 
HF541398.1_5 HF540675.1_1 
HF541259.1_1 HF541056.1_1 
HF540973.1_14 HF540973.1_33 
HF540973.1_13 HF540973.1_34 
HF541557.1_9 HF540637.1_1 
HF541846.1_19 HF541073.1_7 
HF541111.1_1 HF541827.1_16 
HF541283.1_18 HF540987.1_3 
HF541159.1_1 HF541416.1_1 
HF540626.1_8 HF541830.1_7 
HF540767.1_6 HF540534.1_2 
HF540943.1_3 HF540482.1_1 
HF541838.1_4 HF540767.1_2 
HF541396.1_30 HF541851.1_13 
HF541812.1_3 HF541841.1_7 
HF541706.1_1 HF541118.1_1 
HF540664.1_1 HF541533.1_1 
HF541345.1_2 HF541835.1_9 
HF541574.1_8 HF541304.1_12 
HF540751.1_1 HF540704.1_1 
HF541863.1_17 HF541223.1_3 
HF541673.1_2 HF541418.1_2 
HF541730.1_5 HF540811.1_2 
HF541123.1_1 HF541014.1_3 
HF540915.1_1 HF540519.1_1 
HF540501.1_3 HF541231.1_1 
HF540767.1_5 HF541838.1_1 
HF541851.1_17 HF541396.1_34 
HF540528.1_3 HF540626.1_5 
HF541328.1_5 HF541682.1_1 
HF541345.1_3 HF541812.1_1 
HF541638.1_2 HF541828.1_20 
HF540626.1_10 HF541830.1_5 
HF541275.1_6 HF540724.1_2 
HF540529.1_3 HF540753.1_3 
HF540767.1_4 HF541838.1_2 
HF540529.1_2 HF540753.1_2 
HF541469.1_2 HF541711.1_3 
HF540499.1_2 HF541274.1_13 
HF540943.1_4 HF541689.1_2 
HF541395.1_1 HF541469.1_5 
HF540767.1_3 HF541838.1_3 
HF541169.1_6 HF541377.1_4 
HF540484.1_1 HF540592.1_1 
HF541835.1_5 HF541841.1_2 
HF541169.1_4 HF541377.1_2 
HF541169.1_5 HF541377.1_3 
HF540626.1_9 HF541830.1_6 
HF540499.1_1 HF540567.1_3 
HF540529.1_4 HF540753.1_4 
HF541812.1_2 HF541841.1_6 
HF541841.1_1 HF541835.1_4 
HF540487.1_1 HF540753.1_9 
HF541278.1_5 HF541349.1_6 
HF541597.1_12 HF541711.1_5 
HF541826.1_1 
HF541670.1_6 
HF540726.1_19 
HF541596.1_21 
HF541105.1_12 
HF541831.1_2 
HF540715.1_23 
HF541823.1_1 
HF541320.1_20 
HF541076.1_2 
HF541232.1_2 
HF541165.1_9 
HF541822.1_3 
HF541087.1_6 
HF541087.1_4 
HF541828.1_14 
HF541858.1_6 
HF540726.1_40 
HF540726.1_17 
HF540592.1_35 
HF540986.1_7 
HF540547.1_15 
HF541289.1_8 
HF541547.1_1 
HF540592.1_22 
HF541139.1_5 
HF541473.1_14 
HF540935.1_5 
HF541789.1_5 
HF541855.1_28 
HF540592.1_36 
HF541846.1_20 
HF540930.1_7 
HF541671.1_2 
HF541208.1_3 
HF541273.1_35 
HF541173.1_1 
HF540936.1_3 
HF541790.1_4 
HF540622.1_1 
HF540542.1_9 
HF541320.1_10 
HF541097.1_1 
HF541721.1_3 
HF540934.1_4 
HF541736.1_24 
HF540724.1_28 
HF541596.1_20 
HF540885.1_4 
HF540574.1_3 
HF541354.1_12 
HF541346.1_6 
HF541556.1_6 
HF540930.1_3 
HF541218.1_13 
HF541842.1_1 
HF540593.1_2 
HF540823.1_3 
HF541668.1_13 
HF541087.1_3 
HF540887.1_7 
HF540887.1_13 
HF540544.1_6 
HF541400.1_20 
HF541167.1_5 
HF541789.1_1 
HF541278.1_1 
HF540557.1_5 
HF541087.1_8 
HF541736.1_28 
HF540886.1_9 
HF541328.1_15 
HF541825.1_17 
HF541050.1_20 
HF540934.1_11 
HF541273.1_15 
HF541328.1_25 
HF541052.1_7 
HF540986.1_4 
HF541609.1_1 
HF541524.1_2 
HF541050.1_29 
HF541609.1_2 
HF541208.1_2 
HF541349.1_5 
HF541328.1_6 
HF541828.1_18 
HF541716.1_1 
HF540887.1_8 
HF541668.1_11 
HF541282.1_9 
HF541671.1_6 
HF540973.1_29 
HF541396.1_10 
HF541273.1_25 
HF541050.1_33 
HF541854.1_2 
HF540510.1_1 
HF540702.1_14 
HF541090.1_4 
HF540878.1_25 
HF541372.1_1 
HF541227.1_6 
HF541815.1_4 
HF541673.1_4 
HF541050.1_16 
HF541854.1_11 
HF541657.1_2 
HF541822.1_5 
HF540715.1_7 
HF541052.1_4 
HF540827.1_1 
HF540656.1_1 
HF541538.1_2 
HF541844.1_15 
HF540724.1_40 
HF541283.1_2 
HF541863.1_19 
HF540468.1_1 
HF541087.1_9 
HF541350.1_5 
HF541643.1_20 
HF541273.1_33 
HF540973.1_19 
HF540700.1_3 
HF541815.1_6 
HF541848.1_7 
HF540692.1_14 
HF541277.1_6 
HF541643.1_11 
HF540592.1_39 
HF541331.1_5 
HF540926.1_28 
HF541597.1_9 
HF540973.1_5 
HF540682.1_1 
HF541844.1_7 
HF540702.1_17 
HF541050.1_15 
HF540970.1_1 
HF541199.1_1 
HF541711.1_1 
HF541550.1_3 
HF541205.1_5 
HF541857.1_1 
HF541860.1_5 
HF540699.1_5 
HF541323.1_7 
HF541840.1_26 
HF540990.1_14 
HF541562.1_2 
HF540702.1_54 
HF540557.1_2 
HF540935.1_7 
HF541105.1_5 
HF541165.1_7 
HF541277.1_19 
HF540702.1_1 
HF541261.1_6 
HF541789.1_14 
HF541167.1_2 
HF541474.1_1 
HF540774.1_1 
HF541348.1_3 
HF541562.1_4 
HF541786.1_4 
HF540702.1_34 
HF540726.1_8 
HF541192.1_17 
HF541556.1_8 
HF541016.1_1 
HF540935.1_19 
HF540886.1_8 
HF540987.1_17 
HF540926.1_11 
HF541354.1_6 
HF540724.1_29 
HF541050.1_13 
HF540522.1_1 
HF541769.1_2 
HF541825.1_3 
HF541328.1_35 
HF540878.1_15 
HF541050.1_19 
HF541272.1_15 
HF541823.1_2 
HF540545.1_4 
HF541673.1_10 
HF541673.1_15 
HF541611.1_9 
HF540702.1_5 
HF541596.1_15 
HF540724.1_31 
HF541846.1_2 
HF540930.1_15 
HF541332.1_4 
HF540794.1_7 
HF540724.1_26 
HF541615.1_3 
HF541722.1_6 
HF540794.1_10 
HF540592.1_19 
HF541553.1_2 
HF541467.1_10 
HF540468.1_8 
HF540885.1_3 
HF541198.1_19 
HF540724.1_4 
HF541166.1_3 
HF540772.1_10 
HF540878.1_19 
HF541860.1_7 
HF540623.1_3 
HF540881.1_6 
HF540526.1_3 
HF541328.1_14 
HF541835.1_2 
HF541329.1_2 
HF541846.1_23 
HF540592.1_6 
HF540934.1_17 
HF541166.1_2 
HF541854.1_28 
HF540481.1_4 
HF540715.1_8 
HF540926.1_33 
HF541844.1_2 
HF541275.1_8 
HF540702.1_41 
HF540715.1_10 
HF541139.1_4 
HF541398.1_6 
HF540913.1_3 
HF541292.1_2 
HF541320.1_22 
HF541721.1_2 
HF541730.1_3 
HF540531.1_1 
HF540767.1_7 
HF541736.1_25 
HF540798.1_1 
HF540917.1_2 
HF541556.1_3 
HF541391.1_7 
HF541722.1_11 
HF541282.1_3 
HF540548.1_3 
HF540702.1_28 
HF540738.1_7 
HF541826.1_6 
HF541826.1_15 
HF541842.1_7 
HF540935.1_9 
HF541052.1_9 
HF540775.1_3 
HF541243.1_1 
HF541828.1_3 
HF541277.1_29 
HF541846.1_5 
HF540767.1_1 
HF541140.1_15 
HF541055.1_6 
HF541139.1_8 
HF541125.1_1 
HF541842.1_4 
HF540970.1_3 
HF540986.1_8 
HF541852.1_13 
HF540592.1_2 
HF541736.1_7 
HF541668.1_10 
HF541856.1_6 
HF541750.1_1 
HF541769.1_5 
HF541854.1_14 
HF541273.1_45 
HF541320.1_19 
HF541396.1_1 
HF541050.1_32 
HF541173.1_2 
HF541391.1_6 
HF541723.1_5 
HF540624.1_4 
HF540945.1_1 
HF541140.1_5 
HF541370.1_5 
HF540990.1_3 
HF540702.1_26 
HF541113.1_6 
HF540484.1_2 
HF540510.1_4 
HF541596.1_9 
HF540934.1_15 
HF541273.1_24 
HF541745.1_1 
HF540770.1_6 
HF541016.1_7 
HF541277.1_32 
HF540772.1_8 
HF541328.1_43 
HF541603.1_2 
HF541857.1_6 
HF540692.1_16 
HF541273.1_44 
HF541558.1_3 
HF540538.1_5 
HF541215.1_4 
HF541254.1_1 
HF540823.1_7 
HF541140.1_4 
HF541320.1_32 
HF541596.1_3 
HF541815.1_8 
HF540729.1_2 
HF540949.1_6 
HF541673.1_3 
HF541139.1_3 
HF541198.1_7 
HF541287.1_1 
HF541863.1_22 
HF540483.1_3 
HF540950.1_7 
HF540548.1_5 
HF540726.1_21 
HF541723.1_4 
HF540715.1_1 
HF541299.1_14 
HF540687.1_2 
HF540592.1_8 
HF541050.1_14 
HF541113.1_11 
HF541227.1_2 
HF541842.1_18 
HF541860.1_2 
HF540566.1_13 
HF540778.1_4 
HF540949.1_12 
HF541165.1_17 
HF541331.1_19 
HF540626.1_3 
HF541667.1_7 
HF541840.1_5 
HF540987.1_11 
HF541076.1_5 
HF541212.1_4 
HF541810.1_1 
HF540602.1_10 
HF541854.1_23 
HF541087.1_30 
HF541673.1_9 
HF541473.1_3 
HF540566.1_12 
HF540653.1_1 
HF540935.1_6 
HF541299.1_16 
HF540724.1_19 
HF541328.1_11 
HF541354.1_15 
HF541828.1_9 
HF540679.1_4 
HF541087.1_17 
HF541404.1_1 
HF541606.1_2 
HF541739.1_5 
HF540724.1_13 
HF541192.1_19 
HF541429.1_14 
HF541087.1_2 
HF541277.1_18 
HF541328.1_41 
HF541375.1_2 
HF541283.1_11 
HF541283.1_24 
HF541429.1_3 
HF541643.1_7 
HF540468.1_2 
HF540702.1_40 
HF540853.1_1 
HF541557.1_1 
HF540887.1_12 
HF541273.1_22 
HF541320.1_38 
HF541724.1_1 
HF541283.1_5 
HF541462.1_3 
HF541299.1_9 
HF541822.1_1 
HF541842.1_16 
HF541289.1_2 
HF540772.1_12 
HF540886.1_6 
HF540988.1_1 
HF540772.1_13 
HF540735.1_1 
HF540880.1_1 
HF541304.1_6 
HF541665.1_19 
HF540592.1_40 
HF540726.1_41 
HF541467.1_7 
HF541721.1_6 
HF541736.1_23 
HF541673.1_7 
HF541738.1_1 
HF540794.1_8 
HF541198.1_23 
HF541198.1_25 
HF541272.1_12 
HF541603.1_5 
HF540724.1_27 
HF541022.1_3 
HF541339.1_1 
HF540468.1_9 
HF540774.1_6 
HF540715.1_14 
HF540922.1_4 
HF541558.1_12 
HF541736.1_10 
HF540950.1_6 
HF540702.1_4 
HF541331.1_3 
HF541273.1_21 
HF541273.1_32 
HF541721.1_4 
HF541484.1_6 
HF541789.1_6 
HF541241.1_9 
HF541840.1_13 
HF541273.1_19 
HF541429.1_18 
HF541857.1_2 
HF540592.1_26 
HF540887.1_1 
HF540930.1_12 
HF540949.1_2 
HF541679.1_7 
HF541736.1_11 
HF540547.1_16 
HF541073.1_12 
HF540487.1_3 
HF540541.1_2 
HF541863.1_12 
HF541052.1_19 
HF541828.1_16 
HF541840.1_11 
HF541172.1_4 
HF541289.1_7 
HF541583.1_2 
HF541736.1_31 
HF540749.1_1 
HF540950.1_8 
HF541208.1_7 
HF541789.1_12 
HF541789.1_13 
HF541560.1_2 
HF541694.1_8 
HF541837.1_1 
HF540935.1_13 
HF541080.1_4 
HF541722.1_15 
HF541760.1_3 
HF540505.1_5 
HF540789.1_1 
HF541736.1_18 
HF540540.1_21 
HF540878.1_17 
HF541225.1_2 
HF541349.1_1 
HF540934.1_13 
HF540986.1_9 
HF541087.1_27 
HF541331.1_17 
HF540683.1_1 
HF541283.1_9 
HF541736.1_20 
HF541840.1_7 
HF540593.1_3 
HF540935.1_2 
HF541283.1_6 
HF541341.1_6 
HF540566.1_11 
HF541839.1_1 
HF540702.1_67 
HF541325.1_5 
HF541338.1_1 
HF541596.1_14 
HF541553.1_1 
HF541829.1_2 
HF541323.1_4 
HF541474.1_4 
HF540602.1_6 
HF540715.1_17 
HF540878.1_28 
HF540886.1_5 
HF540525.1_5 
HF540970.1_2 
HF541716.1_2 
HF540926.1_14 
HF541331.1_8 
HF541447.1_11 
HF541764.1_1 
HF541844.1_16 
HF541328.1_23 
HF541400.1_14 
HF540724.1_22 
HF541050.1_18 
HF541299.1_6 
HF541331.1_10 
HF541506.1_3 
HF541789.1_11 
HF540468.1_14 
HF540540.1_17 
HF540702.1_55 
HF541670.1_7 
HF540648.1_3 
HF541156.1_4 
HF541370.1_8 
HF541590.1_4 
HF541841.1_9 
HF540540.1_4 
HF541390.1_1 
HF541429.1_15 
HF541538.1_1 
HF541696.1_2 
HF540652.1_3 
HF541071.1_12 
HF541665.1_9 
HF541857.1_5 
HF540711.1_1 
HF541198.1_5 
HF541264.1_10 
HF541289.1_5 
HF541087.1_10 
HF541460.1_2 
HF540557.1_7 
HF540939.1_1 
HF541854.1_20 
HF541304.1_8 
HF541736.1_12 
HF541473.1_15 
HF541848.1_18 
HF541550.1_1 
HF540715.1_24 
HF540887.1_11 
HF540888.1_9 
HF541736.1_9 
HF541852.1_10 
HF541272.1_13 
HF541320.1_18 
HF540926.1_22 
HF540950.1_15 
HF541244.1_1 
HF541620.1_3 
HF541087.1_11 
HF541273.1_36 
HF541484.1_2 
HF541844.1_1 
HF541860.1_4 
HF541193.1_3 
HF541304.1_2 
HF541050.1_12 
HF541125.1_3 
HF540592.1_9 
HF540878.1_9 
HF540888.1_2 
HF541052.1_14 
HF541241.1_2 
HF541396.1_9 
HF540649.1_4 
HF541580.1_1 
HF541203.1_3 
HF541673.1_12 
HF541854.1_16 
HF540508.1_1 
HF540935.1_18 
HF541354.1_16 
HF541398.1_13 
HF540729.1_1 
HF540540.1_15 
HF541346.1_7 
HF540656.1_2 
HF540662.1_1 
HF540724.1_34 
HF541054.1_11 
HF541054.1_7 
HF541165.1_4 
HF541299.1_5 
HF541409.1_2 
HF540711.1_2 
HF540769.1_2 
HF541328.1_18 
HF541524.1_1 
HF541547.1_2 
HF541140.1_3 
HF541610.1_24 
HF540635.1_1 
HF540878.1_18 
HF541825.1_11 
HF540952.1_5 
HF541050.1_4 
HF541055.1_2 
HF541273.1_14 
HF541353.1_2 
HF541375.1_4 
HF541760.1_5 
HF541789.1_9 
HF541860.1_13 
HF540540.1_2 
HF540726.1_7 
HF541140.1_9 
HF541192.1_16 
HF540853.1_4 
HF541205.1_6 
HF541328.1_13 
HF541615.1_5 
HF541825.1_9 
HF540926.1_17 
HF541274.1_11 
HF541398.1_18 
HF541608.1_2 
HF541829.1_1 
HF540842.1_1 
HF541370.1_10 
HF541618.1_2 
HF540485.1_3 
HF540987.1_6 
HF540702.1_39 
HF540886.1_3 
HF541167.1_3 
HF541840.1_22 
HF541149.1_8 
HF541208.1_5 
HF540540.1_13 
HF541205.1_11 
HF541217.1_1 
HF541328.1_9 
HF541856.1_9 
HF541283.1_20 
HF541398.1_17 
HF541854.1_5 
HF541273.1_18 
HF541354.1_29 
HF541400.1_18 
HF541790.1_5 
HF541828.1_19 
HF541261.1_5 
HF541316.1_2 
HF541824.1_9 
HF541087.1_21 
HF541124.1_2 
HF541241.1_8 
HF541320.1_31 
HF541597.1_2 
HF541840.1_6 
HF540715.1_2 
HF541192.1_2 
HF541320.1_37 
HF541603.1_4 
HF540547.1_2 
HF541050.1_6 
HF541277.1_28 
HF541331.1_14 
HF541857.1_7 
HF540781.1_2 
HF541218.1_11 
HF540839.1_3 
HF540860.1_3 
HF540945.1_2 
HF541105.1_2 
HF541846.1_3 
HF541853.1_1 
HF540724.1_20 
HF541473.1_19 
HF541484.1_3 
HF541643.1_3 
HF541050.1_37 
HF541225.1_3 
HF541665.1_11 
HF540541.1_5 
HF541375.1_5 
HF541420.1_1 
HF540701.1_1 
HF541597.1_5 
HF541834.1_2 
HF541837.1_13 
HF541848.1_13 
HF541736.1_13 
HF541810.1_3 
HF541837.1_10 
HF541429.1_17 
HF540541.1_3 
HF541087.1_15 
HF541198.1_21 
HF541264.1_11 
HF541547.1_8 
HF541643.1_13 
HF540542.1_1 
HF541165.1_8 
HF540516.1_3 
HF540949.1_15 
HF541863.1_11 
HF540697.1_1 
HF540700.1_7 
HF540878.1_10 
HF541450.1_2 
HF541665.1_1 
HF540478.1_12 
HF540531.1_3 
HF540702.1_35 
HF540540.1_18 
HF540557.1_4 
HF540702.1_70 
HF541316.1_4 
HF541643.1_6 
HF541842.1_5 
HF540783.1_15 
HF541215.1_5 
HF541282.1_6 
HF541673.1_16 
HF541736.1_19 
HF541826.1_10 
HF541837.1_2 
HF540973.1_2 
HF541054.1_13 
HF541321.1_4 
HF541385.1_3 
HF541467.1_8 
HF541857.1_3 
HF541596.1_6 
HF540487.1_5 
HF540725.1_1 
HF541050.1_7 
HF541125.1_6 
HF541272.1_8 
HF541558.1_5 
HF541825.1_14 
HF540886.1_11 
HF541450.1_3 
HF540935.1_16 
HF541273.1_12 
HF541050.1_2 
HF541055.1_8 
HF541354.1_10 
HF541643.1_14 
HF541863.1_20 
HF541219.1_2 
HF540930.1_13 
HF541665.1_6 
HF541673.1_6 
HF540880.1_3 
HF541073.1_8 
HF540926.1_21 
HF540954.1_1 
HF541634.1_2 
HF540480.1_2 
HF540930.1_9 
HF540931.1_1 
HF540936.1_2 
HF541026.1_2 
HF541277.1_15 
HF541400.1_2 
HF540817.1_3 
HF540890.1_1 
HF541052.1_12 
HF541367.1_3 
HF541447.1_7 
HF541447.1_9 
HF541532.1_1 
HF541729.1_2 
HF541783.1_2 
HF541835.1_3 
HF540770.1_3 
HF541192.1_14 
HF541400.1_15 
HF541835.1_1 
HF540879.1_2 
HF541165.1_13 
HF541354.1_4 
HF541826.1_12 
HF540677.1_2 
HF540724.1_15 
HF540937.1_2 
HF541320.1_25 
HF541782.1_1 
HF541833.1_3 
HF541863.1_5 
HF540930.1_11 
HF540882.1_3 
HF540692.1_15 
HF541240.1_2 
HF541283.1_27 
HF541398.1_7 
HF541842.1_12 
HF541499.1_1 
HF541547.1_7 
HF541844.1_14 
HF540646.1_2 
HF540715.1_22 
HF540772.1_11 
HF541087.1_18 
HF541125.1_5 
HF541858.1_3 
HF541026.1_3 
HF541192.1_9 
HF541277.1_17 
HF541396.1_22 
HF541590.1_3 
HF541087.1_25 
HF541192.1_21 
HF541320.1_35 
HF541429.1_4 
HF541667.1_12 
HF540669.1_1 
HF540699.1_3 
HF540930.1_10 
HF541273.1_23 
HF541497.1_3 
HF541665.1_13 
HF541848.1_14 
HF540496.1_1 
HF540885.1_1 
HF541396.1_18 
HF540540.1_20 
HF540542.1_14 
HF541643.1_9 
HF541736.1_3 
HF541822.1_7 
HF540481.1_5 
HF541328.1_7 
HF541331.1_4 
HF541332.1_5 
HF541442.1_4 
HF541744.1_1 
HF541840.1_34 
HF541842.1_6 
HF540566.1_4 
HF540852.1_1 
HF540934.1_5 
HF541205.1_15 
HF541611.1_10 
HF541665.1_15 
HF540692.1_12 
HF540952.1_14 
HF541087.1_1 
HF541320.1_9 
HF541247.1_1 
HF541704.1_1 
HF541718.1_1 
HF540541.1_9 
HF540699.1_4 
HF540992.1_2 
HF541277.1_14 
HF541603.1_1 
HF541837.1_4 
HF540888.1_16 
HF540973.1_7 
HF540992.1_3 
HF541273.1_4 
HF541275.1_2 
HF541398.1_20 
HF541637.1_2 
HF540776.1_1 
HF540950.1_13 
HF540998.1_1 
HF541826.1_5 
HF541827.1_20 
HF541026.1_4 
HF541241.1_1 
HF541241.1_5 
HF541321.1_3 
HF541610.1_9 
HF541665.1_10 
HF540566.1_9 
HF540935.1_8 
HF541299.1_8 
HF541786.1_3 
HF540724.1_10 
HF540962.1_1 
HF540987.1_4 
HF541016.1_14 
HF541810.1_2 
HF541824.1_7 
HF540478.1_2 
HF540592.1_10 
HF541076.1_3 
HF541844.1_3 
HF541845.1_1 
HF540659.1_3 
HF541022.1_12 
HF541080.1_3 
HF541643.1_16 
HF541854.1_9 
HF540952.1_13 
HF541100.1_2 
HF541273.1_20 
HF541323.1_8 
HF541807.1_2 
HF541827.1_23 
HF540541.1_10 
HF540715.1_6 
HF541052.1_18 
HF541176.1_3 
HF541461.1_1 
HF541555.1_3 
HF541643.1_10 
HF540926.1_32 
HF541828.1_10 
HF541337.1_4 
HF541784.1_4 
HF541825.1_10 
HF540468.1_13 
HF541272.1_17 
HF541328.1_26 
HF541450.1_1 
HF541473.1_17 
HF541651.1_1 
HF541840.1_10 
HF540702.1_72 
HF540786.1_6 
HF541277.1_1 
HF541611.1_6 
HF540661.1_1 
HF541610.1_22 
HF540540.1_16 
HF541027.1_10 
HF541096.1_3 
HF541538.1_3 
HF541610.1_4 
HF541648.1_1 
HF541786.1_5 
HF540477.1_2 
HF540694.1_1 
HF541273.1_38 
HF541354.1_19 
HF540539.1_1 
HF540540.1_19 
HF540625.1_4 
HF540926.1_16 
HF541156.1_2 
HF541790.1_2 
HF541837.1_16 
HF540726.1_16 
HF540738.1_2 
HF540935.1_17 
HF541288.1_1 
HF541396.1_19 
HF541547.1_6 
HF541610.1_8 
HF540510.1_2 
HF540730.1_1 
HF541283.1_15 
HF540547.1_14 
HF540726.1_20 
HF541398.1_19 
HF541696.1_3 
HF541750.1_2 
HF541834.1_1 
HF540987.1_14 
HF541299.1_18 
HF541444.1_2 
HF541780.1_2 
HF540702.1_21 
HF540726.1_44 
HF540934.1_2 
HF541058.1_3 
HF541128.1_1 
HF541328.1_2 
HF541356.1_2 
HF541643.1_12 
HF541694.1_6 
HF541721.1_11 
HF541786.1_2 
HF540702.1_57 
HF540934.1_10 
HF541149.1_3 
HF541738.1_3 
HF540542.1_13 
HF540573.1_1 
HF540671.1_1 
HF541473.1_13 
HF541854.1_3 
HF540677.1_4 
HF541050.1_38 
HF541328.1_17 
HF541462.1_14 
HF541113.1_2 
HF541328.1_21 
HF541400.1_17 
HF541637.1_3 
HF541842.1_19 
HF540625.1_3 
HF540724.1_41 
HF540783.1_11 
HF541347.1_2 
HF541555.1_8 
HF541825.1_6 
HF541855.1_26 
HF540525.1_1 
HF540987.1_8 
HF540990.1_6 
HF541055.1_9 
HF541341.1_2 
HF541462.1_4 
HF541643.1_5 
HF540878.1_3 
HF540926.1_23 
HF540990.1_8 
HF541691.1_1 
HF541731.1_5 
HF541821.1_5 
HF540741.1_1 
HF540772.1_7 
HF541055.1_5 
HF541087.1_5 
HF541167.1_6 
HF541507.1_2 
HF541556.1_5 
HF541596.1_4 
HF541610.1_6 
HF541667.1_14 
HF541854.1_13 
HF540913.1_2 
HF541283.1_7 
HF541558.1_15 
HF541848.1_6 
HF541860.1_9 
HF540778.1_2 
HF541141.1_2 
HF541542.1_1 
HF541557.1_12 
HF541671.1_3 
HF540510.1_3 
HF540548.1_11 
HF541282.1_5 
HF541398.1_2 
HF541731.1_3 
HF540715.1_18 
HF541192.1_10 
HF541558.1_8 
HF541572.1_1 
HF541610.1_15 
HF541679.1_6 
HF541828.1_11 
HF540483.1_2 
HF540524.1_2 
HF540538.1_7 
HF540878.1_13 
HF540887.1_6 
HF540949.1_13 
HF541320.1_1 
HF541396.1_27 
HF540547.1_5 
HF540949.1_7 
HF540994.1_2 
HF541192.1_23 
HF541847.1_1 
HF540926.1_4 
HF541038.1_1 
HF541050.1_25 
HF541299.1_1 
HF541609.1_3 
HF541822.1_12 
HF541837.1_18 
HF540758.1_2 
HF540794.1_18 
HF541000.1_2 
HF541273.1_6 
HF541320.1_29 
HF541477.1_1 
HF541760.1_7 
HF541837.1_11 
HF540542.1_18 
HF540830.1_1 
HF540881.1_11 
HF540888.1_13 
HF541218.1_3 
HF541611.1_5 
HF541736.1_8 
HF541843.1_1 
HF541090.1_6 
HF541198.1_24 
HF541631.1_2 
HF541840.1_31 
HF540935.1_14 
HF541555.1_2 
HF541665.1_4 
HF541826.1_14 
HF541851.1_2 
HF541863.1_14 
HF540646.1_5 
HF540794.1_12 
HF541848.1_21 
HF541855.1_11 
HF540468.1_11 
HF540622.1_2 
HF540679.1_1 
HF540724.1_16 
HF541132.1_2 
HF541472.1_2 
HF541644.1_1 
HF541736.1_21 
HF541855.1_23 
HF540503.1_1 
HF540541.1_12 
HF540542.1_15 
HF540677.1_6 
HF541198.1_17 
HF541225.1_7 
HF541241.1_17 
HF541241.1_19 
HF541294.1_4 
HF541828.1_8 
HF540783.1_18 
HF541472.1_4 
HF540769.1_1 
HF541198.1_9 
HF541274.1_5 
HF541288.1_6 
HF540914.1_1 
HF541273.1_2 
HF541376.1_2 
HF540534.1_1 
HF540692.1_4 
HF540711.1_3 
HF541016.1_17 
HF541264.1_3 
HF541465.1_2 
HF541721.1_10 
HF541846.1_8 
HF540529.1_7 
HF540702.1_53 
HF540772.1_6 
HF541050.1_11 
HF540926.1_26 
HF541244.1_3 
HF541460.1_1 
HF541824.1_4 
HF541855.1_17 
HF540724.1_24 
HF540886.1_7 
HF541016.1_12 
HF541049.1_9 
HF541156.1_5 
HF541673.1_11 
HF540698.1_2 
HF540726.1_10 
HF540888.1_8 
HF540973.1_8 
HF541473.1_18 
HF541484.1_4 
HF541667.1_4 
HF541828.1_1 
HF540525.1_6 
HF540554.1_6 
HF540623.1_4 
HF540881.1_10 
HF541072.1_1 
HF541087.1_14 
HF541107.1_2 
HF541574.1_2 
HF541783.1_8 
HF541863.1_27 
HF540702.1_45 
HF540726.1_6 
HF541282.1_2 
HF541370.1_11 
HF541816.1_2 
HF541854.1_25 
HF540794.1_3 
HF540950.1_14 
HF541016.1_5 
HF541018.1_4 
HF541192.1_24 
HF541227.1_3 
HF541620.1_4 
HF540880.1_4 
HF541090.1_2 
HF541395.1_2 
HF541396.1_13 
HF541665.1_16 
HF541826.1_8 
HF540673.1_1 
HF540679.1_3 
HF541091.1_1 
HF541208.1_4 
HF541277.1_21 
HF541328.1_49 
HF541385.1_1 
HF541400.1_11 
HF541555.1_5 
HF541671.1_10 
HF541671.1_9 
HF540592.1_18 
HF540853.1_7 
HF540952.1_9 
HF541165.1_11 
HF541277.1_25 
HF541516.1_2 
HF541539.1_1 
HF541547.1_3 
HF540526.1_5 
HF540542.1_2 
HF540724.1_17 
HF540783.1_14 
HF541283.1_28 
HF541396.1_28 
HF541450.1_10 
HF541040.1_3 
HF541198.1_12 
HF541840.1_21 
HF541848.1_22 
HF540652.1_1 
HF541140.1_13 
HF541328.1_28 
HF541610.1_14 
HF540887.1_2 
HF541192.1_13 
HF541320.1_2 
HF541860.1_16 
HF540660.1_2 
HF540662.1_2 
HF540851.1_1 
HF541221.1_3 
HF541342.1_3 
HF541731.1_4 
HF541218.1_10 
HF541433.1_1 
HF541847.1_2 
HF540648.1_4 
HF540702.1_22 
HF540772.1_1 
HF541105.1_3 
HF541429.1_10 
HF541596.1_18 
HF541610.1_19 
HF541665.1_12 
HF541679.1_5 
HF541832.1_6 
HF540522.1_2 
HF540540.1_14 
HF541241.1_21 
HF541272.1_7 
HF541854.1_29 
HF540877.1_3 
HF541089.1_1 
HF541670.1_3 
HF540702.1_75 
HF541087.1_24 
HF541139.1_6 
HF541337.1_5 
HF541643.1_2 
HF540546.1_1 
HF540702.1_43 
HF541105.1_13 
HF541350.1_3 
HF541473.1_9 
HF541842.1_21 
HF541843.1_2 
HF540842.1_5 
HF540885.1_5 
HF541050.1_31 
HF541183.1_1 
HF541272.1_16 
HF541722.1_2 
HF541862.1_2 
HF540692.1_2 
HF540702.1_42 
HF540958.1_3 
HF541266.1_2 
HF541320.1_16 
HF541722.1_10 
HF540478.1_14 
HF540729.1_6 
HF540877.1_1 
HF541328.1_40 
HF541555.1_10 
HF540540.1_1 
HF540878.1_27 
HF540888.1_7 
HF540986.1_3 
HF541283.1_10 
HF541288.1_4 
HF541473.1_16 
HF541558.1_17 
HF540592.1_17 
HF540772.1_19 
HF540997.1_1 
HF541051.1_1 
HF541722.1_4 
HF540841.1_1 
HF540881.1_12 
HF540881.1_4 
HF540950.1_5 
HF541016.1_11 
HF541610.1_16 
HF541822.1_8 
HF541840.1_33 
HF540789.1_3 
HF541241.1_11 
HF541851.1_4 
HF540618.1_2 
HF540791.1_1 
HF540967.1_1 
HF541070.1_6 
HF541334.1_2 
HF541398.1_4 
HF541679.1_11 
HF540663.1_3 
HF541080.1_2 
HF541492.1_1 
HF541555.1_1 
HF541855.1_15 
HF540557.1_10 
HF541299.1_2 
HF541450.1_5 
HF541840.1_37 
HF540478.1_5 
HF541074.1_2 
HF541205.1_14 
HF541473.1_10 
HF541596.1_13 
HF540531.1_4 
HF540546.1_5 
HF540609.1_3 
HF540692.1_8 
HF540888.1_4 
HF541073.1_2 
HF541118.1_6 
HF541462.1_15 
HF541672.1_4 
HF540678.1_3 
HF540724.1_36 
HF540784.1_1 
HF540835.1_3 
HF541509.1_2 
HF541854.1_22 
HF541157.1_3 
HF541821.1_3 
HF540625.1_2 
HF541026.1_1 
HF541070.1_2 
HF541165.1_3 
HF541283.1_19 
HF541370.1_7 
HF541828.1_12 
HF540880.1_5 
HF540926.1_27 
HF541341.1_5 
HF541375.1_3 
HF541547.1_4 
HF541665.1_8 
HF541769.1_3 
HF541855.1_21 
HF540724.1_30 
HF541393.1_1 
HF541018.1_6 
HF541328.1_16 
HF541514.1_3 
HF541791.1_2 
HF541828.1_15 
HF541842.1_27 
HF540599.1_2 
HF540952.1_7 
HF541283.1_3 
HF541320.1_40 
HF541328.1_20 
HF541667.1_10 
HF541277.1_5 
HF541596.1_2 
HF541827.1_9 
HF541331.1_15 
HF541398.1_15 
HF541721.1_5 
HF541767.1_3 
HF541784.1_1 
HF541832.1_2 
HF540525.1_3 
HF540542.1_8 
HF540832.1_2 
HF540926.1_8 
HF541050.1_24 
HF541050.1_30 
HF541219.1_6 
HF541558.1_16 
HF540524.1_5 
HF540785.1_4 
HF540853.1_5 
HF541331.1_7 
HF541643.1_8 
HF540478.1_10 
HF541273.1_29 
HF541630.1_1 
HF540724.1_14 
HF540888.1_10 
HF540931.1_2 
HF541087.1_20 
HF541328.1_12 
HF540781.1_3 
HF540987.1_15 
HF541124.1_1 
HF541149.1_7 
HF541192.1_22 
HF541331.1_6 
HF541827.1_5 
HF540702.1_3 
HF540785.1_3 
HF541447.1_10 
HF541460.1_3 
HF541844.1_9 
HF541854.1_19 
HF540468.1_7 
HF540481.1_2 
HF540991.1_1 
HF541238.1_2 
HF541261.1_4 
HF541320.1_27 
HF541398.1_9 
HF541441.1_1 
HF541538.1_4 
HF541596.1_10 
HF541840.1_35 
HF540729.1_4 
HF540783.1_8 
HF540794.1_16 
HF541073.1_4 
HF541396.1_12 
HF541472.1_5 
HF541751.1_1 
HF540505.1_3 
HF540702.1_15 
HF540726.1_47 
HF541016.1_16 
HF541391.1_2 
HF541450.1_6 
HF540889.1_1 
HF541134.1_3 
HF541140.1_19 
HF541346.1_2 
HF541696.1_7 
HF540810.1_2 
HF541354.1_23 
HF541824.1_13 
HF540565.1_2 
HF541027.1_3 
HF541027.1_4 
HF541277.1_7 
HF541282.1_8 
HF541429.1_9 
HF541494.1_1 
HF541562.1_1 
HF540726.1_28 
HF540987.1_12 
HF541140.1_21 
HF541205.1_3 
HF541610.1_17 
HF541694.1_7 
HF541852.1_1 
HF541105.1_6 
HF541320.1_8 
HF541450.1_4 
HF541558.1_10 
HF541827.1_19 
HF541854.1_27 
HF540557.1_1 
HF540702.1_56 
HF540702.1_60 
HF540772.1_16 
HF540878.1_5 
HF540886.1_2 
HF540903.1_3 
HF540966.1_1 
HF541450.1_8 
HF541830.1_11 
HF540565.1_3 
HF540772.1_14 
HF540886.1_10 
HF541367.1_2 
HF541766.1_2 
HF540539.1_2 
HF540592.1_4 
HF540715.1_4 
HF540729.1_9 
HF540958.1_2 
HF541283.1_4 
HF541328.1_22 
HF541331.1_9 
HF541658.1_2 
HF540682.1_4 
HF541354.1_13 
HF541722.1_5 
HF541786.1_1 
HF541820.1_2 
HF541826.1_13 
HF540516.1_2 
HF540516.1_5 
HF540725.1_2 
HF541070.1_8 
HF541105.1_10 
HF541273.1_10 
HF541299.1_12 
HF541854.1_26 
HF540547.1_3 
HF540823.1_4 
HF540986.1_12 
HF541165.1_6 
HF541320.1_39 
HF541656.1_2 
HF541863.1_9 
HF540615.1_2 
HF540783.1_6 
HF540890.1_2 
HF540990.1_13 
HF541058.1_1 
HF541264.1_7 
HF541653.1_1 
HF541667.1_16 
HF541846.1_15 
HF541016.1_2 
HF541055.1_10 
HF541215.1_6 
HF541367.1_6 
HF541505.1_1 
HF541659.1_2 
HF541711.1_2 
HF540540.1_23 
HF540702.1_10 
HF540702.1_32 
HF540934.1_16 
HF541105.1_4 
HF541264.1_4 
HF541391.1_8 
HF541414.1_3 
HF541731.1_2 
HF541784.1_3 
HF541846.1_4 
HF540702.1_66 
HF540987.1_13 
HF541227.1_8 
HF540913.1_1 
HF541165.1_15 
HF541165.1_5 
HF541333.1_2 
HF541442.1_5 
HF541575.1_1 
HF541667.1_8 
HF541863.1_13 
HF540715.1_12 
HF540724.1_25 
HF541156.1_3 
HF541328.1_34 
HF541698.1_2 
HF541789.1_4 
HF541846.1_22 
HF540623.1_1 
HF540878.1_14 
HF541016.1_10 
HF541184.1_1 
HF541266.1_3 
HF541348.1_1 
HF541391.1_9 
HF541645.1_1 
HF541679.1_2 
HF540565.1_1 
HF540702.1_37 
HF540702.1_76 
HF540733.1_1 
HF540738.1_3 
HF540926.1_9 
HF541227.1_1 
HF541396.1_25 
HF541833.1_1 
HF540709.1_2 
HF541304.1_4 
HF541320.1_45 
HF541328.1_24 
HF541665.1_14 
HF541827.1_22 
HF540717.1_1 
HF541113.1_7 
HF541198.1_16 
HF541328.1_38 
HF541450.1_7 
HF541855.1_7 
HF540468.1_4 
HF540546.1_2 
HF540592.1_5 
HF540716.1_1 
HF540987.1_2 
HF541198.1_3 
HF541400.1_4 
HF541717.1_1 
HF541850.1_1 
HF540547.1_10 
HF541049.1_2 
HF541241.1_10 
HF541277.1_12 
HF541714.1_1 
HF541813.1_1 
HF540566.1_1 
HF540606.1_3 
HF541370.1_13 
HF541465.1_1 
HF540783.1_13 
HF540934.1_3 
HF541262.1_1 
HF541288.1_2 
HF541354.1_21 
HF541461.1_2 
HF541596.1_16 
HF541848.1_4 
HF541854.1_10 
HF541864.1_2 
HF540923.1_1 
HF540926.1_3 
HF541052.1_3 
HF541173.1_3 
HF541841.1_12 
HF540498.1_1 
HF540888.1_11 
HF541073.1_11 
HF541269.1_1 
HF541354.1_5 
HF541361.1_1 
HF541651.1_3 
HF541853.1_4 
HF541855.1_8 
HF540501.1_2 
HF540678.1_8 
HF540683.1_2 
HF540823.1_8 
HF540926.1_7 
HF541272.1_2 
HF541335.1_3 
HF541491.1_1 
HF541610.1_10 
HF541736.1_32 
HF541767.1_1 
HF541824.1_5 
HF541836.1_5 
HF540487.1_6 
HF540965.1_1 
HF541054.1_12 
HF541354.1_18 
HF541611.1_4 
HF541667.1_5 
HF541739.1_3 
HF540922.1_1 
HF540926.1_20 
HF541283.1_29 
HF541353.1_3 
HF541396.1_26 
HF541417.1_1 
HF541666.1_1 
HF541797.1_1 
HF541863.1_7 
HF540612.1_1 
HF541218.1_5 
HF540635.1_3 
HF540839.1_2 
HF540973.1_26 
HF541050.1_23 
HF541050.1_36 
HF541266.1_1 
HF541846.1_24 
HF540541.1_7 
HF540729.1_3 
HF540934.1_18 
HF540990.1_12 
HF541050.1_22 
HF541149.1_4 
HF541241.1_16 
HF541320.1_44 
HF541354.1_17 
HF540679.1_2 
HF541214.1_1 
HF541261.1_1 
HF541385.1_2 
HF541396.1_17 
HF540637.1_6 
HF540724.1_18 
HF540888.1_21 
HF541253.1_1 
HF541827.1_7 
HF541828.1_13 
HF540545.1_2 
HF540880.1_2 
HF540973.1_23 
HF541087.1_32 
HF541221.1_2 
HF541497.1_1 
HF541678.1_3 
HF541834.1_4 
HF541851.1_7 
HF540726.1_52 
HF540926.1_19 
HF540989.1_2 
HF541049.1_5 
HF541175.1_2 
HF541219.1_7 
HF541264.1_6 
HF541396.1_2 
HF540731.1_6 
HF540775.1_4 
HF540840.1_1 
HF541167.1_1 
HF541316.1_6 
HF541323.1_6 
HF541328.1_52 
HF541367.1_5 
HF541447.1_3 
HF541824.1_1 
HF541824.1_6 
HF541836.1_2 
HF540888.1_1 
HF540958.1_1 
HF541414.1_4 
HF541514.1_1 
HF541797.1_2 
HF541846.1_6 
HF541863.1_33 
HF540540.1_3 
HF540546.1_3 
HF540571.1_2 
HF540705.1_1 
HF540724.1_7 
HF540872.1_2 
HF540926.1_30 
HF540934.1_8 
HF541175.1_1 
HF541198.1_18 
HF541562.1_3 
HF541824.1_8 
HF540524.1_4 
HF540538.1_8 
HF540666.1_1 
HF541244.1_2 
HF541451.1_1 
HF541801.1_1 
HF541861.1_4 
HF540545.1_9 
HF541299.1_11 
HF541557.1_5 
HF541562.1_6 
HF541586.1_3 
HF541611.1_2 
HF541678.1_1 
HF541848.1_26 
HF541852.1_3 
HF540592.1_30 
HF540702.1_44 
HF540786.1_3 
HF540952.1_12 
HF541206.1_1 
HF541507.1_3 
HF541776.1_1 
HF541850.1_3 
HF540797.1_2 
HF540863.1_1 
HF540960.1_1 
HF540961.1_1 
HF541100.1_3 
HF541227.1_4 
HF541243.1_2 
HF541550.1_2 
HF541822.1_6 
HF541857.1_8 
HF540794.1_19 
HF541400.1_19 
HF541539.1_6 
HF541830.1_1 
HF540525.1_4 
HF540732.1_1 
HF540783.1_17 
HF541224.1_1 
HF541225.1_6 
HF541273.1_9 
HF541344.1_2 
HF541615.1_4 
HF541832.1_5 
HF541855.1_12 
HF541855.1_18 
HF540526.1_2 
HF540526.1_6 
HF540542.1_17 
HF540926.1_29 
HF541190.1_1 
HF541335.1_1 
HF541807.1_1 
HF541849.1_4 
HF540950.1_10 
HF541016.1_3 
HF541215.1_2 
HF541283.1_26 
HF541550.1_4 
HF541730.1_2 
HF540634.1_1 
HF541328.1_46 
HF541504.1_2 
HF541273.1_3 
HF541398.1_10 
HF541398.1_12 
HF541550.1_6 
HF541558.1_7 
HF540677.1_5 
HF540692.1_1 
HF540711.1_4 
HF540842.1_3 
HF541071.1_7 
HF541370.1_3 
HF541589.1_1 
HF541863.1_4 
HF540494.1_1 
HF540772.1_4 
HF540883.1_1 
HF541087.1_13 
HF541322.1_2 
HF541370.1_12 
HF541736.1_6 
HF541860.1_15 
HF540772.1_15 
HF540794.1_4 
HF540831.1_1 
HF540869.1_1 
HF541370.1_22 
HF541631.1_4 
HF541827.1_12 
HF540678.1_5 
HF540702.1_51 
HF540853.1_3 
HF541299.1_4 
HF541391.1_1 
HF541529.1_1 
HF541736.1_5 
HF540478.1_13 
HF540749.1_3 
HF540977.1_2 
HF541124.1_4 
HF541133.1_1 
HF541252.1_1 
HF541273.1_43 
HF541329.1_1 
HF541396.1_4 
HF541398.1_8 
HF541805.1_1 
HF541825.1_7 
HF541849.1_3 
HF540542.1_20 
HF540554.1_3 
HF540785.1_1 
HF541030.1_1 
HF541354.1_1 
HF541766.1_4 
HF540644.1_2 
HF540729.1_10 
HF540893.1_1 
HF541050.1_26 
HF541098.1_1 
HF541597.1_1 
HF541665.1_2 
HF540506.1_2 
HF540786.1_7 
HF540944.1_2 
HF540953.1_3 
HF541840.1_24 
HF541862.1_1 
HF540702.1_18 
HF540738.1_4 
HF540800.1_1 
HF541278.1_3 
HF541354.1_7 
HF541612.1_1 
HF541722.1_9 
HF541740.1_1 
HF541827.1_18 
HF541836.1_4 
HF541854.1_8 
HF540526.1_1 
HF540624.1_3 
HF540702.1_23 
HF540702.1_52 
HF541266.1_5 
HF541320.1_11 
HF541825.1_8 
HF541843.1_3 
HF541855.1_29 
HF540565.1_4 
HF540592.1_24 
HF540602.1_12 
HF540783.1_10 
HF541208.1_6 
HF541218.1_4 
HF541467.1_9 
HF541769.1_4 
HF541861.1_2 
HF540548.1_7 
HF540726.1_24 
HF540748.1_1 
HF540913.1_6 
HF541354.1_25 
HF541554.1_1 
HF541785.1_1 
HF540538.1_9 
HF540611.1_1 
HF540626.1_4 
HF541019.1_1 
HF541080.1_1 
HF541113.1_3 
HF541114.1_2 
HF541176.1_2 
HF541354.1_14 
HF541362.1_1 
HF541363.1_1 
HF541364.1_1 
HF541766.1_5 
HF541820.1_3 
HF541837.1_17 
HF540853.1_2 
HF540913.1_7 
HF541071.1_3 
HF541261.1_3 
HF541299.1_10 
HF541325.1_8 
HF541473.1_12 
HF541556.1_7 
HF541789.1_8 
HF540726.1_5 
HF540926.1_18 
HF541090.1_5 
HF541097.1_2 
HF541239.1_2 
HF541255.1_4 
HF541486.1_1 
HF541842.1_13 
HF540637.1_3 
HF540655.1_1 
HF540781.1_4 
HF540898.1_2 
HF541027.1_8 
HF541055.1_13 
HF541140.1_18 
HF541325.1_4 
HF541396.1_11 
HF541400.1_21 
HF541444.1_1 
HF541543.1_1 
HF541679.1_14 
HF541840.1_32 
HF540726.1_11 
HF541140.1_17 
HF541219.1_5 
HF541354.1_24 
HF541472.1_7 
HF541684.1_1 
HF541832.1_7 
HF541840.1_14 
HF540557.1_6 
HF540887.1_5 
HF540936.1_1 
HF541216.1_2 
HF541784.1_2 
HF541857.1_4 
HF540640.1_1 
HF540749.1_4 
HF541141.1_4 
HF541188.1_1 
HF541523.1_1 
HF541605.1_1 
HF541667.1_9 
HF541827.1_11 
HF540478.1_1 
HF540541.1_11 
HF540547.1_18 
HF540637.1_5 
HF541396.1_23 
HF541400.1_12 
HF541618.1_3 
HF541733.1_1 
HF541783.1_4 
HF541855.1_14 
HF540545.1_3 
HF540574.1_5 
HF540682.1_3 
HF540726.1_1 
HF540731.1_1 
HF541198.1_10 
HF541320.1_21 
HF541634.1_1 
HF541842.1_26 
HF540493.1_1 
HF540973.1_21 
HF541111.1_2 
HF541159.1_2 
HF541283.1_8 
HF541354.1_9 
HF541585.1_1 
HF541670.1_5 
HF540715.1_19 
HF541018.1_2 
HF541126.1_2 
HF541192.1_6 
HF541275.1_10 
HF541514.1_2 
HF540726.1_49 
HF541382.1_1 
HF541826.1_23 
HF540574.1_7 
HF540726.1_35 
HF540870.1_1 
HF541093.1_1 
HF541268.1_1 
HF541321.1_6 
HF541608.1_1 
HF541840.1_17 
HF541861.1_3 
HF540819.1_1 
HF541225.1_4 
HF541741.1_1 
HF541786.1_6 
HF541821.1_7 
HF541844.1_6 
HF541853.1_7 
HF541854.1_12 
HF540473.1_2 
HF540542.1_10 
HF540645.1_2 
HF540702.1_36 
HF540737.1_1 
HF541162.1_1 
HF541353.1_4 
HF541846.1_10 
HF541853.1_3 
HF541863.1_3 
HF540883.1_2 
HF540914.1_2 
HF540938.1_2 
HF541118.1_8 
HF541165.1_10 
HF541276.1_3 
HF541277.1_31 
HF541409.1_1 
HF541825.1_5 
HF541832.1_3 
HF540592.1_27 
HF540645.1_1 
HF540685.1_1 
HF541016.1_9 
HF541414.1_6 
HF541846.1_1 
HF540597.1_1 
HF540762.1_1 
HF541187.1_1 
HF541218.1_12 
HF541474.1_2 
HF541684.1_2 
HF541781.1_2 
HF541826.1_17 
HF541844.1_4 
HF540523.1_1 
HF540736.1_1 
HF540843.1_1 
HF541087.1_28 
HF541118.1_3 
HF541365.1_1 
HF541447.1_5 
HF541526.1_2 
HF541596.1_8 
HF541612.1_2 
HF541852.1_6 
HF541860.1_11 
HF540538.1_6 
HF540945.1_3 
HF541472.1_8 
HF541568.1_1 
HF541651.1_2 
HF541661.1_1 
HF541679.1_8 
HF541694.1_4 
HF541820.1_1 
HF540476.1_1 
HF540497.1_2 
HF540583.1_2 
HF540702.1_33 
HF540712.1_1 
HF540749.1_5 
HF540794.1_14 
HF541055.1_12 
HF541282.1_7 
HF541304.1_1 
HF541483.1_1 
HF541550.1_5 
HF541632.1_1 
HF540554.1_1 
HF540554.1_4 
HF540793.1_1 
HF540860.1_1 
HF540930.1_1 
HF540987.1_16 
HF540997.1_2 
HF541049.1_6 
HF541241.1_12 
HF541277.1_2 
HF541787.1_1 
HF541855.1_13 
HF541855.1_19 
HF540478.1_6 
HF540560.1_2 
HF540876.1_1 
HF540926.1_31 
HF541400.1_16 
HF541656.1_1 
HF541667.1_1 
HF541789.1_7 
HF541860.1_3 
HF540475.1_1 
HF540509.1_1 
HF540630.1_1 
HF541007.1_1 
HF541472.1_1 
HF541547.1_9 
HF541800.1_1 
HF541840.1_8 
HF541853.1_2 
HF541861.1_1 
HF540639.1_2 
HF540919.1_1 
HF541165.1_16 
HF541292.1_1 
HF541488.1_1 
HF541759.1_1 
HF541789.1_2 
HF541848.1_17 
HF540726.1_4 
HF541054.1_17 
HF541370.1_2 
HF541781.1_1 
HF541791.1_1 
HF541842.1_14 
HF541864.1_1 
HF540540.1_7 
HF540635.1_2 
HF540696.1_2 
HF540783.1_9 
HF540888.1_18 
HF540930.1_14 
HF541198.1_2 
HF541278.1_2 
HF541558.1_9 
HF541667.1_13 
HF541814.1_1 
HF541836.1_6 
HF540492.1_1 
HF540653.1_3 
HF540719.1_1 
HF540771.1_2 
HF540935.1_4 
HF540949.1_4 
HF541263.1_1 
HF541369.1_1 
HF541489.1_1 
HF541590.1_2 
HF541596.1_7 
HF541613.1_2 
HF541665.1_18 
HF541668.1_12 
HF541697.1_1 
HF541782.1_2 
HF541855.1_10 
HF541860.1_14 
HF540692.1_17 
HF541071.1_14 
HF541283.1_12 
HF541368.1_1 
HF541490.1_1 
HF541824.1_11 
HF541826.1_4 
HF541837.1_6 
HF541841.1_10 
HF541850.1_5 
HF541855.1_30 
HF540511.1_1 
HF540700.1_8 
HF541002.1_1 
HF541273.1_27 
HF541323.1_5 
HF541622.1_1 
HF541666.1_2 
HF541777.1_2 
HF541818.1_2 
HF541825.1_1 
HF541846.1_16 
HF540715.1_20 
HF541105.1_7 
HF541290.1_1 
HF541722.1_7 
HF541840.1_23 
HF540726.1_30 
HF541049.1_4 
HF541267.1_1 
HF541277.1_27 
HF541727.1_1 
HF541848.1_5 
HF540546.1_4 
HF540702.1_46 
HF540726.1_23 
HF540726.1_25 
HF541050.1_5 
HF541328.1_42 
HF541462.1_10 
HF541671.1_7 
HF541722.1_3 
HF541735.1_1 
HF541848.1_12 
HF540726.1_3 
HF540888.1_6 
HF541140.1_23 
HF541149.1_1 
HF541272.1_11 
HF541273.1_16 
HF541288.1_8 
HF541351.1_3 
HF541406.1_1 
HF541641.1_2 
HF541694.1_1 
HF541855.1_20 
HF541863.1_1 
HF540530.1_2 
HF540542.1_6 
HF540553.1_2 
HF540574.1_4 
HF540681.1_2 
HF540724.1_9 
HF540783.1_12 
HF541018.1_1 
HF541050.1_9 
HF541250.1_1 
HF541341.1_4 
HF541367.1_4 
HF541646.1_2 
HF541670.1_2 
HF540615.1_1 
HF540676.1_1 
HF540930.1_8 
HF541046.1_1 
HF541284.1_1 
HF541464.1_3 
HF541597.1_6 
HF541658.1_1 
HF541672.1_3 
HF541827.1_6 
HF540505.1_4 
HF540593.1_6 
HF540678.1_2 
HF540692.1_6 
HF540771.1_1 
HF540794.1_2 
HF540985.1_2 
HF541826.1_16 
HF541851.1_5 
HF540725.1_3 
HF540726.1_9 
HF540949.1_14 
HF540953.1_1 
HF541283.1_13 
HF541321.1_5 
HF541404.1_3 
HF541436.1_1 
HF541665.1_7 
HF540547.1_6 
HF540715.1_5 
HF540886.1_4 
HF541016.1_8 
HF541140.1_6 
HF541212.1_3 
HF541238.1_1 
HF541276.1_1 
HF541410.1_1 
HF541447.1_2 
HF541466.1_2 
HF541544.1_1 
HF541640.1_1 
HF541793.1_2 
HF541822.1_11 
HF541854.1_1 
HF541863.1_32 
HF540516.1_4 
HF540558.1_1 
HF540846.1_1 
HF540924.1_1 
HF541273.1_34 
HF541442.1_2 
HF541452.1_2 
HF541531.1_1 
HF541574.1_1 
HF541673.1_1 
HF541713.1_1 
HF540755.1_1 
HF540758.1_1 
HF540816.1_1 
HF540878.1_11 
HF540885.1_2 
HF541016.1_4 
HF541070.1_4 
HF541087.1_19 
HF541146.1_1 
HF541766.1_1 
HF541789.1_15 
HF541847.1_4 
HF540547.1_1 
HF540547.1_4 
HF541367.1_1 
HF541506.1_1 
HF541668.1_4 
HF541679.1_3 
HF541683.1_1 
HF541757.1_1 
HF541809.1_1 
HF541826.1_7 
HF541863.1_16 
HF540726.1_29 
HF540729.1_5 
HF540877.1_2 
HF540953.1_2 
HF540973.1_4 
HF541113.1_12 
HF541192.1_5 
HF541859.1_5 
HF540709.1_1 
HF540774.1_4 
HF540903.1_2 
HF540973.1_22 
HF541096.1_4 
HF541205.1_12 
HF541370.1_17 
HF541471.1_1 
HF541647.1_1 
HF540879.1_1 
HF541186.1_1 
HF541191.1_1 
HF541205.1_13 
HF541215.1_1 
HF541389.1_1 
HF541400.1_13 
HF541462.1_12 
HF541469.1_7 
HF541484.1_1 
HF541560.1_3 
HF541709.1_1 
HF541824.1_2 
HF540790.1_4 
HF540913.1_4 
HF540957.1_2 
HF540993.1_1 
HF541009.1_1 
HF541215.1_3 
HF541557.1_2 
HF541590.1_1 
HF541694.1_3 
HF541810.1_4 
HF541842.1_2 
HF541850.1_2 
HF540926.1_34 
HF540987.1_19 
HF541027.1_7 
HF541342.1_1 
HF541345.1_1 
HF541415.1_2 
HF540542.1_11 
HF540589.1_1 
HF540702.1_49 
HF541100.1_4 
HF541272.1_5 
HF541273.1_5 
HF541467.1_1 
HF541531.1_2 
HF541540.1_1 
HF541564.1_1 
HF541569.1_2 
HF540592.1_31 
HF540677.1_7 
HF540982.1_1 
HF541016.1_13 
HF541021.1_2 
HF541426.1_1 
HF541530.1_1 
HF540692.1_18 
HF540700.1_1 
HF540724.1_35 
HF540726.1_27 
HF540742.1_1 
HF540772.1_18 
HF540807.1_1 
HF541223.1_4 
HF541274.1_9 
HF541469.1_4 
HF541602.1_1 
HF541802.1_1 
HF541863.1_15 
HF541864.1_4 
HF540900.1_1 
HF540950.1_12 
HF541022.1_13 
HF541058.1_2 
HF541073.1_3 
HF541094.1_2 
HF541479.1_1 
HF541827.1_15 
HF541862.1_3 
HF540646.1_3 
HF540692.1_3 
HF540702.1_25 
HF541277.1_9 
HF541328.1_10 
HF541667.1_3 
HF541804.1_1 
HF540566.1_8 
HF540602.1_5 
HF540726.1_31 
HF540787.1_1 
HF541054.1_14 
HF541112.1_2 
HF541113.1_5 
HF541283.1_25 
HF541449.1_1 
HF541739.1_1 
HF541852.1_4 
HF540814.1_1 
HF540949.1_9 
HF541105.1_8 
HF541140.1_22 
HF541149.1_5 
HF541332.1_3 
HF541417.1_2 
HF541558.1_13 
HF541558.1_4 
HF541840.1_16 
HF541840.1_9 
HF540496.1_4 
HF540752.1_1 
HF540951.1_1 
HF541286.1_1 
HF541288.1_7 
HF541610.1_13 
HF541610.1_7 
HF541696.1_6 
HF541842.1_24 
HF540469.1_1 
HF540503.1_2 
HF540583.1_3 
HF540840.1_2 
HF540878.1_6 
HF540949.1_1 
HF541229.1_2 
HF541320.1_6 
HF541321.1_1 
HF541327.1_1 
HF541375.1_7 
HF541551.1_1 
HF540902.1_2 
HF540926.1_12 
HF540955.1_6 
HF541018.1_3 
HF541090.1_1 
HF541166.1_1 
HF541864.1_3 
HF540592.1_3 
HF540615.1_3 
HF540774.1_3 
HF540948.1_2 
HF540973.1_24 
HF541087.1_22 
HF541105.1_11 
HF541251.1_2 
HF541454.1_1 
HF541609.1_4 
HF541670.1_4 
HF541748.1_2 
HF540548.1_12 
HF540633.1_1 
HF540772.1_17 
HF541002.1_2 
HF541071.1_10 
HF541115.1_1 
HF541218.1_2 
HF541283.1_22 
HF541442.1_1 
HF541457.1_1 
HF541702.1_1 
HF540551.1_1 
HF540729.1_8 
HF540770.1_7 
HF540906.1_1 
HF541199.1_2 
HF541301.1_1 
HF541768.1_1 
HF540507.1_1 
HF540554.1_2 
HF540593.1_7 
HF541430.1_1 
HF541860.1_6 
HF540536.1_1 
HF540602.1_9 
HF540726.1_22 
HF540735.1_4 
HF540783.1_16 
HF541283.1_1 
HF541292.1_3 
HF541354.1_22 
HF541557.1_3 
HF541679.1_4 
HF541728.1_1 
HF541848.1_15 
HF540548.1_10 
HF540740.1_2 
HF541233.1_1 
HF541289.1_6 
HF541316.1_5 
HF541637.1_1 
HF541638.1_1 
HF541754.1_2 
HF541772.1_1 
HF541826.1_19 
HF541863.1_8 
HF540637.1_4 
HF540754.1_1 
HF540897.1_1 
HF541073.1_5 
HF541422.1_1 
HF540505.1_1 
HF540535.1_1 
HF540552.1_2 
HF540650.1_1 
HF540914.1_3 
HF541274.1_15 
HF541319.1_1 
HF541330.1_1 
HF541778.1_1 
HF541832.1_1 
HF541851.1_1 
HF541851.1_8 
HF541862.1_4 
HF540715.1_9 
HF540878.1_24 
HF540944.1_5 
HF541197.1_1 
HF541264.1_5 
HF541273.1_28 
HF541299.1_15 
HF541328.1_50 
HF541418.1_3 
HF541423.1_1 
HF541696.1_8 
HF541736.1_27 
HF541811.1_1 
HF541822.1_4 
HF541840.1_15 
HF540481.1_1 
HF540691.1_1 
HF540724.1_23 
HF540878.1_2 
HF540888.1_17 
HF540967.1_2 
HF540990.1_1 
HF541192.1_8 
HF541447.1_4 
HF541524.1_3 
HF541619.1_1 
HF541684.1_3 
HF541773.1_1 
HF541824.1_12 
HF540593.1_5 
HF540696.1_1 
HF540875.1_1 
HF540939.1_2 
HF541027.1_2 
HF541073.1_1 
HF541320.1_13 
HF541332.1_1 
HF541472.1_3 
HF541827.1_17 
HF540786.1_5 
HF540874.1_1 
HF541066.1_2 
HF541160.1_1 
HF541163.1_1 
HF541308.1_1 
HF541320.1_28 
HF541331.1_1 
HF541450.1_9 
HF541852.1_7 
HF540813.1_1 
HF540929.1_1 
HF541274.1_16 
HF541596.1_12 
HF541821.1_1 
HF541827.1_4 
HF541854.1_18 
HF540513.1_1 
HF540735.1_2 
HF540788.1_1 
HF540929.1_3 
HF540952.1_1 
HF541012.1_12 
HF541080.1_5 
HF541125.1_2 
HF541165.1_1 
HF541198.1_8 
HF541349.1_3 
HF541469.1_8 
HF541507.1_1 
HF541607.1_1 
HF541611.1_8 
HF541821.1_6 
HF540505.1_2 
HF540560.1_1 
HF540682.1_2 
HF540772.1_5 
HF540792.1_1 
HF540853.1_6 
HF540922.1_3 
HF541303.1_1 
HF541320.1_33 
HF541366.1_1 
HF541370.1_6 
HF541547.1_5 
HF541548.1_1 
HF541840.1_18 
HF541846.1_9 
HF541848.1_25 
HF541863.1_2 
HF540592.1_12 
HF540652.1_4 
HF540731.1_7 
HF540774.1_2 
HF540894.1_2 
HF541066.1_1 
HF541106.1_1 
HF541127.1_1 
HF541237.1_2 
HF541328.1_31 
HF541328.1_39 
HF541328.1_53 
HF541341.1_7 
HF541538.1_5 
HF541581.1_1 
HF541826.1_18 
HF541840.1_20 
HF540692.1_11 
HF540724.1_6 
HF540758.1_3 
HF541092.1_1 
HF541133.1_2 
HF541153.1_1 
HF541155.1_1 
HF541192.1_18 
HF541209.1_1 
HF541273.1_37 
HF541275.1_3 
HF541306.1_1 
HF541307.1_1 
HF541427.1_1 
HF541606.1_1 
HF541706.1_2 
HF541855.1_2 
HF541863.1_28 
HF540556.1_1 
HF540835.1_1 
HF540920.1_1 
HF540981.1_1 
HF541170.1_2 
HF541283.1_16 
HF541571.1_1 
HF541591.1_1 
HF541618.1_4 
HF541688.1_1 
HF540547.1_13 
HF540681.1_1 
HF540688.1_1 
HF540729.1_7 
HF540943.1_1 
HF541040.1_2 
HF541193.1_4 
HF541264.1_1 
HF541273.1_8 
HF541277.1_20 
HF541277.1_22 
HF541312.1_1 
HF541331.1_2 
HF541370.1_20 
HF541453.1_1 
HF541620.1_2 
HF541858.1_2 
HF540650.1_3 
HF540702.1_27 
HF540893.1_2 
HF540935.1_1 
HF541223.1_1 
HF541234.1_1 
HF541272.1_9 
HF541690.1_1 
HF541808.1_1 
HF540677.1_3 
HF540686.1_1 
HF540713.1_1 
HF541050.1_8 
HF541069.1_2 
HF541379.1_3 
HF541549.1_1 
HF541575.1_3 
HF541862.1_5 
HF540547.1_8 
HF540733.1_2 
HF540763.1_1 
HF540782.1_1 
HF541241.1_14 
HF541353.1_1 
HF541418.1_1 
HF541694.1_2 
HF541699.1_1 
HF541848.1_1 
HF540726.1_2 
HF540938.1_1 
HF540944.1_4 
HF540973.1_27 
HF540985.1_1 
HF541055.1_3 
HF541138.1_1 
HF541162.1_2 
HF541192.1_12 
HF541198.1_15 
HF541218.1_9 
HF541274.1_7 
HF541310.1_4 
HF541391.1_5 
HF541445.1_1 
HF541665.1_17 
HF540544.1_7 
HF540714.1_1 
HF540715.1_16 
HF540786.1_4 
HF540886.1_1 
HF541042.1_1 
HF541240.1_1 
HF541279.1_2 
HF541288.1_5 
HF541429.1_7 
HF541698.1_1 
HF541718.1_2 
HF541855.1_25 
HF540541.1_1 
HF540588.1_1 
HF540744.1_1 
HF540753.1_7 
HF540973.1_39 
HF541110.1_2 
HF541274.1_10 
HF541356.1_1 
HF541798.1_1 
HF541826.1_20 
HF541848.1_10 
HF541848.1_8 
HF540662.1_3 
HF540726.1_39 
HF540726.1_45 
HF540731.1_2 
HF540734.1_1 
HF540804.1_3 
HF541277.1_8 
HF541407.1_2 
HF541473.1_2 
HF541612.1_3 
HF541667.1_6 
HF541863.1_30 
HF541359.1_1 
HF541360.1_1 
HF541513.1_4 
HF540726.1_12 
HF540743.1_1 
HF540964.1_1 
HF540995.1_1 
HF541173.1_4 
HF541435.1_2 
HF541516.1_1 
HF541559.1_3 
HF541611.1_7 
HF541679.1_12 
HF541696.1_5 
HF541762.1_2 
HF541806.1_1 
HF540526.1_4 
HF540726.1_46 
HF540876.1_2 
HF541075.1_1 
HF541207.1_1 
HF541210.1_1 
HF541273.1_42 
HF541328.1_19 
HF541328.1_27 
HF541354.1_26 
HF541592.1_1 
HF541611.1_1 
HF541655.1_1 
HF541731.1_1 
HF541783.1_1 
HF541849.1_5 
HF541851.1_6 
HF540533.1_2 
HF540618.1_1 
HF541020.1_1 
HF541041.1_1 
HF541204.1_1 
HF541504.1_1 
HF541506.1_4 
HF541520.1_1 
HF541537.1_1 
HF541708.1_2 
HF541826.1_3 
HF540878.1_23 
HF541055.1_1 
HF541112.1_1 
HF541137.1_1 
HF541140.1_24 
HF541152.1_1 
HF541228.1_1 
HF541291.1_1 
HF541325.1_6 
HF541419.1_2 
HF541469.1_3 
HF541616.1_1 
HF541678.1_2 
HF540517.1_1 
HF540554.1_5 
HF540586.1_1 
HF540971.1_1 
HF541136.1_1 
HF541198.1_14 
HF541314.1_1 
HF541428.1_1 
HF541579.1_2 
HF541615.1_2 
HF541639.1_1 
HF541726.1_1 
HF540648.1_5 
HF540692.1_13 
HF540972.1_1 
HF541297.1_1 
HF541557.1_4 
HF541611.1_3 
HF541736.1_22 
HF540485.1_2 
HF540556.1_3 
HF540668.1_1 
HF540689.1_1 
HF540815.1_1 
HF540974.1_1 
HF541129.1_1 
HF541194.1_1 
HF541201.1_2 
HF541248.1_1 
HF541255.1_2 
HF541370.1_21 
HF541624.1_1 
HF541672.1_1 
HF541765.1_1 
HF541855.1_1 
HF540525.1_2 
HF540647.1_1 
HF540724.1_33 
HF540844.1_1 
HF540878.1_20 
HF540953.1_4 
HF540979.1_1 
HF541013.1_2 
HF541140.1_7 
HF541230.1_1 
HF541241.1_6 
HF541270.1_1 
HF541271.1_1 
HF541280.1_1 
HF541584.1_1 
HF541694.1_5 
HF541837.1_15 
HF540473.1_1 
HF540715.1_3 
HF540783.1_4 
HF540950.1_2 
HF541067.1_1 
HF541135.1_1 
HF541320.1_5 
HF541370.1_18 
HF541394.1_1 
HF541424.1_1 
HF541771.1_1 
HF541840.1_36 
HF540515.1_1 
HF540581.1_1 
HF541396.1_20 
HF541509.1_1 
HF541546.1_1 
HF541592.1_2 
HF541747.1_1 
HF541845.1_3 
HF540468.1_12 
HF540576.1_1 
HF540578.1_1 
HF540785.1_2 
HF540884.1_1 
HF540951.1_2 
HF540973.1_1 
HF540983.1_1 
HF540994.1_1 
HF541257.1_1 
HF541325.1_7 
HF541480.1_1 
HF541623.1_2 
HF541668.1_3 
HF541722.1_13 
HF541856.1_11 
HF540590.1_1 
HF540593.1_4 
HF540915.1_5 
HF541090.1_3 
HF541297.1_2 
HF541323.1_3 
HF541391.1_10 
HF541467.1_3 
HF541517.1_1 
HF541803.1_1 
HF541827.1_1 
HF541853.1_5 
HF541863.1_21 
HF540555.1_1 
HF540615.1_4 
HF540726.1_36 
HF540738.1_1 
HF540818.1_3 
HF540831.1_2 
HF540864.1_1 
HF541071.1_9 
HF541193.1_2 
HF541318.1_1 
HF541398.1_16 
HF541467.1_2 
HF541540.1_2 
HF541610.1_12 
HF541736.1_26 
HF540574.1_8 
HF540768.1_1 
HF540783.1_3 
HF540948.1_1 
HF540949.1_8 
HF541320.1_7 
HF541574.1_3 
HF541599.1_1 
HF540495.1_2 
HF540600.1_1 
HF540684.1_1 
HF540732.1_2 
HF541023.1_2 
HF541035.1_1 
HF541109.1_1 
HF541174.1_2 
HF541275.1_1 
HF541462.1_13 
HF541734.1_1 
HF540845.1_1 
HF540927.1_1 
HF541036.1_1 
HF541049.1_7 
HF541252.1_2 
HF541285.1_1 
HF541337.1_1 
HF541432.1_2 
HF541437.1_1 
HF541496.1_2 
HF541641.1_1 
HF541846.1_18 
HF540472.1_1 
HF540540.1_9 
HF540702.1_68 
HF541463.1_1 
HF541645.1_2 
HF541789.1_10 
HF541855.1_3 
HF540477.1_1 
HF540533.1_1 
HF540720.1_2 
HF540728.1_1 
HF540786.1_1 
HF540817.1_4 
HF540896.1_2 
HF540899.1_1 
HF540973.1_3 
HF541100.1_1 
HF541109.1_2 
HF541161.1_1 
HF541221.1_1 
HF541277.1_4 
HF541429.1_8 
HF541539.1_3 
HF541557.1_11 
HF541711.1_4 
HF541848.1_16 
HF540474.1_1 
HF540530.1_1 
HF540582.1_1 
HF540860.1_4 
HF540901.1_1 
HF541071.1_6 
HF541095.1_1 
HF541102.1_3 
HF541156.1_1 
HF541215.1_7 
HF541353.1_5 
HF541612.1_4 
HF541827.1_2 
HF541852.1_2 
HF540700.1_2 
HF540825.1_1 
HF540904.1_1 
HF541027.1_1 
HF541054.1_15 
HF541275.1_5 
HF541555.1_9 
HF540724.1_8 
HF540807.1_3 
HF541012.1_5 
HF541071.1_2 
HF541273.1_17 
HF541370.1_19 
HF541469.1_1 
HF541763.1_2 
HF540477.1_3 
HF540702.1_29 
HF540911.1_1 
HF540912.1_1 
HF541140.1_20 
HF541151.1_2 
HF541198.1_13 
HF541485.1_1 
HF541600.1_1 
HF541679.1_9 
HF540548.1_6 
HF540739.1_3 
HF540891.1_1 
HF540949.1_11 
HF541024.1_1 
HF541025.1_1 
HF541272.1_6 
HF541273.1_7 
HF541370.1_1 
HF541435.1_1 
HF541679.1_13 
HF541827.1_13 
HF541863.1_31 
HF540868.1_1 
HF540921.1_1 
HF541219.1_3 
HF541315.1_2 
HF541786.1_7 
HF541849.1_2 
HF541855.1_22 
HF541856.1_8 
HF541860.1_1 
HF540520.1_1 
HF540642.1_1 
HF540657.1_1 
HF540772.1_3 
HF540807.1_2 
HF541049.1_8 
HF541061.1_1 
HF541168.1_1 
HF541281.1_1 
HF541555.1_4 
HF541703.1_1 
HF541715.1_1 
HF541775.1_1 
HF541828.1_4 
HF540550.1_1 
HF540721.1_1 
HF540780.1_1 
HF540789.1_4 
HF540918.1_2 
HF540936.1_4 
HF540947.1_2 
HF541071.1_4 
HF541192.1_20 
HF541235.1_1 
HF541341.1_3 
HF540653.1_2 
HF540790.1_3 
HF540812.1_1 
HF541001.1_1 
HF541171.1_1 
HF541225.1_1 
HF541277.1_30 
HF541333.1_1 
HF541354.1_11 
HF541442.1_3 
HF541614.1_2 
HF541618.1_1 
HF541841.1_13 
HF541848.1_24 
HF540470.1_2 
HF540591.1_1 
HF540757.1_2 
HF540772.1_2 
HF540818.1_2 
HF540824.1_1 
HF541156.1_6 
HF541218.1_7 
HF541242.1_1 
HF541379.1_1 
HF541468.1_1 
HF541514.1_4 
HF541746.1_1 
HF541833.1_2 
HF541842.1_25 
HF541848.1_27 
HF540538.1_10 
HF540548.1_8 
HF540567.1_2 
HF540577.1_1 
HF540702.1_50 
HF540921.1_2 
HF540926.1_2 
HF540941.1_1 
HF540998.1_2 
HF541027.1_6 
HF541069.1_1 
HF541087.1_31 
HF541323.1_1 
HF541343.1_1 
HF541380.1_1 
HF541392.1_1 
HF541482.1_1 
HF540567.1_4 
HF540735.1_3 
HF540770.1_8 
HF540794.1_1 
HF540878.1_16 
HF540952.1_17 
HF540996.1_1 
HF541347.1_1 
HF541581.1_2 
HF541827.1_10 
HF541842.1_17 
HF541846.1_12 
HF540508.1_2 
HF540660.1_1 
HF540746.1_1 
HF540778.1_3 
HF540878.1_4 
HF540942.1_1 
HF540950.1_16 
HF540952.1_6 
HF541028.1_2 
HF541064.1_2 
HF541142.1_1 
HF541154.1_1 
HF541351.1_4 
HF541456.1_1 
HF541557.1_8 
HF541629.1_1 
HF541668.1_9 
HF541693.1_1 
HF540848.1_1 
HF541027.1_5 
HF541079.1_1 
HF541145.1_1 
HF541195.1_1 
HF541510.1_1 
HF541555.1_12 
HF541753.1_1 
HF541760.1_6 
HF540468.1_10 
HF540632.1_1 
HF540683.1_3 
HF540795.1_2 
HF540873.1_1 
HF540984.1_1 
HF540990.1_11 
HF541102.1_2 
HF541192.1_1 
HF541205.1_4 
HF541258.1_1 
HF541370.1_4 
HF541512.1_1 
HF541594.1_1 
HF541825.1_12 
HF540540.1_8 
HF540641.1_1 
HF540772.1_9 
HF541350.1_9 
HF541429.1_5 
HF540492.1_2 
HF540584.1_1 
HF540618.1_4 
HF540857.1_1 
HF541213.1_1 
HF541239.1_3 
HF541264.1_8 
HF541827.1_8 
HF540609.1_2 
HF540757.1_1 
HF540790.1_2 
HF540834.1_1 
HF540838.1_1 
HF540842.1_6 
HF540993.1_2 
HF541149.1_2 
HF541414.1_5 
HF541470.1_2 
HF541604.1_1 
HF541657.1_3 
HF541671.1_8 
HF541799.1_1 
HF541834.1_3 
HF541852.1_12 
HF541855.1_6 
HF540568.1_1 
HF540569.1_1 
HF540783.1_7 
HF540837.1_1 
HF540888.1_15 
HF540916.1_1 
HF540928.1_1 
HF541227.1_9 
HF541277.1_33 
HF541472.1_6 
HF541742.1_1 
HF541852.1_8 
HF540570.1_1 
HF540575.1_1 
HF540579.1_1 
HF540702.1_2 
HF540878.1_22 
HF540950.1_4 
HF541128.1_2 
HF541189.1_1 
HF541264.1_9 
HF541273.1_39 
HF541400.1_5 
HF541493.1_1 
HF541657.1_1 
HF541668.1_7 
HF541716.1_3 
HF541848.1_11 
HF540761.1_1 
HF540765.1_1 
HF540943.1_5 
HF541099.1_1 
HF541211.1_1 
HF541481.1_1 
HF541506.1_6 
HF541508.1_1 
HF541569.1_1 
HF541857.1_13 
HF540580.1_1 
HF540604.1_1 
HF540692.1_5 
HF540760.1_1 
HF540926.1_15 
HF541054.1_18 
HF541177.1_1 
HF541344.1_1 
HF541432.1_1 
HF541604.1_2 
HF541668.1_5 
HF541681.1_1 
HF541849.1_1 
HF541855.1_27 
HF540490.1_1 
HF540491.1_1 
HF540540.1_11 
HF540571.1_1 
HF540613.1_1 
HF540616.1_1 
HF540665.1_1 
HF540817.1_2 
HF540871.1_1 
HF540895.1_1 
HF540926.1_6 
HF540999.1_1 
HF541185.1_1 
HF541335.1_4 
HF541519.1_1 
HF541521.1_1 
HF541848.1_19 
HF541857.1_12 
HF540747.1_1 
HF540854.1_1 
HF541050.1_1 
HF541593.1_1 
HF541654.1_1 
HF541674.1_1 
HF541700.1_1 
HF541857.1_11 
HF541863.1_23 
HF540564.1_1 
HF540583.1_6 
HF540663.1_1 
HF540707.1_1 
HF540710.1_1 
HF540775.1_1 
HF540950.1_17 
HF541029.1_1 
HF541053.1_1 
HF541078.1_1 
HF541310.1_3 
HF541326.1_2 
HF541357.1_1 
HF541370.1_9 
HF541527.1_1 
HF541557.1_10 
HF541636.1_1 
HF541765.1_2 
HF541787.1_2 
HF540542.1_16 
HF540549.1_1 
HF540626.1_1 
HF540646.1_4 
HF540706.1_1 
HF540708.1_1 
HF540842.1_2 
HF540908.1_1 
HF541447.1_6 
HF541466.1_3 
HF541505.1_2 
HF541511.1_1 
HF541555.1_7 
HF541633.1_1 
HF541793.1_1 
HF540501.1_4 
HF540516.1_1 
HF540549.1_2 
HF540617.1_1 
HF540690.1_2 
HF540702.1_63 
HF540770.1_1 
HF540849.1_1 
HF540888.1_5 
HF541010.1_1 
HF541179.1_1 
HF541193.1_1 
HF541197.1_2 
HF541283.1_17 
HF541322.1_1 
HF541405.1_1 
HF541760.1_4 
HF540488.1_1 
HF540553.1_3 
HF540621.1_1 
HF540724.1_1 
HF540738.1_5 
HF541015.1_1 
HF541045.1_1 
HF541122.1_2 
HF541185.1_3 
HF541192.1_7 
HF541402.1_1 
HF541541.1_1 
HF540478.1_4 
HF540537.1_1 
HF540540.1_10 
HF540695.1_1 
HF540916.1_2 
HF541003.1_1 
HF541274.1_14 
HF541282.1_10 
HF541398.1_1 
HF541536.1_1 
HF541591.1_2 
HF541618.1_5 
HF541721.1_1 
HF541760.1_2 
HF541793.1_3 
HF540624.1_1 
HF540628.1_1 
HF540700.1_9 
HF540950.1_3 
HF540980.1_2 
HF540996.1_2 
HF541147.1_1 
HF541263.1_2 
HF541470.1_1 
HF541545.1_1 
HF541566.1_1 
HF541701.1_1 
HF540619.1_1 
HF540620.1_1 
HF540637.1_7 
HF540724.1_11 
HF540796.1_2 
HF540933.1_1 
HF541006.1_1 
HF541150.1_1 
HF541192.1_11 
HF541202.1_1 
HF541241.1_3 
HF541245.1_1 
HF541298.1_1 
HF541370.1_15 
HF541378.1_1 
HF541452.1_1 
HF541692.1_1 
HF541707.1_1 
HF541821.1_4 
HF541855.1_9 
HF540471.1_1 
HF540574.1_1 
HF540585.1_1 
HF540592.1_23 
HF540654.1_1 
HF540658.1_1 
HF540773.1_1 
HF540861.1_1 
HF540865.1_1 
HF540894.1_3 
HF540926.1_25 
HF540963.1_2 
HF541062.1_1 
HF541203.1_2 
HF541249.1_1 
HF541400.1_3 
HF541459.1_1 
HF541462.1_16 
HF541462.1_6 
HF541734.1_2 
HF541840.1_1 
HF540646.1_1 
HF540803.1_1 
HF540851.1_2 
HF540892.1_1 
HF540949.1_10 
HF541004.1_1 
HF541008.1_1 
HF541054.1_6 
HF541108.1_1 
HF541272.1_1 
HF541320.1_14 
HF541383.1_1 
HF541391.1_3 
HF541403.1_1 
HF541455.1_1 
HF541628.1_1 
HF541855.1_24 
HF540521.1_1 
HF540625.1_5 
HF540836.1_1 
HF541101.1_1 
HF541119.1_1 
HF541148.1_1 
HF541205.1_2 
HF541396.1_3 
HF541401.1_1 
HF541412.1_2 
HF541625.1_1 
HF541703.1_2 
HF541836.1_3 
HF541853.1_6 
HF540480.1_1 
HF540541.1_15 
HF540573.1_2 
HF540749.1_2 
HF540774.1_7 
HF540941.1_2 
HF540980.1_1 
HF541048.1_1 
HF541082.1_1 
HF541083.1_2 
HF541105.1_9 
HF541196.1_1 
HF541200.1_1 
HF541277.1_34 
HF541284.1_2 
HF541348.1_2 
HF541430.1_2 
HF541458.1_1 
HF541660.1_1 
HF541680.1_1 
HF541837.1_8 
HF541848.1_2 
HF541851.1_3 
HF541031.1_1 
HF541043.1_1 
HF541063.1_1 
HF541085.1_1 
HF541283.1_14 
HF541310.1_1 
HF541840.1_19 
HF540572.1_1 
HF540603.1_2 
HF540918.1_3 
HF541039.1_1 
HF541117.1_1 
HF541157.1_4 
HF541219.1_4 
HF541278.1_6 
HF541400.1_26 
HF541413.1_1 
HF541439.1_1 
HF541440.1_1 
HF541473.1_11 
HF541578.1_1 
HF541648.1_2 
HF541705.1_1 
HF541719.1_1 
HF541723.1_1 
HF541774.1_1 
HF541791.1_3 
HF541853.1_8 
HF541854.1_24 
HF540538.1_3 
HF540587.1_1 
HF540808.1_1 
HF540867.1_2 
HF540905.1_1 
HF541169.1_3 
HF541251.1_1 
HF541278.1_4 
HF541408.1_2 
HF541425.1_1 
HF541500.1_1 
HF541795.1_1 
HF541854.1_15 
HF540638.1_1 
HF540693.1_1 
HF540726.1_34 
HF540726.1_51 
HF540764.1_1 
HF540826.1_1 
HF540898.1_1 
HF540952.1_15 
HF540968.1_1 
HF541158.1_1 
HF541313.1_1 
HF541355.1_1 
HF541391.1_4 
HF541565.1_1 
HF541575.1_2 
HF541687.1_1 
HF541756.1_1 
HF541758.1_1 
HF541794.1_1 
HF541844.1_12 
HF541851.1_11 
HF541863.1_10 
HF540489.1_2 
HF540608.1_2 
HF540699.1_1 
HF540702.1_48 
HF540855.1_1 
HF540918.1_1 
HF540987.1_5 
HF541143.1_1 
HF541254.1_2 
HF541274.1_6 
HF541351.1_2 
HF541686.1_2 
HF541720.1_1 
HF541725.1_1 
HF541827.1_3 
HF541855.1_31 
HF540501.1_1 
HF540544.1_5 
HF540574.1_9 
HF540700.1_6 
HF540809.1_1 
HF540977.1_1 
HF541008.1_2 
HF541298.1_2 
HF541325.1_2 
HF541326.1_1 
HF541351.1_1 
HF541466.1_1 
HF541496.1_1 
HF541576.1_1 
HF541579.1_1 
HF541723.1_3 
HF541751.1_2 
HF541754.1_1 
HF541816.1_1 
HF541842.1_28 
HF540698.1_1 
HF540894.1_1 
HF541060.1_1 
HF541304.1_3 
HF541353.1_7 
HF541386.1_1 
HF541396.1_8 
HF541407.1_1 
HF541580.1_2 
HF541760.1_1 
HF541779.1_1 
HF540545.1_1 
HF540702.1_73 
HF540786.1_2 
HF540915.1_3 
HF541102.1_1 
HF541105.1_14 
HF541266.1_4 
HF541357.1_2 
HF541476.1_2 
HF541514.1_5 
HF541790.1_1 
HF541818.1_1 
HF541830.1_2 
HF540596.1_1 
HF540703.1_1 
HF540810.1_1 
HF540888.1_3 
HF541180.1_1 
HF541273.1_40 
HF541316.1_3 
HF541376.1_1 
HF541381.1_1 
HF541503.1_1 
HF541850.1_4 
HF540542.1_12 
HF540563.1_1 
HF540745.1_2 
HF540922.1_5 
HF541151.1_1 
HF541431.1_1 
HF541668.1_2 
HF541722.1_16 
HF541732.1_1 
HF541752.1_1 
HF541856.1_5 
HF540530.1_3 
HF540605.1_1 
HF540738.1_6 
HF540783.1_2 
HF540835.1_2 
HF541273.1_46 
HF541400.1_1 
HF541513.1_1 
HF541721.1_7 
HF541824.1_14 
HF540487.1_4 
HF540610.1_1 
HF540726.1_38 
HF540922.1_2 
HF540976.1_1 
HF541346.1_5 
HF541462.1_8 
HF541616.1_2 
HF540782.1_2 
HF540797.1_1 
HF540969.1_2 
HF541205.1_10 
HF541316.1_7 
HF541448.1_1 
HF541573.1_1 
HF541580.1_3 
HF541840.1_25 
HF541842.1_10 
HF540468.1_15 
HF540538.1_2 
HF540593.1_1 
HF540606.1_2 
HF540674.1_1 
HF540787.1_2 
HF540931.1_3 
HF540943.1_6 
HF541094.1_1 
HF541120.1_2 
HF541181.1_2 
HF541184.1_2 
HF541309.1_1 
HF541311.1_2 
HF541464.1_2 
HF541626.1_1 
HF541676.1_1 
HF540583.1_4 
HF540745.1_1 
HF540802.1_1 
HF540872.1_3 
HF540975.1_1 
HF541070.1_5 
HF541114.1_1 
HF541139.1_7 
HF541421.1_1 
HF541475.1_1 
HF541856.1_3 
HF540574.1_11 
HF540614.1_1 
HF540702.1_64 
HF540737.1_2 
HF540788.1_2 
HF540858.1_1 
HF540952.1_10 
HF541205.1_16 
HF541226.1_1 
HF541256.1_1 
HF541841.1_14 
HF540583.1_5 
HF540623.1_2 
HF540694.1_2 
HF540887.1_10 
HF540952.1_16 
HF540955.1_5 
HF541026.1_7 
HF541176.1_1 
HF541277.1_35 
HF541316.1_1 
HF541484.1_5 
HF541514.1_6 
HF541595.1_1 
HF541748.1_1 
HF541831.1_1 
HF540678.1_1 
HF541036.1_2 
HF541057.1_1 
HF541086.1_1 
HF541294.1_1 
HF541344.1_3 
HF541429.1_1 
HF541469.1_6 
HF541846.1_17 
HF540702.1_77 
HF540723.1_3 
HF540726.1_33 
HF540811.1_1 
HF540990.1_2 
HF541033.1_1 
HF541132.1_3 
HF541212.1_2 
HF541272.1_18 
HF541302.1_1 
HF540486.1_1 
HF540657.1_2 
HF540766.1_1 
HF540776.1_2 
HF540850.1_1 
HF540929.1_2 
HF541005.1_2 
HF541031.1_2 
HF541134.1_1 
HF541761.1_1 
HF540532.1_1 
HF540648.1_2 
HF540872.1_1 
HF540932.1_1 
HF541058.1_5 
HF541419.1_1 
HF541531.1_3 
HF541535.1_1 
HF541790.1_3 
HF540670.1_2 
HF540715.1_21 
HF540749.1_8 
HF540778.1_6 
HF540784.1_2 
HF540801.1_1 
HF541072.1_2 
HF541110.1_1 
HF541304.1_7 
HF541354.1_8 
HF541379.1_2 
HF541400.1_8 
HF541462.1_9 
HF541559.1_4 
HF541659.1_1 
HF540517.1_2 
HF540531.1_5 
HF540636.1_2 
HF540806.1_1 
HF540950.1_1 
HF541110.1_3 
HF541149.1_6 
HF541596.1_1 
HF541597.1_10 
HF541610.1_2 
HF541640.1_2 
HF541664.1_1 
HF541816.1_3 
HF540804.1_2 
HF541068.1_1 
HF541140.1_1 
HF541289.1_1 
HF541601.1_1 
HF541614.1_1 
HF541736.1_33 
HF541789.1_3 
HF540470.1_1 
HF540915.1_6 
HF541084.1_2 
HF541317.1_1 
HF541597.1_11 
HF541685.1_2 
HF541732.1_2 
HF541846.1_21 
HF540595.1_2 
HF540629.1_1 
HF541005.1_1 
HF541377.1_1 
HF541454.1_2 
HF541570.1_1 
HF541615.1_6 
HF540562.1_1 
HF540566.1_7 
HF540659.1_2 
HF540724.1_21 
HF540726.1_42 
HF540783.1_5 
HF540881.1_9 
HF540965.1_2 
HF541229.1_1 
HF541305.1_1 
HF541408.1_1 
HF541412.1_1 
HF541577.1_1 
HF541672.1_2 
HF541845.1_2 
HF540670.1_3 
HF540690.1_1 
HF540790.1_1 
HF540805.1_1 
HF540955.1_2 
HF541034.1_2 
HF541118.1_7 
HF541276.1_2 
HF541643.1_1 
HF541669.1_2 
HF541692.1_2 
HF540479.1_1 
HF540724.1_3 
HF540726.1_32 
HF540795.1_1 
HF540828.1_1 
HF540866.1_1 
HF541120.1_1 
HF541231.1_4 
HF541387.1_1 
HF541643.1_23 
HF541723.1_2 
HF540552.1_1 
HF540632.1_2 
HF540726.1_13 
HF540726.1_37 
HF540794.1_17 
HF540859.1_1 
HF540902.1_1 
HF540908.1_2 
HF540970.1_4 
HF541014.1_2 
HF541140.1_8 
HF541268.1_2 
HF541328.1_3 
HF541498.1_2 
HF541528.1_2 
HF541686.1_1 
HF541744.1_2 
HF541767.1_2 
HF541848.1_23 
HF540478.1_8 
HF540540.1_22 
HF540783.1_1 
HF540895.1_2 
HF540978.1_1 
HF541052.1_1 
HF541126.1_1 
HF541231.1_5 
HF541239.1_1 
HF541325.1_3 
HF541350.1_4 
HF541464.1_1 
HF541528.1_1 
HF541685.1_1 
HF540654.1_2 
HF540781.1_1 
HF540832.1_1 
HF541139.1_2 
HF541174.1_1 
HF541185.1_2 
HF541311.1_1 
HF541320.1_23 
HF541332.1_6 
HF541370.1_14 
HF541429.1_6 
HF541563.1_1 
HF540740.1_1 
HF540887.1_9 
HF540953.1_5 
HF541034.1_1 
HF541040.1_4 
HF541315.1_1 
HF541396.1_5 
HF541684.1_4 
HF541777.1_1 
HF540495.1_1 
HF540553.1_1 
HF540727.1_1 
HF540856.1_1 
HF540867.1_4 
HF541000.1_1 
HF541335.1_2 
HF541518.1_1 
HF541689.1_3 
HF541836.1_1 
HF540667.1_1 
HF540774.1_9 
HF540776.1_4 
HF541022.1_1 
HF541246.1_1 
HF541398.1_3 
HF541646.1_1 
HF540541.1_8 
HF540926.1_1 
HF541028.1_1 
HF541105.1_15 
HF541225.1_8 
HF541275.1_4 
HF541342.1_2 
HF541361.1_2 
HF540468.1_3 
HF540518.1_1 
HF540541.1_6 
HF540668.1_2 
HF541023.1_1 
HF541170.1_1 
HF541336.1_2 
HF541354.1_2 
HF541560.1_1 
HF541596.1_22 
HF541762.1_1 
HF540486.1_2 
HF540533.1_3 
HF540774.1_5 
HF540975.1_2 
HF541049.1_1 
HF541132.1_1 
HF541161.1_2 
HF541273.1_11 
HF541305.1_2 
HF541706.1_3 
HF541710.1_1 
HF540633.1_2 
HF541603.1_6 
HF541624.1_2 
HF541732.1_3 
HF540990.1_15 
HF541205.1_1 
HF541215.1_8 
HF541282.1_1 
HF541561.1_2 
HF540888.1_22 
HF540992.1_1 
HF541014.1_1 
HF541232.1_1 
HF541375.1_6 
HF541384.1_1 
HF541561.1_1 
HF541730.1_1 
HF540592.1_7 
HF540829.1_1 
HF540867.1_3 
HF540935.1_10 
HF541447.1_1 
HF541586.1_1 
HF540720.1_1 
HF540896.1_1 
HF540953.1_7 
HF541081.1_1 
HF541476.1_1 
HF541517.1_2 
HF540516.1_6 
HF540559.1_1 
HF541556.1_1 
HF541780.1_3 
HF540469.1_2 
HF540609.1_1 
HF540989.1_1 
HF541526.1_1 
HF540595.1_1 
HF540659.1_1 
HF540778.1_1 
HF540909.1_3 
HF541456.1_2 
HF541743.1_1 
HF541107.1_1 
HF541527.1_2 
HF540471.1_2 
HF540779.1_2 
HF541218.1_1 
HF541407.1_3 
HF541567.1_1 
HF541623.1_1 
HF541763.1_1 
HF540518.1_2 
HF540796.1_3 
HF540867.1_1 
HF541255.1_1 
HF541413.1_2 
HF540882.1_1 
HF541248.1_2 
HF540945.1_4 
HF541084.1_1 
HF541722.1_1 
