KB911990.1_69 KB911976.1_5 KB911980.1_34 KB911851.1_29 KB911877.1_2 KB911950.1_123 KB911990.1_42 KB912023.1_40 KB911979.1_7 KB911862.1_23 KB911974.1_17 KB911977.1_11 KB912023.1_6 KB911978.1_18 KB911884.1_51 KB911978.1_21 KB912045.1_84 KB912012.1_15 KB911895.1_47 KB911838.1_182 KB911851.1_26 KB912012.1_25 KB911982.1_28 KB911879.1_1 KB911839.1_161 KB911838.1_236 KB911979.1_94 KB911839.1_73 KB911840.1_26 KB911862.1_64 KB911839.1_91 KB912033.1_3 KB912001.1_61 KB912023.1_70 KB911987.1_14 KB911862.1_33 KB911851.1_46 KB912023.1_71 KB911839.1_63 KB912001.1_28 KB911950.1_55 KB912023.1_61 KB911851.1_71 KB911917.1_13 KB911997.1_11 KB912011.1_3 KB912012.1_52 KB911838.1_198 KB911979.1_114 KB911918.1_2 KB912032.1_2 KB911858.1_1 KB912023.1_5 KB911843.1_2 KB912051.1_1 
KB911884.1_17 KB912001.1_57 KB912023.1_85 KB911973.1_24 KB911838.1_58 KB911999.1_8 KB911906.1_29 KB911838.1_171 KB911971.1_31 KB911851.1_36 KB911996.1_9 KB912023.1_28 KB911975.1_8 KB912001.1_91 KB912001.1_17 KB911974.1_14 KB911990.1_20 KB911884.1_56 KB912045.1_79 KB911851.1_37 KB911839.1_14 KB912010.1_5 KB912012.1_75 KB911839.1_65 KB911851.1_40 KB911839.1_76 KB911950.1_128 KB911862.1_43 KB911950.1_111 KB911971.1_37 KB912034.1_18 KB912034.1_70 KB912012.1_89 KB911979.1_73 KB911974.1_6 KB911992.1_13 KB912047.1_2 KB912015.1_3 KB911970.1_1 KB911945.1_1 KB911915.1_2 
KB912001.1_102 KB911862.1_28 KB911939.1_32 KB911862.1_2 KB912012.1_11 KB912023.1_41 KB911973.1_15 KB912034.1_68 KB911839.1_83 KB912034.1_76 KB912012.1_23 KB912034.1_23 KB911950.1_143 KB911851.1_30 KB911839.1_15 KB912012.1_72 KB911862.1_30 KB911839.1_100 KB911862.1_8 KB911950.1_134 KB911884.1_2 KB911838.1_136 KB911979.1_33 KB912023.1_25 KB911839.1_128 KB911971.1_35 KB911979.1_100 KB911951.1_6 KB911983.1_22 KB911839.1_81 KB911990.1_62 KB912001.1_93 KB912045.1_60 KB911839.1_132 KB911838.1_146 KB911980.1_22 KB911838.1_80 KB911839.1_59 KB911861.1_1 
KB912025.1_5 KB912034.1_92 KB912045.1_96 KB912045.1_97 KB912045.1_42 KB911979.1_31 KB911838.1_154 KB911862.1_37 KB912012.1_73 KB911873.1_4 KB912045.1_62 KB911844.1_2 KB911988.1_2 KB912018.1_3 KB911950.1_180 KB911873.1_40 KB911975.1_26 KB911979.1_4 KB912002.1_7 KB911979.1_125 KB911976.1_10 
KB911939.1_18 KB912012.1_9 KB912001.1_104 KB911990.1_31 KB911983.1_21 KB911990.1_23 KB912023.1_33 KB911839.1_17 KB911906.1_11 KB912023.1_2 KB911985.1_12 KB911975.1_14 KB912001.1_106 KB911838.1_166 KB911873.1_74 KB912054.1_4 KB911840.1_5 
KB911851.1_56 KB912045.1_91 KB911990.1_70 KB911980.1_18 KB911895.1_27 KB911950.1_94 KB911988.1_14 KB911851.1_72 KB911951.1_10 KB911979.1_71 KB911838.1_94 KB911979.1_15 KB911840.1_94 KB911950.1_13 KB911979.1_112 KB911929.1_1 
KB911971.1_38 KB911996.1_10 KB912023.1_84 KB911971.1_32 KB911999.1_9 KB911895.1_8 KB911839.1_75 KB911884.1_16 KB911862.1_44 KB911851.1_35 KB911974.1_13 KB911950.1_110 
KB911839.1_121 KB911851.1_44 KB911974.1_18 KB911906.1_40 KB912001.1_47 KB911839.1_30 KB911838.1_109 KB911950.1_166 KB912029.1_2 KB911850.1_1 KB912001.1_69 
KB911838.1_110 KB912029.1_3 KB911950.1_165 KB911839.1_31 KB912001.1_48 KB912023.1_21 KB911906.1_39 KB912001.1_70 KB911851.1_43 KB911839.1_122 KB911850.1_2 
KB911840.1_89 KB911839.1_79 KB911839.1_86 KB911979.1_89 KB912045.1_89 KB911884.1_38 KB912034.1_77 KB911862.1_26 KB911939.1_33 KB912048.1_1 
KB912001.1_55 KB911979.1_46 KB911839.1_131 KB911840.1_44 KB912034.1_10 KB912045.1_90 KB911950.1_135 KB911873.1_31 KB911976.1_30 
KB912001.1_79 KB911862.1_42 KB912001.1_5 KB912002.1_5 KB912038.1_1 KB911839.1_80 KB911838.1_19 KB911982.1_21 KB911884.1_1 
KB912023.1_49 KB911847.1_1 KB911975.1_5 KB912020.1_1 KB911839.1_85 KB911982.1_29 KB911851.1_67 KB912001.1_13 
KB912023.1_57 KB911838.1_68 KB911974.1_22 KB911978.1_25 KB911838.1_42 KB911838.1_40 KB911972.1_1 
KB911839.1_156 KB911950.1_153 KB912002.1_4 KB911939.1_23 KB911982.1_33 KB911862.1_58 
KB912010.1_3 KB911990.1_90 KB911983.1_10 KB911990.1_10 KB911997.1_5 KB911884.1_53 
KB912034.1_26 KB911950.1_184 KB912012.1_3 KB912032.1_8 KB911906.1_36 KB912012.1_2 
KB911973.1_5 KB911990.1_107 KB911838.1_122 KB911974.1_15 KB911924.1_1 
KB911983.1_2 KB912012.1_82 KB911838.1_102 KB912009.1_5 KB911917.1_20 
KB912045.1_56 KB911928.1_13 KB912023.1_36 KB911950.1_140 KB911928.1_14 
KB911895.1_21 KB911839.1_78 KB911839.1_92 KB912001.1_97 KB911845.1_3 
KB911990.1_91 KB911990.1_9 KB912010.1_2 KB912001.1_119 KB911884.1_54 
KB912001.1_66 KB911976.1_18 KB912045.1_57 KB911894.1_2 KB911846.1_1 
KB911854.1_4 KB911973.1_9 KB912045.1_20 KB911838.1_175 KB911838.1_104 
KB912001.1_16 KB911990.1_19 KB912034.1_86 KB912011.1_6 
KB911884.1_29 KB911838.1_207 KB911978.1_16 KB911990.1_83 
KB911851.1_39 KB911839.1_13 KB911932.1_1 KB911915.1_1 
KB912004.1_3 KB912012.1_99 KB912012.1_98 KB912004.1_4 
KB912003.1_5 KB911838.1_44 KB911838.1_43 KB911972.1_3 
KB912012.1_31 KB911986.1_22 KB912023.1_52 KB911840.1_20 
KB912023.1_35 KB911950.1_141 KB911928.1_12 KB912045.1_55 
KB911986.1_12 KB911838.1_134 KB911996.1_3 KB912001.1_95 
KB911951.1_9 KB911990.1_14 KB911975.1_25 KB911951.1_16 
KB912023.1_18 KB911975.1_11 KB911983.1_24 KB911971.1_27 
KB912023.1_92 KB911862.1_72 KB912007.1_1 KB912021.1_1 
KB911979.1_26 KB911839.1_136 KB911990.1_101 
KB911990.1_108 KB911838.1_123 KB911974.1_16 
KB912001.1_92 KB912001.1_56 KB911856.1_3 
KB911906.1_41 KB912001.1_20 KB911990.1_36 
KB911873.1_75 KB912045.1_47 KB912023.1_17 
KB912007.1_4 KB911851.1_20 KB912023.1_3 
KB911950.1_11 KB911928.1_37 KB911838.1_220 
KB912034.1_11 KB912034.1_12 KB912012.1_106 
KB911973.1_41 KB912030.1_1 KB911921.1_1 
KB911873.1_54 KB911950.1_86 KB911857.1_3 
KB911977.1_12 KB911939.1_41 KB911838.1_255 
KB912023.1_20 KB911838.1_39 KB912012.1_92 
KB911973.1_26 KB912045.1_30 KB911865.1_3 
KB911939.1_48 KB912012.1_67 KB911920.1_1 
KB911838.1_93 KB911928.1_19 KB911963.1_2 
KB911962.1_2 KB912014.1_4 KB911973.1_35 
KB911982.1_7 KB911998.1_6 KB911982.1_19 
KB911838.1_67 KB911862.1_20 KB912001.1_15 
KB911939.1_13 KB912001.1_82 KB911838.1_103 
KB911985.1_14 KB911917.1_50 KB911838.1_162 
KB911895.1_24 KB912024.1_6 KB911895.1_22 
KB911865.1_2 KB911973.1_27 KB912045.1_31 
KB911839.1_144 KB911839.1_145 KB911839.1_147 
KB911986.1_1 KB912007.1_9 KB912022.1_3 
KB911840.1_55 KB911917.1_62 
KB911906.1_16 KB911906.1_43 
KB912021.1_5 KB911997.1_1 
KB911979.1_8 KB911838.1_191 
KB912034.1_48 KB912039.1_1 
KB911838.1_46 KB911974.1_21 
KB911984.1_17 KB911838.1_181 
KB911979.1_5 KB911928.1_42 
KB912006.1_6 KB912023.1_89 
KB911838.1_184 KB911884.1_31 
KB911950.1_93 KB911862.1_15 
KB911979.1_54 KB911985.1_1 
KB911839.1_28 KB911862.1_31 
KB911839.1_41 KB912024.1_4 
KB911976.1_20 KB911898.1_1 
KB911950.1_193 KB912001.1_122 
KB911906.1_10 KB911906.1_14 
KB911950.1_25 KB911990.1_67 
KB911951.1_28 KB911998.1_5 
KB911971.1_34 KB911839.1_66 
KB911839.1_155 KB912012.1_74 
KB911974.1_12 KB912033.1_4 
KB911990.1_58 KB911873.1_28 
KB911979.1_74 KB912034.1_71 
KB912012.1_57 KB911978.1_14 
KB911895.1_25 KB911903.1_1 
KB911979.1_22 KB911985.1_21 
KB912018.1_4 KB911862.1_22 
KB912041.1_3 KB911950.1_170 
KB912001.1_33 KB911990.1_38 
KB912012.1_80 KB911871.1_2 
KB912004.1_2 KB912004.1_1 
KB911950.1_88 KB911971.1_4 
KB911978.1_13 KB912012.1_68 
KB911979.1_55 KB911838.1_206 
KB911990.1_15 KB911838.1_201 
KB912034.1_83 KB912034.1_93 
KB912006.1_1 KB912045.1_44 
KB911840.1_21 KB912011.1_4 
KB911873.1_29 KB911990.1_60 
KB911973.1_25 KB912045.1_75 
KB911981.1_28 KB911981.1_30 
KB911990.1_99 KB912023.1_27 
KB911990.1_61 KB911873.1_30 
KB911973.1_39 KB912005.1_12 
KB911950.1_98 KB911975.1_28 
KB911838.1_155 KB911838.1_156 
KB912025.1_3 KB912023.1_72 
KB912001.1_84 KB911838.1_246 
KB912002.1_6 KB911925.1_1 
KB911840.1_34 KB911849.1_3 
KB911928.1_20 KB911893.1_2 
KB911974.1_9 KB912023.1_55 
KB912023.1_73 KB912025.1_4 
KB911988.1_3 KB911988.1_4 
KB911839.1_95 KB912023.1_75 
KB911939.1_43 KB912019.1_6 
KB911906.1_27 KB911978.1_17 
KB912023.1_77 KB911985.1_8 
KB911873.1_20 KB911990.1_53 
KB912001.1_114 KB911890.1_1 
KB911979.1_29 KB911858.1_3 
KB911980.1_37 KB911950.1_95 
KB911926.1_1 KB911991.1_21 
KB911998.1_9 KB911972.1_35 
KB911989.1_5 KB911996.1_14 
KB912045.1_7 KB912045.1_43 
KB912001.1_45 KB911906.1_5 
KB911990.1_55 KB911873.1_24 
KB911972.1_17 KB912001.1_107 
KB911972.1_13 KB912045.1_5 
KB911884.1_50 KB911897.1_2 
KB912045.1_61 KB911873.1_3 
KB911936.1_1 KB911962.1_11 
KB911950.1_112 KB911838.1_72 
KB911895.1_55 KB911876.1_3 
KB912020.1_5 KB911978.1_3 
KB911989.1_14 KB912001.1_116 
KB911838.1_174 KB911950.1_6 
KB911972.1_22 KB911982.1_2 
KB911838.1_240 KB912001.1_109 
KB912028.1_7 KB911886.1_2 
KB912045.1_52 KB911950.1_142 
KB911838.1_148 KB911992.1_20 
KB912001.1_121 KB911950.1_194 
KB911972.1_26 KB911982.1_5 
KB911989.1_7 KB911996.1_12 
KB911895.1_18 KB911939.1_7 
KB911989.1_3 KB911996.1_16 
KB912023.1_9 KB911977.1_19 
KB911839.1_69 KB912034.1_73 
KB912001.1_37 KB911883.1_2 
KB911839.1_2 KB912001.1_8 
KB911839.1_129 KB911838.1_8 
KB911980.1_23 KB911990.1_89 
KB911928.1_36 KB911969.1_2 
KB911996.1_18 KB911989.1_1 
KB911873.1_82 KB912000.1_4 
KB911975.1_9 KB911939.1_34 
KB912046.1_3 KB912046.1_2 
KB912034.1_58 KB911928.1_25 
KB911950.1_147 KB911862.1_21 
KB911976.1_31 KB911973.1_32 
KB911895.1_43 KB911895.1_42 
KB911840.1_67 KB911838.1_250 
KB911873.1_67 KB911983.1_23 
KB912001.1_12 KB911951.1_29 
KB911859.1_2 KB911855.1_3 
KB911959.1_2 KB911954.1_2 
KB911917.1_8 KB911979.1_43 
KB911944.1_2 KB912005.1_9 
KB912045.1_45 KB911838.1_216 
KB911990.1_54 KB911873.1_25 
KB911990.1_51 KB911873.1_18 
KB911986.1_24 KB912012.1_5 
KB911967.1_1 KB911979.1_115 
KB912012.1_60 KB911976.1_7 
KB911992.1_8 KB911975.1_6 
KB911839.1_16 KB911840.1_76 
KB911873.1_46 KB911862.1_6 
KB911885.1_3 KB911991.1_3 
KB911990.1_56 KB911873.1_26 
KB911983.1_17 KB911838.1_239 
KB911851.1_22 KB911986.1_2 
KB911977.1_4 KB912045.1_92 
KB911989.1_4 KB911996.1_15 
KB912034.1_15 KB912003.1_9 
KB911989.1_2 KB911996.1_17 
KB911939.1_27 KB911979.1_106 
KB911862.1_70 KB911962.1_21 
KB911873.1_42 KB911873.1_69 
KB911949.1_1 KB911979.1_66 
KB911928.1_34 KB912033.1_2 
KB911986.1_25 KB912012.1_40 
KB911839.1_150 KB911839.1_148 
KB911917.1_4 KB911993.1_4 
KB911906.1_33 KB911839.1_49 
KB911990.1_57 KB911873.1_27 
KB911977.1_25 KB911851.1_2 
KB911944.1_1 KB912005.1_8 
KB911917.1_1 KB911993.1_1 
KB911917.1_5 KB911993.1_5 
KB911986.1_17 KB911994.1_22 
KB912012.1_36 KB911986.1_26 
KB912034.1_16 KB912003.1_8 
KB911840.1_14 KB911840.1_9 
KB911917.1_63 KB911839.1_134 
KB911994.1_14 KB911994.1_28 
KB911917.1_2 KB911993.1_2 
KB911917.1_3 KB911993.1_3 
KB911989.1_6 KB911996.1_13 
KB911989.1_13 
KB911987.1_3 
KB912012.1_55 
KB912034.1_78 
KB912023.1_69 
KB911839.1_88 
KB911895.1_37 
KB912034.1_32 
KB912013.1_2 
KB911974.1_1 
KB911979.1_116 
KB911839.1_70 
KB911906.1_30 
KB911972.1_2 
KB911979.1_1 
KB912023.1_56 
KB911895.1_29 
KB911895.1_45 
KB911979.1_98 
KB911862.1_61 
KB911884.1_14 
KB912012.1_16 
KB911906.1_17 
KB912022.1_2 
KB911976.1_15 
KB911950.1_22 
KB912023.1_60 
KB911973.1_42 
KB912001.1_86 
KB911895.1_5 
KB911928.1_26 
KB911851.1_54 
KB912004.1_5 
KB911838.1_99 
KB911950.1_21 
KB912034.1_44 
KB911987.1_16 
KB912003.1_1 
KB911906.1_1 
KB912023.1_88 
KB911950.1_69 
KB912034.1_14 
KB911906.1_34 
KB911917.1_44 
KB911838.1_101 
KB912017.1_3 
KB911838.1_57 
KB912001.1_14 
KB912001.1_32 
KB911851.1_45 
KB911978.1_20 
KB911838.1_26 
KB911839.1_43 
KB911994.1_16 
KB911873.1_16 
KB911990.1_37 
KB911979.1_90 
KB911989.1_9 
KB911873.1_41 
KB911838.1_152 
KB911979.1_120 
KB911838.1_47 
KB912012.1_44 
KB912034.1_38 
KB911928.1_3 
KB911951.1_7 
KB911977.1_13 
KB912023.1_19 
KB912000.1_1 
KB911862.1_34 
KB911979.1_75 
KB912001.1_108 
KB911838.1_100 
KB911840.1_92 
KB911972.1_21 
KB911895.1_30 
KB912034.1_17 
KB911838.1_97 
KB911906.1_8 
KB911839.1_72 
KB911917.1_25 
KB912014.1_6 
KB911950.1_65 
KB911990.1_80 
KB911884.1_43 
KB911975.1_7 
KB911990.1_35 
KB911962.1_44 
KB911840.1_41 
KB911986.1_5 
KB911991.1_7 
KB911981.1_2 
KB912012.1_26 
KB911950.1_192 
KB911990.1_97 
KB911950.1_68 
KB911950.1_87 
KB911950.1_129 
KB911895.1_17 
KB911884.1_52 
KB911839.1_11 
KB911838.1_119 
KB912045.1_80 
KB911873.1_68 
KB911838.1_153 
KB911951.1_27 
KB911979.1_14 
KB911838.1_237 
KB911840.1_40 
KB912012.1_51 
KB912001.1_103 
KB911839.1_40 
KB912012.1_84 
KB911977.1_26 
KB911971.1_10 
KB912000.1_6 
KB911851.1_12 
KB911990.1_43 
KB911906.1_37 
KB911838.1_59 
KB911839.1_32 
KB911862.1_69 
KB911928.1_9 
KB912027.1_1 
KB911841.1_1 
KB911851.1_49 
KB912023.1_29 
KB911851.1_65 
KB911974.1_2 
KB911928.1_40 
KB911979.1_3 
KB911990.1_114 
KB912012.1_54 
KB911962.1_12 
KB911983.1_13 
KB911838.1_73 
KB911862.1_39 
KB912012.1_83 
KB912012.1_88 
KB911884.1_44 
KB911990.1_22 
KB912001.1_38 
KB912001.1_77 
KB911862.1_17 
KB911951.1_38 
KB911975.1_31 
KB911839.1_106 
KB912055.1_1 
KB911862.1_53 
KB912031.1_2 
KB911917.1_51 
KB911839.1_103 
KB911838.1_248 
KB912034.1_57 
KB911840.1_33 
KB911851.1_76 
KB911987.1_5 
KB911884.1_23 
KB911838.1_13 
KB912045.1_81 
KB911851.1_38 
KB911839.1_64 
KB911873.1_64 
KB911962.1_27 
KB911962.1_31 
KB911840.1_51 
KB911838.1_87 
KB912001.1_27 
KB911962.1_6 
KB911839.1_9 
KB911950.1_56 
KB911838.1_54 
KB911971.1_42 
KB911950.1_160 
KB911838.1_111 
KB912034.1_28 
KB911851.1_33 
KB911873.1_51 
KB911962.1_25 
KB911951.1_43 
KB911979.1_19 
KB911985.1_4 
KB911840.1_15 
KB911996.1_1 
KB911977.1_35 
KB911979.1_121 
KB911862.1_48 
KB911862.1_9 
KB911928.1_2 
KB911838.1_17 
KB911939.1_29 
KB912009.1_2 
KB912034.1_91 
KB911838.1_169 
KB911998.1_10 
KB911950.1_121 
KB911977.1_24 
KB911987.1_13 
KB912045.1_95 
KB912012.1_105 
KB911962.1_18 
KB911990.1_87 
KB912012.1_100 
KB911939.1_51 
KB911843.1_1 
KB911939.1_46 
KB911895.1_23 
KB911981.1_3 
KB912012.1_79 
KB911990.1_92 
KB911999.1_3 
KB911950.1_103 
KB912006.1_3 
KB912012.1_112 
KB911998.1_2 
KB912034.1_19 
KB911973.1_28 
KB911973.1_12 
KB911895.1_44 
KB911917.1_9 
KB911962.1_37 
KB911991.1_15 
KB911838.1_245 
KB911974.1_7 
KB911986.1_3 
KB911906.1_2 
KB911981.1_31 
KB911838.1_25 
KB911838.1_76 
KB911839.1_125 
KB911860.1_1 
KB911884.1_35 
KB911976.1_13 
KB912007.1_8 
KB911851.1_32 
KB912001.1_87 
KB912034.1_47 
KB911973.1_34 
KB911962.1_22 
KB911997.1_9 
KB911862.1_66 
KB911838.1_55 
KB912023.1_1 
KB911939.1_31 
KB911838.1_209 
KB911951.1_42 
KB911988.1_10 
KB912008.1_5 
KB911838.1_208 
KB911950.1_136 
KB911839.1_19 
KB911950.1_146 
KB911983.1_11 
KB911950.1_66 
KB911998.1_11 
KB911950.1_108 
KB911851.1_79 
KB911974.1_19 
KB911838.1_81 
KB911980.1_14 
KB911866.1_1 
KB911928.1_23 
KB911939.1_30 
KB911982.1_34 
KB911950.1_91 
KB912034.1_61 
KB911950.1_62 
KB911993.1_13 
KB911979.1_39 
KB912001.1_71 
KB911962.1_35 
KB912045.1_72 
KB911950.1_7 
KB911981.1_23 
KB912023.1_59 
KB911870.1_1 
KB911990.1_84 
KB912023.1_30 
KB911840.1_29 
KB911950.1_78 
KB912001.1_10 
KB911884.1_30 
KB911990.1_111 
KB912009.1_4 
KB911985.1_16 
KB911975.1_4 
KB911973.1_11 
KB911979.1_113 
KB911998.1_4 
KB912001.1_120 
KB912012.1_108 
KB912034.1_66 
KB911840.1_16 
KB911985.1_17 
KB911988.1_17 
KB912023.1_31 
KB911895.1_51 
KB911979.1_30 
KB911839.1_130 
KB911939.1_21 
KB911838.1_107 
KB911838.1_34 
KB911985.1_5 
KB911839.1_46 
KB911995.1_15 
KB911975.1_24 
KB911950.1_102 
KB911950.1_162 
KB912001.1_49 
KB911950.1_8 
KB911990.1_4 
KB911939.1_11 
KB911962.1_5 
KB911839.1_24 
KB911839.1_38 
KB911838.1_161 
KB911873.1_62 
KB912045.1_65 
KB911978.1_30 
KB912023.1_90 
KB911981.1_12 
KB911862.1_12 
KB911917.1_26 
KB912012.1_114 
KB911906.1_20 
KB911906.1_4 
KB912023.1_82 
KB911880.1_1 
KB911840.1_68 
KB911979.1_28 
KB911990.1_113 
KB911838.1_233 
KB911838.1_53 
KB911928.1_53 
KB911939.1_35 
KB911950.1_2 
KB911962.1_32 
KB911974.1_20 
KB912001.1_44 
KB912045.1_93 
KB911838.1_145 
KB911838.1_213 
KB911851.1_16 
KB912023.1_51 
KB911838.1_90 
KB911851.1_62 
KB911873.1_23 
KB912024.1_3 
KB912049.1_2 
KB911928.1_22 
KB911984.1_31 
KB912001.1_100 
KB911884.1_36 
KB911962.1_34 
KB911983.1_12 
KB912036.1_1 
KB911839.1_5 
KB911991.1_5 
KB912045.1_49 
KB911939.1_9 
KB911990.1_18 
KB911990.1_16 
KB912012.1_66 
KB912034.1_52 
KB911839.1_104 
KB911917.1_39 
KB911979.1_77 
KB912051.1_2 
KB911862.1_5 
KB911917.1_14 
KB911972.1_34 
KB911976.1_27 
KB912016.1_4 
KB912045.1_58 
KB911979.1_127 
KB911939.1_44 
KB911976.1_8 
KB912045.1_28 
KB911862.1_24 
KB911978.1_11 
KB911979.1_20 
KB911979.1_53 
KB912045.1_17 
KB911989.1_11 
KB911971.1_3 
KB911838.1_33 
KB911979.1_101 
KB912045.1_101 
KB912045.1_100 
KB911951.1_4 
KB911974.1_24 
KB911838.1_11 
KB911839.1_74 
KB911838.1_88 
KB911986.1_16 
KB911873.1_79 
KB911951.1_22 
KB911951.1_23 
KB911839.1_111 
KB911992.1_14 
KB912045.1_18 
KB911979.1_52 
KB911979.1_37 
KB912012.1_58 
KB912045.1_39 
KB911950.1_12 
KB911983.1_6 
KB912023.1_68 
KB911987.1_17 
KB912010.1_6 
KB911950.1_97 
KB911979.1_56 
KB912010.1_4 
KB911990.1_59 
KB911851.1_23 
KB911895.1_33 
KB911975.1_18 
KB911852.1_2 
KB911950.1_167 
KB911839.1_39 
KB912003.1_4 
KB912012.1_63 
KB912045.1_27 
KB911839.1_35 
KB911917.1_59 
KB911976.1_12 
KB911838.1_187 
KB912023.1_13 
KB911979.1_107 
KB912030.1_3 
KB911881.1_2 
KB911993.1_15 
KB911975.1_3 
KB911984.1_24 
KB911839.1_170 
KB911975.1_21 
KB911996.1_11 
KB911839.1_102 
KB911987.1_12 
KB911838.1_217 
KB911844.1_1 
KB911990.1_115 
KB912045.1_3 
KB911839.1_27 
KB911839.1_149 
KB911838.1_231 
KB911950.1_164 
KB911976.1_16 
KB911986.1_15 
KB911973.1_18 
KB912053.1_2 
KB911979.1_87 
KB911979.1_10 
KB912045.1_9 
KB911838.1_188 
KB911895.1_12 
KB911950.1_67 
KB911990.1_119 
KB911993.1_8 
KB911884.1_25 
KB911839.1_56 
KB912034.1_1 
KB912034.1_82 
KB911939.1_22 
KB911873.1_10 
KB911873.1_81 
KB911899.1_1 
KB911840.1_39 
KB911972.1_36 
KB911928.1_5 
KB911971.1_43 
KB911873.1_34 
KB911979.1_24 
KB911979.1_76 
KB911838.1_45 
KB911951.1_3 
KB912007.1_5 
KB911873.1_43 
KB911884.1_15 
KB912001.1_25 
KB911973.1_22 
KB911990.1_13 
KB912034.1_21 
KB912045.1_66 
KB911884.1_18 
KB911976.1_26 
KB911976.1_28 
KB911986.1_10 
KB911838.1_92 
KB911851.1_81 
KB911990.1_24 
KB911993.1_11 
KB912047.1_1 
KB911851.1_73 
KB911928.1_38 
KB911982.1_32 
KB912045.1_87 
KB911873.1_15 
KB911928.1_1 
KB911950.1_61 
KB911838.1_210 
KB911840.1_32 
KB911873.1_2 
KB911928.1_6 
KB912000.1_5 
KB912034.1_40 
KB912045.1_40 
KB911840.1_36 
KB911855.1_2 
KB911995.1_19 
KB912002.1_3 
KB911873.1_22 
KB911939.1_20 
KB911990.1_64 
KB912023.1_11 
KB911840.1_79 
KB911917.1_47 
KB912023.1_24 
KB911838.1_75 
KB911980.1_17 
KB911839.1_23 
KB911839.1_57 
KB911990.1_85 
KB911851.1_34 
KB911951.1_24 
KB911951.1_25 
KB911981.1_7 
KB912034.1_81 
KB912045.1_21 
KB911928.1_24 
KB911950.1_174 
KB911978.1_23 
KB911991.1_17 
KB912001.1_88 
KB912017.1_2 
KB912020.1_3 
KB912045.1_41 
KB911851.1_74 
KB911974.1_11 
KB911995.1_14 
KB912012.1_85 
KB911950.1_47 
KB911884.1_45 
KB911917.1_19 
KB912001.1_21 
KB911838.1_194 
KB911838.1_228 
KB912034.1_80 
KB912034.1_9 
KB912045.1_76 
KB911839.1_135 
KB911951.1_41 
KB911977.1_14 
KB911977.1_10 
KB911982.1_23 
KB911838.1_41 
KB911839.1_157 
KB911838.1_252 
KB911838.1_96 
KB911873.1_45 
KB911873.1_73 
KB911972.1_5 
KB911980.1_29 
KB911884.1_27 
KB911928.1_21 
KB911984.1_19 
KB911979.1_41 
KB911992.1_5 
KB911838.1_253 
KB911951.1_34 
KB911977.1_16 
KB912010.1_7 
KB912012.1_64 
KB911997.1_6 
KB911838.1_205 
KB911973.1_19 
KB912001.1_85 
KB911839.1_119 
KB911995.1_17 
KB911917.1_46 
KB911983.1_20 
KB911990.1_32 
KB911838.1_7 
KB911950.1_139 
KB912019.1_4 
KB911838.1_241 
KB911873.1_47 
KB911980.1_3 
KB911862.1_10 
KB911978.1_24 
KB911984.1_9 
KB911985.1_9 
KB912045.1_83 
KB911873.1_60 
KB911988.1_15 
KB911838.1_5 
KB911853.1_1 
KB911917.1_55 
KB911986.1_13 
KB911990.1_112 
KB911990.1_63 
KB911950.1_172 
KB911975.1_12 
KB911976.1_14 
KB912026.1_2 
KB911839.1_154 
KB911840.1_4 
KB911951.1_39 
KB911972.1_9 
KB911987.1_1 
KB912045.1_12 
KB911839.1_166 
KB911939.1_50 
KB911972.1_12 
KB911982.1_27 
KB912012.1_77 
KB911838.1_70 
KB911839.1_167 
KB911873.1_58 
KB911981.1_4 
KB911982.1_1 
KB912023.1_48 
KB912034.1_87 
KB911979.1_27 
KB912023.1_81 
KB912034.1_29 
KB912045.1_1 
KB911916.1_1 
KB911950.1_4 
KB911977.1_18 
KB911979.1_93 
KB911990.1_105 
KB912001.1_113 
KB912018.1_2 
KB912023.1_47 
KB911939.1_17 
KB911990.1_27 
KB911990.1_77 
KB911997.1_4 
KB912023.1_62 
KB912034.1_51 
KB912001.1_110 
KB912001.1_36 
KB911840.1_30 
KB911917.1_43 
KB911950.1_99 
KB912009.1_7 
KB911939.1_16 
KB911972.1_31 
KB911838.1_77 
KB911862.1_13 
KB911979.1_119 
KB911928.1_16 
KB911978.1_2 
KB912007.1_7 
KB911839.1_29 
KB911895.1_39 
KB911983.1_4 
KB911991.1_9 
KB912001.1_101 
KB912012.1_27 
KB911838.1_15 
KB911838.1_65 
KB911862.1_11 
KB911990.1_47 
KB911840.1_35 
KB911978.1_15 
KB911993.1_14 
KB911873.1_12 
KB911891.1_2 
KB911906.1_6 
KB911990.1_30 
KB912009.1_3 
KB911950.1_169 
KB911977.1_8 
KB911838.1_131 
KB911851.1_69 
KB911928.1_29 
KB911951.1_8 
KB911991.1_12 
KB912001.1_6 
KB912001.1_75 
KB912034.1_39 
KB912045.1_54 
KB911838.1_221 
KB911971.1_21 
KB911839.1_112 
KB911950.1_113 
KB911950.1_124 
KB911993.1_10 
KB912036.1_5 
KB911839.1_58 
KB911992.1_4 
KB911838.1_204 
KB911939.1_6 
KB911974.1_10 
KB911979.1_11 
KB911990.1_79 
KB912023.1_87 
KB911950.1_71 
KB911917.1_61 
KB911931.1_1 
KB911939.1_8 
KB911995.1_16 
KB912045.1_33 
KB911985.1_22 
KB911985.1_7 
KB911986.1_7 
KB911873.1_71 
KB911990.1_104 
KB911868.1_2 
KB911962.1_30 
KB911982.1_26 
KB912001.1_59 
KB912001.1_94 
KB911838.1_197 
KB911882.1_1 
KB911910.1_1 
KB911988.1_11 
KB911991.1_16 
KB911962.1_36 
KB911979.1_124 
KB911990.1_75 
KB911928.1_11 
KB911950.1_157 
KB911979.1_44 
KB911979.1_81 
KB911985.1_10 
KB911896.1_2 
KB911939.1_36 
KB911839.1_26 
KB911840.1_23 
KB911917.1_53 
KB911979.1_25 
KB912034.1_22 
KB911838.1_74 
KB911895.1_28 
KB911904.1_1 
KB911950.1_14 
KB911951.1_31 
KB911980.1_27 
KB911838.1_232 
KB911839.1_146 
KB911851.1_31 
KB911862.1_27 
KB911917.1_24 
KB911917.1_30 
KB911982.1_6 
KB912023.1_43 
KB911840.1_22 
KB911887.1_2 
KB911950.1_161 
KB911972.1_28 
KB912012.1_20 
KB911838.1_227 
KB911971.1_29 
KB911991.1_18 
KB912045.1_86 
KB911838.1_138 
KB911851.1_64 
KB911939.1_28 
KB911975.1_27 
KB911977.1_37 
KB911979.1_2 
KB911990.1_96 
KB911873.1_76 
KB911993.1_7 
KB912045.1_73 
KB911917.1_27 
KB911979.1_86 
KB912052.1_2 
KB911937.1_1 
KB912012.1_103 
KB911838.1_61 
KB911906.1_3 
KB911950.1_120 
KB911988.1_7 
KB911990.1_100 
KB911995.1_8 
KB911901.1_1 
KB911938.1_1 
KB911972.1_29 
KB911972.1_30 
KB912015.1_7 
KB911851.1_19 
KB911950.1_182 
KB911981.1_22 
KB912012.1_4 
KB911941.1_1 
KB911950.1_63 
KB911971.1_12 
KB911981.1_6 
KB912023.1_38 
KB911838.1_133 
KB911838.1_173 
KB911838.1_49 
KB911838.1_60 
KB911895.1_26 
KB911864.1_1 
KB911951.1_17 
KB911979.1_68 
KB912001.1_98 
KB912050.1_3 
KB911838.1_112 
KB911845.1_1 
KB911906.1_26 
KB911950.1_181 
KB911972.1_18 
KB912002.1_8 
KB912012.1_18 
KB912034.1_79 
KB912042.1_4 
KB911884.1_5 
KB911933.1_1 
KB911979.1_34 
KB911943.1_1 
KB911980.1_10 
KB911991.1_2 
KB911992.1_22 
KB912034.1_67 
KB912041.1_2 
KB911838.1_135 
KB911862.1_36 
KB911983.1_28 
KB911984.1_22 
KB911990.1_117 
KB912007.1_6 
KB912045.1_82 
KB911917.1_58 
KB911979.1_6 
KB912023.1_53 
KB912031.1_1 
KB911950.1_156 
KB911950.1_76 
KB911975.1_32 
KB911990.1_68 
KB911838.1_4 
KB911948.1_1 
KB911971.1_2 
KB911972.1_37 
KB912043.1_1 
KB911838.1_168 
KB911990.1_73 
KB911838.1_69 
KB911962.1_23 
KB912023.1_39 
KB911839.1_94 
KB911979.1_59 
KB912001.1_9 
KB912016.1_5 
KB911972.1_14 
KB911839.1_97 
KB911917.1_23 
KB911950.1_131 
KB911972.1_32 
KB911988.1_20 
KB912012.1_13 
KB912034.1_64 
KB911838.1_158 
KB911939.1_25 
KB911950.1_149 
KB911971.1_6 
KB911950.1_138 
KB911950.1_150 
KB911990.1_94 
KB912006.1_7 
KB911939.1_3 
KB911973.1_21 
KB911984.1_13 
KB912034.1_59 
KB911838.1_38 
KB911884.1_46 
KB911982.1_17 
KB912034.1_8 
KB911851.1_1 
KB911928.1_44 
KB911983.1_25 
KB911838.1_234 
KB911838.1_91 
KB911840.1_11 
KB911928.1_8 
KB911985.1_15 
KB911990.1_93 
KB911928.1_47 
KB911953.1_1 
KB911993.1_9 
KB911951.1_35 
KB911990.1_26 
KB911838.1_159 
KB911862.1_56 
KB911973.1_4 
KB911980.1_33 
KB911990.1_28 
KB911993.1_6 
KB911873.1_5 
KB911895.1_4 
KB911838.1_129 
KB911839.1_53 
KB911840.1_91 
KB911862.1_46 
KB912016.1_3 
KB911975.1_17 
KB911990.1_103 
KB912001.1_4 
KB912044.1_2 
KB911838.1_66 
KB911869.1_2 
KB911873.1_56 
KB911939.1_4 
KB911957.1_1 
KB911984.1_27 
KB911986.1_6 
KB911928.1_15 
KB911950.1_183 
KB911839.1_176 
KB911984.1_7 
KB912008.1_7 
KB912012.1_78 
KB912034.1_69 
KB911990.1_34 
KB911990.1_6 
KB911995.1_11 
KB911838.1_116 
KB911862.1_7 
KB911873.1_66 
KB911884.1_11 
KB911939.1_45 
KB911981.1_1 
KB912001.1_105 
KB912001.1_81 
KB912035.1_6 
KB911951.1_33 
KB911984.1_29 
KB911988.1_12 
KB911990.1_95 
KB912012.1_45 
KB912037.1_3 
KB911839.1_152 
KB911839.1_18 
KB911840.1_19 
KB911972.1_27 
KB912002.1_1 
KB912003.1_3 
KB912012.1_14 
KB912023.1_15 
KB911884.1_13 
KB911994.1_9 
KB912040.1_3 
KB911861.1_2 
KB911884.1_19 
KB911906.1_24 
KB911928.1_49 
KB911928.1_50 
KB911990.1_33 
KB912023.1_12 
KB911839.1_101 
KB911840.1_37 
KB911851.1_24 
KB911895.1_19 
KB911950.1_57 
KB911972.1_20 
KB912045.1_11 
KB911884.1_8 
KB911992.1_16 
KB911840.1_93 
KB911895.1_3 
KB911906.1_35 
KB911906.1_7 
KB911928.1_17 
KB911950.1_90 
KB911951.1_32 
KB911990.1_3 
KB911990.1_71 
KB911996.1_8 
KB911997.1_13 
KB911839.1_113 
KB911888.1_3 
KB911906.1_42 
KB911997.1_14 
KB911975.1_19 
KB911984.1_16 
KB911985.1_3 
KB912001.1_65 
KB912023.1_34 
KB912034.1_89 
KB911895.1_38 
KB911979.1_79 
KB911990.1_116 
KB912045.1_67 
KB911928.1_31 
KB911935.1_1 
KB911906.1_9 
KB911979.1_69 
KB911980.1_2 
KB912037.1_4 
KB911906.1_31 
KB911939.1_1 
KB911950.1_53 
KB911966.1_1 
KB912001.1_58 
KB912012.1_46 
KB912015.1_6 
KB911838.1_242 
KB911851.1_80 
KB911950.1_5 
KB911951.1_2 
KB911971.1_44 
KB911979.1_58 
KB912023.1_64 
KB911838.1_37 
KB911884.1_26 
KB911950.1_115 
KB911979.1_96 
KB911983.1_19 
KB911990.1_102 
KB912012.1_61 
KB912034.1_56 
KB911839.1_52 
KB911884.1_41 
KB911971.1_18 
KB911983.1_18 
KB911988.1_8 
KB912014.1_5 
KB912023.1_76 
KB912045.1_48 
KB911851.1_77 
KB911884.1_22 
KB911971.1_5 
KB911973.1_20 
KB911979.1_67 
KB911981.1_26 
KB911990.1_7 
KB911992.1_6 
KB911995.1_7 
KB912034.1_35 
KB912012.1_70 
KB911962.1_19 
KB911977.1_3 
KB911979.1_117 
KB912011.1_1 
KB912054.1_3 
KB911838.1_235 
KB911839.1_20 
KB911851.1_75 
KB911975.1_2 
KB911979.1_17 
KB911979.1_72 
KB911999.1_2 
KB912001.1_41 
KB911838.1_106 
KB911981.1_11 
KB911982.1_12 
KB911996.1_6 
KB912023.1_86 
KB911873.1_72 
KB911917.1_29 
KB911964.1_1 
KB911982.1_24 
KB911985.1_2 
KB911902.1_2 
KB911973.1_17 
KB911979.1_103 
KB911979.1_45 
KB912030.1_4 
KB911838.1_218 
KB911862.1_40 
KB911884.1_32 
KB911884.1_4 
KB911976.1_29 
KB911986.1_14 
KB911990.1_44 
KB912000.1_2 
KB912001.1_123 
KB912011.1_5 
KB911839.1_1 
KB911892.1_1 
KB911984.1_26 
KB912045.1_38 
KB912045.1_63 
KB911979.1_126 
KB912012.1_93 
KB911979.1_9 
KB911992.1_3 
KB911997.1_8 
KB911950.1_178 
KB911950.1_59 
KB911838.1_28 
KB911840.1_18 
KB911840.1_46 
KB911950.1_114 
KB911988.1_16 
KB912000.1_3 
KB911838.1_125 
KB911851.1_50 
KB911895.1_34 
KB911906.1_28 
KB911928.1_4 
KB911973.1_6 
KB911979.1_118 
KB912023.1_37 
KB912023.1_74 
KB912045.1_46 
KB911979.1_108 
KB911839.1_6 
KB911862.1_65 
KB911976.1_22 
KB911839.1_45 
KB911859.1_1 
KB911867.1_2 
KB911979.1_85 
KB912012.1_10 
KB911838.1_254 
KB911862.1_50 
KB911972.1_15 
KB912045.1_74 
KB911907.1_2 
KB911951.1_45 
KB911983.1_29 
KB911838.1_121 
KB911838.1_18 
KB911950.1_132 
KB911950.1_89 
KB911972.1_19 
KB911939.1_47 
KB911985.1_13 
KB911990.1_5 
KB911992.1_12 
KB911994.1_15 
KB912022.1_1 
KB911985.1_18 
KB911990.1_25 
KB911992.1_2 
KB912023.1_26 
KB912023.1_83 
KB912037.1_2 
KB911999.1_4 
KB911840.1_50 
KB912045.1_85 
KB911838.1_247 
KB911838.1_95 
KB911839.1_153 
KB911984.1_2 
KB911973.1_38 
KB911979.1_109 
KB911988.1_1 
KB911993.1_17 
KB911839.1_115 
KB911950.1_117 
KB911984.1_8 
KB911990.1_110 
KB911990.1_29 
KB911838.1_180 
KB911884.1_39 
KB911884.1_47 
KB911974.1_4 
KB912045.1_77 
KB912045.1_99 
KB911895.1_1 
KB911923.1_1 
KB911973.1_29 
KB911838.1_142 
KB911862.1_25 
KB911979.1_111 
KB912001.1_46 
KB911838.1_185 
KB911838.1_6 
KB911872.1_2 
KB911874.1_2 
KB911878.1_1 
KB911985.1_19 
KB911990.1_98 
KB912012.1_69 
KB912045.1_98 
KB911839.1_164 
KB911917.1_42 
KB911978.1_5 
KB911979.1_110 
KB911994.1_11 
KB911994.1_6 
KB912043.1_3 
KB911873.1_33 
KB911895.1_48 
KB911950.1_77 
KB911979.1_38 
KB911990.1_82 
KB911851.1_5 
KB911913.1_1 
KB911939.1_38 
KB911990.1_39 
KB912023.1_50 
KB911839.1_33 
KB911862.1_14 
KB911895.1_36 
KB911906.1_18 
KB911971.1_16 
KB911974.1_5 
KB911990.1_76 
KB911838.1_196 
KB911839.1_163 
KB911950.1_100 
KB911972.1_23 
KB911976.1_4 
KB912019.1_3 
KB911838.1_170 
KB911839.1_82 
KB911840.1_27 
KB911873.1_9 
KB911884.1_33 
KB911950.1_158 
KB911956.1_2 
KB911973.1_36 
KB911992.1_7 
KB912023.1_42 
KB912027.1_4 
KB911851.1_6 
KB911962.1_28 
KB911971.1_14 
KB911984.1_1 
KB912026.1_1 
KB912046.1_1 
KB911838.1_212 
KB911840.1_84 
KB911917.1_16 
KB911984.1_5 
KB912006.1_5 
KB911973.1_16 
KB911977.1_32 
KB911981.1_15 
KB911995.1_9 
KB911838.1_160 
KB911839.1_169 
KB911873.1_39 
KB911917.1_22 
KB911917.1_48 
KB911939.1_10 
KB911977.1_17 
KB911992.1_24 
KB912001.1_111 
KB912012.1_17 
KB912040.1_4 
KB911839.1_60 
KB911950.1_107 
KB911976.1_9 
KB912001.1_99 
KB912005.1_14 
KB912034.1_34 
KB912045.1_68 
KB911838.1_190 
KB911950.1_9 
KB911972.1_33 
KB912052.1_3 
KB911994.1_26 
KB912045.1_16 
KB911862.1_16 
KB911917.1_52 
KB911939.1_39 
KB912045.1_70 
KB911912.1_2 
KB911951.1_36 
KB912001.1_11 
KB912045.1_94 
KB911840.1_85 
KB912045.1_53 
KB911975.1_29 
KB911984.1_15 
KB912045.1_22 
KB911884.1_48 
KB911950.1_31 
KB911971.1_36 
KB911838.1_249 
KB912001.1_118 
KB912026.1_7 
KB912043.1_2 
KB911838.1_50 
KB911851.1_66 
KB911884.1_3 
KB911895.1_35 
KB911950.1_125 
KB911972.1_25 
KB911979.1_60 
KB912000.1_8 
KB912034.1_88 
KB911840.1_83 
KB911895.1_20 
KB911979.1_102 
KB911997.1_7 
KB911976.1_11 
KB911981.1_10 
KB911997.1_2 
KB911862.1_29 
KB911884.1_21 
KB911950.1_101 
KB911950.1_179 
KB911971.1_22 
KB911991.1_4 
KB912045.1_78 
KB911862.1_38 
KB911940.1_2 
KB911951.1_20 
KB911999.1_10 
KB912008.1_2 
KB912028.1_3 
KB911838.1_189 
KB911840.1_52 
KB911884.1_6 
KB911950.1_145 
KB911950.1_159 
KB911951.1_13 
KB911972.1_10 
KB911979.1_35 
KB912012.1_28 
KB911838.1_118 
KB911840.1_31 
KB911840.1_62 
KB911872.1_1 
KB911873.1_32 
KB911951.1_19 
KB911962.1_3 
KB912023.1_54 
KB911839.1_109 
KB911849.1_2 
KB911972.1_8 
KB911979.1_122 
KB912003.1_6 
KB912034.1_7 
KB911839.1_162 
KB911950.1_176 
KB911951.1_14 
KB911978.1_1 
KB911987.1_9 
KB911838.1_63 
KB911851.1_25 
KB912001.1_54 
KB911862.1_41 
KB911986.1_18 
KB911986.1_9 
KB912034.1_13 
KB911889.1_1 
KB911917.1_6 
KB911919.1_1 
KB911951.1_37 
KB911980.1_30 
KB911981.1_21 
KB911984.1_28 
KB912023.1_63 
KB912045.1_71 
KB911873.1_53 
KB911951.1_18 
KB911951.1_21 
KB911962.1_45 
KB911838.1_139 
KB911922.1_2 
KB911838.1_71 
KB911930.1_2 
KB911979.1_32 
KB911999.1_15 
KB911851.1_41 
KB911884.1_24 
KB911950.1_79 
KB911983.1_16 
KB912012.1_21 
KB911838.1_151 
KB911928.1_32 
KB911975.1_30 
KB911979.1_36 
KB911979.1_49 
KB911979.1_64 
KB911990.1_11 
KB911838.1_147 
KB911950.1_64 
KB911983.1_14 
KB911990.1_17 
KB911842.1_2 
KB911950.1_1 
KB911971.1_41 
KB911996.1_7 
KB912045.1_69 
KB911851.1_27 
KB911971.1_26 
KB911972.1_6 
KB911979.1_92 
KB912001.1_26 
KB911839.1_158 
KB911839.1_62 
KB911906.1_38 
KB911980.1_19 
KB911990.1_65 
KB911997.1_12 
KB911838.1_167 
KB911839.1_47 
KB911917.1_40 
KB911950.1_168 
KB911950.1_175 
KB911950.1_48 
KB912006.1_4 
KB911976.1_1 
KB912023.1_23 
KB911838.1_195 
KB911838.1_35 
KB911873.1_44 
KB911950.1_58 
KB911971.1_25 
KB912012.1_71 
KB912044.1_3 
KB911838.1_128 
KB911839.1_96 
KB911884.1_40 
KB911950.1_83 
KB911987.1_2 
KB912008.1_3 
KB911839.1_68 
KB911840.1_86 
KB911962.1_9 
KB911972.1_7 
KB911992.1_10 
KB911895.1_40 
KB911917.1_49 
KB911980.1_8 
KB911839.1_159 
KB911928.1_18 
KB912001.1_42 
KB912038.1_2 
KB911838.1_177 
KB911839.1_142 
KB911839.1_8 
KB911840.1_82 
KB911950.1_151 
KB911980.1_13 
KB911980.1_9 
KB911982.1_30 
KB911839.1_138 
KB911873.1_6 
KB911917.1_7 
KB911960.1_1 
KB912045.1_32 
KB911979.1_12 
KB911838.1_186 
KB911873.1_65 
KB911928.1_46 
KB911975.1_22 
KB911968.1_1 
KB911989.1_15 
KB912045.1_8 
KB911992.1_17 
KB911971.1_20 
KB911976.1_25 
KB912042.1_1 
KB911838.1_14 
KB911839.1_165 
KB911840.1_24 
KB911884.1_37 
KB912008.1_6 
KB912045.1_36 
KB911985.1_11 
KB911840.1_43 
KB911962.1_24 
KB911980.1_26 
KB911838.1_30 
KB911863.1_1 
KB911914.1_1 
KB911987.1_6 
KB912018.1_6 
KB912035.1_4 
KB912045.1_2 
KB911839.1_137 
KB911928.1_7 
KB911950.1_190 
KB911988.1_19 
KB911990.1_12 
KB911838.1_48 
KB911840.1_54 
KB911884.1_28 
KB911917.1_10 
KB911973.1_7 
KB911979.1_61 
KB911995.1_18 
KB911905.1_1 
KB911971.1_24 
KB912034.1_41 
KB911838.1_225 
KB911980.1_20 
KB911950.1_51 
KB911950.1_60 
KB911980.1_16 
KB911950.1_74 
KB911978.1_8 
KB911989.1_10 
KB911994.1_7 
KB912012.1_96 
KB911900.1_3 
KB911909.1_3 
KB911950.1_18 
KB911979.1_18 
KB911981.1_9 
KB912012.1_76 
KB911838.1_27 
KB911873.1_61 
KB911973.1_8 
KB911988.1_13 
KB911990.1_106 
KB912015.1_2 
KB911979.1_48 
KB911990.1_78 
KB912001.1_117 
KB912012.1_113 
KB912012.1_24 
KB912042.1_2 
KB911962.1_39 
KB911839.1_160 
KB911962.1_40 
KB912001.1_67 
KB912011.1_2 
KB911838.1_127 
KB911839.1_50 
KB911840.1_80 
KB911917.1_45 
KB911950.1_148 
KB911995.1_12 
KB912001.1_22 
KB912001.1_24 
KB912014.1_3 
KB912023.1_45 
KB912045.1_13 
KB911838.1_226 
KB911939.1_49 
KB911949.1_2 
KB911979.1_99 
KB911984.1_10 
KB911992.1_23 
KB911995.1_10 
KB912045.1_14 
KB911839.1_110 
KB911851.1_11 
KB911839.1_143 
KB911842.1_4 
KB911917.1_36 
KB911950.1_84 
KB911980.1_15 
KB911846.1_4 
KB911981.1_29 
KB911873.1_17 
KB911884.1_20 
KB911917.1_54 
KB912001.1_83 
KB911840.1_57 
KB911853.1_2 
KB911862.1_3 
KB911950.1_34 
KB911950.1_45 
KB911982.1_9 
KB912001.1_68 
KB911973.1_10 
KB911984.1_20 
KB911994.1_19 
KB911895.1_7 
KB911976.1_23 
KB911978.1_9 
KB911979.1_23 
KB911990.1_45 
KB911838.1_132 
KB912020.1_2 
KB911838.1_230 
KB911939.1_2 
KB911984.1_4 
KB912001.1_18 
KB912045.1_64 
KB911838.1_238 
KB911838.1_36 
KB911839.1_124 
KB911979.1_62 
KB911979.1_97 
KB912014.1_1 
KB912023.1_10 
KB912023.1_65 
KB911979.1_80 
KB911895.1_14 
KB911950.1_27 
KB911990.1_8 
KB911991.1_10 
KB911999.1_6 
KB912023.1_32 
KB911939.1_40 
KB911992.1_19 
KB911927.1_1 
KB911974.1_3 
KB911997.1_3 
KB911840.1_3 
KB911971.1_28 
KB912050.1_2 
KB911884.1_34 
KB912012.1_34 
KB912045.1_35 
KB911840.1_95 
KB911988.1_9 
KB912045.1_10 
KB911873.1_8 
KB911917.1_34 
KB911962.1_17 
KB911990.1_52 
KB912005.1_7 
KB912034.1_75 
KB911838.1_10 
KB911838.1_24 
KB911971.1_13 
KB911986.1_8 
KB911992.1_1 
KB912012.1_104 
KB911838.1_20 
KB911851.1_7 
KB911862.1_51 
KB911875.1_1 
KB911890.1_2 
KB911977.1_20 
KB911838.1_141 
KB911838.1_183 
KB911840.1_63 
KB911854.1_1 
KB911875.1_2 
KB911895.1_53 
KB911988.1_23 
KB911838.1_137 
KB911873.1_13 
KB911885.1_2 
KB911895.1_32 
KB911895.1_54 
KB911928.1_33 
KB911992.1_21 
KB911862.1_57 
KB911962.1_26 
KB911977.1_2 
KB911978.1_19 
KB912002.1_9 
KB911839.1_22 
KB911950.1_52 
KB911838.1_2 
KB911917.1_41 
KB911939.1_24 
KB911950.1_70 
KB912034.1_65 
KB911839.1_36 
KB911858.1_2 
KB911951.1_12 
KB911980.1_35 
KB911997.1_10 
KB912034.1_36 
KB912040.1_1 
KB911839.1_140 
KB911851.1_8 
KB911854.1_2 
KB911927.1_2 
KB912009.1_1 
KB911857.1_2 
KB911873.1_19 
KB911939.1_5 
KB911977.1_28 
KB912023.1_46 
KB912034.1_43 
KB911980.1_7 
KB912034.1_4 
KB911906.1_22 
KB911979.1_88 
KB912008.1_9 
KB912012.1_1 
KB911845.1_2 
KB911851.1_52 
KB911873.1_77 
KB911947.1_1 
KB912024.1_2 
KB911838.1_16 
KB911889.1_2 
KB911895.1_31 
KB911979.1_104 
KB911980.1_25 
KB912013.1_1 
KB912034.1_33 
KB911867.1_3 
KB911950.1_106 
KB911838.1_82 
KB911886.1_1 
KB911961.1_2 
KB911928.1_39 
KB911983.1_3 
KB912019.1_7 
KB912035.1_2 
KB911878.1_2 
KB911986.1_4 
KB912017.1_1 
KB911895.1_11 
KB911950.1_154 
KB911958.1_2 
KB912002.1_2 
KB911839.1_175 
KB911877.1_1 
KB911942.1_2 
KB911955.1_2 
KB911980.1_11 
KB911862.1_71 
KB911917.1_17 
KB911992.1_11 
KB911994.1_20 
KB912018.1_5 
KB911838.1_223 
KB911972.1_24 
KB911978.1_10 
KB911987.1_10 
KB912012.1_81 
KB911884.1_12 
KB911928.1_30 
KB911979.1_57 
KB912023.1_44 
KB911839.1_172 
KB911840.1_59 
KB911895.1_2 
KB911906.1_13 
KB911996.1_2 
KB912023.1_8 
KB911950.1_118 
KB911950.1_16 
KB911977.1_36 
KB912012.1_43 
KB911838.1_108 
KB911873.1_1 
KB911942.1_1 
KB911981.1_5 
KB911984.1_23 
KB911838.1_120 
KB911917.1_18 
KB911939.1_19 
KB911965.1_1 
KB912019.1_1 
KB911838.1_163 
KB911838.1_179 
KB911873.1_14 
KB911873.1_59 
KB911895.1_56 
KB911950.1_40 
KB911950.1_43 
KB911984.1_30 
KB911838.1_157 
KB911851.1_60 
KB911994.1_2 
KB911838.1_229 
KB911950.1_73 
KB911987.1_8 
KB912032.1_7 
KB912045.1_26 
KB911838.1_79 
KB911977.1_9 
KB912010.1_1 
KB911894.1_1 
KB911895.1_41 
KB911978.1_4 
KB911995.1_6 
KB911838.1_86 
KB911840.1_61 
KB911848.1_1 
KB911873.1_48 
KB911884.1_49 
KB912034.1_74 
KB911873.1_55 
KB911973.1_3 
KB911979.1_123 
KB912034.1_5 
KB911895.1_49 
KB911950.1_19 
KB911862.1_1 
KB911864.1_2 
KB911947.1_2 
KB911950.1_54 
KB911971.1_7 
KB911980.1_12 
KB912001.1_19 
KB912001.1_64 
KB912015.1_1 
KB912015.1_5 
KB911838.1_105 
KB911973.1_2 
KB911977.1_34 
KB911999.1_13 
KB912012.1_62 
KB912038.1_4 
KB911838.1_176 
KB911838.1_219 
KB911851.1_14 
KB911873.1_49 
KB912028.1_5 
KB911839.1_44 
KB911848.1_6 
KB912016.1_1 
KB911974.1_8 
KB912001.1_30 
KB911848.1_4 
KB911908.1_3 
KB911928.1_52 
KB911950.1_10 
KB911839.1_123 
KB911917.1_11 
KB911928.1_51 
KB911950.1_96 
KB911981.1_25 
KB911917.1_57 
KB911981.1_24 
KB912024.1_1 
KB911838.1_115 
KB912012.1_87 
KB912020.1_4 
KB912034.1_37 
KB912048.1_2 
KB911840.1_70 
KB911873.1_21 
KB911918.1_1 
KB911979.1_78 
KB911980.1_4 
KB911981.1_27 
KB911998.1_7 
KB912023.1_67 
KB911839.1_48 
KB911873.1_7 
KB911946.1_1 
KB912001.1_60 
KB912045.1_29 
KB911980.1_24 
KB911984.1_3 
KB912023.1_66 
KB911839.1_126 
KB911851.1_10 
KB911867.1_1 
KB911876.1_1 
KB911908.1_2 
KB911928.1_41 
KB911950.1_46 
KB911840.1_45 
KB911846.1_2 
KB911873.1_36 
KB911950.1_24 
KB911955.1_1 
KB911958.1_1 
KB911976.1_6 
KB911979.1_95 
KB912015.1_4 
KB912034.1_90 
KB911838.1_150 
KB911873.1_63 
KB911984.1_11 
KB911990.1_88 
KB912053.1_3 
KB911939.1_42 
KB911962.1_20 
KB911983.1_15 
KB911990.1_72 
KB912001.1_74 
KB912042.1_3 
KB912034.1_3 
KB912045.1_19 
KB911838.1_29 
KB911839.1_51 
KB911840.1_17 
KB911840.1_66 
KB911838.1_222 
KB911847.1_2 
KB911934.1_1 
KB911950.1_85 
KB911971.1_1 
KB911971.1_8 
KB911972.1_4 
KB911984.1_21 
KB912019.1_2 
KB912031.1_3 
KB911838.1_199 
KB911884.1_9 
KB911895.1_9 
KB911906.1_19 
KB911962.1_38 
KB911839.1_87 
KB912034.1_6 
KB912038.1_3 
KB911838.1_84 
KB911846.1_3 
KB911895.1_50 
KB911985.1_24 
KB911987.1_11 
KB911990.1_2 
KB911999.1_11 
KB912034.1_60 
KB911874.1_3 
KB911895.1_6 
KB911980.1_36 
KB911983.1_26 
KB911990.1_66 
KB912005.1_4 
KB911887.1_1 
KB912008.1_4 
KB912040.1_2 
KB912052.1_1 
KB911838.1_64 
KB911928.1_35 
KB911939.1_37 
KB911982.1_20 
KB911994.1_18 
KB912040.1_5 
KB911851.1_82 
KB911988.1_22 
KB911990.1_120 
KB911990.1_41 
KB912026.1_6 
KB911982.1_18 
KB912012.1_102 
KB912044.1_4 
KB911838.1_178 
KB911971.1_11 
KB911971.1_17 
KB911972.1_11 
KB911979.1_70 
KB912001.1_63 
KB912034.1_25 
KB911840.1_58 
KB911840.1_64 
KB911873.1_50 
KB911982.1_15 
KB912005.1_6 
KB912007.1_2 
KB911838.1_12 
KB911852.1_1 
KB911917.1_56 
KB911950.1_17 
KB911950.1_177 
KB911977.1_7 
KB911979.1_50 
KB912028.1_1 
KB912033.1_1 
KB911951.1_30 
KB911962.1_43 
KB911971.1_15 
KB912023.1_91 
KB911839.1_99 
KB911868.1_1 
KB911919.1_2 
KB911950.1_35 
KB911971.1_30 
KB911976.1_2 
KB912012.1_90 
KB912028.1_2 
KB911962.1_29 
KB911962.1_41 
KB911981.1_18 
KB912008.1_1 
KB912025.1_2 
KB911930.1_1 
KB911971.1_23 
KB912001.1_53 
KB911838.1_224 
KB911838.1_78 
KB911840.1_1 
KB911895.1_15 
KB911908.1_1 
KB911952.1_1 
KB911952.1_3 
KB911973.1_33 
KB911982.1_16 
KB911984.1_14 
KB911839.1_90 
KB911873.1_57 
KB911978.1_27 
KB911979.1_65 
KB912001.1_23 
KB912029.1_5 
KB911838.1_193 
KB911838.1_22 
KB911839.1_171 
KB911848.1_3 
KB911862.1_60 
KB911978.1_7 
KB911984.1_25 
KB911990.1_50 
KB911851.1_3 
KB911868.1_3 
KB911911.1_3 
KB911977.1_5 
KB912012.1_109 
KB911838.1_9 
KB911840.1_56 
KB911954.1_1 
KB911979.1_105 
KB911988.1_21 
KB911992.1_9 
KB912008.1_10 
KB911862.1_63 
KB911973.1_23 
KB911994.1_21 
KB912012.1_59 
KB912028.1_6 
KB912036.1_4 
KB911838.1_85 
KB911892.1_2 
KB911906.1_21 
KB911950.1_3 
KB911973.1_30 
KB911976.1_24 
KB911990.1_21 
KB912005.1_10 
KB912045.1_25 
KB911840.1_10 
KB911873.1_11 
KB911950.1_20 
KB911961.1_1 
KB911982.1_14 
KB912001.1_96 
KB912012.1_111 
KB911838.1_144 
KB911839.1_177 
KB911840.1_28 
KB911840.1_49 
KB911917.1_21 
KB911950.1_42 
KB911950.1_50 
KB911993.1_12 
KB912001.1_2 
KB911838.1_165 
KB911917.1_15 
KB911950.1_23 
KB912001.1_52 
KB911912.1_1 
KB911945.1_2 
KB911982.1_31 
KB911991.1_6 
KB912012.1_110 
KB912021.1_3 
KB911839.1_174 
KB911917.1_35 
KB911928.1_10 
KB911950.1_119 
KB911982.1_8 
KB912005.1_11 
KB912012.1_12 
KB911840.1_12 
KB911862.1_35 
KB911959.1_1 
KB911981.1_17 
KB912013.1_3 
KB911839.1_61 
KB911862.1_32 
KB911982.1_22 
KB912032.1_1 
KB911839.1_93 
KB911950.1_38 
KB911950.1_44 
KB911977.1_21 
KB911994.1_3 
KB912034.1_55 
KB912044.1_1 
KB911838.1_244 
KB912029.1_4 
KB912037.1_1 
KB911838.1_243 
KB911840.1_13 
KB911851.1_13 
KB911891.1_1 
KB911992.1_26 
KB911983.1_9 
KB911986.1_23 
KB911990.1_121 
KB912034.1_27 
KB911839.1_21 
KB911840.1_38 
KB912015.1_10 
KB912029.1_1 
KB911951.1_5 
KB911983.1_1 
KB911989.1_8 
KB912034.1_42 
KB911950.1_122 
KB911962.1_13 
KB911851.1_78 
KB911851.1_9 
KB911990.1_74 
KB911838.1_126 
KB911838.1_200 
KB911840.1_47 
KB911971.1_9 
KB911978.1_6 
KB912023.1_79 
KB911909.1_1 
KB911939.1_15 
KB911979.1_63 
KB911988.1_18 
KB911839.1_34 
KB911840.1_2 
KB911950.1_33 
KB911962.1_33 
KB911971.1_19 
KB912001.1_62 
KB911913.1_2 
KB911928.1_48 
KB911939.1_12 
KB911969.1_1 
KB912012.1_53 
KB911895.1_46 
KB911982.1_13 
KB911985.1_6 
KB912007.1_3 
KB911838.1_251 
KB911851.1_4 
KB911840.1_72 
KB911893.1_1 
KB911940.1_1 
KB911883.1_3 
KB911994.1_24 
KB912001.1_51 
KB912003.1_7 
KB912012.1_50 
KB912027.1_3 
KB911839.1_120 
KB911839.1_37 
KB911865.1_1 
KB911897.1_1 
KB911907.1_1 
KB911950.1_80 
KB911975.1_15 
KB911854.1_3 
KB911873.1_35 
KB911962.1_8 
KB911986.1_19 
KB911986.1_20 
KB911838.1_202 
KB911838.1_51 
KB911839.1_107 
KB911950.1_185 
KB911950.1_187 
KB911978.1_12 
KB911979.1_83 
KB911998.1_3 
KB912027.1_5 
KB911839.1_151 
KB911851.1_21 
KB911876.1_2 
KB911950.1_137 
KB911950.1_26 
KB911984.1_12 
KB912012.1_86 
KB912012.1_97 
KB912032.1_6 
KB911838.1_31 
KB911838.1_98 
KB911902.1_1 
KB911950.1_29 
KB911975.1_23 
KB911976.1_17 
KB911977.1_6 
KB911986.1_21 
KB911999.1_7 
KB912001.1_50 
KB912012.1_7 
KB912021.1_4 
KB912030.1_2 
KB911839.1_54 
KB911840.1_25 
KB911977.1_1 
KB911980.1_6 
KB912005.1_2 
KB911951.1_11 
KB911981.1_8 
KB911982.1_25 
KB912034.1_62 
KB911839.1_139 
KB911840.1_60 
KB911874.1_1 
KB911979.1_21 
KB911990.1_1 
KB912012.1_42 
KB912023.1_80 
KB912035.1_1 
KB911838.1_130 
KB911842.1_3 
KB911895.1_52 
KB911950.1_191 
KB911978.1_29 
KB911983.1_30 
KB911994.1_5 
KB911998.1_1 
KB912008.1_8 
KB912050.1_1 
KB911839.1_67 
KB911917.1_38 
KB911994.1_13 
KB912001.1_89 
KB912035.1_7 
KB911840.1_7 
KB911840.1_77 
KB911851.1_28 
KB911977.1_33 
KB912054.1_5 
KB911838.1_140 
KB911840.1_6 
KB911869.1_3 
KB911917.1_60 
KB911922.1_1 
KB911950.1_30 
KB911982.1_10 
KB912005.1_13 
KB911838.1_56 
KB911840.1_53 
KB911844.1_3 
KB911906.1_12 
KB911950.1_32 
KB911973.1_14 
KB911981.1_19 
KB911983.1_5 
KB911990.1_109 
KB911990.1_49 
KB912001.1_29 
KB912012.1_95 
KB911994.1_1 
KB911994.1_25 
KB912012.1_29 
KB912016.1_2 
KB912023.1_22 
KB912023.1_7 
KB912023.1_78 
KB911838.1_21 
KB911839.1_7 
KB911851.1_51 
KB911875.1_3 
KB911950.1_37 
KB911990.1_40 
KB912012.1_47 
KB912012.1_91 
KB911863.1_4 
KB911885.1_1 
KB911897.1_3 
KB911923.1_2 
KB911950.1_41 
KB911973.1_37 
KB911976.1_19 
KB912001.1_34 
KB911838.1_143 
KB911884.1_42 
KB911946.1_3 
KB911950.1_82 
KB911979.1_16 
KB912014.1_2 
KB911851.1_57 
KB911971.1_39 
KB912012.1_30 
KB912023.1_4 
KB912026.1_3 
KB912034.1_53 
KB911838.1_23 
KB911950.1_105 
KB911977.1_27 
KB911994.1_17 
KB912012.1_19 
KB912034.1_30 
KB912034.1_84 
KB911838.1_172 
KB911840.1_78 
KB911917.1_32 
KB911950.1_39 
KB911980.1_31 
KB911999.1_14 
KB912016.1_6 
KB912024.1_5 
KB912045.1_50 
KB911995.1_2 
KB911999.1_12 
KB911838.1_256 
KB911839.1_116 
KB911906.1_23 
KB911994.1_12 
KB912053.1_4 
KB911838.1_1 
KB911838.1_89 
KB911851.1_63 
KB911884.1_55 
KB911901.1_2 
KB911975.1_20 
KB911979.1_82 
KB911985.1_20 
KB911998.1_8 
KB911839.1_89 
KB911871.1_3 
KB911911.1_2 
KB911975.1_13 
KB911975.1_16 
KB911991.1_19 
KB911994.1_23 
KB912001.1_115 
KB912045.1_59 
KB911838.1_124 
KB911840.1_69 
KB911962.1_15 
KB911983.1_7 
KB911991.1_20 
KB912005.1_1 
KB912034.1_45 
KB911856.1_2 
KB911869.1_1 
KB911895.1_16 
KB911917.1_37 
KB911951.1_26 
KB911977.1_30 
KB911839.1_77 
KB911928.1_28 
KB911950.1_104 
KB911978.1_22 
KB911982.1_4 
KB911992.1_25 
KB912012.1_6 
KB912012.1_94 
KB912051.1_3 
KB911838.1_3 
KB911884.1_7 
KB911896.1_1 
KB911906.1_32 
KB911973.1_31 
KB911988.1_5 
KB912001.1_73 
KB912012.1_22 
KB911838.1_164 
KB911962.1_42 
KB912001.1_80 
KB912018.1_1 
KB912044.1_5 
KB912045.1_4 
KB911838.1_192 
KB911851.1_55 
KB911873.1_70 
KB911888.1_1 
KB911924.1_2 
KB911950.1_188 
KB911951.1_40 
KB911962.1_4 
KB911991.1_14 
KB911995.1_4 
KB912015.1_9 
KB912036.1_2 
KB911838.1_214 
KB911862.1_59 
KB911917.1_28 
KB911932.1_2 
KB911950.1_171 
KB911952.1_2 
KB912001.1_40 
KB912034.1_49 
KB912049.1_1 
KB911840.1_8 
KB911842.1_1 
KB911851.1_70 
KB911862.1_68 
KB911900.1_1 
KB911976.1_3 
KB911995.1_3 
KB911996.1_4 
KB911999.1_1 
KB912045.1_34 
KB911839.1_105 
KB911839.1_168 
KB911950.1_163 
KB911839.1_127 
KB911839.1_133 
KB911917.1_12 
KB911975.1_1 
KB911995.1_1 
KB912012.1_49 
KB912012.1_8 
KB912032.1_5 
KB911839.1_117 
KB911839.1_173 
KB911840.1_73 
KB911928.1_45 
KB911951.1_1 
KB911992.1_18 
KB912027.1_2 
KB911839.1_98 
KB911851.1_53 
KB911862.1_19 
KB911862.1_55 
KB911950.1_133 
KB911950.1_36 
KB911950.1_49 
KB911950.1_81 
KB911973.1_13 
KB911979.1_84 
KB911980.1_1 
KB912034.1_54 
KB912035.1_5 
KB911839.1_25 
KB911950.1_144 
KB911974.1_23 
KB911979.1_51 
KB911998.1_12 
KB912000.1_9 
KB911840.1_96 
KB911862.1_18 
KB911888.1_2 
KB911903.1_2 
KB911950.1_92 
KB911963.1_1 
KB911990.1_46 
KB911994.1_10 
KB911999.1_5 
KB912012.1_35 
KB912017.1_4 
KB912049.1_3 
KB911838.1_113 
KB911839.1_118 
KB911839.1_141 
KB911862.1_47 
KB911862.1_67 
KB911972.1_16 
KB911980.1_28 
KB911980.1_5 
KB911996.1_5 
KB912012.1_101 
KB912053.1_1 
KB911905.1_2 
KB911909.1_2 
KB911911.1_4 
KB911979.1_13 
KB911982.1_3 
KB911994.1_4 
KB911995.1_5 
KB912001.1_90 
KB912021.1_2 
KB912045.1_88 
KB911884.1_10 
KB911985.1_23 
KB911988.1_6 
KB912012.1_38 
KB912023.1_14 
KB911838.1_52 
KB911840.1_90 
KB911946.1_2 
KB911950.1_75 
KB911962.1_7 
KB911978.1_26 
KB912001.1_78 
KB912015.1_8 
KB911839.1_114 
KB911962.1_14 
KB912012.1_33 
KB912023.1_16 
KB912038.1_5 
KB911839.1_71 
KB911840.1_88 
KB911911.1_1 
KB911983.1_8 
KB911990.1_81 
KB911991.1_8 
KB912034.1_2 
KB912034.1_46 
KB911839.1_55 
KB911851.1_15 
KB911851.1_48 
KB911979.1_40 
KB911990.1_86 
KB912009.1_6 
KB912012.1_107 
KB912036.1_3 
KB911840.1_65 
KB911840.1_87 
KB911851.1_61 
KB911971.1_33 
KB912005.1_5 
KB912006.1_2 
KB911838.1_203 
KB911838.1_32 
KB911851.1_42 
KB911939.1_14 
KB911950.1_127 
KB911950.1_15 
KB911971.1_40 
KB912032.1_4 
KB911838.1_215 
KB911838.1_83 
KB911866.1_2 
KB911873.1_80 
KB911939.1_26 
KB911975.1_10 
KB911990.1_118 
KB912005.1_3 
KB911838.1_117 
KB911839.1_10 
KB911862.1_52 
KB911950.1_186 
KB911977.1_15 
KB911995.1_13 
KB912001.1_43 
KB912026.1_4 
KB912026.1_5 
KB912032.1_3 
KB911862.1_54 
KB911900.1_2 
KB911906.1_25 
KB911917.1_33 
KB911950.1_152 
KB911950.1_28 
KB911965.1_2 
KB911977.1_22 
KB911981.1_20 
KB912001.1_7 
KB912032.1_9 
KB912041.1_1 
KB911839.1_108 
KB911881.1_1 
KB911981.1_13 
KB911987.1_15 
KB911992.1_15 
KB912001.1_112 
KB912012.1_56 
KB912045.1_6 
KB912054.1_2 
KB911839.1_4 
KB911848.1_2 
KB911851.1_17 
KB911986.1_11 
KB911991.1_1 
KB912012.1_41 
KB912023.1_58 
KB911840.1_71 
KB911895.1_10 
KB912028.1_4 
KB912045.1_23 
KB911839.1_12 
KB911839.1_84 
KB911962.1_1 
KB911962.1_16 
KB911967.1_2 
KB912000.1_7 
KB912001.1_35 
KB912035.1_3 
KB912045.1_37 
KB911840.1_48 
KB911860.1_2 
KB911873.1_52 
KB911950.1_109 
KB911950.1_72 
KB911951.1_46 
KB911973.1_1 
KB911979.1_91 
KB911987.1_4 
KB912001.1_31 
KB912012.1_48 
KB911851.1_18 
KB911862.1_62 
KB911873.1_78 
KB911979.1_47 
KB911982.1_11 
KB911984.1_6 
KB912003.1_2 
KB912019.1_5 
KB911838.1_114 
KB911863.1_2 
KB911980.1_32 
KB912001.1_39 
KB912012.1_37 
KB912049.1_4 
KB911838.1_149 
KB911873.1_37 
KB911873.1_38 
KB911917.1_31 
KB911993.1_16 
KB912034.1_20 
KB911856.1_1 
KB911862.1_4 
KB911925.1_2 
KB911950.1_155 
KB912001.1_3 
KB912012.1_32 
KB912012.1_39 
KB912034.1_24 
KB912034.1_85 
KB912054.1_1 
KB911950.1_126 
KB911962.1_10 
KB911981.1_16 
KB911991.1_11 
KB912012.1_65 
KB911840.1_75 
KB911950.1_173 
KB911950.1_189 
KB911989.1_12 
KB911991.1_13 
KB912014.1_7 
KB912045.1_51 
KB911840.1_42 
KB911851.1_59 
KB911861.1_3 
KB912025.1_1 
KB912027.1_6 
KB912034.1_50 
KB912045.1_24 
KB911840.1_81 
KB911884.1_57 
KB911895.1_13 
KB911906.1_15 
KB911928.1_43 
KB911973.1_40 
KB911863.1_3 
KB911950.1_116 
KB911960.1_2 
KB912021.1_6 
KB912034.1_31 
KB911840.1_74 
KB911848.1_5 
KB911981.1_14 
KB911983.1_27 
KB912034.1_72 
KB911851.1_68 
KB911928.1_27 
KB911977.1_29 
KB911980.1_21 
KB911995.1_20 
KB912001.1_72 
KB912001.1_76 
KB911851.1_58 
KB911951.1_15 
KB911951.1_44 
KB911978.1_28 
KB911982.1_35 
KB912034.1_63 
KB911839.1_3 
KB911922.1_3 
KB911956.1_1 
KB911994.1_8 
KB911950.1_130 
KB911839.1_42 
KB911851.1_47 
KB911862.1_45 
KB911977.1_31 
KB912055.1_2 
KB911838.1_62 
KB911857.1_1 
KB911883.1_1 
KB911977.1_23 
KB911984.1_18 
KB911987.1_7 
KB911990.1_48 
KB912018.1_7 
KB911944.1_3 
KB911976.1_21 
KB911994.1_27 
KB911849.1_1 
KB911862.1_49 
KB911871.1_1 
KB911993.1_18 
KB912045.1_15 
KB911838.1_211 
KB911979.1_42 
KB912001.1_1 
KB911855.1_1 
