HF538195.1_3 HF537922.1_1 HF537981.1_1 HF537618.1_1 HF538195.1_1 HF538405.1_1 HF537687.1_1 HF538195.1_6 HF538519.1_3 HF538439.1_1 HF538460.1_1 HF538550.1_1 HF537601.1_1 HF538195.1_4 HF538539.1_1 HF537765.1_1 HF537886.1_2 HF538151.1_1 HF537886.1_1 HF537578.1_1 HF538375.1_1 HF538005.1_1 HF538179.1_1 HF538316.1_1 
HF538291.1_1 HF538606.1_2 HF538616.1_18 HF537967.1_5 HF538113.1_25 HF537827.1_1 HF537577.1_1 HF538312.1_3 HF538616.1_16 HF537934.1_1 HF538111.1_6 HF538096.1_1 HF538398.1_2 HF537816.1_6 HF538616.1_17 HF538357.1_2 HF538078.1_1 HF538095.1_4 HF538364.1_1 HF537585.1_2 
HF538474.1_6 HF537832.1_8 HF537758.1_2 HF538113.1_3 HF538607.1_4 HF538607.1_15 HF538020.1_5 HF537563.1_2 HF537710.1_2 HF538312.1_23 HF538312.1_27 HF537722.1_1 HF538613.1_2 HF537555.1_1 HF538527.1_2 HF538463.1_10 
HF538204.1_2 HF538354.1_21 HF538318.1_14 HF537563.1_5 HF538185.1_15 HF538213.1_1 HF537992.1_1 HF538318.1_27 HF538445.1_1 HF538396.1_3 HF538589.1_1 
HF538507.1_2 HF538590.1_2 HF538507.1_4 HF537671.1_1 HF537875.1_1 HF537935.1_1 HF537715.1_1 
HF538205.1_9 HF538552.1_2 HF538205.1_8 HF538410.1_2 HF537594.1_1 HF537950.1_1 
HF538392.1_2 HF538551.1_7 HF538318.1_10 HF538532.1_4 HF537633.1_1 HF537823.1_1 
HF538213.1_2 HF538354.1_11 HF537933.1_1 HF537622.1_3 HF537900.1_1 HF537565.1_1 
HF538551.1_3 HF538493.1_2 HF538113.1_18 HF537960.1_1 HF538072.1_1 
HF537767.1_1 HF538031.1_2 HF538526.1_8 HF538526.1_7 HF538031.1_3 
HF538354.1_8 HF538109.1_10 HF537610.1_2 HF538540.1_1 HF538153.1_1 
HF538609.1_25 HF538426.1_2 HF537816.1_11 HF537901.1_7 
HF537816.1_4 HF538611.1_6 HF538092.1_1 HF538373.1_7 
HF538093.1_2 HF537618.1_4 HF538494.1_2 HF537585.1_1 
HF537654.1_1 HF537563.1_10 HF537579.1_1 HF538081.1_1 
HF538335.1_3 HF537615.1_1 HF537757.1_1 HF538499.1_1 
HF537600.1_5 HF538354.1_9 HF538515.1_2 
HF538109.1_8 HF538109.1_6 HF538600.1_1 
HF537629.1_5 HF537982.1_1 HF537664.1_1 
HF538013.1_3 HF537722.1_9 HF537616.1_2 
HF537901.1_5 HF538609.1_22 HF538521.1_2 
HF537617.1_2 HF538609.1_1 HF538357.1_1 
HF537756.1_1 HF538029.1_1 HF538440.1_2 
HF538215.1_8 HF537577.1_2 HF537667.1_1 
HF537620.1_2 HF538388.1_1 HF538105.1_4 
HF538026.1_2 HF538113.1_8 HF537982.1_8 
HF538406.1_3 HF538232.1_2 HF537965.1_1 
HF538124.1_1 HF537882.1_1 HF537945.1_1 
HF538606.1_6 HF538616.1_8 HF538324.1_4 
HF538177.1_1 HF537895.1_1 HF538234.1_1 
HF537635.1_1 HF538170.1_1 HF537540.1_1 
HF538352.1_2 HF537596.1_3 
HF537968.1_9 HF538450.1_1 
HF538318.1_26 HF537563.1_6 
HF538113.1_23 HF538071.1_3 
HF538613.1_1 HF537538.1_2 
HF538113.1_17 HF538493.1_1 
HF537596.1_2 HF537618.1_6 
HF538112.1_3 HF538112.1_4 
HF538255.1_1 HF538601.1_2 
HF537827.1_7 HF538487.1_1 
HF538429.1_3 HF538015.1_9 
HF538306.1_2 HF537832.1_17 
HF538392.1_7 HF538227.1_4 
HF538303.1_4 HF538603.1_13 
HF537823.1_5 HF537823.1_3 
HF538463.1_6 HF537716.1_3 
HF538432.1_1 HF537590.1_12 
HF538360.1_8 HF538222.1_1 
HF538015.1_11 HF537790.1_4 
HF538611.1_2 HF538138.1_1 
HF538582.1_1 HF538569.1_1 
HF538463.1_4 HF538616.1_22 
HF537590.1_9 HF537600.1_8 
HF538215.1_5 HF538360.1_12 
HF537709.1_2 HF538262.1_2 
HF538389.1_4 HF538604.1_3 
HF538015.1_10 HF537834.1_2 
HF538349.1_2 HF537821.1_1 
HF538284.1_1 HF537997.1_1 
HF537538.1_1 HF537790.1_2 
HF538288.1_2 HF538487.1_4 
HF538426.1_1 HF537681.1_8 
HF537590.1_2 HF537633.1_2 
HF537547.1_2 HF537707.1_1 
HF538576.1_1 HF537967.1_3 
HF538076.1_10 HF538392.1_1 
HF538072.1_2 HF537868.1_2 
HF538474.1_4 HF538373.1_5 
HF538214.1_3 HF538305.1_4 
HF538035.1_2 HF538384.1_2 
HF538312.1_10 HF537599.1_1 
HF537677.1_2 HF538518.1_1 
HF538222.1_4 HF538610.1_3 
HF538397.1_5 HF537901.1_9 
HF538206.1_1 HF538147.1_1 
HF537896.1_1 HF538319.1_1 
HF538514.1_1 HF538467.1_1 
HF538354.1_7 HF538116.1_1 
HF538526.1_3 HF538373.1_6 
HF538196.1_6 HF538196.1_7 
HF538021.1_1 HF538303.1_9 
HF538119.1_3 HF537590.1_6 
HF538193.1_3 HF538113.1_22 
HF537806.1_1 HF538261.1_1 
HF538584.1_3 HF538605.1_1 
HF537722.1_10 HF537861.1_2 
HF538552.1_1 HF538205.1_4 
HF537919.1_1 HF538326.1_1 
HF538035.1_3 HF538384.1_3 
HF538505.1_1 HF537535.1_1 
HF538056.1_4 HF538312.1_7 
HF537685.1_1 HF537942.1_1 
HF538035.1_1 HF538384.1_1 
HF538138.1_2 HF538611.1_1 
HF537907.1_1 HF538354.1_20 
HF538017.1_1 HF538248.1_1 
HF537766.1_1 HF538493.1_5 
HF538481.1_1 HF538190.1_1 
HF538610.1_5 HF538610.1_2 
HF537722.1_8 HF537717.1_2 
HF538334.1_1 HF538413.1_1 
HF537746.1_1 HF538522.1_1 
HF538232.1_1 HF538406.1_4 
HF537753.1_1 HF537912.1_1 
HF537714.1_1 HF537726.1_1 
HF538172.1_4 
HF538013.1_4 
HF538604.1_4 
HF538602.1_1 
HF538436.1_1 
HF538462.1_1 
HF538152.1_10 
HF538518.1_2 
HF538441.1_9 
HF538172.1_3 
HF537977.1_7 
HF538090.1_4 
HF538141.1_2 
HF538273.1_1 
HF538606.1_3 
HF538603.1_1 
HF538354.1_19 
HF538526.1_10 
HF537714.1_2 
HF538368.1_1 
HF538286.1_2 
HF538453.1_4 
HF538545.1_1 
HF538109.1_1 
HF538069.1_1 
HF538063.1_4 
HF537734.1_1 
HF537786.1_3 
HF538041.1_3 
HF538579.1_4 
HF538111.1_3 
HF538441.1_5 
HF538318.1_9 
HF538480.1_2 
HF538227.1_2 
HF538490.1_2 
HF537799.1_2 
HF537827.1_2 
HF537588.1_4 
HF537832.1_15 
HF538076.1_5 
HF538267.1_1 
HF537816.1_10 
HF538616.1_4 
HF537723.1_4 
HF537689.1_6 
HF538006.1_1 
HF538108.1_1 
HF538119.1_4 
HF538303.1_2 
HF538210.1_2 
HF538111.1_4 
HF538306.1_3 
HF538045.1_2 
HF538318.1_7 
HF538616.1_15 
HF538076.1_6 
HF538616.1_19 
HF538331.1_2 
HF537698.1_3 
HF537920.1_1 
HF538217.1_4 
HF537877.1_1 
HF538286.1_5 
HF538090.1_5 
HF537926.1_4 
HF538436.1_3 
HF538028.1_4 
HF538551.1_8 
HF538218.1_6 
HF538317.1_11 
HF538354.1_13 
HF537535.1_2 
HF538076.1_7 
HF538117.1_2 
HF538603.1_7 
HF537887.1_2 
HF537823.1_4 
HF537827.1_6 
HF538318.1_17 
HF538216.1_2 
HF538020.1_2 
HF538603.1_16 
HF538347.1_4 
HF537681.1_1 
HF537929.1_2 
HF537832.1_5 
HF538526.1_12 
HF538309.1_4 
HF537735.1_2 
HF538185.1_16 
HF538380.1_2 
HF537674.1_2 
HF538515.1_1 
HF537613.1_1 
HF538392.1_4 
HF538453.1_2 
HF538071.1_2 
HF537629.1_1 
HF538392.1_6 
HF537832.1_18 
HF537563.1_3 
HF537977.1_4 
HF538172.1_6 
HF538501.1_1 
HF537786.1_2 
HF538396.1_1 
HF538318.1_15 
HF538101.1_1 
HF537849.1_2 
HF537681.1_6 
HF538441.1_14 
HF537996.1_2 
HF537771.1_11 
HF537901.1_1 
HF538487.1_3 
HF538096.1_3 
HF538331.1_6 
HF538603.1_24 
HF537960.1_3 
HF538311.1_1 
HF538211.1_1 
HF538603.1_21 
HF538195.1_8 
HF538312.1_4 
HF538352.1_5 
HF537968.1_11 
HF538217.1_6 
HF537744.1_2 
HF538200.1_1 
HF538195.1_10 
HF537999.1_7 
HF538315.1_2 
HF538303.1_8 
HF538018.1_2 
HF537677.1_4 
HF538217.1_5 
HF538352.1_3 
HF538427.1_3 
HF538126.1_1 
HF538143.1_9 
HF538429.1_2 
HF538015.1_4 
HF538318.1_6 
HF537827.1_4 
HF537977.1_8 
HF537652.1_1 
HF538185.1_18 
HF538119.1_5 
HF538095.1_3 
HF538397.1_1 
HF538455.1_1 
HF538616.1_10 
HF537823.1_6 
HF538203.1_2 
HF538324.1_3 
HF538551.1_5 
HF538472.1_3 
HF537709.1_4 
HF538393.1_2 
HF538461.1_1 
HF538521.1_3 
HF538015.1_7 
HF538312.1_20 
HF538482.1_3 
HF538609.1_17 
HF537596.1_6 
HF537982.1_5 
HF538390.1_7 
HF538441.1_7 
HF537881.1_1 
HF538331.1_5 
HF538286.1_3 
HF538286.1_4 
HF538474.1_7 
HF538317.1_6 
HF537978.1_3 
HF538099.1_2 
HF538312.1_25 
HF538318.1_18 
HF538442.1_2 
HF538117.1_7 
HF538113.1_26 
HF538397.1_7 
HF538358.1_1 
HF538526.1_2 
HF537608.1_2 
HF537887.1_3 
HF538317.1_12 
HF538113.1_19 
HF538214.1_2 
HF538302.1_5 
HF538354.1_10 
HF538214.1_6 
HF538607.1_7 
HF537563.1_9 
HF537758.1_1 
HF537963.1_5 
HF538524.1_2 
HF538336.1_3 
HF538193.1_5 
HF537588.1_2 
HF538609.1_10 
HF538490.1_1 
HF538525.1_6 
HF537698.1_4 
HF538417.1_4 
HF538015.1_8 
HF538134.1_4 
HF538479.1_2 
HF537590.1_14 
HF538034.1_1 
HF538112.1_2 
HF537599.1_2 
HF538185.1_14 
HF537968.1_13 
HF538200.1_3 
HF538578.1_1 
HF537588.1_1 
HF537723.1_3 
HF538218.1_4 
HF537716.1_2 
HF538039.1_2 
HF538152.1_2 
HF537651.1_5 
HF538331.1_1 
HF538502.1_3 
HF538087.1_1 
HF538551.1_6 
HF538616.1_26 
HF538079.1_1 
HF538607.1_14 
HF537600.1_4 
HF538050.1_2 
HF538309.1_3 
HF538611.1_8 
HF537790.1_5 
HF537816.1_2 
HF538117.1_6 
HF538390.1_3 
HF537926.1_3 
HF537563.1_4 
HF537982.1_6 
HF538390.1_2 
HF538172.1_5 
HF538302.1_9 
HF538358.1_2 
HF538360.1_9 
HF537943.1_1 
HF538200.1_4 
HF538190.1_4 
HF538279.1_2 
HF537618.1_3 
HF537723.1_1 
HF538079.1_3 
HF537955.1_1 
HF538463.1_9 
HF538095.1_2 
HF538383.1_1 
HF537897.1_1 
HF537987.1_1 
HF538149.1_1 
HF538302.1_4 
HF538614.1_7 
HF538152.1_4 
HF538606.1_1 
HF538056.1_2 
HF538441.1_4 
HF538453.1_6 
HF537600.1_11 
HF538114.1_1 
HF538185.1_3 
HF538185.1_6 
HF537743.1_2 
HF537929.1_5 
HF538112.1_5 
HF538314.1_4 
HF538417.1_3 
HF537661.1_4 
HF538387.1_4 
HF538616.1_9 
HF537594.1_9 
HF538115.1_1 
HF538318.1_8 
HF538610.1_4 
HF537803.1_4 
HF538028.1_2 
HF538056.1_5 
HF538373.1_3 
HF538061.1_2 
HF538216.1_4 
HF538500.1_1 
HF538205.1_6 
HF537926.1_8 
HF538107.1_1 
HF538354.1_14 
HF537819.1_3 
HF537819.1_5 
HF538360.1_3 
HF537550.1_1 
HF537592.1_1 
HF538196.1_10 
HF538595.1_1 
HF538152.1_14 
HF538200.1_5 
HF538143.1_7 
HF538218.1_5 
HF537995.1_1 
HF538607.1_12 
HF538354.1_3 
HF538551.1_1 
HF538584.1_4 
HF538611.1_3 
HF537629.1_9 
HF538312.1_22 
HF537901.1_3 
HF538190.1_2 
HF538096.1_2 
HF538493.1_10 
HF538607.1_8 
HF537644.1_2 
HF538392.1_8 
HF538525.1_5 
HF537771.1_7 
HF537771.1_9 
HF538303.1_3 
HF538361.1_1 
HF538572.1_2 
HF538094.1_3 
HF538463.1_3 
HF538609.1_7 
HF538051.1_2 
HF538079.1_5 
HF537618.1_7 
HF537658.1_1 
HF537827.1_8 
HF538358.1_3 
HF537641.1_2 
HF537913.1_1 
HF538067.1_2 
HF538145.1_1 
HF538336.1_4 
HF538312.1_16 
HF537570.1_3 
HF537963.1_1 
HF538113.1_27 
HF538615.1_4 
HF537832.1_13 
HF538113.1_10 
HF538134.1_3 
HF537881.1_2 
HF537999.1_2 
HF538545.1_2 
HF537629.1_2 
HF537968.1_10 
HF537596.1_5 
HF537801.1_1 
HF538028.1_3 
HF538107.1_2 
HF538134.1_1 
HF538139.1_3 
HF538434.1_1 
HF538113.1_15 
HF538215.1_2 
HF538226.1_1 
HF538540.1_2 
HF537629.1_7 
HF538094.1_5 
HF538403.1_2 
HF538027.1_1 
HF538317.1_8 
HF537681.1_4 
HF538269.1_2 
HF538474.1_2 
HF537594.1_5 
HF538302.1_3 
HF538109.1_11 
HF538183.1_2 
HF538185.1_17 
HF537982.1_2 
HF538045.1_1 
HF538363.1_1 
HF537827.1_5 
HF537996.1_1 
HF538530.1_2 
HF538604.1_1 
HF538152.1_8 
HF537890.1_2 
HF538076.1_4 
HF538269.1_3 
HF538479.1_1 
HF537676.1_1 
HF538441.1_13 
HF537784.1_1 
HF538143.1_11 
HF537596.1_4 
HF537832.1_16 
HF538280.1_1 
HF537689.1_4 
HF538079.1_6 
HF538318.1_20 
HF537722.1_2 
HF538210.1_1 
HF538607.1_5 
HF538616.1_20 
HF538503.1_2 
HF538113.1_14 
HF538312.1_21 
HF538609.1_20 
HF538215.1_7 
HF537639.1_1 
HF538441.1_12 
HF538442.1_1 
HF537816.1_5 
HF538037.1_2 
HF538245.1_3 
HF538318.1_16 
HF537926.1_1 
HF538477.1_1 
HF537777.1_1 
HF537819.1_8 
HF537926.1_9 
HF538603.1_27 
HF538604.1_5 
HF537681.1_2 
HF537737.1_2 
HF538453.1_7 
HF538601.1_1 
HF538607.1_13 
HF537588.1_3 
HF538507.1_6 
HF537967.1_6 
HF538109.1_12 
HF538152.1_3 
HF538223.1_5 
HF538390.1_4 
HF538063.1_3 
HF538218.1_1 
HF538291.1_3 
HF537709.1_1 
HF537594.1_7 
HF538196.1_8 
HF538318.1_25 
HF538360.1_4 
HF538616.1_25 
HF538007.1_1 
HF538112.1_6 
HF538284.1_2 
HF538538.1_1 
HF538603.1_22 
HF538609.1_5 
HF537963.1_4 
HF538300.1_2 
HF538314.1_8 
HF538616.1_5 
HF538113.1_5 
HF538262.1_3 
HF538331.1_8 
HF538481.1_2 
HF538600.1_2 
HF538603.1_20 
HF538603.1_3 
HF538532.1_3 
HF538196.1_4 
HF538526.1_6 
HF538176.1_3 
HF537689.1_3 
HF537743.1_1 
HF537832.1_1 
HF537955.1_2 
HF537613.1_4 
HF537673.1_2 
HF538324.1_2 
HF538616.1_23 
HF538143.1_1 
HF538185.1_9 
HF538312.1_24 
HF538595.1_2 
HF538609.1_11 
HF537823.1_2 
HF537913.1_4 
HF538347.1_2 
HF537997.1_2 
HF538153.1_5 
HF538441.1_15 
HF538152.1_9 
HF538397.1_2 
HF537545.1_1 
HF538015.1_12 
HF538459.1_1 
HF537819.1_2 
HF538039.1_1 
HF538223.1_3 
HF537599.1_9 
HF537713.1_2 
HF538153.1_4 
HF538318.1_3 
HF538614.1_2 
HF537816.1_8 
HF538611.1_7 
HF538611.1_9 
HF538354.1_16 
HF538390.1_6 
HF538371.1_1 
HF537934.1_2 
HF538117.1_5 
HF538607.1_19 
HF538084.1_1 
HF538036.1_4 
HF538139.1_7 
HF537560.1_2 
HF538113.1_20 
HF538318.1_13 
HF537926.1_10 
HF538184.1_1 
HF538607.1_16 
HF538111.1_1 
HF538178.1_1 
HF537600.1_3 
HF537700.1_1 
HF538113.1_4 
HF538353.1_4 
HF537939.1_3 
HF538441.1_1 
HF538607.1_1 
HF537930.1_3 
HF537713.1_1 
HF537816.1_9 
HF538609.1_6 
HF538067.1_1 
HF537722.1_3 
HF537929.1_4 
HF538090.1_1 
HF538383.1_4 
HF538532.1_5 
HF537819.1_1 
HF538483.1_1 
HF538109.1_4 
HF537832.1_2 
HF537977.1_6 
HF538441.1_2 
HF537968.1_14 
HF538214.1_5 
HF538390.1_1 
HF537613.1_3 
HF537650.1_1 
HF537883.1_1 
HF537770.1_1 
HF537787.1_1 
HF538092.1_2 
HF538266.1_1 
HF538291.1_4 
HF538367.1_1 
HF538609.1_13 
HF537850.1_2 
HF538003.1_1 
HF538176.1_4 
HF538185.1_10 
HF538580.1_1 
HF538303.1_5 
HF537948.1_1 
HF538185.1_12 
HF538195.1_7 
HF538279.1_5 
HF538353.1_3 
HF538427.1_2 
HF538616.1_7 
HF537596.1_7 
HF537754.1_1 
HF538110.1_3 
HF538189.1_2 
HF538193.1_2 
HF538208.1_2 
HF538431.1_1 
HF537825.1_1 
HF538185.1_8 
HF538373.1_4 
HF537613.1_2 
HF537629.1_6 
HF538377.1_2 
HF537583.1_2 
HF537716.1_4 
HF537763.1_1 
HF538290.1_2 
HF538443.1_1 
HF538079.1_4 
HF538160.1_2 
HF538388.1_4 
HF538526.1_1 
HF538354.1_17 
HF537860.1_1 
HF538614.1_4 
HF538166.1_3 
HF538383.1_3 
HF538441.1_11 
HF537677.1_3 
HF538090.1_6 
HF538161.1_1 
HF538360.1_11 
HF538493.1_9 
HF537960.1_2 
HF538227.1_1 
HF538353.1_1 
HF538401.1_1 
HF538403.1_3 
HF538430.1_5 
HF538455.1_2 
HF537554.1_2 
HF538153.1_6 
HF538441.1_8 
HF537570.1_6 
HF537999.1_4 
HF538205.1_5 
HF538571.1_1 
HF537982.1_3 
HF538380.1_1 
HF537560.1_1 
HF537853.1_4 
HF538136.1_1 
HF538417.1_2 
HF538427.1_1 
HF537728.1_1 
HF537897.1_2 
HF537926.1_7 
HF538196.1_3 
HF537733.1_3 
HF537651.1_3 
HF538389.1_1 
HF537594.1_6 
HF537735.1_1 
HF538074.1_3 
HF538528.1_1 
HF537646.1_1 
HF537733.1_4 
HF538119.1_1 
HF538317.1_2 
HF538508.1_1 
HF537771.1_10 
HF538036.1_1 
HF538041.1_2 
HF538195.1_12 
HF538056.1_3 
HF538186.1_1 
HF538215.1_4 
HF538463.1_2 
HF537623.1_1 
HF537791.1_3 
HF538079.1_8 
HF538113.1_21 
HF538579.1_6 
HF538377.1_1 
HF538503.1_4 
HF538208.1_1 
HF538614.1_10 
HF538169.1_1 
HF537722.1_4 
HF538329.1_3 
HF538603.1_9 
HF537563.1_7 
HF537712.1_1 
HF537860.1_3 
HF538110.1_8 
HF538317.1_7 
HF538353.1_2 
HF538378.1_1 
HF538605.1_3 
HF537709.1_6 
HF537860.1_5 
HF538205.1_3 
HF538377.1_3 
HF537709.1_5 
HF537733.1_5 
HF537771.1_8 
HF537864.1_1 
HF538082.1_1 
HF538185.1_4 
HF538603.1_17 
HF538076.1_2 
HF538613.1_4 
HF537819.1_4 
HF537819.1_7 
HF538015.1_6 
HF538571.1_2 
HF538143.1_5 
HF537599.1_5 
HF537612.1_2 
HF537803.1_3 
HF538312.1_17 
HF538383.1_2 
HF538603.1_10 
HF538185.1_7 
HF538217.1_2 
HF538354.1_18 
HF538417.1_1 
HF537571.1_2 
HF537599.1_8 
HF537929.1_3 
HF538004.1_2 
HF538312.1_2 
HF538318.1_5 
HF538607.1_6 
HF538609.1_18 
HF538609.1_4 
HF538067.1_3 
HF538204.1_1 
HF538303.1_6 
HF538521.1_4 
HF538576.1_2 
HF538604.1_2 
HF537999.1_6 
HF538143.1_10 
HF538185.1_13 
HF537963.1_7 
HF538076.1_9 
HF538275.1_3 
HF538469.1_1 
HF538526.1_13 
HF538592.1_2 
HF538284.1_3 
HF538335.1_1 
HF538481.1_3 
HF538514.1_2 
HF538614.1_13 
HF538113.1_7 
HF538114.1_5 
HF538336.1_1 
HF538397.1_3 
HF538603.1_11 
HF538117.1_1 
HF538383.1_7 
HF537681.1_7 
HF537723.1_6 
HF538146.1_2 
HF538152.1_5 
HF538143.1_2 
HF538607.1_10 
HF538101.1_2 
HF538616.1_3 
HF538392.1_11 
HF537600.1_10 
HF538480.1_1 
HF537615.1_4 
HF538099.1_3 
HF538139.1_8 
HF538312.1_26 
HF538387.1_1 
HF537595.1_1 
HF537651.1_1 
HF538283.1_1 
HF538312.1_30 
HF538312.1_6 
HF538500.1_2 
HF538575.1_1 
HF537548.1_1 
HF537775.1_3 
HF537783.1_2 
HF537786.1_1 
HF537832.1_12 
HF538176.1_6 
HF538302.1_17 
HF538524.1_1 
HF538609.1_2 
HF537536.1_1 
HF537673.1_1 
HF537689.1_2 
HF537936.1_1 
HF537999.1_9 
HF538113.1_6 
HF538143.1_3 
HF538354.1_4 
HF538425.1_1 
HF538507.1_3 
HF538614.1_11 
HF538175.1_2 
HF538196.1_2 
HF538203.1_6 
HF538396.1_2 
HF537817.1_1 
HF538076.1_8 
HF538312.1_18 
HF538317.1_5 
HF537926.1_11 
HF538113.1_16 
HF537605.1_2 
HF538051.1_3 
HF538114.1_3 
HF538428.1_1 
HF538441.1_10 
HF537968.1_7 
HF537982.1_7 
HF538227.1_5 
HF537599.1_6 
HF537771.1_3 
HF537992.1_2 
HF538150.1_2 
HF538360.1_7 
HF537710.1_1 
HF538215.1_6 
HF538302.1_2 
HF538493.1_11 
HF538529.1_1 
HF537598.1_2 
HF538305.1_3 
HF538335.1_2 
HF538464.1_1 
HF537996.1_6 
HF538083.1_2 
HF538493.1_6 
HF538600.1_4 
HF537697.1_2 
HF538196.1_9 
HF538290.1_1 
HF538435.1_2 
HF538373.1_2 
HF538430.1_4 
HF538457.1_1 
HF538613.1_3 
HF537571.1_1 
HF538055.1_1 
HF538190.1_3 
HF538204.1_3 
HF538483.1_2 
HF538609.1_14 
HF538609.1_15 
HF537782.1_1 
HF537929.1_1 
HF538044.1_1 
HF538110.1_4 
HF538141.1_1 
HF538390.1_8 
HF538453.1_5 
HF538615.1_1 
HF538249.1_1 
HF538336.1_2 
HF538493.1_8 
HF538553.1_2 
HF538607.1_17 
HF537823.1_7 
HF538139.1_2 
HF538347.1_5 
HF538464.1_2 
HF538474.1_5 
HF537926.1_6 
HF538090.1_3 
HF538322.1_1 
HF537747.1_1 
HF538294.1_1 
HF538474.1_8 
HF538584.1_2 
HF537590.1_8 
HF537839.1_1 
HF537867.1_2 
HF537922.1_2 
HF538394.1_2 
HF538406.1_2 
HF538572.1_3 
HF537733.1_2 
HF537951.1_2 
HF538230.1_1 
HF538389.1_3 
HF538410.1_1 
HF538441.1_6 
HF537563.1_11 
HF538003.1_2 
HF538030.1_2 
HF538052.1_1 
HF538097.1_1 
HF538203.1_5 
HF537711.1_1 
HF538015.1_1 
HF538037.1_3 
HF538383.1_6 
HF537633.1_4 
HF537661.1_1 
HF538080.1_1 
HF538120.1_3 
HF538193.1_4 
HF538217.1_1 
HF537797.1_4 
HF537832.1_9 
HF538203.1_4 
HF538290.1_3 
HF538309.1_2 
HF537768.1_1 
HF537802.1_3 
HF537827.1_3 
HF537832.1_11 
HF537842.1_3 
HF538019.1_1 
HF538196.1_5 
HF538317.1_3 
HF538360.1_2 
HF538526.1_5 
HF537709.1_8 
HF537924.1_3 
HF537926.1_2 
HF537955.1_3 
HF538309.1_5 
HF537618.1_5 
HF538024.1_1 
HF538347.1_6 
HF538352.1_1 
HF538584.1_6 
HF537788.1_1 
HF537842.1_2 
HF538028.1_5 
HF538111.1_2 
HF537968.1_5 
HF537980.1_1 
HF537622.1_2 
HF537681.1_3 
HF537832.1_6 
HF537996.1_5 
HF538037.1_1 
HF538434.1_2 
HF537590.1_4 
HF537675.1_1 
HF537750.1_3 
HF537783.1_1 
HF537991.1_2 
HF538185.1_5 
HF538227.1_3 
HF538279.1_3 
HF538423.1_1 
HF538525.1_4 
HF537723.1_5 
HF537791.1_4 
HF537848.1_1 
HF538207.1_1 
HF538271.1_2 
HF538603.1_19 
HF537594.1_10 
HF537620.1_3 
HF537640.1_3 
HF537893.1_1 
HF538113.1_1 
HF538144.1_2 
HF538304.1_1 
HF538318.1_2 
HF538453.1_3 
HF538507.1_7 
HF538599.1_1 
HF537728.1_2 
HF538233.1_1 
HF538312.1_12 
HF538354.1_6 
HF538362.1_1 
HF538430.1_3 
HF538608.1_1 
HF538612.1_2 
HF538616.1_11 
HF537633.1_3 
HF537725.1_1 
HF537934.1_3 
HF537968.1_12 
HF538104.1_1 
HF538318.1_4 
HF538607.1_20 
HF537999.1_5 
HF538013.1_1 
HF538336.1_6 
HF538516.1_1 
HF538113.1_9 
HF538156.1_1 
HF538214.1_4 
HF538463.1_5 
HF538502.1_2 
HF538603.1_14 
HF537832.1_14 
HF538004.1_3 
HF538300.1_3 
HF538493.1_14 
HF538606.1_5 
HF537781.1_1 
HF537791.1_2 
HF538276.1_2 
HF538302.1_10 
HF538354.1_15 
HF538474.1_1 
HF538608.1_2 
HF537553.1_1 
HF537589.1_1 
HF537913.1_5 
HF537932.1_1 
HF537963.1_3 
HF538139.1_5 
HF538214.1_1 
HF537549.1_3 
HF537952.1_1 
HF538302.1_15 
HF538312.1_13 
HF538397.1_6 
HF537802.1_2 
HF537998.1_1 
HF538025.1_1 
HF538245.1_2 
HF538438.1_1 
HF538534.1_1 
HF538543.1_1 
HF538560.1_1 
HF538606.1_7 
HF538616.1_13 
HF538079.1_7 
HF537968.1_15 
HF538120.1_2 
HF538428.1_2 
HF538491.1_1 
HF537573.1_2 
HF537621.1_1 
HF537885.1_2 
HF538392.1_10 
HF538444.1_1 
HF537726.1_3 
HF538113.1_11 
HF538397.1_4 
HF537572.1_1 
HF537841.1_1 
HF537976.1_1 
HF538203.1_3 
HF538306.1_4 
HF538339.1_2 
HF538481.1_4 
HF538531.1_2 
HF538603.1_12 
HF538603.1_2 
HF537668.1_1 
HF537771.1_5 
HF538302.1_7 
HF538325.1_1 
HF537563.1_1 
HF538312.1_9 
HF538331.1_7 
HF537647.1_1 
HF537706.1_1 
HF538133.1_1 
HF538182.1_1 
HF538472.1_2 
HF538572.1_1 
HF538614.1_6 
HF537723.1_8 
HF537755.1_2 
HF537949.1_1 
HF538016.1_2 
HF538109.1_2 
HF538146.1_1 
HF538317.1_4 
HF538403.1_1 
HF537709.1_3 
HF537744.1_1 
HF537796.1_1 
HF537931.1_1 
HF538051.1_1 
HF538279.1_4 
HF538453.1_8 
HF538512.1_1 
HF538551.1_2 
HF537566.1_2 
HF537728.1_4 
HF537921.1_1 
HF537999.1_3 
HF538184.1_2 
HF538393.1_4 
HF538399.1_2 
HF537593.1_2 
HF537661.1_2 
HF537809.1_1 
HF538567.1_1 
HF537561.1_1 
HF537631.1_1 
HF537709.1_7 
HF537853.1_1 
HF538314.1_3 
HF538354.1_5 
HF537557.1_1 
HF537628.1_1 
HF537901.1_2 
HF538134.1_2 
HF538537.1_1 
HF537611.1_2 
HF537698.1_2 
HF537835.1_1 
HF538036.1_3 
HF538391.1_1 
HF538091.1_1 
HF538195.1_2 
HF537797.1_2 
HF537872.1_1 
HF537963.1_2 
HF538013.1_5 
HF538142.1_1 
HF538253.1_1 
HF538325.1_3 
HF538355.1_1 
HF537647.1_2 
HF537994.1_2 
HF538041.1_1 
HF538302.1_13 
HF538306.1_1 
HF538471.1_2 
HF538492.1_1 
HF538600.1_3 
HF537549.1_1 
HF537860.1_7 
HF537930.1_2 
HF537967.1_7 
HF537790.1_6 
HF537968.1_8 
HF538139.1_4 
HF538328.1_1 
HF538330.1_1 
HF538551.1_4 
HF537600.1_7 
HF537610.1_1 
HF537661.1_6 
HF538109.1_5 
HF538241.1_1 
HF538244.1_1 
HF538347.1_7 
HF538606.1_4 
HF538611.1_5 
HF537617.1_3 
HF537661.1_15 
HF538314.1_6 
HF538526.1_9 
HF538609.1_3 
HF537832.1_4 
HF537832.1_7 
HF537860.1_8 
HF538042.1_2 
HF538113.1_24 
HF538153.1_2 
HF538503.1_5 
HF537661.1_19 
HF537860.1_6 
HF538221.1_2 
HF538302.1_11 
HF538548.1_1 
HF537590.1_15 
HF537771.1_2 
HF537796.1_2 
HF537851.1_1 
HF538076.1_3 
HF538215.1_3 
HF538266.1_2 
HF538318.1_12 
HF538516.1_2 
HF538574.1_1 
HF537552.1_1 
HF537819.1_6 
HF538018.1_1 
HF538296.1_1 
HF538301.1_1 
HF538440.1_1 
HF537629.1_3 
HF537748.1_1 
HF537790.1_3 
HF537803.1_2 
HF537831.1_1 
HF537915.1_2 
HF538111.1_5 
HF538429.1_1 
HF538482.1_1 
HF538578.1_2 
HF537560.1_3 
HF537791.1_5 
HF537853.1_2 
HF538207.1_2 
HF538284.1_4 
HF538312.1_14 
HF538557.1_1 
HF538612.1_5 
HF538616.1_1 
HF537594.1_8 
HF537860.1_4 
HF538058.1_1 
HF538336.1_5 
HF538447.1_1 
HF537745.1_1 
HF538119.1_10 
HF538152.1_13 
HF538175.1_1 
HF538223.1_4 
HF538245.1_1 
HF538285.1_1 
HF538317.1_1 
HF538318.1_1 
HF538603.1_4 
HF537690.1_2 
HF538063.1_2 
HF538414.1_1 
HF538463.1_7 
HF538511.1_1 
HF538605.1_2 
HF538607.1_18 
HF537890.1_3 
HF537975.1_2 
HF538030.1_3 
HF538318.1_24 
HF538607.1_2 
HF537680.1_1 
HF537888.1_1 
HF537991.1_1 
HF538095.1_1 
HF538116.1_2 
HF538311.1_3 
HF538341.1_1 
HF538388.1_3 
HF538389.1_8 
HF538444.1_2 
HF537750.1_1 
HF537802.1_1 
HF537815.1_1 
HF538143.1_12 
HF538312.1_1 
HF538487.1_2 
HF538531.1_1 
HF538545.1_3 
HF537554.1_1 
HF537695.1_1 
HF538393.1_1 
HF537600.1_2 
HF537851.1_2 
HF538404.1_2 
HF538486.1_1 
HF537643.1_2 
HF538152.1_7 
HF538185.1_19 
HF538212.1_1 
HF538229.1_1 
HF538289.1_1 
HF538474.1_3 
HF538590.1_4 
HF537794.1_1 
HF537956.1_1 
HF538219.1_1 
HF538278.1_1 
HF538303.1_7 
HF538329.1_2 
HF538459.1_2 
HF538588.1_1 
HF538606.1_8 
HF537551.1_1 
HF537562.1_1 
HF537563.1_8 
HF537644.1_1 
HF537681.1_5 
HF537696.1_1 
HF538061.1_1 
HF538376.1_2 
HF538482.1_2 
HF537652.1_2 
HF538150.1_3 
HF538312.1_11 
HF538312.1_5 
HF538584.1_5 
HF537536.1_2 
HF537617.1_1 
HF537736.1_1 
HF537834.1_1 
HF538089.1_1 
HF538109.1_9 
HF537557.1_2 
HF537973.1_1 
HF537982.1_4 
HF538008.1_1 
HF538114.1_2 
HF538221.1_1 
HF538421.1_1 
HF537547.1_3 
HF537651.1_6 
HF538139.1_6 
HF538160.1_1 
HF538461.1_2 
HF538530.1_1 
HF537544.1_1 
HF537793.1_1 
HF538603.1_5 
HF537565.1_2 
HF537590.1_11 
HF537691.1_1 
HF537977.1_2 
HF537990.1_3 
HF538109.1_3 
HF538119.1_2 
HF538218.1_3 
HF538315.1_5 
HF538318.1_11 
HF538350.1_1 
HF537999.1_1 
HF538118.1_1 
HF538614.1_5 
HF537632.1_1 
HF537682.1_1 
HF537855.1_1 
HF537962.1_2 
HF538614.1_3 
HF537563.1_12 
HF537607.1_1 
HF537614.1_1 
HF537831.1_2 
HF537866.1_1 
HF537964.1_1 
HF538001.1_1 
HF538556.1_1 
HF538584.1_1 
HF537860.1_2 
HF537968.1_3 
HF538043.1_2 
HF538143.1_4 
HF538360.1_6 
HF538609.1_19 
HF538609.1_9 
HF537698.1_1 
HF537939.1_1 
HF537984.1_1 
HF538013.1_2 
HF538205.1_7 
HF538323.1_1 
HF538470.1_1 
HF538501.1_2 
HF538612.1_4 
HF537599.1_10 
HF537661.1_12 
HF537703.1_1 
HF537807.1_1 
HF538099.1_1 
HF538499.1_2 
HF538609.1_23 
HF537599.1_7 
HF537720.1_1 
HF538034.1_2 
HF538158.1_1 
HF538287.1_1 
HF538352.1_4 
HF538360.1_5 
HF538448.1_1 
HF537611.1_1 
HF537771.1_4 
HF537853.1_3 
HF537876.1_1 
HF538513.1_1 
HF538609.1_8 
HF537587.1_1 
HF537665.1_1 
HF537916.1_1 
HF538299.1_1 
HF538398.1_1 
HF538453.1_1 
HF537977.1_1 
HF538135.1_2 
HF538197.1_1 
HF538288.1_1 
HF537934.1_4 
HF538079.1_2 
HF538250.1_1 
HF538257.1_1 
HF538432.1_2 
HF538597.1_1 
HF537905.1_1 
HF537931.1_2 
HF538050.1_1 
HF538161.1_2 
HF538305.1_2 
HF538514.1_3 
HF538579.1_2 
HF537620.1_5 
HF538015.1_3 
HF538015.1_5 
HF538136.1_2 
HF538463.1_1 
HF538503.1_3 
HF538517.1_1 
HF538565.1_1 
HF537651.1_9 
HF537842.1_1 
HF537874.1_1 
HF537923.1_1 
HF537968.1_4 
HF538036.1_5 
HF538184.1_3 
HF538193.1_1 
HF538195.1_5 
HF538553.1_3 
HF537781.1_2 
HF538114.1_6 
HF538166.1_1 
HF538312.1_8 
HF538355.1_2 
HF538593.1_1 
HF538600.1_5 
HF537941.1_1 
HF537954.1_1 
HF538050.1_3 
HF538554.1_1 
HF538603.1_15 
HF537618.1_2 
HF538093.1_1 
HF538217.1_3 
HF537657.1_1 
HF537768.1_2 
HF537818.1_2 
HF538412.1_1 
HF538415.1_1 
HF537533.1_1 
HF537721.1_1 
HF537775.1_1 
HF538026.1_3 
HF538110.1_1 
HF538318.1_19 
HF538430.1_2 
HF538536.1_1 
HF538595.1_3 
HF538611.1_4 
HF538148.1_1 
HF538300.1_4 
HF538349.1_1 
HF538381.1_1 
HF537570.1_1 
HF537624.1_1 
HF537661.1_24 
HF537878.1_1 
HF537915.1_3 
HF538496.1_1 
HF538533.1_2 
HF538563.1_2 
HF538603.1_6 
HF537693.1_1 
HF537963.1_6 
HF537982.1_9 
HF538222.1_3 
HF538590.1_3 
HF537711.1_2 
HF537927.1_1 
HF537968.1_2 
HF537996.1_4 
HF538172.1_1 
HF538359.1_1 
HF538484.1_1 
HF538551.1_9 
HF537640.1_2 
HF537819.1_9 
HF537999.1_8 
HF538054.1_1 
HF538059.1_1 
HF538085.1_1 
HF538315.1_6 
HF538616.1_12 
HF537728.1_3 
HF537928.1_1 
HF537970.1_1 
HF538039.1_3 
HF538219.1_2 
HF538228.1_1 
HF538325.1_2 
HF538345.1_1 
HF538348.1_1 
HF538360.1_1 
HF538577.1_1 
HF537594.1_4 
HF537642.1_1 
HF537737.1_3 
HF537836.1_1 
HF537850.1_3 
HF537924.1_2 
HF537947.1_1 
HF537629.1_4 
HF537655.1_2 
HF537871.1_1 
HF537990.1_2 
HF538069.1_2 
HF538164.1_1 
HF538183.1_1 
HF538312.1_29 
HF538318.1_23 
HF538347.1_3 
HF538411.1_2 
HF538615.1_3 
HF538031.1_1 
HF538113.1_28 
HF538117.1_3 
HF538125.1_1 
HF538277.1_2 
HF538327.1_1 
HF537554.1_3 
HF537785.1_2 
HF537840.1_1 
HF537913.1_2 
HF537926.1_5 
HF537994.1_3 
HF538108.1_2 
HF538123.1_1 
HF538148.1_2 
HF538201.1_2 
HF538314.1_1 
HF538489.1_1 
HF538525.1_2 
HF537599.1_4 
HF537620.1_1 
HF537679.1_3 
HF537843.1_1 
HF537968.1_16 
HF537988.1_1 
HF537989.1_1 
HF538020.1_3 
HF538188.1_1 
HF538376.1_1 
HF537560.1_4 
HF537611.1_3 
HF537620.1_4 
HF537638.1_1 
HF537641.1_1 
HF537684.1_1 
HF537990.1_1 
HF538192.1_1 
HF538205.1_1 
HF538313.1_1 
HF538468.1_1 
HF537866.1_2 
HF537993.1_1 
HF538113.1_2 
HF538132.1_3 
HF538180.1_1 
HF538241.1_2 
HF538526.1_4 
HF537940.1_1 
HF538012.1_2 
HF538163.1_1 
HF538317.1_9 
HF538473.1_1 
HF538493.1_13 
HF538587.1_1 
HF538590.1_1 
HF537732.1_1 
HF537792.1_1 
HF537795.1_1 
HF537829.1_1 
HF537884.1_2 
HF537901.1_4 
HF537937.1_1 
HF537978.1_4 
HF538076.1_1 
HF538110.1_5 
HF538146.1_3 
HF538238.1_1 
HF538324.1_1 
HF538384.1_4 
HF538560.1_2 
HF537678.1_1 
HF537738.1_1 
HF537843.1_2 
HF538020.1_6 
HF538113.1_13 
HF538228.1_3 
HF538344.1_2 
HF538395.1_1 
HF537566.1_1 
HF537592.1_3 
HF538014.1_1 
HF538102.1_1 
HF538162.1_5 
HF538258.1_1 
HF538299.1_2 
HF538525.1_3 
HF537604.1_1 
HF537674.1_3 
HF537722.1_5 
HF537826.1_1 
HF538155.1_1 
HF538317.1_10 
HF538454.1_2 
HF537536.1_3 
HF537539.1_1 
HF537590.1_10 
HF537661.1_14 
HF537762.1_1 
HF538216.1_1 
HF538218.1_2 
HF538533.1_1 
HF537651.1_4 
HF537848.1_2 
HF537967.1_2 
HF538015.1_2 
HF538068.1_1 
HF538343.1_1 
HF538519.1_1 
HF537556.1_1 
HF537605.1_4 
HF537661.1_3 
HF537695.1_2 
HF537723.1_7 
HF537809.1_2 
HF538100.1_1 
HF537702.1_1 
HF538121.1_1 
HF538256.1_1 
HF538431.1_3 
HF538596.1_1 
HF537887.1_1 
HF537893.1_2 
HF537894.1_1 
HF538036.1_2 
HF538236.1_1 
HF538360.1_10 
HF538525.1_1 
HF538536.1_2 
HF537645.1_1 
HF537760.1_1 
HF537804.1_1 
HF537832.1_3 
HF537845.1_1 
HF537969.1_1 
HF538172.1_9 
HF538383.1_5 
HF538388.1_5 
HF538559.1_1 
HF537590.1_7 
HF537627.1_2 
HF537749.1_1 
HF538281.1_1 
HF538407.1_1 
HF538526.1_14 
HF538615.1_6 
HF537814.1_1 
HF537898.1_1 
HF538198.1_1 
HF538310.1_1 
HF538389.1_9 
HF538425.1_2 
HF538451.1_1 
HF538507.1_5 
HF537590.1_3 
HF537659.1_1 
HF537782.1_3 
HF538011.1_1 
HF538074.1_4 
HF538122.1_1 
HF538165.1_2 
HF538195.1_11 
HF538252.1_1 
HF538374.1_1 
HF538446.1_2 
HF538452.1_1 
HF538504.1_1 
HF537568.1_2 
HF537637.1_3 
HF537661.1_23 
HF538004.1_1 
HF538137.1_1 
HF538354.1_1 
HF538531.1_3 
HF538585.1_1 
HF537661.1_22 
HF537661.1_7 
HF537951.1_1 
HF538166.1_2 
HF538297.1_1 
HF538590.1_6 
HF538609.1_16 
HF537567.1_1 
HF537612.1_1 
HF537689.1_5 
HF537727.1_1 
HF538103.1_1 
HF538185.1_1 
HF538373.1_1 
HF538389.1_6 
HF538446.1_1 
HF537884.1_1 
HF537918.1_1 
HF538002.1_1 
HF538185.1_11 
HF538262.1_1 
HF538389.1_2 
HF538392.1_5 
HF538437.1_1 
HF538590.1_5 
HF538616.1_2 
HF537581.1_1 
HF538228.1_2 
HF538430.1_1 
HF538495.1_1 
HF537534.1_1 
HF537590.1_13 
HF537615.1_3 
HF538135.1_1 
HF538314.1_5 
HF538393.1_3 
HF538544.1_1 
HF537590.1_5 
HF537592.1_2 
HF537625.1_1 
HF537626.1_1 
HF537761.1_1 
HF537781.1_3 
HF537957.1_1 
HF537977.1_3 
HF538105.1_1 
HF538106.1_1 
HF538286.1_1 
HF538392.1_3 
HF537558.1_1 
HF537759.1_1 
HF537811.1_2 
HF537818.1_1 
HF537978.1_2 
HF538086.1_1 
HF538157.1_1 
HF538165.1_1 
HF538254.1_1 
HF538389.1_5 
HF538488.1_1 
HF537705.1_1 
HF537718.1_1 
HF537837.1_1 
HF537857.1_1 
HF537914.1_1 
HF537925.1_1 
HF538161.1_3 
HF538200.1_2 
HF538247.1_1 
HF538279.1_1 
HF538364.1_2 
HF538389.1_7 
HF537574.1_1 
HF537582.1_1 
HF537649.1_1 
HF537692.1_1 
HF537802.1_4 
HF537870.1_2 
HF538129.1_1 
HF538148.1_3 
HF538162.1_3 
HF538167.1_1 
HF538283.1_3 
HF538390.1_5 
HF538583.1_1 
HF537868.1_1 
HF537944.1_2 
HF538046.1_2 
HF538094.1_4 
HF538506.1_1 
HF538509.1_1 
HF537752.1_1 
HF538047.1_1 
HF538066.1_2 
HF538245.1_4 
HF538311.1_2 
HF538312.1_19 
HF538608.1_3 
HF538614.1_12 
HF537547.1_1 
HF537594.1_2 
HF537637.1_2 
HF537766.1_2 
HF537797.1_3 
HF537830.1_1 
HF537847.1_1 
HF538176.1_5 
HF538272.1_1 
HF538455.1_3 
HF538558.1_1 
HF538603.1_18 
HF538612.1_1 
HF537616.1_1 
HF537704.1_1 
HF538162.1_4 
HF538202.1_1 
HF538308.1_1 
HF538347.1_1 
HF538394.1_1 
HF538603.1_25 
HF537584.1_1 
HF537602.1_1 
HF537674.1_4 
HF537906.1_2 
HF537978.1_1 
HF538302.1_6 
HF538379.1_1 
HF538483.1_3 
HF537789.1_1 
HF537805.1_1 
HF537852.1_1 
HF538020.1_1 
HF538070.1_1 
HF538302.1_8 
HF538392.1_12 
HF538603.1_26 
HF538607.1_21 
HF537580.1_1 
HF537599.1_3 
HF537605.1_1 
HF537740.1_1 
HF537774.1_1 
HF537913.1_3 
HF538110.1_7 
HF538144.1_1 
HF538220.1_1 
HF538265.1_1 
HF538271.1_3 
HF538424.1_1 
HF538579.1_1 
HF538607.1_11 
HF537563.1_13 
HF537813.1_1 
HF537861.1_1 
HF537910.1_1 
HF537967.1_1 
HF538119.1_6 
HF538153.1_3 
HF538318.1_21 
HF538366.1_2 
HF538409.1_2 
HF538526.1_11 
HF537573.1_3 
HF537657.1_2 
HF537938.1_1 
HF537953.1_3 
HF537966.1_2 
HF537986.1_1 
HF538199.1_2 
HF538201.1_1 
HF538263.1_1 
HF538312.1_15 
HF538346.1_1 
HF538406.1_1 
HF538422.1_1 
HF538428.1_3 
HF538479.1_3 
HF538493.1_12 
HF537541.1_1 
HF537600.1_12 
HF537719.1_1 
HF537952.1_2 
HF537967.1_4 
HF537996.1_3 
HF538049.1_1 
HF538134.1_5 
HF538222.1_2 
HF538295.1_1 
HF538307.1_1 
HF538389.1_10 
HF538441.1_16 
HF538521.1_1 
HF538573.1_2 
HF537605.1_3 
HF537630.1_1 
HF537755.1_1 
HF537862.1_1 
HF538320.1_1 
HF538340.1_1 
HF538353.1_5 
HF538356.1_1 
HF538440.1_3 
HF538616.1_24 
HF537648.1_1 
HF537695.1_3 
HF537773.1_1 
HF537911.1_1 
HF537930.1_1 
HF537994.1_1 
HF538056.1_1 
HF538270.1_1 
HF538309.1_1 
HF538332.1_1 
HF538431.1_2 
HF538441.1_3 
HF537575.1_1 
HF537653.1_1 
HF537771.1_6 
HF537939.1_2 
HF538012.1_1 
HF538038.1_1 
HF538291.1_2 
HF538338.1_1 
HF538521.1_5 
HF538546.1_1 
HF538594.1_1 
HF538000.1_1 
HF538022.1_1 
HF538030.1_1 
HF538060.1_2 
HF538117.1_4 
HF538231.1_1 
HF538298.1_1 
HF538523.1_1 
HF538541.1_1 
HF537672.1_1 
HF537833.1_1 
HF537850.1_1 
HF537858.1_1 
HF537892.1_1 
HF538152.1_12 
HF538292.1_1 
HF538342.1_1 
HF538586.1_1 
HF537797.1_1 
HF537971.1_2 
HF537979.1_1 
HF538465.1_1 
HF538475.1_1 
HF538542.1_1 
HF538561.1_1 
HF537537.1_1 
HF537636.1_1 
HF537670.1_1 
HF537729.1_1 
HF537772.1_1 
HF537844.1_1 
HF538092.1_3 
HF538110.1_6 
HF538173.1_1 
HF538235.1_1 
HF538244.1_2 
HF538251.1_1 
HF538275.1_1 
HF538321.1_1 
HF538418.1_1 
HF538570.1_1 
HF537536.1_4 
HF537573.1_1 
HF537586.1_1 
HF537832.1_10 
HF537856.1_1 
HF538073.1_1 
HF538130.1_1 
HF538176.1_2 
HF538191.1_1 
HF538246.1_1 
HF538259.1_1 
HF538282.1_1 
HF538463.1_8 
HF538581.1_2 
HF538609.1_21 
HF537570.1_2 
HF537857.1_2 
HF537953.1_2 
HF538094.1_1 
HF538150.1_1 
HF538283.1_2 
HF538402.1_1 
HF538425.1_3 
HF538433.1_1 
HF538469.1_2 
HF538493.1_7 
HF538566.1_1 
HF538607.1_9 
HF537542.1_1 
HF537576.1_1 
HF537602.1_2 
HF537661.1_21 
HF537683.1_1 
HF537730.1_1 
HF537824.1_1 
HF537828.1_1 
HF538053.1_1 
HF538329.1_1 
HF538400.1_1 
HF538418.1_2 
HF538458.1_1 
HF538564.1_1 
HF537629.1_8 
HF537723.1_2 
HF537904.1_2 
HF537917.1_1 
HF538037.1_4 
HF538148.1_4 
HF538195.1_9 
HF538274.1_1 
HF538293.1_1 
HF538337.1_1 
HF538388.1_6 
HF537559.1_1 
HF537569.1_1 
HF537600.1_9 
HF537615.1_5 
HF537694.1_1 
HF537697.1_1 
HF537699.1_1 
HF537701.1_1 
HF537778.1_1 
HF537840.1_2 
HF537944.1_1 
HF538033.1_1 
HF538152.1_1 
HF538260.1_1 
HF538302.1_1 
HF538315.1_1 
HF538547.1_1 
HF537609.1_2 
HF537661.1_8 
HF537739.1_1 
HF537769.1_1 
HF537879.1_1 
HF537891.1_1 
HF538209.1_1 
HF538311.1_4 
HF538476.1_1 
HF538609.1_24 
HF537605.1_5 
HF537725.1_2 
HF537797.1_5 
HF537938.1_2 
HF538016.1_1 
HF538023.1_1 
HF538048.1_1 
HF538107.1_3 
HF538172.1_8 
HF538237.1_1 
HF538318.1_22 
HF538369.1_1 
HF538385.1_1 
HF538420.1_1 
HF538454.1_1 
HF538466.1_1 
HF538478.1_1 
HF538497.1_1 
HF537546.1_1 
HF537583.1_1 
HF537662.1_1 
HF537798.1_1 
HF537946.1_1 
HF537972.1_1 
HF538120.1_1 
HF538162.1_1 
HF538331.1_4 
HF538416.1_1 
HF538493.1_3 
HF538526.1_15 
HF538614.1_8 
HF537634.1_1 
HF537726.1_2 
HF537785.1_1 
HF537865.1_1 
HF537873.1_1 
HF537899.1_1 
HF537959.1_1 
HF538082.1_2 
HF538143.1_6 
HF538388.1_2 
HF538449.1_1 
HF538485.1_1 
HF538535.1_1 
HF538603.1_8 
HF538609.1_12 
HF537597.1_1 
HF537661.1_11 
HF537731.1_2 
HF537812.1_1 
HF537869.1_1 
HF537883.1_2 
HF537903.1_1 
HF537958.1_1 
HF538065.1_1 
HF538174.1_1 
HF538315.1_4 
HF538387.1_3 
HF538555.1_1 
HF538616.1_21 
HF537923.1_2 
HF537967.1_8 
HF538140.1_1 
HF538154.1_1 
HF538379.1_2 
HF538408.1_1 
HF538610.1_1 
HF537661.1_9 
HF537722.1_6 
HF537741.1_1 
HF537816.1_3 
HF538119.1_8 
HF537570.1_5 
HF537612.1_3 
HF538162.1_6 
HF538205.1_2 
HF538224.1_1 
HF538239.1_1 
HF538314.1_2 
HF538333.1_1 
HF538407.1_2 
HF538418.1_3 
HF538456.1_1 
HF538519.1_2 
HF538615.1_5 
HF537570.1_4 
HF537661.1_16 
HF537661.1_5 
HF537690.1_1 
HF538132.1_2 
HF538386.1_1 
HF538387.1_2 
HF538532.1_2 
HF538614.1_9 
HF537539.1_2 
HF537733.1_1 
HF537960.1_4 
HF538006.1_2 
HF538046.1_1 
HF538411.1_1 
HF537593.1_1 
HF537689.1_1 
HF537751.1_1 
HF537968.1_1 
HF538020.1_4 
HF538113.1_12 
HF538448.1_2 
HF538612.1_3 
HF537609.1_1 
HF537870.1_1 
HF537889.1_1 
HF537997.1_3 
HF538172.1_2 
HF538264.1_1 
HF538352.1_6 
HF538472.1_1 
HF538507.1_1 
HF538553.1_1 
HF537543.1_2 
HF537661.1_17 
HF537724.1_1 
HF537810.1_1 
HF538119.1_9 
HF538152.1_11 
HF538240.1_1 
HF538327.1_2 
HF537775.1_2 
HF537883.1_3 
HF538028.1_1 
HF538074.1_2 
HF538189.1_1 
HF538302.1_14 
HF538331.1_3 
HF538435.1_1 
HF538527.1_1 
HF537606.1_1 
HF537644.1_3 
HF537750.1_2 
HF537907.1_2 
HF537977.1_5 
HF538051.1_4 
HF538075.1_1 
HF538152.1_6 
HF538223.1_2 
HF538315.1_3 
HF538453.1_9 
HF538471.1_1 
HF538497.1_2 
HF537591.1_1 
HF537615.1_2 
HF537655.1_1 
HF537671.1_2 
HF537816.1_1 
HF537859.1_1 
HF537971.1_1 
HF537999.1_10 
HF538088.1_2 
HF538275.1_2 
HF538354.1_12 
HF538510.1_1 
HF537651.1_7 
HF537661.1_10 
HF537661.1_20 
HF537679.1_2 
HF537846.1_2 
HF537953.1_1 
HF538114.1_4 
HF538382.1_2 
HF538404.1_1 
HF538579.1_3 
HF537744.1_3 
HF537928.1_2 
HF538076.1_11 
HF538190.1_5 
HF537661.1_18 
HF537799.1_1 
HF537849.1_1 
HF537901.1_8 
HF538016.1_3 
HF538064.1_2 
HF538090.1_2 
HF538139.1_1 
HF538302.1_16 
HF538325.1_4 
HF538562.1_2 
HF537591.1_2 
HF537600.1_6 
HF537651.1_2 
HF537663.1_1 
HF537669.1_1 
HF537820.1_1 
HF537822.1_1 
HF538062.1_1 
HF538143.1_8 
HF538159.1_2 
HF538342.1_2 
HF538477.1_2 
HF538503.1_6 
HF537619.1_1 
HF537640.1_1 
HF537689.1_7 
HF537966.1_1 
HF538098.1_1 
HF538268.1_2 
HF538365.1_1 
HF538532.1_1 
HF537863.1_1 
HF538109.1_7 
HF538132.1_1 
HF538141.1_3 
HF538159.1_1 
HF538386.1_2 
HF538479.1_4 
HF538607.1_3 
HF538616.1_14 
HF537543.1_1 
HF537716.1_1 
HF537906.1_1 
HF537968.1_6 
HF538009.1_1 
HF538032.1_1 
HF538105.1_2 
HF538168.1_1 
HF538351.1_2 
HF538436.1_2 
HF538494.1_1 
HF538598.1_1 
HF537731.1_1 
HF537782.1_2 
HF538131.1_1 
HF538225.1_1 
HF538579.1_7 
HF538581.1_1 
HF537674.1_1 
HF537688.1_1 
HF537901.1_10 
HF538105.1_3 
HF538119.1_7 
HF538372.1_1 
HF538579.1_5 
HF538593.1_2 
HF538616.1_6 
HF537600.1_1 
HF537780.1_1 
HF537800.1_2 
HF537803.1_1 
HF538042.1_1 
HF538128.1_1 
HF538181.1_2 
HF538370.1_2 
HF537651.1_8 
HF537776.1_1 
HF537854.1_1 
HF537902.1_1 
HF538199.1_1 
HF538216.1_3 
HF538223.1_1 
HF538243.1_1 
HF538300.1_1 
HF538339.1_1 
HF538370.1_1 
HF538392.1_9 
HF538591.1_1 
HF537594.1_3 
HF537666.1_1 
HF537779.1_1 
HF537904.1_1 
HF538185.1_2 
HF538385.1_3 
HF538399.1_1 
HF538493.1_4 
HF538568.1_1 
HF538592.1_1 
HF537590.1_1 
HF537622.1_1 
HF537975.1_1 
HF538127.1_1 
HF538171.1_1 
HF538305.1_1 
HF537608.1_1 
HF537668.1_2 
HF537717.1_1 
HF537961.1_1 
HF538110.1_2 
HF538172.1_7 
HF538354.1_2 
HF538403.1_4 
HF538446.1_3 
HF538502.1_1 
HF538578.1_3 
HF537549.1_2 
HF537596.1_1 
HF537627.1_1 
HF537771.1_1 
HF537802.1_5 
HF537808.1_1 
HF537820.1_2 
HF538162.1_2 
HF538239.1_2 
HF538242.1_1 
HF538366.1_1 
HF538382.1_1 
HF538442.1_3 
HF538549.1_1 
HF538615.1_2 
HF537722.1_7 
HF537764.1_1 
HF537930.1_4 
HF538094.1_2 
HF538097.1_2 
HF538117.1_8 
HF538524.1_3 
HF538603.1_23 
HF537667.1_2 
HF537796.1_3 
HF537800.1_1 
HF537816.1_7 
HF538032.1_2 
HF538071.1_1 
HF538409.1_1 
HF537564.1_1 
HF537737.1_1 
HF538057.1_1 
HF538196.1_1 
HF538419.1_1 
HF537637.1_1 
HF537656.1_2 
HF537790.1_1 
HF537838.1_2 
HF537924.1_1 
HF538051.1_5 
HF538066.1_1 
HF538088.1_1 
HF537863.1_2 
HF538176.1_1 
HF538182.1_2 
HF538203.1_1 
HF538314.1_7 
HF538365.1_2 
HF538498.1_1 
HF538503.1_1 
HF537734.1_2 
HF537853.1_5 
HF538026.1_1 
HF538043.1_1 
HF538225.1_2 
HF538269.1_1 
HF538303.1_1 
HF538533.1_3 
HF538538.1_2 
HF537661.1_13 
HF537739.1_2 
HF537901.1_6 
HF537929.1_6 
HF538392.1_13 
HF537656.1_1 
HF538063.1_1 
HF538394.1_3 
HF538562.1_1 
HF537568.1_1 
HF537682.1_2 
HF537791.1_1 
HF537962.1_1 
HF538112.1_1 
HF538209.1_2 
HF538215.1_1 
HF538302.1_12 
HF538563.1_3 
HF538573.1_1 
HF537824.1_2 
HF537915.1_1 
HF537961.1_2 
HF537811.1_1 
HF537838.1_1 
HF537890.1_1 
HF537985.1_1 
HF538104.1_2 
HF538181.1_3 
HF538268.1_1 
HF538312.1_28 
HF538351.1_1 
HF538385.1_2 
HF538563.1_1 
HF537867.1_1 
HF538060.1_1 
HF538061.1_3 
HF538242.1_2 
HF538277.1_1 
HF537679.1_1 
HF537885.1_1 
HF537963.1_8 
HF538172.1_10 
HF538484.1_2 
HF537710.1_3 
HF537845.1_2 
HF537846.1_1 
HF537974.1_1 
HF538052.1_2 
HF538083.1_1 
HF538194.1_1 
HF538215.1_9 
HF538344.1_1 
HF538614.1_1 
HF537643.1_1 
HF537677.1_1 
HF537908.1_2 
HF537909.1_1 
HF538513.1_2 
HF538533.1_4 
HF537598.1_1 
HF537686.1_1 
HF537908.1_1 
HF538048.1_2 
HF537901.1_11 
HF538074.1_1 
HF538181.1_1 
HF538271.1_1 
HF538358.1_4 
HF537706.1_2 
HF538010.1_1 
HF538044.1_2 
HF538057.1_2 
HF538276.1_1 
HF537660.1_1 
HF538099.1_4 
HF538520.1_1 
HF537728.1_5 
HF538064.1_1 
