AQSD01000014.1_4 AQSD01000014.1_3 AQSD01000001.1_106 AQSD01000005.1_68 AQSD01000002.1_114 AQSD01000002.1_44 AQSD01000005.1_64 AQSD01000005.1_34 AQSD01000001.1_107 AQSD01000003.1_32 
AQSD01000001.1_82 AQSD01000002.1_101 AQSD01000002.1_92 AQSD01000006.1_9 AQSD01000026.1_3 
AQSD01000009.1_29 AQSD01000002.1_73 AQSD01000005.1_52 AQSD01000002.1_108 
AQSD01000001.1_130 AQSD01000011.1_8 AQSD01000005.1_67 
AQSD01000005.1_63 AQSD01000009.1_30 AQSD01000001.1_39 
AQSD01000009.1_5 AQSD01000001.1_133 
AQSD01000004.1_47 AQSD01000003.1_38 
AQSD01000002.1_94 AQSD01000002.1_93 
AQSD01000001.1_200 AQSD01000002.1_22 
AQSD01000001.1_73 AQSD01000006.1_5 
AQSD01000002.1_87 AQSD01000003.1_64 
AQSD01000003.1_50 AQSD01000008.1_20 
AQSD01000003.1_43 AQSD01000006.1_19 
AQSD01000001.1_8 AQSD01000013.1_18 
AQSD01000005.1_31 AQSD01000005.1_4 
AQSD01000003.1_70 AQSD01000005.1_72 
AQSD01000014.1_19 AQSD01000014.1_18 
AQSD01000005.1_87 AQSD01000005.1_86 
AQSD01000001.1_142 AQSD01000001.1_148 
AQSD01000004.1_34 AQSD01000006.1_49 
AQSD01000001.1_180 AQSD01000005.1_46 
AQSD01000001.1_199 AQSD01000005.1_55 
AQSD01000001.1_120 
AQSD01000007.1_11 
AQSD01000006.1_33 
AQSD01000001.1_75 
AQSD01000001.1_104 
AQSD01000005.1_66 
AQSD01000003.1_47 
AQSD01000001.1_56 
AQSD01000001.1_114 
AQSD01000001.1_85 
AQSD01000001.1_55 
AQSD01000002.1_105 
AQSD01000005.1_16 
AQSD01000006.1_38 
AQSD01000007.1_18 
AQSD01000002.1_86 
AQSD01000001.1_86 
AQSD01000012.1_4 
AQSD01000001.1_98 
AQSD01000011.1_13 
AQSD01000001.1_27 
AQSD01000001.1_17 
AQSD01000002.1_29 
AQSD01000002.1_82 
AQSD01000006.1_34 
AQSD01000010.1_5 
AQSD01000001.1_30 
AQSD01000011.1_14 
AQSD01000013.1_14 
AQSD01000001.1_102 
AQSD01000016.1_9 
AQSD01000006.1_31 
AQSD01000002.1_5 
AQSD01000004.1_61 
AQSD01000013.1_2 
AQSD01000001.1_160 
AQSD01000001.1_187 
AQSD01000001.1_52 
AQSD01000002.1_70 
AQSD01000003.1_22 
AQSD01000004.1_53 
AQSD01000020.1_6 
AQSD01000007.1_6 
AQSD01000005.1_23 
AQSD01000002.1_84 
AQSD01000001.1_153 
AQSD01000003.1_62 
AQSD01000023.1_4 
AQSD01000013.1_7 
AQSD01000012.1_12 
AQSD01000001.1_80 
AQSD01000009.1_3 
AQSD01000001.1_31 
AQSD01000004.1_56 
AQSD01000003.1_16 
AQSD01000005.1_74 
AQSD01000001.1_11 
AQSD01000002.1_36 
AQSD01000006.1_10 
AQSD01000001.1_34 
AQSD01000013.1_16 
AQSD01000008.1_19 
AQSD01000004.1_51 
AQSD01000016.1_1 
AQSD01000009.1_6 
AQSD01000008.1_35 
AQSD01000001.1_139 
AQSD01000001.1_150 
AQSD01000003.1_104 
AQSD01000001.1_177 
AQSD01000001.1_24 
AQSD01000021.1_5 
AQSD01000003.1_75 
AQSD01000003.1_49 
AQSD01000007.1_16 
AQSD01000007.1_38 
AQSD01000015.1_16 
AQSD01000001.1_97 
AQSD01000004.1_64 
AQSD01000009.1_35 
AQSD01000011.1_11 
AQSD01000008.1_41 
AQSD01000008.1_10 
AQSD01000014.1_15 
AQSD01000009.1_28 
AQSD01000007.1_22 
AQSD01000002.1_28 
AQSD01000004.1_29 
AQSD01000014.1_5 
AQSD01000002.1_41 
AQSD01000001.1_36 
AQSD01000003.1_103 
AQSD01000003.1_106 
AQSD01000015.1_12 
AQSD01000001.1_19 
AQSD01000003.1_68 
AQSD01000011.1_10 
AQSD01000005.1_8 
AQSD01000016.1_2 
AQSD01000001.1_89 
AQSD01000002.1_97 
AQSD01000003.1_26 
AQSD01000014.1_20 
AQSD01000003.1_42 
AQSD01000004.1_39 
AQSD01000008.1_4 
AQSD01000007.1_9 
AQSD01000008.1_42 
AQSD01000004.1_11 
AQSD01000003.1_107 
AQSD01000003.1_63 
AQSD01000007.1_26 
AQSD01000010.1_19 
AQSD01000013.1_17 
AQSD01000001.1_128 
AQSD01000001.1_42 
AQSD01000004.1_36 
AQSD01000002.1_77 
AQSD01000006.1_6 
AQSD01000003.1_96 
AQSD01000001.1_61 
AQSD01000006.1_4 
AQSD01000001.1_46 
AQSD01000003.1_23 
AQSD01000011.1_3 
AQSD01000004.1_75 
AQSD01000005.1_18 
AQSD01000001.1_146 
AQSD01000001.1_100 
AQSD01000004.1_13 
AQSD01000001.1_193 
AQSD01000002.1_89 
AQSD01000010.1_16 
AQSD01000001.1_116 
AQSD01000004.1_10 
AQSD01000003.1_72 
AQSD01000001.1_21 
AQSD01000002.1_65 
AQSD01000004.1_27 
AQSD01000001.1_152 
AQSD01000003.1_48 
AQSD01000003.1_54 
AQSD01000005.1_15 
AQSD01000006.1_17 
AQSD01000007.1_24 
AQSD01000001.1_13 
AQSD01000010.1_10 
AQSD01000001.1_60 
AQSD01000003.1_12 
AQSD01000015.1_9 
AQSD01000001.1_70 
AQSD01000024.1_5 
AQSD01000001.1_154 
AQSD01000001.1_47 
AQSD01000004.1_9 
AQSD01000003.1_15 
AQSD01000006.1_36 
AQSD01000009.1_24 
AQSD01000001.1_37 
AQSD01000002.1_83 
AQSD01000004.1_1 
AQSD01000004.1_14 
AQSD01000016.1_11 
AQSD01000009.1_20 
AQSD01000017.1_5 
AQSD01000019.1_2 
AQSD01000003.1_5 
AQSD01000010.1_21 
AQSD01000002.1_81 
AQSD01000009.1_12 
AQSD01000001.1_45 
AQSD01000001.1_33 
AQSD01000001.1_183 
AQSD01000001.1_35 
AQSD01000006.1_1 
AQSD01000006.1_23 
AQSD01000002.1_102 
AQSD01000008.1_44 
AQSD01000001.1_53 
AQSD01000002.1_30 
AQSD01000011.1_2 
AQSD01000017.1_4 
AQSD01000001.1_65 
AQSD01000004.1_44 
AQSD01000010.1_18 
AQSD01000002.1_90 
AQSD01000005.1_82 
AQSD01000011.1_7 
AQSD01000001.1_178 
AQSD01000009.1_31 
AQSD01000003.1_55 
AQSD01000004.1_8 
AQSD01000001.1_50 
AQSD01000002.1_91 
AQSD01000016.1_12 
AQSD01000017.1_6 
AQSD01000001.1_54 
AQSD01000001.1_69 
AQSD01000009.1_32 
AQSD01000003.1_9 
AQSD01000002.1_54 
AQSD01000001.1_103 
AQSD01000001.1_88 
AQSD01000009.1_15 
AQSD01000013.1_10 
AQSD01000001.1_201 
AQSD01000001.1_71 
AQSD01000008.1_5 
AQSD01000003.1_34 
AQSD01000008.1_11 
AQSD01000010.1_20 
AQSD01000022.1_1 
AQSD01000007.1_10 
AQSD01000001.1_141 
AQSD01000008.1_14 
AQSD01000009.1_21 
AQSD01000004.1_5 
AQSD01000008.1_46 
AQSD01000002.1_17 
AQSD01000005.1_12 
AQSD01000002.1_11 
AQSD01000003.1_8 
AQSD01000004.1_2 
AQSD01000006.1_11 
AQSD01000002.1_112 
AQSD01000006.1_41 
AQSD01000010.1_1 
AQSD01000025.1_3 
AQSD01000001.1_144 
AQSD01000001.1_18 
AQSD01000004.1_46 
AQSD01000002.1_75 
AQSD01000007.1_37 
AQSD01000008.1_22 
AQSD01000008.1_47 
AQSD01000001.1_68 
AQSD01000006.1_42 
AQSD01000007.1_17 
AQSD01000009.1_19 
AQSD01000002.1_56 
AQSD01000003.1_1 
AQSD01000006.1_7 
AQSD01000003.1_27 
AQSD01000001.1_81 
AQSD01000001.1_16 
AQSD01000002.1_53 
AQSD01000006.1_8 
AQSD01000001.1_115 
AQSD01000012.1_7 
AQSD01000002.1_31 
AQSD01000002.1_39 
AQSD01000003.1_14 
AQSD01000003.1_86 
AQSD01000025.1_2 
AQSD01000017.1_7 
AQSD01000002.1_59 
AQSD01000004.1_68 
AQSD01000002.1_106 
AQSD01000002.1_107 
AQSD01000010.1_8 
AQSD01000003.1_56 
AQSD01000002.1_66 
AQSD01000003.1_65 
AQSD01000021.1_4 
AQSD01000008.1_50 
AQSD01000001.1_2 
AQSD01000001.1_32 
AQSD01000002.1_55 
AQSD01000001.1_93 
AQSD01000002.1_34 
AQSD01000011.1_12 
AQSD01000002.1_3 
AQSD01000004.1_66 
AQSD01000005.1_37 
AQSD01000005.1_49 
AQSD01000001.1_95 
AQSD01000013.1_8 
AQSD01000015.1_4 
AQSD01000003.1_78 
AQSD01000001.1_84 
AQSD01000003.1_39 
AQSD01000005.1_54 
AQSD01000001.1_172 
AQSD01000001.1_78 
AQSD01000007.1_3 
AQSD01000010.1_23 
AQSD01000012.1_1 
AQSD01000003.1_13 
AQSD01000005.1_51 
AQSD01000001.1_51 
AQSD01000008.1_31 
AQSD01000012.1_6 
AQSD01000001.1_189 
AQSD01000014.1_1 
AQSD01000002.1_69 
AQSD01000002.1_76 
AQSD01000007.1_20 
AQSD01000019.1_4 
AQSD01000001.1_57 
AQSD01000007.1_2 
AQSD01000001.1_62 
AQSD01000002.1_47 
AQSD01000002.1_52 
AQSD01000015.1_15 
AQSD01000008.1_7 
AQSD01000012.1_18 
AQSD01000009.1_33 
AQSD01000002.1_35 
AQSD01000003.1_57 
AQSD01000001.1_122 
AQSD01000002.1_32 
AQSD01000004.1_70 
AQSD01000005.1_53 
AQSD01000009.1_14 
AQSD01000001.1_151 
AQSD01000002.1_57 
AQSD01000010.1_11 
AQSD01000012.1_9 
AQSD01000002.1_7 
AQSD01000002.1_38 
AQSD01000004.1_18 
AQSD01000012.1_17 
AQSD01000003.1_71 
AQSD01000004.1_45 
AQSD01000001.1_41 
AQSD01000007.1_5 
AQSD01000009.1_10 
AQSD01000001.1_4 
AQSD01000004.1_49 
AQSD01000012.1_5 
AQSD01000004.1_73 
AQSD01000006.1_12 
AQSD01000016.1_8 
AQSD01000002.1_46 
AQSD01000001.1_1 
AQSD01000004.1_60 
AQSD01000005.1_25 
AQSD01000003.1_25 
AQSD01000017.1_2 
AQSD01000007.1_36 
AQSD01000001.1_49 
AQSD01000002.1_115 
AQSD01000002.1_40 
AQSD01000001.1_138 
AQSD01000001.1_79 
AQSD01000003.1_41 
AQSD01000005.1_9 
AQSD01000007.1_12 
AQSD01000002.1_18 
AQSD01000003.1_44 
AQSD01000008.1_23 
AQSD01000009.1_40 
AQSD01000006.1_35 
AQSD01000018.1_8 
AQSD01000009.1_34 
AQSD01000003.1_35 
AQSD01000003.1_36 
AQSD01000008.1_38 
AQSD01000004.1_12 
AQSD01000001.1_96 
AQSD01000002.1_64 
AQSD01000005.1_26 
AQSD01000002.1_63 
AQSD01000013.1_5 
AQSD01000001.1_121 
AQSD01000007.1_46 
AQSD01000002.1_51 
AQSD01000005.1_85 
AQSD01000007.1_30 
AQSD01000008.1_36 
AQSD01000010.1_7 
AQSD01000003.1_59 
AQSD01000007.1_21 
AQSD01000001.1_125 
AQSD01000008.1_2 
AQSD01000024.1_4 
AQSD01000001.1_110 
AQSD01000007.1_45 
AQSD01000003.1_11 
AQSD01000006.1_22 
AQSD01000008.1_17 
AQSD01000002.1_58 
AQSD01000005.1_5 
AQSD01000002.1_103 
AQSD01000002.1_48 
AQSD01000003.1_66 
AQSD01000004.1_52 
AQSD01000005.1_58 
AQSD01000007.1_39 
AQSD01000002.1_8 
AQSD01000005.1_69 
AQSD01000009.1_22 
AQSD01000004.1_76 
AQSD01000005.1_59 
AQSD01000006.1_21 
AQSD01000009.1_42 
AQSD01000001.1_25 
AQSD01000003.1_31 
AQSD01000001.1_94 
AQSD01000006.1_32 
AQSD01000003.1_6 
AQSD01000003.1_40 
AQSD01000003.1_18 
AQSD01000001.1_22 
AQSD01000002.1_24 
AQSD01000007.1_44 
AQSD01000001.1_156 
AQSD01000004.1_30 
AQSD01000005.1_19 
AQSD01000007.1_40 
AQSD01000009.1_9 
AQSD01000018.1_11 
AQSD01000006.1_13 
AQSD01000008.1_24 
AQSD01000015.1_17 
AQSD01000003.1_28 
AQSD01000004.1_63 
AQSD01000007.1_8 
AQSD01000009.1_8 
AQSD01000004.1_69 
AQSD01000006.1_14 
AQSD01000001.1_185 
AQSD01000008.1_48 
AQSD01000009.1_25 
AQSD01000014.1_16 
AQSD01000021.1_3 
AQSD01000001.1_155 
AQSD01000007.1_25 
AQSD01000017.1_3 
AQSD01000026.1_2 
AQSD01000026.1_4 
AQSD01000001.1_74 
AQSD01000005.1_3 
AQSD01000006.1_2 
AQSD01000005.1_76 
AQSD01000001.1_162 
AQSD01000002.1_88 
AQSD01000003.1_3 
AQSD01000023.1_2 
AQSD01000002.1_16 
AQSD01000004.1_33 
AQSD01000012.1_8 
AQSD01000005.1_78 
AQSD01000007.1_34 
AQSD01000007.1_14 
AQSD01000002.1_98 
AQSD01000016.1_13 
AQSD01000001.1_170 
AQSD01000003.1_108 
AQSD01000003.1_20 
AQSD01000002.1_60 
AQSD01000005.1_50 
AQSD01000005.1_10 
AQSD01000005.1_42 
AQSD01000011.1_9 
AQSD01000015.1_8 
AQSD01000015.1_5 
AQSD01000001.1_171 
AQSD01000002.1_113 
AQSD01000001.1_168 
AQSD01000008.1_8 
AQSD01000001.1_195 
AQSD01000001.1_129 
AQSD01000003.1_52 
AQSD01000012.1_2 
AQSD01000002.1_72 
AQSD01000006.1_3 
AQSD01000003.1_73 
AQSD01000008.1_12 
AQSD01000001.1_137 
AQSD01000001.1_174 
AQSD01000002.1_10 
AQSD01000001.1_135 
AQSD01000001.1_157 
AQSD01000001.1_194 
AQSD01000002.1_116 
AQSD01000001.1_83 
AQSD01000004.1_35 
AQSD01000007.1_35 
AQSD01000001.1_191 
AQSD01000002.1_78 
AQSD01000001.1_10 
AQSD01000002.1_1 
AQSD01000002.1_79 
AQSD01000004.1_32 
AQSD01000004.1_71 
AQSD01000001.1_123 
AQSD01000007.1_13 
AQSD01000003.1_10 
AQSD01000004.1_15 
AQSD01000001.1_175 
AQSD01000002.1_37 
AQSD01000018.1_2 
AQSD01000002.1_14 
AQSD01000007.1_33 
AQSD01000006.1_50 
AQSD01000011.1_6 
AQSD01000001.1_124 
AQSD01000001.1_145 
AQSD01000002.1_104 
AQSD01000002.1_25 
AQSD01000004.1_3 
AQSD01000006.1_26 
AQSD01000008.1_39 
AQSD01000001.1_99 
AQSD01000008.1_33 
AQSD01000009.1_37 
AQSD01000022.1_3 
AQSD01000001.1_92 
AQSD01000005.1_79 
AQSD01000009.1_39 
AQSD01000012.1_19 
AQSD01000024.1_3 
AQSD01000001.1_58 
AQSD01000002.1_43 
AQSD01000004.1_26 
AQSD01000002.1_68 
AQSD01000003.1_37 
AQSD01000003.1_58 
AQSD01000008.1_29 
AQSD01000008.1_3 
AQSD01000011.1_16 
AQSD01000004.1_55 
AQSD01000006.1_28 
AQSD01000009.1_18 
AQSD01000010.1_14 
AQSD01000002.1_45 
AQSD01000008.1_37 
AQSD01000005.1_28 
AQSD01000006.1_45 
AQSD01000001.1_15 
AQSD01000001.1_165 
AQSD01000001.1_23 
AQSD01000008.1_40 
AQSD01000001.1_87 
AQSD01000002.1_4 
AQSD01000006.1_40 
AQSD01000006.1_43 
AQSD01000015.1_2 
AQSD01000004.1_17 
AQSD01000002.1_96 
AQSD01000003.1_81 
AQSD01000013.1_15 
AQSD01000001.1_192 
AQSD01000001.1_29 
AQSD01000004.1_6 
AQSD01000005.1_27 
AQSD01000001.1_181 
AQSD01000001.1_63 
AQSD01000005.1_48 
AQSD01000012.1_10 
AQSD01000014.1_11 
AQSD01000001.1_12 
AQSD01000004.1_67 
AQSD01000005.1_75 
AQSD01000001.1_158 
AQSD01000009.1_36 
AQSD01000003.1_109 
AQSD01000005.1_7 
AQSD01000009.1_17 
AQSD01000005.1_17 
AQSD01000019.1_6 
AQSD01000001.1_108 
AQSD01000003.1_2 
AQSD01000005.1_61 
AQSD01000001.1_9 
AQSD01000009.1_16 
AQSD01000013.1_4 
AQSD01000019.1_1 
AQSD01000022.1_6 
AQSD01000006.1_20 
AQSD01000020.1_4 
AQSD01000001.1_179 
AQSD01000006.1_47 
AQSD01000001.1_113 
AQSD01000005.1_47 
AQSD01000019.1_3 
AQSD01000001.1_3 
AQSD01000003.1_74 
AQSD01000005.1_24 
AQSD01000001.1_109 
AQSD01000007.1_41 
AQSD01000022.1_4 
AQSD01000008.1_21 
AQSD01000010.1_6 
AQSD01000016.1_3 
AQSD01000004.1_72 
AQSD01000018.1_7 
AQSD01000023.1_3 
AQSD01000001.1_184 
AQSD01000002.1_21 
AQSD01000002.1_62 
AQSD01000005.1_13 
AQSD01000001.1_131 
AQSD01000001.1_5 
AQSD01000003.1_53 
AQSD01000006.1_27 
AQSD01000002.1_85 
AQSD01000005.1_21 
AQSD01000009.1_2 
AQSD01000010.1_13 
AQSD01000004.1_41 
AQSD01000019.1_7 
AQSD01000001.1_119 
AQSD01000001.1_169 
AQSD01000002.1_23 
AQSD01000005.1_62 
AQSD01000006.1_44 
AQSD01000003.1_84 
AQSD01000001.1_118 
AQSD01000003.1_51 
AQSD01000002.1_74 
AQSD01000004.1_48 
AQSD01000024.1_2 
AQSD01000001.1_186 
AQSD01000002.1_6 
AQSD01000001.1_182 
AQSD01000001.1_132 
AQSD01000005.1_43 
AQSD01000008.1_45 
AQSD01000012.1_11 
AQSD01000002.1_15 
AQSD01000003.1_21 
AQSD01000005.1_80 
AQSD01000006.1_15 
AQSD01000009.1_7 
AQSD01000002.1_33 
AQSD01000005.1_36 
AQSD01000015.1_6 
AQSD01000002.1_61 
AQSD01000006.1_29 
AQSD01000006.1_30 
AQSD01000013.1_12 
AQSD01000003.1_67 
AQSD01000001.1_59 
AQSD01000005.1_84 
AQSD01000008.1_49 
AQSD01000012.1_3 
AQSD01000009.1_38 
AQSD01000004.1_43 
AQSD01000008.1_25 
AQSD01000011.1_4 
AQSD01000025.1_1 
AQSD01000007.1_27 
AQSD01000009.1_11 
AQSD01000014.1_12 
AQSD01000001.1_117 
AQSD01000002.1_20 
AQSD01000017.1_1 
AQSD01000001.1_44 
AQSD01000005.1_14 
AQSD01000009.1_41 
AQSD01000002.1_99 
AQSD01000005.1_60 
AQSD01000004.1_23 
AQSD01000008.1_27 
AQSD01000014.1_14 
AQSD01000001.1_134 
AQSD01000001.1_163 
AQSD01000006.1_51 
AQSD01000008.1_6 
AQSD01000013.1_13 
AQSD01000002.1_100 
AQSD01000003.1_60 
AQSD01000001.1_166 
AQSD01000002.1_19 
AQSD01000001.1_26 
AQSD01000004.1_42 
AQSD01000007.1_28 
AQSD01000003.1_105 
AQSD01000004.1_54 
AQSD01000005.1_20 
AQSD01000004.1_31 
AQSD01000004.1_50 
AQSD01000002.1_110 
AQSD01000005.1_40 
AQSD01000005.1_41 
AQSD01000016.1_7 
AQSD01000006.1_37 
AQSD01000010.1_12 
AQSD01000001.1_28 
AQSD01000008.1_16 
AQSD01000001.1_161 
AQSD01000002.1_27 
AQSD01000003.1_69 
AQSD01000001.1_149 
AQSD01000003.1_98 
AQSD01000008.1_9 
AQSD01000004.1_28 
AQSD01000005.1_22 
AQSD01000008.1_32 
AQSD01000001.1_91 
AQSD01000004.1_19 
AQSD01000009.1_23 
AQSD01000010.1_24 
AQSD01000006.1_16 
AQSD01000007.1_7 
AQSD01000008.1_30 
AQSD01000002.1_49 
AQSD01000003.1_19 
AQSD01000003.1_80 
AQSD01000004.1_38 
AQSD01000008.1_43 
AQSD01000004.1_57 
AQSD01000006.1_39 
AQSD01000008.1_15 
AQSD01000003.1_83 
AQSD01000014.1_13 
AQSD01000001.1_38 
AQSD01000001.1_127 
AQSD01000003.1_45 
AQSD01000005.1_2 
AQSD01000012.1_15 
AQSD01000001.1_111 
AQSD01000002.1_12 
AQSD01000008.1_34 
AQSD01000018.1_10 
AQSD01000002.1_9 
AQSD01000012.1_20 
AQSD01000002.1_26 
AQSD01000006.1_24 
AQSD01000010.1_2 
AQSD01000012.1_16 
AQSD01000015.1_14 
AQSD01000004.1_22 
AQSD01000001.1_77 
AQSD01000002.1_71 
AQSD01000007.1_19 
AQSD01000010.1_4 
AQSD01000022.1_7 
AQSD01000001.1_176 
AQSD01000003.1_110 
AQSD01000004.1_25 
AQSD01000001.1_143 
AQSD01000003.1_76 
AQSD01000005.1_30 
AQSD01000020.1_5 
AQSD01000003.1_89 
AQSD01000018.1_9 
AQSD01000023.1_1 
AQSD01000005.1_29 
AQSD01000005.1_6 
AQSD01000001.1_188 
AQSD01000001.1_7 
AQSD01000001.1_76 
AQSD01000002.1_13 
AQSD01000003.1_46 
AQSD01000004.1_16 
AQSD01000009.1_4 
AQSD01000010.1_17 
AQSD01000014.1_17 
AQSD01000003.1_29 
AQSD01000001.1_136 
AQSD01000001.1_6 
AQSD01000011.1_5 
AQSD01000001.1_48 
AQSD01000006.1_25 
AQSD01000001.1_43 
AQSD01000006.1_48 
AQSD01000003.1_88 
AQSD01000005.1_45 
AQSD01000018.1_6 
AQSD01000001.1_198 
AQSD01000015.1_11 
AQSD01000003.1_30 
AQSD01000006.1_18 
AQSD01000006.1_46 
AQSD01000010.1_22 
AQSD01000018.1_5 
AQSD01000020.1_7 
AQSD01000001.1_40 
AQSD01000018.1_1 
AQSD01000005.1_81 
AQSD01000014.1_2 
AQSD01000003.1_111 
AQSD01000008.1_28 
AQSD01000012.1_13 
AQSD01000010.1_3 
AQSD01000004.1_37 
AQSD01000005.1_32 
AQSD01000001.1_101 
AQSD01000004.1_59 
AQSD01000005.1_70 
AQSD01000008.1_18 
AQSD01000001.1_147 
AQSD01000001.1_167 
AQSD01000001.1_196 
AQSD01000004.1_7 
AQSD01000007.1_32 
AQSD01000013.1_3 
AQSD01000013.1_9 
AQSD01000020.1_1 
AQSD01000004.1_4 
AQSD01000022.1_2 
AQSD01000002.1_50 
AQSD01000021.1_1 
AQSD01000008.1_1 
AQSD01000001.1_159 
AQSD01000020.1_3 
AQSD01000001.1_90 
AQSD01000001.1_14 
AQSD01000002.1_67 
AQSD01000003.1_77 
AQSD01000011.1_1 
AQSD01000015.1_3 
AQSD01000001.1_20 
AQSD01000004.1_65 
AQSD01000005.1_71 
AQSD01000003.1_61 
AQSD01000003.1_7 
AQSD01000003.1_4 
AQSD01000004.1_40 
AQSD01000005.1_83 
AQSD01000016.1_5 
AQSD01000016.1_6 
AQSD01000001.1_173 
AQSD01000002.1_95 
AQSD01000008.1_26 
AQSD01000003.1_17 
AQSD01000011.1_15 
AQSD01000002.1_2 
AQSD01000005.1_11 
AQSD01000001.1_112 
AQSD01000004.1_62 
AQSD01000002.1_109 
AQSD01000005.1_65 
AQSD01000005.1_73 
AQSD01000009.1_27 
AQSD01000015.1_7 
AQSD01000003.1_90 
AQSD01000007.1_23 
AQSD01000001.1_64 
AQSD01000002.1_111 
AQSD01000003.1_87 
AQSD01000004.1_74 
AQSD01000014.1_6 
AQSD01000003.1_91 
AQSD01000007.1_43 
AQSD01000002.1_80 
AQSD01000015.1_13 
AQSD01000001.1_190 
AQSD01000003.1_99 
AQSD01000010.1_9 
AQSD01000020.1_2 
AQSD01000013.1_6 
AQSD01000016.1_10 
AQSD01000001.1_126 
AQSD01000001.1_72 
AQSD01000007.1_15 
AQSD01000001.1_105 
AQSD01000001.1_140 
AQSD01000007.1_1 
AQSD01000003.1_92 
AQSD01000001.1_164 
AQSD01000004.1_20 
AQSD01000003.1_24 
AQSD01000003.1_33 
AQSD01000003.1_79 
AQSD01000005.1_56 
AQSD01000001.1_197 
AQSD01000003.1_93 
AQSD01000005.1_33 
AQSD01000005.1_77 
AQSD01000007.1_42 
AQSD01000010.1_15 
AQSD01000012.1_14 
AQSD01000018.1_3 
AQSD01000003.1_101 
AQSD01000003.1_102 
AQSD01000005.1_38 
AQSD01000007.1_4 
AQSD01000001.1_67 
AQSD01000003.1_100 
AQSD01000003.1_95 
AQSD01000003.1_97 
AQSD01000005.1_35 
AQSD01000008.1_13 
AQSD01000001.1_66 
AQSD01000005.1_57 
AQSD01000021.1_2 
AQSD01000016.1_4 
AQSD01000002.1_42 
AQSD01000004.1_58 
AQSD01000021.1_6 
AQSD01000007.1_31 
AQSD01000004.1_24 
AQSD01000007.1_29 
AQSD01000014.1_9 
AQSD01000003.1_94 
AQSD01000005.1_1 
AQSD01000024.1_1 
AQSD01000009.1_13 
AQSD01000004.1_21 
AQSD01000015.1_1 
AQSD01000003.1_85 
AQSD01000005.1_44 
AQSD01000013.1_11 
AQSD01000022.1_5 
AQSD01000015.1_10 
AQSD01000026.1_1 
AQSD01000014.1_7 
AQSD01000018.1_4 
AQSD01000003.1_82 
AQSD01000005.1_39 
AQSD01000014.1_10 
AQSD01000013.1_1 
AQSD01000014.1_8 
AQSD01000019.1_5 
AQSD01000009.1_26 
AQSD01000009.1_1 
