HF538971.1_3 HF538869.1_7 HF539313.1_2 HF539072.1_7 HF539095.1_2 HF539325.1_21 HF539299.1_2 HF539072.1_6 HF538868.1_4 HF538805.1_3 HF539318.1_8 HF539210.1_20 HF538852.1_13 HF539311.1_4 HF538698.1_2 HF539037.1_11 HF539309.1_19 HF539232.1_2 HF538977.1_6 HF538994.1_3 HF538971.1_2 HF538878.1_11 HF538945.1_26 HF539325.1_30 HF538733.1_17 HF539278.1_1 HF538878.1_17 HF539117.1_4 HF538706.1_2 HF538763.1_1 HF538729.1_2 HF539197.1_2 HF538641.1_2 HF539095.1_12 HF539047.1_1 HF538938.1_4 HF538878.1_18 HF538706.1_1 HF538788.1_6 HF538928.1_3 HF539318.1_4 HF538805.1_6 HF539318.1_5 HF539240.1_2 HF539072.1_1 HF539315.1_8 HF538671.1_4 HF539218.1_1 HF538805.1_5 HF539110.1_2 HF539198.1_1 HF539284.1_1 HF538747.1_18 HF538836.1_1 HF538918.1_2 HF538939.1_3 HF539283.1_1 HF538787.1_1 HF539316.1_16 HF538845.1_1 HF539268.1_1 HF539315.1_10 HF539086.1_1 HF538833.1_4 HF539037.1_1 HF539047.1_2 HF539075.1_1 HF538837.1_1 
HF539320.1_11 HF538878.1_15 HF538999.1_2 HF538801.1_30 HF539095.1_21 HF538869.1_12 HF539304.1_3 HF539309.1_42 HF539325.1_5 HF539299.1_21 HF538898.1_15 HF538747.1_6 HF538856.1_2 HF538963.1_5 HF538795.1_4 HF538733.1_18 HF539125.1_4 HF539200.1_2 HF538801.1_23 HF539290.1_2 HF539001.1_2 HF538978.1_21 HF539242.1_9 
HF539037.1_5 HF538898.1_13 HF538678.1_7 HF539055.1_7 HF539302.1_21 HF538958.1_9 HF539198.1_6 HF539117.1_8 HF539055.1_11 HF539302.1_9 HF539244.1_13 HF538733.1_14 HF539324.1_12 HF538990.1_1 HF539071.1_13 HF538751.1_4 HF539063.1_10 
HF539202.1_2 HF539099.1_1 HF538619.1_2 HF539189.1_1 HF539065.1_2 HF538619.1_1 HF539020.1_1 HF539202.1_3 HF539044.1_1 HF538717.1_1 HF538895.1_1 HF539281.1_1 HF538765.1_1 HF539140.1_2 
HF539162.1_1 HF538868.1_2 HF538749.1_88 HF538788.1_7 HF538801.1_28 HF539298.1_14 HF538854.1_3 HF538775.1_1 HF539092.1_14 
HF539303.1_2 HF539320.1_7 HF539200.1_1 HF539025.1_5 HF538747.1_8 HF539049.1_2 HF539159.1_2 
HF539318.1_3 HF539095.1_5 HF538977.1_20 HF538747.1_2 HF539300.1_5 HF538958.1_2 HF539150.1_2 
HF538767.1_3 HF539248.1_2 HF539032.1_4 HF539117.1_25 HF539197.1_1 HF539218.1_2 
HF539304.1_2 HF538999.1_3 HF539095.1_22 HF538747.1_7 HF539309.1_43 
HF539300.1_3 HF539032.1_3 HF538978.1_1 HF538801.1_26 HF539248.1_1 
HF538963.1_6 HF539232.1_3 HF538707.1_2 HF538741.1_11 HF538841.1_1 
HF538670.1_8 HF539257.1_6 HF539053.1_4 HF538767.1_7 HF539299.1_26 
HF539006.1_26 HF539296.1_26 HF539095.1_1 HF538760.1_1 
HF539071.1_11 HF539071.1_10 HF539067.1_1 HF538652.1_2 
HF539320.1_10 HF538733.1_19 HF539242.1_8 HF538712.1_1 
HF538734.1_1 HF538840.1_3 HF539270.1_2 HF538728.1_1 
HF539304.1_20 HF539195.1_3 HF539117.1_26 
HF538670.1_29 HF538670.1_30 HF539210.1_1 
HF539107.1_6 HF539298.1_8 HF539017.1_2 
HF539325.1_12 HF539092.1_7 HF539121.1_2 
HF539032.1_2 HF538801.1_12 HF538801.1_2 
HF539302.1_13 HF538996.1_3 HF538715.1_1 
HF538860.1_2 HF538980.1_1 HF538865.1_1 
HF538698.1_5 HF539006.1_2 HF538768.1_6 
HF538869.1_9 HF539326.1_19 HF538692.1_20 
HF539057.1_1 HF539279.1_1 HF539307.1_5 
HF538818.1_1 HF539008.1_1 HF538809.1_1 
HF539325.1_19 HF539073.1_1 HF539311.1_6 
HF539309.1_24 HF539309.1_10 HF538986.1_10 
HF538621.1_3 HF538788.1_1 HF538840.1_2 
HF538854.1_4 HF539326.1_18 HF538674.1_1 
HF539309.1_18 HF538801.1_29 HF539302.1_19 
HF538869.1_6 HF538809.1_7 HF538749.1_57 
HF539309.1_9 HF539108.1_12 HF539252.1_1 
HF539054.1_3 HF539318.1_13 HF538749.1_16 
HF538776.1_6 HF539292.1_1 HF538634.1_5 
HF539071.1_1 HF538972.1_1 HF538681.1_1 
HF538976.1_1 HF539134.1_1 HF538962.1_5 
HF539244.1_6 HF538749.1_101 
HF539210.1_19 HF539195.1_5 
HF539244.1_8 HF538675.1_2 
HF538946.1_5 HF539037.1_8 
HF538852.1_12 HF539311.1_3 
HF538698.1_3 HF539326.1_1 
HF539257.1_10 HF539289.1_4 
HF539257.1_11 HF539289.1_3 
HF539210.1_11 HF538999.1_4 
HF539299.1_8 HF539309.1_23 
HF538698.1_9 HF539319.1_19 
HF539304.1_10 HF539309.1_35 
HF538801.1_24 HF538945.1_28 
HF538762.1_5 HF539107.1_7 
HF539311.1_7 HF539321.1_5 
HF539210.1_13 HF538761.1_9 
HF539040.1_2 HF538752.1_6 
HF538824.1_2 HF538784.1_2 
HF539085.1_13 HF538761.1_20 
HF539299.1_6 HF539072.1_5 
HF539318.1_22 HF539244.1_10 
HF538698.1_13 HF539319.1_15 
HF538747.1_17 HF539294.1_1 
HF538978.1_8 HF538747.1_1 
HF539071.1_3 HF539071.1_2 
HF538990.1_5 HF538780.1_3 
HF539244.1_12 HF538804.1_14 
HF538946.1_7 HF539320.1_4 
HF539302.1_10 HF539302.1_12 
HF538698.1_17 HF539319.1_11 
HF538986.1_8 HF539309.1_26 
HF539304.1_14 HF539309.1_31 
HF538868.1_5 HF539107.1_5 
HF538795.1_2 HF538996.1_6 
HF539099.1_6 HF538848.1_16 
HF538852.1_14 HF539311.1_5 
HF539298.1_11 HF538749.1_60 
HF538978.1_5 HF539300.1_2 
HF538698.1_16 HF539319.1_12 
HF538698.1_14 HF539319.1_14 
HF538804.1_9 HF539294.1_3 
HF538804.1_12 HF538994.1_4 
HF539055.1_15 HF539296.1_1 
HF538893.1_7 HF538749.1_53 
HF538698.1_11 HF539319.1_17 
HF538986.1_9 HF539309.1_25 
HF538986.1_5 HF539309.1_29 
HF538698.1_10 HF539319.1_18 
HF539325.1_22 HF539315.1_15 
HF539055.1_17 HF538772.1_1 
HF539302.1_20 HF538896.1_2 
HF539304.1_11 HF539309.1_34 
HF539325.1_25 HF538788.1_4 
HF538698.1_15 HF539319.1_13 
HF539325.1_26 HF539296.1_21 
HF539076.1_5 HF538998.1_4 
HF539257.1_9 HF539289.1_5 
HF538804.1_2 HF539257.1_7 
HF538776.1_4 HF538970.1_1 
HF538772.1_2 HF538749.1_73 
HF539319.1_8 HF538698.1_20 
HF539324.1_5 HF539324.1_13 
HF539257.1_5 HF538981.1_2 
HF539302.1_23 HF539324.1_10 
HF539302.1_24 HF539324.1_9 
HF538670.1_32 HF538749.1_100 
HF538698.1_18 HF539319.1_10 
HF538749.1_38 HF538670.1_9 
HF539324.1_7 HF539302.1_26 
HF538698.1_12 HF539319.1_16 
HF538754.1_4 HF538945.1_25 
HF538758.1_1 HF538963.1_12 
HF538898.1_5 HF538898.1_6 
HF539304.1_7 HF539309.1_38 
HF539302.1_25 HF539324.1_8 
HF538846.1_1 HF538702.1_1 
HF538977.1_19 HF538945.1_21 
HF538986.1_4 HF539309.1_30 
HF539324.1_2 HF539324.1_16 
HF538801.1_27 HF539076.1_1 
HF539092.1_2 HF538978.1_12 
HF538977.1_21 HF539315.1_11 
HF539304.1_9 HF539309.1_36 
HF539304.1_12 HF539309.1_33 
HF538735.1_1 HF538859.1_2 
HF539117.1_11 HF539029.1_2 
HF539222.1_2 HF539322.1_18 
HF539304.1_13 HF539309.1_32 
HF539006.1_22 HF539055.1_25 
HF539182.1_7 HF538621.1_1 
HF538734.1_4 HF539282.1_2 
HF538670.1_19 HF539296.1_5 
HF538749.1_85 HF538980.1_3 
HF539017.1_10 HF538675.1_3 
HF538665.1_1 HF539139.1_2 
HF539304.1_5 HF539309.1_40 
HF539099.1_3 HF538629.1_1 
HF539304.1_6 HF539309.1_39 
HF538698.1_19 HF539319.1_9 
HF539152.1_1 HF539213.1_1 
HF539161.1_4 HF538749.1_23 
HF538986.1_7 HF539309.1_27 
HF538986.1_6 HF539309.1_28 
HF538889.1_2 HF539077.1_1 
HF539302.1_22 HF539324.1_11 
HF539324.1_14 HF539324.1_4 
HF539304.1_8 HF539309.1_37 
HF538692.1_10 HF538692.1_11 
HF539025.1_2 HF538744.1_1 
HF539259.1_1 HF538636.1_1 
HF539322.1_17 HF539222.1_1 
HF539149.1_1 HF538951.1_1 
HF539304.1_4 HF539309.1_41 
HF538688.1_1 HF539238.1_2 
HF539168.1_1 HF539125.1_2 
HF539290.1_4 HF539030.1_1 
HF539324.1_15 HF539324.1_3 
HF538945.1_4 HF538634.1_3 
HF539257.1_13 HF539289.1_1 
HF539222.1_3 HF539322.1_19 
HF539257.1_12 HF539289.1_2 
HF539301.1_18 
HF539296.1_23 
HF538801.1_33 
HF539027.1_4 
HF538973.1_1 
HF539325.1_13 
HF538679.1_3 
HF539072.1_8 
HF538990.1_6 
HF539135.1_1 
HF538713.1_1 
HF539095.1_6 
HF539178.1_1 
HF538962.1_4 
HF539322.1_43 
HF539121.1_1 
HF539271.1_1 
HF538670.1_16 
HF538734.1_7 
HF539027.1_3 
HF538912.1_4 
HF539085.1_10 
HF539063.1_4 
HF539326.1_16 
HF539282.1_4 
HF539316.1_4 
HF538856.1_4 
HF539276.1_3 
HF539017.1_11 
HF538741.1_2 
HF538984.1_5 
HF538801.1_3 
HF538963.1_4 
HF539178.1_6 
HF538660.1_3 
HF538670.1_25 
HF539095.1_3 
HF538853.1_1 
HF539325.1_6 
HF538985.1_1 
HF539296.1_28 
HF539247.1_3 
HF539040.1_1 
HF538869.1_4 
HF538634.1_2 
HF539311.1_1 
HF539325.1_23 
HF538937.1_2 
HF538869.1_11 
HF539257.1_4 
HF538749.1_83 
HF538670.1_35 
HF538978.1_20 
HF539125.1_3 
HF538679.1_5 
HF538749.1_67 
HF538990.1_2 
HF538708.1_1 
HF539195.1_15 
HF538894.1_10 
HF538958.1_13 
HF539325.1_8 
HF538670.1_20 
HF539224.1_6 
HF539322.1_26 
HF538998.1_2 
HF539271.1_2 
HF539325.1_4 
HF538801.1_31 
HF539178.1_3 
HF538979.1_3 
HF539318.1_9 
HF538761.1_6 
HF538749.1_32 
HF538898.1_14 
HF538801.1_16 
HF539315.1_13 
HF539063.1_13 
HF539255.1_4 
HF539056.1_1 
HF539310.1_7 
HF538978.1_9 
HF538865.1_2 
HF539257.1_3 
HF538741.1_9 
HF539325.1_27 
HF538770.1_2 
HF538878.1_16 
HF538959.1_2 
HF538801.1_9 
HF538801.1_34 
HF539195.1_2 
HF539055.1_23 
HF539299.1_30 
HF539117.1_24 
HF539244.1_24 
HF538873.1_2 
HF538749.1_50 
HF538801.1_48 
HF538747.1_5 
HF538780.1_2 
HF538978.1_7 
HF538977.1_12 
HF539063.1_6 
HF539095.1_7 
HF538977.1_18 
HF539006.1_12 
HF538801.1_18 
HF538990.1_7 
HF538752.1_3 
HF538801.1_51 
HF538888.1_4 
HF538692.1_17 
HF538858.1_3 
HF539210.1_21 
HF538941.1_1 
HF539244.1_7 
HF538767.1_8 
HF539006.1_24 
HF539296.1_25 
HF539305.1_7 
HF538983.1_2 
HF539299.1_14 
HF539314.1_4 
HF538801.1_22 
HF538734.1_5 
HF538855.1_1 
HF538962.1_1 
HF539307.1_1 
HF538946.1_12 
HF539248.1_3 
HF539296.1_22 
HF539072.1_2 
HF539246.1_4 
HF538747.1_16 
HF539195.1_13 
HF539321.1_11 
HF539178.1_5 
HF539198.1_3 
HF538692.1_2 
HF538958.1_10 
HF539055.1_13 
HF538801.1_1 
HF539210.1_4 
HF539108.1_5 
HF539310.1_5 
HF538898.1_2 
HF539118.1_4 
HF538749.1_84 
HF538869.1_17 
HF538762.1_14 
HF538978.1_13 
HF538749.1_33 
HF538801.1_4 
HF538868.1_6 
HF539118.1_16 
HF538801.1_58 
HF538749.1_35 
HF538809.1_8 
HF539174.1_1 
HF538832.1_1 
HF539095.1_26 
HF538925.1_2 
HF538730.1_5 
HF538960.1_4 
HF539095.1_28 
HF538958.1_6 
HF538670.1_7 
HF538801.1_45 
HF539034.1_4 
HF539063.1_8 
HF539312.1_15 
HF538699.1_5 
HF538749.1_6 
HF538670.1_5 
HF538749.1_26 
HF539299.1_27 
HF538749.1_98 
HF539296.1_2 
HF539085.1_7 
HF539311.1_8 
HF538961.1_4 
HF539006.1_23 
HF539325.1_24 
HF538749.1_11 
HF539006.1_33 
HF539085.1_11 
HF538801.1_43 
HF538960.1_3 
HF538869.1_15 
HF538647.1_2 
HF539175.1_1 
HF538827.1_3 
HF539319.1_20 
HF538729.1_1 
HF539232.1_1 
HF539006.1_34 
HF539071.1_15 
HF538627.1_1 
HF538668.1_1 
HF538998.1_1 
HF538946.1_3 
HF538700.1_3 
HF539318.1_1 
HF538958.1_5 
HF539118.1_6 
HF538962.1_3 
HF538977.1_16 
HF539112.1_3 
HF538749.1_61 
HF539182.1_3 
HF539325.1_28 
HF539280.1_5 
HF538749.1_102 
HF538801.1_10 
HF538986.1_2 
HF538999.1_5 
HF539063.1_5 
HF539025.1_1 
HF538670.1_11 
HF539304.1_15 
HF538946.1_6 
HF539195.1_11 
HF538898.1_16 
HF539117.1_3 
HF539146.1_2 
HF538821.1_8 
HF538727.1_1 
HF538801.1_57 
HF538990.1_12 
HF539247.1_2 
HF539299.1_31 
HF538748.1_5 
HF539126.1_1 
HF539321.1_3 
HF538945.1_10 
HF539117.1_33 
HF539325.1_17 
HF538730.1_4 
HF539118.1_17 
HF538692.1_3 
HF538793.1_3 
HF538749.1_55 
HF538960.1_7 
HF539095.1_20 
HF538767.1_5 
HF539121.1_3 
HF539121.1_5 
HF539037.1_6 
HF538678.1_1 
HF538749.1_39 
HF538801.1_21 
HF539309.1_17 
HF538748.1_21 
HF539095.1_15 
HF538848.1_2 
HF538788.1_3 
HF539296.1_14 
HF538767.1_11 
HF539300.1_10 
HF538761.1_23 
HF538670.1_18 
HF539037.1_12 
HF539307.1_8 
HF538749.1_5 
HF539304.1_1 
HF538751.1_2 
HF538959.1_5 
HF538978.1_14 
HF539309.1_21 
HF539037.1_2 
HF538873.1_4 
HF539107.1_3 
HF539312.1_13 
HF539063.1_15 
HF538754.1_3 
HF538869.1_13 
HF539270.1_9 
HF539321.1_1 
HF538700.1_9 
HF538749.1_4 
HF539195.1_18 
HF539107.1_9 
HF539161.1_10 
HF539316.1_14 
HF538761.1_3 
HF538986.1_3 
HF539076.1_3 
HF539302.1_18 
HF538749.1_42 
HF538809.1_5 
HF538671.1_3 
HF539319.1_7 
HF538700.1_4 
HF538752.1_2 
HF539099.1_8 
HF539302.1_6 
HF538734.1_6 
HF538971.1_5 
HF538977.1_13 
HF539095.1_23 
HF538878.1_10 
HF539107.1_1 
HF539107.1_14 
HF538670.1_4 
HF538804.1_13 
HF539095.1_27 
HF539280.1_3 
HF539299.1_10 
HF539074.1_4 
HF538957.1_1 
HF538990.1_9 
HF539095.1_10 
HF538691.1_2 
HF539056.1_2 
HF539309.1_12 
HF539320.1_2 
HF538749.1_103 
HF539095.1_11 
HF538990.1_3 
HF539309.1_7 
HF539318.1_10 
HF538767.1_6 
HF539095.1_17 
HF539322.1_27 
HF538801.1_41 
HF539055.1_9 
HF539255.1_3 
HF539285.1_8 
HF539325.1_31 
HF538978.1_15 
HF539017.1_4 
HF539182.1_4 
HF538749.1_64 
HF539107.1_12 
HF538752.1_1 
HF539055.1_6 
HF539315.1_14 
HF538801.1_25 
HF538821.1_6 
HF539300.1_11 
HF538770.1_1 
HF538730.1_3 
HF538749.1_62 
HF538801.1_17 
HF538678.1_3 
HF538741.1_6 
HF538801.1_14 
HF538898.1_17 
HF539006.1_35 
HF539112.1_1 
HF538959.1_7 
HF539270.1_6 
HF538939.1_1 
HF539006.1_29 
HF539017.1_5 
HF539195.1_14 
HF538698.1_1 
HF538975.1_3 
HF538749.1_56 
HF539006.1_6 
HF538749.1_92 
HF538832.1_2 
HF538801.1_56 
HF538805.1_4 
HF539037.1_3 
HF538963.1_11 
HF539322.1_36 
HF538670.1_21 
HF539087.1_1 
HF539302.1_2 
HF538749.1_17 
HF539071.1_14 
HF538635.1_4 
HF538749.1_27 
HF539037.1_7 
HF539195.1_17 
HF538859.1_1 
HF538909.1_6 
HF538749.1_1 
HF538749.1_10 
HF539051.1_1 
HF539299.1_29 
HF539301.1_4 
HF539301.1_7 
HF538990.1_14 
HF539326.1_6 
HF538749.1_59 
HF538945.1_22 
HF539270.1_8 
HF539104.1_3 
HF539117.1_6 
HF538761.1_18 
HF539006.1_14 
HF539246.1_1 
HF538963.1_7 
HF538698.1_7 
HF538747.1_15 
HF538944.1_1 
HF539312.1_23 
HF539002.1_1 
HF538749.1_68 
HF538733.1_6 
HF539063.1_1 
HF538824.1_1 
HF539099.1_2 
HF538801.1_52 
HF539210.1_8 
HF538990.1_10 
HF538692.1_21 
HF538780.1_5 
HF539247.1_1 
HF539299.1_9 
HF538958.1_1 
HF538970.1_2 
HF539117.1_1 
HF538749.1_80 
HF538749.1_93 
HF538831.1_2 
HF539161.1_3 
HF539300.1_8 
HF538733.1_7 
HF538852.1_1 
HF538997.1_2 
HF539298.1_7 
HF539326.1_22 
HF538964.1_1 
HF539314.1_3 
HF538635.1_1 
HF539024.1_1 
HF539304.1_18 
HF538698.1_6 
HF538730.1_1 
HF538888.1_2 
HF538768.1_3 
HF539198.1_2 
HF539302.1_17 
HF538670.1_3 
HF539071.1_16 
HF539312.1_6 
HF539320.1_3 
HF538660.1_1 
HF538749.1_91 
HF538996.1_2 
HF539325.1_11 
HF538670.1_24 
HF538671.1_2 
HF538814.1_2 
HF538898.1_3 
HF539270.1_11 
HF539302.1_5 
HF538692.1_23 
HF538878.1_4 
HF539244.1_20 
HF538945.1_17 
HF538730.1_2 
HF538864.1_2 
HF538945.1_11 
HF538748.1_17 
HF538635.1_2 
HF538801.1_15 
HF539035.1_1 
HF539085.1_4 
HF538749.1_52 
HF539117.1_2 
HF539193.1_1 
HF539253.1_2 
HF539326.1_17 
HF538971.1_1 
HF539032.1_9 
HF539312.1_18 
HF538755.1_1 
HF538963.1_2 
HF539021.1_1 
HF539195.1_9 
HF538811.1_1 
HF538634.1_1 
HF538776.1_3 
HF539244.1_11 
HF539053.1_1 
HF539242.1_7 
HF538869.1_5 
HF539296.1_24 
HF539037.1_9 
HF538761.1_16 
HF538869.1_14 
HF539006.1_3 
HF539299.1_7 
HF538906.1_1 
HF539309.1_14 
HF538762.1_11 
HF539034.1_3 
HF539299.1_13 
HF539302.1_7 
HF539319.1_4 
HF539095.1_18 
HF538670.1_26 
HF539063.1_7 
HF539276.1_1 
HF538749.1_19 
HF539006.1_13 
HF539211.1_1 
HF539261.1_2 
HF539292.1_3 
HF539300.1_6 
HF539322.1_21 
HF539182.1_5 
HF539309.1_22 
HF538749.1_75 
HF538751.1_5 
HF538801.1_5 
HF538839.1_3 
HF538963.1_8 
HF538692.1_4 
HF539321.1_4 
HF538678.1_4 
HF538749.1_31 
HF538670.1_12 
HF538920.1_2 
HF539210.1_14 
HF538961.1_1 
HF539006.1_1 
HF539107.1_4 
HF539296.1_15 
HF538928.1_2 
HF538960.1_10 
HF539071.1_5 
HF538665.1_2 
HF538682.1_2 
HF538733.1_5 
HF538767.1_10 
HF539301.1_10 
HF539318.1_23 
HF539325.1_7 
HF538649.1_1 
HF538945.1_8 
HF539095.1_19 
HF539131.1_1 
HF539298.1_13 
HF539299.1_18 
HF538749.1_82 
HF538814.1_7 
HF538749.1_96 
HF538842.1_3 
HF538869.1_1 
HF539117.1_22 
HF539224.1_2 
HF539318.1_21 
HF538761.1_13 
HF538945.1_1 
HF539125.1_1 
HF539319.1_5 
HF539325.1_14 
HF538960.1_6 
HF539298.1_2 
HF539210.1_10 
HF538670.1_13 
HF538749.1_54 
HF538912.1_3 
HF539107.1_13 
HF539092.1_12 
HF538698.1_8 
HF538773.1_3 
HF538801.1_38 
HF538869.1_2 
HF539243.1_1 
HF538869.1_10 
HF538977.1_15 
HF539296.1_27 
HF538984.1_9 
HF539071.1_12 
HF538884.1_1 
HF538996.1_9 
HF539224.1_9 
HF538873.1_3 
HF539302.1_3 
HF539326.1_13 
HF539326.1_14 
HF539325.1_15 
HF538692.1_12 
HF539006.1_18 
HF539199.1_4 
HF539326.1_20 
HF538669.1_1 
HF538749.1_36 
HF539305.1_8 
HF539315.1_7 
HF539017.1_8 
HF539032.1_8 
HF539182.1_1 
HF538625.1_4 
HF538954.1_1 
HF539299.1_4 
HF538978.1_19 
HF539161.1_1 
HF539195.1_4 
HF539301.1_2 
HF539325.1_2 
HF538946.1_2 
HF539244.1_15 
HF538749.1_43 
HF538893.1_6 
HF538961.1_3 
HF539161.1_6 
HF539210.1_9 
HF538926.1_1 
HF538946.1_4 
HF539117.1_10 
HF539210.1_15 
HF539270.1_5 
HF539280.1_7 
HF538748.1_16 
HF538761.1_2 
HF538898.1_7 
HF538909.1_3 
HF539095.1_9 
HF539195.1_7 
HF539118.1_11 
HF539271.1_3 
HF538773.1_1 
HF538839.1_1 
HF538982.1_1 
HF539006.1_5 
HF538703.1_2 
HF539095.1_14 
HF539232.1_6 
HF539296.1_4 
HF539309.1_11 
HF539085.1_9 
HF538620.1_3 
HF538749.1_95 
HF538940.1_2 
HF538991.1_3 
HF539121.1_4 
HF539289.1_8 
HF538640.1_1 
HF538692.1_18 
HF538751.1_3 
HF539244.1_19 
HF538692.1_22 
HF538762.1_12 
HF538833.1_3 
HF539246.1_3 
HF539317.1_4 
HF538670.1_10 
HF538749.1_74 
HF538894.1_7 
HF539108.1_11 
HF539270.1_3 
HF539300.1_4 
HF538952.1_1 
HF539108.1_3 
HF538749.1_3 
HF538852.1_3 
HF538748.1_9 
HF539060.1_1 
HF539299.1_34 
HF539325.1_29 
HF538748.1_10 
HF538842.1_5 
HF538977.1_11 
HF538978.1_2 
HF539055.1_18 
HF539092.1_13 
HF539101.1_5 
HF538733.1_13 
HF538747.1_13 
HF538749.1_22 
HF538761.1_22 
HF538959.1_1 
HF538733.1_1 
HF539032.1_5 
HF539312.1_4 
HF538748.1_2 
HF538960.1_9 
HF539309.1_6 
HF539232.1_5 
HF538733.1_16 
HF538754.1_1 
HF538965.1_3 
HF538977.1_4 
HF539325.1_10 
HF538958.1_8 
HF539118.1_10 
HF539195.1_6 
HF539320.1_14 
HF538749.1_97 
HF538916.1_1 
HF539117.1_27 
HF539224.1_8 
HF539302.1_8 
HF539319.1_3 
HF538856.1_3 
HF539117.1_9 
HF539210.1_2 
HF538821.1_9 
HF538909.1_7 
HF539108.1_6 
HF539323.1_3 
HF539324.1_6 
HF539325.1_9 
HF539326.1_3 
HF539326.1_34 
HF539006.1_25 
HF539305.1_5 
HF538635.1_3 
HF538749.1_99 
HF538827.1_5 
HF539301.1_5 
HF538748.1_18 
HF538749.1_65 
HF538753.1_2 
HF538912.1_1 
HF539095.1_4 
HF539107.1_15 
HF538692.1_13 
HF538711.1_1 
HF538722.1_1 
HF538894.1_1 
HF538946.1_15 
HF538960.1_5 
HF538762.1_15 
HF538801.1_39 
HF538975.1_1 
HF539058.1_1 
HF539107.1_8 
HF539296.1_16 
HF539301.1_8 
HF539316.1_15 
HF539321.1_8 
HF538637.1_3 
HF538696.1_1 
HF538850.1_1 
HF538827.1_6 
HF538898.1_8 
HF539326.1_8 
HF538670.1_23 
HF539298.1_10 
HF538977.1_2 
HF539001.1_1 
HF539242.1_1 
HF539322.1_2 
HF538713.1_2 
HF538767.1_9 
HF538923.1_1 
HF539108.1_1 
HF539178.1_7 
HF538723.1_2 
HF538894.1_3 
HF539312.1_24 
HF538741.1_3 
HF538749.1_66 
HF539261.1_6 
HF539312.1_26 
HF538620.1_4 
HF538869.1_18 
HF538872.1_1 
HF538960.1_1 
HF539055.1_21 
HF539309.1_5 
HF538749.1_8 
HF538979.1_4 
HF539055.1_1 
HF539066.1_1 
HF539072.1_4 
HF539193.1_3 
HF539320.1_5 
HF538733.1_2 
HF538795.1_3 
HF538851.1_2 
HF538958.1_12 
HF539217.1_1 
HF539232.1_7 
HF538990.1_8 
HF539244.1_17 
HF538978.1_3 
HF539242.1_5 
HF539296.1_10 
HF538650.1_1 
HF538945.1_23 
HF538620.1_5 
HF538700.1_2 
HF538733.1_9 
HF538749.1_47 
HF539244.1_21 
HF539297.1_1 
HF539117.1_34 
HF539246.1_5 
HF538749.1_87 
HF538754.1_2 
HF538936.1_4 
HF539270.1_10 
HF539309.1_2 
HF538747.1_12 
HF538768.1_2 
HF538805.1_1 
HF539053.1_3 
HF539139.1_3 
HF539261.1_1 
HF539315.1_4 
HF538748.1_19 
HF539310.1_6 
HF539326.1_28 
HF538670.1_14 
HF538733.1_15 
HF538741.1_5 
HF538773.1_2 
HF538784.1_1 
HF538790.1_1 
HF539256.1_1 
HF539297.1_3 
HF539325.1_16 
HF539326.1_25 
HF538936.1_2 
HF538962.1_2 
HF539005.1_3 
HF539161.1_8 
HF539210.1_22 
HF539210.1_7 
HF539299.1_22 
HF539320.1_8 
HF539326.1_4 
HF538878.1_6 
HF539063.1_2 
HF539068.1_1 
HF538660.1_4 
HF538670.1_17 
HF538693.1_1 
HF538945.1_24 
HF538686.1_1 
HF538776.1_2 
HF538785.1_1 
HF539107.1_10 
HF539300.1_7 
HF539322.1_4 
HF538726.1_2 
HF538783.1_1 
HF538898.1_12 
HF539285.1_3 
HF539306.1_1 
HF538645.1_1 
HF538984.1_4 
HF539055.1_5 
HF539225.1_1 
HF538692.1_19 
HF538929.1_1 
HF538965.1_4 
HF539210.1_18 
HF538821.1_4 
HF539155.1_2 
HF539210.1_17 
HF539296.1_19 
HF539312.1_21 
HF539318.1_19 
HF539301.1_1 
HF539309.1_8 
HF539318.1_18 
HF538749.1_49 
HF538842.1_7 
HF539195.1_8 
HF538687.1_1 
HF538749.1_77 
HF538801.1_20 
HF539318.1_27 
HF538749.1_48 
HF538964.1_4 
HF539006.1_15 
HF539117.1_28 
HF539257.1_2 
HF539316.1_10 
HF539318.1_6 
HF538733.1_10 
HF538801.1_32 
HF539084.1_1 
HF539097.1_1 
HF539224.1_4 
HF539312.1_5 
HF538626.1_1 
HF539006.1_19 
HF538715.1_2 
HF538749.1_13 
HF538898.1_11 
HF538946.1_10 
HF539321.1_6 
HF538821.1_1 
HF539173.1_1 
HF538733.1_8 
HF538749.1_90 
HF538762.1_10 
HF538898.1_10 
HF539096.1_2 
HF539301.1_12 
HF539317.1_2 
HF538977.1_14 
HF539017.1_6 
HF538788.1_8 
HF538909.1_8 
HF538946.1_9 
HF539085.1_2 
HF539285.1_7 
HF539320.1_1 
HF538749.1_29 
HF538994.1_1 
HF539177.1_2 
HF539244.1_22 
HF539299.1_20 
HF538692.1_24 
HF538781.1_1 
HF539304.1_17 
HF538831.1_1 
HF539312.1_8 
HF538741.1_8 
HF538768.1_1 
HF538909.1_5 
HF538945.1_13 
HF538977.1_1 
HF539006.1_36 
HF539010.1_1 
HF538749.1_81 
HF538869.1_16 
HF539025.1_4 
HF539055.1_22 
HF539316.1_2 
HF538747.1_11 
HF539312.1_16 
HF539322.1_11 
HF539322.1_8 
HF538714.1_2 
HF538801.1_49 
HF539269.1_3 
HF539299.1_28 
HF539299.1_32 
HF539301.1_9 
HF539076.1_2 
HF539156.1_1 
HF539301.1_11 
HF539304.1_21 
HF539320.1_6 
HF538741.1_7 
HF538945.1_9 
HF538994.1_2 
HF539055.1_14 
HF539080.1_2 
HF538749.1_37 
HF538749.1_40 
HF539315.1_1 
HF539319.1_6 
HF538733.1_3 
HF538878.1_5 
HF538945.1_2 
HF539055.1_20 
HF539095.1_16 
HF539280.1_6 
HF538748.1_13 
HF538801.1_54 
HF539117.1_12 
HF539158.1_1 
HF539298.1_3 
HF539298.1_9 
HF538762.1_13 
HF538990.1_13 
HF539273.1_2 
HF538699.1_4 
HF538741.1_4 
HF538749.1_2 
HF538749.1_76 
HF538827.1_4 
HF539106.1_1 
HF539108.1_10 
HF539112.1_4 
HF539249.1_1 
HF539289.1_6 
HF538670.1_27 
HF538720.1_2 
HF538801.1_11 
HF538945.1_16 
HF539239.1_1 
HF539302.1_15 
HF539312.1_3 
HF539326.1_11 
HF538953.1_2 
HF538998.1_3 
HF539230.1_1 
HF539301.1_19 
HF539320.1_15 
HF538766.1_2 
HF538958.1_7 
HF538963.1_3 
HF539255.1_2 
HF538749.1_18 
HF538869.1_3 
HF539322.1_22 
HF539322.1_28 
HF538877.1_1 
HF538878.1_12 
HF539161.1_9 
HF538858.1_2 
HF538893.1_1 
HF539178.1_2 
HF539210.1_6 
HF539296.1_11 
HF538747.1_14 
HF538749.1_21 
HF539148.1_2 
HF538748.1_3 
HF539285.1_5 
HF539299.1_37 
HF539299.1_38 
HF538637.1_2 
HF538848.1_14 
HF538945.1_15 
HF539204.1_2 
HF539099.1_9 
HF539326.1_24 
HF538736.1_1 
HF538750.1_1 
HF538863.1_1 
HF539006.1_27 
HF539292.1_2 
HF538875.1_1 
HF539244.1_3 
HF539316.1_3 
HF539326.1_26 
HF538692.1_5 
HF538761.1_19 
HF538801.1_7 
HF538894.1_6 
HF539117.1_16 
HF539117.1_23 
HF539224.1_7 
HF539285.1_9 
HF538670.1_15 
HF538700.1_8 
HF538748.1_14 
HF538814.1_3 
HF538840.1_4 
HF538868.1_3 
HF539092.1_6 
HF538960.1_2 
HF539199.1_1 
HF539300.1_12 
HF538894.1_4 
HF539298.1_15 
HF538749.1_20 
HF538749.1_25 
HF538749.1_72 
HF539019.1_2 
HF539326.1_31 
HF538761.1_15 
HF538768.1_4 
HF539178.1_8 
HF538776.1_5 
HF538988.1_1 
HF539085.1_3 
HF539117.1_5 
HF538651.1_1 
HF538761.1_5 
HF539312.1_25 
HF539316.1_1 
HF538730.1_7 
HF538749.1_94 
HF539070.1_3 
HF539117.1_20 
HF539161.1_5 
HF539242.1_2 
HF538734.1_2 
HF538749.1_86 
HF538801.1_47 
HF538842.1_8 
HF538977.1_3 
HF538678.1_5 
HF538761.1_4 
HF538786.1_1 
HF539117.1_13 
HF539244.1_9 
HF538885.1_1 
HF539179.1_1 
HF539182.1_6 
HF539302.1_1 
HF538848.1_5 
HF538858.1_4 
HF539270.1_4 
HF539275.1_1 
HF538699.1_2 
HF539210.1_5 
HF539244.1_4 
HF538874.1_1 
HF539296.1_7 
HF538690.1_1 
HF539013.1_1 
HF539100.1_1 
HF539121.1_6 
HF539325.1_37 
HF538938.1_3 
HF539301.1_15 
HF539305.1_6 
HF538641.1_1 
HF538804.1_8 
HF538883.1_2 
HF538945.1_18 
HF538996.1_4 
HF539090.1_1 
HF539198.1_5 
HF539220.1_3 
HF538634.1_4 
HF538622.1_2 
HF538762.1_3 
HF539325.1_3 
HF539326.1_9 
HF538801.1_55 
HF538977.1_9 
HF539092.1_11 
HF539318.1_15 
HF539095.1_24 
HF539217.1_2 
HF539277.1_2 
HF539299.1_24 
HF539318.1_25 
HF538880.1_1 
HF538889.1_1 
HF539117.1_35 
HF539118.1_5 
HF539178.1_9 
HF539289.1_7 
HF539307.1_4 
HF538700.1_1 
HF538801.1_37 
HF538843.1_1 
HF539222.1_4 
HF539321.1_2 
HF538773.1_5 
HF538647.1_1 
HF538762.1_9 
HF538793.1_1 
HF538801.1_35 
HF538864.1_3 
HF538801.1_40 
HF538977.1_10 
HF539181.1_2 
HF538780.1_1 
HF538788.1_5 
HF538849.1_2 
HF538946.1_8 
HF539040.1_3 
HF539285.1_10 
HF538635.1_6 
HF538827.1_2 
HF539244.1_1 
HF539300.1_1 
HF539325.1_35 
HF539326.1_15 
HF539304.1_16 
HF539321.1_7 
HF539326.1_12 
HF538804.1_4 
HF539264.1_1 
HF539316.1_6 
HF539326.1_2 
HF538842.1_6 
HF538964.1_3 
HF539025.1_3 
HF539053.1_6 
HF539242.1_3 
HF538698.1_4 
HF538720.1_1 
HF538743.1_1 
HF538927.1_1 
HF538971.1_4 
HF539006.1_20 
HF539092.1_3 
HF539117.1_29 
HF539150.1_1 
HF539188.1_1 
HF539299.1_35 
HF538646.1_1 
HF538699.1_1 
HF538869.1_8 
HF539006.1_21 
HF539118.1_2 
HF539299.1_36 
HF539316.1_8 
HF538887.1_1 
HF539071.1_4 
HF539112.1_2 
HF539133.1_1 
HF539257.1_8 
HF539299.1_33 
HF539321.1_10 
HF538762.1_2 
HF538741.1_12 
HF538750.1_2 
HF538963.1_10 
HF538996.1_5 
HF539092.1_5 
HF539117.1_14 
HF539210.1_12 
HF539326.1_33 
HF538630.1_1 
HF538761.1_8 
HF538801.1_36 
HF538852.1_10 
HF539036.1_1 
HF539108.1_4 
HF539307.1_2 
HF538922.1_1 
HF539054.1_2 
HF539181.1_1 
HF538749.1_44 
HF538749.1_89 
HF538893.1_10 
HF538936.1_1 
HF539286.1_1 
HF539310.1_1 
HF538805.1_7 
HF538840.1_1 
HF538968.1_2 
HF539083.1_1 
HF539308.1_1 
HF539316.1_7 
HF538741.1_10 
HF538761.1_14 
HF538848.1_4 
HF538852.1_8 
HF538998.1_6 
HF539107.1_11 
HF539234.1_1 
HF538751.1_6 
HF538771.1_1 
HF538814.1_6 
HF539270.1_7 
HF539320.1_9 
HF538663.1_1 
HF538684.1_1 
HF538747.1_4 
HF538945.1_19 
HF538984.1_6 
HF539261.1_3 
HF539312.1_27 
HF538752.1_4 
HF539052.1_1 
HF539055.1_10 
HF539095.1_25 
HF539296.1_9 
HF538733.1_4 
HF538749.1_58 
HF538788.1_2 
HF538801.1_53 
HF538924.1_2 
HF539117.1_17 
HF539195.1_16 
HF538704.1_1 
HF538751.1_7 
HF538801.1_6 
HF539027.1_1 
HF539071.1_6 
HF538749.1_9 
HF538821.1_11 
HF538832.1_3 
HF539250.1_1 
HF539296.1_13 
HF539316.1_11 
HF538801.1_50 
HF539295.1_2 
HF539315.1_9 
HF538975.1_4 
HF539319.1_2 
HF538882.1_1 
HF539298.1_4 
HF539302.1_4 
HF538748.1_11 
HF538766.1_5 
HF539027.1_2 
HF539285.1_6 
HF539312.1_9 
HF539321.1_14 
HF539322.1_12 
HF539322.1_29 
HF538792.1_1 
HF539113.1_1 
HF538894.1_8 
HF539076.1_6 
HF538748.1_15 
HF538839.1_2 
HF539109.1_1 
HF539118.1_13 
HF539118.1_3 
HF539161.1_7 
HF539309.1_16 
HF539326.1_23 
HF538864.1_1 
HF538959.1_6 
HF539063.1_3 
HF539280.1_4 
HF538749.1_15 
HF539095.1_8 
HF539195.1_1 
HF539261.1_5 
HF539299.1_5 
HF538628.1_1 
HF538705.1_1 
HF538749.1_46 
HF538744.1_2 
HF538749.1_45 
HF538751.1_1 
HF538780.1_4 
HF538983.1_3 
HF538990.1_11 
HF539063.1_14 
HF539301.1_13 
HF539317.1_7 
HF539210.1_16 
HF538915.1_1 
HF538977.1_5 
HF538992.1_1 
HF539311.1_2 
HF539315.1_6 
HF538767.1_4 
HF538831.1_3 
HF539006.1_16 
HF539017.1_3 
HF539242.1_4 
HF539309.1_4 
HF539322.1_5 
HF539326.1_21 
HF538670.1_31 
HF538679.1_4 
HF538852.1_11 
HF538870.1_1 
HF538930.1_1 
HF538964.1_2 
HF539015.1_1 
HF539294.1_2 
HF539301.1_6 
HF538692.1_9 
HF538748.1_8 
HF538749.1_51 
HF538978.1_6 
HF539118.1_8 
HF539312.1_20 
HF539317.1_3 
HF538633.1_4 
HF538683.1_2 
HF538692.1_16 
HF539024.1_2 
HF539224.1_5 
HF539244.1_16 
HF538798.1_1 
HF538801.1_8 
HF538833.1_1 
HF538749.1_30 
HF538823.1_2 
HF538854.1_1 
HF538909.1_2 
HF539006.1_32 
HF539290.1_3 
HF539320.1_13 
HF538920.1_1 
HF538989.1_1 
HF538635.1_5 
HF538733.1_12 
HF538833.1_2 
HF538862.1_2 
HF538933.1_1 
HF538975.1_2 
HF539048.1_2 
HF539061.1_1 
HF539178.1_4 
HF539305.1_4 
HF539326.1_30 
HF538870.1_4 
HF538909.1_4 
HF538913.1_1 
HF538945.1_5 
HF538990.1_4 
HF539034.1_5 
HF539296.1_18 
HF538625.1_2 
HF538747.1_3 
HF538809.1_4 
HF538893.1_11 
HF539099.1_5 
HF539117.1_37 
HF539301.1_3 
HF539312.1_11 
HF538810.1_1 
HF538852.1_6 
HF539117.1_31 
HF539165.1_1 
HF539309.1_20 
HF538749.1_24 
HF538782.1_1 
HF538852.1_9 
HF538996.1_7 
HF538804.1_1 
HF538848.1_15 
HF539287.1_2 
HF539045.1_1 
HF539130.1_1 
HF538678.1_6 
HF538757.1_1 
HF538919.1_1 
HF538977.1_7 
HF538984.1_3 
HF538984.1_7 
HF539118.1_12 
HF539312.1_14 
HF539315.1_3 
HF538734.1_3 
HF538738.1_1 
HF538958.1_14 
HF538958.1_3 
HF539055.1_16 
HF539108.1_2 
HF539124.1_1 
HF538897.1_1 
HF538945.1_7 
HF539037.1_14 
HF539116.1_1 
HF539216.1_1 
HF539270.1_1 
HF538762.1_6 
HF538858.1_1 
HF539241.1_1 
HF538801.1_42 
HF538852.1_7 
HF538878.1_9 
HF538881.1_1 
HF538776.1_8 
HF538809.1_6 
HF538991.1_2 
HF539006.1_11 
HF539242.1_6 
HF539296.1_6 
HF539326.1_10 
HF538700.1_5 
HF538821.1_10 
HF539006.1_17 
HF539006.1_28 
HF539143.1_1 
HF539161.1_2 
HF539169.1_1 
HF539226.1_1 
HF539227.1_1 
HF539312.1_2 
HF538670.1_28 
HF538756.1_1 
HF538773.1_4 
HF538804.1_6 
HF539079.1_1 
HF538670.1_34 
HF538894.1_11 
HF539087.1_2 
HF539225.1_2 
HF538894.1_2 
HF538964.1_5 
HF539301.1_17 
HF539321.1_16 
HF538804.1_11 
HF538946.1_16 
HF539085.1_5 
HF539098.1_1 
HF539299.1_11 
HF539317.1_8 
HF538655.1_1 
HF538737.1_1 
HF539050.1_1 
HF539176.1_1 
HF539312.1_19 
HF538776.1_10 
HF538964.1_8 
HF539318.1_20 
HF538659.1_1 
HF539265.1_1 
HF539296.1_17 
HF539325.1_1 
HF538732.1_1 
HF538739.1_1 
HF538764.1_1 
HF538886.1_1 
HF538913.1_2 
HF538945.1_14 
HF539032.1_10 
HF539071.1_8 
HF539282.1_3 
HF539326.1_5 
HF538643.1_1 
HF538670.1_1 
HF539196.1_1 
HF538692.1_8 
HF538776.1_7 
HF538955.1_1 
HF539038.1_1 
HF539244.1_14 
HF539296.1_3 
HF539299.1_15 
HF538772.1_3 
HF538904.1_1 
HF538913.1_3 
HF538919.1_2 
HF538956.1_1 
HF539043.1_1 
HF539055.1_19 
HF539055.1_24 
HF539085.1_1 
HF539094.1_1 
HF539131.1_2 
HF538692.1_14 
HF538749.1_14 
HF538749.1_78 
HF538893.1_8 
HF539017.1_9 
HF539046.1_1 
HF539309.1_15 
HF538697.1_2 
HF538700.1_7 
HF538762.1_8 
HF538791.1_1 
HF538999.1_6 
HF539303.1_1 
HF539314.1_1 
HF539316.1_13 
HF538633.1_5 
HF538753.1_1 
HF538761.1_17 
HF538958.1_4 
HF539117.1_30 
HF539251.1_2 
HF539318.1_11 
HF539325.1_32 
HF538700.1_6 
HF538732.1_2 
HF538794.1_1 
HF538814.1_5 
HF539118.1_14 
HF539254.1_1 
HF538637.1_1 
HF539006.1_4 
HF539244.1_5 
HF539265.1_2 
HF539326.1_7 
HF538662.1_1 
HF538670.1_33 
HF538761.1_7 
HF538945.1_20 
HF539005.1_2 
HF539113.1_2 
HF539117.1_19 
HF539224.1_1 
HF539224.1_3 
HF539236.1_2 
HF539299.1_23 
HF539310.1_3 
HF539321.1_9 
HF539322.1_25 
HF538866.1_2 
HF538921.1_1 
HF539071.1_7 
HF539117.1_32 
HF539254.1_2 
HF539263.1_1 
HF539312.1_22 
HF538718.1_1 
HF538749.1_71 
HF538793.1_2 
HF538829.1_1 
HF539006.1_10 
HF539195.1_12 
HF539325.1_18 
HF538813.1_1 
HF538835.1_1 
HF538848.1_8 
HF538964.1_7 
HF539028.1_1 
HF539195.1_19 
HF539220.1_4 
HF539299.1_17 
HF539316.1_12 
HF538644.1_1 
HF538743.1_2 
HF538912.1_2 
HF538967.1_1 
HF539187.1_1 
HF539277.1_1 
HF538801.1_44 
HF538965.1_5 
HF539053.1_2 
HF539212.1_1 
HF539285.1_2 
HF539315.1_2 
HF539318.1_16 
HF539028.1_3 
HF539309.1_1 
HF539322.1_30 
HF539324.1_1 
HF538774.1_2 
HF538819.1_1 
HF538910.1_1 
HF538998.1_5 
HF539042.1_1 
HF539299.1_16 
HF539322.1_15 
HF539322.1_3 
HF538725.1_2 
HF538762.1_16 
HF538876.1_1 
HF538925.1_1 
HF538946.1_13 
HF539108.1_9 
HF539147.1_1 
HF538667.1_1 
HF538748.1_20 
HF538749.1_41 
HF538809.1_3 
HF538827.1_1 
HF538840.1_5 
HF538862.1_3 
HF539085.1_12 
HF538703.1_1 
HF538870.1_3 
HF538896.1_1 
HF538935.1_1 
HF538950.1_1 
HF539071.1_9 
HF539143.1_2 
HF539313.1_1 
HF538740.1_1 
HF538748.1_4 
HF538767.1_1 
HF539074.1_3 
HF539326.1_29 
HF538749.1_34 
HF538761.1_1 
HF538838.1_1 
HF539105.1_1 
HF539118.1_9 
HF539301.1_14 
HF538762.1_7 
HF538974.1_1 
HF538978.1_4 
HF539014.1_1 
HF539032.1_7 
HF539107.1_2 
HF539229.1_1 
HF539248.1_4 
HF539296.1_20 
HF539304.1_19 
HF538808.1_1 
HF538978.1_18 
HF539210.1_3 
HF538888.1_1 
HF538905.1_1 
HF539006.1_7 
HF539307.1_7 
HF539321.1_15 
HF539322.1_32 
HF538749.1_69 
HF538873.1_1 
HF538932.1_1 
HF538944.1_2 
HF538986.1_1 
HF539313.1_3 
HF538620.1_1 
HF538692.1_1 
HF538891.1_1 
HF539055.1_12 
HF539092.1_1 
HF539108.1_8 
HF539155.1_1 
HF539297.1_4 
HF539317.1_1 
HF538639.1_2 
HF538816.1_1 
HF538893.1_9 
HF538908.1_5 
HF538944.1_3 
HF538966.1_2 
HF539074.1_1 
HF539092.1_4 
HF539261.1_4 
HF539299.1_19 
HF539318.1_14 
HF539319.1_23 
HF538692.1_6 
HF538754.1_5 
HF539035.1_2 
HF539082.1_1 
HF539117.1_7 
HF539194.1_1 
HF538817.1_1 
HF538861.1_1 
HF539006.1_31 
HF539306.1_2 
HF539317.1_6 
HF539318.1_12 
HF538666.1_1 
HF538749.1_28 
HF538943.1_1 
HF538958.1_11 
HF539237.1_1 
HF539299.1_25 
HF538672.1_1 
HF539064.1_1 
HF539089.1_1 
HF539322.1_44 
HF538699.1_7 
HF539315.1_12 
HF538710.1_1 
HF538730.1_6 
HF538749.1_79 
HF538878.1_8 
HF538949.1_1 
HF539180.1_1 
HF539315.1_16 
HF538804.1_10 
HF538871.1_1 
HF538945.1_27 
HF539244.1_2 
HF539291.1_2 
HF538936.1_3 
HF538938.1_1 
HF538677.1_1 
HF538934.1_2 
HF539029.1_1 
HF539059.1_1 
HF539274.1_1 
HF539319.1_22 
HF538721.1_1 
HF538867.1_1 
HF538961.1_2 
HF539037.1_13 
HF539128.1_1 
HF539280.1_1 
HF539320.1_12 
HF539322.1_24 
HF539325.1_20 
HF538911.1_1 
HF539076.1_4 
HF539117.1_15 
HF539120.1_1 
HF539312.1_12 
HF539322.1_35 
HF538691.1_3 
HF538789.1_1 
HF538820.1_1 
HF538842.1_4 
HF539055.1_8 
HF539063.1_12 
HF539069.1_1 
HF539101.1_1 
HF539145.1_1 
HF539310.1_4 
HF539321.1_13 
HF538749.1_7 
HF538804.1_7 
HF539041.1_1 
HF539118.1_15 
HF539168.1_2 
HF539312.1_17 
HF539318.1_7 
HF538821.1_2 
HF538890.1_1 
HF538901.1_1 
HF538913.1_4 
HF538983.1_1 
HF539011.1_1 
HF539016.1_1 
HF539146.1_1 
HF539151.1_1 
HF539297.1_2 
HF539322.1_37 
HF538678.1_8 
HF538804.1_3 
HF538822.1_1 
HF538848.1_13 
HF538898.1_4 
HF538907.1_1 
HF538993.1_1 
HF539117.1_21 
HF539135.1_2 
HF539318.1_2 
HF539318.1_26 
HF538617.1_1 
HF538795.1_1 
HF538801.1_46 
HF538987.1_1 
HF539023.1_1 
HF539108.1_7 
HF539163.1_1 
HF539215.1_2 
HF539220.1_1 
HF539290.1_1 
HF539296.1_12 
HF538762.1_4 
HF539137.1_1 
HF539184.1_1 
HF539287.1_1 
HF539296.1_8 
HF538732.1_3 
HF538844.1_1 
HF538908.1_3 
HF538989.1_2 
HF539039.1_1 
HF539074.1_2 
HF539219.1_1 
HF539315.1_5 
HF538620.1_2 
HF538632.1_1 
HF538670.1_6 
HF538680.1_1 
HF538689.1_2 
HF538752.1_5 
HF538851.1_1 
HF538858.1_6 
HF539032.1_1 
HF539312.1_7 
HF538629.1_2 
HF538762.1_1 
HF538787.1_2 
HF538826.1_1 
HF538866.1_1 
HF538934.1_1 
HF539006.1_8 
HF539018.1_1 
HF539033.1_2 
HF539091.1_1 
HF539127.1_1 
HF539195.1_10 
HF539295.1_1 
HF538624.1_1 
HF538725.1_1 
HF538878.1_13 
HF538888.1_3 
HF539033.1_1 
HF539070.1_2 
HF539118.1_7 
HF539129.1_1 
HF539183.1_1 
HF539207.1_1 
HF539258.1_1 
HF539308.1_2 
HF539322.1_10 
HF539322.1_40 
HF538689.1_1 
HF538748.1_12 
HF538749.1_63 
HF538800.1_1 
HF538804.1_5 
HF538963.1_9 
HF538995.1_1 
HF539009.1_1 
HF539063.1_11 
HF539085.1_6 
HF539157.1_1 
HF539266.1_1 
HF539322.1_41 
HF538977.1_8 
HF538979.1_1 
HF539072.1_3 
HF539119.1_1 
HF539153.1_1 
HF539244.1_23 
HF538738.1_2 
HF538766.1_1 
HF538807.1_1 
HF538980.1_2 
HF538984.1_1 
HF539031.1_1 
HF539231.1_1 
HF539280.1_2 
HF538699.1_9 
HF538761.1_21 
HF538797.1_1 
HF539026.1_1 
HF539099.1_7 
HF539205.1_1 
HF539235.1_1 
HF538627.1_3 
HF538656.1_1 
HF538657.1_1 
HF538699.1_6 
HF538898.1_9 
HF538959.1_8 
HF539104.1_2 
HF539255.1_1 
HF539265.1_3 
HF539318.1_24 
HF538806.1_1 
HF539055.1_3 
HF539164.1_1 
HF539208.1_1 
HF539220.1_2 
HF539282.1_1 
HF539325.1_36 
HF538676.1_1 
HF538848.1_10 
HF539099.1_4 
HF539101.1_4 
HF539171.1_1 
HF539314.1_2 
HF538673.1_1 
HF538699.1_8 
HF538741.1_1 
HF538748.1_7 
HF538893.1_2 
HF538914.1_1 
HF538977.1_24 
HF539299.1_12 
HF538723.1_1 
HF538776.1_9 
HF538821.1_7 
HF539053.1_7 
HF539095.1_13 
HF539274.1_2 
HF538683.1_1 
HF538745.1_1 
HF538825.1_2 
HF538847.1_2 
HF538939.1_2 
HF539032.1_6 
HF539118.1_1 
HF539260.1_1 
HF539298.1_1 
HF539309.1_13 
HF539316.1_9 
HF539319.1_1 
HF539322.1_6 
HF539322.1_7 
HF539325.1_34 
HF538791.1_2 
HF538801.1_19 
HF538893.1_3 
HF538898.1_1 
HF539133.1_2 
HF539138.1_1 
HF539288.1_1 
HF539302.1_14 
HF538648.1_1 
HF538779.1_1 
HF538834.1_1 
HF538848.1_6 
HF538978.1_16 
HF539003.1_1 
HF539081.1_1 
HF539269.1_2 
HF538680.1_2 
HF538707.1_1 
HF538746.1_1 
HF538769.1_1 
HF539022.1_1 
HF539160.1_1 
HF539301.1_16 
HF539325.1_33 
HF538870.1_2 
HF538981.1_1 
HF539007.1_1 
HF539055.1_4 
HF539206.1_1 
HF539232.1_8 
HF539295.1_3 
HF538633.1_1 
HF538716.1_1 
HF539053.1_8 
HF539190.1_1 
HF539221.1_2 
HF539322.1_9 
HF538633.1_2 
HF538670.1_22 
HF538857.1_1 
HF538894.1_9 
HF539115.1_1 
HF539251.1_1 
HF538761.1_12 
HF538812.1_2 
HF538984.1_2 
HF539015.1_2 
HF539272.1_1 
HF538701.1_1 
HF538716.1_2 
HF538848.1_1 
HF538860.1_1 
HF538862.1_1 
HF538902.1_1 
HF538928.1_1 
HF538959.1_4 
HF538968.1_1 
HF538977.1_22 
HF539093.1_1 
HF539154.1_1 
HF539236.1_1 
HF539262.1_1 
HF539296.1_29 
HF539309.1_3 
HF539318.1_17 
HF538931.1_1 
HF538969.1_1 
HF539078.1_1 
HF539223.1_1 
HF539291.1_1 
HF539298.1_5 
HF539326.1_32 
HF538623.1_1 
HF538759.1_1 
HF538946.1_14 
HF539103.1_1 
HF539244.1_18 
HF538618.1_1 
HF538661.1_1 
HF538695.1_1 
HF538830.1_1 
HF539092.1_9 
HF539102.1_2 
HF539312.1_10 
HF538633.1_6 
HF538692.1_7 
HF538709.1_1 
HF538715.1_3 
HF538737.1_2 
HF538757.1_2 
HF538761.1_10 
HF538766.1_4 
HF538841.1_2 
HF538849.1_1 
HF538893.1_5 
HF538991.1_1 
HF539004.1_1 
HF539122.1_1 
HF539322.1_33 
HF539322.1_42 
HF538659.1_2 
HF538671.1_1 
HF538678.1_2 
HF538685.1_1 
HF538697.1_1 
HF538776.1_1 
HF538937.1_1 
HF538977.1_17 
HF539000.1_1 
HF539185.1_1 
HF539198.1_4 
HF539302.1_16 
HF538654.1_1 
HF538686.1_2 
HF538749.1_70 
HF538815.1_1 
HF538894.1_5 
HF538963.1_1 
HF539037.1_10 
HF539092.1_8 
HF539257.1_1 
HF539282.1_5 
HF538638.1_1 
HF538719.1_1 
HF538747.1_9 
HF538767.1_2 
HF538900.1_1 
HF538918.1_1 
HF538945.1_3 
HF538996.1_8 
HF539037.1_4 
HF539132.1_1 
HF539204.1_1 
HF539245.1_1 
HF539310.1_2 
HF538714.1_3 
HF538893.1_12 
HF539101.1_6 
HF539299.1_3 
HF539307.1_3 
HF538953.1_1 
HF539229.1_2 
HF539322.1_20 
HF538631.1_1 
HF538726.1_1 
HF538848.1_9 
HF538946.1_11 
HF538978.1_17 
HF539053.1_5 
HF539166.1_1 
HF539193.1_2 
HF538664.1_1 
HF538742.1_1 
HF538778.1_1 
HF538965.1_1 
HF539199.1_3 
HF539244.1_25 
HF539271.1_5 
HF538731.1_1 
HF538754.1_6 
HF538768.1_5 
HF538801.1_13 
HF538848.1_7 
HF538868.1_1 
HF538945.1_12 
HF538947.1_1 
HF539144.1_1 
HF539267.1_2 
HF539269.1_1 
HF539300.1_13 
HF538694.1_2 
HF538893.1_4 
HF539080.1_1 
HF539111.1_1 
HF539199.1_5 
HF539307.1_6 
HF539322.1_45 
HF539323.1_1 
HF538852.1_5 
HF538965.1_2 
HF539316.1_5 
HF538878.1_3 
HF538924.1_1 
HF539028.1_2 
HF539101.1_2 
HF539117.1_36 
HF539140.1_1 
HF538909.1_1 
HF538940.1_1 
HF538959.1_3 
HF539289.1_9 
HF539298.1_12 
HF539322.1_38 
HF538777.1_1 
HF538823.1_1 
HF538886.1_2 
HF539055.1_2 
HF539202.1_1 
HF539322.1_13 
HF539323.1_2 
HF538675.1_1 
HF538801.1_59 
HF538828.1_1 
HF538852.1_4 
HF538897.1_2 
HF538984.1_8 
HF539028.1_4 
HF539191.1_1 
HF539299.1_1 
HF538621.1_2 
HF538748.1_1 
HF538821.1_5 
HF538878.1_1 
HF538892.1_1 
HF539104.1_1 
HF539117.1_18 
HF539205.1_2 
HF539298.1_6 
HF539322.1_1 
HF538809.1_2 
HF538814.1_1 
HF539034.1_6 
HF539065.1_1 
HF539203.1_1 
HF539300.1_9 
HF539317.1_5 
HF538650.1_2 
HF538679.1_1 
HF538750.1_3 
HF538761.1_24 
HF538904.1_2 
HF539166.1_2 
HF539174.1_2 
HF539177.1_1 
HF539253.1_1 
HF538625.1_1 
HF538679.1_2 
HF538699.1_10 
HF538761.1_11 
HF538957.1_2 
HF539199.1_2 
HF539216.1_2 
HF539238.1_1 
HF539246.1_2 
HF538814.1_4 
HF538852.1_2 
HF539085.1_8 
HF539187.1_2 
HF539305.1_3 
HF539322.1_31 
HF538699.1_3 
HF538821.1_3 
HF538827.1_7 
HF538878.1_14 
HF538938.1_2 
HF538977.1_23 
HF539092.1_10 
HF539110.1_1 
HF539228.1_1 
HF539320.1_16 
HF538842.1_2 
HF538848.1_11 
HF538908.1_4 
HF538960.1_8 
HF539017.1_7 
HF539225.1_3 
HF538738.1_3 
HF538812.1_1 
HF538856.1_1 
HF538878.1_7 
HF538945.1_6 
HF539191.1_2 
HF539192.1_2 
HF539285.1_4 
HF538633.1_3 
HF538769.1_2 
HF538847.1_1 
HF538848.1_12 
HF538996.1_1 
HF538622.1_1 
HF538642.1_1 
HF538692.1_15 
HF538799.1_1 
HF538805.1_2 
HF538842.1_1 
HF538848.1_3 
HF539062.1_1 
HF539139.1_1 
HF539273.1_1 
HF538709.1_2 
HF538880.1_2 
HF539054.1_1 
HF539108.1_13 
HF539276.1_2 
HF539322.1_34 
HF538691.1_1 
HF538796.1_1 
HF538858.1_5 
HF538878.1_2 
HF538899.1_2 
HF538905.1_2 
HF539034.1_1 
HF539216.1_4 
HF539302.1_11 
HF538724.1_1 
HF538978.1_10 
HF539006.1_9 
HF539050.1_2 
HF539322.1_14 
HF539322.1_16 
HF538660.1_2 
HF538748.1_6 
HF538772.1_4 
HF538908.1_2 
HF539233.1_2 
HF538627.1_2 
HF538714.1_1 
HF538892.1_2 
HF538942.1_1 
HF538978.1_11 
HF539216.1_3 
HF538722.1_2 
HF538917.1_1 
HF539012.1_1 
HF538670.1_2 
HF538694.1_1 
HF538734.1_8 
HF538790.1_2 
HF538899.1_1 
HF539225.1_4 
HF539232.1_4 
HF539267.1_1 
HF538979.1_2 
HF539005.1_1 
HF539006.1_37 
HF539017.1_1 
HF539064.1_2 
HF539209.1_1 
HF539215.1_1 
HF538652.1_1 
HF538744.1_3 
HF538854.1_2 
HF538917.1_2 
HF539070.1_1 
HF539142.1_1 
HF539322.1_23 
HF538770.1_3 
HF539006.1_30 
HF539019.1_1 
HF539049.1_1 
HF539167.1_1 
HF539293.1_1 
HF539321.1_12 
HF538747.1_10 
HF538825.1_1 
HF539062.1_2 
HF539088.1_1 
HF539201.1_1 
HF539271.1_4 
HF539319.1_21 
HF538720.1_3 
HF538766.1_3 
HF539101.1_3 
HF539119.1_2 
HF539240.1_1 
HF539312.1_1 
HF538682.1_1 
HF538908.1_6 
HF539148.1_1 
HF539319.1_24 
HF538749.1_12 
HF538750.1_4 
HF538879.1_1 
HF538774.1_1 
HF539085.1_14 
HF539326.1_27 
HF538879.1_2 
HF539034.1_2 
HF539102.1_1 
HF539136.1_1 
HF539305.1_1 
HF539306.1_3 
HF539322.1_39 
HF539164.1_2 
HF539305.1_2 
HF539005.1_4 
HF539048.1_1 
HF539228.1_2 
HF539285.1_1 
HF538625.1_3 
HF538964.1_6 
HF539159.1_1 
HF539170.1_1 
HF538639.1_1 
HF538643.1_2 
HF538733.1_11 
HF538912.1_5 
HF539073.1_2 
HF539230.1_2 
HF539233.1_1 
HF539264.1_2 
HF539063.1_9 
HF539182.1_2 
HF538997.1_1 
HF539186.1_1 
HF539301.1_20 
HF538746.1_2 
HF538773.1_6 
HF538946.1_1 
HF538964.1_9 
HF539083.1_2 
HF539200.1_3 
HF538717.1_2 
HF539096.1_1 
HF539221.1_1 
HF539312.1_28 
HF538883.1_1 
HF539295.1_4 
HF538908.1_1 
HF538999.1_1 
HF539123.1_1 
HF539192.1_1 
HF538966.1_1 
HF539226.1_2 
