ARRN01000004.1_55 ARRN01000008.1_41 ARRN01000033.1_4 ARRN01000001.1_119 ARRN01000013.1_40 ARRN01000010.1_16 ARRN01000001.1_55 ARRN01000027.1_8 ARRN01000005.1_46 ARRN01000013.1_28 ARRN01000005.1_11 ARRN01000071.1_1 ARRN01000121.1_1 ARRN01000003.1_85 ARRN01000020.1_3 ARRN01000020.1_4 ARRN01000029.1_5 ARRN01000016.1_15 ARRN01000009.1_15 ARRN01000016.1_28 ARRN01000010.1_35 ARRN01000010.1_46 ARRN01000003.1_46 ARRN01000009.1_16 ARRN01000029.1_4 ARRN01000018.1_10 ARRN01000010.1_45 ARRN01000002.1_42 ARRN01000011.1_7 ARRN01000001.1_44 ARRN01000161.1_1 ARRN01000001.1_32 ARRN01000204.1_1 ARRN01000026.1_15 
ARRN01000022.1_16 ARRN01000025.1_9 ARRN01000007.1_14 ARRN01000015.1_21 ARRN01000030.1_12 ARRN01000022.1_21 ARRN01000032.1_6 ARRN01000017.1_26 ARRN01000012.1_51 ARRN01000001.1_130 
ARRN01000005.1_58 ARRN01000003.1_81 ARRN01000032.1_7 ARRN01000001.1_53 ARRN01000006.1_58 ARRN01000001.1_116 ARRN01000019.1_1 
ARRN01000001.1_61 ARRN01000003.1_39 ARRN01000001.1_52 ARRN01000019.1_3 ARRN01000004.1_23 
ARRN01000010.1_10 ARRN01000039.1_3 ARRN01000020.1_19 ARRN01000023.1_22 
ARRN01000026.1_3 ARRN01000015.1_14 ARRN01000002.1_11 ARRN01000011.1_49 
ARRN01000010.1_15 ARRN01000019.1_2 ARRN01000048.1_3 ARRN01000023.1_27 
ARRN01000025.1_17 ARRN01000003.1_48 ARRN01000003.1_75 ARRN01000003.1_51 
ARRN01000003.1_28 ARRN01000002.1_49 ARRN01000004.1_56 ARRN01000002.1_60 
ARRN01000005.1_52 ARRN01000009.1_26 ARRN01000018.1_31 ARRN01000029.1_1 
ARRN01000087.1_1 ARRN01000132.1_1 ARRN01000139.1_1 ARRN01000175.1_1 
ARRN01000014.1_43 ARRN01000004.1_53 ARRN01000008.1_39 ARRN01000080.1_2 
ARRN01000003.1_36 ARRN01000001.1_109 ARRN01000001.1_134 ARRN01000042.1_1 
ARRN01000039.1_4 ARRN01000015.1_20 ARRN01000005.1_51 ARRN01000001.1_135 
ARRN01000005.1_60 ARRN01000015.1_25 ARRN01000015.1_9 ARRN01000006.1_32 
ARRN01000001.1_15 ARRN01000018.1_33 ARRN01000009.1_50 
ARRN01000018.1_22 ARRN01000005.1_15 ARRN01000020.1_1 
ARRN01000017.1_10 ARRN01000021.1_3 ARRN01000013.1_59 
ARRN01000001.1_73 ARRN01000001.1_59 ARRN01000013.1_37 
ARRN01000028.1_6 ARRN01000046.1_4 ARRN01000024.1_15 
ARRN01000017.1_28 ARRN01000016.1_2 ARRN01000049.1_1 
ARRN01000009.1_52 ARRN01000018.1_35 ARRN01000001.1_13 
ARRN01000019.1_31 ARRN01000004.1_16 ARRN01000012.1_52 
ARRN01000005.1_24 ARRN01000005.1_5 ARRN01000011.1_53 
ARRN01000020.1_15 ARRN01000001.1_74 ARRN01000010.1_20 
ARRN01000005.1_2 ARRN01000005.1_27 ARRN01000001.1_63 
ARRN01000005.1_23 ARRN01000005.1_6 ARRN01000011.1_52 
ARRN01000013.1_51 ARRN01000018.1_38 ARRN01000009.1_2 
ARRN01000003.1_79 ARRN01000013.1_25 ARRN01000003.1_89 
ARRN01000005.1_22 ARRN01000005.1_7 
ARRN01000005.1_20 ARRN01000005.1_9 
ARRN01000005.1_49 ARRN01000015.1_24 
ARRN01000001.1_54 ARRN01000005.1_10 
ARRN01000026.1_1 ARRN01000010.1_42 
ARRN01000007.1_20 ARRN01000010.1_23 
ARRN01000010.1_2 ARRN01000008.1_50 
ARRN01000016.1_52 ARRN01000004.1_24 
ARRN01000028.1_4 ARRN01000096.1_1 
ARRN01000025.1_11 ARRN01000065.1_1 
ARRN01000006.1_17 ARRN01000016.1_20 
ARRN01000017.1_24 ARRN01000025.1_19 
ARRN01000002.1_22 ARRN01000002.1_20 
ARRN01000018.1_42 ARRN01000018.1_2 
ARRN01000013.1_35 ARRN01000002.1_23 
ARRN01000005.1_21 ARRN01000005.1_8 
ARRN01000003.1_7 ARRN01000013.1_34 
ARRN01000010.1_18 ARRN01000013.1_39 
ARRN01000010.1_4 ARRN01000004.1_1 
ARRN01000006.1_57 ARRN01000001.1_85 
ARRN01000005.1_25 ARRN01000005.1_4 
ARRN01000017.1_17 ARRN01000007.1_43 
ARRN01000010.1_19 ARRN01000013.1_38 
ARRN01000009.1_14 ARRN01000010.1_47 
ARRN01000024.1_20 ARRN01000002.1_99 
ARRN01000035.1_3 ARRN01000003.1_5 
ARRN01000042.1_2 ARRN01000001.1_115 
ARRN01000027.1_13 ARRN01000097.1_1 
ARRN01000015.1_23 ARRN01000005.1_50 
ARRN01000001.1_122 ARRN01000048.1_2 
ARRN01000034.1_3 ARRN01000078.1_2 
ARRN01000020.1_18 ARRN01000030.1_7 
ARRN01000041.1_1 ARRN01000154.1_1 
ARRN01000009.1_13 ARRN01000010.1_48 
ARRN01000019.1_4 ARRN01000026.1_12 
ARRN01000007.1_29 ARRN01000007.1_52 
ARRN01000014.1_23 ARRN01000014.1_22 
ARRN01000006.1_63 ARRN01000002.1_61 
ARRN01000005.1_12 ARRN01000001.1_56 
ARRN01000018.1_44 ARRN01000018.1_4 
ARRN01000002.1_29 ARRN01000070.1_2 
ARRN01000002.1_52 ARRN01000006.1_43 
ARRN01000027.1_11 ARRN01000155.1_2 
ARRN01000028.1_5 ARRN01000046.1_5 
ARRN01000003.1_17 ARRN01000014.1_27 
ARRN01000007.1_32 ARRN01000010.1_22 
ARRN01000018.1_43 ARRN01000018.1_3 
ARRN01000003.1_24 ARRN01000010.1_41 
ARRN01000022.1_19 ARRN01000004.1_26 
ARRN01000030.1_5 ARRN01000030.1_11 
ARRN01000010.1_27 ARRN01000018.1_40 
ARRN01000020.1_20 ARRN01000002.1_53 
ARRN01000015.1_46 ARRN01000009.1_39 
ARRN01000081.1_1 ARRN01000085.1_1 
ARRN01000005.1_39 ARRN01000005.1_38 
ARRN01000027.1_14 ARRN01000225.1_1 
ARRN01000008.1_24 ARRN01000010.1_14 
ARRN01000029.1_10 ARRN01000015.1_11 
ARRN01000005.1_26 ARRN01000005.1_3 
ARRN01000186.1_1 ARRN01000067.1_2 
ARRN01000005.1_45 ARRN01000016.1_48 
ARRN01000017.1_38 ARRN01000017.1_37 
ARRN01000028.1_3 ARRN01000206.1_1 
ARRN01000012.1_61 ARRN01000017.1_2 
ARRN01000006.1_50 ARRN01000003.1_21 
ARRN01000026.1_14 ARRN01000223.1_1 
ARRN01000046.1_2 ARRN01000008.1_27 
ARRN01000014.1_49 ARRN01000001.1_107 
ARRN01000177.1_2 ARRN01000140.1_2 
ARRN01000004.1_39 ARRN01000010.1_13 
ARRN01000027.1_10 ARRN01000089.1_1 
ARRN01000012.1_18 ARRN01000023.1_11 
ARRN01000009.1_4 ARRN01000076.1_2 
ARRN01000019.1_34 ARRN01000019.1_35 
ARRN01000028.1_7 ARRN01000046.1_3 
ARRN01000052.1_3 ARRN01000003.1_61 
ARRN01000013.1_14 ARRN01000013.1_43 
ARRN01000013.1_4 ARRN01000077.1_3 
ARRN01000196.1_1 ARRN01000147.1_1 
ARRN01000111.1_1 ARRN01000008.1_32 
ARRN01000018.1_34 ARRN01000009.1_51 
ARRN01000089.1_2 ARRN01000027.1_9 
ARRN01000008.1_54 ARRN01000008.1_52 
ARRN01000001.1_100 ARRN01000001.1_89 
ARRN01000196.1_2 ARRN01000147.1_3 
ARRN01000013.1_21 ARRN01000025.1_3 
ARRN01000006.1_16 
ARRN01000002.1_76 
ARRN01000002.1_82 
ARRN01000001.1_22 
ARRN01000007.1_53 
ARRN01000016.1_33 
ARRN01000022.1_13 
ARRN01000006.1_15 
ARRN01000003.1_74 
ARRN01000015.1_4 
ARRN01000001.1_36 
ARRN01000011.1_51 
ARRN01000004.1_15 
ARRN01000022.1_12 
ARRN01000012.1_13 
ARRN01000016.1_37 
ARRN01000010.1_50 
ARRN01000015.1_44 
ARRN01000008.1_22 
ARRN01000017.1_22 
ARRN01000028.1_10 
ARRN01000004.1_43 
ARRN01000011.1_12 
ARRN01000015.1_42 
ARRN01000008.1_49 
ARRN01000012.1_47 
ARRN01000006.1_49 
ARRN01000011.1_11 
ARRN01000017.1_3 
ARRN01000001.1_45 
ARRN01000004.1_66 
ARRN01000001.1_62 
ARRN01000014.1_34 
ARRN01000001.1_94 
ARRN01000040.1_2 
ARRN01000008.1_23 
ARRN01000003.1_20 
ARRN01000010.1_43 
ARRN01000015.1_35 
ARRN01000019.1_30 
ARRN01000011.1_31 
ARRN01000008.1_45 
ARRN01000014.1_16 
ARRN01000004.1_44 
ARRN01000024.1_13 
ARRN01000006.1_40 
ARRN01000002.1_91 
ARRN01000012.1_46 
ARRN01000037.1_2 
ARRN01000014.1_45 
ARRN01000004.1_59 
ARRN01000020.1_32 
ARRN01000023.1_4 
ARRN01000001.1_118 
ARRN01000014.1_21 
ARRN01000010.1_8 
ARRN01000009.1_47 
ARRN01000001.1_101 
ARRN01000005.1_36 
ARRN01000014.1_7 
ARRN01000018.1_17 
ARRN01000021.1_26 
ARRN01000002.1_37 
ARRN01000009.1_17 
ARRN01000009.1_48 
ARRN01000055.1_2 
ARRN01000014.1_46 
ARRN01000023.1_30 
ARRN01000001.1_67 
ARRN01000007.1_10 
ARRN01000010.1_39 
ARRN01000002.1_100 
ARRN01000004.1_37 
ARRN01000026.1_8 
ARRN01000006.1_14 
ARRN01000008.1_13 
ARRN01000020.1_21 
ARRN01000032.1_4 
ARRN01000006.1_24 
ARRN01000006.1_55 
ARRN01000004.1_36 
ARRN01000004.1_64 
ARRN01000007.1_5 
ARRN01000007.1_1 
ARRN01000001.1_21 
ARRN01000002.1_26 
ARRN01000024.1_18 
ARRN01000012.1_29 
ARRN01000019.1_33 
ARRN01000005.1_16 
ARRN01000009.1_56 
ARRN01000004.1_21 
ARRN01000007.1_15 
ARRN01000019.1_18 
ARRN01000020.1_27 
ARRN01000008.1_55 
ARRN01000020.1_16 
ARRN01000004.1_54 
ARRN01000009.1_33 
ARRN01000004.1_10 
ARRN01000007.1_40 
ARRN01000005.1_14 
ARRN01000021.1_11 
ARRN01000009.1_5 
ARRN01000027.1_5 
ARRN01000001.1_70 
ARRN01000023.1_7 
ARRN01000029.1_8 
ARRN01000001.1_29 
ARRN01000004.1_35 
ARRN01000014.1_42 
ARRN01000006.1_64 
ARRN01000002.1_18 
ARRN01000019.1_29 
ARRN01000003.1_41 
ARRN01000023.1_25 
ARRN01000003.1_31 
ARRN01000003.1_82 
ARRN01000016.1_5 
ARRN01000001.1_6 
ARRN01000027.1_7 
ARRN01000044.1_3 
ARRN01000038.1_7 
ARRN01000008.1_38 
ARRN01000002.1_64 
ARRN01000002.1_3 
ARRN01000007.1_28 
ARRN01000025.1_14 
ARRN01000001.1_129 
ARRN01000004.1_48 
ARRN01000002.1_65 
ARRN01000007.1_33 
ARRN01000009.1_58 
ARRN01000006.1_29 
ARRN01000007.1_37 
ARRN01000058.1_1 
ARRN01000003.1_88 
ARRN01000008.1_30 
ARRN01000022.1_2 
ARRN01000004.1_42 
ARRN01000007.1_54 
ARRN01000053.1_2 
ARRN01000022.1_22 
ARRN01000016.1_29 
ARRN01000014.1_26 
ARRN01000015.1_38 
ARRN01000016.1_38 
ARRN01000001.1_20 
ARRN01000013.1_53 
ARRN01000036.1_2 
ARRN01000018.1_45 
ARRN01000007.1_27 
ARRN01000002.1_7 
ARRN01000030.1_13 
ARRN01000024.1_1 
ARRN01000041.1_4 
ARRN01000015.1_22 
ARRN01000016.1_16 
ARRN01000003.1_78 
ARRN01000035.1_5 
ARRN01000001.1_26 
ARRN01000004.1_60 
ARRN01000004.1_5 
ARRN01000007.1_50 
ARRN01000009.1_61 
ARRN01000012.1_15 
ARRN01000027.1_2 
ARRN01000004.1_49 
ARRN01000034.1_1 
ARRN01000025.1_5 
ARRN01000011.1_13 
ARRN01000007.1_58 
ARRN01000010.1_1 
ARRN01000011.1_23 
ARRN01000014.1_3 
ARRN01000008.1_33 
ARRN01000008.1_56 
ARRN01000008.1_48 
ARRN01000019.1_5 
ARRN01000045.1_3 
ARRN01000002.1_47 
ARRN01000019.1_16 
ARRN01000001.1_68 
ARRN01000015.1_48 
ARRN01000018.1_6 
ARRN01000001.1_110 
ARRN01000011.1_20 
ARRN01000015.1_34 
ARRN01000015.1_36 
ARRN01000001.1_40 
ARRN01000015.1_37 
ARRN01000017.1_6 
ARRN01000002.1_13 
ARRN01000006.1_28 
ARRN01000011.1_25 
ARRN01000005.1_30 
ARRN01000027.1_6 
ARRN01000001.1_117 
ARRN01000002.1_36 
ARRN01000003.1_93 
ARRN01000006.1_4 
ARRN01000004.1_20 
ARRN01000006.1_34 
ARRN01000009.1_12 
ARRN01000017.1_32 
ARRN01000004.1_8 
ARRN01000013.1_32 
ARRN01000009.1_19 
ARRN01000015.1_10 
ARRN01000020.1_2 
ARRN01000018.1_46 
ARRN01000039.1_2 
ARRN01000021.1_22 
ARRN01000074.1_1 
ARRN01000003.1_65 
ARRN01000006.1_54 
ARRN01000001.1_5 
ARRN01000018.1_1 
ARRN01000018.1_5 
ARRN01000026.1_2 
ARRN01000050.1_3 
ARRN01000008.1_28 
ARRN01000014.1_35 
ARRN01000001.1_50 
ARRN01000008.1_47 
ARRN01000001.1_25 
ARRN01000001.1_99 
ARRN01000012.1_42 
ARRN01000012.1_1 
ARRN01000019.1_24 
ARRN01000022.1_14 
ARRN01000062.1_1 
ARRN01000019.1_36 
ARRN01000033.1_2 
ARRN01000011.1_42 
ARRN01000002.1_67 
ARRN01000012.1_17 
ARRN01000008.1_44 
ARRN01000016.1_19 
ARRN01000029.1_2 
ARRN01000012.1_57 
ARRN01000015.1_6 
ARRN01000005.1_28 
ARRN01000014.1_4 
ARRN01000002.1_16 
ARRN01000004.1_50 
ARRN01000008.1_37 
ARRN01000001.1_27 
ARRN01000007.1_60 
ARRN01000059.1_1 
ARRN01000002.1_41 
ARRN01000009.1_54 
ARRN01000017.1_31 
ARRN01000008.1_12 
ARRN01000026.1_17 
ARRN01000011.1_45 
ARRN01000016.1_27 
ARRN01000027.1_17 
ARRN01000001.1_23 
ARRN01000017.1_12 
ARRN01000007.1_55 
ARRN01000008.1_11 
ARRN01000013.1_29 
ARRN01000002.1_75 
ARRN01000009.1_24 
ARRN01000011.1_5 
ARRN01000012.1_59 
ARRN01000017.1_20 
ARRN01000002.1_4 
ARRN01000011.1_21 
ARRN01000003.1_2 
ARRN01000009.1_29 
ARRN01000009.1_32 
ARRN01000011.1_32 
ARRN01000027.1_1 
ARRN01000015.1_2 
ARRN01000016.1_45 
ARRN01000061.1_2 
ARRN01000010.1_25 
ARRN01000017.1_39 
ARRN01000004.1_14 
ARRN01000013.1_50 
ARRN01000001.1_126 
ARRN01000003.1_84 
ARRN01000013.1_31 
ARRN01000016.1_17 
ARRN01000036.1_7 
ARRN01000003.1_44 
ARRN01000021.1_8 
ARRN01000031.1_1 
ARRN01000001.1_136 
ARRN01000001.1_78 
ARRN01000001.1_127 
ARRN01000003.1_91 
ARRN01000017.1_16 
ARRN01000002.1_27 
ARRN01000003.1_25 
ARRN01000011.1_50 
ARRN01000017.1_7 
ARRN01000001.1_121 
ARRN01000003.1_6 
ARRN01000056.1_2 
ARRN01000016.1_24 
ARRN01000001.1_12 
ARRN01000013.1_30 
ARRN01000019.1_25 
ARRN01000021.1_16 
ARRN01000026.1_18 
ARRN01000031.1_7 
ARRN01000051.1_4 
ARRN01000005.1_40 
ARRN01000002.1_35 
ARRN01000017.1_21 
ARRN01000029.1_7 
ARRN01000002.1_101 
ARRN01000006.1_47 
ARRN01000003.1_68 
ARRN01000029.1_6 
ARRN01000004.1_46 
ARRN01000014.1_44 
ARRN01000002.1_39 
ARRN01000006.1_60 
ARRN01000056.1_1 
ARRN01000017.1_36 
ARRN01000036.1_6 
ARRN01000045.1_2 
ARRN01000004.1_61 
ARRN01000001.1_98 
ARRN01000004.1_6 
ARRN01000010.1_49 
ARRN01000007.1_61 
ARRN01000014.1_36 
ARRN01000014.1_47 
ARRN01000018.1_24 
ARRN01000014.1_29 
ARRN01000021.1_9 
ARRN01000040.1_3 
ARRN01000003.1_80 
ARRN01000021.1_14 
ARRN01000024.1_5 
ARRN01000001.1_124 
ARRN01000002.1_69 
ARRN01000012.1_45 
ARRN01000034.1_6 
ARRN01000002.1_59 
ARRN01000014.1_15 
ARRN01000006.1_61 
ARRN01000030.1_8 
ARRN01000010.1_11 
ARRN01000016.1_39 
ARRN01000017.1_29 
ARRN01000004.1_33 
ARRN01000005.1_35 
ARRN01000008.1_29 
ARRN01000010.1_40 
ARRN01000011.1_41 
ARRN01000022.1_10 
ARRN01000031.1_10 
ARRN01000006.1_52 
ARRN01000015.1_18 
ARRN01000021.1_17 
ARRN01000002.1_10 
ARRN01000002.1_78 
ARRN01000003.1_58 
ARRN01000017.1_23 
ARRN01000045.1_1 
ARRN01000006.1_35 
ARRN01000002.1_93 
ARRN01000003.1_10 
ARRN01000017.1_15 
ARRN01000050.1_1 
ARRN01000006.1_36 
ARRN01000007.1_31 
ARRN01000016.1_46 
ARRN01000018.1_29 
ARRN01000007.1_21 
ARRN01000008.1_35 
ARRN01000010.1_17 
ARRN01000014.1_50 
ARRN01000002.1_40 
ARRN01000009.1_44 
ARRN01000012.1_16 
ARRN01000013.1_36 
ARRN01000057.1_2 
ARRN01000003.1_11 
ARRN01000007.1_45 
ARRN01000012.1_43 
ARRN01000034.1_2 
ARRN01000035.1_4 
ARRN01000001.1_88 
ARRN01000002.1_2 
ARRN01000008.1_43 
ARRN01000013.1_41 
ARRN01000030.1_1 
ARRN01000020.1_17 
ARRN01000020.1_33 
ARRN01000023.1_8 
ARRN01000004.1_51 
ARRN01000012.1_39 
ARRN01000016.1_4 
ARRN01000009.1_42 
ARRN01000011.1_47 
ARRN01000029.1_14 
ARRN01000072.1_2 
ARRN01000016.1_8 
ARRN01000017.1_8 
ARRN01000001.1_66 
ARRN01000013.1_2 
ARRN01000091.1_1 
ARRN01000002.1_90 
ARRN01000008.1_20 
ARRN01000010.1_30 
ARRN01000015.1_33 
ARRN01000023.1_17 
ARRN01000017.1_40 
ARRN01000018.1_14 
ARRN01000003.1_86 
ARRN01000015.1_15 
ARRN01000015.1_3 
ARRN01000019.1_38 
ARRN01000023.1_3 
ARRN01000092.1_1 
ARRN01000005.1_59 
ARRN01000013.1_6 
ARRN01000016.1_30 
ARRN01000016.1_47 
ARRN01000019.1_20 
ARRN01000041.1_2 
ARRN01000001.1_80 
ARRN01000011.1_36 
ARRN01000043.1_2 
ARRN01000001.1_46 
ARRN01000052.1_4 
ARRN01000005.1_47 
ARRN01000013.1_33 
ARRN01000003.1_50 
ARRN01000010.1_7 
ARRN01000014.1_9 
ARRN01000020.1_6 
ARRN01000001.1_128 
ARRN01000016.1_1 
ARRN01000024.1_17 
ARRN01000028.1_8 
ARRN01000095.1_1 
ARRN01000001.1_111 
ARRN01000001.1_87 
ARRN01000002.1_30 
ARRN01000021.1_20 
ARRN01000001.1_120 
ARRN01000019.1_28 
ARRN01000007.1_36 
ARRN01000008.1_51 
ARRN01000063.1_2 
ARRN01000006.1_38 
ARRN01000012.1_10 
ARRN01000015.1_41 
ARRN01000019.1_14 
ARRN01000032.1_5 
ARRN01000004.1_2 
ARRN01000004.1_57 
ARRN01000019.1_12 
ARRN01000029.1_3 
ARRN01000005.1_37 
ARRN01000007.1_39 
ARRN01000021.1_23 
ARRN01000022.1_20 
ARRN01000041.1_3 
ARRN01000090.1_1 
ARRN01000001.1_38 
ARRN01000025.1_13 
ARRN01000012.1_44 
ARRN01000016.1_35 
ARRN01000019.1_26 
ARRN01000030.1_9 
ARRN01000035.1_6 
ARRN01000001.1_131 
ARRN01000002.1_38 
ARRN01000007.1_30 
ARRN01000007.1_64 
ARRN01000013.1_22 
ARRN01000024.1_11 
ARRN01000017.1_33 
ARRN01000030.1_6 
ARRN01000004.1_38 
ARRN01000007.1_22 
ARRN01000001.1_112 
ARRN01000002.1_28 
ARRN01000003.1_18 
ARRN01000001.1_41 
ARRN01000006.1_10 
ARRN01000016.1_12 
ARRN01000020.1_31 
ARRN01000022.1_24 
ARRN01000014.1_1 
ARRN01000018.1_36 
ARRN01000005.1_48 
ARRN01000034.1_4 
ARRN01000001.1_81 
ARRN01000005.1_42 
ARRN01000015.1_32 
ARRN01000009.1_55 
ARRN01000001.1_30 
ARRN01000005.1_13 
ARRN01000001.1_137 
ARRN01000011.1_54 
ARRN01000022.1_18 
ARRN01000022.1_7 
ARRN01000002.1_57 
ARRN01000001.1_77 
ARRN01000006.1_25 
ARRN01000042.1_6 
ARRN01000103.1_1 
ARRN01000001.1_86 
ARRN01000004.1_67 
ARRN01000004.1_47 
ARRN01000005.1_44 
ARRN01000012.1_26 
ARRN01000033.1_5 
ARRN01000008.1_17 
ARRN01000009.1_53 
ARRN01000017.1_25 
ARRN01000024.1_16 
ARRN01000104.1_1 
ARRN01000001.1_106 
ARRN01000003.1_62 
ARRN01000006.1_59 
ARRN01000007.1_57 
ARRN01000009.1_3 
ARRN01000011.1_15 
ARRN01000021.1_24 
ARRN01000023.1_14 
ARRN01000025.1_6 
ARRN01000004.1_25 
ARRN01000001.1_1 
ARRN01000007.1_6 
ARRN01000032.1_2 
ARRN01000011.1_28 
ARRN01000073.1_1 
ARRN01000023.1_26 
ARRN01000033.1_3 
ARRN01000003.1_29 
ARRN01000012.1_65 
ARRN01000014.1_13 
ARRN01000037.1_4 
ARRN01000001.1_2 
ARRN01000001.1_3 
ARRN01000001.1_7 
ARRN01000003.1_14 
ARRN01000008.1_40 
ARRN01000007.1_13 
ARRN01000008.1_16 
ARRN01000012.1_48 
ARRN01000013.1_45 
ARRN01000005.1_43 
ARRN01000010.1_51 
ARRN01000010.1_9 
ARRN01000013.1_52 
ARRN01000015.1_16 
ARRN01000021.1_21 
ARRN01000001.1_58 
ARRN01000003.1_32 
ARRN01000004.1_52 
ARRN01000013.1_62 
ARRN01000030.1_2 
ARRN01000001.1_125 
ARRN01000002.1_31 
ARRN01000003.1_60 
ARRN01000007.1_59 
ARRN01000009.1_28 
ARRN01000049.1_4 
ARRN01000003.1_13 
ARRN01000008.1_25 
ARRN01000012.1_36 
ARRN01000020.1_5 
ARRN01000039.1_1 
ARRN01000109.1_1 
ARRN01000006.1_42 
ARRN01000007.1_3 
ARRN01000014.1_41 
ARRN01000019.1_21 
ARRN01000025.1_15 
ARRN01000030.1_10 
ARRN01000005.1_17 
ARRN01000023.1_13 
ARRN01000004.1_4 
ARRN01000006.1_41 
ARRN01000017.1_35 
ARRN01000013.1_61 
ARRN01000001.1_91 
ARRN01000002.1_62 
ARRN01000008.1_46 
ARRN01000015.1_43 
ARRN01000017.1_18 
ARRN01000010.1_12 
ARRN01000011.1_14 
ARRN01000026.1_7 
ARRN01000001.1_133 
ARRN01000001.1_18 
ARRN01000003.1_23 
ARRN01000003.1_73 
ARRN01000003.1_9 
ARRN01000006.1_48 
ARRN01000033.1_1 
ARRN01000001.1_4 
ARRN01000001.1_84 
ARRN01000002.1_9 
ARRN01000003.1_54 
ARRN01000013.1_66 
ARRN01000021.1_1 
ARRN01000006.1_6 
ARRN01000011.1_33 
ARRN01000011.1_8 
ARRN01000012.1_40 
ARRN01000020.1_23 
ARRN01000016.1_23 
ARRN01000027.1_12 
ARRN01000086.1_2 
ARRN01000003.1_22 
ARRN01000009.1_8 
ARRN01000010.1_44 
ARRN01000115.1_1 
ARRN01000001.1_69 
ARRN01000010.1_24 
ARRN01000016.1_14 
ARRN01000022.1_8 
ARRN01000026.1_11 
ARRN01000037.1_5 
ARRN01000051.1_1 
ARRN01000001.1_132 
ARRN01000075.1_1 
ARRN01000001.1_47 
ARRN01000006.1_31 
ARRN01000006.1_51 
ARRN01000007.1_11 
ARRN01000007.1_41 
ARRN01000011.1_1 
ARRN01000005.1_18 
ARRN01000013.1_10 
ARRN01000016.1_13 
ARRN01000001.1_102 
ARRN01000004.1_34 
ARRN01000016.1_42 
ARRN01000007.1_23 
ARRN01000009.1_34 
ARRN01000010.1_29 
ARRN01000013.1_13 
ARRN01000024.1_2 
ARRN01000030.1_4 
ARRN01000003.1_12 
ARRN01000003.1_38 
ARRN01000008.1_8 
ARRN01000022.1_15 
ARRN01000010.1_3 
ARRN01000012.1_34 
ARRN01000028.1_12 
ARRN01000031.1_5 
ARRN01000117.1_1 
ARRN01000100.1_2 
ARRN01000011.1_44 
ARRN01000007.1_44 
ARRN01000016.1_51 
ARRN01000023.1_20 
ARRN01000002.1_74 
ARRN01000003.1_16 
ARRN01000006.1_18 
ARRN01000014.1_10 
ARRN01000014.1_30 
ARRN01000018.1_9 
ARRN01000035.1_1 
ARRN01000012.1_21 
ARRN01000013.1_44 
ARRN01000006.1_53 
ARRN01000017.1_30 
ARRN01000024.1_3 
ARRN01000024.1_6 
ARRN01000005.1_56 
ARRN01000008.1_15 
ARRN01000006.1_46 
ARRN01000011.1_18 
ARRN01000020.1_24 
ARRN01000025.1_7 
ARRN01000003.1_53 
ARRN01000010.1_38 
ARRN01000036.1_1 
ARRN01000001.1_8 
ARRN01000003.1_47 
ARRN01000006.1_3 
ARRN01000014.1_37 
ARRN01000019.1_13 
ARRN01000084.1_1 
ARRN01000001.1_76 
ARRN01000002.1_80 
ARRN01000003.1_70 
ARRN01000014.1_31 
ARRN01000069.1_1 
ARRN01000003.1_66 
ARRN01000013.1_58 
ARRN01000016.1_43 
ARRN01000001.1_103 
ARRN01000050.1_2 
ARRN01000001.1_37 
ARRN01000002.1_89 
ARRN01000027.1_4 
ARRN01000131.1_1 
ARRN01000001.1_9 
ARRN01000014.1_5 
ARRN01000032.1_3 
ARRN01000001.1_104 
ARRN01000002.1_44 
ARRN01000019.1_11 
ARRN01000024.1_8 
ARRN01000027.1_15 
ARRN01000001.1_31 
ARRN01000003.1_63 
ARRN01000006.1_39 
ARRN01000007.1_49 
ARRN01000009.1_31 
ARRN01000023.1_29 
ARRN01000085.1_2 
ARRN01000001.1_92 
ARRN01000002.1_102 
ARRN01000003.1_87 
ARRN01000013.1_56 
ARRN01000034.1_5 
ARRN01000002.1_66 
ARRN01000009.1_62 
ARRN01000060.1_2 
ARRN01000004.1_28 
ARRN01000011.1_46 
ARRN01000017.1_9 
ARRN01000023.1_16 
ARRN01000002.1_81 
ARRN01000025.1_2 
ARRN01000003.1_34 
ARRN01000004.1_45 
ARRN01000006.1_30 
ARRN01000006.1_9 
ARRN01000007.1_2 
ARRN01000012.1_32 
ARRN01000015.1_50 
ARRN01000093.1_2 
ARRN01000025.1_8 
ARRN01000129.1_1 
ARRN01000025.1_10 
ARRN01000038.1_2 
ARRN01000014.1_14 
ARRN01000016.1_40 
ARRN01000018.1_16 
ARRN01000026.1_4 
ARRN01000011.1_9 
ARRN01000012.1_19 
ARRN01000014.1_40 
ARRN01000028.1_2 
ARRN01000007.1_34 
ARRN01000012.1_38 
ARRN01000003.1_71 
ARRN01000040.1_5 
ARRN01000001.1_34 
ARRN01000002.1_12 
ARRN01000003.1_64 
ARRN01000005.1_53 
ARRN01000014.1_38 
ARRN01000001.1_51 
ARRN01000002.1_14 
ARRN01000031.1_2 
ARRN01000033.1_6 
ARRN01000058.1_2 
ARRN01000002.1_88 
ARRN01000002.1_94 
ARRN01000003.1_69 
ARRN01000007.1_63 
ARRN01000003.1_92 
ARRN01000004.1_7 
ARRN01000008.1_26 
ARRN01000018.1_48 
ARRN01000028.1_1 
ARRN01000031.1_3 
ARRN01000001.1_43 
ARRN01000004.1_29 
ARRN01000018.1_28 
ARRN01000118.1_1 
ARRN01000008.1_19 
ARRN01000024.1_28 
ARRN01000031.1_4 
ARRN01000094.1_2 
ARRN01000011.1_35 
ARRN01000015.1_19 
ARRN01000043.1_7 
ARRN01000018.1_13 
ARRN01000003.1_15 
ARRN01000006.1_8 
ARRN01000018.1_11 
ARRN01000006.1_56 
ARRN01000008.1_6 
ARRN01000014.1_2 
ARRN01000016.1_50 
ARRN01000022.1_5 
ARRN01000022.1_23 
ARRN01000023.1_1 
ARRN01000122.1_2 
ARRN01000012.1_66 
ARRN01000018.1_47 
ARRN01000027.1_3 
ARRN01000002.1_83 
ARRN01000009.1_57 
ARRN01000011.1_29 
ARRN01000060.1_1 
ARRN01000001.1_39 
ARRN01000011.1_27 
ARRN01000013.1_27 
ARRN01000112.1_1 
ARRN01000149.1_1 
ARRN01000002.1_50 
ARRN01000009.1_59 
ARRN01000012.1_35 
ARRN01000002.1_43 
ARRN01000019.1_22 
ARRN01000004.1_13 
ARRN01000011.1_6 
ARRN01000012.1_41 
ARRN01000054.1_2 
ARRN01000002.1_79 
ARRN01000044.1_2 
ARRN01000099.1_1 
ARRN01000001.1_57 
ARRN01000002.1_21 
ARRN01000003.1_27 
ARRN01000007.1_51 
ARRN01000011.1_19 
ARRN01000011.1_39 
ARRN01000016.1_7 
ARRN01000020.1_29 
ARRN01000114.1_1 
ARRN01000001.1_42 
ARRN01000011.1_10 
ARRN01000011.1_4 
ARRN01000013.1_11 
ARRN01000105.1_2 
ARRN01000003.1_1 
ARRN01000003.1_35 
ARRN01000005.1_32 
ARRN01000005.1_55 
ARRN01000007.1_38 
ARRN01000010.1_6 
ARRN01000018.1_19 
ARRN01000053.1_3 
ARRN01000150.1_1 
ARRN01000006.1_20 
ARRN01000007.1_19 
ARRN01000124.1_1 
ARRN01000001.1_24 
ARRN01000001.1_33 
ARRN01000008.1_3 
ARRN01000036.1_3 
ARRN01000057.1_3 
ARRN01000002.1_48 
ARRN01000006.1_37 
ARRN01000011.1_30 
ARRN01000016.1_32 
ARRN01000026.1_13 
ARRN01000079.1_1 
ARRN01000015.1_31 
ARRN01000022.1_6 
ARRN01000028.1_13 
ARRN01000010.1_5 
ARRN01000021.1_10 
ARRN01000026.1_10 
ARRN01000027.1_16 
ARRN01000051.1_2 
ARRN01000001.1_48 
ARRN01000012.1_9 
ARRN01000009.1_20 
ARRN01000018.1_8 
ARRN01000044.1_4 
ARRN01000002.1_71 
ARRN01000007.1_48 
ARRN01000012.1_31 
ARRN01000004.1_31 
ARRN01000004.1_40 
ARRN01000019.1_32 
ARRN01000021.1_15 
ARRN01000021.1_25 
ARRN01000025.1_16 
ARRN01000001.1_65 
ARRN01000003.1_3 
ARRN01000011.1_37 
ARRN01000019.1_27 
ARRN01000127.1_1 
ARRN01000165.1_1 
ARRN01000003.1_72 
ARRN01000016.1_41 
ARRN01000019.1_15 
ARRN01000026.1_19 
ARRN01000026.1_9 
ARRN01000003.1_77 
ARRN01000009.1_25 
ARRN01000015.1_51 
ARRN01000016.1_18 
ARRN01000018.1_20 
ARRN01000004.1_9 
ARRN01000008.1_14 
ARRN01000012.1_53 
ARRN01000020.1_22 
ARRN01000002.1_97 
ARRN01000009.1_43 
ARRN01000010.1_32 
ARRN01000021.1_2 
ARRN01000083.1_2 
ARRN01000007.1_12 
ARRN01000172.1_1 
ARRN01000174.1_1 
ARRN01000011.1_17 
ARRN01000012.1_24 
ARRN01000019.1_19 
ARRN01000020.1_30 
ARRN01000158.1_1 
ARRN01000008.1_18 
ARRN01000010.1_33 
ARRN01000067.1_1 
ARRN01000008.1_34 
ARRN01000012.1_2 
ARRN01000014.1_28 
ARRN01000024.1_27 
ARRN01000181.1_1 
ARRN01000182.1_1 
ARRN01000008.1_36 
ARRN01000012.1_8 
ARRN01000001.1_17 
ARRN01000008.1_9 
ARRN01000029.1_9 
ARRN01000183.1_1 
ARRN01000185.1_1 
ARRN01000012.1_14 
ARRN01000035.1_2 
ARRN01000138.1_1 
ARRN01000006.1_62 
ARRN01000018.1_23 
ARRN01000018.1_26 
ARRN01000046.1_1 
ARRN01000063.1_1 
ARRN01000190.1_1 
ARRN01000009.1_38 
ARRN01000011.1_22 
ARRN01000029.1_13 
ARRN01000001.1_16 
ARRN01000002.1_63 
ARRN01000004.1_32 
ARRN01000111.1_2 
ARRN01000012.1_4 
ARRN01000015.1_26 
ARRN01000016.1_6 
ARRN01000017.1_19 
ARRN01000043.1_5 
ARRN01000197.1_1 
ARRN01000003.1_42 
ARRN01000008.1_2 
ARRN01000018.1_39 
ARRN01000037.1_1 
ARRN01000008.1_7 
ARRN01000011.1_2 
ARRN01000011.1_26 
ARRN01000016.1_36 
ARRN01000024.1_12 
ARRN01000151.1_1 
ARRN01000198.1_1 
ARRN01000006.1_11 
ARRN01000008.1_21 
ARRN01000069.1_2 
ARRN01000001.1_71 
ARRN01000002.1_92 
ARRN01000005.1_54 
ARRN01000016.1_25 
ARRN01000018.1_18 
ARRN01000019.1_10 
ARRN01000077.1_2 
ARRN01000088.1_1 
ARRN01000010.1_36 
ARRN01000044.1_5 
ARRN01000002.1_24 
ARRN01000002.1_45 
ARRN01000014.1_39 
ARRN01000146.1_2 
ARRN01000201.1_1 
ARRN01000006.1_5 
ARRN01000012.1_27 
ARRN01000018.1_32 
ARRN01000022.1_9 
ARRN01000031.1_6 
ARRN01000043.1_4 
ARRN01000002.1_68 
ARRN01000007.1_17 
ARRN01000022.1_1 
ARRN01000038.1_1 
ARRN01000152.1_2 
ARRN01000008.1_42 
ARRN01000009.1_49 
ARRN01000015.1_7 
ARRN01000202.1_1 
ARRN01000205.1_1 
ARRN01000001.1_35 
ARRN01000011.1_55 
ARRN01000014.1_33 
ARRN01000001.1_19 
ARRN01000002.1_54 
ARRN01000013.1_55 
ARRN01000023.1_23 
ARRN01000083.1_1 
ARRN01000207.1_1 
ARRN01000210.1_1 
ARRN01000007.1_4 
ARRN01000135.1_2 
ARRN01000153.1_1 
ARRN01000014.1_51 
ARRN01000048.1_1 
ARRN01000107.1_1 
ARRN01000214.1_1 
ARRN01000023.1_24 
ARRN01000024.1_25 
ARRN01000218.1_1 
ARRN01000144.1_1 
ARRN01000003.1_4 
ARRN01000007.1_62 
ARRN01000008.1_1 
ARRN01000220.1_1 
ARRN01000222.1_1 
ARRN01000040.1_4 
ARRN01000042.1_5 
ARRN01000064.1_2 
ARRN01000224.1_1 
ARRN01000015.1_28 
ARRN01000024.1_31 
ARRN01000037.1_3 
ARRN01000173.1_2 
ARRN01000001.1_82 
ARRN01000082.1_2 
ARRN01000192.1_1 
ARRN01000059.1_2 
ARRN01000159.1_2 
ARRN01000014.1_12 
ARRN01000226.1_1 
ARRN01000002.1_73 
ARRN01000049.1_2 
ARRN01000003.1_40 
ARRN01000011.1_34 
ARRN01000016.1_34 
ARRN01000014.1_48 
ARRN01000019.1_9 
ARRN01000028.1_9 
ARRN01000011.1_43 
ARRN01000013.1_63 
ARRN01000023.1_15 
ARRN01000023.1_19 
ARRN01000024.1_30 
ARRN01000179.1_1 
ARRN01000003.1_45 
ARRN01000007.1_56 
ARRN01000012.1_50 
ARRN01000012.1_54 
ARRN01000024.1_29 
ARRN01000066.1_3 
ARRN01000126.1_1 
ARRN01000010.1_34 
ARRN01000023.1_28 
ARRN01000194.1_1 
ARRN01000004.1_3 
ARRN01000006.1_7 
ARRN01000016.1_26 
ARRN01000021.1_12 
ARRN01000025.1_12 
ARRN01000101.1_1 
ARRN01000001.1_105 
ARRN01000006.1_27 
ARRN01000008.1_5 
ARRN01000009.1_18 
ARRN01000012.1_58 
ARRN01000014.1_24 
ARRN01000023.1_9 
ARRN01000031.1_8 
ARRN01000008.1_57 
ARRN01000015.1_29 
ARRN01000025.1_18 
ARRN01000015.1_30 
ARRN01000018.1_12 
ARRN01000001.1_11 
ARRN01000137.1_2 
ARRN01000001.1_49 
ARRN01000002.1_103 
ARRN01000008.1_31 
ARRN01000019.1_8 
ARRN01000013.1_54 
ARRN01000014.1_32 
ARRN01000014.1_6 
ARRN01000028.1_11 
ARRN01000212.1_1 
ARRN01000008.1_4 
ARRN01000011.1_40 
ARRN01000013.1_8 
ARRN01000023.1_2 
ARRN01000134.1_2 
ARRN01000004.1_18 
ARRN01000009.1_45 
ARRN01000010.1_37 
ARRN01000016.1_31 
ARRN01000064.1_3 
ARRN01000219.1_1 
ARRN01000012.1_23 
ARRN01000012.1_56 
ARRN01000015.1_12 
ARRN01000015.1_49 
ARRN01000015.1_5 
ARRN01000021.1_13 
ARRN01000047.1_4 
ARRN01000068.1_3 
ARRN01000101.1_2 
ARRN01000123.1_2 
ARRN01000018.1_30 
ARRN01000075.1_2 
ARRN01000098.1_1 
ARRN01000187.1_1 
ARRN01000002.1_86 
ARRN01000007.1_47 
ARRN01000009.1_37 
ARRN01000010.1_31 
ARRN01000012.1_25 
ARRN01000021.1_18 
ARRN01000021.1_19 
ARRN01000043.1_3 
ARRN01000079.1_2 
ARRN01000162.1_2 
ARRN01000168.1_2 
ARRN01000003.1_83 
ARRN01000012.1_55 
ARRN01000006.1_44 
ARRN01000008.1_10 
ARRN01000009.1_22 
ARRN01000098.1_2 
ARRN01000170.1_1 
ARRN01000001.1_113 
ARRN01000007.1_35 
ARRN01000011.1_48 
ARRN01000015.1_27 
ARRN01000002.1_85 
ARRN01000006.1_19 
ARRN01000006.1_22 
ARRN01000009.1_10 
ARRN01000163.1_1 
ARRN01000002.1_19 
ARRN01000002.1_25 
ARRN01000003.1_56 
ARRN01000014.1_8 
ARRN01000016.1_10 
ARRN01000001.1_64 
ARRN01000001.1_83 
ARRN01000001.1_97 
ARRN01000020.1_14 
ARRN01000020.1_28 
ARRN01000143.1_2 
ARRN01000009.1_46 
ARRN01000014.1_25 
ARRN01000020.1_7 
ARRN01000039.1_5 
ARRN01000010.1_26 
ARRN01000055.1_1 
ARRN01000002.1_32 
ARRN01000009.1_11 
ARRN01000057.1_1 
ARRN01000119.1_2 
ARRN01000009.1_9 
ARRN01000054.1_7 
ARRN01000002.1_87 
ARRN01000005.1_19 
ARRN01000013.1_48 
ARRN01000049.1_3 
ARRN01000052.1_1 
ARRN01000064.1_1 
ARRN01000007.1_42 
ARRN01000043.1_6 
ARRN01000116.1_1 
ARRN01000184.1_1 
ARRN01000193.1_1 
ARRN01000229.1_2 
ARRN01000002.1_84 
ARRN01000006.1_2 
ARRN01000009.1_36 
ARRN01000014.1_53 
ARRN01000166.1_1 
ARRN01000231.1_1 
ARRN01000005.1_31 
ARRN01000013.1_49 
ARRN01000017.1_4 
ARRN01000018.1_41 
ARRN01000113.1_1 
ARRN01000012.1_22 
ARRN01000024.1_14 
ARRN01000167.1_2 
ARRN01000217.1_1 
ARRN01000003.1_52 
ARRN01000106.1_1 
ARRN01000006.1_13 
ARRN01000061.1_1 
ARRN01000071.1_2 
ARRN01000133.1_1 
ARRN01000216.1_1 
ARRN01000005.1_57 
ARRN01000012.1_33 
ARRN01000147.1_2 
ARRN01000171.1_1 
ARRN01000007.1_16 
ARRN01000033.1_7 
ARRN01000002.1_58 
ARRN01000003.1_37 
ARRN01000004.1_17 
ARRN01000004.1_30 
ARRN01000009.1_40 
ARRN01000012.1_20 
ARRN01000160.1_1 
ARRN01000001.1_114 
ARRN01000002.1_72 
ARRN01000011.1_24 
ARRN01000011.1_38 
ARRN01000013.1_16 
ARRN01000020.1_13 
ARRN01000060.1_3 
ARRN01000001.1_60 
ARRN01000002.1_34 
ARRN01000002.1_98 
ARRN01000013.1_7 
ARRN01000016.1_11 
ARRN01000019.1_23 
ARRN01000120.1_2 
ARRN01000136.1_3 
ARRN01000005.1_41 
ARRN01000007.1_18 
ARRN01000009.1_21 
ARRN01000022.1_3 
ARRN01000009.1_23 
ARRN01000011.1_57 
ARRN01000070.1_1 
ARRN01000221.1_1 
ARRN01000002.1_70 
ARRN01000012.1_11 
ARRN01000014.1_19 
ARRN01000024.1_21 
ARRN01000026.1_16 
ARRN01000065.1_2 
ARRN01000178.1_1 
ARRN01000116.1_2 
ARRN01000191.1_1 
ARRN01000003.1_67 
ARRN01000013.1_46 
ARRN01000026.1_6 
ARRN01000030.1_3 
ARRN01000107.1_2 
ARRN01000048.1_4 
ARRN01000140.1_1 
ARRN01000003.1_76 
ARRN01000012.1_30 
ARRN01000123.1_1 
ARRN01000002.1_17 
ARRN01000004.1_19 
ARRN01000019.1_17 
ARRN01000004.1_12 
ARRN01000014.1_18 
ARRN01000017.1_14 
ARRN01000019.1_39 
ARRN01000022.1_17 
ARRN01000001.1_72 
ARRN01000001.1_79 
ARRN01000012.1_28 
ARRN01000022.1_11 
ARRN01000002.1_6 
ARRN01000015.1_8 
ARRN01000038.1_4 
ARRN01000038.1_5 
ARRN01000076.1_1 
ARRN01000047.1_5 
ARRN01000068.1_2 
ARRN01000082.1_3 
ARRN01000130.1_2 
ARRN01000148.1_2 
ARRN01000082.1_1 
ARRN01000141.1_2 
ARRN01000156.1_2 
ARRN01000002.1_77 
ARRN01000009.1_1 
ARRN01000019.1_37 
ARRN01000215.1_2 
ARRN01000001.1_95 
ARRN01000004.1_65 
ARRN01000009.1_30 
ARRN01000009.1_41 
ARRN01000013.1_57 
ARRN01000024.1_22 
ARRN01000023.1_21 
ARRN01000047.1_3 
ARRN01000113.1_2 
ARRN01000004.1_22 
ARRN01000013.1_12 
ARRN01000068.1_1 
ARRN01000012.1_5 
ARRN01000052.1_2 
ARRN01000073.1_2 
ARRN01000157.1_3 
ARRN01000176.1_1 
ARRN01000001.1_14 
ARRN01000003.1_55 
ARRN01000004.1_63 
ARRN01000009.1_35 
ARRN01000013.1_47 
ARRN01000017.1_1 
ARRN01000006.1_23 
ARRN01000084.1_2 
ARRN01000188.1_1 
ARRN01000002.1_46 
ARRN01000002.1_5 
ARRN01000022.1_4 
ARRN01000200.1_1 
ARRN01000005.1_61 
ARRN01000012.1_37 
ARRN01000145.1_1 
ARRN01000004.1_27 
ARRN01000013.1_67 
ARRN01000014.1_11 
ARRN01000024.1_19 
ARRN01000020.1_11 
ARRN01000036.1_4 
ARRN01000013.1_15 
ARRN01000013.1_19 
ARRN01000015.1_1 
ARRN01000078.1_1 
ARRN01000102.1_2 
ARRN01000128.1_3 
ARRN01000208.1_1 
ARRN01000002.1_95 
ARRN01000013.1_5 
ARRN01000016.1_21 
ARRN01000020.1_26 
ARRN01000108.1_1 
ARRN01000001.1_108 
ARRN01000017.1_34 
ARRN01000020.1_25 
ARRN01000195.1_1 
ARRN01000009.1_27 
ARRN01000066.1_5 
ARRN01000002.1_51 
ARRN01000007.1_46 
ARRN01000015.1_17 
ARRN01000016.1_9 
ARRN01000017.1_5 
ARRN01000024.1_10 
ARRN01000015.1_40 
ARRN01000022.1_25 
ARRN01000031.1_9 
ARRN01000120.1_1 
ARRN01000018.1_27 
ARRN01000024.1_9 
ARRN01000119.1_1 
ARRN01000128.1_1 
ARRN01000189.1_2 
ARRN01000002.1_96 
ARRN01000013.1_26 
ARRN01000014.1_20 
ARRN01000023.1_6 
ARRN01000004.1_11 
ARRN01000047.1_1 
ARRN01000230.1_2 
ARRN01000008.1_58 
ARRN01000021.1_4 
ARRN01000105.1_1 
ARRN01000110.1_1 
ARRN01000195.1_2 
ARRN01000001.1_28 
ARRN01000004.1_58 
ARRN01000009.1_60 
ARRN01000047.1_7 
ARRN01000006.1_26 
ARRN01000002.1_1 
ARRN01000003.1_59 
ARRN01000003.1_90 
ARRN01000002.1_33 
ARRN01000006.1_12 
ARRN01000016.1_49 
ARRN01000024.1_7 
ARRN01000029.1_12 
ARRN01000047.1_6 
ARRN01000126.1_2 
ARRN01000188.1_2 
ARRN01000213.1_1 
ARRN01000007.1_8 
ARRN01000003.1_49 
ARRN01000006.1_33 
ARRN01000007.1_7 
ARRN01000012.1_6 
ARRN01000051.1_5 
ARRN01000004.1_41 
ARRN01000010.1_28 
ARRN01000013.1_69 
ARRN01000016.1_22 
ARRN01000016.1_3 
ARRN01000021.1_5 
ARRN01000110.1_2 
ARRN01000009.1_6 
ARRN01000023.1_10 
ARRN01000088.1_2 
ARRN01000003.1_19 
ARRN01000106.1_2 
ARRN01000003.1_43 
ARRN01000006.1_21 
ARRN01000014.1_17 
ARRN01000024.1_23 
ARRN01000036.1_5 
ARRN01000072.1_1 
ARRN01000110.1_3 
ARRN01000114.1_2 
ARRN01000133.1_2 
ARRN01000169.1_1 
ARRN01000164.1_2 
ARRN01000010.1_21 
ARRN01000024.1_26 
ARRN01000102.1_1 
ARRN01000130.1_1 
ARRN01000142.1_3 
ARRN01000169.1_3 
ARRN01000211.1_1 
ARRN01000228.1_2 
ARRN01000012.1_62 
ARRN01000013.1_24 
ARRN01000015.1_13 
ARRN01000015.1_39 
ARRN01000023.1_18 
ARRN01000036.1_8 
ARRN01000141.1_1 
ARRN01000203.1_2 
ARRN01000021.1_7 
ARRN01000164.1_1 
ARRN01000017.1_27 
ARRN01000053.1_4 
ARRN01000148.1_1 
ARRN01000001.1_10 
ARRN01000054.1_8 
ARRN01000156.1_3 
ARRN01000002.1_55 
ARRN01000003.1_30 
ARRN01000018.1_37 
ARRN01000166.1_2 
ARRN01000001.1_90 
ARRN01000015.1_45 
ARRN01000054.1_3 
ARRN01000002.1_15 
ARRN01000007.1_26 
ARRN01000020.1_9 
ARRN01000023.1_12 
ARRN01000038.1_6 
ARRN01000040.1_1 
ARRN01000049.1_5 
ARRN01000076.1_3 
ARRN01000089.1_3 
ARRN01000209.1_2 
ARRN01000008.1_53 
ARRN01000009.1_7 
ARRN01000012.1_49 
ARRN01000015.1_47 
ARRN01000021.1_6 
ARRN01000025.1_4 
ARRN01000053.1_1 
ARRN01000128.1_2 
ARRN01000230.1_1 
ARRN01000044.1_6 
ARRN01000094.1_1 
ARRN01000004.1_62 
ARRN01000024.1_4 
ARRN01000001.1_75 
ARRN01000001.1_96 
ARRN01000013.1_68 
ARRN01000051.1_3 
ARRN01000135.1_1 
ARRN01000007.1_9 
ARRN01000011.1_56 
ARRN01000013.1_17 
ARRN01000017.1_11 
ARRN01000203.1_1 
ARRN01000012.1_64 
ARRN01000134.1_1 
ARRN01000143.1_1 
ARRN01000145.1_2 
ARRN01000180.1_1 
ARRN01000003.1_57 
ARRN01000005.1_33 
ARRN01000012.1_7 
ARRN01000025.1_1 
ARRN01000081.1_2 
ARRN01000125.1_1 
ARRN01000157.1_2 
ARRN01000013.1_20 
ARRN01000018.1_21 
ARRN01000038.1_3 
ARRN01000002.1_8 
ARRN01000112.1_2 
ARRN01000136.1_2 
ARRN01000001.1_123 
ARRN01000003.1_8 
ARRN01000013.1_18 
ARRN01000042.1_3 
ARRN01000215.1_1 
ARRN01000001.1_93 
ARRN01000013.1_64 
ARRN01000016.1_44 
ARRN01000017.1_13 
ARRN01000079.1_3 
ARRN01000086.1_1 
ARRN01000003.1_33 
ARRN01000011.1_3 
ARRN01000011.1_58 
ARRN01000012.1_12 
ARRN01000013.1_23 
ARRN01000018.1_15 
ARRN01000029.1_11 
ARRN01000042.1_4 
ARRN01000066.1_1 
ARRN01000066.1_4 
ARRN01000093.1_1 
ARRN01000108.1_2 
ARRN01000136.1_1 
ARRN01000176.1_2 
ARRN01000184.1_2 
ARRN01000142.1_2 
ARRN01000199.1_1 
ARRN01000012.1_60 
ARRN01000013.1_65 
ARRN01000167.1_1 
ARRN01000002.1_56 
ARRN01000019.1_7 
ARRN01000168.1_1 
ARRN01000002.1_104 
ARRN01000047.1_2 
ARRN01000228.1_1 
ARRN01000011.1_16 
ARRN01000013.1_3 
ARRN01000039.1_6 
ARRN01000007.1_24 
ARRN01000013.1_42 
ARRN01000018.1_7 
ARRN01000137.1_1 
ARRN01000013.1_60 
ARRN01000013.1_9 
ARRN01000020.1_10 
ARRN01000005.1_34 
ARRN01000044.1_1 
ARRN01000054.1_6 
ARRN01000209.1_1 
ARRN01000007.1_25 
ARRN01000080.1_3 
ARRN01000019.1_6 
ARRN01000142.1_4 
ARRN01000014.1_52 
ARRN01000054.1_5 
ARRN01000153.1_2 
ARRN01000160.1_2 
ARRN01000199.1_2 
ARRN01000006.1_1 
ARRN01000024.1_24 
ARRN01000157.1_1 
ARRN01000162.1_1 
ARRN01000013.1_1 
ARRN01000020.1_12 
ARRN01000020.1_8 
ARRN01000026.1_5 
ARRN01000216.1_2 
ARRN01000177.1_1 
ARRN01000213.1_2 
ARRN01000005.1_1 
ARRN01000054.1_4 
ARRN01000066.1_2 
ARRN01000023.1_5 
ARRN01000122.1_1 
ARRN01000127.1_2 
ARRN01000146.1_1 
ARRN01000003.1_26 
ARRN01000006.1_45 
ARRN01000018.1_25 
ARRN01000012.1_63 
ARRN01000068.1_4 
ARRN01000159.1_1 
ARRN01000180.1_2 
ARRN01000054.1_1 
ARRN01000142.1_1 
ARRN01000170.1_2 
ARRN01000013.1_70 
ARRN01000032.1_1 
ARRN01000077.1_1 
ARRN01000043.1_1 
ARRN01000203.1_3 
ARRN01000187.1_2 
ARRN01000020.1_34 
ARRN01000066.1_6 
ARRN01000080.1_1 
ARRN01000152.1_1 
ARRN01000173.1_1 
ARRN01000005.1_29 
ARRN01000012.1_3 
ARRN01000100.1_1 
ARRN01000169.1_2 
ARRN01000077.1_4 
ARRN01000194.1_2 
ARRN01000120.1_3 
ARRN01000151.1_2 
ARRN01000176.1_3 
ARRN01000189.1_1 
ARRN01000229.1_1 
ARRN01000099.1_2 
ARRN01000057.1_4 
ARRN01000221.1_2 
ARRN01000156.1_1 
ARRN01000155.1_1 
ARRN01000192.1_2 
ARRN01000007.1_65 
ARRN01000047.1_8 
ARRN01000171.1_2 
