AQSI01000001.1_327 AQSI01000002.1_64 AQSI01000001.1_102 AQSI01000001.1_5 AQSI01000001.1_3 AQSI01000003.1_26 AQSI01000001.1_101 AQSI01000003.1_119 
AQSI01000001.1_126 AQSI01000001.1_312 AQSI01000001.1_303 AQSI01000004.1_39 AQSI01000002.1_24 
AQSI01000001.1_387 AQSI01000001.1_284 AQSI01000003.1_10 AQSI01000001.1_320 
AQSI01000001.1_13 AQSI01000001.1_244 AQSI01000001.1_246 
AQSI01000002.1_129 AQSI01000006.1_1 
AQSI01000003.1_60 AQSI01000001.1_77 
AQSI01000004.1_19 AQSI01000001.1_74 
AQSI01000002.1_156 AQSI01000003.1_113 
AQSI01000007.1_4 AQSI01000001.1_352 
AQSI01000003.1_103 AQSI01000002.1_269 
AQSI01000006.1_3 AQSI01000002.1_133 
AQSI01000001.1_134 AQSI01000004.1_35 
AQSI01000001.1_298 AQSI01000003.1_87 
AQSI01000003.1_108 AQSI01000004.1_49 
AQSI01000007.1_5 AQSI01000001.1_351 
AQSI01000001.1_386 AQSI01000001.1_168 
AQSI01000002.1_86 AQSI01000002.1_85 
AQSI01000001.1_65 AQSI01000001.1_59 
AQSI01000006.1_2 AQSI01000002.1_128 
AQSI01000002.1_167 AQSI01000004.1_75 
AQSI01000001.1_196 AQSI01000001.1_197 
AQSI01000002.1_113 AQSI01000003.1_8 
AQSI01000002.1_110 AQSI01000002.1_111 
AQSI01000001.1_87 
AQSI01000001.1_365 
AQSI01000002.1_241 
AQSI01000002.1_242 
AQSI01000002.1_87 
AQSI01000004.1_60 
AQSI01000001.1_132 
AQSI01000001.1_4 
AQSI01000003.1_104 
AQSI01000001.1_151 
AQSI01000001.1_104 
AQSI01000001.1_93 
AQSI01000001.1_123 
AQSI01000001.1_152 
AQSI01000001.1_316 
AQSI01000003.1_42 
AQSI01000001.1_358 
AQSI01000004.1_63 
AQSI01000001.1_297 
AQSI01000001.1_110 
AQSI01000001.1_122 
AQSI01000001.1_207 
AQSI01000001.1_325 
AQSI01000003.1_155 
AQSI01000001.1_180 
AQSI01000002.1_124 
AQSI01000001.1_252 
AQSI01000001.1_293 
AQSI01000001.1_189 
AQSI01000004.1_61 
AQSI01000001.1_177 
AQSI01000001.1_46 
AQSI01000002.1_135 
AQSI01000001.1_106 
AQSI01000004.1_128 
AQSI01000001.1_228 
AQSI01000002.1_100 
AQSI01000003.1_154 
AQSI01000004.1_59 
AQSI01000003.1_62 
AQSI01000002.1_146 
AQSI01000001.1_16 
AQSI01000001.1_155 
AQSI01000002.1_255 
AQSI01000001.1_281 
AQSI01000003.1_130 
AQSI01000004.1_123 
AQSI01000002.1_92 
AQSI01000002.1_91 
AQSI01000001.1_370 
AQSI01000003.1_185 
AQSI01000003.1_35 
AQSI01000003.1_175 
AQSI01000001.1_295 
AQSI01000002.1_238 
AQSI01000001.1_55 
AQSI01000002.1_141 
AQSI01000003.1_89 
AQSI01000001.1_374 
AQSI01000002.1_131 
AQSI01000001.1_215 
AQSI01000001.1_127 
AQSI01000004.1_109 
AQSI01000003.1_57 
AQSI01000001.1_176 
AQSI01000002.1_95 
AQSI01000001.1_8 
AQSI01000001.1_192 
AQSI01000003.1_136 
AQSI01000004.1_40 
AQSI01000001.1_258 
AQSI01000004.1_31 
AQSI01000002.1_152 
AQSI01000004.1_18 
AQSI01000001.1_324 
AQSI01000001.1_173 
AQSI01000004.1_121 
AQSI01000001.1_68 
AQSI01000001.1_58 
AQSI01000003.1_152 
AQSI01000001.1_26 
AQSI01000003.1_73 
AQSI01000002.1_51 
AQSI01000001.1_111 
AQSI01000003.1_102 
AQSI01000001.1_338 
AQSI01000002.1_19 
AQSI01000003.1_164 
AQSI01000001.1_360 
AQSI01000003.1_76 
AQSI01000002.1_103 
AQSI01000004.1_115 
AQSI01000001.1_381 
AQSI01000002.1_10 
AQSI01000001.1_354 
AQSI01000001.1_388 
AQSI01000001.1_251 
AQSI01000002.1_62 
AQSI01000004.1_122 
AQSI01000004.1_96 
AQSI01000002.1_173 
AQSI01000002.1_262 
AQSI01000002.1_82 
AQSI01000001.1_262 
AQSI01000002.1_61 
AQSI01000001.1_171 
AQSI01000002.1_3 
AQSI01000004.1_23 
AQSI01000003.1_71 
AQSI01000003.1_168 
AQSI01000001.1_119 
AQSI01000003.1_126 
AQSI01000003.1_50 
AQSI01000002.1_46 
AQSI01000001.1_373 
AQSI01000002.1_194 
AQSI01000003.1_83 
AQSI01000001.1_308 
AQSI01000004.1_124 
AQSI01000003.1_109 
AQSI01000004.1_114 
AQSI01000002.1_164 
AQSI01000003.1_70 
AQSI01000001.1_350 
AQSI01000003.1_88 
AQSI01000001.1_79 
AQSI01000001.1_165 
AQSI01000003.1_79 
AQSI01000001.1_276 
AQSI01000002.1_44 
AQSI01000004.1_129 
AQSI01000001.1_288 
AQSI01000004.1_34 
AQSI01000004.1_36 
AQSI01000002.1_147 
AQSI01000004.1_102 
AQSI01000001.1_146 
AQSI01000002.1_165 
AQSI01000001.1_161 
AQSI01000001.1_61 
AQSI01000003.1_129 
AQSI01000003.1_161 
AQSI01000004.1_85 
AQSI01000001.1_108 
AQSI01000002.1_191 
AQSI01000001.1_91 
AQSI01000002.1_195 
AQSI01000001.1_300 
AQSI01000002.1_79 
AQSI01000002.1_175 
AQSI01000003.1_40 
AQSI01000001.1_186 
AQSI01000001.1_56 
AQSI01000004.1_100 
AQSI01000002.1_37 
AQSI01000002.1_29 
AQSI01000003.1_97 
AQSI01000004.1_90 
AQSI01000002.1_66 
AQSI01000003.1_43 
AQSI01000002.1_251 
AQSI01000001.1_147 
AQSI01000003.1_142 
AQSI01000002.1_266 
AQSI01000004.1_47 
AQSI01000001.1_160 
AQSI01000001.1_54 
AQSI01000002.1_196 
AQSI01000002.1_58 
AQSI01000004.1_65 
AQSI01000003.1_184 
AQSI01000008.1_3 
AQSI01000001.1_170 
AQSI01000002.1_190 
AQSI01000002.1_204 
AQSI01000002.1_15 
AQSI01000003.1_139 
AQSI01000004.1_3 
AQSI01000001.1_294 
AQSI01000002.1_69 
AQSI01000003.1_148 
AQSI01000004.1_30 
AQSI01000004.1_80 
AQSI01000001.1_292 
AQSI01000004.1_11 
AQSI01000001.1_162 
AQSI01000001.1_174 
AQSI01000001.1_20 
AQSI01000001.1_254 
AQSI01000004.1_53 
AQSI01000004.1_82 
AQSI01000001.1_172 
AQSI01000001.1_313 
AQSI01000004.1_112 
AQSI01000001.1_137 
AQSI01000001.1_154 
AQSI01000002.1_16 
AQSI01000003.1_64 
AQSI01000004.1_81 
AQSI01000001.1_142 
AQSI01000002.1_159 
AQSI01000002.1_181 
AQSI01000004.1_83 
AQSI01000001.1_301 
AQSI01000002.1_89 
AQSI01000001.1_25 
AQSI01000001.1_385 
AQSI01000002.1_73 
AQSI01000001.1_305 
AQSI01000002.1_32 
AQSI01000003.1_96 
AQSI01000002.1_197 
AQSI01000002.1_13 
AQSI01000001.1_157 
AQSI01000001.1_304 
AQSI01000005.1_12 
AQSI01000001.1_138 
AQSI01000001.1_260 
AQSI01000002.1_14 
AQSI01000001.1_153 
AQSI01000003.1_145 
AQSI01000003.1_162 
AQSI01000002.1_123 
AQSI01000002.1_72 
AQSI01000004.1_107 
AQSI01000003.1_117 
AQSI01000004.1_8 
AQSI01000001.1_105 
AQSI01000001.1_120 
AQSI01000002.1_11 
AQSI01000003.1_65 
AQSI01000003.1_157 
AQSI01000004.1_2 
AQSI01000009.1_2 
AQSI01000001.1_239 
AQSI01000002.1_200 
AQSI01000003.1_46 
AQSI01000004.1_4 
AQSI01000002.1_203 
AQSI01000004.1_110 
AQSI01000001.1_32 
AQSI01000004.1_41 
AQSI01000001.1_136 
AQSI01000001.1_188 
AQSI01000001.1_224 
AQSI01000004.1_68 
AQSI01000001.1_66 
AQSI01000002.1_250 
AQSI01000001.1_384 
AQSI01000001.1_63 
AQSI01000001.1_339 
AQSI01000001.1_275 
AQSI01000001.1_235 
AQSI01000001.1_359 
AQSI01000001.1_286 
AQSI01000001.1_302 
AQSI01000003.1_125 
AQSI01000005.1_10 
AQSI01000002.1_108 
AQSI01000001.1_139 
AQSI01000004.1_37 
AQSI01000004.1_69 
AQSI01000001.1_210 
AQSI01000001.1_92 
AQSI01000003.1_140 
AQSI01000001.1_234 
AQSI01000001.1_270 
AQSI01000003.1_61 
AQSI01000004.1_38 
AQSI01000002.1_52 
AQSI01000001.1_190 
AQSI01000001.1_317 
AQSI01000003.1_156 
AQSI01000004.1_92 
AQSI01000001.1_277 
AQSI01000003.1_86 
AQSI01000001.1_115 
AQSI01000003.1_95 
AQSI01000001.1_253 
AQSI01000003.1_163 
AQSI01000001.1_175 
AQSI01000001.1_226 
AQSI01000001.1_201 
AQSI01000003.1_22 
AQSI01000001.1_113 
AQSI01000001.1_124 
AQSI01000002.1_105 
AQSI01000002.1_140 
AQSI01000003.1_150 
AQSI01000003.1_179 
AQSI01000003.1_112 
AQSI01000001.1_203 
AQSI01000001.1_129 
AQSI01000001.1_35 
AQSI01000001.1_367 
AQSI01000003.1_141 
AQSI01000002.1_27 
AQSI01000003.1_11 
AQSI01000002.1_256 
AQSI01000001.1_183 
AQSI01000001.1_51 
AQSI01000001.1_145 
AQSI01000005.1_8 
AQSI01000001.1_287 
AQSI01000001.1_356 
AQSI01000004.1_28 
AQSI01000002.1_47 
AQSI01000001.1_319 
AQSI01000001.1_209 
AQSI01000001.1_366 
AQSI01000001.1_150 
AQSI01000003.1_165 
AQSI01000001.1_156 
AQSI01000002.1_7 
AQSI01000002.1_149 
AQSI01000001.1_222 
AQSI01000002.1_90 
AQSI01000001.1_50 
AQSI01000001.1_85 
AQSI01000001.1_199 
AQSI01000001.1_257 
AQSI01000003.1_9 
AQSI01000002.1_70 
AQSI01000001.1_57 
AQSI01000001.1_221 
AQSI01000002.1_186 
AQSI01000001.1_166 
AQSI01000004.1_106 
AQSI01000001.1_274 
AQSI01000001.1_280 
AQSI01000003.1_80 
AQSI01000001.1_230 
AQSI01000002.1_116 
AQSI01000002.1_264 
AQSI01000004.1_9 
AQSI01000001.1_208 
AQSI01000001.1_34 
AQSI01000003.1_12 
AQSI01000004.1_42 
AQSI01000004.1_78 
AQSI01000001.1_369 
AQSI01000002.1_158 
AQSI01000004.1_118 
AQSI01000001.1_202 
AQSI01000003.1_33 
AQSI01000002.1_99 
AQSI01000003.1_127 
AQSI01000004.1_127 
AQSI01000002.1_18 
AQSI01000001.1_158 
AQSI01000001.1_326 
AQSI01000001.1_383 
AQSI01000002.1_154 
AQSI01000002.1_33 
AQSI01000003.1_49 
AQSI01000001.1_240 
AQSI01000001.1_346 
AQSI01000001.1_364 
AQSI01000001.1_69 
AQSI01000003.1_107 
AQSI01000004.1_120 
AQSI01000001.1_128 
AQSI01000001.1_376 
AQSI01000002.1_170 
AQSI01000002.1_208 
AQSI01000002.1_265 
AQSI01000004.1_62 
AQSI01000001.1_212 
AQSI01000001.1_382 
AQSI01000005.1_1 
AQSI01000002.1_193 
AQSI01000003.1_115 
AQSI01000003.1_116 
AQSI01000001.1_112 
AQSI01000001.1_261 
AQSI01000001.1_269 
AQSI01000001.1_340 
AQSI01000002.1_143 
AQSI01000001.1_329 
AQSI01000001.1_355 
AQSI01000003.1_32 
AQSI01000003.1_94 
AQSI01000004.1_104 
AQSI01000004.1_93 
AQSI01000003.1_92 
AQSI01000001.1_82 
AQSI01000002.1_20 
AQSI01000003.1_101 
AQSI01000002.1_23 
AQSI01000002.1_65 
AQSI01000003.1_143 
AQSI01000004.1_52 
AQSI01000001.1_314 
AQSI01000001.1_337 
AQSI01000003.1_53 
AQSI01000003.1_85 
AQSI01000001.1_231 
AQSI01000002.1_205 
AQSI01000004.1_13 
AQSI01000001.1_256 
AQSI01000003.1_5 
AQSI01000001.1_86 
AQSI01000002.1_151 
AQSI01000004.1_51 
AQSI01000001.1_267 
AQSI01000001.1_114 
AQSI01000004.1_77 
AQSI01000002.1_55 
AQSI01000002.1_41 
AQSI01000002.1_17 
AQSI01000002.1_49 
AQSI01000003.1_134 
AQSI01000003.1_147 
AQSI01000001.1_247 
AQSI01000003.1_120 
AQSI01000001.1_336 
AQSI01000001.1_372 
AQSI01000003.1_39 
AQSI01000003.1_111 
AQSI01000003.1_124 
AQSI01000003.1_4 
AQSI01000004.1_43 
AQSI01000005.1_2 
AQSI01000002.1_54 
AQSI01000004.1_16 
AQSI01000001.1_299 
AQSI01000001.1_7 
AQSI01000002.1_102 
AQSI01000002.1_172 
AQSI01000002.1_67 
AQSI01000002.1_83 
AQSI01000001.1_182 
AQSI01000002.1_56 
AQSI01000004.1_15 
AQSI01000001.1_18 
AQSI01000001.1_268 
AQSI01000001.1_53 
AQSI01000001.1_96 
AQSI01000001.1_98 
AQSI01000004.1_44 
AQSI01000008.1_2 
AQSI01000002.1_25 
AQSI01000002.1_4 
AQSI01000001.1_184 
AQSI01000003.1_55 
AQSI01000004.1_32 
AQSI01000005.1_13 
AQSI01000001.1_255 
AQSI01000001.1_44 
AQSI01000001.1_133 
AQSI01000001.1_211 
AQSI01000001.1_37 
AQSI01000002.1_168 
AQSI01000001.1_238 
AQSI01000001.1_342 
AQSI01000001.1_362 
AQSI01000002.1_127 
AQSI01000002.1_233 
AQSI01000003.1_48 
AQSI01000003.1_69 
AQSI01000001.1_309 
AQSI01000001.1_272 
AQSI01000005.1_11 
AQSI01000001.1_36 
AQSI01000001.1_185 
AQSI01000002.1_78 
AQSI01000003.1_13 
AQSI01000002.1_12 
AQSI01000003.1_132 
AQSI01000003.1_183 
AQSI01000002.1_216 
AQSI01000003.1_180 
AQSI01000004.1_56 
AQSI01000001.1_39 
AQSI01000002.1_8 
AQSI01000001.1_83 
AQSI01000002.1_28 
AQSI01000002.1_157 
AQSI01000002.1_71 
AQSI01000001.1_204 
AQSI01000001.1_78 
AQSI01000004.1_33 
AQSI01000002.1_215 
AQSI01000002.1_57 
AQSI01000003.1_99 
AQSI01000001.1_283 
AQSI01000001.1_29 
AQSI01000001.1_72 
AQSI01000001.1_125 
AQSI01000001.1_341 
AQSI01000001.1_70 
AQSI01000002.1_166 
AQSI01000001.1_193 
AQSI01000001.1_290 
AQSI01000001.1_289 
AQSI01000001.1_363 
AQSI01000003.1_138 
AQSI01000004.1_95 
AQSI01000009.1_4 
AQSI01000004.1_5 
AQSI01000001.1_49 
AQSI01000002.1_189 
AQSI01000004.1_101 
AQSI01000001.1_28 
AQSI01000001.1_328 
AQSI01000002.1_21 
AQSI01000002.1_213 
AQSI01000002.1_169 
AQSI01000001.1_259 
AQSI01000003.1_114 
AQSI01000003.1_144 
AQSI01000003.1_158 
AQSI01000003.1_28 
AQSI01000003.1_78 
AQSI01000004.1_76 
AQSI01000001.1_330 
AQSI01000001.1_62 
AQSI01000001.1_84 
AQSI01000002.1_202 
AQSI01000002.1_261 
AQSI01000002.1_270 
AQSI01000001.1_2 
AQSI01000001.1_343 
AQSI01000001.1_315 
AQSI01000002.1_176 
AQSI01000001.1_109 
AQSI01000002.1_259 
AQSI01000002.1_263 
AQSI01000004.1_105 
AQSI01000001.1_116 
AQSI01000001.1_149 
AQSI01000001.1_248 
AQSI01000001.1_377 
AQSI01000003.1_173 
AQSI01000003.1_30 
AQSI01000003.1_93 
AQSI01000001.1_236 
AQSI01000002.1_252 
AQSI01000002.1_94 
AQSI01000004.1_87 
AQSI01000001.1_10 
AQSI01000001.1_121 
AQSI01000001.1_223 
AQSI01000001.1_266 
AQSI01000001.1_38 
AQSI01000002.1_150 
AQSI01000005.1_5 
AQSI01000004.1_119 
AQSI01000001.1_279 
AQSI01000001.1_379 
AQSI01000002.1_148 
AQSI01000002.1_187 
AQSI01000004.1_117 
AQSI01000001.1_48 
AQSI01000004.1_116 
AQSI01000001.1_195 
AQSI01000002.1_59 
AQSI01000001.1_213 
AQSI01000001.1_227 
AQSI01000002.1_2 
AQSI01000001.1_307 
AQSI01000002.1_199 
AQSI01000003.1_176 
AQSI01000003.1_177 
AQSI01000003.1_58 
AQSI01000002.1_245 
AQSI01000003.1_14 
AQSI01000001.1_144 
AQSI01000004.1_70 
AQSI01000002.1_134 
AQSI01000001.1_22 
AQSI01000002.1_50 
AQSI01000001.1_178 
AQSI01000001.1_191 
AQSI01000002.1_80 
AQSI01000003.1_51 
AQSI01000004.1_25 
AQSI01000001.1_380 
AQSI01000003.1_2 
AQSI01000004.1_6 
AQSI01000001.1_200 
AQSI01000001.1_9 
AQSI01000003.1_41 
AQSI01000004.1_26 
AQSI01000001.1_100 
AQSI01000002.1_118 
AQSI01000002.1_106 
AQSI01000002.1_144 
AQSI01000003.1_170 
AQSI01000002.1_230 
AQSI01000001.1_24 
AQSI01000001.1_99 
AQSI01000004.1_67 
AQSI01000004.1_73 
AQSI01000003.1_15 
AQSI01000003.1_68 
AQSI01000004.1_125 
AQSI01000004.1_29 
AQSI01000009.1_3 
AQSI01000002.1_60 
AQSI01000002.1_132 
AQSI01000003.1_77 
AQSI01000004.1_7 
AQSI01000002.1_236 
AQSI01000004.1_50 
AQSI01000002.1_235 
AQSI01000003.1_34 
AQSI01000003.1_59 
AQSI01000001.1_194 
AQSI01000001.1_94 
AQSI01000002.1_209 
AQSI01000002.1_88 
AQSI01000001.1_335 
AQSI01000001.1_19 
AQSI01000001.1_198 
AQSI01000003.1_45 
AQSI01000003.1_98 
AQSI01000002.1_75 
AQSI01000003.1_37 
AQSI01000004.1_94 
AQSI01000001.1_76 
AQSI01000002.1_162 
AQSI01000004.1_24 
AQSI01000004.1_71 
AQSI01000001.1_265 
AQSI01000002.1_257 
AQSI01000003.1_54 
AQSI01000004.1_57 
AQSI01000001.1_271 
AQSI01000001.1_33 
AQSI01000004.1_88 
AQSI01000001.1_243 
AQSI01000001.1_88 
AQSI01000001.1_245 
AQSI01000003.1_172 
AQSI01000002.1_22 
AQSI01000002.1_224 
AQSI01000001.1_285 
AQSI01000001.1_21 
AQSI01000004.1_17 
AQSI01000001.1_163 
AQSI01000001.1_75 
AQSI01000001.1_89 
AQSI01000001.1_214 
AQSI01000002.1_42 
AQSI01000003.1_81 
AQSI01000004.1_111 
AQSI01000003.1_100 
AQSI01000003.1_131 
AQSI01000003.1_18 
AQSI01000005.1_6 
AQSI01000001.1_237 
AQSI01000004.1_130 
AQSI01000004.1_45 
AQSI01000003.1_181 
AQSI01000003.1_24 
AQSI01000003.1_84 
AQSI01000004.1_12 
AQSI01000001.1_11 
AQSI01000002.1_114 
AQSI01000004.1_58 
AQSI01000001.1_12 
AQSI01000001.1_242 
AQSI01000002.1_155 
AQSI01000002.1_253 
AQSI01000002.1_254 
AQSI01000002.1_35 
AQSI01000002.1_81 
AQSI01000001.1_14 
AQSI01000001.1_148 
AQSI01000001.1_206 
AQSI01000002.1_136 
AQSI01000001.1_273 
AQSI01000001.1_310 
AQSI01000001.1_349 
AQSI01000002.1_137 
AQSI01000002.1_214 
AQSI01000002.1_221 
AQSI01000004.1_108 
AQSI01000010.1_6 
AQSI01000001.1_17 
AQSI01000003.1_160 
AQSI01000003.1_3 
AQSI01000001.1_90 
AQSI01000002.1_179 
AQSI01000002.1_247 
AQSI01000003.1_44 
AQSI01000001.1_311 
AQSI01000001.1_375 
AQSI01000001.1_378 
AQSI01000001.1_43 
AQSI01000005.1_3 
AQSI01000002.1_160 
AQSI01000003.1_31 
AQSI01000002.1_6 
AQSI01000006.1_4 
AQSI01000001.1_229 
AQSI01000002.1_244 
AQSI01000007.1_6 
AQSI01000001.1_241 
AQSI01000001.1_41 
AQSI01000003.1_19 
AQSI01000005.1_9 
AQSI01000002.1_30 
AQSI01000003.1_169 
AQSI01000003.1_91 
AQSI01000001.1_348 
AQSI01000002.1_161 
AQSI01000002.1_219 
AQSI01000001.1_73 
AQSI01000003.1_38 
AQSI01000002.1_184 
AQSI01000001.1_322 
AQSI01000002.1_26 
AQSI01000003.1_187 
AQSI01000004.1_64 
AQSI01000004.1_126 
AQSI01000004.1_89 
AQSI01000001.1_179 
AQSI01000001.1_181 
AQSI01000002.1_171 
AQSI01000003.1_36 
AQSI01000002.1_31 
AQSI01000007.1_2 
AQSI01000008.1_4 
AQSI01000003.1_110 
AQSI01000003.1_137 
AQSI01000001.1_45 
AQSI01000002.1_153 
AQSI01000002.1_174 
AQSI01000002.1_185 
AQSI01000002.1_9 
AQSI01000003.1_23 
AQSI01000002.1_239 
AQSI01000003.1_72 
AQSI01000002.1_258 
AQSI01000004.1_46 
AQSI01000003.1_151 
AQSI01000003.1_82 
AQSI01000001.1_220 
AQSI01000001.1_371 
AQSI01000002.1_77 
AQSI01000004.1_1 
AQSI01000002.1_180 
AQSI01000003.1_133 
AQSI01000004.1_113 
AQSI01000001.1_318 
AQSI01000002.1_182 
AQSI01000002.1_93 
AQSI01000004.1_66 
AQSI01000002.1_271 
AQSI01000004.1_97 
AQSI01000008.1_5 
AQSI01000001.1_218 
AQSI01000001.1_97 
AQSI01000003.1_74 
AQSI01000001.1_117 
AQSI01000001.1_169 
AQSI01000002.1_38 
AQSI01000003.1_106 
AQSI01000001.1_250 
AQSI01000002.1_48 
AQSI01000003.1_29 
AQSI01000003.1_56 
AQSI01000001.1_249 
AQSI01000002.1_206 
AQSI01000003.1_166 
AQSI01000004.1_54 
AQSI01000001.1_233 
AQSI01000001.1_282 
AQSI01000002.1_260 
AQSI01000003.1_67 
AQSI01000001.1_219 
AQSI01000001.1_232 
AQSI01000002.1_217 
AQSI01000003.1_63 
AQSI01000005.1_7 
AQSI01000002.1_246 
AQSI01000001.1_23 
AQSI01000001.1_64 
AQSI01000002.1_177 
AQSI01000002.1_207 
AQSI01000001.1_357 
AQSI01000002.1_229 
AQSI01000003.1_186 
AQSI01000001.1_1 
AQSI01000002.1_74 
AQSI01000003.1_52 
AQSI01000001.1_27 
AQSI01000001.1_71 
AQSI01000002.1_40 
AQSI01000003.1_17 
AQSI01000001.1_130 
AQSI01000002.1_188 
AQSI01000002.1_192 
AQSI01000001.1_31 
AQSI01000002.1_84 
AQSI01000004.1_99 
AQSI01000007.1_1 
AQSI01000010.1_4 
AQSI01000002.1_222 
AQSI01000003.1_159 
AQSI01000004.1_55 
AQSI01000001.1_159 
AQSI01000001.1_164 
AQSI01000003.1_123 
AQSI01000007.1_3 
AQSI01000002.1_107 
AQSI01000004.1_84 
AQSI01000002.1_68 
AQSI01000004.1_74 
AQSI01000010.1_7 
AQSI01000002.1_117 
AQSI01000002.1_210 
AQSI01000004.1_131 
AQSI01000003.1_105 
AQSI01000001.1_131 
AQSI01000002.1_211 
AQSI01000002.1_243 
AQSI01000002.1_5 
AQSI01000004.1_72 
AQSI01000004.1_48 
AQSI01000001.1_80 
AQSI01000002.1_126 
AQSI01000002.1_240 
AQSI01000003.1_122 
AQSI01000001.1_15 
AQSI01000003.1_16 
AQSI01000002.1_226 
AQSI01000002.1_63 
AQSI01000003.1_66 
AQSI01000002.1_112 
AQSI01000004.1_98 
AQSI01000005.1_4 
AQSI01000002.1_220 
AQSI01000001.1_216 
AQSI01000002.1_198 
AQSI01000001.1_107 
AQSI01000001.1_264 
AQSI01000002.1_201 
AQSI01000002.1_98 
AQSI01000001.1_60 
AQSI01000002.1_139 
AQSI01000002.1_145 
AQSI01000001.1_344 
AQSI01000001.1_40 
AQSI01000002.1_109 
AQSI01000003.1_174 
AQSI01000001.1_333 
AQSI01000001.1_167 
AQSI01000002.1_231 
AQSI01000001.1_47 
AQSI01000003.1_146 
AQSI01000001.1_118 
AQSI01000002.1_96 
AQSI01000001.1_278 
AQSI01000003.1_75 
AQSI01000003.1_178 
AQSI01000001.1_187 
AQSI01000001.1_296 
AQSI01000002.1_163 
AQSI01000002.1_183 
AQSI01000003.1_149 
AQSI01000001.1_103 
AQSI01000001.1_306 
AQSI01000001.1_331 
AQSI01000002.1_104 
AQSI01000002.1_234 
AQSI01000002.1_237 
AQSI01000003.1_90 
AQSI01000001.1_30 
AQSI01000002.1_223 
AQSI01000002.1_225 
AQSI01000003.1_135 
AQSI01000003.1_47 
AQSI01000001.1_225 
AQSI01000001.1_95 
AQSI01000004.1_22 
AQSI01000002.1_101 
AQSI01000002.1_45 
AQSI01000003.1_167 
AQSI01000004.1_79 
AQSI01000001.1_353 
AQSI01000003.1_182 
AQSI01000001.1_143 
AQSI01000001.1_323 
AQSI01000003.1_153 
AQSI01000001.1_332 
AQSI01000002.1_115 
AQSI01000004.1_91 
AQSI01000001.1_321 
AQSI01000002.1_268 
AQSI01000002.1_120 
AQSI01000002.1_232 
AQSI01000002.1_53 
AQSI01000002.1_142 
AQSI01000009.1_1 
AQSI01000001.1_135 
AQSI01000001.1_81 
AQSI01000002.1_227 
AQSI01000002.1_34 
AQSI01000004.1_103 
AQSI01000010.1_8 
AQSI01000001.1_6 
AQSI01000002.1_121 
AQSI01000001.1_67 
AQSI01000003.1_1 
AQSI01000002.1_119 
AQSI01000004.1_20 
AQSI01000003.1_128 
AQSI01000003.1_27 
AQSI01000001.1_361 
AQSI01000003.1_118 
AQSI01000001.1_42 
AQSI01000003.1_21 
AQSI01000003.1_7 
AQSI01000001.1_334 
AQSI01000001.1_217 
AQSI01000002.1_212 
AQSI01000004.1_86 
AQSI01000001.1_368 
AQSI01000002.1_122 
AQSI01000001.1_140 
AQSI01000001.1_389 
AQSI01000001.1_52 
AQSI01000003.1_25 
AQSI01000001.1_141 
AQSI01000002.1_228 
AQSI01000002.1_97 
AQSI01000003.1_6 
AQSI01000001.1_263 
AQSI01000002.1_130 
AQSI01000002.1_39 
AQSI01000001.1_291 
AQSI01000001.1_345 
AQSI01000002.1_125 
AQSI01000002.1_178 
AQSI01000002.1_218 
AQSI01000001.1_347 
AQSI01000002.1_248 
AQSI01000004.1_21 
AQSI01000002.1_76 
AQSI01000002.1_267 
AQSI01000003.1_121 
AQSI01000002.1_249 
AQSI01000004.1_10 
AQSI01000001.1_205 
AQSI01000003.1_171 
AQSI01000002.1_138 
AQSI01000010.1_2 
AQSI01000002.1_43 
AQSI01000004.1_14 
AQSI01000009.1_5 
AQSI01000010.1_3 
AQSI01000002.1_36 
AQSI01000003.1_20 
AQSI01000010.1_1 
AQSI01000004.1_27 
AQSI01000010.1_5 
AQSI01000008.1_1 
AQSI01000002.1_1 
