ARPB01000001.1_2 ARPB01000001.1_3 ARPB01000002.1_12 ARPB01000007.1_27 ARPB01000002.1_23 ARPB01000020.1_1 ARPB01000012.1_16 ARPB01000025.1_7 ARPB01000001.1_12 ARPB01000035.1_2 
ARPB01000013.1_10 ARPB01000002.1_5 ARPB01000013.1_13 ARPB01000001.1_57 
ARPB01000003.1_39 ARPB01000008.1_33 ARPB01000006.1_9 ARPB01000041.1_1 
ARPB01000030.1_2 ARPB01000016.1_3 ARPB01000007.1_3 
ARPB01000001.1_45 ARPB01000009.1_11 ARPB01000009.1_10 
ARPB01000004.1_10 ARPB01000004.1_24 
ARPB01000002.1_44 ARPB01000039.1_1 
ARPB01000004.1_30 ARPB01000004.1_4 
ARPB01000004.1_14 ARPB01000004.1_20 
ARPB01000004.1_11 ARPB01000004.1_23 
ARPB01000002.1_8 ARPB01000024.1_3 
ARPB01000013.1_14 ARPB01000024.1_7 
ARPB01000004.1_13 ARPB01000004.1_21 
ARPB01000012.1_10 ARPB01000012.1_12 
ARPB01000004.1_28 ARPB01000004.1_6 
ARPB01000004.1_15 ARPB01000004.1_19 
ARPB01000021.1_10 ARPB01000014.1_9 
ARPB01000006.1_44 ARPB01000028.1_4 
ARPB01000010.1_6 ARPB01000005.1_37 
ARPB01000004.1_16 ARPB01000004.1_18 
ARPB01000001.1_10 ARPB01000001.1_16 
ARPB01000010.1_3 ARPB01000010.1_1 
ARPB01000021.1_9 ARPB01000003.1_7 
ARPB01000006.1_26 ARPB01000006.1_38 
ARPB01000014.1_11 ARPB01000023.1_4 
ARPB01000010.1_8 ARPB01000005.1_16 
ARPB01000022.1_6 ARPB01000072.1_1 
ARPB01000020.1_2 ARPB01000020.1_3 
ARPB01000013.1_9 ARPB01000068.1_1 
ARPB01000008.1_4 ARPB01000001.1_25 
ARPB01000004.1_2 ARPB01000004.1_32 
ARPB01000004.1_12 ARPB01000004.1_22 
ARPB01000026.1_4 ARPB01000009.1_6 
ARPB01000003.1_34 ARPB01000015.1_13 
ARPB01000004.1_1 ARPB01000004.1_33 
ARPB01000019.1_5 ARPB01000037.1_2 
ARPB01000006.1_30 ARPB01000006.1_40 
ARPB01000004.1_29 ARPB01000004.1_5 
ARPB01000004.1_3 ARPB01000004.1_31 
ARPB01000004.1_26 ARPB01000004.1_8 
ARPB01000004.1_27 ARPB01000004.1_7 
ARPB01000006.1_45 ARPB01000020.1_8 
ARPB01000004.1_25 ARPB01000004.1_9 
ARPB01000007.1_34 ARPB01000025.1_10 
ARPB01000003.1_16 
ARPB01000002.1_37 
ARPB01000005.1_15 
ARPB01000001.1_20 
ARPB01000009.1_18 
ARPB01000005.1_17 
ARPB01000004.1_17 
ARPB01000027.1_1 
ARPB01000005.1_8 
ARPB01000010.1_15 
ARPB01000005.1_23 
ARPB01000002.1_47 
ARPB01000016.1_5 
ARPB01000014.1_14 
ARPB01000003.1_28 
ARPB01000007.1_18 
ARPB01000009.1_19 
ARPB01000007.1_13 
ARPB01000005.1_36 
ARPB01000001.1_36 
ARPB01000018.1_4 
ARPB01000002.1_40 
ARPB01000003.1_25 
ARPB01000003.1_14 
ARPB01000011.1_17 
ARPB01000003.1_31 
ARPB01000011.1_12 
ARPB01000012.1_5 
ARPB01000003.1_23 
ARPB01000003.1_24 
ARPB01000001.1_43 
ARPB01000007.1_23 
ARPB01000001.1_38 
ARPB01000001.1_55 
ARPB01000003.1_13 
ARPB01000007.1_25 
ARPB01000007.1_2 
ARPB01000003.1_22 
ARPB01000007.1_19 
ARPB01000008.1_14 
ARPB01000022.1_7 
ARPB01000005.1_20 
ARPB01000002.1_45 
ARPB01000006.1_4 
ARPB01000019.1_8 
ARPB01000001.1_14 
ARPB01000002.1_7 
ARPB01000006.1_24 
ARPB01000010.1_5 
ARPB01000019.1_2 
ARPB01000011.1_11 
ARPB01000026.1_6 
ARPB01000003.1_30 
ARPB01000007.1_1 
ARPB01000025.1_3 
ARPB01000020.1_6 
ARPB01000009.1_22 
ARPB01000013.1_8 
ARPB01000007.1_20 
ARPB01000010.1_2 
ARPB01000029.1_3 
ARPB01000022.1_5 
ARPB01000005.1_4 
ARPB01000026.1_2 
ARPB01000011.1_3 
ARPB01000025.1_5 
ARPB01000014.1_15 
ARPB01000018.1_8 
ARPB01000023.1_6 
ARPB01000011.1_8 
ARPB01000003.1_9 
ARPB01000005.1_21 
ARPB01000011.1_10 
ARPB01000005.1_22 
ARPB01000005.1_24 
ARPB01000016.1_8 
ARPB01000001.1_61 
ARPB01000027.1_2 
ARPB01000017.1_7 
ARPB01000016.1_10 
ARPB01000002.1_19 
ARPB01000008.1_17 
ARPB01000009.1_14 
ARPB01000007.1_24 
ARPB01000010.1_16 
ARPB01000019.1_6 
ARPB01000003.1_15 
ARPB01000007.1_10 
ARPB01000006.1_39 
ARPB01000020.1_5 
ARPB01000003.1_32 
ARPB01000013.1_4 
ARPB01000016.1_1 
ARPB01000002.1_10 
ARPB01000002.1_30 
ARPB01000018.1_7 
ARPB01000017.1_5 
ARPB01000003.1_21 
ARPB01000005.1_18 
ARPB01000023.1_3 
ARPB01000002.1_22 
ARPB01000017.1_1 
ARPB01000015.1_8 
ARPB01000013.1_7 
ARPB01000015.1_2 
ARPB01000002.1_20 
ARPB01000013.1_2 
ARPB01000006.1_25 
ARPB01000012.1_4 
ARPB01000002.1_17 
ARPB01000002.1_21 
ARPB01000007.1_7 
ARPB01000015.1_3 
ARPB01000005.1_5 
ARPB01000001.1_33 
ARPB01000002.1_32 
ARPB01000013.1_6 
ARPB01000009.1_8 
ARPB01000021.1_2 
ARPB01000001.1_32 
ARPB01000024.1_5 
ARPB01000003.1_19 
ARPB01000032.1_2 
ARPB01000010.1_10 
ARPB01000018.1_10 
ARPB01000003.1_11 
ARPB01000015.1_7 
ARPB01000008.1_21 
ARPB01000010.1_17 
ARPB01000014.1_13 
ARPB01000001.1_22 
ARPB01000009.1_5 
ARPB01000002.1_39 
ARPB01000019.1_7 
ARPB01000007.1_32 
ARPB01000002.1_34 
ARPB01000003.1_2 
ARPB01000009.1_9 
ARPB01000015.1_9 
ARPB01000013.1_12 
ARPB01000015.1_10 
ARPB01000001.1_21 
ARPB01000003.1_40 
ARPB01000008.1_26 
ARPB01000008.1_29 
ARPB01000019.1_4 
ARPB01000002.1_9 
ARPB01000017.1_3 
ARPB01000015.1_14 
ARPB01000011.1_2 
ARPB01000008.1_23 
ARPB01000015.1_5 
ARPB01000009.1_23 
ARPB01000024.1_2 
ARPB01000005.1_25 
ARPB01000007.1_14 
ARPB01000011.1_9 
ARPB01000003.1_18 
ARPB01000001.1_39 
ARPB01000001.1_47 
ARPB01000002.1_1 
ARPB01000002.1_11 
ARPB01000002.1_35 
ARPB01000008.1_16 
ARPB01000021.1_8 
ARPB01000011.1_16 
ARPB01000002.1_43 
ARPB01000006.1_8 
ARPB01000001.1_35 
ARPB01000003.1_37 
ARPB01000005.1_7 
ARPB01000001.1_4 
ARPB01000018.1_2 
ARPB01000003.1_10 
ARPB01000009.1_12 
ARPB01000009.1_15 
ARPB01000010.1_7 
ARPB01000015.1_11 
ARPB01000006.1_1 
ARPB01000023.1_8 
ARPB01000001.1_30 
ARPB01000020.1_4 
ARPB01000011.1_14 
ARPB01000028.1_5 
ARPB01000003.1_12 
ARPB01000006.1_22 
ARPB01000005.1_26 
ARPB01000002.1_46 
ARPB01000012.1_3 
ARPB01000008.1_3 
ARPB01000006.1_23 
ARPB01000045.1_1 
ARPB01000003.1_4 
ARPB01000015.1_4 
ARPB01000006.1_10 
ARPB01000009.1_13 
ARPB01000001.1_44 
ARPB01000006.1_19 
ARPB01000023.1_7 
ARPB01000016.1_13 
ARPB01000002.1_38 
ARPB01000003.1_20 
ARPB01000006.1_21 
ARPB01000012.1_9 
ARPB01000001.1_56 
ARPB01000009.1_21 
ARPB01000003.1_3 
ARPB01000006.1_11 
ARPB01000009.1_16 
ARPB01000009.1_24 
ARPB01000017.1_8 
ARPB01000042.1_1 
ARPB01000002.1_6 
ARPB01000006.1_42 
ARPB01000008.1_10 
ARPB01000012.1_1 
ARPB01000020.1_7 
ARPB01000006.1_13 
ARPB01000014.1_4 
ARPB01000022.1_1 
ARPB01000002.1_42 
ARPB01000001.1_7 
ARPB01000005.1_3 
ARPB01000012.1_2 
ARPB01000001.1_48 
ARPB01000002.1_13 
ARPB01000008.1_7 
ARPB01000012.1_14 
ARPB01000001.1_23 
ARPB01000007.1_30 
ARPB01000005.1_32 
ARPB01000006.1_18 
ARPB01000008.1_34 
ARPB01000011.1_5 
ARPB01000020.1_10 
ARPB01000007.1_31 
ARPB01000013.1_5 
ARPB01000024.1_6 
ARPB01000002.1_4 
ARPB01000006.1_14 
ARPB01000001.1_9 
ARPB01000002.1_14 
ARPB01000014.1_12 
ARPB01000017.1_11 
ARPB01000014.1_2 
ARPB01000003.1_8 
ARPB01000021.1_7 
ARPB01000006.1_34 
ARPB01000026.1_5 
ARPB01000010.1_11 
ARPB01000011.1_4 
ARPB01000014.1_10 
ARPB01000001.1_51 
ARPB01000002.1_18 
ARPB01000012.1_19 
ARPB01000032.1_1 
ARPB01000008.1_6 
ARPB01000012.1_13 
ARPB01000001.1_18 
ARPB01000001.1_5 
ARPB01000013.1_16 
ARPB01000001.1_11 
ARPB01000010.1_12 
ARPB01000008.1_22 
ARPB01000011.1_6 
ARPB01000005.1_35 
ARPB01000022.1_9 
ARPB01000006.1_12 
ARPB01000010.1_18 
ARPB01000015.1_12 
ARPB01000001.1_19 
ARPB01000007.1_26 
ARPB01000015.1_6 
ARPB01000006.1_5 
ARPB01000014.1_7 
ARPB01000007.1_22 
ARPB01000018.1_6 
ARPB01000025.1_8 
ARPB01000001.1_60 
ARPB01000024.1_4 
ARPB01000021.1_3 
ARPB01000001.1_46 
ARPB01000003.1_33 
ARPB01000002.1_31 
ARPB01000008.1_8 
ARPB01000048.1_1 
ARPB01000040.1_1 
ARPB01000001.1_24 
ARPB01000007.1_21 
ARPB01000025.1_1 
ARPB01000010.1_21 
ARPB01000002.1_33 
ARPB01000014.1_6 
ARPB01000016.1_9 
ARPB01000044.1_1 
ARPB01000010.1_19 
ARPB01000012.1_15 
ARPB01000001.1_31 
ARPB01000003.1_38 
ARPB01000007.1_8 
ARPB01000012.1_17 
ARPB01000043.1_1 
ARPB01000002.1_15 
ARPB01000003.1_35 
ARPB01000008.1_19 
ARPB01000019.1_3 
ARPB01000013.1_11 
ARPB01000018.1_9 
ARPB01000021.1_11 
ARPB01000003.1_6 
ARPB01000037.1_1 
ARPB01000014.1_3 
ARPB01000052.1_1 
ARPB01000054.1_1 
ARPB01000017.1_9 
ARPB01000035.1_3 
ARPB01000005.1_27 
ARPB01000008.1_13 
ARPB01000006.1_41 
ARPB01000012.1_11 
ARPB01000003.1_27 
ARPB01000008.1_15 
ARPB01000056.1_1 
ARPB01000008.1_20 
ARPB01000009.1_7 
ARPB01000021.1_5 
ARPB01000002.1_36 
ARPB01000002.1_28 
ARPB01000007.1_33 
ARPB01000025.1_2 
ARPB01000002.1_29 
ARPB01000038.1_2 
ARPB01000009.1_17 
ARPB01000008.1_11 
ARPB01000010.1_22 
ARPB01000016.1_12 
ARPB01000046.1_2 
ARPB01000007.1_16 
ARPB01000001.1_58 
ARPB01000002.1_16 
ARPB01000005.1_9 
ARPB01000017.1_12 
ARPB01000017.1_2 
ARPB01000051.1_2 
ARPB01000062.1_1 
ARPB01000007.1_6 
ARPB01000011.1_7 
ARPB01000033.1_1 
ARPB01000008.1_9 
ARPB01000017.1_4 
ARPB01000006.1_7 
ARPB01000006.1_31 
ARPB01000015.1_15 
ARPB01000019.1_1 
ARPB01000001.1_53 
ARPB01000010.1_9 
ARPB01000065.1_1 
ARPB01000022.1_10 
ARPB01000008.1_5 
ARPB01000021.1_6 
ARPB01000035.1_1 
ARPB01000069.1_1 
ARPB01000010.1_20 
ARPB01000070.1_1 
ARPB01000012.1_7 
ARPB01000022.1_8 
ARPB01000025.1_4 
ARPB01000047.1_2 
ARPB01000071.1_1 
ARPB01000006.1_29 
ARPB01000023.1_2 
ARPB01000025.1_9 
ARPB01000026.1_7 
ARPB01000005.1_34 
ARPB01000034.1_1 
ARPB01000003.1_41 
ARPB01000005.1_2 
ARPB01000033.1_2 
ARPB01000041.1_2 
ARPB01000017.1_6 
ARPB01000007.1_5 
ARPB01000028.1_6 
ARPB01000001.1_54 
ARPB01000002.1_49 
ARPB01000003.1_42 
ARPB01000010.1_14 
ARPB01000007.1_15 
ARPB01000029.1_1 
ARPB01000018.1_1 
ARPB01000076.1_1 
ARPB01000002.1_41 
ARPB01000013.1_15 
ARPB01000005.1_6 
ARPB01000009.1_20 
ARPB01000009.1_3 
ARPB01000028.1_2 
ARPB01000006.1_36 
ARPB01000011.1_15 
ARPB01000001.1_50 
ARPB01000005.1_29 
ARPB01000010.1_4 
ARPB01000064.1_1 
ARPB01000001.1_40 
ARPB01000005.1_30 
ARPB01000008.1_12 
ARPB01000001.1_59 
ARPB01000005.1_28 
ARPB01000001.1_27 
ARPB01000022.1_2 
ARPB01000018.1_11 
ARPB01000036.1_1 
ARPB01000009.1_4 
ARPB01000016.1_4 
ARPB01000019.1_9 
ARPB01000029.1_2 
ARPB01000008.1_2 
ARPB01000001.1_34 
ARPB01000005.1_10 
ARPB01000006.1_15 
ARPB01000018.1_5 
ARPB01000002.1_25 
ARPB01000010.1_13 
ARPB01000036.1_2 
ARPB01000036.1_3 
ARPB01000026.1_3 
ARPB01000002.1_50 
ARPB01000022.1_3 
ARPB01000073.1_1 
ARPB01000007.1_29 
ARPB01000012.1_6 
ARPB01000005.1_33 
ARPB01000018.1_3 
ARPB01000005.1_12 
ARPB01000008.1_35 
ARPB01000017.1_13 
ARPB01000001.1_28 
ARPB01000001.1_13 
ARPB01000001.1_26 
ARPB01000016.1_11 
ARPB01000006.1_6 
ARPB01000017.1_10 
ARPB01000022.1_4 
ARPB01000024.1_1 
ARPB01000061.1_1 
ARPB01000001.1_42 
ARPB01000001.1_8 
ARPB01000002.1_27 
ARPB01000023.1_5 
ARPB01000006.1_2 
ARPB01000008.1_25 
ARPB01000013.1_3 
ARPB01000008.1_30 
ARPB01000012.1_8 
ARPB01000023.1_1 
ARPB01000038.1_1 
ARPB01000033.1_3 
ARPB01000053.1_2 
ARPB01000003.1_29 
ARPB01000016.1_6 
ARPB01000034.1_2 
ARPB01000003.1_5 
ARPB01000025.1_6 
ARPB01000028.1_1 
ARPB01000066.1_2 
ARPB01000008.1_18 
ARPB01000058.1_1 
ARPB01000003.1_36 
ARPB01000009.1_2 
ARPB01000021.1_1 
ARPB01000007.1_11 
ARPB01000050.1_2 
ARPB01000016.1_2 
ARPB01000007.1_4 
ARPB01000008.1_27 
ARPB01000031.1_9 
ARPB01000019.1_10 
ARPB01000011.1_13 
ARPB01000001.1_6 
ARPB01000006.1_16 
ARPB01000001.1_52 
ARPB01000074.1_2 
ARPB01000075.1_1 
ARPB01000006.1_3 
ARPB01000008.1_24 
ARPB01000023.1_9 
ARPB01000057.1_2 
ARPB01000059.1_2 
ARPB01000014.1_8 
ARPB01000006.1_35 
ARPB01000014.1_5 
ARPB01000057.1_1 
ARPB01000006.1_32 
ARPB01000055.1_2 
ARPB01000011.1_1 
ARPB01000006.1_37 
ARPB01000007.1_17 
ARPB01000014.1_16 
ARPB01000037.1_3 
ARPB01000006.1_17 
ARPB01000012.1_18 
ARPB01000031.1_8 
ARPB01000003.1_26 
ARPB01000006.1_46 
ARPB01000020.1_9 
ARPB01000053.1_1 
ARPB01000001.1_37 
ARPB01000043.1_2 
ARPB01000001.1_29 
ARPB01000002.1_3 
ARPB01000008.1_32 
ARPB01000059.1_1 
ARPB01000067.1_2 
ARPB01000063.1_2 
ARPB01000002.1_48 
ARPB01000005.1_13 
ARPB01000006.1_20 
ARPB01000006.1_33 
ARPB01000002.1_26 
ARPB01000016.1_7 
ARPB01000001.1_17 
ARPB01000031.1_6 
ARPB01000060.1_2 
ARPB01000067.1_1 
ARPB01000002.1_2 
ARPB01000001.1_15 
ARPB01000013.1_1 
ARPB01000034.1_3 
ARPB01000049.1_2 
ARPB01000001.1_49 
ARPB01000021.1_4 
ARPB01000031.1_1 
ARPB01000008.1_28 
ARPB01000007.1_28 
ARPB01000005.1_11 
ARPB01000005.1_19 
ARPB01000028.1_3 
ARPB01000050.1_1 
ARPB01000005.1_31 
ARPB01000006.1_27 
ARPB01000007.1_9 
ARPB01000018.1_12 
ARPB01000001.1_41 
ARPB01000005.1_14 
ARPB01000049.1_1 
ARPB01000002.1_24 
ARPB01000006.1_28 
ARPB01000060.1_1 
ARPB01000003.1_17 
ARPB01000061.1_2 
ARPB01000040.1_2 
ARPB01000034.1_5 
ARPB01000031.1_5 
ARPB01000063.1_1 
ARPB01000074.1_1 
ARPB01000031.1_7 
ARPB01000004.1_34 
ARPB01000008.1_36 
ARPB01000015.1_1 
ARPB01000047.1_1 
ARPB01000077.1_2 
ARPB01000044.1_2 
ARPB01000001.1_1 
ARPB01000031.1_2 
ARPB01000077.1_3 
ARPB01000008.1_1 
ARPB01000046.1_1 
ARPB01000031.1_4 
ARPB01000008.1_31 
ARPB01000077.1_1 
ARPB01000006.1_43 
ARPB01000031.1_3 
ARPB01000026.1_1 
ARPB01000030.1_1 
ARPB01000034.1_4 
ARPB01000055.1_1 
ARPB01000041.1_3 
ARPB01000008.1_37 
ARPB01000007.1_12 
ARPB01000003.1_1 
ARPB01000066.1_1 
ARPB01000005.1_1 
ARPB01000034.1_6 
ARPB01000051.1_1 
ARPB01000009.1_1 
ARPB01000014.1_1 
ARPB01000042.1_2 
