ARPC01000002.1_16 ARPC01000002.1_17 ARPC01000005.1_49 ARPC01000007.1_6 ARPC01000013.1_11 ARPC01000002.1_2 ARPC01000029.1_14 ARPC01000007.1_31 ARPC01000007.1_5 ARPC01000002.1_7 ARPC01000007.1_26 ARPC01000026.1_1 ARPC01000036.1_1 ARPC01000005.1_47 
ARPC01000020.1_16 ARPC01000026.1_5 ARPC01000021.1_6 ARPC01000116.1_2 ARPC01000002.1_44 ARPC01000005.1_21 ARPC01000029.1_9 ARPC01000005.1_35 ARPC01000018.1_5 ARPC01000002.1_29 
ARPC01000014.1_2 ARPC01000011.1_4 ARPC01000020.1_12 ARPC01000014.1_18 ARPC01000003.1_20 ARPC01000042.1_4 ARPC01000006.1_1 ARPC01000007.1_29 ARPC01000051.1_1 
ARPC01000001.1_17 ARPC01000008.1_25 ARPC01000016.1_18 ARPC01000001.1_15 ARPC01000038.1_2 ARPC01000001.1_1 
ARPC01000014.1_4 ARPC01000004.1_1 ARPC01000002.1_35 ARPC01000005.1_17 
ARPC01000002.1_78 ARPC01000025.1_6 ARPC01000008.1_38 ARPC01000038.1_6 
ARPC01000006.1_9 ARPC01000014.1_9 ARPC01000025.1_10 
ARPC01000019.1_2 ARPC01000013.1_3 
ARPC01000009.1_28 ARPC01000010.1_11 
ARPC01000023.1_15 ARPC01000074.1_1 
ARPC01000013.1_12 ARPC01000007.1_27 
ARPC01000014.1_1 ARPC01000051.1_2 
ARPC01000024.1_6 ARPC01000021.1_16 
ARPC01000029.1_13 ARPC01000014.1_5 
ARPC01000019.1_18 ARPC01000019.1_17 
ARPC01000052.1_2 ARPC01000007.1_3 
ARPC01000001.1_50 ARPC01000010.1_26 
ARPC01000017.1_1 ARPC01000025.1_13 
ARPC01000013.1_9 ARPC01000009.1_11 
ARPC01000013.1_2 ARPC01000013.1_1 
ARPC01000002.1_64 ARPC01000025.1_2 
ARPC01000075.1_1 ARPC01000021.1_2 
ARPC01000021.1_1 ARPC01000019.1_1 
ARPC01000024.1_16 ARPC01000006.1_3 
ARPC01000058.1_3 ARPC01000022.1_14 
ARPC01000001.1_49 ARPC01000093.1_1 
ARPC01000008.1_19 ARPC01000024.1_11 
ARPC01000092.1_1 ARPC01000017.1_20 
ARPC01000004.1_49 ARPC01000004.1_48 
ARPC01000012.1_19 ARPC01000101.1_1 
ARPC01000025.1_14 ARPC01000002.1_73 
ARPC01000027.1_11 ARPC01000015.1_36 
ARPC01000001.1_42 ARPC01000084.1_1 
ARPC01000005.1_7 ARPC01000005.1_9 
ARPC01000032.1_8 ARPC01000032.1_4 
ARPC01000101.1_2 ARPC01000020.1_2 
ARPC01000182.1_2 ARPC01000063.1_2 
ARPC01000006.1_32 
ARPC01000004.1_13 
ARPC01000011.1_3 
ARPC01000001.1_53 
ARPC01000005.1_44 
ARPC01000009.1_25 
ARPC01000014.1_17 
ARPC01000013.1_24 
ARPC01000035.1_1 
ARPC01000004.1_56 
ARPC01000003.1_24 
ARPC01000012.1_23 
ARPC01000004.1_55 
ARPC01000033.1_2 
ARPC01000007.1_15 
ARPC01000008.1_12 
ARPC01000020.1_11 
ARPC01000010.1_17 
ARPC01000019.1_3 
ARPC01000021.1_7 
ARPC01000007.1_4 
ARPC01000015.1_1 
ARPC01000017.1_14 
ARPC01000003.1_19 
ARPC01000002.1_22 
ARPC01000013.1_4 
ARPC01000006.1_11 
ARPC01000010.1_6 
ARPC01000018.1_6 
ARPC01000048.1_1 
ARPC01000006.1_2 
ARPC01000018.1_4 
ARPC01000002.1_28 
ARPC01000009.1_29 
ARPC01000012.1_30 
ARPC01000010.1_4 
ARPC01000046.1_1 
ARPC01000034.1_1 
ARPC01000023.1_2 
ARPC01000002.1_69 
ARPC01000037.1_1 
ARPC01000022.1_15 
ARPC01000011.1_5 
ARPC01000012.1_11 
ARPC01000022.1_13 
ARPC01000003.1_55 
ARPC01000010.1_10 
ARPC01000003.1_49 
ARPC01000002.1_39 
ARPC01000006.1_29 
ARPC01000004.1_41 
ARPC01000002.1_23 
ARPC01000002.1_24 
ARPC01000006.1_15 
ARPC01000003.1_59 
ARPC01000013.1_18 
ARPC01000010.1_16 
ARPC01000009.1_9 
ARPC01000015.1_4 
ARPC01000050.1_2 
ARPC01000003.1_44 
ARPC01000006.1_7 
ARPC01000005.1_54 
ARPC01000006.1_23 
ARPC01000011.1_7 
ARPC01000004.1_3 
ARPC01000021.1_4 
ARPC01000031.1_12 
ARPC01000007.1_23 
ARPC01000021.1_8 
ARPC01000007.1_30 
ARPC01000010.1_18 
ARPC01000044.1_2 
ARPC01000030.1_2 
ARPC01000061.1_1 
ARPC01000001.1_11 
ARPC01000002.1_54 
ARPC01000006.1_30 
ARPC01000025.1_9 
ARPC01000003.1_57 
ARPC01000004.1_14 
ARPC01000003.1_36 
ARPC01000017.1_10 
ARPC01000014.1_13 
ARPC01000002.1_55 
ARPC01000008.1_1 
ARPC01000008.1_35 
ARPC01000008.1_30 
ARPC01000025.1_12 
ARPC01000012.1_12 
ARPC01000008.1_22 
ARPC01000001.1_70 
ARPC01000001.1_33 
ARPC01000032.1_9 
ARPC01000001.1_40 
ARPC01000014.1_24 
ARPC01000032.1_7 
ARPC01000007.1_19 
ARPC01000023.1_9 
ARPC01000030.1_8 
ARPC01000037.1_2 
ARPC01000020.1_4 
ARPC01000005.1_19 
ARPC01000017.1_9 
ARPC01000002.1_71 
ARPC01000024.1_15 
ARPC01000054.1_1 
ARPC01000011.1_20 
ARPC01000006.1_27 
ARPC01000008.1_6 
ARPC01000001.1_39 
ARPC01000026.1_6 
ARPC01000013.1_19 
ARPC01000001.1_48 
ARPC01000019.1_19 
ARPC01000011.1_16 
ARPC01000002.1_32 
ARPC01000024.1_13 
ARPC01000033.1_1 
ARPC01000009.1_23 
ARPC01000002.1_43 
ARPC01000010.1_15 
ARPC01000004.1_20 
ARPC01000027.1_13 
ARPC01000026.1_7 
ARPC01000017.1_7 
ARPC01000013.1_13 
ARPC01000033.1_6 
ARPC01000017.1_8 
ARPC01000070.1_1 
ARPC01000003.1_54 
ARPC01000004.1_24 
ARPC01000015.1_25 
ARPC01000020.1_7 
ARPC01000004.1_6 
ARPC01000013.1_5 
ARPC01000002.1_62 
ARPC01000015.1_31 
ARPC01000012.1_22 
ARPC01000003.1_30 
ARPC01000022.1_8 
ARPC01000063.1_1 
ARPC01000001.1_26 
ARPC01000002.1_56 
ARPC01000014.1_20 
ARPC01000014.1_11 
ARPC01000024.1_1 
ARPC01000003.1_43 
ARPC01000028.1_13 
ARPC01000011.1_6 
ARPC01000040.1_2 
ARPC01000001.1_4 
ARPC01000001.1_56 
ARPC01000021.1_15 
ARPC01000011.1_13 
ARPC01000003.1_16 
ARPC01000023.1_11 
ARPC01000008.1_32 
ARPC01000038.1_5 
ARPC01000005.1_13 
ARPC01000042.1_1 
ARPC01000003.1_28 
ARPC01000009.1_7 
ARPC01000006.1_28 
ARPC01000001.1_59 
ARPC01000031.1_3 
ARPC01000028.1_10 
ARPC01000001.1_43 
ARPC01000011.1_8 
ARPC01000023.1_7 
ARPC01000011.1_9 
ARPC01000017.1_19 
ARPC01000039.1_2 
ARPC01000029.1_10 
ARPC01000079.1_1 
ARPC01000023.1_6 
ARPC01000003.1_37 
ARPC01000013.1_6 
ARPC01000030.1_3 
ARPC01000041.1_2 
ARPC01000012.1_32 
ARPC01000013.1_10 
ARPC01000029.1_5 
ARPC01000007.1_17 
ARPC01000008.1_21 
ARPC01000003.1_53 
ARPC01000006.1_19 
ARPC01000017.1_5 
ARPC01000025.1_15 
ARPC01000001.1_29 
ARPC01000008.1_7 
ARPC01000003.1_12 
ARPC01000012.1_20 
ARPC01000002.1_50 
ARPC01000005.1_1 
ARPC01000007.1_25 
ARPC01000057.1_1 
ARPC01000001.1_16 
ARPC01000003.1_18 
ARPC01000005.1_16 
ARPC01000017.1_3 
ARPC01000007.1_1 
ARPC01000002.1_13 
ARPC01000002.1_70 
ARPC01000004.1_27 
ARPC01000043.1_3 
ARPC01000015.1_32 
ARPC01000003.1_40 
ARPC01000031.1_5 
ARPC01000039.1_5 
ARPC01000077.1_2 
ARPC01000001.1_45 
ARPC01000016.1_12 
ARPC01000019.1_4 
ARPC01000071.1_2 
ARPC01000001.1_34 
ARPC01000001.1_63 
ARPC01000001.1_37 
ARPC01000005.1_45 
ARPC01000002.1_11 
ARPC01000012.1_31 
ARPC01000001.1_73 
ARPC01000040.1_4 
ARPC01000007.1_13 
ARPC01000020.1_19 
ARPC01000026.1_8 
ARPC01000030.1_10 
ARPC01000085.1_1 
ARPC01000009.1_14 
ARPC01000022.1_17 
ARPC01000019.1_9 
ARPC01000024.1_14 
ARPC01000027.1_14 
ARPC01000005.1_39 
ARPC01000028.1_12 
ARPC01000045.1_4 
ARPC01000001.1_23 
ARPC01000018.1_9 
ARPC01000043.1_1 
ARPC01000047.1_3 
ARPC01000004.1_16 
ARPC01000012.1_14 
ARPC01000018.1_10 
ARPC01000022.1_12 
ARPC01000001.1_51 
ARPC01000007.1_14 
ARPC01000012.1_4 
ARPC01000002.1_10 
ARPC01000005.1_20 
ARPC01000008.1_9 
ARPC01000010.1_3 
ARPC01000016.1_13 
ARPC01000019.1_11 
ARPC01000016.1_26 
ARPC01000055.1_1 
ARPC01000001.1_24 
ARPC01000021.1_11 
ARPC01000028.1_7 
ARPC01000002.1_58 
ARPC01000005.1_33 
ARPC01000014.1_23 
ARPC01000011.1_18 
ARPC01000003.1_7 
ARPC01000016.1_1 
ARPC01000017.1_4 
ARPC01000003.1_47 
ARPC01000005.1_28 
ARPC01000034.1_4 
ARPC01000009.1_24 
ARPC01000026.1_13 
ARPC01000005.1_23 
ARPC01000003.1_1 
ARPC01000006.1_26 
ARPC01000009.1_31 
ARPC01000032.1_3 
ARPC01000005.1_34 
ARPC01000018.1_16 
ARPC01000021.1_9 
ARPC01000056.1_1 
ARPC01000004.1_12 
ARPC01000003.1_58 
ARPC01000003.1_5 
ARPC01000005.1_37 
ARPC01000032.1_2 
ARPC01000023.1_14 
ARPC01000030.1_5 
ARPC01000037.1_3 
ARPC01000086.1_1 
ARPC01000009.1_5 
ARPC01000002.1_46 
ARPC01000006.1_24 
ARPC01000067.1_1 
ARPC01000002.1_61 
ARPC01000012.1_6 
ARPC01000021.1_5 
ARPC01000004.1_42 
ARPC01000022.1_18 
ARPC01000029.1_7 
ARPC01000029.1_8 
ARPC01000072.1_2 
ARPC01000011.1_26 
ARPC01000018.1_13 
ARPC01000003.1_64 
ARPC01000012.1_3 
ARPC01000027.1_5 
ARPC01000002.1_76 
ARPC01000009.1_4 
ARPC01000008.1_16 
ARPC01000009.1_17 
ARPC01000027.1_9 
ARPC01000016.1_11 
ARPC01000018.1_3 
ARPC01000020.1_9 
ARPC01000026.1_11 
ARPC01000002.1_12 
ARPC01000008.1_29 
ARPC01000030.1_9 
ARPC01000083.1_1 
ARPC01000008.1_5 
ARPC01000025.1_5 
ARPC01000003.1_60 
ARPC01000006.1_22 
ARPC01000007.1_9 
ARPC01000014.1_10 
ARPC01000004.1_40 
ARPC01000089.1_1 
ARPC01000018.1_7 
ARPC01000016.1_7 
ARPC01000002.1_49 
ARPC01000010.1_7 
ARPC01000001.1_7 
ARPC01000016.1_14 
ARPC01000028.1_14 
ARPC01000036.1_3 
ARPC01000078.1_1 
ARPC01000002.1_47 
ARPC01000004.1_52 
ARPC01000062.1_3 
ARPC01000005.1_3 
ARPC01000001.1_80 
ARPC01000015.1_33 
ARPC01000027.1_12 
ARPC01000041.1_5 
ARPC01000018.1_2 
ARPC01000021.1_13 
ARPC01000016.1_15 
ARPC01000027.1_6 
ARPC01000034.1_2 
ARPC01000065.1_2 
ARPC01000076.1_1 
ARPC01000001.1_12 
ARPC01000003.1_3 
ARPC01000014.1_19 
ARPC01000001.1_2 
ARPC01000091.1_1 
ARPC01000003.1_38 
ARPC01000002.1_19 
ARPC01000009.1_19 
ARPC01000009.1_6 
ARPC01000012.1_15 
ARPC01000002.1_18 
ARPC01000002.1_57 
ARPC01000003.1_23 
ARPC01000021.1_12 
ARPC01000001.1_62 
ARPC01000004.1_25 
ARPC01000012.1_2 
ARPC01000001.1_77 
ARPC01000019.1_6 
ARPC01000008.1_18 
ARPC01000011.1_19 
ARPC01000023.1_4 
ARPC01000031.1_6 
ARPC01000001.1_32 
ARPC01000016.1_21 
ARPC01000016.1_22 
ARPC01000094.1_1 
ARPC01000095.1_1 
ARPC01000002.1_33 
ARPC01000036.1_6 
ARPC01000008.1_24 
ARPC01000049.1_3 
ARPC01000004.1_34 
ARPC01000008.1_26 
ARPC01000010.1_1 
ARPC01000001.1_31 
ARPC01000045.1_2 
ARPC01000002.1_72 
ARPC01000010.1_14 
ARPC01000009.1_12 
ARPC01000014.1_12 
ARPC01000034.1_3 
ARPC01000049.1_4 
ARPC01000001.1_3 
ARPC01000015.1_29 
ARPC01000003.1_21 
ARPC01000010.1_21 
ARPC01000003.1_15 
ARPC01000011.1_17 
ARPC01000005.1_24 
ARPC01000016.1_19 
ARPC01000001.1_25 
ARPC01000001.1_71 
ARPC01000007.1_22 
ARPC01000022.1_11 
ARPC01000098.1_1 
ARPC01000009.1_2 
ARPC01000010.1_24 
ARPC01000014.1_25 
ARPC01000030.1_4 
ARPC01000007.1_8 
ARPC01000003.1_17 
ARPC01000025.1_11 
ARPC01000025.1_3 
ARPC01000008.1_13 
ARPC01000009.1_18 
ARPC01000018.1_19 
ARPC01000020.1_13 
ARPC01000031.1_4 
ARPC01000001.1_21 
ARPC01000002.1_38 
ARPC01000069.1_2 
ARPC01000001.1_69 
ARPC01000001.1_54 
ARPC01000004.1_30 
ARPC01000029.1_4 
ARPC01000023.1_5 
ARPC01000007.1_11 
ARPC01000028.1_2 
ARPC01000001.1_27 
ARPC01000001.1_5 
ARPC01000007.1_2 
ARPC01000001.1_18 
ARPC01000002.1_6 
ARPC01000001.1_10 
ARPC01000012.1_13 
ARPC01000005.1_38 
ARPC01000002.1_34 
ARPC01000012.1_24 
ARPC01000012.1_25 
ARPC01000012.1_26 
ARPC01000020.1_18 
ARPC01000080.1_2 
ARPC01000005.1_2 
ARPC01000019.1_12 
ARPC01000001.1_28 
ARPC01000005.1_30 
ARPC01000009.1_13 
ARPC01000001.1_14 
ARPC01000008.1_36 
ARPC01000007.1_20 
ARPC01000002.1_45 
ARPC01000029.1_15 
ARPC01000020.1_3 
ARPC01000012.1_28 
ARPC01000002.1_68 
ARPC01000014.1_3 
ARPC01000016.1_16 
ARPC01000001.1_6 
ARPC01000005.1_10 
ARPC01000008.1_27 
ARPC01000002.1_4 
ARPC01000013.1_23 
ARPC01000059.1_3 
ARPC01000001.1_47 
ARPC01000003.1_29 
ARPC01000014.1_8 
ARPC01000016.1_9 
ARPC01000002.1_36 
ARPC01000004.1_11 
ARPC01000028.1_5 
ARPC01000001.1_46 
ARPC01000002.1_48 
ARPC01000003.1_61 
ARPC01000010.1_22 
ARPC01000028.1_9 
ARPC01000004.1_32 
ARPC01000107.1_1 
ARPC01000108.1_1 
ARPC01000109.1_1 
ARPC01000021.1_10 
ARPC01000004.1_45 
ARPC01000009.1_10 
ARPC01000026.1_12 
ARPC01000001.1_38 
ARPC01000022.1_6 
ARPC01000003.1_34 
ARPC01000005.1_29 
ARPC01000017.1_6 
ARPC01000003.1_11 
ARPC01000004.1_50 
ARPC01000059.1_2 
ARPC01000022.1_10 
ARPC01000005.1_18 
ARPC01000009.1_8 
ARPC01000022.1_9 
ARPC01000003.1_4 
ARPC01000015.1_9 
ARPC01000016.1_10 
ARPC01000022.1_5 
ARPC01000025.1_7 
ARPC01000028.1_1 
ARPC01000044.1_4 
ARPC01000104.1_2 
ARPC01000111.1_1 
ARPC01000003.1_46 
ARPC01000112.1_1 
ARPC01000005.1_22 
ARPC01000041.1_6 
ARPC01000002.1_9 
ARPC01000006.1_17 
ARPC01000035.1_5 
ARPC01000017.1_18 
ARPC01000001.1_9 
ARPC01000026.1_10 
ARPC01000008.1_20 
ARPC01000010.1_2 
ARPC01000066.1_4 
ARPC01000016.1_8 
ARPC01000025.1_1 
ARPC01000056.1_2 
ARPC01000020.1_17 
ARPC01000081.1_2 
ARPC01000006.1_18 
ARPC01000019.1_20 
ARPC01000073.1_2 
ARPC01000011.1_2 
ARPC01000004.1_46 
ARPC01000012.1_10 
ARPC01000105.1_1 
ARPC01000001.1_13 
ARPC01000001.1_60 
ARPC01000004.1_44 
ARPC01000019.1_7 
ARPC01000001.1_36 
ARPC01000002.1_74 
ARPC01000102.1_1 
ARPC01000005.1_43 
ARPC01000015.1_35 
ARPC01000016.1_24 
ARPC01000001.1_22 
ARPC01000002.1_5 
ARPC01000010.1_23 
ARPC01000120.1_1 
ARPC01000003.1_52 
ARPC01000121.1_1 
ARPC01000122.1_1 
ARPC01000001.1_20 
ARPC01000018.1_12 
ARPC01000024.1_9 
ARPC01000003.1_6 
ARPC01000011.1_1 
ARPC01000032.1_5 
ARPC01000123.1_1 
ARPC01000001.1_81 
ARPC01000004.1_39 
ARPC01000012.1_29 
ARPC01000019.1_10 
ARPC01000038.1_4 
ARPC01000001.1_8 
ARPC01000002.1_75 
ARPC01000027.1_10 
ARPC01000003.1_2 
ARPC01000004.1_37 
ARPC01000010.1_28 
ARPC01000009.1_30 
ARPC01000001.1_58 
ARPC01000005.1_53 
ARPC01000002.1_63 
ARPC01000005.1_36 
ARPC01000018.1_20 
ARPC01000046.1_2 
ARPC01000057.1_2 
ARPC01000013.1_8 
ARPC01000036.1_4 
ARPC01000009.1_20 
ARPC01000001.1_44 
ARPC01000006.1_13 
ARPC01000014.1_21 
ARPC01000025.1_8 
ARPC01000028.1_8 
ARPC01000004.1_10 
ARPC01000004.1_8 
ARPC01000022.1_1 
ARPC01000026.1_9 
ARPC01000033.1_4 
ARPC01000045.1_3 
ARPC01000018.1_21 
ARPC01000020.1_6 
ARPC01000001.1_67 
ARPC01000008.1_37 
ARPC01000053.1_4 
ARPC01000004.1_26 
ARPC01000004.1_4 
ARPC01000010.1_12 
ARPC01000019.1_16 
ARPC01000068.1_2 
ARPC01000082.1_1 
ARPC01000012.1_9 
ARPC01000030.1_7 
ARPC01000110.1_2 
ARPC01000002.1_77 
ARPC01000002.1_3 
ARPC01000012.1_27 
ARPC01000021.1_3 
ARPC01000027.1_1 
ARPC01000001.1_19 
ARPC01000002.1_30 
ARPC01000065.1_1 
ARPC01000127.1_1 
ARPC01000128.1_1 
ARPC01000004.1_9 
ARPC01000008.1_31 
ARPC01000015.1_30 
ARPC01000033.1_5 
ARPC01000009.1_35 
ARPC01000014.1_6 
ARPC01000017.1_11 
ARPC01000125.1_1 
ARPC01000001.1_35 
ARPC01000045.1_1 
ARPC01000084.1_2 
ARPC01000007.1_28 
ARPC01000007.1_32 
ARPC01000008.1_34 
ARPC01000115.1_1 
ARPC01000003.1_8 
ARPC01000032.1_6 
ARPC01000130.1_1 
ARPC01000010.1_25 
ARPC01000020.1_8 
ARPC01000099.1_2 
ARPC01000002.1_59 
ARPC01000011.1_14 
ARPC01000004.1_29 
ARPC01000039.1_4 
ARPC01000043.1_2 
ARPC01000058.1_1 
ARPC01000020.1_14 
ARPC01000020.1_15 
ARPC01000003.1_13 
ARPC01000013.1_20 
ARPC01000010.1_9 
ARPC01000027.1_16 
ARPC01000015.1_6 
ARPC01000018.1_18 
ARPC01000004.1_2 
ARPC01000003.1_39 
ARPC01000002.1_37 
ARPC01000064.1_4 
ARPC01000004.1_51 
ARPC01000008.1_23 
ARPC01000015.1_12 
ARPC01000017.1_2 
ARPC01000028.1_3 
ARPC01000137.1_1 
ARPC01000005.1_12 
ARPC01000015.1_7 
ARPC01000001.1_78 
ARPC01000018.1_17 
ARPC01000087.1_1 
ARPC01000004.1_7 
ARPC01000016.1_3 
ARPC01000020.1_20 
ARPC01000140.1_1 
ARPC01000008.1_10 
ARPC01000024.1_12 
ARPC01000142.1_1 
ARPC01000002.1_67 
ARPC01000018.1_11 
ARPC01000011.1_22 
ARPC01000013.1_7 
ARPC01000138.1_1 
ARPC01000144.1_1 
ARPC01000003.1_14 
ARPC01000047.1_2 
ARPC01000005.1_4 
ARPC01000020.1_10 
ARPC01000035.1_3 
ARPC01000090.1_2 
ARPC01000002.1_25 
ARPC01000003.1_35 
ARPC01000006.1_25 
ARPC01000036.1_2 
ARPC01000042.1_2 
ARPC01000027.1_17 
ARPC01000118.1_1 
ARPC01000129.1_1 
ARPC01000003.1_48 
ARPC01000005.1_15 
ARPC01000015.1_34 
ARPC01000146.1_1 
ARPC01000003.1_65 
ARPC01000003.1_42 
ARPC01000003.1_62 
ARPC01000009.1_15 
ARPC01000149.1_1 
ARPC01000010.1_27 
ARPC01000022.1_4 
ARPC01000004.1_18 
ARPC01000047.1_1 
ARPC01000009.1_33 
ARPC01000133.1_1 
ARPC01000015.1_23 
ARPC01000038.1_3 
ARPC01000124.1_1 
ARPC01000131.1_1 
ARPC01000034.1_5 
ARPC01000040.1_5 
ARPC01000088.1_2 
ARPC01000152.1_1 
ARPC01000010.1_19 
ARPC01000011.1_21 
ARPC01000011.1_25 
ARPC01000018.1_8 
ARPC01000026.1_3 
ARPC01000027.1_8 
ARPC01000117.1_2 
ARPC01000015.1_18 
ARPC01000036.1_5 
ARPC01000012.1_8 
ARPC01000035.1_4 
ARPC01000156.1_1 
ARPC01000015.1_28 
ARPC01000100.1_1 
ARPC01000158.1_1 
ARPC01000002.1_1 
ARPC01000003.1_66 
ARPC01000015.1_27 
ARPC01000141.1_1 
ARPC01000012.1_17 
ARPC01000025.1_4 
ARPC01000026.1_14 
ARPC01000161.1_1 
ARPC01000007.1_18 
ARPC01000016.1_17 
ARPC01000027.1_2 
ARPC01000001.1_41 
ARPC01000022.1_16 
ARPC01000034.1_7 
ARPC01000004.1_33 
ARPC01000007.1_10 
ARPC01000008.1_4 
ARPC01000042.1_3 
ARPC01000087.1_2 
ARPC01000008.1_8 
ARPC01000023.1_3 
ARPC01000043.1_4 
ARPC01000126.1_2 
ARPC01000003.1_41 
ARPC01000039.1_3 
ARPC01000003.1_45 
ARPC01000009.1_21 
ARPC01000015.1_21 
ARPC01000019.1_8 
ARPC01000022.1_3 
ARPC01000024.1_17 
ARPC01000119.1_1 
ARPC01000165.1_1 
ARPC01000003.1_32 
ARPC01000003.1_63 
ARPC01000006.1_6 
ARPC01000011.1_15 
ARPC01000001.1_30 
ARPC01000003.1_56 
ARPC01000001.1_61 
ARPC01000004.1_54 
ARPC01000103.1_1 
ARPC01000170.1_1 
ARPC01000008.1_11 
ARPC01000053.1_1 
ARPC01000054.1_2 
ARPC01000171.1_1 
ARPC01000049.1_2 
ARPC01000019.1_15 
ARPC01000174.1_1 
ARPC01000023.1_12 
ARPC01000028.1_6 
ARPC01000132.1_2 
ARPC01000106.1_2 
ARPC01000175.1_1 
ARPC01000176.1_1 
ARPC01000177.1_1 
ARPC01000005.1_26 
ARPC01000009.1_36 
ARPC01000012.1_5 
ARPC01000030.1_6 
ARPC01000178.1_1 
ARPC01000008.1_3 
ARPC01000090.1_1 
ARPC01000180.1_1 
ARPC01000181.1_1 
ARPC01000005.1_8 
ARPC01000053.1_3 
ARPC01000011.1_23 
ARPC01000001.1_64 
ARPC01000001.1_79 
ARPC01000006.1_5 
ARPC01000002.1_65 
ARPC01000068.1_1 
ARPC01000169.1_1 
ARPC01000002.1_15 
ARPC01000017.1_13 
ARPC01000055.1_3 
ARPC01000097.1_1 
ARPC01000007.1_7 
ARPC01000062.1_2 
ARPC01000029.1_2 
ARPC01000031.1_8 
ARPC01000113.1_2 
ARPC01000047.1_4 
ARPC01000004.1_17 
ARPC01000006.1_21 
ARPC01000015.1_3 
ARPC01000040.1_3 
ARPC01000001.1_55 
ARPC01000023.1_13 
ARPC01000134.1_2 
ARPC01000145.1_2 
ARPC01000153.1_1 
ARPC01000055.1_2 
ARPC01000027.1_7 
ARPC01000044.1_1 
ARPC01000002.1_14 
ARPC01000006.1_20 
ARPC01000005.1_6 
ARPC01000064.1_1 
ARPC01000097.1_2 
ARPC01000024.1_7 
ARPC01000155.1_1 
ARPC01000004.1_28 
ARPC01000011.1_27 
ARPC01000023.1_10 
ARPC01000179.1_1 
ARPC01000031.1_7 
ARPC01000041.1_3 
ARPC01000060.1_3 
ARPC01000096.1_1 
ARPC01000005.1_5 
ARPC01000005.1_50 
ARPC01000031.1_2 
ARPC01000038.1_1 
ARPC01000005.1_27 
ARPC01000010.1_5 
ARPC01000039.1_1 
ARPC01000004.1_31 
ARPC01000005.1_11 
ARPC01000003.1_31 
ARPC01000004.1_22 
ARPC01000011.1_12 
ARPC01000015.1_24 
ARPC01000035.1_2 
ARPC01000114.1_1 
ARPC01000002.1_41 
ARPC01000016.1_20 
ARPC01000022.1_2 
ARPC01000135.1_1 
ARPC01000167.1_1 
ARPC01000003.1_51 
ARPC01000009.1_16 
ARPC01000041.1_4 
ARPC01000073.1_3 
ARPC01000006.1_12 
ARPC01000008.1_15 
ARPC01000009.1_34 
ARPC01000028.1_4 
ARPC01000029.1_6 
ARPC01000002.1_31 
ARPC01000003.1_27 
ARPC01000010.1_13 
ARPC01000014.1_15 
ARPC01000015.1_13 
ARPC01000001.1_76 
ARPC01000012.1_7 
ARPC01000080.1_1 
ARPC01000027.1_18 
ARPC01000060.1_2 
ARPC01000060.1_4 
ARPC01000052.1_1 
ARPC01000151.1_1 
ARPC01000002.1_52 
ARPC01000004.1_23 
ARPC01000147.1_1 
ARPC01000072.1_1 
ARPC01000139.1_1 
ARPC01000157.1_1 
ARPC01000001.1_65 
ARPC01000015.1_20 
ARPC01000016.1_25 
ARPC01000011.1_28 
ARPC01000024.1_4 
ARPC01000009.1_22 
ARPC01000009.1_37 
ARPC01000029.1_1 
ARPC01000001.1_52 
ARPC01000004.1_21 
ARPC01000010.1_8 
ARPC01000003.1_26 
ARPC01000006.1_31 
ARPC01000007.1_21 
ARPC01000005.1_25 
ARPC01000010.1_20 
ARPC01000014.1_7 
ARPC01000015.1_2 
ARPC01000015.1_26 
ARPC01000017.1_16 
ARPC01000027.1_3 
ARPC01000004.1_53 
ARPC01000034.1_6 
ARPC01000002.1_26 
ARPC01000013.1_17 
ARPC01000058.1_2 
ARPC01000019.1_5 
ARPC01000160.1_1 
ARPC01000168.1_2 
ARPC01000015.1_16 
ARPC01000150.1_2 
ARPC01000002.1_66 
ARPC01000029.1_3 
ARPC01000032.1_1 
ARPC01000009.1_26 
ARPC01000015.1_22 
ARPC01000009.1_3 
ARPC01000017.1_15 
ARPC01000020.1_1 
ARPC01000096.1_2 
ARPC01000004.1_36 
ARPC01000013.1_25 
ARPC01000053.1_2 
ARPC01000031.1_13 
ARPC01000004.1_19 
ARPC01000005.1_32 
ARPC01000006.1_14 
ARPC01000008.1_33 
ARPC01000011.1_24 
ARPC01000001.1_68 
ARPC01000004.1_43 
ARPC01000029.1_11 
ARPC01000005.1_52 
ARPC01000015.1_11 
ARPC01000066.1_3 
ARPC01000076.1_2 
ARPC01000013.1_14 
ARPC01000003.1_22 
ARPC01000016.1_6 
ARPC01000060.1_1 
ARPC01000066.1_2 
ARPC01000075.1_2 
ARPC01000004.1_5 
ARPC01000009.1_1 
ARPC01000159.1_1 
ARPC01000002.1_42 
ARPC01000012.1_18 
ARPC01000018.1_14 
ARPC01000027.1_4 
ARPC01000064.1_3 
ARPC01000100.1_2 
ARPC01000163.1_2 
ARPC01000020.1_5 
ARPC01000008.1_2 
ARPC01000015.1_5 
ARPC01000024.1_3 
ARPC01000081.1_3 
ARPC01000166.1_2 
ARPC01000005.1_51 
ARPC01000015.1_19 
ARPC01000143.1_1 
ARPC01000002.1_20 
ARPC01000002.1_8 
ARPC01000014.1_22 
ARPC01000031.1_10 
ARPC01000002.1_53 
ARPC01000023.1_8 
ARPC01000173.1_1 
ARPC01000136.1_1 
ARPC01000005.1_42 
ARPC01000015.1_8 
ARPC01000017.1_12 
ARPC01000001.1_75 
ARPC01000013.1_26 
ARPC01000039.1_6 
ARPC01000003.1_25 
ARPC01000004.1_47 
ARPC01000008.1_17 
ARPC01000014.1_14 
ARPC01000005.1_31 
ARPC01000007.1_12 
ARPC01000022.1_7 
ARPC01000024.1_5 
ARPC01000172.1_1 
ARPC01000011.1_10 
ARPC01000015.1_15 
ARPC01000018.1_15 
ARPC01000044.1_3 
ARPC01000002.1_27 
ARPC01000004.1_38 
ARPC01000013.1_22 
ARPC01000015.1_10 
ARPC01000002.1_60 
ARPC01000040.1_6 
ARPC01000081.1_1 
ARPC01000007.1_16 
ARPC01000001.1_66 
ARPC01000013.1_21 
ARPC01000119.1_2 
ARPC01000164.1_2 
ARPC01000007.1_24 
ARPC01000031.1_1 
ARPC01000064.1_2 
ARPC01000148.1_1 
ARPC01000005.1_41 
ARPC01000164.1_1 
ARPC01000016.1_27 
ARPC01000049.1_1 
ARPC01000148.1_2 
ARPC01000154.1_1 
ARPC01000113.1_1 
ARPC01000003.1_33 
ARPC01000005.1_48 
ARPC01000006.1_8 
ARPC01000024.1_2 
ARPC01000069.1_4 
ARPC01000162.1_2 
ARPC01000172.1_2 
ARPC01000012.1_1 
ARPC01000050.1_1 
ARPC01000004.1_15 
ARPC01000008.1_28 
ARPC01000027.1_15 
ARPC01000062.1_1 
ARPC01000071.1_1 
ARPC01000017.1_17 
ARPC01000004.1_35 
ARPC01000026.1_2 
ARPC01000005.1_40 
ARPC01000013.1_16 
ARPC01000033.1_3 
ARPC01000016.1_28 
ARPC01000019.1_14 
ARPC01000066.1_5 
ARPC01000117.1_1 
ARPC01000009.1_38 
ARPC01000013.1_15 
ARPC01000023.1_1 
ARPC01000002.1_51 
ARPC01000015.1_17 
ARPC01000162.1_1 
ARPC01000166.1_1 
ARPC01000003.1_9 
ARPC01000005.1_14 
ARPC01000025.1_16 
ARPC01000059.1_1 
ARPC01000069.1_1 
ARPC01000151.1_2 
ARPC01000003.1_50 
ARPC01000029.1_12 
ARPC01000031.1_9 
ARPC01000002.1_21 
ARPC01000009.1_32 
ARPC01000040.1_1 
ARPC01000067.1_2 
ARPC01000015.1_14 
ARPC01000016.1_23 
ARPC01000050.1_3 
ARPC01000163.1_1 
ARPC01000001.1_72 
ARPC01000008.1_14 
ARPC01000012.1_16 
ARPC01000016.1_29 
ARPC01000056.1_3 
ARPC01000016.1_5 
ARPC01000002.1_40 
ARPC01000006.1_4 
ARPC01000039.1_7 
ARPC01000052.1_3 
ARPC01000008.1_39 
ARPC01000003.1_10 
ARPC01000011.1_11 
ARPC01000064.1_5 
ARPC01000143.1_2 
ARPC01000114.1_3 
ARPC01000154.1_2 
ARPC01000012.1_21 
ARPC01000016.1_2 
ARPC01000048.1_2 
ARPC01000073.1_1 
ARPC01000092.1_2 
ARPC01000114.1_2 
ARPC01000024.1_8 
ARPC01000147.1_2 
ARPC01000160.1_2 
ARPC01000006.1_10 
ARPC01000150.1_1 
ARPC01000157.1_2 
ARPC01000042.1_6 
ARPC01000134.1_1 
ARPC01000018.1_1 
ARPC01000031.1_11 
ARPC01000135.1_2 
ARPC01000001.1_57 
ARPC01000009.1_27 
ARPC01000110.1_1 
ARPC01000124.1_2 
ARPC01000026.1_4 
ARPC01000069.1_3 
ARPC01000132.1_1 
ARPC01000006.1_16 
ARPC01000024.1_10 
ARPC01000099.1_1 
ARPC01000182.1_1 
ARPC01000102.1_2 
ARPC01000173.1_2 
ARPC01000041.1_1 
ARPC01000042.1_5 
ARPC01000129.1_2 
ARPC01000021.1_14 
ARPC01000001.1_74 
ARPC01000106.1_1 
ARPC01000019.1_13 
ARPC01000145.1_1 
ARPC01000004.1_57 
ARPC01000005.1_46 
ARPC01000126.1_1 
ARPC01000014.1_16 
ARPC01000016.1_4 
ARPC01000168.1_1 
ARPC01000106.1_3 
ARPC01000028.1_11 
ARPC01000083.1_2 
ARPC01000030.1_1 
ARPC01000066.1_1 
ARPC01000077.1_1 
ARPC01000088.1_1 
ARPC01000104.1_1 
ARPC01000116.1_1 
