A300J16DRAFT_NODE-unique_5_len_44889.5_11 A300J16DRAFT_NODE-unique_6_len_35483.6_15 A300J16DRAFT_NODE-unique_4_len_45947.4_44 A300J16DRAFT_NODE-unique_13_len_23274.13_14 A300J16DRAFT_NODE-unique_3_len_46917.3_18 A300J16DRAFT_NODE-unique_6_len_35483.6_27 A300J16DRAFT_NODE-unique_10_len_31747.10_5 A300J16DRAFT_NODE-unique_12_len_27730.12_5 A300J16DRAFT_NODE-unique_24_len_12260.24_5 A300J16DRAFT_NODE-unique_12_len_27730.12_6 A300J16DRAFT_NODE-unique_10_len_31747.10_6 A300J16DRAFT_NODE-unique_18_len_16220.18_9 A300J16DRAFT_NODE-unique_5_len_44889.5_25 A300J16DRAFT_NODE-unique_5_len_44889.5_24 A300J16DRAFT_NODE-unique_58_len_2544.58_1 
A300J16DRAFT_NODE-unique_21_len_14452.21_13 A300J16DRAFT_NODE-unique_4_len_45947.4_15 A300J16DRAFT_NODE-unique_18_len_16220.18_10 A300J16DRAFT_NODE-unique_5_len_44889.5_20 A300J16DRAFT_NODE-unique_6_len_35483.6_24 A300J16DRAFT_NODE-unique_5_len_44889.5_9 A300J16DRAFT_NODE-unique_124_len_821.124_1 A300J16DRAFT_NODE-unique_52_len_3252.52_2 A300J16DRAFT_NODE-unique_18_len_16220.18_11 A300J16DRAFT_NODE-unique_5_len_44889.5_37 A300J16DRAFT_NODE-unique_14_len_22791.14_2 A300J16DRAFT_NODE-unique_5_len_44889.5_30 
A300J16DRAFT_NODE-unique_21_len_14452.21_7 A300J16DRAFT_NODE-unique_25_len_10014.25_10 A300J16DRAFT_NODE-unique_76_len_1514.76_2 A300J16DRAFT_NODE-unique_15_len_20483.15_24 A300J16DRAFT_NODE-unique_6_len_35483.6_12 A300J16DRAFT_NODE-unique_6_len_35483.6_5 A300J16DRAFT_NODE-unique_5_len_44889.5_3 A300J16DRAFT_NODE-unique_28_len_8741.28_9 A300J16DRAFT_NODE-unique_10_len_31747.10_26 
A300J16DRAFT_NODE-unique_83_len_1339.83_1 A300J16DRAFT_NODE-unique_30_len_7868.30_2 A300J16DRAFT_NODE-unique_24_len_12260.24_4 A300J16DRAFT_NODE-unique_4_len_45947.4_23 A300J16DRAFT_NODE-unique_3_len_46917.3_10 A300J16DRAFT_NODE-unique_74_len_1541.74_1 A300J16DRAFT_NODE-unique_82_len_1389.82_2 
A300J16DRAFT_NODE-unique_169_len_599.169_1 A300J16DRAFT_NODE-unique_9_len_34115.9_34 A300J16DRAFT_NODE-unique_17_len_16663.17_17 A300J16DRAFT_NODE-unique_24_len_12260.24_3 A300J16DRAFT_NODE-unique_10_len_31747.10_23 A300J16DRAFT_NODE-unique_13_len_23274.13_20 A300J16DRAFT_NODE-unique_36_len_6349.36_11 
A300J16DRAFT_NODE-unique_25_len_10014.25_1 A300J16DRAFT_NODE-unique_20_len_14463.20_9 A300J16DRAFT_NODE-unique_65_len_2115.65_4 A300J16DRAFT_NODE-unique_9_len_34115.9_39 A300J16DRAFT_NODE-unique_15_len_20483.15_18 
A300J16DRAFT_NODE-unique_25_len_10014.25_13 A300J16DRAFT_NODE-unique_9_len_34115.9_45 A300J16DRAFT_NODE-unique_115_len_937.115_1 A300J16DRAFT_NODE-unique_88_len_1244.88_1 
A300J16DRAFT_NODE-unique_25_len_10014.25_3 A300J16DRAFT_NODE-unique_147_len_660.147_1 A300J16DRAFT_NODE-unique_25_len_10014.25_8 A300J16DRAFT_NODE-unique_6_len_35483.6_1 
A300J16DRAFT_NODE-unique_20_len_14463.20_10 A300J16DRAFT_NODE-unique_25_len_10014.25_2 A300J16DRAFT_NODE-unique_65_len_2115.65_1 A300J16DRAFT_NODE-unique_10_len_31747.10_27 
A300J16DRAFT_NODE-unique_7_len_34638.7_7 A300J16DRAFT_NODE-unique_5_len_44889.5_7 A300J16DRAFT_NODE-unique_5_len_44889.5_19 
A300J16DRAFT_NODE-unique_16_len_20108.16_2 A300J16DRAFT_NODE-unique_5_len_44889.5_21 A300J16DRAFT_NODE-unique_5_len_44889.5_10 
A300J16DRAFT_NODE-unique_4_len_45947.4_18 A300J16DRAFT_NODE-unique_110_len_1019.110_2 A300J16DRAFT_NODE-unique_14_len_22791.14_25 
A300J16DRAFT_NODE-unique_48_len_3812.48_1 A300J16DRAFT_NODE-unique_1_len_54197.1_31 A300J16DRAFT_NODE-unique_1_len_54197.1_32 
A300J16DRAFT_NODE-unique_10_len_31747.10_4 A300J16DRAFT_NODE-unique_12_len_27730.12_4 A300J16DRAFT_NODE-unique_7_len_34638.7_12 
A300J16DRAFT_NODE-unique_28_len_8741.28_1 A300J16DRAFT_NODE-unique_27_len_9071.27_4 A300J16DRAFT_NODE-unique_20_len_14463.20_1 
A300J16DRAFT_NODE-unique_4_len_45947.4_11 A300J16DRAFT_NODE-unique_6_len_35483.6_19 A300J16DRAFT_NODE-unique_135_len_711.135_1 
A300J16DRAFT_NODE-unique_138_len_698.138_1 A300J16DRAFT_NODE-unique_139_len_695.139_1 A300J16DRAFT_NODE-unique_163_len_609.163_1 
A300J16DRAFT_NODE-unique_9_len_34115.9_41 A300J16DRAFT_NODE-unique_36_len_6349.36_10 A300J16DRAFT_NODE-unique_36_len_6349.36_9 
A300J16DRAFT_NODE-unique_17_len_16663.17_18 A300J16DRAFT_NODE-unique_9_len_34115.9_31 A300J16DRAFT_NODE-unique_10_len_31747.10_28 
A300J16DRAFT_NODE-unique_9_len_34115.9_33 A300J16DRAFT_NODE-unique_21_len_14452.21_14 A300J16DRAFT_NODE-unique_20_len_14463.20_7 
A300J16DRAFT_NODE-unique_15_len_20483.15_17 A300J16DRAFT_NODE-unique_20_len_14463.20_8 A300J16DRAFT_NODE-unique_65_len_2115.65_2 
A300J16DRAFT_NODE-unique_9_len_34115.9_38 A300J16DRAFT_NODE-unique_9_len_34115.9_36 A300J16DRAFT_NODE-unique_9_len_34115.9_22 
A300J16DRAFT_NODE-unique_25_len_10014.25_9 A300J16DRAFT_NODE-unique_9_len_34115.9_49 A300J16DRAFT_NODE-unique_17_len_16663.17_1 
A300J16DRAFT_NODE-unique_17_len_16663.17_20 A300J16DRAFT_NODE-unique_6_len_35483.6_31 
A300J16DRAFT_NODE-unique_3_len_46917.3_20 A300J16DRAFT_NODE-unique_3_len_46917.3_19 
A300J16DRAFT_NODE-unique_11_len_27852.11_21 A300J16DRAFT_NODE-unique_15_len_20483.15_4 
A300J16DRAFT_NODE-unique_3_len_46917.3_32 A300J16DRAFT_NODE-unique_7_len_34638.7_32 
A300J16DRAFT_NODE-unique_15_len_20483.15_9 A300J16DRAFT_NODE-unique_3_len_46917.3_25 
A300J16DRAFT_NODE-unique_46_len_4205.46_5 A300J16DRAFT_NODE-unique_6_len_35483.6_26 
A300J16DRAFT_NODE-unique_6_len_35483.6_13 A300J16DRAFT_NODE-unique_4_len_45947.4_45 
A300J16DRAFT_NODE-unique_1_len_54197.1_26 A300J16DRAFT_NODE-unique_56_len_2722.56_1 
A300J16DRAFT_NODE-unique_11_len_27852.11_25 A300J16DRAFT_NODE-unique_13_len_23274.13_1 
A300J16DRAFT_NODE-unique_5_len_44889.5_18 A300J16DRAFT_NODE-unique_5_len_44889.5_8 
A300J16DRAFT_NODE-unique_34_len_6567.34_1 A300J16DRAFT_NODE-unique_18_len_16220.18_12 
A300J16DRAFT_NODE-unique_9_len_34115.9_21 A300J16DRAFT_NODE-unique_150_len_644.150_1 
A300J16DRAFT_NODE-unique_4_len_45947.4_14 A300J16DRAFT_NODE-unique_16_len_20108.16_15 
A300J16DRAFT_NODE-unique_96_len_1174.96_1 A300J16DRAFT_NODE-unique_99_len_1126.99_1 
A300J16DRAFT_NODE-unique_1_len_54197.1_44 A300J16DRAFT_NODE-unique_51_len_3366.51_5 
A300J16DRAFT_NODE-unique_2_len_53106.2_31 A300J16DRAFT_NODE-unique_2_len_53106.2_19 
A300J16DRAFT_NODE-unique_68_len_1617.68_1 A300J16DRAFT_NODE-unique_11_len_27852.11_4 
A300J16DRAFT_NODE-unique_17_len_16663.17_16 A300J16DRAFT_NODE-unique_17_len_16663.17_9 
A300J16DRAFT_NODE-unique_2_len_53106.2_37 A300J16DRAFT_NODE-unique_2_len_53106.2_43 
A300J16DRAFT_NODE-unique_4_len_45947.4_13 A300J16DRAFT_NODE-unique_11_len_27852.11_11 
A300J16DRAFT_NODE-unique_7_len_34638.7_11 A300J16DRAFT_NODE-unique_12_len_27730.12_3 
A300J16DRAFT_NODE-unique_40_len_5523.40_5 A300J16DRAFT_NODE-unique_95_len_1177.95_2 
A300J16DRAFT_NODE-unique_4_len_45947.4_12 A300J16DRAFT_NODE-unique_11_len_27852.11_12 
A300J16DRAFT_NODE-unique_29_len_8220.29_6 A300J16DRAFT_NODE-unique_120_len_873.120_1 
A300J16DRAFT_NODE-unique_13_len_23274.13_16 A300J16DRAFT_NODE-unique_10_len_31747.10_7 
A300J16DRAFT_NODE-unique_41_len_5399.41_6 A300J16DRAFT_NODE-unique_41_len_5399.41_7 
A300J16DRAFT_NODE-unique_28_len_8741.28_5 A300J16DRAFT_NODE-unique_20_len_14463.20_5 
A300J16DRAFT_NODE-unique_7_len_34638.7_19 A300J16DRAFT_NODE-unique_7_len_34638.7_20 
A300J16DRAFT_NODE-unique_3_len_46917.3_23 A300J16DRAFT_NODE-unique_3_len_46917.3_22 
A300J16DRAFT_NODE-unique_14_len_22791.14_22 A300J16DRAFT_NODE-unique_7_len_34638.7_14 
A300J16DRAFT_NODE-unique_2_len_53106.2_30 A300J16DRAFT_NODE-unique_2_len_53106.2_8 
A300J16DRAFT_NODE-unique_40_len_5523.40_2 A300J16DRAFT_NODE-unique_95_len_1177.95_1 
A300J16DRAFT_NODE-unique_168_len_600.168_1 A300J16DRAFT_NODE-unique_166_len_602.166_1 
A300J16DRAFT_NODE-unique_25_len_10014.25_7 A300J16DRAFT_NODE-unique_44_len_4843.44_6 
A300J16DRAFT_NODE-unique_21_len_14452.21_11 A300J16DRAFT_NODE-unique_9_len_34115.9_27 
A300J16DRAFT_NODE-unique_31_len_6968.31_6 A300J16DRAFT_NODE-unique_15_len_20483.15_11 
A300J16DRAFT_NODE-unique_13_len_23274.13_10 A300J16DRAFT_NODE-unique_14_len_22791.14_12 
A300J16DRAFT_NODE-unique_44_len_4843.44_8 A300J16DRAFT_NODE-unique_15_len_20483.15_14 
A300J16DRAFT_NODE-unique_15_len_20483.15_23 A300J16DRAFT_NODE-unique_15_len_20483.15_20 
A300J16DRAFT_NODE-unique_5_len_44889.5_22 A300J16DRAFT_NODE-unique_3_len_46917.3_17 
A300J16DRAFT_NODE-unique_9_len_34115.9_18 A300J16DRAFT_NODE-unique_176_len_568.176_1 
A300J16DRAFT_NODE-unique_5_len_44889.5_40 A300J16DRAFT_NODE-unique_6_len_35483.6_2 
A300J16DRAFT_NODE-unique_10_len_31747.10_24 A300J16DRAFT_NODE-unique_77_len_1486.77_3 
A300J16DRAFT_NODE-unique_101_len_1090.101_2 A300J16DRAFT_NODE-unique_49_len_3748.49_1 
A300J16DRAFT_NODE-unique_15_len_20483.15_27 A300J16DRAFT_NODE-unique_77_len_1486.77_2 
A300J16DRAFT_NODE-unique_9_len_34115.9_15 A300J16DRAFT_NODE-unique_5_len_44889.5_35 
A300J16DRAFT_NODE-unique_14_len_22791.14_15 A300J16DRAFT_NODE-unique_27_len_9071.27_14 
A300J16DRAFT_NODE-unique_28_len_8741.28_8 A300J16DRAFT_NODE-unique_47_len_4025.47_3 
A300J16DRAFT_NODE-unique_76_len_1514.76_3 A300J16DRAFT_NODE-unique_17_len_16663.17_6 
A300J16DRAFT_NODE-unique_44_len_4843.44_4 A300J16DRAFT_NODE-unique_13_len_23274.13_9 
A300J16DRAFT_NODE-unique_13_len_23274.13_7 A300J16DRAFT_NODE-unique_15_len_20483.15_1 
A300J16DRAFT_NODE-unique_27_len_9071.27_5 A300J16DRAFT_NODE-unique_28_len_8741.28_10 
A300J16DRAFT_NODE-unique_4_len_45947.4_10 A300J16DRAFT_NODE-unique_5_len_44889.5_16 
A300J16DRAFT_NODE-unique_4_len_45947.4_4 A300J16DRAFT_NODE-unique_169_len_599.169_2 
A300J16DRAFT_NODE-unique_47_len_4025.47_2 A300J16DRAFT_NODE-unique_183_len_556.183_1 
A300J16DRAFT_NODE-unique_26_len_9207.26_2 
A300J16DRAFT_NODE-unique_8_len_34356.8_24 
A300J16DRAFT_NODE-unique_8_len_34356.8_25 
A300J16DRAFT_NODE-unique_12_len_27730.12_21 
A300J16DRAFT_NODE-unique_12_len_27730.12_20 
A300J16DRAFT_NODE-unique_18_len_16220.18_1 
A300J16DRAFT_NODE-unique_1_len_54197.1_39 
A300J16DRAFT_NODE-unique_1_len_54197.1_42 
A300J16DRAFT_NODE-unique_8_len_34356.8_1 
A300J16DRAFT_NODE-unique_3_len_46917.3_5 
A300J16DRAFT_NODE-unique_1_len_54197.1_49 
A300J16DRAFT_NODE-unique_53_len_3047.53_1 
A300J16DRAFT_NODE-unique_24_len_12260.24_7 
A300J16DRAFT_NODE-unique_60_len_2454.60_1 
A300J16DRAFT_NODE-unique_35_len_6365.35_3 
A300J16DRAFT_NODE-unique_4_len_45947.4_38 
A300J16DRAFT_NODE-unique_1_len_54197.1_40 
A300J16DRAFT_NODE-unique_6_len_35483.6_28 
A300J16DRAFT_NODE-unique_10_len_31747.10_21 
A300J16DRAFT_NODE-unique_8_len_34356.8_3 
A300J16DRAFT_NODE-unique_43_len_4890.43_2 
A300J16DRAFT_NODE-unique_16_len_20108.16_10 
A300J16DRAFT_NODE-unique_16_len_20108.16_4 
A300J16DRAFT_NODE-unique_20_len_14463.20_15 
A300J16DRAFT_NODE-unique_12_len_27730.12_24 
A300J16DRAFT_NODE-unique_2_len_53106.2_6 
A300J16DRAFT_NODE-unique_6_len_35483.6_18 
A300J16DRAFT_NODE-unique_3_len_46917.3_3 
A300J16DRAFT_NODE-unique_1_len_54197.1_24 
A300J16DRAFT_NODE-unique_10_len_31747.10_2 
A300J16DRAFT_NODE-unique_11_len_27852.11_16 
A300J16DRAFT_NODE-unique_5_len_44889.5_17 
A300J16DRAFT_NODE-unique_5_len_44889.5_12 
A300J16DRAFT_NODE-unique_7_len_34638.7_15 
A300J16DRAFT_NODE-unique_16_len_20108.16_12 
A300J16DRAFT_NODE-unique_33_len_6807.33_6 
A300J16DRAFT_NODE-unique_57_len_2619.57_1 
A300J16DRAFT_NODE-unique_10_len_31747.10_19 
A300J16DRAFT_NODE-unique_2_len_53106.2_26 
A300J16DRAFT_NODE-unique_7_len_34638.7_13 
A300J16DRAFT_NODE-unique_4_len_45947.4_22 
A300J16DRAFT_NODE-unique_1_len_54197.1_29 
A300J16DRAFT_NODE-unique_37_len_5886.37_3 
A300J16DRAFT_NODE-unique_8_len_34356.8_10 
A300J16DRAFT_NODE-unique_14_len_22791.14_13 
A300J16DRAFT_NODE-unique_1_len_54197.1_36 
A300J16DRAFT_NODE-unique_14_len_22791.14_21 
A300J16DRAFT_NODE-unique_23_len_12927.23_8 
A300J16DRAFT_NODE-unique_3_len_46917.3_36 
A300J16DRAFT_NODE-unique_3_len_46917.3_35 
A300J16DRAFT_NODE-unique_1_len_54197.1_37 
A300J16DRAFT_NODE-unique_1_len_54197.1_1 
A300J16DRAFT_NODE-unique_7_len_34638.7_22 
A300J16DRAFT_NODE-unique_18_len_16220.18_3 
A300J16DRAFT_NODE-unique_8_len_34356.8_14 
A300J16DRAFT_NODE-unique_4_len_45947.4_6 
A300J16DRAFT_NODE-unique_12_len_27730.12_2 
A300J16DRAFT_NODE-unique_71_len_1565.71_1 
A300J16DRAFT_NODE-unique_39_len_5590.39_5 
A300J16DRAFT_NODE-unique_5_len_44889.5_6 
A300J16DRAFT_NODE-unique_9_len_34115.9_48 
A300J16DRAFT_NODE-unique_33_len_6807.33_2 
A300J16DRAFT_NODE-unique_24_len_12260.24_9 
A300J16DRAFT_NODE-unique_7_len_34638.7_4 
A300J16DRAFT_NODE-unique_7_len_34638.7_18 
A300J16DRAFT_NODE-unique_1_len_54197.1_6 
A300J16DRAFT_NODE-unique_11_len_27852.11_7 
A300J16DRAFT_NODE-unique_4_len_45947.4_43 
A300J16DRAFT_NODE-unique_11_len_27852.11_14 
A300J16DRAFT_NODE-unique_20_len_14463.20_13 
A300J16DRAFT_NODE-unique_2_len_53106.2_24 
A300J16DRAFT_NODE-unique_47_len_4025.47_4 
A300J16DRAFT_NODE-unique_16_len_20108.16_8 
A300J16DRAFT_NODE-unique_6_len_35483.6_20 
A300J16DRAFT_NODE-unique_54_len_3038.54_3 
A300J16DRAFT_NODE-unique_28_len_8741.28_12 
A300J16DRAFT_NODE-unique_31_len_6968.31_3 
A300J16DRAFT_NODE-unique_9_len_34115.9_9 
A300J16DRAFT_NODE-unique_30_len_7868.30_5 
A300J16DRAFT_NODE-unique_8_len_34356.8_2 
A300J16DRAFT_NODE-unique_13_len_23274.13_4 
A300J16DRAFT_NODE-unique_21_len_14452.21_15 
A300J16DRAFT_NODE-unique_46_len_4205.46_4 
A300J16DRAFT_NODE-unique_24_len_12260.24_11 
A300J16DRAFT_NODE-unique_27_len_9071.27_3 
A300J16DRAFT_NODE-unique_4_len_45947.4_47 
A300J16DRAFT_NODE-unique_1_len_54197.1_2 
A300J16DRAFT_NODE-unique_2_len_53106.2_12 
A300J16DRAFT_NODE-unique_13_len_23274.13_13 
A300J16DRAFT_NODE-unique_48_len_3812.48_2 
A300J16DRAFT_NODE-unique_1_len_54197.1_11 
A300J16DRAFT_NODE-unique_2_len_53106.2_18 
A300J16DRAFT_NODE-unique_4_len_45947.4_20 
A300J16DRAFT_NODE-unique_14_len_22791.14_17 
A300J16DRAFT_NODE-unique_1_len_54197.1_27 
A300J16DRAFT_NODE-unique_9_len_34115.9_8 
A300J16DRAFT_NODE-unique_8_len_34356.8_18 
A300J16DRAFT_NODE-unique_8_len_34356.8_4 
A300J16DRAFT_NODE-unique_5_len_44889.5_15 
A300J16DRAFT_NODE-unique_2_len_53106.2_15 
A300J16DRAFT_NODE-unique_3_len_46917.3_12 
A300J16DRAFT_NODE-unique_35_len_6365.35_2 
A300J16DRAFT_NODE-unique_22_len_14380.22_7 
A300J16DRAFT_NODE-unique_15_len_20483.15_3 
A300J16DRAFT_NODE-unique_16_len_20108.16_7 
A300J16DRAFT_NODE-unique_16_len_20108.16_13 
A300J16DRAFT_NODE-unique_9_len_34115.9_32 
A300J16DRAFT_NODE-unique_13_len_23274.13_5 
A300J16DRAFT_NODE-unique_2_len_53106.2_3 
A300J16DRAFT_NODE-unique_38_len_5847.38_2 
A300J16DRAFT_NODE-unique_3_len_46917.3_39 
A300J16DRAFT_NODE-unique_32_len_6957.32_7 
A300J16DRAFT_NODE-unique_6_len_35483.6_21 
A300J16DRAFT_NODE-unique_14_len_22791.14_10 
A300J16DRAFT_NODE-unique_2_len_53106.2_46 
A300J16DRAFT_NODE-unique_14_len_22791.14_14 
A300J16DRAFT_NODE-unique_7_len_34638.7_23 
A300J16DRAFT_NODE-unique_4_len_45947.4_50 
A300J16DRAFT_NODE-unique_11_len_27852.11_18 
A300J16DRAFT_NODE-unique_23_len_12927.23_10 
A300J16DRAFT_NODE-unique_29_len_8220.29_9 
A300J16DRAFT_NODE-unique_4_len_45947.4_40 
A300J16DRAFT_NODE-unique_2_len_53106.2_42 
A300J16DRAFT_NODE-unique_14_len_22791.14_3 
A300J16DRAFT_NODE-unique_32_len_6957.32_3 
A300J16DRAFT_NODE-unique_3_len_46917.3_34 
A300J16DRAFT_NODE-unique_3_len_46917.3_26 
A300J16DRAFT_NODE-unique_66_len_2076.66_1 
A300J16DRAFT_NODE-unique_61_len_2318.61_2 
A300J16DRAFT_NODE-unique_11_len_27852.11_13 
A300J16DRAFT_NODE-unique_3_len_46917.3_21 
A300J16DRAFT_NODE-unique_90_len_1235.90_1 
A300J16DRAFT_NODE-unique_2_len_53106.2_2 
A300J16DRAFT_NODE-unique_7_len_34638.7_1 
A300J16DRAFT_NODE-unique_20_len_14463.20_14 
A300J16DRAFT_NODE-unique_3_len_46917.3_31 
A300J16DRAFT_NODE-unique_42_len_5139.42_5 
A300J16DRAFT_NODE-unique_5_len_44889.5_23 
A300J16DRAFT_NODE-unique_14_len_22791.14_18 
A300J16DRAFT_NODE-unique_12_len_27730.12_13 
A300J16DRAFT_NODE-unique_2_len_53106.2_29 
A300J16DRAFT_NODE-unique_16_len_20108.16_3 
A300J16DRAFT_NODE-unique_5_len_44889.5_28 
A300J16DRAFT_NODE-unique_12_len_27730.12_1 
A300J16DRAFT_NODE-unique_2_len_53106.2_33 
A300J16DRAFT_NODE-unique_13_len_23274.13_19 
A300J16DRAFT_NODE-unique_23_len_12927.23_9 
A300J16DRAFT_NODE-unique_2_len_53106.2_13 
A300J16DRAFT_NODE-unique_39_len_5590.39_2 
A300J16DRAFT_NODE-unique_2_len_53106.2_27 
A300J16DRAFT_NODE-unique_35_len_6365.35_4 
A300J16DRAFT_NODE-unique_4_len_45947.4_7 
A300J16DRAFT_NODE-unique_2_len_53106.2_22 
A300J16DRAFT_NODE-unique_1_len_54197.1_10 
A300J16DRAFT_NODE-unique_1_len_54197.1_15 
A300J16DRAFT_NODE-unique_44_len_4843.44_1 
A300J16DRAFT_NODE-unique_13_len_23274.13_12 
A300J16DRAFT_NODE-unique_42_len_5139.42_4 
A300J16DRAFT_NODE-unique_34_len_6567.34_2 
A300J16DRAFT_NODE-unique_3_len_46917.3_11 
A300J16DRAFT_NODE-unique_9_len_34115.9_10 
A300J16DRAFT_NODE-unique_10_len_31747.10_10 
A300J16DRAFT_NODE-unique_10_len_31747.10_8 
A300J16DRAFT_NODE-unique_2_len_53106.2_9 
A300J16DRAFT_NODE-unique_7_len_34638.7_3 
A300J16DRAFT_NODE-unique_35_len_6365.35_5 
A300J16DRAFT_NODE-unique_45_len_4641.45_3 
A300J16DRAFT_NODE-unique_32_len_6957.32_5 
A300J16DRAFT_NODE-unique_2_len_53106.2_4 
A300J16DRAFT_NODE-unique_4_len_45947.4_46 
A300J16DRAFT_NODE-unique_38_len_5847.38_3 
A300J16DRAFT_NODE-unique_38_len_5847.38_6 
A300J16DRAFT_NODE-unique_3_len_46917.3_33 
A300J16DRAFT_NODE-unique_79_len_1461.79_1 
A300J16DRAFT_NODE-unique_38_len_5847.38_5 
A300J16DRAFT_NODE-unique_2_len_53106.2_5 
A300J16DRAFT_NODE-unique_11_len_27852.11_17 
A300J16DRAFT_NODE-unique_39_len_5590.39_4 
A300J16DRAFT_NODE-unique_45_len_4641.45_6 
A300J16DRAFT_NODE-unique_10_len_31747.10_11 
A300J16DRAFT_NODE-unique_14_len_22791.14_23 
A300J16DRAFT_NODE-unique_4_len_45947.4_49 
A300J16DRAFT_NODE-unique_58_len_2544.58_2 
A300J16DRAFT_NODE-unique_11_len_27852.11_2 
A300J16DRAFT_NODE-unique_17_len_16663.17_21 
A300J16DRAFT_NODE-unique_18_len_16220.18_7 
A300J16DRAFT_NODE-unique_40_len_5523.40_7 
A300J16DRAFT_NODE-unique_104_len_1069.104_1 
A300J16DRAFT_NODE-unique_32_len_6957.32_6 
A300J16DRAFT_NODE-unique_5_len_44889.5_41 
A300J16DRAFT_NODE-unique_6_len_35483.6_14 
A300J16DRAFT_NODE-unique_4_len_45947.4_34 
A300J16DRAFT_NODE-unique_10_len_31747.10_31 
A300J16DRAFT_NODE-unique_2_len_53106.2_25 
A300J16DRAFT_NODE-unique_1_len_54197.1_28 
A300J16DRAFT_NODE-unique_11_len_27852.11_5 
A300J16DRAFT_NODE-unique_14_len_22791.14_26 
A300J16DRAFT_NODE-unique_23_len_12927.23_3 
A300J16DRAFT_NODE-unique_5_len_44889.5_26 
A300J16DRAFT_NODE-unique_13_len_23274.13_15 
A300J16DRAFT_NODE-unique_42_len_5139.42_2 
A300J16DRAFT_NODE-unique_17_len_16663.17_22 
A300J16DRAFT_NODE-unique_22_len_14380.22_3 
A300J16DRAFT_NODE-unique_2_len_53106.2_21 
A300J16DRAFT_NODE-unique_23_len_12927.23_4 
A300J16DRAFT_NODE-unique_10_len_31747.10_3 
A300J16DRAFT_NODE-unique_5_len_44889.5_42 
A300J16DRAFT_NODE-unique_7_len_34638.7_2 
A300J16DRAFT_NODE-unique_11_len_27852.11_6 
A300J16DRAFT_NODE-unique_5_len_44889.5_13 
A300J16DRAFT_NODE-unique_36_len_6349.36_5 
A300J16DRAFT_NODE-unique_2_len_53106.2_23 
A300J16DRAFT_NODE-unique_2_len_53106.2_39 
A300J16DRAFT_NODE-unique_11_len_27852.11_8 
A300J16DRAFT_NODE-unique_4_len_45947.4_16 
A300J16DRAFT_NODE-unique_2_len_53106.2_14 
A300J16DRAFT_NODE-unique_5_len_44889.5_31 
A300J16DRAFT_NODE-unique_12_len_27730.12_7 
A300J16DRAFT_NODE-unique_10_len_31747.10_18 
A300J16DRAFT_NODE-unique_11_len_27852.11_9 
A300J16DRAFT_NODE-unique_33_len_6807.33_8 
A300J16DRAFT_NODE-unique_1_len_54197.1_21 
A300J16DRAFT_NODE-unique_29_len_8220.29_5 
A300J16DRAFT_NODE-unique_51_len_3366.51_3 
A300J16DRAFT_NODE-unique_4_len_45947.4_19 
A300J16DRAFT_NODE-unique_7_len_34638.7_9 
A300J16DRAFT_NODE-unique_16_len_20108.16_6 
A300J16DRAFT_NODE-unique_2_len_53106.2_35 
A300J16DRAFT_NODE-unique_37_len_5886.37_1 
A300J16DRAFT_NODE-unique_40_len_5523.40_1 
A300J16DRAFT_NODE-unique_67_len_2065.67_2 
A300J16DRAFT_NODE-unique_29_len_8220.29_1 
A300J16DRAFT_NODE-unique_6_len_35483.6_22 
A300J16DRAFT_NODE-unique_114_len_938.114_1 
A300J16DRAFT_NODE-unique_31_len_6968.31_2 
A300J16DRAFT_NODE-unique_6_len_35483.6_29 
A300J16DRAFT_NODE-unique_100_len_1100.100_1 
A300J16DRAFT_NODE-unique_15_len_20483.15_6 
A300J16DRAFT_NODE-unique_2_len_53106.2_40 
A300J16DRAFT_NODE-unique_4_len_45947.4_21 
A300J16DRAFT_NODE-unique_3_len_46917.3_29 
A300J16DRAFT_NODE-unique_62_len_2295.62_3 
A300J16DRAFT_NODE-unique_36_len_6349.36_1 
A300J16DRAFT_NODE-unique_1_len_54197.1_12 
A300J16DRAFT_NODE-unique_1_len_54197.1_41 
A300J16DRAFT_NODE-unique_3_len_46917.3_40 
A300J16DRAFT_NODE-unique_11_len_27852.11_1 
A300J16DRAFT_NODE-unique_2_len_53106.2_34 
A300J16DRAFT_NODE-unique_4_len_45947.4_41 
A300J16DRAFT_NODE-unique_61_len_2318.61_1 
A300J16DRAFT_NODE-unique_7_len_34638.7_24 
A300J16DRAFT_NODE-unique_13_len_23274.13_2 
A300J16DRAFT_NODE-unique_29_len_8220.29_8 
A300J16DRAFT_NODE-unique_50_len_3618.50_6 
A300J16DRAFT_NODE-unique_6_len_35483.6_25 
A300J16DRAFT_NODE-unique_75_len_1529.75_2 
A300J16DRAFT_NODE-unique_6_len_35483.6_16 
A300J16DRAFT_NODE-unique_48_len_3812.48_4 
A300J16DRAFT_NODE-unique_4_len_45947.4_37 
A300J16DRAFT_NODE-unique_8_len_34356.8_21 
A300J16DRAFT_NODE-unique_25_len_10014.25_6 
A300J16DRAFT_NODE-unique_119_len_875.119_1 
A300J16DRAFT_NODE-unique_12_len_27730.12_11 
A300J16DRAFT_NODE-unique_24_len_12260.24_10 
A300J16DRAFT_NODE-unique_2_len_53106.2_16 
A300J16DRAFT_NODE-unique_3_len_46917.3_28 
A300J16DRAFT_NODE-unique_58_len_2544.58_3 
A300J16DRAFT_NODE-unique_5_len_44889.5_27 
A300J16DRAFT_NODE-unique_17_len_16663.17_23 
A300J16DRAFT_NODE-unique_2_len_53106.2_11 
A300J16DRAFT_NODE-unique_8_len_34356.8_20 
A300J16DRAFT_NODE-unique_111_len_1012.111_1 
A300J16DRAFT_NODE-unique_51_len_3366.51_1 
A300J16DRAFT_NODE-unique_28_len_8741.28_2 
A300J16DRAFT_NODE-unique_11_len_27852.11_10 
A300J16DRAFT_NODE-unique_23_len_12927.23_6 
A300J16DRAFT_NODE-unique_2_len_53106.2_28 
A300J16DRAFT_NODE-unique_34_len_6567.34_3 
A300J16DRAFT_NODE-unique_4_len_45947.4_42 
A300J16DRAFT_NODE-unique_16_len_20108.16_14 
A300J16DRAFT_NODE-unique_121_len_867.121_1 
A300J16DRAFT_NODE-unique_2_len_53106.2_47 
A300J16DRAFT_NODE-unique_5_len_44889.5_32 
A300J16DRAFT_NODE-unique_6_len_35483.6_17 
A300J16DRAFT_NODE-unique_6_len_35483.6_23 
A300J16DRAFT_NODE-unique_10_len_31747.10_14 
A300J16DRAFT_NODE-unique_3_len_46917.3_41 
A300J16DRAFT_NODE-unique_7_len_34638.7_21 
A300J16DRAFT_NODE-unique_3_len_46917.3_14 
A300J16DRAFT_NODE-unique_54_len_3038.54_2 
A300J16DRAFT_NODE-unique_22_len_14380.22_24 
A300J16DRAFT_NODE-unique_3_len_46917.3_1 
A300J16DRAFT_NODE-unique_1_len_54197.1_16 
A300J16DRAFT_NODE-unique_37_len_5886.37_7 
A300J16DRAFT_NODE-unique_92_len_1212.92_1 
A300J16DRAFT_NODE-unique_18_len_16220.18_8 
A300J16DRAFT_NODE-unique_22_len_14380.22_27 
A300J16DRAFT_NODE-unique_3_len_46917.3_24 
A300J16DRAFT_NODE-unique_8_len_34356.8_13 
A300J16DRAFT_NODE-unique_16_len_20108.16_16 
A300J16DRAFT_NODE-unique_84_len_1333.84_1 
A300J16DRAFT_NODE-unique_23_len_12927.23_11 
A300J16DRAFT_NODE-unique_23_len_12927.23_2 
A300J16DRAFT_NODE-unique_5_len_44889.5_5 
A300J16DRAFT_NODE-unique_17_len_16663.17_19 
A300J16DRAFT_NODE-unique_33_len_6807.33_4 
A300J16DRAFT_NODE-unique_14_len_22791.14_20 
A300J16DRAFT_NODE-unique_1_len_54197.1_47 
A300J16DRAFT_NODE-unique_10_len_31747.10_33 
A300J16DRAFT_NODE-unique_14_len_22791.14_4 
A300J16DRAFT_NODE-unique_1_len_54197.1_18 
A300J16DRAFT_NODE-unique_21_len_14452.21_6 
A300J16DRAFT_NODE-unique_64_len_2148.64_3 
A300J16DRAFT_NODE-unique_112_len_1010.112_1 
A300J16DRAFT_NODE-unique_2_len_53106.2_7 
A300J16DRAFT_NODE-unique_63_len_2283.63_3 
A300J16DRAFT_NODE-unique_2_len_53106.2_45 
A300J16DRAFT_NODE-unique_85_len_1294.85_3 
A300J16DRAFT_NODE-unique_23_len_12927.23_7 
A300J16DRAFT_NODE-unique_2_len_53106.2_36 
A300J16DRAFT_NODE-unique_45_len_4641.45_2 
A300J16DRAFT_NODE-unique_45_len_4641.45_5 
A300J16DRAFT_NODE-unique_8_len_34356.8_19 
A300J16DRAFT_NODE-unique_1_len_54197.1_9 
A300J16DRAFT_NODE-unique_42_len_5139.42_1 
A300J16DRAFT_NODE-unique_4_len_45947.4_5 
A300J16DRAFT_NODE-unique_56_len_2722.56_4 
A300J16DRAFT_NODE-unique_81_len_1419.81_1 
A300J16DRAFT_NODE-unique_18_len_16220.18_5 
A300J16DRAFT_NODE-unique_1_len_54197.1_48 
A300J16DRAFT_NODE-unique_3_len_46917.3_13 
A300J16DRAFT_NODE-unique_3_len_46917.3_37 
A300J16DRAFT_NODE-unique_3_len_46917.3_2 
A300J16DRAFT_NODE-unique_13_len_23274.13_3 
A300J16DRAFT_NODE-unique_3_len_46917.3_30 
A300J16DRAFT_NODE-unique_86_len_1267.86_1 
A300J16DRAFT_NODE-unique_1_len_54197.1_13 
A300J16DRAFT_NODE-unique_38_len_5847.38_4 
A300J16DRAFT_NODE-unique_43_len_4890.43_5 
A300J16DRAFT_NODE-unique_64_len_2148.64_2 
A300J16DRAFT_NODE-unique_7_len_34638.7_17 
A300J16DRAFT_NODE-unique_28_len_8741.28_11 
A300J16DRAFT_NODE-unique_132_len_727.132_1 
A300J16DRAFT_NODE-unique_24_len_12260.24_8 
A300J16DRAFT_NODE-unique_7_len_34638.7_25 
A300J16DRAFT_NODE-unique_67_len_2065.67_3 
A300J16DRAFT_NODE-unique_134_len_719.134_1 
A300J16DRAFT_NODE-unique_29_len_8220.29_4 
A300J16DRAFT_NODE-unique_113_len_1002.113_2 
A300J16DRAFT_NODE-unique_4_len_45947.4_39 
A300J16DRAFT_NODE-unique_12_len_27730.12_10 
A300J16DRAFT_NODE-unique_5_len_44889.5_4 
A300J16DRAFT_NODE-unique_108_len_1046.108_2 
A300J16DRAFT_NODE-unique_10_len_31747.10_13 
A300J16DRAFT_NODE-unique_40_len_5523.40_4 
A300J16DRAFT_NODE-unique_2_len_53106.2_20 
A300J16DRAFT_NODE-unique_137_len_703.137_1 
A300J16DRAFT_NODE-unique_2_len_53106.2_32 
A300J16DRAFT_NODE-unique_78_len_1462.78_1 
A300J16DRAFT_NODE-unique_14_len_22791.14_16 
A300J16DRAFT_NODE-unique_22_len_14380.22_21 
A300J16DRAFT_NODE-unique_69_len_1603.69_2 
A300J16DRAFT_NODE-unique_62_len_2295.62_2 
A300J16DRAFT_NODE-unique_12_len_27730.12_17 
A300J16DRAFT_NODE-unique_12_len_27730.12_9 
A300J16DRAFT_NODE-unique_16_len_20108.16_9 
A300J16DRAFT_NODE-unique_2_len_53106.2_10 
A300J16DRAFT_NODE-unique_43_len_4890.43_6 
A300J16DRAFT_NODE-unique_18_len_16220.18_2 
A300J16DRAFT_NODE-unique_142_len_680.142_1 
A300J16DRAFT_NODE-unique_21_len_14452.21_5 
A300J16DRAFT_NODE-unique_31_len_6968.31_8 
A300J16DRAFT_NODE-unique_144_len_675.144_1 
A300J16DRAFT_NODE-unique_18_len_16220.18_4 
A300J16DRAFT_NODE-unique_5_len_44889.5_14 
A300J16DRAFT_NODE-unique_23_len_12927.23_13 
A300J16DRAFT_NODE-unique_46_len_4205.46_1 
A300J16DRAFT_NODE-unique_7_len_34638.7_26 
A300J16DRAFT_NODE-unique_122_len_829.122_1 
A300J16DRAFT_NODE-unique_27_len_9071.27_6 
A300J16DRAFT_NODE-unique_5_len_44889.5_43 
A300J16DRAFT_NODE-unique_7_len_34638.7_5 
A300J16DRAFT_NODE-unique_91_len_1215.91_2 
A300J16DRAFT_NODE-unique_8_len_34356.8_8 
A300J16DRAFT_NODE-unique_34_len_6567.34_5 
A300J16DRAFT_NODE-unique_105_len_1063.105_1 
A300J16DRAFT_NODE-unique_30_len_7868.30_13 
A300J16DRAFT_NODE-unique_30_len_7868.30_4 
A300J16DRAFT_NODE-unique_78_len_1462.78_2 
A300J16DRAFT_NODE-unique_106_len_1057.106_1 
A300J16DRAFT_NODE-unique_39_len_5590.39_3 
A300J16DRAFT_NODE-unique_7_len_34638.7_6 
A300J16DRAFT_NODE-unique_10_len_31747.10_1 
A300J16DRAFT_NODE-unique_2_len_53106.2_1 
A300J16DRAFT_NODE-unique_3_len_46917.3_6 
A300J16DRAFT_NODE-unique_27_len_9071.27_2 
A300J16DRAFT_NODE-unique_8_len_34356.8_7 
A300J16DRAFT_NODE-unique_129_len_801.129_2 
A300J16DRAFT_NODE-unique_15_len_20483.15_12 
A300J16DRAFT_NODE-unique_2_len_53106.2_49 
A300J16DRAFT_NODE-unique_5_len_44889.5_44 
A300J16DRAFT_NODE-unique_8_len_34356.8_23 
A300J16DRAFT_NODE-unique_14_len_22791.14_11 
A300J16DRAFT_NODE-unique_151_len_643.151_1 
A300J16DRAFT_NODE-unique_57_len_2619.57_2 
A300J16DRAFT_NODE-unique_101_len_1090.101_1 
A300J16DRAFT_NODE-unique_153_len_638.153_1 
A300J16DRAFT_NODE-unique_14_len_22791.14_5 
A300J16DRAFT_NODE-unique_154_len_637.154_1 
A300J16DRAFT_NODE-unique_73_len_1546.73_2 
A300J16DRAFT_NODE-unique_47_len_4025.47_5 
A300J16DRAFT_NODE-unique_49_len_3748.49_6 
A300J16DRAFT_NODE-unique_22_len_14380.22_26 
A300J16DRAFT_NODE-unique_9_len_34115.9_3 
A300J16DRAFT_NODE-unique_97_len_1172.97_1 
A300J16DRAFT_NODE-unique_9_len_34115.9_7 
A300J16DRAFT_NODE-unique_116_len_918.116_2 
A300J16DRAFT_NODE-unique_158_len_623.158_1 
A300J16DRAFT_NODE-unique_7_len_34638.7_28 
A300J16DRAFT_NODE-unique_157_len_627.157_1 
A300J16DRAFT_NODE-unique_159_len_622.159_1 
A300J16DRAFT_NODE-unique_161_len_616.161_1 
A300J16DRAFT_NODE-unique_31_len_6968.31_7 
A300J16DRAFT_NODE-unique_11_len_27852.11_3 
A300J16DRAFT_NODE-unique_11_len_27852.11_20 
A300J16DRAFT_NODE-unique_39_len_5590.39_1 
A300J16DRAFT_NODE-unique_9_len_34115.9_47 
A300J16DRAFT_NODE-unique_15_len_20483.15_2 
A300J16DRAFT_NODE-unique_98_len_1128.98_1 
A300J16DRAFT_NODE-unique_21_len_14452.21_9 
A300J16DRAFT_NODE-unique_8_len_34356.8_16 
A300J16DRAFT_NODE-unique_13_len_23274.13_22 
A300J16DRAFT_NODE-unique_145_len_670.145_1 
A300J16DRAFT_NODE-unique_2_len_53106.2_17 
A300J16DRAFT_NODE-unique_33_len_6807.33_5 
A300J16DRAFT_NODE-unique_9_len_34115.9_46 
A300J16DRAFT_NODE-unique_117_len_900.117_2 
A300J16DRAFT_NODE-unique_49_len_3748.49_4 
A300J16DRAFT_NODE-unique_69_len_1603.69_1 
A300J16DRAFT_NODE-unique_170_len_588.170_1 
A300J16DRAFT_NODE-unique_28_len_8741.28_4 
A300J16DRAFT_NODE-unique_1_len_54197.1_22 
A300J16DRAFT_NODE-unique_173_len_574.173_1 
A300J16DRAFT_NODE-unique_177_len_567.177_1 
A300J16DRAFT_NODE-unique_22_len_14380.22_6 
A300J16DRAFT_NODE-unique_4_len_45947.4_25 
A300J16DRAFT_NODE-unique_9_len_34115.9_14 
A300J16DRAFT_NODE-unique_175_len_569.175_1 
A300J16DRAFT_NODE-unique_180_len_561.180_1 
A300J16DRAFT_NODE-unique_22_len_14380.22_10 
A300J16DRAFT_NODE-unique_28_len_8741.28_6 
A300J16DRAFT_NODE-unique_127_len_806.127_1 
A300J16DRAFT_NODE-unique_20_len_14463.20_4 
A300J16DRAFT_NODE-unique_51_len_3366.51_2 
A300J16DRAFT_NODE-unique_89_len_1238.89_2 
A300J16DRAFT_NODE-unique_14_len_22791.14_19 
A300J16DRAFT_NODE-unique_181_len_557.181_1 
A300J16DRAFT_NODE-unique_49_len_3748.49_7 
A300J16DRAFT_NODE-unique_10_len_31747.10_9 
A300J16DRAFT_NODE-unique_146_len_660.146_1 
A300J16DRAFT_NODE-unique_184_len_554.184_1 
A300J16DRAFT_NODE-unique_185_len_553.185_1 
A300J16DRAFT_NODE-unique_26_len_9207.26_1 
A300J16DRAFT_NODE-unique_187_len_552.187_1 
A300J16DRAFT_NODE-unique_189_len_549.189_1 
A300J16DRAFT_NODE-unique_17_len_16663.17_14 
A300J16DRAFT_NODE-unique_2_len_53106.2_44 
A300J16DRAFT_NODE-unique_73_len_1546.73_1 
A300J16DRAFT_NODE-unique_191_len_546.191_1 
A300J16DRAFT_NODE-unique_192_len_544.192_1 
A300J16DRAFT_NODE-unique_22_len_14380.22_15 
A300J16DRAFT_NODE-unique_8_len_34356.8_5 
A300J16DRAFT_NODE-unique_2_len_53106.2_41 
A300J16DRAFT_NODE-unique_30_len_7868.30_3 
A300J16DRAFT_NODE-unique_32_len_6957.32_2 
A300J16DRAFT_NODE-unique_143_len_680.143_1 
A300J16DRAFT_NODE-unique_196_len_536.196_1 
A300J16DRAFT_NODE-unique_197_len_536.197_1 
A300J16DRAFT_NODE-unique_29_len_8220.29_2 
A300J16DRAFT_NODE-unique_41_len_5399.41_4 
A300J16DRAFT_NODE-unique_55_len_2949.55_3 
A300J16DRAFT_NODE-unique_130_len_742.130_2 
A300J16DRAFT_NODE-unique_22_len_14380.22_12 
A300J16DRAFT_NODE-unique_12_len_27730.12_15 
A300J16DRAFT_NODE-unique_149_len_657.149_1 
A300J16DRAFT_NODE-unique_200_len_528.200_1 
A300J16DRAFT_NODE-unique_203_len_526.203_1 
A300J16DRAFT_NODE-unique_23_len_12927.23_5 
A300J16DRAFT_NODE-unique_4_len_45947.4_17 
A300J16DRAFT_NODE-unique_86_len_1267.86_2 
A300J16DRAFT_NODE-unique_204_len_525.204_1 
A300J16DRAFT_NODE-unique_205_len_524.205_1 
A300J16DRAFT_NODE-unique_4_len_45947.4_3 
A300J16DRAFT_NODE-unique_188_len_550.188_1 
A300J16DRAFT_NODE-unique_12_len_27730.12_18 
A300J16DRAFT_NODE-unique_207_len_518.207_1 
A300J16DRAFT_NODE-unique_68_len_1617.68_2 
A300J16DRAFT_NODE-unique_4_len_45947.4_36 
A300J16DRAFT_NODE-unique_27_len_9071.27_13 
A300J16DRAFT_NODE-unique_49_len_3748.49_3 
A300J16DRAFT_NODE-unique_97_len_1172.97_2 
A300J16DRAFT_NODE-unique_131_len_732.131_2 
A300J16DRAFT_NODE-unique_209_len_510.209_1 
A300J16DRAFT_NODE-unique_210_len_510.210_1 
A300J16DRAFT_NODE-unique_45_len_4641.45_4 
A300J16DRAFT_NODE-unique_55_len_2949.55_5 
A300J16DRAFT_NODE-unique_66_len_2076.66_2 
A300J16DRAFT_NODE-unique_20_len_14463.20_12 
A300J16DRAFT_NODE-unique_91_len_1215.91_1 
A300J16DRAFT_NODE-unique_14_len_22791.14_24 
A300J16DRAFT_NODE-unique_36_len_6349.36_7 
A300J16DRAFT_NODE-unique_23_len_12927.23_15 
A300J16DRAFT_NODE-unique_3_len_46917.3_7 
A300J16DRAFT_NODE-unique_42_len_5139.42_3 
A300J16DRAFT_NODE-unique_1_len_54197.1_8 
A300J16DRAFT_NODE-unique_2_len_53106.2_38 
A300J16DRAFT_NODE-unique_64_len_2148.64_1 
A300J16DRAFT_NODE-unique_109_len_1022.109_2 
A300J16DRAFT_NODE-unique_37_len_5886.37_5 
A300J16DRAFT_NODE-unique_136_len_710.136_1 
A300J16DRAFT_NODE-unique_1_len_54197.1_38 
A300J16DRAFT_NODE-unique_7_len_34638.7_27 
A300J16DRAFT_NODE-unique_152_len_641.152_2 
A300J16DRAFT_NODE-unique_43_len_4890.43_4 
A300J16DRAFT_NODE-unique_59_len_2474.59_4 
A300J16DRAFT_NODE-unique_56_len_2722.56_3 
A300J16DRAFT_NODE-unique_6_len_35483.6_35 
A300J16DRAFT_NODE-unique_9_len_34115.9_19 
A300J16DRAFT_NODE-unique_16_len_20108.16_11 
A300J16DRAFT_NODE-unique_22_len_14380.22_8 
A300J16DRAFT_NODE-unique_29_len_8220.29_11 
A300J16DRAFT_NODE-unique_3_len_46917.3_15 
A300J16DRAFT_NODE-unique_2_len_53106.2_50 
A300J16DRAFT_NODE-unique_12_len_27730.12_23 
A300J16DRAFT_NODE-unique_6_len_35483.6_9 
A300J16DRAFT_NODE-unique_14_len_22791.14_8 
A300J16DRAFT_NODE-unique_32_len_6957.32_1 
A300J16DRAFT_NODE-unique_36_len_6349.36_6 
A300J16DRAFT_NODE-unique_21_len_14452.21_8 
A300J16DRAFT_NODE-unique_49_len_3748.49_5 
A300J16DRAFT_NODE-unique_4_len_45947.4_9 
A300J16DRAFT_NODE-unique_6_len_35483.6_30 
A300J16DRAFT_NODE-unique_11_len_27852.11_24 
A300J16DRAFT_NODE-unique_174_len_572.174_2 
A300J16DRAFT_NODE-unique_128_len_802.128_1 
A300J16DRAFT_NODE-unique_13_len_23274.13_8 
A300J16DRAFT_NODE-unique_1_len_54197.1_45 
A300J16DRAFT_NODE-unique_63_len_2283.63_1 
A300J16DRAFT_NODE-unique_162_len_615.162_1 
A300J16DRAFT_NODE-unique_6_len_35483.6_10 
A300J16DRAFT_NODE-unique_17_len_16663.17_10 
A300J16DRAFT_NODE-unique_21_len_14452.21_12 
A300J16DRAFT_NODE-unique_4_len_45947.4_51 
A300J16DRAFT_NODE-unique_89_len_1238.89_1 
A300J16DRAFT_NODE-unique_98_len_1128.98_2 
A300J16DRAFT_NODE-unique_11_len_27852.11_15 
A300J16DRAFT_NODE-unique_133_len_727.133_1 
A300J16DRAFT_NODE-unique_140_len_685.140_1 
A300J16DRAFT_NODE-unique_8_len_34356.8_9 
A300J16DRAFT_NODE-unique_4_len_45947.4_35 
A300J16DRAFT_NODE-unique_1_len_54197.1_19 
A300J16DRAFT_NODE-unique_27_len_9071.27_15 
A300J16DRAFT_NODE-unique_5_len_44889.5_29 
A300J16DRAFT_NODE-unique_107_len_1056.107_2 
A300J16DRAFT_NODE-unique_12_len_27730.12_16 
A300J16DRAFT_NODE-unique_21_len_14452.21_17 
A300J16DRAFT_NODE-unique_22_len_14380.22_2 
A300J16DRAFT_NODE-unique_52_len_3252.52_1 
A300J16DRAFT_NODE-unique_10_len_31747.10_17 
A300J16DRAFT_NODE-unique_123_len_824.123_1 
A300J16DRAFT_NODE-unique_21_len_14452.21_18 
A300J16DRAFT_NODE-unique_27_len_9071.27_11 
A300J16DRAFT_NODE-unique_44_len_4843.44_7 
A300J16DRAFT_NODE-unique_109_len_1022.109_3 
A300J16DRAFT_NODE-unique_199_len_531.199_1 
A300J16DRAFT_NODE-unique_202_len_526.202_1 
A300J16DRAFT_NODE-unique_22_len_14380.22_20 
A300J16DRAFT_NODE-unique_3_len_46917.3_43 
A300J16DRAFT_NODE-unique_4_len_45947.4_29 
A300J16DRAFT_NODE-unique_9_len_34115.9_11 
A300J16DRAFT_NODE-unique_123_len_824.123_2 
A300J16DRAFT_NODE-unique_5_len_44889.5_39 
A300J16DRAFT_NODE-unique_118_len_875.118_1 
A300J16DRAFT_NODE-unique_1_len_54197.1_25 
A300J16DRAFT_NODE-unique_81_len_1419.81_2 
A300J16DRAFT_NODE-unique_179_len_562.179_2 
A300J16DRAFT_NODE-unique_16_len_20108.16_5 
A300J16DRAFT_NODE-unique_2_len_53106.2_48 
A300J16DRAFT_NODE-unique_7_len_34638.7_16 
A300J16DRAFT_NODE-unique_1_len_54197.1_34 
A300J16DRAFT_NODE-unique_40_len_5523.40_6 
A300J16DRAFT_NODE-unique_55_len_2949.55_1 
A300J16DRAFT_NODE-unique_56_len_2722.56_2 
A300J16DRAFT_NODE-unique_22_len_14380.22_13 
A300J16DRAFT_NODE-unique_32_len_6957.32_4 
A300J16DRAFT_NODE-unique_3_len_46917.3_27 
A300J16DRAFT_NODE-unique_49_len_3748.49_8 
A300J16DRAFT_NODE-unique_59_len_2474.59_1 
A300J16DRAFT_NODE-unique_6_len_35483.6_3 
A300J16DRAFT_NODE-unique_9_len_34115.9_16 
A300J16DRAFT_NODE-unique_105_len_1063.105_2 
A300J16DRAFT_NODE-unique_165_len_605.165_1 
A300J16DRAFT_NODE-unique_22_len_14380.22_4 
A300J16DRAFT_NODE-unique_63_len_2283.63_2 
A300J16DRAFT_NODE-unique_7_len_34638.7_10 
A300J16DRAFT_NODE-unique_9_len_34115.9_13 
A300J16DRAFT_NODE-unique_37_len_5886.37_8 
A300J16DRAFT_NODE-unique_6_len_35483.6_11 
A300J16DRAFT_NODE-unique_92_len_1212.92_2 
A300J16DRAFT_NODE-unique_29_len_8220.29_10 
A300J16DRAFT_NODE-unique_59_len_2474.59_3 
A300J16DRAFT_NODE-unique_102_len_1088.102_1 
A300J16DRAFT_NODE-unique_40_len_5523.40_3 
A300J16DRAFT_NODE-unique_50_len_3618.50_3 
A300J16DRAFT_NODE-unique_9_len_34115.9_25 
A300J16DRAFT_NODE-unique_10_len_31747.10_22 
A300J16DRAFT_NODE-unique_12_len_27730.12_19 
A300J16DRAFT_NODE-unique_14_len_22791.14_6 
A300J16DRAFT_NODE-unique_25_len_10014.25_4 
A300J16DRAFT_NODE-unique_49_len_3748.49_2 
A300J16DRAFT_NODE-unique_87_len_1245.87_1 
A300J16DRAFT_NODE-unique_9_len_34115.9_37 
A300J16DRAFT_NODE-unique_172_len_576.172_1 
A300J16DRAFT_NODE-unique_22_len_14380.22_22 
A300J16DRAFT_NODE-unique_93_len_1199.93_3 
A300J16DRAFT_NODE-unique_17_len_16663.17_13 
A300J16DRAFT_NODE-unique_55_len_2949.55_4 
A300J16DRAFT_NODE-unique_6_len_35483.6_33 
A300J16DRAFT_NODE-unique_93_len_1199.93_1 
A300J16DRAFT_NODE-unique_12_len_27730.12_22 
A300J16DRAFT_NODE-unique_17_len_16663.17_12 
A300J16DRAFT_NODE-unique_23_len_12927.23_14 
A300J16DRAFT_NODE-unique_25_len_10014.25_11 
A300J16DRAFT_NODE-unique_25_len_10014.25_5 
A300J16DRAFT_NODE-unique_43_len_4890.43_3 
A300J16DRAFT_NODE-unique_47_len_4025.47_1 
A300J16DRAFT_NODE-unique_9_len_34115.9_23 
A300J16DRAFT_NODE-unique_178_len_564.178_1 
A300J16DRAFT_NODE-unique_22_len_14380.22_17 
A300J16DRAFT_NODE-unique_22_len_14380.22_5 
A300J16DRAFT_NODE-unique_67_len_2065.67_1 
A300J16DRAFT_NODE-unique_6_len_35483.6_34 
A300J16DRAFT_NODE-unique_6_len_35483.6_7 
A300J16DRAFT_NODE-unique_9_len_34115.9_30 
A300J16DRAFT_NODE-unique_14_len_22791.14_7 
A300J16DRAFT_NODE-unique_156_len_632.156_1 
A300J16DRAFT_NODE-unique_1_len_54197.1_3 
A300J16DRAFT_NODE-unique_87_len_1245.87_4 
A300J16DRAFT_NODE-unique_13_len_23274.13_17 
A300J16DRAFT_NODE-unique_167_len_602.167_1 
A300J16DRAFT_NODE-unique_6_len_35483.6_4 
A300J16DRAFT_NODE-unique_74_len_1541.74_2 
A300J16DRAFT_NODE-unique_208_len_514.208_1 
A300J16DRAFT_NODE-unique_22_len_14380.22_11 
A300J16DRAFT_NODE-unique_44_len_4843.44_3 
A300J16DRAFT_NODE-unique_6_len_35483.6_32 
A300J16DRAFT_NODE-unique_1_len_54197.1_35 
A300J16DRAFT_NODE-unique_93_len_1199.93_2 
A300J16DRAFT_NODE-unique_141_len_684.141_2 
A300J16DRAFT_NODE-unique_42_len_5139.42_6 
A300J16DRAFT_NODE-unique_24_len_12260.24_1 
A300J16DRAFT_NODE-unique_33_len_6807.33_3 
A300J16DRAFT_NODE-unique_4_len_45947.4_30 
A300J16DRAFT_NODE-unique_15_len_20483.15_10 
A300J16DRAFT_NODE-unique_6_len_35483.6_6 
A300J16DRAFT_NODE-unique_128_len_802.128_2 
A300J16DRAFT_NODE-unique_24_len_12260.24_2 
A300J16DRAFT_NODE-unique_29_len_8220.29_7 
A300J16DRAFT_NODE-unique_7_len_34638.7_30 
A300J16DRAFT_NODE-unique_9_len_34115.9_40 
A300J16DRAFT_NODE-unique_62_len_2295.62_1 
A300J16DRAFT_NODE-unique_73_len_1546.73_3 
A300J16DRAFT_NODE-unique_108_len_1046.108_1 
A300J16DRAFT_NODE-unique_125_len_810.125_1 
A300J16DRAFT_NODE-unique_39_len_5590.39_6 
A300J16DRAFT_NODE-unique_46_len_4205.46_3 
A300J16DRAFT_NODE-unique_6_len_35483.6_37 
A300J16DRAFT_NODE-unique_9_len_34115.9_6 
A300J16DRAFT_NODE-unique_14_len_22791.14_9 
A300J16DRAFT_NODE-unique_15_len_20483.15_26 
A300J16DRAFT_NODE-unique_190_len_548.190_2 
A300J16DRAFT_NODE-unique_21_len_14452.21_1 
A300J16DRAFT_NODE-unique_22_len_14380.22_25 
A300J16DRAFT_NODE-unique_3_len_46917.3_38 
A300J16DRAFT_NODE-unique_4_len_45947.4_8 
A300J16DRAFT_NODE-unique_8_len_34356.8_22 
A300J16DRAFT_NODE-unique_27_len_9071.27_1 
A300J16DRAFT_NODE-unique_9_len_34115.9_2 
A300J16DRAFT_NODE-unique_1_len_54197.1_20 
A300J16DRAFT_NODE-unique_1_len_54197.1_4 
A300J16DRAFT_NODE-unique_9_len_34115.9_12 
A300J16DRAFT_NODE-unique_194_len_539.194_2 
A300J16DRAFT_NODE-unique_1_len_54197.1_30 
A300J16DRAFT_NODE-unique_20_len_14463.20_2 
A300J16DRAFT_NODE-unique_22_len_14380.22_16 
A300J16DRAFT_NODE-unique_34_len_6567.34_4 
A300J16DRAFT_NODE-unique_4_len_45947.4_24 
A300J16DRAFT_NODE-unique_55_len_2949.55_6 
A300J16DRAFT_NODE-unique_8_len_34356.8_12 
A300J16DRAFT_NODE-unique_9_len_34115.9_43 
A300J16DRAFT_NODE-unique_17_len_16663.17_11 
A300J16DRAFT_NODE-unique_5_len_44889.5_38 
A300J16DRAFT_NODE-unique_9_len_34115.9_24 
A300J16DRAFT_NODE-unique_116_len_918.116_1 
A300J16DRAFT_NODE-unique_160_len_619.160_1 
A300J16DRAFT_NODE-unique_193_len_542.193_2 
A300J16DRAFT_NODE-unique_1_len_54197.1_7 
A300J16DRAFT_NODE-unique_20_len_14463.20_11 
A300J16DRAFT_NODE-unique_29_len_8220.29_3 
A300J16DRAFT_NODE-unique_30_len_7868.30_7 
A300J16DRAFT_NODE-unique_45_len_4641.45_1 
A300J16DRAFT_NODE-unique_4_len_45947.4_28 
A300J16DRAFT_NODE-unique_52_len_3252.52_3 
A300J16DRAFT_NODE-unique_22_len_14380.22_28 
A300J16DRAFT_NODE-unique_27_len_9071.27_12 
A300J16DRAFT_NODE-unique_41_len_5399.41_5 
A300J16DRAFT_NODE-unique_50_len_3618.50_4 
A300J16DRAFT_NODE-unique_59_len_2474.59_2 
A300J16DRAFT_NODE-unique_80_len_1446.80_4 
A300J16DRAFT_NODE-unique_13_len_23274.13_11 
A300J16DRAFT_NODE-unique_1_len_54197.1_43 
A300J16DRAFT_NODE-unique_21_len_14452.21_2 
A300J16DRAFT_NODE-unique_22_len_14380.22_14 
A300J16DRAFT_NODE-unique_30_len_7868.30_1 
A300J16DRAFT_NODE-unique_8_len_34356.8_11 
A300J16DRAFT_NODE-unique_9_len_34115.9_17 
A300J16DRAFT_NODE-unique_15_len_20483.15_5 
A300J16DRAFT_NODE-unique_24_len_12260.24_6 
A300J16DRAFT_NODE-unique_107_len_1056.107_1 
A300J16DRAFT_NODE-unique_198_len_535.198_2 
A300J16DRAFT_NODE-unique_27_len_9071.27_9 
A300J16DRAFT_NODE-unique_34_len_6567.34_8 
A300J16DRAFT_NODE-unique_44_len_4843.44_2 
A300J16DRAFT_NODE-unique_15_len_20483.15_19 
A300J16DRAFT_NODE-unique_21_len_14452.21_10 
A300J16DRAFT_NODE-unique_31_len_6968.31_9 
A300J16DRAFT_NODE-unique_6_len_35483.6_8 
A300J16DRAFT_NODE-unique_70_len_1579.70_2 
A300J16DRAFT_NODE-unique_85_len_1294.85_2 
A300J16DRAFT_NODE-unique_171_len_581.171_1 
A300J16DRAFT_NODE-unique_186_len_552.186_1 
A300J16DRAFT_NODE-unique_1_len_54197.1_33 
A300J16DRAFT_NODE-unique_4_len_45947.4_48 
A300J16DRAFT_NODE-unique_52_len_3252.52_4 
A300J16DRAFT_NODE-unique_1_len_54197.1_46 
A300J16DRAFT_NODE-unique_201_len_527.201_2 
A300J16DRAFT_NODE-unique_110_len_1019.110_1 
A300J16DRAFT_NODE-unique_148_len_659.148_1 
A300J16DRAFT_NODE-unique_20_len_14463.20_3 
A300J16DRAFT_NODE-unique_30_len_7868.30_12 
A300J16DRAFT_NODE-unique_5_len_44889.5_2 
A300J16DRAFT_NODE-unique_171_len_581.171_2 
A300J16DRAFT_NODE-unique_17_len_16663.17_7 
A300J16DRAFT_NODE-unique_206_len_523.206_2 
A300J16DRAFT_NODE-unique_9_len_34115.9_5 
A300J16DRAFT_NODE-unique_10_len_31747.10_20 
A300J16DRAFT_NODE-unique_10_len_31747.10_30 
A300J16DRAFT_NODE-unique_22_len_14380.22_1 
A300J16DRAFT_NODE-unique_22_len_14380.22_23 
A300J16DRAFT_NODE-unique_27_len_9071.27_7 
A300J16DRAFT_NODE-unique_36_len_6349.36_2 
A300J16DRAFT_NODE-unique_74_len_1541.74_3 
A300J16DRAFT_NODE-unique_15_len_20483.15_7 
A300J16DRAFT_NODE-unique_3_len_46917.3_4 
A300J16DRAFT_NODE-unique_11_len_27852.11_23 
A300J16DRAFT_NODE-unique_4_len_45947.4_33 
A300J16DRAFT_NODE-unique_1_len_54197.1_17 
A300J16DRAFT_NODE-unique_9_len_34115.9_42 
A300J16DRAFT_NODE-unique_41_len_5399.41_2 
A300J16DRAFT_NODE-unique_77_len_1486.77_1 
A300J16DRAFT_NODE-unique_9_len_34115.9_35 
A300J16DRAFT_NODE-unique_3_len_46917.3_16 
A300J16DRAFT_NODE-unique_41_len_5399.41_1 
A300J16DRAFT_NODE-unique_48_len_3812.48_3 
A300J16DRAFT_NODE-unique_4_len_45947.4_26 
A300J16DRAFT_NODE-unique_51_len_3366.51_4 
A300J16DRAFT_NODE-unique_8_len_34356.8_17 
A300J16DRAFT_NODE-unique_113_len_1002.113_1 
A300J16DRAFT_NODE-unique_12_len_27730.12_8 
A300J16DRAFT_NODE-unique_141_len_684.141_1 
A300J16DRAFT_NODE-unique_213_len_506.213_2 
A300J16DRAFT_NODE-unique_3_len_46917.3_8 
A300J16DRAFT_NODE-unique_5_len_44889.5_34 
A300J16DRAFT_NODE-unique_211_len_510.211_1 
A300J16DRAFT_NODE-unique_2_len_53106.2_51 
A300J16DRAFT_NODE-unique_63_len_2283.63_4 
A300J16DRAFT_NODE-unique_15_len_20483.15_15 
A300J16DRAFT_NODE-unique_23_len_12927.23_1 
A300J16DRAFT_NODE-unique_25_len_10014.25_14 
A300J16DRAFT_NODE-unique_28_len_8741.28_7 
A300J16DRAFT_NODE-unique_65_len_2115.65_3 
A300J16DRAFT_NODE-unique_87_len_1245.87_3 
A300J16DRAFT_NODE-unique_10_len_31747.10_15 
A300J16DRAFT_NODE-unique_1_len_54197.1_23 
A300J16DRAFT_NODE-unique_206_len_523.206_1 
A300J16DRAFT_NODE-unique_22_len_14380.22_18 
A300J16DRAFT_NODE-unique_6_len_35483.6_36 
A300J16DRAFT_NODE-unique_167_len_602.167_2 
A300J16DRAFT_NODE-unique_24_len_12260.24_12 
A300J16DRAFT_NODE-unique_117_len_900.117_1 
A300J16DRAFT_NODE-unique_35_len_6365.35_1 
A300J16DRAFT_NODE-unique_3_len_46917.3_9 
A300J16DRAFT_NODE-unique_4_len_45947.4_31 
A300J16DRAFT_NODE-unique_36_len_6349.36_8 
A300J16DRAFT_NODE-unique_6_len_35483.6_38 
A300J16DRAFT_NODE-unique_127_len_806.127_2 
A300J16DRAFT_NODE-unique_7_len_34638.7_8 
A300J16DRAFT_NODE-unique_160_len_619.160_2 
A300J16DRAFT_NODE-unique_79_len_1461.79_2 
A300J16DRAFT_NODE-unique_10_len_31747.10_29 
A300J16DRAFT_NODE-unique_12_len_27730.12_12 
A300J16DRAFT_NODE-unique_198_len_535.198_1 
A300J16DRAFT_NODE-unique_19_len_15905.19_1 
A300J16DRAFT_NODE-unique_69_len_1603.69_3 
A300J16DRAFT_NODE-unique_75_len_1529.75_1 
A300J16DRAFT_NODE-unique_18_len_16220.18_6 
A300J16DRAFT_NODE-unique_1_len_54197.1_14 
A300J16DRAFT_NODE-unique_36_len_6349.36_3 
A300J16DRAFT_NODE-unique_43_len_4890.43_1 
A300J16DRAFT_NODE-unique_80_len_1446.80_2 
A300J16DRAFT_NODE-unique_31_len_6968.31_5 
A300J16DRAFT_NODE-unique_36_len_6349.36_4 
A300J16DRAFT_NODE-unique_50_len_3618.50_2 
A300J16DRAFT_NODE-unique_131_len_732.131_1 
A300J16DRAFT_NODE-unique_15_len_20483.15_16 
A300J16DRAFT_NODE-unique_17_len_16663.17_8 
A300J16DRAFT_NODE-unique_33_len_6807.33_7 
A300J16DRAFT_NODE-unique_34_len_6567.34_6 
A300J16DRAFT_NODE-unique_4_len_45947.4_2 
A300J16DRAFT_NODE-unique_214_len_506.214_2 
A300J16DRAFT_NODE-unique_22_len_14380.22_19 
A300J16DRAFT_NODE-unique_30_len_7868.30_9 
A300J16DRAFT_NODE-unique_9_len_34115.9_4 
A300J16DRAFT_NODE-unique_190_len_548.190_1 
A300J16DRAFT_NODE-unique_70_len_1579.70_3 
A300J16DRAFT_NODE-unique_9_len_34115.9_20 
A300J16DRAFT_NODE-unique_15_len_20483.15_8 
A300J16DRAFT_NODE-unique_172_len_576.172_2 
A300J16DRAFT_NODE-unique_17_len_16663.17_4 
A300J16DRAFT_NODE-unique_4_len_45947.4_27 
A300J16DRAFT_NODE-unique_9_len_34115.9_28 
A300J16DRAFT_NODE-unique_10_len_31747.10_16 
A300J16DRAFT_NODE-unique_13_len_23274.13_6 
A300J16DRAFT_NODE-unique_8_len_34356.8_6 
A300J16DRAFT_NODE-unique_10_len_31747.10_12 
A300J16DRAFT_NODE-unique_10_len_31747.10_32 
A300J16DRAFT_NODE-unique_15_len_20483.15_22 
A300J16DRAFT_NODE-unique_15_len_20483.15_25 
A300J16DRAFT_NODE-unique_80_len_1446.80_3 
A300J16DRAFT_NODE-unique_9_len_34115.9_26 
A300J16DRAFT_NODE-unique_103_len_1086.103_2 
A300J16DRAFT_NODE-unique_8_len_34356.8_15 
A300J16DRAFT_NODE-unique_9_len_34115.9_44 
A300J16DRAFT_NODE-unique_12_len_27730.12_14 
A300J16DRAFT_NODE-unique_164_len_607.164_1 
A300J16DRAFT_NODE-unique_4_len_45947.4_32 
A300J16DRAFT_NODE-unique_75_len_1529.75_3 
A300J16DRAFT_NODE-unique_87_len_1245.87_2 
A300J16DRAFT_NODE-unique_9_len_34115.9_1 
A300J16DRAFT_NODE-unique_9_len_34115.9_29 
A300J16DRAFT_NODE-unique_14_len_22791.14_1 
A300J16DRAFT_NODE-unique_13_len_23274.13_21 
A300J16DRAFT_NODE-unique_31_len_6968.31_4 
A300J16DRAFT_NODE-unique_41_len_5399.41_3 
A300J16DRAFT_NODE-unique_9_len_34115.9_51 
A300J16DRAFT_NODE-unique_15_len_20483.15_21 
A300J16DRAFT_NODE-unique_21_len_14452.21_4 
A300J16DRAFT_NODE-unique_30_len_7868.30_10 
A300J16DRAFT_NODE-unique_55_len_2949.55_2 
A300J16DRAFT_NODE-unique_201_len_527.201_1 
A300J16DRAFT_NODE-unique_214_len_506.214_1 
A300J16DRAFT_NODE-unique_22_len_14380.22_9 
A300J16DRAFT_NODE-unique_30_len_7868.30_8 
A300J16DRAFT_NODE-unique_34_len_6567.34_7 
A300J16DRAFT_NODE-unique_44_len_4843.44_5 
A300J16DRAFT_NODE-unique_5_len_44889.5_33 
A300J16DRAFT_NODE-unique_19_len_15905.19_2 
A300J16DRAFT_NODE-unique_28_len_8741.28_3 
A300J16DRAFT_NODE-unique_30_len_7868.30_6 
A300J16DRAFT_NODE-unique_102_len_1088.102_2 
A300J16DRAFT_NODE-unique_195_len_536.195_1 
A300J16DRAFT_NODE-unique_46_len_4205.46_2 
A300J16DRAFT_NODE-unique_136_len_710.136_2 
A300J16DRAFT_NODE-unique_186_len_552.186_2 
A300J16DRAFT_NODE-unique_1_len_54197.1_5 
A300J16DRAFT_NODE-unique_82_len_1389.82_3 
A300J16DRAFT_NODE-unique_85_len_1294.85_1 
A300J16DRAFT_NODE-unique_9_len_34115.9_50 
A300J16DRAFT_NODE-unique_65_len_2115.65_5 
A300J16DRAFT_NODE-unique_19_len_15905.19_3 
A300J16DRAFT_NODE-unique_20_len_14463.20_16 
A300J16DRAFT_NODE-unique_21_len_14452.21_16 
A300J16DRAFT_NODE-unique_37_len_5886.37_4 
A300J16DRAFT_NODE-unique_112_len_1010.112_2 
A300J16DRAFT_NODE-unique_38_len_5847.38_1 
A300J16DRAFT_NODE-unique_7_len_34638.7_29 
A300J16DRAFT_NODE-unique_111_len_1012.111_2 
A300J16DRAFT_NODE-unique_76_len_1514.76_1 
A300J16DRAFT_NODE-unique_81_len_1419.81_3 
A300J16DRAFT_NODE-unique_103_len_1086.103_1 
A300J16DRAFT_NODE-unique_17_len_16663.17_15 
A300J16DRAFT_NODE-unique_17_len_16663.17_5 
A300J16DRAFT_NODE-unique_3_len_46917.3_42 
A300J16DRAFT_NODE-unique_17_len_16663.17_3 
A300J16DRAFT_NODE-unique_33_len_6807.33_1 
A300J16DRAFT_NODE-unique_37_len_5886.37_2 
A300J16DRAFT_NODE-unique_23_len_12927.23_12 
A300J16DRAFT_NODE-unique_27_len_9071.27_8 
A300J16DRAFT_NODE-unique_37_len_5886.37_6 
A300J16DRAFT_NODE-unique_15_len_20483.15_13 
A300J16DRAFT_NODE-unique_15_len_20483.15_28 
A300J16DRAFT_NODE-unique_194_len_539.194_1 
A300J16DRAFT_NODE-unique_30_len_7868.30_11 
A300J16DRAFT_NODE-unique_31_len_6968.31_1 
A300J16DRAFT_NODE-unique_70_len_1579.70_1 
A300J16DRAFT_NODE-unique_11_len_27852.11_19 
A300J16DRAFT_NODE-unique_13_len_23274.13_18 
A300J16DRAFT_NODE-unique_208_len_514.208_2 
A300J16DRAFT_NODE-unique_16_len_20108.16_1 
A300J16DRAFT_NODE-unique_176_len_568.176_2 
A300J16DRAFT_NODE-unique_179_len_562.179_1 
A300J16DRAFT_NODE-unique_155_len_634.155_2 
A300J16DRAFT_NODE-unique_21_len_14452.21_3 
A300J16DRAFT_NODE-unique_25_len_10014.25_12 
A300J16DRAFT_NODE-unique_7_len_34638.7_31 
A300J16DRAFT_NODE-unique_130_len_742.130_1 
A300J16DRAFT_NODE-unique_149_len_657.149_2 
A300J16DRAFT_NODE-unique_46_len_4205.46_6 
A300J16DRAFT_NODE-unique_62_len_2295.62_4 
A300J16DRAFT_NODE-unique_72_len_1560.72_1 
A300J16DRAFT_NODE-unique_11_len_27852.11_22 
A300J16DRAFT_NODE-unique_178_len_564.178_2 
A300J16DRAFT_NODE-unique_100_len_1100.100_2 
A300J16DRAFT_NODE-unique_10_len_31747.10_25 
A300J16DRAFT_NODE-unique_5_len_44889.5_1 
A300J16DRAFT_NODE-unique_64_len_2148.64_4 
A300J16DRAFT_NODE-unique_155_len_634.155_1 
A300J16DRAFT_NODE-unique_174_len_572.174_1 
A300J16DRAFT_NODE-unique_19_len_15905.19_4 
A300J16DRAFT_NODE-unique_4_len_45947.4_1 
A300J16DRAFT_NODE-unique_50_len_3618.50_5 
A300J16DRAFT_NODE-unique_202_len_526.202_2 
A300J16DRAFT_NODE-unique_50_len_3618.50_1 
A300J16DRAFT_NODE-unique_5_len_44889.5_36 
A300J16DRAFT_NODE-unique_17_len_16663.17_2 
A300J16DRAFT_NODE-unique_27_len_9071.27_10 
A300J16DRAFT_NODE-unique_109_len_1022.109_1 
A300J16DRAFT_NODE-unique_20_len_14463.20_6 
A300J16DRAFT_NODE-unique_213_len_506.213_1 
A300J16DRAFT_NODE-unique_54_len_3038.54_1 
A300J16DRAFT_NODE-unique_193_len_542.193_1 
A300J16DRAFT_NODE-unique_143_len_680.143_2 
A300J16DRAFT_NODE-unique_213_len_506.213_3 
A300J16DRAFT_NODE-unique_28_len_8741.28_13 
A300J16DRAFT_NODE-unique_152_len_641.152_1 
A300J16DRAFT_NODE-unique_82_len_1389.82_1 
A300J16DRAFT_NODE-unique_80_len_1446.80_1 
A300J16DRAFT_NODE-unique_94_len_1182.94_1 
A300J16DRAFT_NODE-unique_135_len_711.135_2 
A300J16DRAFT_NODE-unique_129_len_801.129_1 
A300J16DRAFT_NODE-unique_12_len_27730.12_25 
A300J16DRAFT_NODE-unique_19_len_15905.19_5 
