A536B6DRAFT_NODE-unique_4_len_106362.4_103 A536B6DRAFT_NODE-unique_6_len_99050.6_57 A536B6DRAFT_NODE-unique_1_len_170989.1_31 A536B6DRAFT_NODE-unique_2_len_140983.2_128 A536B6DRAFT_NODE-unique_1_len_170989.1_95 A536B6DRAFT_NODE-unique_4_len_106362.4_81 A536B6DRAFT_NODE-unique_10_len_40983.10_5 A536B6DRAFT_NODE-unique_10_len_40983.10_6 A536B6DRAFT_NODE-unique_1_len_170989.1_4 A536B6DRAFT_NODE-unique_1_len_170989.1_65 A536B6DRAFT_NODE-unique_1_len_170989.1_63 A536B6DRAFT_NODE-unique_16_len_26845.16_14 A536B6DRAFT_NODE-unique_1_len_170989.1_53 A536B6DRAFT_NODE-unique_16_len_26845.16_21 A536B6DRAFT_NODE-unique_1_len_170989.1_140 A536B6DRAFT_NODE-unique_18_len_21869.18_6 A536B6DRAFT_NODE-unique_1_len_170989.1_106 A536B6DRAFT_NODE-unique_4_len_106362.4_102 A536B6DRAFT_NODE-unique_2_len_140983.2_114 A536B6DRAFT_NODE-unique_104_len_845.104_2 A536B6DRAFT_NODE-unique_1_len_170989.1_61 A536B6DRAFT_NODE-unique_4_len_106362.4_51 A536B6DRAFT_NODE-unique_5_len_104121.5_55 A536B6DRAFT_NODE-unique_18_len_21869.18_5 A536B6DRAFT_NODE-unique_106_len_822.106_1 A536B6DRAFT_NODE-unique_2_len_140983.2_113 A536B6DRAFT_NODE-unique_6_len_99050.6_87 
A536B6DRAFT_NODE-unique_15_len_27120.15_33 A536B6DRAFT_NODE-unique_21_len_19309.21_9 A536B6DRAFT_NODE-unique_9_len_42065.9_2 A536B6DRAFT_NODE-unique_26_len_16107.26_5 A536B6DRAFT_NODE-unique_55_len_2287.55_3 A536B6DRAFT_NODE-unique_21_len_19309.21_3 A536B6DRAFT_NODE-unique_21_len_19309.21_10 A536B6DRAFT_NODE-unique_23_len_17569.23_20 A536B6DRAFT_NODE-unique_46_len_3234.46_3 A536B6DRAFT_NODE-unique_46_len_3234.46_4 
A536B6DRAFT_NODE-unique_4_len_106362.4_85 A536B6DRAFT_NODE-unique_3_len_132440.3_75 A536B6DRAFT_NODE-unique_6_len_99050.6_46 A536B6DRAFT_NODE-unique_6_len_99050.6_50 A536B6DRAFT_NODE-unique_4_len_106362.4_77 A536B6DRAFT_NODE-unique_1_len_170989.1_39 
A536B6DRAFT_NODE-unique_4_len_106362.4_38 A536B6DRAFT_NODE-unique_4_len_106362.4_30 A536B6DRAFT_NODE-unique_24_len_16891.24_20 A536B6DRAFT_NODE-unique_1_len_170989.1_131 A536B6DRAFT_NODE-unique_4_len_106362.4_45 A536B6DRAFT_NODE-unique_7_len_85633.7_55 
A536B6DRAFT_NODE-unique_23_len_17569.23_21 A536B6DRAFT_NODE-unique_14_len_30521.14_12 A536B6DRAFT_NODE-unique_74_len_1196.74_1 A536B6DRAFT_NODE-unique_27_len_14823.27_6 A536B6DRAFT_NODE-unique_7_len_85633.7_66 A536B6DRAFT_NODE-unique_70_len_1307.70_1 
A536B6DRAFT_NODE-unique_1_len_170989.1_21 A536B6DRAFT_NODE-unique_14_len_30521.14_14 A536B6DRAFT_NODE-unique_1_len_170989.1_36 A536B6DRAFT_NODE-unique_14_len_30521.14_16 A536B6DRAFT_NODE-unique_14_len_30521.14_3 
A536B6DRAFT_NODE-unique_1_len_170989.1_100 A536B6DRAFT_NODE-unique_4_len_106362.4_4 A536B6DRAFT_NODE-unique_1_len_170989.1_56 A536B6DRAFT_NODE-unique_2_len_140983.2_61 A536B6DRAFT_NODE-unique_6_len_99050.6_51 
A536B6DRAFT_NODE-unique_28_len_13685.28_2 A536B6DRAFT_NODE-unique_4_len_106362.4_20 A536B6DRAFT_NODE-unique_5_len_104121.5_97 A536B6DRAFT_NODE-unique_3_len_132440.3_18 
A536B6DRAFT_NODE-unique_7_len_85633.7_12 A536B6DRAFT_NODE-unique_11_len_38196.11_14 A536B6DRAFT_NODE-unique_27_len_14823.27_15 A536B6DRAFT_NODE-unique_9_len_42065.9_41 
A536B6DRAFT_NODE-unique_6_len_99050.6_55 A536B6DRAFT_NODE-unique_1_len_170989.1_96 A536B6DRAFT_NODE-unique_2_len_140983.2_126 A536B6DRAFT_NODE-unique_1_len_170989.1_32 
A536B6DRAFT_NODE-unique_4_len_106362.4_24 A536B6DRAFT_NODE-unique_4_len_106362.4_27 A536B6DRAFT_NODE-unique_4_len_106362.4_34 A536B6DRAFT_NODE-unique_112_len_785.112_1 
A536B6DRAFT_NODE-unique_23_len_17569.23_6 A536B6DRAFT_NODE-unique_23_len_17569.23_22 A536B6DRAFT_NODE-unique_26_len_16107.26_12 A536B6DRAFT_NODE-unique_4_len_106362.4_98 
A536B6DRAFT_NODE-unique_23_len_17569.23_5 A536B6DRAFT_NODE-unique_23_len_17569.23_7 A536B6DRAFT_NODE-unique_15_len_27120.15_41 A536B6DRAFT_NODE-unique_18_len_21869.18_14 
A536B6DRAFT_NODE-unique_1_len_170989.1_38 A536B6DRAFT_NODE-unique_1_len_170989.1_93 A536B6DRAFT_NODE-unique_1_len_170989.1_101 
A536B6DRAFT_NODE-unique_11_len_38196.11_19 A536B6DRAFT_NODE-unique_3_len_132440.3_34 A536B6DRAFT_NODE-unique_39_len_5614.39_11 
A536B6DRAFT_NODE-unique_26_len_16107.26_13 A536B6DRAFT_NODE-unique_26_len_16107.26_10 A536B6DRAFT_NODE-unique_44_len_4815.44_2 
A536B6DRAFT_NODE-unique_1_len_170989.1_103 A536B6DRAFT_NODE-unique_7_len_85633.7_60 A536B6DRAFT_NODE-unique_1_len_170989.1_156 
A536B6DRAFT_NODE-unique_30_len_11907.30_1 A536B6DRAFT_NODE-unique_30_len_11907.30_5 A536B6DRAFT_NODE-unique_6_len_99050.6_84 
A536B6DRAFT_NODE-unique_3_len_132440.3_101 A536B6DRAFT_NODE-unique_13_len_31020.13_21 A536B6DRAFT_NODE-unique_13_len_31020.13_23 
A536B6DRAFT_NODE-unique_11_len_38196.11_20 A536B6DRAFT_NODE-unique_39_len_5614.39_10 A536B6DRAFT_NODE-unique_3_len_132440.3_7 
A536B6DRAFT_NODE-unique_19_len_21726.19_18 A536B6DRAFT_NODE-unique_38_len_5893.38_1 
A536B6DRAFT_NODE-unique_22_len_19007.22_17 A536B6DRAFT_NODE-unique_5_len_104121.5_63 
A536B6DRAFT_NODE-unique_1_len_170989.1_121 A536B6DRAFT_NODE-unique_7_len_85633.7_85 
A536B6DRAFT_NODE-unique_6_len_99050.6_6 A536B6DRAFT_NODE-unique_20_len_20771.20_4 
A536B6DRAFT_NODE-unique_6_len_99050.6_71 A536B6DRAFT_NODE-unique_2_len_140983.2_57 
A536B6DRAFT_NODE-unique_12_len_34338.12_31 A536B6DRAFT_NODE-unique_3_len_132440.3_12 
A536B6DRAFT_NODE-unique_10_len_40983.10_13 A536B6DRAFT_NODE-unique_1_len_170989.1_111 
A536B6DRAFT_NODE-unique_4_len_106362.4_83 A536B6DRAFT_NODE-unique_77_len_1168.77_1 
A536B6DRAFT_NODE-unique_6_len_99050.6_81 A536B6DRAFT_NODE-unique_10_len_40983.10_38 
A536B6DRAFT_NODE-unique_2_len_140983.2_13 A536B6DRAFT_NODE-unique_54_len_2615.54_1 
A536B6DRAFT_NODE-unique_10_len_40983.10_7 A536B6DRAFT_NODE-unique_1_len_170989.1_43 
A536B6DRAFT_NODE-unique_5_len_104121.5_37 A536B6DRAFT_NODE-unique_8_len_46458.8_19 
A536B6DRAFT_NODE-unique_1_len_170989.1_29 A536B6DRAFT_NODE-unique_10_len_40983.10_22 
A536B6DRAFT_NODE-unique_14_len_30521.14_4 A536B6DRAFT_NODE-unique_120_len_739.120_1 
A536B6DRAFT_NODE-unique_33_len_7961.33_7 A536B6DRAFT_NODE-unique_27_len_14823.27_5 
A536B6DRAFT_NODE-unique_17_len_21876.17_20 A536B6DRAFT_NODE-unique_40_len_5402.40_7 
A536B6DRAFT_NODE-unique_4_len_106362.4_14 A536B6DRAFT_NODE-unique_2_len_140983.2_48 
A536B6DRAFT_NODE-unique_5_len_104121.5_34 A536B6DRAFT_NODE-unique_5_len_104121.5_101 
A536B6DRAFT_NODE-unique_19_len_21726.19_16 A536B6DRAFT_NODE-unique_38_len_5893.38_3 
A536B6DRAFT_NODE-unique_5_len_104121.5_60 A536B6DRAFT_NODE-unique_5_len_104121.5_77 
A536B6DRAFT_NODE-unique_1_len_170989.1_155 A536B6DRAFT_NODE-unique_1_len_170989.1_153 
A536B6DRAFT_NODE-unique_7_len_85633.7_15 A536B6DRAFT_NODE-unique_15_len_27120.15_29 
A536B6DRAFT_NODE-unique_6_len_99050.6_42 A536B6DRAFT_NODE-unique_6_len_99050.6_62 
A536B6DRAFT_NODE-unique_2_len_140983.2_22 A536B6DRAFT_NODE-unique_108_len_812.108_2 
A536B6DRAFT_NODE-unique_40_len_5402.40_2 A536B6DRAFT_NODE-unique_5_len_104121.5_93 
A536B6DRAFT_NODE-unique_12_len_34338.12_22 A536B6DRAFT_NODE-unique_1_len_170989.1_59 
A536B6DRAFT_NODE-unique_6_len_99050.6_56 A536B6DRAFT_NODE-unique_1_len_170989.1_30 
A536B6DRAFT_NODE-unique_5_len_104121.5_46 A536B6DRAFT_NODE-unique_61_len_1669.61_1 
A536B6DRAFT_NODE-unique_6_len_99050.6_64 A536B6DRAFT_NODE-unique_18_len_21869.18_24 
A536B6DRAFT_NODE-unique_2_len_140983.2_50 A536B6DRAFT_NODE-unique_2_len_140983.2_39 
A536B6DRAFT_NODE-unique_50_len_2989.50_5 A536B6DRAFT_NODE-unique_34_len_7860.34_6 
A536B6DRAFT_NODE-unique_1_len_170989.1_98 A536B6DRAFT_NODE-unique_6_len_99050.6_58 
A536B6DRAFT_NODE-unique_85_len_1091.85_1 A536B6DRAFT_NODE-unique_165_len_549.165_1 
A536B6DRAFT_NODE-unique_2_len_140983.2_89 A536B6DRAFT_NODE-unique_2_len_140983.2_6 
A536B6DRAFT_NODE-unique_6_len_99050.6_54 A536B6DRAFT_NODE-unique_1_len_170989.1_33 
A536B6DRAFT_NODE-unique_84_len_1091.84_2 A536B6DRAFT_NODE-unique_49_len_3022.49_4 
A536B6DRAFT_NODE-unique_1_len_170989.1_75 A536B6DRAFT_NODE-unique_14_len_30521.14_19 
A536B6DRAFT_NODE-unique_1_len_170989.1_66 A536B6DRAFT_NODE-unique_1_len_170989.1_64 
A536B6DRAFT_NODE-unique_2_len_140983.2_12 A536B6DRAFT_NODE-unique_98_len_912.98_1 
A536B6DRAFT_NODE-unique_10_len_40983.10_35 A536B6DRAFT_NODE-unique_1_len_170989.1_110 
A536B6DRAFT_NODE-unique_6_len_99050.6_61 A536B6DRAFT_NODE-unique_56_len_2033.56_2 
A536B6DRAFT_NODE-unique_9_len_42065.9_40 A536B6DRAFT_NODE-unique_12_len_34338.12_30 
A536B6DRAFT_NODE-unique_1_len_170989.1_34 A536B6DRAFT_NODE-unique_1_len_170989.1_108 
A536B6DRAFT_NODE-unique_1_len_170989.1_97 A536B6DRAFT_NODE-unique_2_len_140983.2_127 
A536B6DRAFT_NODE-unique_45_len_4154.45_2 A536B6DRAFT_NODE-unique_15_len_27120.15_37 
A536B6DRAFT_NODE-unique_13_len_31020.13_5 A536B6DRAFT_NODE-unique_125_len_720.125_1 
A536B6DRAFT_NODE-unique_24_len_16891.24_8 A536B6DRAFT_NODE-unique_32_len_9257.32_4 
A536B6DRAFT_NODE-unique_1_len_170989.1_89 A536B6DRAFT_NODE-unique_5_len_104121.5_110 
A536B6DRAFT_NODE-unique_34_len_7860.34_8 A536B6DRAFT_NODE-unique_2_len_140983.2_8 
A536B6DRAFT_NODE-unique_9_len_42065.9_24 A536B6DRAFT_NODE-unique_39_len_5614.39_5 
A536B6DRAFT_NODE-unique_11_len_38196.11_22 A536B6DRAFT_NODE-unique_143_len_634.143_1 
A536B6DRAFT_NODE-unique_32_len_9257.32_3 A536B6DRAFT_NODE-unique_24_len_16891.24_10 
A536B6DRAFT_NODE-unique_13_len_31020.13_28 A536B6DRAFT_NODE-unique_10_len_40983.10_26 
A536B6DRAFT_NODE-unique_4_len_106362.4_74 A536B6DRAFT_NODE-unique_3_len_132440.3_60 
A536B6DRAFT_NODE-unique_9_len_42065.9_39 A536B6DRAFT_NODE-unique_6_len_99050.6_43 
A536B6DRAFT_NODE-unique_11_len_38196.11_30 A536B6DRAFT_NODE-unique_2_len_140983.2_38 
A536B6DRAFT_NODE-unique_2_len_140983.2_10 A536B6DRAFT_NODE-unique_100_len_890.100_1 
A536B6DRAFT_NODE-unique_3_len_132440.3_76 A536B6DRAFT_NODE-unique_7_len_85633.7_70 
A536B6DRAFT_NODE-unique_4_len_106362.4_19 A536B6DRAFT_NODE-unique_28_len_13685.28_1 
A536B6DRAFT_NODE-unique_7_len_85633.7_5 A536B6DRAFT_NODE-unique_19_len_21726.19_8 
A536B6DRAFT_NODE-unique_28_len_13685.28_7 A536B6DRAFT_NODE-unique_4_len_106362.4_22 
A536B6DRAFT_NODE-unique_173_len_526.173_1 A536B6DRAFT_NODE-unique_144_len_625.144_1 
A536B6DRAFT_NODE-unique_54_len_2615.54_3 A536B6DRAFT_NODE-unique_2_len_140983.2_15 
A536B6DRAFT_NODE-unique_21_len_19309.21_11 A536B6DRAFT_NODE-unique_18_len_21869.18_8 
A536B6DRAFT_NODE-unique_21_len_19309.21_6 A536B6DRAFT_NODE-unique_8_len_46458.8_42 
A536B6DRAFT_NODE-unique_6_len_99050.6_76 A536B6DRAFT_NODE-unique_7_len_85633.7_75 
A536B6DRAFT_NODE-unique_17_len_21876.17_6 A536B6DRAFT_NODE-unique_17_len_21876.17_5 
A536B6DRAFT_NODE-unique_6_len_99050.6_72 A536B6DRAFT_NODE-unique_7_len_85633.7_17 
A536B6DRAFT_NODE-unique_23_len_17569.23_14 A536B6DRAFT_NODE-unique_26_len_16107.26_1 
A536B6DRAFT_NODE-unique_21_len_19309.21_5 A536B6DRAFT_NODE-unique_46_len_3234.46_6 
A536B6DRAFT_NODE-unique_1_len_170989.1_6 A536B6DRAFT_NODE-unique_21_len_19309.21_4 
A536B6DRAFT_NODE-unique_21_len_19309.21_18 A536B6DRAFT_NODE-unique_3_len_132440.3_83 
A536B6DRAFT_NODE-unique_23_len_17569.23_19 A536B6DRAFT_NODE-unique_18_len_21869.18_11 
A536B6DRAFT_NODE-unique_1_len_170989.1_7 A536B6DRAFT_NODE-unique_21_len_19309.21_17 
A536B6DRAFT_NODE-unique_23_len_17569.23_24 A536B6DRAFT_NODE-unique_60_len_1694.60_2 
A536B6DRAFT_NODE-unique_123_len_730.123_1 A536B6DRAFT_NODE-unique_3_len_132440.3_1 
A536B6DRAFT_NODE-unique_15_len_27120.15_42 A536B6DRAFT_NODE-unique_3_len_132440.3_84 
A536B6DRAFT_NODE-unique_24_len_16891.24_14 A536B6DRAFT_NODE-unique_24_len_16891.24_13 
A536B6DRAFT_NODE-unique_18_len_21869.18_19 A536B6DRAFT_NODE-unique_9_len_42065.9_17 
A536B6DRAFT_NODE-unique_3_len_132440.3_86 A536B6DRAFT_NODE-unique_15_len_27120.15_39 
A536B6DRAFT_NODE-unique_45_len_4154.45_1 A536B6DRAFT_NODE-unique_45_len_4154.45_5 
A536B6DRAFT_NODE-unique_20_len_20771.20_3 
A536B6DRAFT_NODE-unique_3_len_132440.3_93 
A536B6DRAFT_NODE-unique_5_len_104121.5_24 
A536B6DRAFT_NODE-unique_5_len_104121.5_54 
A536B6DRAFT_NODE-unique_3_len_132440.3_94 
A536B6DRAFT_NODE-unique_13_len_31020.13_11 
A536B6DRAFT_NODE-unique_1_len_170989.1_42 
A536B6DRAFT_NODE-unique_7_len_85633.7_46 
A536B6DRAFT_NODE-unique_1_len_170989.1_88 
A536B6DRAFT_NODE-unique_2_len_140983.2_3 
A536B6DRAFT_NODE-unique_3_len_132440.3_124 
A536B6DRAFT_NODE-unique_22_len_19007.22_15 
A536B6DRAFT_NODE-unique_12_len_34338.12_24 
A536B6DRAFT_NODE-unique_2_len_140983.2_75 
A536B6DRAFT_NODE-unique_25_len_16531.25_6 
A536B6DRAFT_NODE-unique_1_len_170989.1_128 
A536B6DRAFT_NODE-unique_3_len_132440.3_27 
A536B6DRAFT_NODE-unique_3_len_132440.3_13 
A536B6DRAFT_NODE-unique_2_len_140983.2_98 
A536B6DRAFT_NODE-unique_4_len_106362.4_50 
A536B6DRAFT_NODE-unique_1_len_170989.1_60 
A536B6DRAFT_NODE-unique_45_len_4154.45_3 
A536B6DRAFT_NODE-unique_53_len_2658.53_2 
A536B6DRAFT_NODE-unique_3_len_132440.3_20 
A536B6DRAFT_NODE-unique_14_len_30521.14_21 
A536B6DRAFT_NODE-unique_1_len_170989.1_68 
A536B6DRAFT_NODE-unique_11_len_38196.11_5 
A536B6DRAFT_NODE-unique_4_len_106362.4_89 
A536B6DRAFT_NODE-unique_24_len_16891.24_4 
A536B6DRAFT_NODE-unique_5_len_104121.5_45 
A536B6DRAFT_NODE-unique_7_len_85633.7_22 
A536B6DRAFT_NODE-unique_3_len_132440.3_26 
A536B6DRAFT_NODE-unique_2_len_140983.2_9 
A536B6DRAFT_NODE-unique_21_len_19309.21_14 
A536B6DRAFT_NODE-unique_42_len_5071.42_5 
A536B6DRAFT_NODE-unique_8_len_46458.8_27 
A536B6DRAFT_NODE-unique_11_len_38196.11_2 
A536B6DRAFT_NODE-unique_4_len_106362.4_69 
A536B6DRAFT_NODE-unique_5_len_104121.5_71 
A536B6DRAFT_NODE-unique_52_len_2670.52_2 
A536B6DRAFT_NODE-unique_8_len_46458.8_2 
A536B6DRAFT_NODE-unique_31_len_11019.31_7 
A536B6DRAFT_NODE-unique_16_len_26845.16_10 
A536B6DRAFT_NODE-unique_1_len_170989.1_35 
A536B6DRAFT_NODE-unique_7_len_85633.7_25 
A536B6DRAFT_NODE-unique_10_len_40983.10_15 
A536B6DRAFT_NODE-unique_2_len_140983.2_88 
A536B6DRAFT_NODE-unique_16_len_26845.16_5 
A536B6DRAFT_NODE-unique_17_len_21876.17_19 
A536B6DRAFT_NODE-unique_32_len_9257.32_5 
A536B6DRAFT_NODE-unique_11_len_38196.11_3 
A536B6DRAFT_NODE-unique_1_len_170989.1_92 
A536B6DRAFT_NODE-unique_2_len_140983.2_116 
A536B6DRAFT_NODE-unique_11_len_38196.11_29 
A536B6DRAFT_NODE-unique_8_len_46458.8_14 
A536B6DRAFT_NODE-unique_3_len_132440.3_9 
A536B6DRAFT_NODE-unique_41_len_5396.41_4 
A536B6DRAFT_NODE-unique_6_len_99050.6_11 
A536B6DRAFT_NODE-unique_3_len_132440.3_92 
A536B6DRAFT_NODE-unique_17_len_21876.17_14 
A536B6DRAFT_NODE-unique_14_len_30521.14_26 
A536B6DRAFT_NODE-unique_1_len_170989.1_54 
A536B6DRAFT_NODE-unique_7_len_85633.7_8 
A536B6DRAFT_NODE-unique_5_len_104121.5_82 
A536B6DRAFT_NODE-unique_1_len_170989.1_150 
A536B6DRAFT_NODE-unique_1_len_170989.1_83 
A536B6DRAFT_NODE-unique_2_len_140983.2_79 
A536B6DRAFT_NODE-unique_3_len_132440.3_44 
A536B6DRAFT_NODE-unique_6_len_99050.6_73 
A536B6DRAFT_NODE-unique_9_len_42065.9_10 
A536B6DRAFT_NODE-unique_1_len_170989.1_26 
A536B6DRAFT_NODE-unique_3_len_132440.3_105 
A536B6DRAFT_NODE-unique_5_len_104121.5_21 
A536B6DRAFT_NODE-unique_6_len_99050.6_17 
A536B6DRAFT_NODE-unique_1_len_170989.1_17 
A536B6DRAFT_NODE-unique_7_len_85633.7_24 
A536B6DRAFT_NODE-unique_12_len_34338.12_21 
A536B6DRAFT_NODE-unique_4_len_106362.4_97 
A536B6DRAFT_NODE-unique_2_len_140983.2_71 
A536B6DRAFT_NODE-unique_6_len_99050.6_48 
A536B6DRAFT_NODE-unique_7_len_85633.7_29 
A536B6DRAFT_NODE-unique_9_len_42065.9_23 
A536B6DRAFT_NODE-unique_2_len_140983.2_52 
A536B6DRAFT_NODE-unique_9_len_42065.9_36 
A536B6DRAFT_NODE-unique_6_len_99050.6_89 
A536B6DRAFT_NODE-unique_4_len_106362.4_68 
A536B6DRAFT_NODE-unique_3_len_132440.3_127 
A536B6DRAFT_NODE-unique_7_len_85633.7_41 
A536B6DRAFT_NODE-unique_4_len_106362.4_17 
A536B6DRAFT_NODE-unique_5_len_104121.5_9 
A536B6DRAFT_NODE-unique_2_len_140983.2_74 
A536B6DRAFT_NODE-unique_9_len_42065.9_7 
A536B6DRAFT_NODE-unique_9_len_42065.9_44 
A536B6DRAFT_NODE-unique_24_len_16891.24_11 
A536B6DRAFT_NODE-unique_1_len_170989.1_76 
A536B6DRAFT_NODE-unique_62_len_1667.62_1 
A536B6DRAFT_NODE-unique_6_len_99050.6_69 
A536B6DRAFT_NODE-unique_4_len_106362.4_23 
A536B6DRAFT_NODE-unique_7_len_85633.7_26 
A536B6DRAFT_NODE-unique_8_len_46458.8_18 
A536B6DRAFT_NODE-unique_10_len_40983.10_24 
A536B6DRAFT_NODE-unique_26_len_16107.26_8 
A536B6DRAFT_NODE-unique_14_len_30521.14_13 
A536B6DRAFT_NODE-unique_6_len_99050.6_63 
A536B6DRAFT_NODE-unique_1_len_170989.1_109 
A536B6DRAFT_NODE-unique_21_len_19309.21_13 
A536B6DRAFT_NODE-unique_8_len_46458.8_21 
A536B6DRAFT_NODE-unique_1_len_170989.1_154 
A536B6DRAFT_NODE-unique_2_len_140983.2_76 
A536B6DRAFT_NODE-unique_6_len_99050.6_28 
A536B6DRAFT_NODE-unique_11_len_38196.11_18 
A536B6DRAFT_NODE-unique_6_len_99050.6_78 
A536B6DRAFT_NODE-unique_12_len_34338.12_18 
A536B6DRAFT_NODE-unique_22_len_19007.22_10 
A536B6DRAFT_NODE-unique_13_len_31020.13_4 
A536B6DRAFT_NODE-unique_30_len_11907.30_3 
A536B6DRAFT_NODE-unique_3_len_132440.3_120 
A536B6DRAFT_NODE-unique_16_len_26845.16_4 
A536B6DRAFT_NODE-unique_2_len_140983.2_17 
A536B6DRAFT_NODE-unique_2_len_140983.2_11 
A536B6DRAFT_NODE-unique_1_len_170989.1_112 
A536B6DRAFT_NODE-unique_16_len_26845.16_11 
A536B6DRAFT_NODE-unique_10_len_40983.10_2 
A536B6DRAFT_NODE-unique_1_len_170989.1_57 
A536B6DRAFT_NODE-unique_7_len_85633.7_40 
A536B6DRAFT_NODE-unique_13_len_31020.13_16 
A536B6DRAFT_NODE-unique_17_len_21876.17_13 
A536B6DRAFT_NODE-unique_26_len_16107.26_7 
A536B6DRAFT_NODE-unique_5_len_104121.5_12 
A536B6DRAFT_NODE-unique_2_len_140983.2_65 
A536B6DRAFT_NODE-unique_3_len_132440.3_61 
A536B6DRAFT_NODE-unique_4_len_106362.4_67 
A536B6DRAFT_NODE-unique_2_len_140983.2_37 
A536B6DRAFT_NODE-unique_25_len_16531.25_15 
A536B6DRAFT_NODE-unique_4_len_106362.4_88 
A536B6DRAFT_NODE-unique_6_len_99050.6_32 
A536B6DRAFT_NODE-unique_32_len_9257.32_6 
A536B6DRAFT_NODE-unique_3_len_132440.3_121 
A536B6DRAFT_NODE-unique_6_len_99050.6_20 
A536B6DRAFT_NODE-unique_47_len_3225.47_1 
A536B6DRAFT_NODE-unique_3_len_132440.3_122 
A536B6DRAFT_NODE-unique_17_len_21876.17_12 
A536B6DRAFT_NODE-unique_3_len_132440.3_50 
A536B6DRAFT_NODE-unique_5_len_104121.5_11 
A536B6DRAFT_NODE-unique_11_len_38196.11_12 
A536B6DRAFT_NODE-unique_1_len_170989.1_139 
A536B6DRAFT_NODE-unique_2_len_140983.2_109 
A536B6DRAFT_NODE-unique_3_len_132440.3_4 
A536B6DRAFT_NODE-unique_3_len_132440.3_110 
A536B6DRAFT_NODE-unique_7_len_85633.7_39 
A536B6DRAFT_NODE-unique_8_len_46458.8_6 
A536B6DRAFT_NODE-unique_12_len_34338.12_19 
A536B6DRAFT_NODE-unique_26_len_16107.26_11 
A536B6DRAFT_NODE-unique_6_len_99050.6_8 
A536B6DRAFT_NODE-unique_9_len_42065.9_3 
A536B6DRAFT_NODE-unique_21_len_19309.21_12 
A536B6DRAFT_NODE-unique_11_len_38196.11_32 
A536B6DRAFT_NODE-unique_33_len_7961.33_2 
A536B6DRAFT_NODE-unique_4_len_106362.4_37 
A536B6DRAFT_NODE-unique_4_len_106362.4_94 
A536B6DRAFT_NODE-unique_7_len_85633.7_34 
A536B6DRAFT_NODE-unique_12_len_34338.12_6 
A536B6DRAFT_NODE-unique_16_len_26845.16_19 
A536B6DRAFT_NODE-unique_27_len_14823.27_12 
A536B6DRAFT_NODE-unique_6_len_99050.6_77 
A536B6DRAFT_NODE-unique_2_len_140983.2_122 
A536B6DRAFT_NODE-unique_2_len_140983.2_5 
A536B6DRAFT_NODE-unique_3_len_132440.3_8 
A536B6DRAFT_NODE-unique_16_len_26845.16_24 
A536B6DRAFT_NODE-unique_11_len_38196.11_11 
A536B6DRAFT_NODE-unique_10_len_40983.10_8 
A536B6DRAFT_NODE-unique_1_len_170989.1_122 
A536B6DRAFT_NODE-unique_12_len_34338.12_20 
A536B6DRAFT_NODE-unique_10_len_40983.10_23 
A536B6DRAFT_NODE-unique_9_len_42065.9_42 
A536B6DRAFT_NODE-unique_10_len_40983.10_20 
A536B6DRAFT_NODE-unique_41_len_5396.41_5 
A536B6DRAFT_NODE-unique_7_len_85633.7_7 
A536B6DRAFT_NODE-unique_8_len_46458.8_16 
A536B6DRAFT_NODE-unique_8_len_46458.8_15 
A536B6DRAFT_NODE-unique_5_len_104121.5_107 
A536B6DRAFT_NODE-unique_19_len_21726.19_23 
A536B6DRAFT_NODE-unique_9_len_42065.9_43 
A536B6DRAFT_NODE-unique_3_len_132440.3_111 
A536B6DRAFT_NODE-unique_8_len_46458.8_20 
A536B6DRAFT_NODE-unique_22_len_19007.22_14 
A536B6DRAFT_NODE-unique_7_len_85633.7_18 
A536B6DRAFT_NODE-unique_30_len_11907.30_2 
A536B6DRAFT_NODE-unique_5_len_104121.5_105 
A536B6DRAFT_NODE-unique_5_len_104121.5_91 
A536B6DRAFT_NODE-unique_7_len_85633.7_10 
A536B6DRAFT_NODE-unique_11_len_38196.11_4 
A536B6DRAFT_NODE-unique_1_len_170989.1_133 
A536B6DRAFT_NODE-unique_13_len_31020.13_12 
A536B6DRAFT_NODE-unique_25_len_16531.25_17 
A536B6DRAFT_NODE-unique_2_len_140983.2_16 
A536B6DRAFT_NODE-unique_15_len_27120.15_21 
A536B6DRAFT_NODE-unique_18_len_21869.18_3 
A536B6DRAFT_NODE-unique_1_len_170989.1_99 
A536B6DRAFT_NODE-unique_4_len_106362.4_95 
A536B6DRAFT_NODE-unique_5_len_104121.5_57 
A536B6DRAFT_NODE-unique_6_len_99050.6_7 
A536B6DRAFT_NODE-unique_7_len_85633.7_4 
A536B6DRAFT_NODE-unique_15_len_27120.15_27 
A536B6DRAFT_NODE-unique_16_len_26845.16_20 
A536B6DRAFT_NODE-unique_7_len_85633.7_37 
A536B6DRAFT_NODE-unique_7_len_85633.7_73 
A536B6DRAFT_NODE-unique_11_len_38196.11_23 
A536B6DRAFT_NODE-unique_28_len_13685.28_14 
A536B6DRAFT_NODE-unique_5_len_104121.5_22 
A536B6DRAFT_NODE-unique_5_len_104121.5_38 
A536B6DRAFT_NODE-unique_12_len_34338.12_7 
A536B6DRAFT_NODE-unique_7_len_85633.7_13 
A536B6DRAFT_NODE-unique_7_len_85633.7_30 
A536B6DRAFT_NODE-unique_3_len_132440.3_125 
A536B6DRAFT_NODE-unique_8_len_46458.8_31 
A536B6DRAFT_NODE-unique_30_len_11907.30_6 
A536B6DRAFT_NODE-unique_36_len_6401.36_1 
A536B6DRAFT_NODE-unique_6_len_99050.6_30 
A536B6DRAFT_NODE-unique_10_len_40983.10_37 
A536B6DRAFT_NODE-unique_22_len_19007.22_4 
A536B6DRAFT_NODE-unique_26_len_16107.26_3 
A536B6DRAFT_NODE-unique_11_len_38196.11_13 
A536B6DRAFT_NODE-unique_2_len_140983.2_21 
A536B6DRAFT_NODE-unique_18_len_21869.18_17 
A536B6DRAFT_NODE-unique_2_len_140983.2_35 
A536B6DRAFT_NODE-unique_2_len_140983.2_4 
A536B6DRAFT_NODE-unique_13_len_31020.13_19 
A536B6DRAFT_NODE-unique_3_len_132440.3_99 
A536B6DRAFT_NODE-unique_25_len_16531.25_18 
A536B6DRAFT_NODE-unique_2_len_140983.2_104 
A536B6DRAFT_NODE-unique_1_len_170989.1_148 
A536B6DRAFT_NODE-unique_2_len_140983.2_117 
A536B6DRAFT_NODE-unique_4_len_106362.4_29 
A536B6DRAFT_NODE-unique_10_len_40983.10_12 
A536B6DRAFT_NODE-unique_2_len_140983.2_84 
A536B6DRAFT_NODE-unique_10_len_40983.10_17 
A536B6DRAFT_NODE-unique_33_len_7961.33_5 
A536B6DRAFT_NODE-unique_5_len_104121.5_56 
A536B6DRAFT_NODE-unique_34_len_7860.34_3 
A536B6DRAFT_NODE-unique_3_len_132440.3_47 
A536B6DRAFT_NODE-unique_12_len_34338.12_5 
A536B6DRAFT_NODE-unique_1_len_170989.1_123 
A536B6DRAFT_NODE-unique_3_len_132440.3_48 
A536B6DRAFT_NODE-unique_4_len_106362.4_33 
A536B6DRAFT_NODE-unique_2_len_140983.2_133 
A536B6DRAFT_NODE-unique_20_len_20771.20_8 
A536B6DRAFT_NODE-unique_25_len_16531.25_7 
A536B6DRAFT_NODE-unique_4_len_106362.4_99 
A536B6DRAFT_NODE-unique_6_len_99050.6_86 
A536B6DRAFT_NODE-unique_2_len_140983.2_101 
A536B6DRAFT_NODE-unique_2_len_140983.2_96 
A536B6DRAFT_NODE-unique_40_len_5402.40_6 
A536B6DRAFT_NODE-unique_4_len_106362.4_91 
A536B6DRAFT_NODE-unique_6_len_99050.6_88 
A536B6DRAFT_NODE-unique_12_len_34338.12_32 
A536B6DRAFT_NODE-unique_2_len_140983.2_26 
A536B6DRAFT_NODE-unique_3_len_132440.3_30 
A536B6DRAFT_NODE-unique_6_len_99050.6_60 
A536B6DRAFT_NODE-unique_13_len_31020.13_20 
A536B6DRAFT_NODE-unique_1_len_170989.1_138 
A536B6DRAFT_NODE-unique_43_len_4984.43_5 
A536B6DRAFT_NODE-unique_4_len_106362.4_49 
A536B6DRAFT_NODE-unique_6_len_99050.6_36 
A536B6DRAFT_NODE-unique_15_len_27120.15_36 
A536B6DRAFT_NODE-unique_2_len_140983.2_51 
A536B6DRAFT_NODE-unique_4_len_106362.4_61 
A536B6DRAFT_NODE-unique_14_len_30521.14_27 
A536B6DRAFT_NODE-unique_27_len_14823.27_17 
A536B6DRAFT_NODE-unique_32_len_9257.32_2 
A536B6DRAFT_NODE-unique_48_len_3187.48_2 
A536B6DRAFT_NODE-unique_18_len_21869.18_7 
A536B6DRAFT_NODE-unique_1_len_170989.1_48 
A536B6DRAFT_NODE-unique_5_len_104121.5_47 
A536B6DRAFT_NODE-unique_16_len_26845.16_12 
A536B6DRAFT_NODE-unique_5_len_104121.5_89 
A536B6DRAFT_NODE-unique_6_len_99050.6_31 
A536B6DRAFT_NODE-unique_6_len_99050.6_70 
A536B6DRAFT_NODE-unique_7_len_85633.7_57 
A536B6DRAFT_NODE-unique_18_len_21869.18_1 
A536B6DRAFT_NODE-unique_37_len_6329.37_4 
A536B6DRAFT_NODE-unique_28_len_13685.28_4 
A536B6DRAFT_NODE-unique_76_len_1185.76_1 
A536B6DRAFT_NODE-unique_3_len_132440.3_2 
A536B6DRAFT_NODE-unique_17_len_21876.17_22 
A536B6DRAFT_NODE-unique_35_len_6750.35_9 
A536B6DRAFT_NODE-unique_6_len_99050.6_68 
A536B6DRAFT_NODE-unique_1_len_170989.1_46 
A536B6DRAFT_NODE-unique_1_len_170989.1_45 
A536B6DRAFT_NODE-unique_2_len_140983.2_115 
A536B6DRAFT_NODE-unique_7_len_85633.7_11 
A536B6DRAFT_NODE-unique_6_len_99050.6_59 
A536B6DRAFT_NODE-unique_2_len_140983.2_102 
A536B6DRAFT_NODE-unique_2_len_140983.2_134 
A536B6DRAFT_NODE-unique_6_len_99050.6_29 
A536B6DRAFT_NODE-unique_1_len_170989.1_86 
A536B6DRAFT_NODE-unique_13_len_31020.13_13 
A536B6DRAFT_NODE-unique_6_len_99050.6_92 
A536B6DRAFT_NODE-unique_3_len_132440.3_95 
A536B6DRAFT_NODE-unique_10_len_40983.10_21 
A536B6DRAFT_NODE-unique_43_len_4984.43_4 
A536B6DRAFT_NODE-unique_5_len_104121.5_39 
A536B6DRAFT_NODE-unique_3_len_132440.3_24 
A536B6DRAFT_NODE-unique_3_len_132440.3_35 
A536B6DRAFT_NODE-unique_7_len_85633.7_58 
A536B6DRAFT_NODE-unique_1_len_170989.1_40 
A536B6DRAFT_NODE-unique_31_len_11019.31_8 
A536B6DRAFT_NODE-unique_4_len_106362.4_54 
A536B6DRAFT_NODE-unique_10_len_40983.10_10 
A536B6DRAFT_NODE-unique_11_len_38196.11_25 
A536B6DRAFT_NODE-unique_9_len_42065.9_28 
A536B6DRAFT_NODE-unique_9_len_42065.9_9 
A536B6DRAFT_NODE-unique_3_len_132440.3_31 
A536B6DRAFT_NODE-unique_3_len_132440.3_36 
A536B6DRAFT_NODE-unique_8_len_46458.8_3 
A536B6DRAFT_NODE-unique_19_len_21726.19_15 
A536B6DRAFT_NODE-unique_2_len_140983.2_125 
A536B6DRAFT_NODE-unique_8_len_46458.8_17 
A536B6DRAFT_NODE-unique_3_len_132440.3_62 
A536B6DRAFT_NODE-unique_5_len_104121.5_86 
A536B6DRAFT_NODE-unique_11_len_38196.11_15 
A536B6DRAFT_NODE-unique_31_len_11019.31_12 
A536B6DRAFT_NODE-unique_1_len_170989.1_55 
A536B6DRAFT_NODE-unique_35_len_6750.35_6 
A536B6DRAFT_NODE-unique_7_len_85633.7_6 
A536B6DRAFT_NODE-unique_20_len_20771.20_6 
A536B6DRAFT_NODE-unique_2_len_140983.2_103 
A536B6DRAFT_NODE-unique_3_len_132440.3_28 
A536B6DRAFT_NODE-unique_7_len_85633.7_36 
A536B6DRAFT_NODE-unique_10_len_40983.10_27 
A536B6DRAFT_NODE-unique_1_len_170989.1_41 
A536B6DRAFT_NODE-unique_21_len_19309.21_2 
A536B6DRAFT_NODE-unique_2_len_140983.2_77 
A536B6DRAFT_NODE-unique_6_len_99050.6_23 
A536B6DRAFT_NODE-unique_14_len_30521.14_15 
A536B6DRAFT_NODE-unique_10_len_40983.10_18 
A536B6DRAFT_NODE-unique_2_len_140983.2_85 
A536B6DRAFT_NODE-unique_7_len_85633.7_35 
A536B6DRAFT_NODE-unique_1_len_170989.1_19 
A536B6DRAFT_NODE-unique_30_len_11907.30_9 
A536B6DRAFT_NODE-unique_36_len_6401.36_2 
A536B6DRAFT_NODE-unique_6_len_99050.6_22 
A536B6DRAFT_NODE-unique_1_len_170989.1_44 
A536B6DRAFT_NODE-unique_20_len_20771.20_10 
A536B6DRAFT_NODE-unique_2_len_140983.2_60 
A536B6DRAFT_NODE-unique_36_len_6401.36_5 
A536B6DRAFT_NODE-unique_1_len_170989.1_67 
A536B6DRAFT_NODE-unique_36_len_6401.36_4 
A536B6DRAFT_NODE-unique_13_len_31020.13_26 
A536B6DRAFT_NODE-unique_27_len_14823.27_14 
A536B6DRAFT_NODE-unique_11_len_38196.11_17 
A536B6DRAFT_NODE-unique_1_len_170989.1_37 
A536B6DRAFT_NODE-unique_3_len_132440.3_37 
A536B6DRAFT_NODE-unique_23_len_17569.23_12 
A536B6DRAFT_NODE-unique_3_len_132440.3_59 
A536B6DRAFT_NODE-unique_7_len_85633.7_9 
A536B6DRAFT_NODE-unique_1_len_170989.1_126 
A536B6DRAFT_NODE-unique_1_len_170989.1_72 
A536B6DRAFT_NODE-unique_6_len_99050.6_10 
A536B6DRAFT_NODE-unique_7_len_85633.7_38 
A536B6DRAFT_NODE-unique_14_len_30521.14_22 
A536B6DRAFT_NODE-unique_1_len_170989.1_94 
A536B6DRAFT_NODE-unique_13_len_31020.13_3 
A536B6DRAFT_NODE-unique_1_len_170989.1_129 
A536B6DRAFT_NODE-unique_40_len_5402.40_3 
A536B6DRAFT_NODE-unique_4_len_106362.4_32 
A536B6DRAFT_NODE-unique_14_len_30521.14_18 
A536B6DRAFT_NODE-unique_2_len_140983.2_105 
A536B6DRAFT_NODE-unique_12_len_34338.12_14 
A536B6DRAFT_NODE-unique_1_len_170989.1_137 
A536B6DRAFT_NODE-unique_4_len_106362.4_72 
A536B6DRAFT_NODE-unique_20_len_20771.20_5 
A536B6DRAFT_NODE-unique_9_len_42065.9_33 
A536B6DRAFT_NODE-unique_24_len_16891.24_5 
A536B6DRAFT_NODE-unique_32_len_9257.32_1 
A536B6DRAFT_NODE-unique_4_len_106362.4_57 
A536B6DRAFT_NODE-unique_5_len_104121.5_58 
A536B6DRAFT_NODE-unique_44_len_4815.44_1 
A536B6DRAFT_NODE-unique_73_len_1209.73_2 
A536B6DRAFT_NODE-unique_5_len_104121.5_108 
A536B6DRAFT_NODE-unique_9_len_42065.9_31 
A536B6DRAFT_NODE-unique_20_len_20771.20_11 
A536B6DRAFT_NODE-unique_1_len_170989.1_102 
A536B6DRAFT_NODE-unique_35_len_6750.35_4 
A536B6DRAFT_NODE-unique_19_len_21726.19_20 
A536B6DRAFT_NODE-unique_3_len_132440.3_109 
A536B6DRAFT_NODE-unique_4_len_106362.4_75 
A536B6DRAFT_NODE-unique_5_len_104121.5_92 
A536B6DRAFT_NODE-unique_26_len_16107.26_9 
A536B6DRAFT_NODE-unique_4_len_106362.4_101 
A536B6DRAFT_NODE-unique_6_len_99050.6_14 
A536B6DRAFT_NODE-unique_6_len_99050.6_45 
A536B6DRAFT_NODE-unique_6_len_99050.6_79 
A536B6DRAFT_NODE-unique_2_len_140983.2_23 
A536B6DRAFT_NODE-unique_2_len_140983.2_72 
A536B6DRAFT_NODE-unique_50_len_2989.50_1 
A536B6DRAFT_NODE-unique_1_len_170989.1_120 
A536B6DRAFT_NODE-unique_43_len_4984.43_2 
A536B6DRAFT_NODE-unique_17_len_21876.17_18 
A536B6DRAFT_NODE-unique_5_len_104121.5_43 
A536B6DRAFT_NODE-unique_8_len_46458.8_7 
A536B6DRAFT_NODE-unique_16_len_26845.16_18 
A536B6DRAFT_NODE-unique_3_len_132440.3_43 
A536B6DRAFT_NODE-unique_5_len_104121.5_31 
A536B6DRAFT_NODE-unique_7_len_85633.7_43 
A536B6DRAFT_NODE-unique_2_len_140983.2_70 
A536B6DRAFT_NODE-unique_6_len_99050.6_15 
A536B6DRAFT_NODE-unique_1_len_170989.1_127 
A536B6DRAFT_NODE-unique_1_len_170989.1_51 
A536B6DRAFT_NODE-unique_3_len_132440.3_117 
A536B6DRAFT_NODE-unique_3_len_132440.3_71 
A536B6DRAFT_NODE-unique_5_len_104121.5_103 
A536B6DRAFT_NODE-unique_15_len_27120.15_25 
A536B6DRAFT_NODE-unique_12_len_34338.12_29 
A536B6DRAFT_NODE-unique_3_len_132440.3_91 
A536B6DRAFT_NODE-unique_10_len_40983.10_28 
A536B6DRAFT_NODE-unique_2_len_140983.2_80 
A536B6DRAFT_NODE-unique_49_len_3022.49_1 
A536B6DRAFT_NODE-unique_4_len_106362.4_79 
A536B6DRAFT_NODE-unique_6_len_99050.6_9 
A536B6DRAFT_NODE-unique_6_len_99050.6_90 
A536B6DRAFT_NODE-unique_23_len_17569.23_10 
A536B6DRAFT_NODE-unique_1_len_170989.1_79 
A536B6DRAFT_NODE-unique_11_len_38196.11_27 
A536B6DRAFT_NODE-unique_16_len_26845.16_13 
A536B6DRAFT_NODE-unique_4_len_106362.4_42 
A536B6DRAFT_NODE-unique_2_len_140983.2_28 
A536B6DRAFT_NODE-unique_30_len_11907.30_10 
A536B6DRAFT_NODE-unique_4_len_106362.4_82 
A536B6DRAFT_NODE-unique_14_len_30521.14_6 
A536B6DRAFT_NODE-unique_24_len_16891.24_16 
A536B6DRAFT_NODE-unique_27_len_14823.27_7 
A536B6DRAFT_NODE-unique_3_len_132440.3_69 
A536B6DRAFT_NODE-unique_4_len_106362.4_71 
A536B6DRAFT_NODE-unique_5_len_104121.5_84 
A536B6DRAFT_NODE-unique_13_len_31020.13_10 
A536B6DRAFT_NODE-unique_13_len_31020.13_30 
A536B6DRAFT_NODE-unique_13_len_31020.13_8 
A536B6DRAFT_NODE-unique_14_len_30521.14_20 
A536B6DRAFT_NODE-unique_4_len_106362.4_3 
A536B6DRAFT_NODE-unique_1_len_170989.1_52 
A536B6DRAFT_NODE-unique_6_len_99050.6_47 
A536B6DRAFT_NODE-unique_9_len_42065.9_18 
A536B6DRAFT_NODE-unique_1_len_170989.1_50 
A536B6DRAFT_NODE-unique_4_len_106362.4_21 
A536B6DRAFT_NODE-unique_4_len_106362.4_96 
A536B6DRAFT_NODE-unique_13_len_31020.13_9 
A536B6DRAFT_NODE-unique_16_len_26845.16_7 
A536B6DRAFT_NODE-unique_4_len_106362.4_90 
A536B6DRAFT_NODE-unique_22_len_19007.22_7 
A536B6DRAFT_NODE-unique_2_len_140983.2_63 
A536B6DRAFT_NODE-unique_7_len_85633.7_3 
A536B6DRAFT_NODE-unique_25_len_16531.25_13 
A536B6DRAFT_NODE-unique_32_len_9257.32_8 
A536B6DRAFT_NODE-unique_34_len_7860.34_7 
A536B6DRAFT_NODE-unique_4_len_106362.4_60 
A536B6DRAFT_NODE-unique_7_len_85633.7_28 
A536B6DRAFT_NODE-unique_8_len_46458.8_4 
A536B6DRAFT_NODE-unique_1_len_170989.1_141 
A536B6DRAFT_NODE-unique_1_len_170989.1_58 
A536B6DRAFT_NODE-unique_2_len_140983.2_90 
A536B6DRAFT_NODE-unique_4_len_106362.4_56 
A536B6DRAFT_NODE-unique_6_len_99050.6_66 
A536B6DRAFT_NODE-unique_6_len_99050.6_18 
A536B6DRAFT_NODE-unique_5_len_104121.5_59 
A536B6DRAFT_NODE-unique_5_len_104121.5_65 
A536B6DRAFT_NODE-unique_12_len_34338.12_9 
A536B6DRAFT_NODE-unique_2_len_140983.2_2 
A536B6DRAFT_NODE-unique_30_len_11907.30_7 
A536B6DRAFT_NODE-unique_88_len_1039.88_1 
A536B6DRAFT_NODE-unique_11_len_38196.11_26 
A536B6DRAFT_NODE-unique_13_len_31020.13_25 
A536B6DRAFT_NODE-unique_1_len_170989.1_73 
A536B6DRAFT_NODE-unique_49_len_3022.49_3 
A536B6DRAFT_NODE-unique_1_len_170989.1_151 
A536B6DRAFT_NODE-unique_22_len_19007.22_11 
A536B6DRAFT_NODE-unique_2_len_140983.2_121 
A536B6DRAFT_NODE-unique_3_len_132440.3_38 
A536B6DRAFT_NODE-unique_4_len_106362.4_73 
A536B6DRAFT_NODE-unique_11_len_38196.11_28 
A536B6DRAFT_NODE-unique_4_len_106362.4_28 
A536B6DRAFT_NODE-unique_4_len_106362.4_76 
A536B6DRAFT_NODE-unique_11_len_38196.11_21 
A536B6DRAFT_NODE-unique_16_len_26845.16_2 
A536B6DRAFT_NODE-unique_6_len_99050.6_19 
A536B6DRAFT_NODE-unique_96_len_931.96_1 
A536B6DRAFT_NODE-unique_48_len_3187.48_3 
A536B6DRAFT_NODE-unique_68_len_1388.68_3 
A536B6DRAFT_NODE-unique_7_len_85633.7_23 
A536B6DRAFT_NODE-unique_4_len_106362.4_16 
A536B6DRAFT_NODE-unique_6_len_99050.6_91 
A536B6DRAFT_NODE-unique_10_len_40983.10_36 
A536B6DRAFT_NODE-unique_44_len_4815.44_3 
A536B6DRAFT_NODE-unique_10_len_40983.10_3 
A536B6DRAFT_NODE-unique_12_len_34338.12_15 
A536B6DRAFT_NODE-unique_2_len_140983.2_94 
A536B6DRAFT_NODE-unique_3_len_132440.3_40 
A536B6DRAFT_NODE-unique_3_len_132440.3_72 
A536B6DRAFT_NODE-unique_4_len_106362.4_92 
A536B6DRAFT_NODE-unique_5_len_104121.5_52 
A536B6DRAFT_NODE-unique_6_len_99050.6_67 
A536B6DRAFT_NODE-unique_7_len_85633.7_33 
A536B6DRAFT_NODE-unique_1_len_170989.1_90 
A536B6DRAFT_NODE-unique_28_len_13685.28_9 
A536B6DRAFT_NODE-unique_6_len_99050.6_13 
A536B6DRAFT_NODE-unique_11_len_38196.11_16 
A536B6DRAFT_NODE-unique_7_len_85633.7_14 
A536B6DRAFT_NODE-unique_7_len_85633.7_32 
A536B6DRAFT_NODE-unique_1_len_170989.1_136 
A536B6DRAFT_NODE-unique_2_len_140983.2_62 
A536B6DRAFT_NODE-unique_9_len_42065.9_25 
A536B6DRAFT_NODE-unique_14_len_30521.14_8 
A536B6DRAFT_NODE-unique_23_len_17569.23_4 
A536B6DRAFT_NODE-unique_2_len_140983.2_106 
A536B6DRAFT_NODE-unique_4_len_106362.4_100 
A536B6DRAFT_NODE-unique_16_len_26845.16_17 
A536B6DRAFT_NODE-unique_18_len_21869.18_10 
A536B6DRAFT_NODE-unique_24_len_16891.24_17 
A536B6DRAFT_NODE-unique_3_len_132440.3_96 
A536B6DRAFT_NODE-unique_4_len_106362.4_36 
A536B6DRAFT_NODE-unique_4_len_106362.4_63 
A536B6DRAFT_NODE-unique_4_len_106362.4_84 
A536B6DRAFT_NODE-unique_5_len_104121.5_76 
A536B6DRAFT_NODE-unique_28_len_13685.28_3 
A536B6DRAFT_NODE-unique_80_len_1104.80_2 
A536B6DRAFT_NODE-unique_19_len_21726.19_21 
A536B6DRAFT_NODE-unique_1_len_170989.1_87 
A536B6DRAFT_NODE-unique_34_len_7860.34_4 
A536B6DRAFT_NODE-unique_3_len_132440.3_73 
A536B6DRAFT_NODE-unique_1_len_170989.1_77 
A536B6DRAFT_NODE-unique_7_len_85633.7_76 
A536B6DRAFT_NODE-unique_10_len_40983.10_4 
A536B6DRAFT_NODE-unique_24_len_16891.24_12 
A536B6DRAFT_NODE-unique_4_len_106362.4_80 
A536B6DRAFT_NODE-unique_2_len_140983.2_129 
A536B6DRAFT_NODE-unique_11_len_38196.11_7 
A536B6DRAFT_NODE-unique_6_len_99050.6_21 
A536B6DRAFT_NODE-unique_1_len_170989.1_47 
A536B6DRAFT_NODE-unique_34_len_7860.34_11 
A536B6DRAFT_NODE-unique_24_len_16891.24_19 
A536B6DRAFT_NODE-unique_2_len_140983.2_33 
A536B6DRAFT_NODE-unique_2_len_140983.2_44 
A536B6DRAFT_NODE-unique_2_len_140983.2_59 
A536B6DRAFT_NODE-unique_4_len_106362.4_18 
A536B6DRAFT_NODE-unique_4_len_106362.4_59 
A536B6DRAFT_NODE-unique_10_len_40983.10_14 
A536B6DRAFT_NODE-unique_17_len_21876.17_2 
A536B6DRAFT_NODE-unique_9_len_42065.9_45 
A536B6DRAFT_NODE-unique_18_len_21869.18_12 
A536B6DRAFT_NODE-unique_1_len_170989.1_117 
A536B6DRAFT_NODE-unique_22_len_19007.22_8 
A536B6DRAFT_NODE-unique_6_len_99050.6_93 
A536B6DRAFT_NODE-unique_17_len_21876.17_7 
A536B6DRAFT_NODE-unique_1_len_170989.1_132 
A536B6DRAFT_NODE-unique_2_len_140983.2_97 
A536B6DRAFT_NODE-unique_31_len_11019.31_3 
A536B6DRAFT_NODE-unique_56_len_2033.56_1 
A536B6DRAFT_NODE-unique_5_len_104121.5_83 
A536B6DRAFT_NODE-unique_67_len_1436.67_1 
A536B6DRAFT_NODE-unique_32_len_9257.32_7 
A536B6DRAFT_NODE-unique_9_len_42065.9_27 
A536B6DRAFT_NODE-unique_18_len_21869.18_4 
A536B6DRAFT_NODE-unique_19_len_21726.19_1 
A536B6DRAFT_NODE-unique_42_len_5071.42_1 
A536B6DRAFT_NODE-unique_59_len_1751.59_1 
A536B6DRAFT_NODE-unique_103_len_847.103_1 
A536B6DRAFT_NODE-unique_4_len_106362.4_58 
A536B6DRAFT_NODE-unique_5_len_104121.5_53 
A536B6DRAFT_NODE-unique_8_len_46458.8_36 
A536B6DRAFT_NODE-unique_9_len_42065.9_37 
A536B6DRAFT_NODE-unique_9_len_42065.9_8 
A536B6DRAFT_NODE-unique_3_len_132440.3_15 
A536B6DRAFT_NODE-unique_6_len_99050.6_85 
A536B6DRAFT_NODE-unique_28_len_13685.28_5 
A536B6DRAFT_NODE-unique_93_len_1003.93_1 
A536B6DRAFT_NODE-unique_12_len_34338.12_27 
A536B6DRAFT_NODE-unique_59_len_1751.59_2 
A536B6DRAFT_NODE-unique_92_len_1009.92_1 
A536B6DRAFT_NODE-unique_25_len_16531.25_8 
A536B6DRAFT_NODE-unique_58_len_1834.58_1 
A536B6DRAFT_NODE-unique_14_len_30521.14_11 
A536B6DRAFT_NODE-unique_2_len_140983.2_91 
A536B6DRAFT_NODE-unique_47_len_3225.47_2 
A536B6DRAFT_NODE-unique_4_len_106362.4_11 
A536B6DRAFT_NODE-unique_8_len_46458.8_22 
A536B6DRAFT_NODE-unique_107_len_819.107_1 
A536B6DRAFT_NODE-unique_22_len_19007.22_3 
A536B6DRAFT_NODE-unique_25_len_16531.25_10 
A536B6DRAFT_NODE-unique_5_len_104121.5_40 
A536B6DRAFT_NODE-unique_23_len_17569.23_1 
A536B6DRAFT_NODE-unique_5_len_104121.5_62 
A536B6DRAFT_NODE-unique_91_len_1032.91_1 
A536B6DRAFT_NODE-unique_2_len_140983.2_120 
A536B6DRAFT_NODE-unique_71_len_1219.71_1 
A536B6DRAFT_NODE-unique_9_len_42065.9_11 
A536B6DRAFT_NODE-unique_2_len_140983.2_49 
A536B6DRAFT_NODE-unique_3_len_132440.3_78 
A536B6DRAFT_NODE-unique_7_len_85633.7_27 
A536B6DRAFT_NODE-unique_12_len_34338.12_26 
A536B6DRAFT_NODE-unique_7_len_85633.7_31 
A536B6DRAFT_NODE-unique_12_len_34338.12_25 
A536B6DRAFT_NODE-unique_18_len_21869.18_22 
A536B6DRAFT_NODE-unique_5_len_104121.5_2 
A536B6DRAFT_NODE-unique_7_len_85633.7_61 
A536B6DRAFT_NODE-unique_5_len_104121.5_69 
A536B6DRAFT_NODE-unique_17_len_21876.17_10 
A536B6DRAFT_NODE-unique_5_len_104121.5_32 
A536B6DRAFT_NODE-unique_5_len_104121.5_90 
A536B6DRAFT_NODE-unique_3_len_132440.3_123 
A536B6DRAFT_NODE-unique_16_len_26845.16_15 
A536B6DRAFT_NODE-unique_57_len_1868.57_3 
A536B6DRAFT_NODE-unique_5_len_104121.5_41 
A536B6DRAFT_NODE-unique_6_len_99050.6_25 
A536B6DRAFT_NODE-unique_11_len_38196.11_8 
A536B6DRAFT_NODE-unique_1_len_170989.1_149 
A536B6DRAFT_NODE-unique_3_len_132440.3_98 
A536B6DRAFT_NODE-unique_41_len_5396.41_2 
A536B6DRAFT_NODE-unique_8_len_46458.8_34 
A536B6DRAFT_NODE-unique_31_len_11019.31_9 
A536B6DRAFT_NODE-unique_14_len_30521.14_28 
A536B6DRAFT_NODE-unique_1_len_170989.1_85 
A536B6DRAFT_NODE-unique_25_len_16531.25_5 
A536B6DRAFT_NODE-unique_5_len_104121.5_6 
A536B6DRAFT_NODE-unique_7_len_85633.7_56 
A536B6DRAFT_NODE-unique_16_len_26845.16_6 
A536B6DRAFT_NODE-unique_22_len_19007.22_5 
A536B6DRAFT_NODE-unique_31_len_11019.31_14 
A536B6DRAFT_NODE-unique_8_len_46458.8_35 
A536B6DRAFT_NODE-unique_13_len_31020.13_6 
A536B6DRAFT_NODE-unique_1_len_170989.1_105 
A536B6DRAFT_NODE-unique_7_len_85633.7_21 
A536B6DRAFT_NODE-unique_8_len_46458.8_41 
A536B6DRAFT_NODE-unique_13_len_31020.13_17 
A536B6DRAFT_NODE-unique_18_len_21869.18_2 
A536B6DRAFT_NODE-unique_1_len_170989.1_107 
A536B6DRAFT_NODE-unique_1_len_170989.1_152 
A536B6DRAFT_NODE-unique_27_len_14823.27_16 
A536B6DRAFT_NODE-unique_65_len_1523.65_1 
A536B6DRAFT_NODE-unique_65_len_1523.65_2 
A536B6DRAFT_NODE-unique_17_len_21876.17_11 
A536B6DRAFT_NODE-unique_1_len_170989.1_82 
A536B6DRAFT_NODE-unique_27_len_14823.27_8 
A536B6DRAFT_NODE-unique_4_len_106362.4_78 
A536B6DRAFT_NODE-unique_7_len_85633.7_84 
A536B6DRAFT_NODE-unique_35_len_6750.35_5 
A536B6DRAFT_NODE-unique_35_len_6750.35_8 
A536B6DRAFT_NODE-unique_79_len_1139.79_1 
A536B6DRAFT_NODE-unique_9_len_42065.9_30 
A536B6DRAFT_NODE-unique_12_len_34338.12_2 
A536B6DRAFT_NODE-unique_1_len_170989.1_3 
A536B6DRAFT_NODE-unique_2_len_140983.2_108 
A536B6DRAFT_NODE-unique_20_len_20771.20_1 
A536B6DRAFT_NODE-unique_3_len_132440.3_41 
A536B6DRAFT_NODE-unique_118_len_755.118_1 
A536B6DRAFT_NODE-unique_3_len_132440.3_49 
A536B6DRAFT_NODE-unique_86_len_1089.86_2 
A536B6DRAFT_NODE-unique_9_len_42065.9_38 
A536B6DRAFT_NODE-unique_27_len_14823.27_4 
A536B6DRAFT_NODE-unique_2_len_140983.2_40 
A536B6DRAFT_NODE-unique_3_len_132440.3_68 
A536B6DRAFT_NODE-unique_5_len_104121.5_49 
A536B6DRAFT_NODE-unique_14_len_30521.14_7 
A536B6DRAFT_NODE-unique_1_len_170989.1_20 
A536B6DRAFT_NODE-unique_1_len_170989.1_74 
A536B6DRAFT_NODE-unique_2_len_140983.2_124 
A536B6DRAFT_NODE-unique_5_len_104121.5_87 
A536B6DRAFT_NODE-unique_2_len_140983.2_31 
A536B6DRAFT_NODE-unique_5_len_104121.5_104 
A536B6DRAFT_NODE-unique_5_len_104121.5_61 
A536B6DRAFT_NODE-unique_5_len_104121.5_64 
A536B6DRAFT_NODE-unique_6_len_99050.6_37 
A536B6DRAFT_NODE-unique_1_len_170989.1_71 
A536B6DRAFT_NODE-unique_21_len_19309.21_1 
A536B6DRAFT_NODE-unique_25_len_16531.25_4 
A536B6DRAFT_NODE-unique_2_len_140983.2_119 
A536B6DRAFT_NODE-unique_36_len_6401.36_3 
A536B6DRAFT_NODE-unique_4_len_106362.4_25 
A536B6DRAFT_NODE-unique_64_len_1581.64_1 
A536B6DRAFT_NODE-unique_6_len_99050.6_53 
A536B6DRAFT_NODE-unique_122_len_732.122_1 
A536B6DRAFT_NODE-unique_1_len_170989.1_115 
A536B6DRAFT_NODE-unique_21_len_19309.21_7 
A536B6DRAFT_NODE-unique_2_len_140983.2_7 
A536B6DRAFT_NODE-unique_33_len_7961.33_3 
A536B6DRAFT_NODE-unique_42_len_5071.42_2 
A536B6DRAFT_NODE-unique_57_len_1868.57_2 
A536B6DRAFT_NODE-unique_5_len_104121.5_51 
A536B6DRAFT_NODE-unique_5_len_104121.5_67 
A536B6DRAFT_NODE-unique_8_len_46458.8_30 
A536B6DRAFT_NODE-unique_102_len_855.102_1 
A536B6DRAFT_NODE-unique_4_len_106362.4_52 
A536B6DRAFT_NODE-unique_27_len_14823.27_10 
A536B6DRAFT_NODE-unique_2_len_140983.2_100 
A536B6DRAFT_NODE-unique_30_len_11907.30_11 
A536B6DRAFT_NODE-unique_5_len_104121.5_48 
A536B6DRAFT_NODE-unique_5_len_104121.5_66 
A536B6DRAFT_NODE-unique_124_len_727.124_1 
A536B6DRAFT_NODE-unique_24_len_16891.24_9 
A536B6DRAFT_NODE-unique_3_len_132440.3_63 
A536B6DRAFT_NODE-unique_7_len_85633.7_1 
A536B6DRAFT_NODE-unique_7_len_85633.7_81 
A536B6DRAFT_NODE-unique_10_len_40983.10_9 
A536B6DRAFT_NODE-unique_116_len_768.116_1 
A536B6DRAFT_NODE-unique_31_len_11019.31_10 
A536B6DRAFT_NODE-unique_3_len_132440.3_66 
A536B6DRAFT_NODE-unique_4_len_106362.4_55 
A536B6DRAFT_NODE-unique_15_len_27120.15_30 
A536B6DRAFT_NODE-unique_27_len_14823.27_13 
A536B6DRAFT_NODE-unique_6_len_99050.6_82 
A536B6DRAFT_NODE-unique_10_len_40983.10_34 
A536B6DRAFT_NODE-unique_13_len_31020.13_18 
A536B6DRAFT_NODE-unique_16_len_26845.16_22 
A536B6DRAFT_NODE-unique_4_len_106362.4_12 
A536B6DRAFT_NODE-unique_5_len_104121.5_85 
A536B6DRAFT_NODE-unique_63_len_1632.63_1 
A536B6DRAFT_NODE-unique_82_len_1097.82_1 
A536B6DRAFT_NODE-unique_8_len_46458.8_43 
A536B6DRAFT_NODE-unique_1_len_170989.1_146 
A536B6DRAFT_NODE-unique_8_len_46458.8_28 
A536B6DRAFT_NODE-unique_15_len_27120.15_32 
A536B6DRAFT_NODE-unique_35_len_6750.35_1 
A536B6DRAFT_NODE-unique_3_len_132440.3_11 
A536B6DRAFT_NODE-unique_8_len_46458.8_44 
A536B6DRAFT_NODE-unique_6_len_99050.6_65 
A536B6DRAFT_NODE-unique_75_len_1189.75_2 
A536B6DRAFT_NODE-unique_105_len_844.105_1 
A536B6DRAFT_NODE-unique_130_len_696.130_1 
A536B6DRAFT_NODE-unique_15_len_27120.15_7 
A536B6DRAFT_NODE-unique_16_len_26845.16_23 
A536B6DRAFT_NODE-unique_3_len_132440.3_23 
A536B6DRAFT_NODE-unique_3_len_132440.3_81 
A536B6DRAFT_NODE-unique_70_len_1307.70_2 
A536B6DRAFT_NODE-unique_117_len_762.117_1 
A536B6DRAFT_NODE-unique_18_len_21869.18_9 
A536B6DRAFT_NODE-unique_1_len_170989.1_25 
A536B6DRAFT_NODE-unique_1_len_170989.1_28 
A536B6DRAFT_NODE-unique_2_len_140983.2_32 
A536B6DRAFT_NODE-unique_7_len_85633.7_49 
A536B6DRAFT_NODE-unique_10_len_40983.10_33 
A536B6DRAFT_NODE-unique_19_len_21726.19_6 
A536B6DRAFT_NODE-unique_2_len_140983.2_132 
A536B6DRAFT_NODE-unique_9_len_42065.9_26 
A536B6DRAFT_NODE-unique_27_len_14823.27_3 
A536B6DRAFT_NODE-unique_44_len_4815.44_4 
A536B6DRAFT_NODE-unique_16_len_26845.16_3 
A536B6DRAFT_NODE-unique_14_len_30521.14_29 
A536B6DRAFT_NODE-unique_1_len_170989.1_118 
A536B6DRAFT_NODE-unique_1_len_170989.1_124 
A536B6DRAFT_NODE-unique_5_len_104121.5_29 
A536B6DRAFT_NODE-unique_63_len_1632.63_2 
A536B6DRAFT_NODE-unique_38_len_5893.38_4 
A536B6DRAFT_NODE-unique_28_len_13685.28_6 
A536B6DRAFT_NODE-unique_69_len_1366.69_3 
A536B6DRAFT_NODE-unique_8_len_46458.8_8 
A536B6DRAFT_NODE-unique_10_len_40983.10_25 
A536B6DRAFT_NODE-unique_13_len_31020.13_27 
A536B6DRAFT_NODE-unique_19_len_21726.19_24 
A536B6DRAFT_NODE-unique_2_len_140983.2_55 
A536B6DRAFT_NODE-unique_3_len_132440.3_3 
A536B6DRAFT_NODE-unique_4_len_106362.4_15 
A536B6DRAFT_NODE-unique_12_len_34338.12_16 
A536B6DRAFT_NODE-unique_21_len_19309.21_8 
A536B6DRAFT_NODE-unique_22_len_19007.22_13 
A536B6DRAFT_NODE-unique_3_len_132440.3_79 
A536B6DRAFT_NODE-unique_7_len_85633.7_20 
A536B6DRAFT_NODE-unique_8_len_46458.8_10 
A536B6DRAFT_NODE-unique_17_len_21876.17_23 
A536B6DRAFT_NODE-unique_2_len_140983.2_1 
A536B6DRAFT_NODE-unique_17_len_21876.17_21 
A536B6DRAFT_NODE-unique_1_len_170989.1_49 
A536B6DRAFT_NODE-unique_10_len_40983.10_11 
A536B6DRAFT_NODE-unique_121_len_736.121_1 
A536B6DRAFT_NODE-unique_134_len_653.134_1 
A536B6DRAFT_NODE-unique_135_len_652.135_1 
A536B6DRAFT_NODE-unique_13_len_31020.13_2 
A536B6DRAFT_NODE-unique_1_len_170989.1_104 
A536B6DRAFT_NODE-unique_2_len_140983.2_54 
A536B6DRAFT_NODE-unique_54_len_2615.54_4 
A536B6DRAFT_NODE-unique_4_len_106362.4_5 
A536B6DRAFT_NODE-unique_6_len_99050.6_75 
A536B6DRAFT_NODE-unique_17_len_21876.17_3 
A536B6DRAFT_NODE-unique_1_len_170989.1_113 
A536B6DRAFT_NODE-unique_2_len_140983.2_66 
A536B6DRAFT_NODE-unique_5_len_104121.5_99 
A536B6DRAFT_NODE-unique_2_len_140983.2_20 
A536B6DRAFT_NODE-unique_7_len_85633.7_54 
A536B6DRAFT_NODE-unique_8_len_46458.8_9 
A536B6DRAFT_NODE-unique_2_len_140983.2_123 
A536B6DRAFT_NODE-unique_5_len_104121.5_35 
A536B6DRAFT_NODE-unique_8_len_46458.8_48 
A536B6DRAFT_NODE-unique_11_len_38196.11_1 
A536B6DRAFT_NODE-unique_1_len_170989.1_119 
A536B6DRAFT_NODE-unique_2_len_140983.2_135 
A536B6DRAFT_NODE-unique_6_len_99050.6_35 
A536B6DRAFT_NODE-unique_22_len_19007.22_6 
A536B6DRAFT_NODE-unique_2_len_140983.2_34 
A536B6DRAFT_NODE-unique_5_len_104121.5_15 
A536B6DRAFT_NODE-unique_15_len_27120.15_3 
A536B6DRAFT_NODE-unique_17_len_21876.17_16 
A536B6DRAFT_NODE-unique_1_len_170989.1_125 
A536B6DRAFT_NODE-unique_4_len_106362.4_86 
A536B6DRAFT_NODE-unique_5_len_104121.5_79 
A536B6DRAFT_NODE-unique_6_len_99050.6_49 
A536B6DRAFT_NODE-unique_7_len_85633.7_72 
A536B6DRAFT_NODE-unique_18_len_21869.18_20 
A536B6DRAFT_NODE-unique_3_len_132440.3_112 
A536B6DRAFT_NODE-unique_8_len_46458.8_23 
A536B6DRAFT_NODE-unique_94_len_1003.94_2 
A536B6DRAFT_NODE-unique_5_len_104121.5_70 
A536B6DRAFT_NODE-unique_9_len_42065.9_6 
A536B6DRAFT_NODE-unique_3_len_132440.3_39 
A536B6DRAFT_NODE-unique_12_len_34338.12_28 
A536B6DRAFT_NODE-unique_3_len_132440.3_116 
A536B6DRAFT_NODE-unique_146_len_614.146_1 
A536B6DRAFT_NODE-unique_37_len_6329.37_5 
A536B6DRAFT_NODE-unique_78_len_1144.78_1 
A536B6DRAFT_NODE-unique_109_len_804.109_1 
A536B6DRAFT_NODE-unique_142_len_635.142_1 
A536B6DRAFT_NODE-unique_1_len_170989.1_134 
A536B6DRAFT_NODE-unique_24_len_16891.24_7 
A536B6DRAFT_NODE-unique_4_len_106362.4_13 
A536B6DRAFT_NODE-unique_4_len_106362.4_26 
A536B6DRAFT_NODE-unique_149_len_609.149_1 
A536B6DRAFT_NODE-unique_2_len_140983.2_86 
A536B6DRAFT_NODE-unique_5_len_104121.5_44 
A536B6DRAFT_NODE-unique_3_len_132440.3_22 
A536B6DRAFT_NODE-unique_8_len_46458.8_12 
A536B6DRAFT_NODE-unique_9_len_42065.9_4 
A536B6DRAFT_NODE-unique_141_len_637.141_1 
A536B6DRAFT_NODE-unique_28_len_13685.28_15 
A536B6DRAFT_NODE-unique_3_len_132440.3_82 
A536B6DRAFT_NODE-unique_3_len_132440.3_89 
A536B6DRAFT_NODE-unique_4_len_106362.4_40 
A536B6DRAFT_NODE-unique_5_len_104121.5_78 
A536B6DRAFT_NODE-unique_23_len_17569.23_23 
A536B6DRAFT_NODE-unique_4_len_106362.4_47 
A536B6DRAFT_NODE-unique_11_len_38196.11_9 
A536B6DRAFT_NODE-unique_2_len_140983.2_83 
A536B6DRAFT_NODE-unique_30_len_11907.30_8 
A536B6DRAFT_NODE-unique_9_len_42065.9_34 
A536B6DRAFT_NODE-unique_28_len_13685.28_10 
A536B6DRAFT_NODE-unique_2_len_140983.2_64 
A536B6DRAFT_NODE-unique_3_len_132440.3_33 
A536B6DRAFT_NODE-unique_41_len_5396.41_3 
A536B6DRAFT_NODE-unique_51_len_2872.51_4 
A536B6DRAFT_NODE-unique_3_len_132440.3_32 
A536B6DRAFT_NODE-unique_3_len_132440.3_6 
A536B6DRAFT_NODE-unique_9_len_42065.9_16 
A536B6DRAFT_NODE-unique_3_len_132440.3_77 
A536B6DRAFT_NODE-unique_7_len_85633.7_68 
A536B6DRAFT_NODE-unique_2_len_140983.2_58 
A536B6DRAFT_NODE-unique_39_len_5614.39_7 
A536B6DRAFT_NODE-unique_87_len_1087.87_2 
A536B6DRAFT_NODE-unique_25_len_16531.25_14 
A536B6DRAFT_NODE-unique_2_len_140983.2_107 
A536B6DRAFT_NODE-unique_2_len_140983.2_45 
A536B6DRAFT_NODE-unique_2_len_140983.2_81 
A536B6DRAFT_NODE-unique_4_len_106362.4_46 
A536B6DRAFT_NODE-unique_5_len_104121.5_73 
A536B6DRAFT_NODE-unique_17_len_21876.17_9 
A536B6DRAFT_NODE-unique_8_len_46458.8_49 
A536B6DRAFT_NODE-unique_101_len_884.101_2 
A536B6DRAFT_NODE-unique_16_len_26845.16_1 
A536B6DRAFT_NODE-unique_1_len_170989.1_114 
A536B6DRAFT_NODE-unique_3_len_132440.3_65 
A536B6DRAFT_NODE-unique_15_len_27120.15_18 
A536B6DRAFT_NODE-unique_1_len_170989.1_142 
A536B6DRAFT_NODE-unique_2_len_140983.2_99 
A536B6DRAFT_NODE-unique_39_len_5614.39_2 
A536B6DRAFT_NODE-unique_159_len_570.159_1 
A536B6DRAFT_NODE-unique_2_len_140983.2_41 
A536B6DRAFT_NODE-unique_160_len_566.160_1 
A536B6DRAFT_NODE-unique_55_len_2287.55_2 
A536B6DRAFT_NODE-unique_66_len_1520.66_2 
A536B6DRAFT_NODE-unique_9_len_42065.9_29 
A536B6DRAFT_NODE-unique_12_len_34338.12_11 
A536B6DRAFT_NODE-unique_13_len_31020.13_31 
A536B6DRAFT_NODE-unique_15_len_27120.15_22 
A536B6DRAFT_NODE-unique_3_len_132440.3_25 
A536B6DRAFT_NODE-unique_3_len_132440.3_74 
A536B6DRAFT_NODE-unique_7_len_85633.7_71 
A536B6DRAFT_NODE-unique_90_len_1037.90_1 
A536B6DRAFT_NODE-unique_10_len_40983.10_29 
A536B6DRAFT_NODE-unique_111_len_790.111_2 
A536B6DRAFT_NODE-unique_132_len_685.132_1 
A536B6DRAFT_NODE-unique_13_len_31020.13_22 
A536B6DRAFT_NODE-unique_162_len_558.162_1 
A536B6DRAFT_NODE-unique_20_len_20771.20_2 
A536B6DRAFT_NODE-unique_5_len_104121.5_23 
A536B6DRAFT_NODE-unique_19_len_21726.19_14 
A536B6DRAFT_NODE-unique_33_len_7961.33_11 
A536B6DRAFT_NODE-unique_39_len_5614.39_4 
A536B6DRAFT_NODE-unique_5_len_104121.5_50 
A536B6DRAFT_NODE-unique_6_len_99050.6_80 
A536B6DRAFT_NODE-unique_163_len_554.163_1 
A536B6DRAFT_NODE-unique_164_len_551.164_1 
A536B6DRAFT_NODE-unique_61_len_1669.61_2 
A536B6DRAFT_NODE-unique_8_len_46458.8_38 
A536B6DRAFT_NODE-unique_8_len_46458.8_5 
A536B6DRAFT_NODE-unique_17_len_21876.17_24 
A536B6DRAFT_NODE-unique_5_len_104121.5_74 
A536B6DRAFT_NODE-unique_15_len_27120.15_13 
A536B6DRAFT_NODE-unique_4_len_106362.4_44 
A536B6DRAFT_NODE-unique_6_len_99050.6_24 
A536B6DRAFT_NODE-unique_12_len_34338.12_8 
A536B6DRAFT_NODE-unique_1_len_170989.1_143 
A536B6DRAFT_NODE-unique_48_len_3187.48_1 
A536B6DRAFT_NODE-unique_5_len_104121.5_102 
A536B6DRAFT_NODE-unique_5_len_104121.5_80 
A536B6DRAFT_NODE-unique_20_len_20771.20_9 
A536B6DRAFT_NODE-unique_167_len_536.167_1 
A536B6DRAFT_NODE-unique_168_len_535.168_1 
A536B6DRAFT_NODE-unique_34_len_7860.34_10 
A536B6DRAFT_NODE-unique_3_len_132440.3_29 
A536B6DRAFT_NODE-unique_6_len_99050.6_12 
A536B6DRAFT_NODE-unique_15_len_27120.15_16 
A536B6DRAFT_NODE-unique_24_len_16891.24_15 
A536B6DRAFT_NODE-unique_8_len_46458.8_13 
A536B6DRAFT_NODE-unique_11_len_38196.11_31 
A536B6DRAFT_NODE-unique_12_len_34338.12_1 
A536B6DRAFT_NODE-unique_1_len_170989.1_23 
A536B6DRAFT_NODE-unique_3_len_132440.3_57 
A536B6DRAFT_NODE-unique_7_len_85633.7_51 
A536B6DRAFT_NODE-unique_89_len_1038.89_1 
A536B6DRAFT_NODE-unique_8_len_46458.8_37 
A536B6DRAFT_NODE-unique_9_len_42065.9_32 
A536B6DRAFT_NODE-unique_172_len_527.172_1 
A536B6DRAFT_NODE-unique_4_len_106362.4_39 
A536B6DRAFT_NODE-unique_14_len_30521.14_9 
A536B6DRAFT_NODE-unique_2_len_140983.2_68 
A536B6DRAFT_NODE-unique_6_len_99050.6_16 
A536B6DRAFT_NODE-unique_131_len_686.131_1 
A536B6DRAFT_NODE-unique_28_len_13685.28_8 
A536B6DRAFT_NODE-unique_2_len_140983.2_25 
A536B6DRAFT_NODE-unique_4_len_106362.4_53 
A536B6DRAFT_NODE-unique_7_len_85633.7_48 
A536B6DRAFT_NODE-unique_95_len_992.95_2 
A536B6DRAFT_NODE-unique_4_len_106362.4_93 
A536B6DRAFT_NODE-unique_14_len_30521.14_5 
A536B6DRAFT_NODE-unique_177_len_513.177_1 
A536B6DRAFT_NODE-unique_22_len_19007.22_18 
A536B6DRAFT_NODE-unique_5_len_104121.5_96 
A536B6DRAFT_NODE-unique_15_len_27120.15_4 
A536B6DRAFT_NODE-unique_178_len_512.178_1 
A536B6DRAFT_NODE-unique_19_len_21726.19_7 
A536B6DRAFT_NODE-unique_39_len_5614.39_8 
A536B6DRAFT_NODE-unique_3_len_132440.3_97 
A536B6DRAFT_NODE-unique_1_len_170989.1_24 
A536B6DRAFT_NODE-unique_35_len_6750.35_7 
A536B6DRAFT_NODE-unique_3_len_132440.3_102 
A536B6DRAFT_NODE-unique_5_len_104121.5_18 
A536B6DRAFT_NODE-unique_5_len_104121.5_26 
A536B6DRAFT_NODE-unique_6_len_99050.6_27 
A536B6DRAFT_NODE-unique_9_len_42065.9_1 
A536B6DRAFT_NODE-unique_14_len_30521.14_30 
A536B6DRAFT_NODE-unique_179_len_506.179_1 
A536B6DRAFT_NODE-unique_19_len_21726.19_19 
A536B6DRAFT_NODE-unique_24_len_16891.24_3 
A536B6DRAFT_NODE-unique_6_len_99050.6_41 
A536B6DRAFT_NODE-unique_81_len_1099.81_1 
A536B6DRAFT_NODE-unique_97_len_930.97_1 
A536B6DRAFT_NODE-unique_136_len_652.136_1 
A536B6DRAFT_NODE-unique_1_len_170989.1_116 
A536B6DRAFT_NODE-unique_1_len_170989.1_69 
A536B6DRAFT_NODE-unique_1_len_170989.1_84 
A536B6DRAFT_NODE-unique_19_len_21726.19_25 
A536B6DRAFT_NODE-unique_39_len_5614.39_3 
A536B6DRAFT_NODE-unique_3_len_132440.3_108 
A536B6DRAFT_NODE-unique_75_len_1189.75_1 
A536B6DRAFT_NODE-unique_12_len_34338.12_13 
A536B6DRAFT_NODE-unique_1_len_170989.1_135 
A536B6DRAFT_NODE-unique_25_len_16531.25_11 
A536B6DRAFT_NODE-unique_28_len_13685.28_13 
A536B6DRAFT_NODE-unique_43_len_4984.43_3 
A536B6DRAFT_NODE-unique_7_len_85633.7_74 
A536B6DRAFT_NODE-unique_99_len_911.99_2 
A536B6DRAFT_NODE-unique_176_len_518.176_1 
A536B6DRAFT_NODE-unique_22_len_19007.22_16 
A536B6DRAFT_NODE-unique_11_len_38196.11_6 
A536B6DRAFT_NODE-unique_14_len_30521.14_25 
A536B6DRAFT_NODE-unique_174_len_526.174_1 
A536B6DRAFT_NODE-unique_17_len_21876.17_17 
A536B6DRAFT_NODE-unique_6_len_99050.6_1 
A536B6DRAFT_NODE-unique_6_len_99050.6_5 
A536B6DRAFT_NODE-unique_89_len_1038.89_2 
A536B6DRAFT_NODE-unique_23_len_17569.23_11 
A536B6DRAFT_NODE-unique_2_len_140983.2_30 
A536B6DRAFT_NODE-unique_33_len_7961.33_8 
A536B6DRAFT_NODE-unique_3_len_132440.3_106 
A536B6DRAFT_NODE-unique_115_len_771.115_1 
A536B6DRAFT_NODE-unique_33_len_7961.33_9 
A536B6DRAFT_NODE-unique_42_len_5071.42_3 
A536B6DRAFT_NODE-unique_5_len_104121.5_33 
A536B6DRAFT_NODE-unique_8_len_46458.8_11 
A536B6DRAFT_NODE-unique_153_len_590.153_2 
A536B6DRAFT_NODE-unique_55_len_2287.55_1 
A536B6DRAFT_NODE-unique_7_len_85633.7_44 
A536B6DRAFT_NODE-unique_9_len_42065.9_19 
A536B6DRAFT_NODE-unique_119_len_743.119_1 
A536B6DRAFT_NODE-unique_145_len_616.145_1 
A536B6DRAFT_NODE-unique_66_len_1520.66_3 
A536B6DRAFT_NODE-unique_7_len_85633.7_64 
A536B6DRAFT_NODE-unique_129_len_699.129_1 
A536B6DRAFT_NODE-unique_15_len_27120.15_20 
A536B6DRAFT_NODE-unique_24_len_16891.24_6 
A536B6DRAFT_NODE-unique_33_len_7961.33_6 
A536B6DRAFT_NODE-unique_37_len_6329.37_2 
A536B6DRAFT_NODE-unique_51_len_2872.51_6 
A536B6DRAFT_NODE-unique_66_len_1520.66_1 
A536B6DRAFT_NODE-unique_67_len_1436.67_2 
A536B6DRAFT_NODE-unique_6_len_99050.6_40 
A536B6DRAFT_NODE-unique_100_len_890.100_2 
A536B6DRAFT_NODE-unique_3_len_132440.3_51 
A536B6DRAFT_NODE-unique_3_len_132440.3_64 
A536B6DRAFT_NODE-unique_5_len_104121.5_75 
A536B6DRAFT_NODE-unique_5_len_104121.5_8 
A536B6DRAFT_NODE-unique_43_len_4984.43_6 
A536B6DRAFT_NODE-unique_4_len_106362.4_9 
A536B6DRAFT_NODE-unique_5_len_104121.5_27 
A536B6DRAFT_NODE-unique_50_len_2989.50_4 
A536B6DRAFT_NODE-unique_1_len_170989.1_1 
A536B6DRAFT_NODE-unique_39_len_5614.39_6 
A536B6DRAFT_NODE-unique_4_len_106362.4_31 
A536B6DRAFT_NODE-unique_83_len_1095.83_1 
A536B6DRAFT_NODE-unique_22_len_19007.22_12 
A536B6DRAFT_NODE-unique_2_len_140983.2_111 
A536B6DRAFT_NODE-unique_2_len_140983.2_18 
A536B6DRAFT_NODE-unique_51_len_2872.51_1 
A536B6DRAFT_NODE-unique_5_len_104121.5_42 
A536B6DRAFT_NODE-unique_23_len_17569.23_18 
A536B6DRAFT_NODE-unique_23_len_17569.23_8 
A536B6DRAFT_NODE-unique_27_len_14823.27_2 
A536B6DRAFT_NODE-unique_2_len_140983.2_47 
A536B6DRAFT_NODE-unique_3_len_132440.3_21 
A536B6DRAFT_NODE-unique_3_len_132440.3_54 
A536B6DRAFT_NODE-unique_49_len_3022.49_2 
A536B6DRAFT_NODE-unique_4_len_106362.4_8 
A536B6DRAFT_NODE-unique_5_len_104121.5_100 
A536B6DRAFT_NODE-unique_15_len_27120.15_23 
A536B6DRAFT_NODE-unique_2_len_140983.2_130 
A536B6DRAFT_NODE-unique_151_len_602.151_1 
A536B6DRAFT_NODE-unique_87_len_1087.87_1 
A536B6DRAFT_NODE-unique_17_len_21876.17_8 
A536B6DRAFT_NODE-unique_22_len_19007.22_2 
A536B6DRAFT_NODE-unique_3_len_132440.3_46 
A536B6DRAFT_NODE-unique_4_len_106362.4_6 
A536B6DRAFT_NODE-unique_5_len_104121.5_88 
A536B6DRAFT_NODE-unique_8_len_46458.8_47 
A536B6DRAFT_NODE-unique_11_len_38196.11_10 
A536B6DRAFT_NODE-unique_27_len_14823.27_9 
A536B6DRAFT_NODE-unique_31_len_11019.31_13 
A536B6DRAFT_NODE-unique_3_len_132440.3_80 
A536B6DRAFT_NODE-unique_95_len_992.95_1 
A536B6DRAFT_NODE-unique_114_len_778.114_1 
A536B6DRAFT_NODE-unique_1_len_170989.1_22 
A536B6DRAFT_NODE-unique_37_len_6329.37_3 
A536B6DRAFT_NODE-unique_4_len_106362.4_70 
A536B6DRAFT_NODE-unique_6_len_99050.6_44 
A536B6DRAFT_NODE-unique_156_len_581.156_1 
A536B6DRAFT_NODE-unique_15_len_27120.15_26 
A536B6DRAFT_NODE-unique_19_len_21726.19_10 
A536B6DRAFT_NODE-unique_31_len_11019.31_5 
A536B6DRAFT_NODE-unique_3_len_132440.3_55 
A536B6DRAFT_NODE-unique_23_len_17569.23_3 
A536B6DRAFT_NODE-unique_43_len_4984.43_1 
A536B6DRAFT_NODE-unique_5_len_104121.5_14 
A536B6DRAFT_NODE-unique_7_len_85633.7_50 
A536B6DRAFT_NODE-unique_8_len_46458.8_40 
A536B6DRAFT_NODE-unique_3_len_132440.3_5 
A536B6DRAFT_NODE-unique_5_len_104121.5_111 
A536B6DRAFT_NODE-unique_69_len_1366.69_1 
A536B6DRAFT_NODE-unique_7_len_85633.7_2 
A536B6DRAFT_NODE-unique_1_len_170989.1_80 
A536B6DRAFT_NODE-unique_9_len_42065.9_21 
A536B6DRAFT_NODE-unique_157_len_575.157_2 
A536B6DRAFT_NODE-unique_15_len_27120.15_8 
A536B6DRAFT_NODE-unique_161_len_565.161_1 
A536B6DRAFT_NODE-unique_1_len_170989.1_13 
A536B6DRAFT_NODE-unique_23_len_17569.23_2 
A536B6DRAFT_NODE-unique_25_len_16531.25_16 
A536B6DRAFT_NODE-unique_4_len_106362.4_66 
A536B6DRAFT_NODE-unique_14_len_30521.14_2 
A536B6DRAFT_NODE-unique_15_len_27120.15_1 
A536B6DRAFT_NODE-unique_175_len_523.175_1 
A536B6DRAFT_NODE-unique_180_len_505.180_1 
A536B6DRAFT_NODE-unique_31_len_11019.31_1 
A536B6DRAFT_NODE-unique_3_len_132440.3_42 
A536B6DRAFT_NODE-unique_4_len_106362.4_7 
A536B6DRAFT_NODE-unique_7_len_85633.7_63 
A536B6DRAFT_NODE-unique_15_len_27120.15_31 
A536B6DRAFT_NODE-unique_5_len_104121.5_68 
A536B6DRAFT_NODE-unique_18_len_21869.18_25 
A536B6DRAFT_NODE-unique_2_len_140983.2_95 
A536B6DRAFT_NODE-unique_37_len_6329.37_1 
A536B6DRAFT_NODE-unique_5_len_104121.5_19 
A536B6DRAFT_NODE-unique_5_len_104121.5_72 
A536B6DRAFT_NODE-unique_6_len_99050.6_52 
A536B6DRAFT_NODE-unique_126_len_717.126_1 
A536B6DRAFT_NODE-unique_16_len_26845.16_16 
A536B6DRAFT_NODE-unique_16_len_26845.16_9 
A536B6DRAFT_NODE-unique_5_len_104121.5_13 
A536B6DRAFT_NODE-unique_5_len_104121.5_94 
A536B6DRAFT_NODE-unique_1_len_170989.1_70 
A536B6DRAFT_NODE-unique_27_len_14823.27_11 
A536B6DRAFT_NODE-unique_36_len_6401.36_7 
A536B6DRAFT_NODE-unique_4_len_106362.4_35 
A536B6DRAFT_NODE-unique_4_len_106362.4_41 
A536B6DRAFT_NODE-unique_54_len_2615.54_2 
A536B6DRAFT_NODE-unique_15_len_27120.15_15 
A536B6DRAFT_NODE-unique_1_len_170989.1_18 
A536B6DRAFT_NODE-unique_20_len_20771.20_7 
A536B6DRAFT_NODE-unique_3_len_132440.3_14 
A536B6DRAFT_NODE-unique_3_len_132440.3_17 
A536B6DRAFT_NODE-unique_15_len_27120.15_24 
A536B6DRAFT_NODE-unique_18_len_21869.18_18 
A536B6DRAFT_NODE-unique_24_len_16891.24_2 
A536B6DRAFT_NODE-unique_5_len_104121.5_36 
A536B6DRAFT_NODE-unique_8_len_46458.8_1 
A536B6DRAFT_NODE-unique_19_len_21726.19_11 
A536B6DRAFT_NODE-unique_45_len_4154.45_4 
A536B6DRAFT_NODE-unique_51_len_2872.51_3 
A536B6DRAFT_NODE-unique_7_len_85633.7_80 
A536B6DRAFT_NODE-unique_158_len_573.158_1 
A536B6DRAFT_NODE-unique_15_len_27120.15_38 
A536B6DRAFT_NODE-unique_30_len_11907.30_4 
A536B6DRAFT_NODE-unique_31_len_11019.31_2 
A536B6DRAFT_NODE-unique_34_len_7860.34_2 
A536B6DRAFT_NODE-unique_3_len_132440.3_52 
A536B6DRAFT_NODE-unique_8_len_46458.8_24 
A536B6DRAFT_NODE-unique_15_len_27120.15_34 
A536B6DRAFT_NODE-unique_3_len_132440.3_10 
A536B6DRAFT_NODE-unique_52_len_2670.52_3 
A536B6DRAFT_NODE-unique_10_len_40983.10_1 
A536B6DRAFT_NODE-unique_15_len_27120.15_45 
A536B6DRAFT_NODE-unique_39_len_5614.39_9 
A536B6DRAFT_NODE-unique_3_len_132440.3_100 
A536B6DRAFT_NODE-unique_128_len_700.128_2 
A536B6DRAFT_NODE-unique_15_len_27120.15_6 
A536B6DRAFT_NODE-unique_19_len_21726.19_13 
A536B6DRAFT_NODE-unique_3_len_132440.3_19 
A536B6DRAFT_NODE-unique_5_len_104121.5_16 
A536B6DRAFT_NODE-unique_5_len_104121.5_5 
A536B6DRAFT_NODE-unique_7_len_85633.7_47 
A536B6DRAFT_NODE-unique_10_len_40983.10_30 
A536B6DRAFT_NODE-unique_18_len_21869.18_16 
A536B6DRAFT_NODE-unique_2_len_140983.2_56 
A536B6DRAFT_NODE-unique_79_len_1139.79_2 
A536B6DRAFT_NODE-unique_7_len_85633.7_65 
A536B6DRAFT_NODE-unique_123_len_730.123_2 
A536B6DRAFT_NODE-unique_147_len_612.147_2 
A536B6DRAFT_NODE-unique_42_len_5071.42_4 
A536B6DRAFT_NODE-unique_113_len_780.113_2 
A536B6DRAFT_NODE-unique_140_len_640.140_2 
A536B6DRAFT_NODE-unique_15_len_27120.15_11 
A536B6DRAFT_NODE-unique_69_len_1366.69_2 
A536B6DRAFT_NODE-unique_38_len_5893.38_2 
A536B6DRAFT_NODE-unique_78_len_1144.78_2 
A536B6DRAFT_NODE-unique_12_len_34338.12_23 
A536B6DRAFT_NODE-unique_154_len_589.154_1 
A536B6DRAFT_NODE-unique_15_len_27120.15_17 
A536B6DRAFT_NODE-unique_97_len_930.97_2 
A536B6DRAFT_NODE-unique_13_len_31020.13_7 
A536B6DRAFT_NODE-unique_170_len_532.170_1 
A536B6DRAFT_NODE-unique_1_len_170989.1_147 
A536B6DRAFT_NODE-unique_1_len_170989.1_81 
A536B6DRAFT_NODE-unique_23_len_17569.23_9 
A536B6DRAFT_NODE-unique_3_len_132440.3_90 
A536B6DRAFT_NODE-unique_10_len_40983.10_16 
A536B6DRAFT_NODE-unique_31_len_11019.31_4 
A536B6DRAFT_NODE-unique_3_len_132440.3_128 
A536B6DRAFT_NODE-unique_3_len_132440.3_45 
A536B6DRAFT_NODE-unique_4_len_106362.4_62 
A536B6DRAFT_NODE-unique_7_len_85633.7_53 
A536B6DRAFT_NODE-unique_7_len_85633.7_82 
A536B6DRAFT_NODE-unique_99_len_911.99_1 
A536B6DRAFT_NODE-unique_14_len_30521.14_23 
A536B6DRAFT_NODE-unique_15_len_27120.15_44 
A536B6DRAFT_NODE-unique_2_len_140983.2_14 
A536B6DRAFT_NODE-unique_4_len_106362.4_87 
A536B6DRAFT_NODE-unique_6_len_99050.6_3 
A536B6DRAFT_NODE-unique_22_len_19007.22_9 
A536B6DRAFT_NODE-unique_2_len_140983.2_29 
A536B6DRAFT_NODE-unique_40_len_5402.40_4 
A536B6DRAFT_NODE-unique_10_len_40983.10_31 
A536B6DRAFT_NODE-unique_1_len_170989.1_2 
A536B6DRAFT_NODE-unique_25_len_16531.25_12 
A536B6DRAFT_NODE-unique_37_len_6329.37_7 
A536B6DRAFT_NODE-unique_40_len_5402.40_1 
A536B6DRAFT_NODE-unique_60_len_1694.60_1 
A536B6DRAFT_NODE-unique_7_len_85633.7_42 
A536B6DRAFT_NODE-unique_9_len_42065.9_46 
A536B6DRAFT_NODE-unique_12_len_34338.12_3 
A536B6DRAFT_NODE-unique_13_len_31020.13_29 
A536B6DRAFT_NODE-unique_152_len_593.152_1 
A536B6DRAFT_NODE-unique_34_len_7860.34_5 
A536B6DRAFT_NODE-unique_68_len_1388.68_2 
A536B6DRAFT_NODE-unique_17_len_21876.17_1 
A536B6DRAFT_NODE-unique_8_len_46458.8_25 
A536B6DRAFT_NODE-unique_94_len_1003.94_1 
A536B6DRAFT_NODE-unique_5_len_104121.5_95 
A536B6DRAFT_NODE-unique_17_len_21876.17_4 
A536B6DRAFT_NODE-unique_3_len_132440.3_67 
A536B6DRAFT_NODE-unique_15_len_27120.15_28 
A536B6DRAFT_NODE-unique_3_len_132440.3_113 
A536B6DRAFT_NODE-unique_4_len_106362.4_1 
A536B6DRAFT_NODE-unique_4_len_106362.4_10 
A536B6DRAFT_NODE-unique_10_len_40983.10_19 
A536B6DRAFT_NODE-unique_139_len_640.139_2 
A536B6DRAFT_NODE-unique_15_len_27120.15_2 
A536B6DRAFT_NODE-unique_39_len_5614.39_1 
A536B6DRAFT_NODE-unique_9_len_42065.9_35 
A536B6DRAFT_NODE-unique_2_len_140983.2_27 
A536B6DRAFT_NODE-unique_19_len_21726.19_9 
A536B6DRAFT_NODE-unique_57_len_1868.57_1 
A536B6DRAFT_NODE-unique_7_len_85633.7_83 
A536B6DRAFT_NODE-unique_15_len_27120.15_12 
A536B6DRAFT_NODE-unique_19_len_21726.19_12 
A536B6DRAFT_NODE-unique_23_len_17569.23_16 
A536B6DRAFT_NODE-unique_6_len_99050.6_39 
A536B6DRAFT_NODE-unique_126_len_717.126_2 
A536B6DRAFT_NODE-unique_13_len_31020.13_15 
A536B6DRAFT_NODE-unique_171_len_529.171_1 
A536B6DRAFT_NODE-unique_25_len_16531.25_1 
A536B6DRAFT_NODE-unique_5_len_104121.5_1 
A536B6DRAFT_NODE-unique_6_len_99050.6_38 
A536B6DRAFT_NODE-unique_101_len_884.101_1 
A536B6DRAFT_NODE-unique_17_len_21876.17_15 
A536B6DRAFT_NODE-unique_21_len_19309.21_16 
A536B6DRAFT_NODE-unique_34_len_7860.34_9 
A536B6DRAFT_NODE-unique_82_len_1097.82_2 
A536B6DRAFT_NODE-unique_86_len_1089.86_1 
A536B6DRAFT_NODE-unique_15_len_27120.15_14 
A536B6DRAFT_NODE-unique_23_len_17569.23_17 
A536B6DRAFT_NODE-unique_13_len_31020.13_1 
A536B6DRAFT_NODE-unique_9_len_42065.9_22 
A536B6DRAFT_NODE-unique_20_len_20771.20_13 
A536B6DRAFT_NODE-unique_36_len_6401.36_6 
A536B6DRAFT_NODE-unique_4_len_106362.4_65 
A536B6DRAFT_NODE-unique_1_len_170989.1_5 
A536B6DRAFT_NODE-unique_31_len_11019.31_15 
A536B6DRAFT_NODE-unique_38_len_5893.38_5 
A536B6DRAFT_NODE-unique_7_len_85633.7_19 
A536B6DRAFT_NODE-unique_2_len_140983.2_67 
A536B6DRAFT_NODE-unique_35_len_6750.35_2 
A536B6DRAFT_NODE-unique_3_len_132440.3_129 
A536B6DRAFT_NODE-unique_61_len_1669.61_3 
A536B6DRAFT_NODE-unique_9_len_42065.9_5 
A536B6DRAFT_NODE-unique_133_len_673.133_1 
A536B6DRAFT_NODE-unique_150_len_606.150_1 
A536B6DRAFT_NODE-unique_155_len_587.155_2 
A536B6DRAFT_NODE-unique_2_len_140983.2_73 
A536B6DRAFT_NODE-unique_2_len_140983.2_78 
A536B6DRAFT_NODE-unique_7_len_85633.7_69 
A536B6DRAFT_NODE-unique_81_len_1099.81_2 
A536B6DRAFT_NODE-unique_14_len_30521.14_31 
A536B6DRAFT_NODE-unique_15_len_27120.15_43 
A536B6DRAFT_NODE-unique_19_len_21726.19_17 
A536B6DRAFT_NODE-unique_46_len_3234.46_5 
A536B6DRAFT_NODE-unique_58_len_1834.58_2 
A536B6DRAFT_NODE-unique_1_len_170989.1_16 
A536B6DRAFT_NODE-unique_1_len_170989.1_78 
A536B6DRAFT_NODE-unique_2_len_140983.2_43 
A536B6DRAFT_NODE-unique_3_len_132440.3_107 
A536B6DRAFT_NODE-unique_3_len_132440.3_114 
A536B6DRAFT_NODE-unique_9_len_42065.9_15 
A536B6DRAFT_NODE-unique_5_len_104121.5_17 
A536B6DRAFT_NODE-unique_5_len_104121.5_4 
A536B6DRAFT_NODE-unique_72_len_1216.72_3 
A536B6DRAFT_NODE-unique_144_len_625.144_2 
A536B6DRAFT_NODE-unique_15_len_27120.15_5 
A536B6DRAFT_NODE-unique_51_len_2872.51_5 
A536B6DRAFT_NODE-unique_7_len_85633.7_77 
A536B6DRAFT_NODE-unique_9_len_42065.9_13 
A536B6DRAFT_NODE-unique_21_len_19309.21_15 
A536B6DRAFT_NODE-unique_2_len_140983.2_24 
A536B6DRAFT_NODE-unique_119_len_743.119_2 
A536B6DRAFT_NODE-unique_17_len_21876.17_25 
A536B6DRAFT_NODE-unique_21_len_19309.21_19 
A536B6DRAFT_NODE-unique_25_len_16531.25_9 
A536B6DRAFT_NODE-unique_72_len_1216.72_2 
A536B6DRAFT_NODE-unique_181_len_503.181_1 
A536B6DRAFT_NODE-unique_1_len_170989.1_9 
A536B6DRAFT_NODE-unique_2_len_140983.2_19 
A536B6DRAFT_NODE-unique_2_len_140983.2_92 
A536B6DRAFT_NODE-unique_31_len_11019.31_6 
A536B6DRAFT_NODE-unique_11_len_38196.11_24 
A536B6DRAFT_NODE-unique_152_len_593.152_2 
A536B6DRAFT_NODE-unique_1_len_170989.1_10 
A536B6DRAFT_NODE-unique_20_len_20771.20_12 
A536B6DRAFT_NODE-unique_2_len_140983.2_53 
A536B6DRAFT_NODE-unique_18_len_21869.18_26 
A536B6DRAFT_NODE-unique_26_len_16107.26_4 
A536B6DRAFT_NODE-unique_2_len_140983.2_82 
A536B6DRAFT_NODE-unique_2_len_140983.2_93 
A536B6DRAFT_NODE-unique_3_len_132440.3_103 
A536B6DRAFT_NODE-unique_46_len_3234.46_1 
A536B6DRAFT_NODE-unique_6_len_99050.6_74 
A536B6DRAFT_NODE-unique_127_len_707.127_2 
A536B6DRAFT_NODE-unique_1_len_170989.1_8 
A536B6DRAFT_NODE-unique_26_len_16107.26_2 
A536B6DRAFT_NODE-unique_7_len_85633.7_16 
A536B6DRAFT_NODE-unique_7_len_85633.7_62 
A536B6DRAFT_NODE-unique_111_len_790.111_1 
A536B6DRAFT_NODE-unique_137_len_651.137_2 
A536B6DRAFT_NODE-unique_1_len_170989.1_62 
A536B6DRAFT_NODE-unique_4_len_106362.4_64 
A536B6DRAFT_NODE-unique_3_len_132440.3_56 
A536B6DRAFT_NODE-unique_50_len_2989.50_3 
A536B6DRAFT_NODE-unique_5_len_104121.5_10 
A536B6DRAFT_NODE-unique_8_len_46458.8_29 
A536B6DRAFT_NODE-unique_128_len_700.128_1 
A536B6DRAFT_NODE-unique_15_len_27120.15_10 
A536B6DRAFT_NODE-unique_2_len_140983.2_69 
A536B6DRAFT_NODE-unique_3_len_132440.3_130 
A536B6DRAFT_NODE-unique_3_len_132440.3_58 
A536B6DRAFT_NODE-unique_5_len_104121.5_28 
A536B6DRAFT_NODE-unique_8_len_46458.8_46 
A536B6DRAFT_NODE-unique_2_len_140983.2_136 
A536B6DRAFT_NODE-unique_7_len_85633.7_45 
A536B6DRAFT_NODE-unique_72_len_1216.72_1 
A536B6DRAFT_NODE-unique_8_len_46458.8_26 
A536B6DRAFT_NODE-unique_1_len_170989.1_15 
A536B6DRAFT_NODE-unique_23_len_17569.23_13 
A536B6DRAFT_NODE-unique_2_len_140983.2_112 
A536B6DRAFT_NODE-unique_3_len_132440.3_118 
A536B6DRAFT_NODE-unique_3_len_132440.3_16 
A536B6DRAFT_NODE-unique_41_len_5396.41_1 
A536B6DRAFT_NODE-unique_4_len_106362.4_43 
A536B6DRAFT_NODE-unique_19_len_21726.19_22 
A536B6DRAFT_NODE-unique_1_len_170989.1_144 
A536B6DRAFT_NODE-unique_13_len_31020.13_14 
A536B6DRAFT_NODE-unique_29_len_13252.29_3 
A536B6DRAFT_NODE-unique_5_len_104121.5_3 
A536B6DRAFT_NODE-unique_64_len_1581.64_2 
A536B6DRAFT_NODE-unique_150_len_606.150_2 
A536B6DRAFT_NODE-unique_2_len_140983.2_131 
A536B6DRAFT_NODE-unique_4_len_106362.4_48 
A536B6DRAFT_NODE-unique_7_len_85633.7_67 
A536B6DRAFT_NODE-unique_2_len_140983.2_118 
A536B6DRAFT_NODE-unique_147_len_612.147_1 
A536B6DRAFT_NODE-unique_33_len_7961.33_10 
A536B6DRAFT_NODE-unique_5_len_104121.5_25 
A536B6DRAFT_NODE-unique_12_len_34338.12_12 
A536B6DRAFT_NODE-unique_15_len_27120.15_9 
A536B6DRAFT_NODE-unique_40_len_5402.40_5 
A536B6DRAFT_NODE-unique_6_len_99050.6_4 
A536B6DRAFT_NODE-unique_19_len_21726.19_4 
A536B6DRAFT_NODE-unique_33_len_7961.33_4 
A536B6DRAFT_NODE-unique_35_len_6750.35_3 
A536B6DRAFT_NODE-unique_3_len_132440.3_115 
A536B6DRAFT_NODE-unique_26_len_16107.26_6 
A536B6DRAFT_NODE-unique_143_len_634.143_2 
A536B6DRAFT_NODE-unique_25_len_16531.25_2 
A536B6DRAFT_NODE-unique_28_len_13685.28_11 
A536B6DRAFT_NODE-unique_4_len_106362.4_2 
A536B6DRAFT_NODE-unique_8_len_46458.8_39 
A536B6DRAFT_NODE-unique_12_len_34338.12_17 
A536B6DRAFT_NODE-unique_139_len_640.139_1 
A536B6DRAFT_NODE-unique_28_len_13685.28_12 
A536B6DRAFT_NODE-unique_3_len_132440.3_85 
A536B6DRAFT_NODE-unique_5_len_104121.5_81 
A536B6DRAFT_NODE-unique_9_len_42065.9_14 
A536B6DRAFT_NODE-unique_12_len_34338.12_4 
A536B6DRAFT_NODE-unique_18_len_21869.18_23 
A536B6DRAFT_NODE-unique_2_len_140983.2_42 
A536B6DRAFT_NODE-unique_5_len_104121.5_109 
A536B6DRAFT_NODE-unique_9_len_42065.9_12 
A536B6DRAFT_NODE-unique_127_len_707.127_1 
A536B6DRAFT_NODE-unique_13_len_31020.13_24 
A536B6DRAFT_NODE-unique_14_len_30521.14_24 
A536B6DRAFT_NODE-unique_155_len_587.155_1 
A536B6DRAFT_NODE-unique_15_len_27120.15_35 
A536B6DRAFT_NODE-unique_181_len_503.181_2 
A536B6DRAFT_NODE-unique_3_len_132440.3_119 
A536B6DRAFT_NODE-unique_50_len_2989.50_2 
A536B6DRAFT_NODE-unique_7_len_85633.7_52 
A536B6DRAFT_NODE-unique_7_len_85633.7_79 
A536B6DRAFT_NODE-unique_18_len_21869.18_21 
A536B6DRAFT_NODE-unique_53_len_2658.53_1 
A536B6DRAFT_NODE-unique_74_len_1196.74_2 
A536B6DRAFT_NODE-unique_80_len_1104.80_1 
A536B6DRAFT_NODE-unique_24_len_16891.24_18 
A536B6DRAFT_NODE-unique_25_len_16531.25_3 
A536B6DRAFT_NODE-unique_12_len_34338.12_10 
A536B6DRAFT_NODE-unique_15_len_27120.15_19 
A536B6DRAFT_NODE-unique_3_len_132440.3_126 
A536B6DRAFT_NODE-unique_3_len_132440.3_53 
A536B6DRAFT_NODE-unique_8_len_46458.8_32 
A536B6DRAFT_NODE-unique_93_len_1003.93_2 
A536B6DRAFT_NODE-unique_15_len_27120.15_40 
A536B6DRAFT_NODE-unique_1_len_170989.1_145 
A536B6DRAFT_NODE-unique_23_len_17569.23_15 
A536B6DRAFT_NODE-unique_33_len_7961.33_1 
A536B6DRAFT_NODE-unique_140_len_640.140_1 
A536B6DRAFT_NODE-unique_71_len_1219.71_2 
A536B6DRAFT_NODE-unique_1_len_170989.1_12 
A536B6DRAFT_NODE-unique_29_len_13252.29_4 
A536B6DRAFT_NODE-unique_7_len_85633.7_59 
A536B6DRAFT_NODE-unique_7_len_85633.7_78 
A536B6DRAFT_NODE-unique_8_len_46458.8_33 
A536B6DRAFT_NODE-unique_18_len_21869.18_15 
A536B6DRAFT_NODE-unique_19_len_21726.19_5 
A536B6DRAFT_NODE-unique_1_len_170989.1_130 
A536B6DRAFT_NODE-unique_30_len_11907.30_12 
A536B6DRAFT_NODE-unique_84_len_1091.84_1 
A536B6DRAFT_NODE-unique_19_len_21726.19_26 
A536B6DRAFT_NODE-unique_3_len_132440.3_88 
A536B6DRAFT_NODE-unique_158_len_573.158_2 
A536B6DRAFT_NODE-unique_51_len_2872.51_2 
A536B6DRAFT_NODE-unique_114_len_778.114_3 
A536B6DRAFT_NODE-unique_29_len_13252.29_2 
A536B6DRAFT_NODE-unique_19_len_21726.19_27 
A536B6DRAFT_NODE-unique_3_len_132440.3_87 
A536B6DRAFT_NODE-unique_6_len_99050.6_26 
A536B6DRAFT_NODE-unique_91_len_1032.91_2 
A536B6DRAFT_NODE-unique_3_len_132440.3_70 
A536B6DRAFT_NODE-unique_6_len_99050.6_2 
A536B6DRAFT_NODE-unique_77_len_1168.77_2 
A536B6DRAFT_NODE-unique_136_len_652.136_2 
A536B6DRAFT_NODE-unique_81_len_1099.81_3 
A536B6DRAFT_NODE-unique_151_len_602.151_2 
A536B6DRAFT_NODE-unique_18_len_21869.18_13 
A536B6DRAFT_NODE-unique_5_len_104121.5_30 
A536B6DRAFT_NODE-unique_133_len_673.133_2 
A536B6DRAFT_NODE-unique_22_len_19007.22_1 
A536B6DRAFT_NODE-unique_2_len_140983.2_110 
A536B6DRAFT_NODE-unique_1_len_170989.1_14 
A536B6DRAFT_NODE-unique_5_len_104121.5_98 
A536B6DRAFT_NODE-unique_19_len_21726.19_3 
A536B6DRAFT_NODE-unique_2_len_140983.2_36 
A536B6DRAFT_NODE-unique_2_len_140983.2_87 
A536B6DRAFT_NODE-unique_34_len_7860.34_1 
A536B6DRAFT_NODE-unique_46_len_3234.46_2 
A536B6DRAFT_NODE-unique_56_len_2033.56_3 
A536B6DRAFT_NODE-unique_5_len_104121.5_106 
A536B6DRAFT_NODE-unique_5_len_104121.5_7 
A536B6DRAFT_NODE-unique_73_len_1209.73_1 
A536B6DRAFT_NODE-unique_154_len_589.154_2 
A536B6DRAFT_NODE-unique_31_len_11019.31_11 
A536B6DRAFT_NODE-unique_9_len_42065.9_20 
A536B6DRAFT_NODE-unique_131_len_686.131_2 
A536B6DRAFT_NODE-unique_23_len_17569.23_25 
A536B6DRAFT_NODE-unique_6_len_99050.6_83 
A536B6DRAFT_NODE-unique_98_len_912.98_2 
A536B6DRAFT_NODE-unique_104_len_845.104_1 
A536B6DRAFT_NODE-unique_108_len_812.108_1 
A536B6DRAFT_NODE-unique_113_len_780.113_1 
A536B6DRAFT_NODE-unique_127_len_707.127_3 
A536B6DRAFT_NODE-unique_161_len_565.161_2 
A536B6DRAFT_NODE-unique_182_len_502.182_1 
A536B6DRAFT_NODE-unique_2_len_140983.2_46 
A536B6DRAFT_NODE-unique_37_len_6329.37_6 
A536B6DRAFT_NODE-unique_132_len_685.132_2 
A536B6DRAFT_NODE-unique_6_len_99050.6_33 
A536B6DRAFT_NODE-unique_157_len_575.157_1 
A536B6DRAFT_NODE-unique_1_len_170989.1_11 
A536B6DRAFT_NODE-unique_1_len_170989.1_27 
A536B6DRAFT_NODE-unique_1_len_170989.1_91 
A536B6DRAFT_NODE-unique_29_len_13252.29_1 
A536B6DRAFT_NODE-unique_68_len_1388.68_1 
A536B6DRAFT_NODE-unique_8_len_46458.8_45 
A536B6DRAFT_NODE-unique_10_len_40983.10_32 
A536B6DRAFT_NODE-unique_15_len_27120.15_46 
A536B6DRAFT_NODE-unique_14_len_30521.14_10 
A536B6DRAFT_NODE-unique_153_len_590.153_1 
A536B6DRAFT_NODE-unique_24_len_16891.24_1 
A536B6DRAFT_NODE-unique_14_len_30521.14_17 
A536B6DRAFT_NODE-unique_6_len_99050.6_34 
A536B6DRAFT_NODE-unique_114_len_778.114_2 
A536B6DRAFT_NODE-unique_137_len_651.137_1 
A536B6DRAFT_NODE-unique_19_len_21726.19_2 
A536B6DRAFT_NODE-unique_14_len_30521.14_1 
A536B6DRAFT_NODE-unique_3_len_132440.3_104 
A536B6DRAFT_NODE-unique_5_len_104121.5_20 
A536B6DRAFT_NODE-unique_52_len_2670.52_1 
A536B6DRAFT_NODE-unique_25_len_16531.25_19 
A536B6DRAFT_NODE-unique_16_len_26845.16_8 
A536B6DRAFT_NODE-unique_156_len_581.156_2 
A536B6DRAFT_NODE-unique_180_len_505.180_2 
A536B6DRAFT_NODE-unique_11_len_38196.11_33 
A536B6DRAFT_NODE-unique_12_len_34338.12_33 
A536B6DRAFT_NODE-unique_6_len_99050.6_94 
A536B6DRAFT_NODE-unique_27_len_14823.27_1 
A536B6DRAFT_NODE-unique_171_len_529.171_2 
