ABVW01000003.1_55 ABVW01000002.1_63 ABVW01000001.1_460 ABVW01000003.1_90 ABVW01000019.1_5 ABVW01000002.1_152 
ABVW01000018.1_6 ABVW01000009.1_23 ABVW01000001.1_286 ABVW01000015.1_10 ABVW01000005.1_24 ABVW01000002.1_60 
ABVW01000002.1_44 ABVW01000005.1_53 ABVW01000002.1_46 ABVW01000005.1_34 
ABVW01000001.1_171 ABVW01000001.1_169 ABVW01000001.1_172 
ABVW01000001.1_355 ABVW01000009.1_38 ABVW01000007.1_40 
ABVW01000001.1_44 ABVW01000012.1_7 ABVW01000001.1_152 
ABVW01000004.1_43 ABVW01000004.1_48 ABVW01000004.1_45 
ABVW01000001.1_453 ABVW01000003.1_3 
ABVW01000002.1_45 ABVW01000004.1_32 
ABVW01000001.1_85 ABVW01000002.1_42 
ABVW01000003.1_37 ABVW01000001.1_353 
ABVW01000003.1_94 ABVW01000005.1_15 
ABVW01000003.1_87 ABVW01000008.1_25 
ABVW01000002.1_150 ABVW01000001.1_363 
ABVW01000002.1_173 ABVW01000001.1_177 
ABVW01000011.1_12 ABVW01000001.1_68 
ABVW01000009.1_24 ABVW01000005.1_21 
ABVW01000003.1_52 ABVW01000006.1_15 
ABVW01000002.1_13 ABVW01000001.1_394 
ABVW01000001.1_55 ABVW01000006.1_2 
ABVW01000001.1_100 ABVW01000003.1_29 
ABVW01000001.1_226 ABVW01000010.1_8 
ABVW01000019.1_7 ABVW01000019.1_6 
ABVW01000008.1_12 ABVW01000001.1_314 
ABVW01000002.1_9 ABVW01000002.1_39 
ABVW01000012.1_17 ABVW01000003.1_31 
ABVW01000002.1_52 ABVW01000002.1_149 
ABVW01000003.1_10 ABVW01000008.1_17 
ABVW01000004.1_51 ABVW01000001.1_65 
ABVW01000001.1_292 ABVW01000001.1_291 
ABVW01000007.1_30 ABVW01000007.1_57 
ABVW01000006.1_41 ABVW01000004.1_65 
ABVW01000012.1_4 ABVW01000012.1_5 
ABVW01000015.1_13 ABVW01000015.1_2 
ABVW01000012.1_12 ABVW01000002.1_82 
ABVW01000010.1_4 ABVW01000007.1_13 
ABVW01000013.1_10 ABVW01000001.1_27 
ABVW01000002.1_15 ABVW01000006.1_49 
ABVW01000001.1_375 ABVW01000002.1_53 
ABVW01000003.1_81 ABVW01000001.1_118 
ABVW01000005.1_74 ABVW01000003.1_61 
ABVW01000001.1_10 ABVW01000001.1_1 
ABVW01000007.1_12 ABVW01000010.1_2 
ABVW01000003.1_75 ABVW01000006.1_53 
ABVW01000001.1_200 ABVW01000003.1_14 
ABVW01000003.1_41 ABVW01000006.1_33 
ABVW01000001.1_75 ABVW01000009.1_14 
ABVW01000002.1_71 ABVW01000006.1_4 
ABVW01000001.1_234 ABVW01000005.1_13 
ABVW01000004.1_41 ABVW01000004.1_42 
ABVW01000003.1_32 ABVW01000017.1_9 
ABVW01000014.1_1 ABVW01000016.1_24 
ABVW01000007.1_1 
ABVW01000011.1_9 
ABVW01000001.1_30 
ABVW01000004.1_63 
ABVW01000014.1_14 
ABVW01000002.1_47 
ABVW01000003.1_69 
ABVW01000001.1_266 
ABVW01000003.1_83 
ABVW01000001.1_58 
ABVW01000001.1_36 
ABVW01000002.1_87 
ABVW01000001.1_88 
ABVW01000001.1_62 
ABVW01000005.1_33 
ABVW01000015.1_6 
ABVW01000001.1_313 
ABVW01000001.1_471 
ABVW01000011.1_22 
ABVW01000002.1_153 
ABVW01000007.1_3 
ABVW01000012.1_14 
ABVW01000002.1_160 
ABVW01000001.1_167 
ABVW01000001.1_469 
ABVW01000002.1_69 
ABVW01000011.1_25 
ABVW01000001.1_187 
ABVW01000001.1_242 
ABVW01000008.1_5 
ABVW01000001.1_52 
ABVW01000013.1_5 
ABVW01000014.1_19 
ABVW01000001.1_315 
ABVW01000004.1_68 
ABVW01000001.1_256 
ABVW01000001.1_412 
ABVW01000017.1_2 
ABVW01000002.1_7 
ABVW01000001.1_49 
ABVW01000006.1_32 
ABVW01000018.1_11 
ABVW01000002.1_23 
ABVW01000004.1_34 
ABVW01000004.1_35 
ABVW01000001.1_98 
ABVW01000009.1_16 
ABVW01000009.1_29 
ABVW01000005.1_28 
ABVW01000008.1_19 
ABVW01000008.1_8 
ABVW01000001.1_43 
ABVW01000007.1_55 
ABVW01000001.1_38 
ABVW01000001.1_267 
ABVW01000004.1_7 
ABVW01000005.1_47 
ABVW01000008.1_16 
ABVW01000018.1_2 
ABVW01000002.1_37 
ABVW01000013.1_16 
ABVW01000005.1_60 
ABVW01000004.1_40 
ABVW01000001.1_260 
ABVW01000001.1_436 
ABVW01000005.1_73 
ABVW01000001.1_164 
ABVW01000006.1_55 
ABVW01000001.1_203 
ABVW01000011.1_11 
ABVW01000009.1_31 
ABVW01000009.1_8 
ABVW01000013.1_24 
ABVW01000009.1_33 
ABVW01000003.1_46 
ABVW01000001.1_374 
ABVW01000009.1_26 
ABVW01000012.1_11 
ABVW01000001.1_34 
ABVW01000003.1_8 
ABVW01000005.1_79 
ABVW01000001.1_176 
ABVW01000001.1_120 
ABVW01000002.1_91 
ABVW01000001.1_129 
ABVW01000005.1_70 
ABVW01000004.1_15 
ABVW01000001.1_124 
ABVW01000014.1_2 
ABVW01000006.1_26 
ABVW01000001.1_387 
ABVW01000016.1_25 
ABVW01000001.1_61 
ABVW01000004.1_81 
ABVW01000001.1_351 
ABVW01000008.1_14 
ABVW01000004.1_39 
ABVW01000002.1_72 
ABVW01000001.1_470 
ABVW01000001.1_5 
ABVW01000001.1_441 
ABVW01000003.1_53 
ABVW01000009.1_5 
ABVW01000005.1_59 
ABVW01000001.1_15 
ABVW01000010.1_38 
ABVW01000012.1_2 
ABVW01000002.1_158 
ABVW01000001.1_90 
ABVW01000005.1_9 
ABVW01000005.1_7 
ABVW01000010.1_32 
ABVW01000001.1_311 
ABVW01000015.1_5 
ABVW01000001.1_217 
ABVW01000001.1_116 
ABVW01000001.1_383 
ABVW01000017.1_11 
ABVW01000001.1_367 
ABVW01000004.1_56 
ABVW01000001.1_348 
ABVW01000014.1_7 
ABVW01000001.1_243 
ABVW01000004.1_17 
ABVW01000007.1_36 
ABVW01000004.1_9 
ABVW01000001.1_238 
ABVW01000001.1_364 
ABVW01000011.1_16 
ABVW01000001.1_244 
ABVW01000001.1_294 
ABVW01000008.1_37 
ABVW01000001.1_261 
ABVW01000002.1_126 
ABVW01000003.1_39 
ABVW01000002.1_10 
ABVW01000017.1_5 
ABVW01000001.1_366 
ABVW01000002.1_169 
ABVW01000002.1_154 
ABVW01000007.1_45 
ABVW01000001.1_196 
ABVW01000001.1_320 
ABVW01000004.1_57 
ABVW01000005.1_63 
ABVW01000001.1_21 
ABVW01000001.1_328 
ABVW01000005.1_27 
ABVW01000001.1_41 
ABVW01000004.1_28 
ABVW01000007.1_8 
ABVW01000001.1_378 
ABVW01000005.1_62 
ABVW01000001.1_119 
ABVW01000001.1_17 
ABVW01000004.1_74 
ABVW01000001.1_290 
ABVW01000001.1_395 
ABVW01000002.1_157 
ABVW01000002.1_65 
ABVW01000003.1_76 
ABVW01000003.1_70 
ABVW01000001.1_105 
ABVW01000001.1_257 
ABVW01000006.1_75 
ABVW01000002.1_155 
ABVW01000001.1_83 
ABVW01000008.1_29 
ABVW01000018.1_3 
ABVW01000001.1_144 
ABVW01000012.1_8 
ABVW01000001.1_297 
ABVW01000001.1_253 
ABVW01000001.1_168 
ABVW01000001.1_147 
ABVW01000001.1_174 
ABVW01000009.1_30 
ABVW01000002.1_86 
ABVW01000005.1_38 
ABVW01000001.1_420 
ABVW01000001.1_422 
ABVW01000001.1_94 
ABVW01000005.1_61 
ABVW01000001.1_228 
ABVW01000003.1_82 
ABVW01000001.1_139 
ABVW01000001.1_86 
ABVW01000001.1_235 
ABVW01000001.1_252 
ABVW01000001.1_60 
ABVW01000005.1_36 
ABVW01000006.1_48 
ABVW01000001.1_281 
ABVW01000001.1_219 
ABVW01000001.1_241 
ABVW01000001.1_112 
ABVW01000001.1_125 
ABVW01000001.1_276 
ABVW01000005.1_67 
ABVW01000001.1_35 
ABVW01000001.1_352 
ABVW01000001.1_67 
ABVW01000001.1_380 
ABVW01000010.1_18 
ABVW01000001.1_240 
ABVW01000009.1_4 
ABVW01000001.1_237 
ABVW01000002.1_165 
ABVW01000005.1_6 
ABVW01000006.1_63 
ABVW01000001.1_319 
ABVW01000001.1_146 
ABVW01000002.1_163 
ABVW01000002.1_167 
ABVW01000002.1_30 
ABVW01000005.1_22 
ABVW01000005.1_65 
ABVW01000003.1_47 
ABVW01000007.1_19 
ABVW01000001.1_410 
ABVW01000010.1_24 
ABVW01000001.1_31 
ABVW01000001.1_4 
ABVW01000001.1_59 
ABVW01000004.1_21 
ABVW01000012.1_16 
ABVW01000013.1_14 
ABVW01000008.1_6 
ABVW01000005.1_45 
ABVW01000007.1_44 
ABVW01000010.1_7 
ABVW01000002.1_166 
ABVW01000001.1_390 
ABVW01000001.1_99 
ABVW01000005.1_52 
ABVW01000001.1_461 
ABVW01000011.1_21 
ABVW01000013.1_15 
ABVW01000001.1_42 
ABVW01000001.1_303 
ABVW01000001.1_426 
ABVW01000003.1_60 
ABVW01000018.1_4 
ABVW01000001.1_56 
ABVW01000007.1_31 
ABVW01000001.1_66 
ABVW01000002.1_142 
ABVW01000007.1_18 
ABVW01000005.1_55 
ABVW01000006.1_7 
ABVW01000012.1_6 
ABVW01000016.1_11 
ABVW01000018.1_15 
ABVW01000005.1_69 
ABVW01000008.1_43 
ABVW01000010.1_9 
ABVW01000016.1_28 
ABVW01000003.1_30 
ABVW01000008.1_21 
ABVW01000011.1_18 
ABVW01000003.1_73 
ABVW01000016.1_16 
ABVW01000001.1_199 
ABVW01000007.1_39 
ABVW01000004.1_69 
ABVW01000010.1_30 
ABVW01000001.1_133 
ABVW01000001.1_249 
ABVW01000001.1_350 
ABVW01000001.1_96 
ABVW01000001.1_143 
ABVW01000001.1_434 
ABVW01000002.1_77 
ABVW01000014.1_9 
ABVW01000006.1_73 
ABVW01000001.1_338 
ABVW01000001.1_87 
ABVW01000008.1_30 
ABVW01000001.1_269 
ABVW01000001.1_323 
ABVW01000002.1_113 
ABVW01000009.1_11 
ABVW01000012.1_1 
ABVW01000010.1_21 
ABVW01000019.1_9 
ABVW01000001.1_194 
ABVW01000002.1_129 
ABVW01000015.1_7 
ABVW01000001.1_173 
ABVW01000001.1_231 
ABVW01000001.1_28 
ABVW01000008.1_7 
ABVW01000017.1_14 
ABVW01000001.1_464 
ABVW01000001.1_127 
ABVW01000002.1_16 
ABVW01000004.1_77 
ABVW01000005.1_58 
ABVW01000004.1_71 
ABVW01000015.1_3 
ABVW01000003.1_97 
ABVW01000004.1_83 
ABVW01000006.1_60 
ABVW01000001.1_223 
ABVW01000001.1_459 
ABVW01000004.1_79 
ABVW01000005.1_23 
ABVW01000011.1_23 
ABVW01000001.1_53 
ABVW01000012.1_13 
ABVW01000002.1_140 
ABVW01000004.1_30 
ABVW01000005.1_19 
ABVW01000006.1_68 
ABVW01000006.1_74 
ABVW01000010.1_26 
ABVW01000001.1_468 
ABVW01000001.1_190 
ABVW01000002.1_79 
ABVW01000002.1_121 
ABVW01000001.1_130 
ABVW01000001.1_156 
ABVW01000001.1_22 
ABVW01000004.1_76 
ABVW01000001.1_117 
ABVW01000002.1_122 
ABVW01000006.1_47 
ABVW01000010.1_14 
ABVW01000001.1_451 
ABVW01000004.1_2 
ABVW01000010.1_19 
ABVW01000016.1_9 
ABVW01000002.1_81 
ABVW01000006.1_51 
ABVW01000001.1_401 
ABVW01000005.1_72 
ABVW01000015.1_9 
ABVW01000018.1_9 
ABVW01000006.1_31 
ABVW01000012.1_9 
ABVW01000014.1_12 
ABVW01000015.1_4 
ABVW01000001.1_134 
ABVW01000007.1_4 
ABVW01000014.1_6 
ABVW01000001.1_258 
ABVW01000004.1_36 
ABVW01000001.1_445 
ABVW01000002.1_43 
ABVW01000009.1_10 
ABVW01000001.1_306 
ABVW01000002.1_57 
ABVW01000017.1_6 
ABVW01000001.1_162 
ABVW01000003.1_18 
ABVW01000003.1_49 
ABVW01000006.1_42 
ABVW01000009.1_6 
ABVW01000002.1_139 
ABVW01000006.1_72 
ABVW01000001.1_425 
ABVW01000002.1_14 
ABVW01000011.1_26 
ABVW01000001.1_188 
ABVW01000001.1_458 
ABVW01000001.1_3 
ABVW01000001.1_24 
ABVW01000002.1_138 
ABVW01000002.1_161 
ABVW01000001.1_361 
ABVW01000001.1_452 
ABVW01000009.1_32 
ABVW01000002.1_148 
ABVW01000006.1_61 
ABVW01000007.1_27 
ABVW01000001.1_389 
ABVW01000003.1_50 
ABVW01000006.1_78 
ABVW01000006.1_34 
ABVW01000001.1_149 
ABVW01000003.1_88 
ABVW01000006.1_12 
ABVW01000004.1_38 
ABVW01000004.1_59 
ABVW01000003.1_9 
ABVW01000004.1_82 
ABVW01000002.1_74 
ABVW01000007.1_9 
ABVW01000001.1_386 
ABVW01000001.1_97 
ABVW01000006.1_50 
ABVW01000010.1_6 
ABVW01000002.1_50 
ABVW01000021.1_3 
ABVW01000001.1_213 
ABVW01000007.1_11 
ABVW01000001.1_181 
ABVW01000001.1_29 
ABVW01000002.1_2 
ABVW01000004.1_75 
ABVW01000006.1_17 
ABVW01000013.1_1 
ABVW01000018.1_18 
ABVW01000001.1_20 
ABVW01000001.1_285 
ABVW01000001.1_429 
ABVW01000008.1_38 
ABVW01000007.1_25 
ABVW01000001.1_330 
ABVW01000005.1_44 
ABVW01000019.1_8 
ABVW01000001.1_416 
ABVW01000001.1_89 
ABVW01000002.1_84 
ABVW01000001.1_123 
ABVW01000001.1_337 
ABVW01000008.1_11 
ABVW01000001.1_160 
ABVW01000002.1_120 
ABVW01000003.1_36 
ABVW01000001.1_454 
ABVW01000003.1_27 
ABVW01000004.1_4 
ABVW01000001.1_370 
ABVW01000006.1_77 
ABVW01000001.1_302 
ABVW01000001.1_405 
ABVW01000001.1_409 
ABVW01000005.1_57 
ABVW01000008.1_1 
ABVW01000001.1_334 
ABVW01000001.1_344 
ABVW01000001.1_347 
ABVW01000008.1_31 
ABVW01000004.1_60 
ABVW01000004.1_27 
ABVW01000001.1_465 
ABVW01000003.1_56 
ABVW01000010.1_11 
ABVW01000012.1_15 
ABVW01000001.1_155 
ABVW01000003.1_7 
ABVW01000009.1_1 
ABVW01000003.1_23 
ABVW01000005.1_66 
ABVW01000002.1_68 
ABVW01000003.1_57 
ABVW01000001.1_179 
ABVW01000002.1_59 
ABVW01000003.1_17 
ABVW01000001.1_185 
ABVW01000001.1_381 
ABVW01000001.1_406 
ABVW01000011.1_17 
ABVW01000001.1_233 
ABVW01000006.1_43 
ABVW01000008.1_33 
ABVW01000017.1_20 
ABVW01000001.1_92 
ABVW01000002.1_58 
ABVW01000001.1_396 
ABVW01000015.1_11 
ABVW01000004.1_62 
ABVW01000008.1_13 
ABVW01000001.1_250 
ABVW01000001.1_463 
ABVW01000003.1_96 
ABVW01000007.1_17 
ABVW01000007.1_38 
ABVW01000018.1_7 
ABVW01000001.1_191 
ABVW01000003.1_43 
ABVW01000007.1_23 
ABVW01000001.1_433 
ABVW01000001.1_448 
ABVW01000003.1_59 
ABVW01000004.1_85 
ABVW01000009.1_21 
ABVW01000001.1_113 
ABVW01000002.1_76 
ABVW01000004.1_78 
ABVW01000001.1_12 
ABVW01000012.1_19 
ABVW01000013.1_9 
ABVW01000008.1_15 
ABVW01000011.1_14 
ABVW01000001.1_299 
ABVW01000006.1_66 
ABVW01000009.1_13 
ABVW01000012.1_18 
ABVW01000001.1_166 
ABVW01000006.1_35 
ABVW01000013.1_2 
ABVW01000001.1_16 
ABVW01000001.1_192 
ABVW01000001.1_432 
ABVW01000003.1_79 
ABVW01000005.1_76 
ABVW01000001.1_142 
ABVW01000001.1_157 
ABVW01000006.1_3 
ABVW01000007.1_2 
ABVW01000017.1_21 
ABVW01000001.1_288 
ABVW01000004.1_70 
ABVW01000013.1_3 
ABVW01000001.1_150 
ABVW01000001.1_336 
ABVW01000005.1_78 
ABVW01000007.1_24 
ABVW01000001.1_18 
ABVW01000001.1_340 
ABVW01000014.1_18 
ABVW01000001.1_277 
ABVW01000001.1_282 
ABVW01000001.1_362 
ABVW01000001.1_400 
ABVW01000010.1_28 
ABVW01000001.1_335 
ABVW01000001.1_391 
ABVW01000007.1_33 
ABVW01000004.1_64 
ABVW01000005.1_3 
ABVW01000006.1_9 
ABVW01000007.1_54 
ABVW01000002.1_34 
ABVW01000009.1_7 
ABVW01000013.1_21 
ABVW01000001.1_128 
ABVW01000001.1_430 
ABVW01000001.1_50 
ABVW01000001.1_450 
ABVW01000011.1_3 
ABVW01000001.1_153 
ABVW01000001.1_274 
ABVW01000001.1_69 
ABVW01000006.1_19 
ABVW01000016.1_13 
ABVW01000002.1_32 
ABVW01000009.1_9 
ABVW01000001.1_248 
ABVW01000003.1_6 
ABVW01000003.1_93 
ABVW01000008.1_28 
ABVW01000001.1_403 
ABVW01000002.1_54 
ABVW01000003.1_78 
ABVW01000003.1_80 
ABVW01000001.1_428 
ABVW01000017.1_1 
ABVW01000001.1_2 
ABVW01000001.1_46 
ABVW01000002.1_162 
ABVW01000014.1_13 
ABVW01000001.1_379 
ABVW01000002.1_118 
ABVW01000002.1_48 
ABVW01000005.1_2 
ABVW01000011.1_15 
ABVW01000001.1_48 
ABVW01000001.1_284 
ABVW01000003.1_40 
ABVW01000010.1_33 
ABVW01000014.1_8 
ABVW01000001.1_399 
ABVW01000011.1_13 
ABVW01000016.1_17 
ABVW01000001.1_159 
ABVW01000001.1_293 
ABVW01000002.1_124 
ABVW01000004.1_11 
ABVW01000005.1_14 
ABVW01000010.1_29 
ABVW01000016.1_12 
ABVW01000001.1_81 
ABVW01000010.1_35 
ABVW01000001.1_310 
ABVW01000001.1_77 
ABVW01000002.1_159 
ABVW01000009.1_3 
ABVW01000010.1_17 
ABVW01000001.1_272 
ABVW01000005.1_71 
ABVW01000004.1_31 
ABVW01000005.1_37 
ABVW01000008.1_35 
ABVW01000001.1_295 
ABVW01000001.1_372 
ABVW01000002.1_123 
ABVW01000008.1_41 
ABVW01000011.1_5 
ABVW01000001.1_446 
ABVW01000003.1_25 
ABVW01000003.1_35 
ABVW01000002.1_20 
ABVW01000001.1_158 
ABVW01000001.1_449 
ABVW01000002.1_70 
ABVW01000004.1_13 
ABVW01000019.1_12 
ABVW01000001.1_93 
ABVW01000016.1_7 
ABVW01000001.1_444 
ABVW01000001.1_7 
ABVW01000008.1_32 
ABVW01000007.1_20 
ABVW01000009.1_17 
ABVW01000008.1_10 
ABVW01000001.1_54 
ABVW01000002.1_128 
ABVW01000002.1_130 
ABVW01000001.1_287 
ABVW01000002.1_61 
ABVW01000006.1_40 
ABVW01000008.1_22 
ABVW01000007.1_5 
ABVW01000010.1_36 
ABVW01000001.1_205 
ABVW01000001.1_73 
ABVW01000001.1_289 
ABVW01000001.1_393 
ABVW01000003.1_45 
ABVW01000003.1_77 
ABVW01000002.1_177 
ABVW01000002.1_51 
ABVW01000010.1_15 
ABVW01000001.1_318 
ABVW01000001.1_365 
ABVW01000001.1_397 
ABVW01000002.1_49 
ABVW01000004.1_19 
ABVW01000014.1_10 
ABVW01000001.1_421 
ABVW01000003.1_65 
ABVW01000007.1_34 
ABVW01000017.1_17 
ABVW01000002.1_66 
ABVW01000001.1_25 
ABVW01000002.1_85 
ABVW01000004.1_66 
ABVW01000001.1_246 
ABVW01000003.1_28 
ABVW01000004.1_50 
ABVW01000001.1_384 
ABVW01000002.1_132 
ABVW01000005.1_11 
ABVW01000019.1_11 
ABVW01000001.1_102 
ABVW01000005.1_26 
ABVW01000010.1_20 
ABVW01000001.1_357 
ABVW01000001.1_107 
ABVW01000008.1_36 
ABVW01000001.1_45 
ABVW01000001.1_70 
ABVW01000002.1_137 
ABVW01000003.1_54 
ABVW01000005.1_40 
ABVW01000005.1_75 
ABVW01000003.1_92 
ABVW01000004.1_44 
ABVW01000005.1_32 
ABVW01000003.1_11 
ABVW01000003.1_63 
ABVW01000013.1_7 
ABVW01000002.1_29 
ABVW01000002.1_5 
ABVW01000002.1_96 
ABVW01000004.1_29 
ABVW01000009.1_12 
ABVW01000003.1_62 
ABVW01000006.1_64 
ABVW01000001.1_114 
ABVW01000001.1_141 
ABVW01000001.1_411 
ABVW01000004.1_26 
ABVW01000017.1_18 
ABVW01000001.1_245 
ABVW01000001.1_84 
ABVW01000016.1_21 
ABVW01000001.1_424 
ABVW01000010.1_10 
ABVW01000001.1_151 
ABVW01000001.1_9 
ABVW01000005.1_41 
ABVW01000006.1_44 
ABVW01000001.1_207 
ABVW01000001.1_321 
ABVW01000001.1_349 
ABVW01000007.1_26 
ABVW01000004.1_72 
ABVW01000006.1_28 
ABVW01000002.1_12 
ABVW01000001.1_13 
ABVW01000001.1_254 
ABVW01000006.1_13 
ABVW01000016.1_15 
ABVW01000001.1_121 
ABVW01000001.1_154 
ABVW01000006.1_10 
ABVW01000015.1_14 
ABVW01000001.1_259 
ABVW01000001.1_109 
ABVW01000001.1_163 
ABVW01000001.1_369 
ABVW01000003.1_12 
ABVW01000006.1_45 
ABVW01000006.1_57 
ABVW01000007.1_43 
ABVW01000017.1_3 
ABVW01000006.1_65 
ABVW01000006.1_69 
ABVW01000001.1_443 
ABVW01000003.1_72 
ABVW01000001.1_106 
ABVW01000002.1_17 
ABVW01000001.1_327 
ABVW01000013.1_8 
ABVW01000001.1_251 
ABVW01000007.1_50 
ABVW01000006.1_16 
ABVW01000001.1_209 
ABVW01000002.1_24 
ABVW01000005.1_42 
ABVW01000002.1_147 
ABVW01000008.1_24 
ABVW01000008.1_34 
ABVW01000017.1_12 
ABVW01000001.1_324 
ABVW01000006.1_37 
ABVW01000006.1_71 
ABVW01000017.1_19 
ABVW01000001.1_198 
ABVW01000001.1_440 
ABVW01000002.1_33 
ABVW01000004.1_37 
ABVW01000006.1_58 
ABVW01000012.1_3 
ABVW01000002.1_172 
ABVW01000002.1_22 
ABVW01000009.1_36 
ABVW01000002.1_151 
ABVW01000002.1_64 
ABVW01000004.1_22 
ABVW01000009.1_28 
ABVW01000001.1_305 
ABVW01000001.1_431 
ABVW01000002.1_88 
ABVW01000010.1_3 
ABVW01000001.1_283 
ABVW01000007.1_48 
ABVW01000001.1_135 
ABVW01000001.1_195 
ABVW01000002.1_11 
ABVW01000002.1_127 
ABVW01000006.1_24 
ABVW01000015.1_17 
ABVW01000019.1_2 
ABVW01000020.1_5 
ABVW01000018.1_5 
ABVW01000001.1_268 
ABVW01000005.1_35 
ABVW01000020.1_3 
ABVW01000001.1_208 
ABVW01000001.1_76 
ABVW01000002.1_18 
ABVW01000002.1_99 
ABVW01000003.1_89 
ABVW01000011.1_6 
ABVW01000003.1_15 
ABVW01000004.1_24 
ABVW01000004.1_58 
ABVW01000004.1_61 
ABVW01000006.1_11 
ABVW01000001.1_145 
ABVW01000001.1_354 
ABVW01000006.1_59 
ABVW01000013.1_18 
ABVW01000002.1_135 
ABVW01000001.1_39 
ABVW01000001.1_437 
ABVW01000001.1_82 
ABVW01000003.1_16 
ABVW01000003.1_24 
ABVW01000015.1_8 
ABVW01000016.1_20 
ABVW01000015.1_15 
ABVW01000001.1_186 
ABVW01000001.1_331 
ABVW01000001.1_447 
ABVW01000007.1_14 
ABVW01000001.1_201 
ABVW01000002.1_80 
ABVW01000004.1_8 
ABVW01000015.1_16 
ABVW01000001.1_333 
ABVW01000001.1_222 
ABVW01000002.1_21 
ABVW01000001.1_184 
ABVW01000002.1_164 
ABVW01000014.1_15 
ABVW01000020.1_6 
ABVW01000005.1_8 
ABVW01000005.1_18 
ABVW01000019.1_10 
ABVW01000002.1_78 
ABVW01000004.1_3 
ABVW01000001.1_332 
ABVW01000001.1_442 
ABVW01000010.1_12 
ABVW01000010.1_37 
ABVW01000015.1_12 
ABVW01000006.1_29 
ABVW01000001.1_376 
ABVW01000004.1_49 
ABVW01000010.1_23 
ABVW01000001.1_301 
ABVW01000016.1_27 
ABVW01000021.1_2 
ABVW01000001.1_438 
ABVW01000008.1_3 
ABVW01000001.1_197 
ABVW01000001.1_165 
ABVW01000004.1_20 
ABVW01000001.1_175 
ABVW01000003.1_71 
ABVW01000004.1_14 
ABVW01000005.1_46 
ABVW01000006.1_70 
ABVW01000009.1_20 
ABVW01000001.1_325 
ABVW01000002.1_19 
ABVW01000006.1_22 
ABVW01000006.1_52 
ABVW01000001.1_183 
ABVW01000001.1_221 
ABVW01000001.1_95 
ABVW01000005.1_51 
ABVW01000001.1_132 
ABVW01000002.1_141 
ABVW01000006.1_76 
ABVW01000001.1_108 
ABVW01000005.1_43 
ABVW01000006.1_46 
ABVW01000014.1_17 
ABVW01000020.1_4 
ABVW01000001.1_14 
ABVW01000002.1_134 
ABVW01000002.1_94 
ABVW01000004.1_5 
ABVW01000001.1_298 
ABVW01000003.1_44 
ABVW01000001.1_264 
ABVW01000008.1_4 
ABVW01000013.1_12 
ABVW01000001.1_210 
ABVW01000002.1_93 
ABVW01000001.1_263 
ABVW01000004.1_55 
ABVW01000006.1_6 
ABVW01000001.1_312 
ABVW01000006.1_27 
ABVW01000017.1_15 
ABVW01000018.1_12 
ABVW01000001.1_140 
ABVW01000002.1_117 
ABVW01000001.1_404 
ABVW01000001.1_439 
ABVW01000006.1_18 
ABVW01000007.1_47 
ABVW01000005.1_30 
ABVW01000006.1_8 
ABVW01000007.1_53 
ABVW01000010.1_5 
ABVW01000001.1_170 
ABVW01000002.1_6 
ABVW01000005.1_68 
ABVW01000002.1_31 
ABVW01000003.1_26 
ABVW01000016.1_2 
ABVW01000001.1_345 
ABVW01000002.1_1 
ABVW01000003.1_67 
ABVW01000004.1_47 
ABVW01000001.1_148 
ABVW01000002.1_174 
ABVW01000006.1_21 
ABVW01000007.1_52 
ABVW01000001.1_37 
ABVW01000004.1_16 
ABVW01000011.1_10 
ABVW01000011.1_4 
ABVW01000019.1_1 
ABVW01000004.1_6 
ABVW01000002.1_75 
ABVW01000006.1_39 
ABVW01000009.1_22 
ABVW01000017.1_16 
ABVW01000007.1_42 
ABVW01000001.1_220 
ABVW01000001.1_308 
ABVW01000002.1_62 
ABVW01000014.1_16 
ABVW01000001.1_230 
ABVW01000001.1_262 
ABVW01000001.1_47 
ABVW01000005.1_12 
ABVW01000007.1_15 
ABVW01000011.1_19 
ABVW01000005.1_20 
ABVW01000007.1_22 
ABVW01000001.1_211 
ABVW01000013.1_17 
ABVW01000002.1_105 
ABVW01000002.1_133 
ABVW01000003.1_68 
ABVW01000004.1_23 
ABVW01000021.1_5 
ABVW01000004.1_18 
ABVW01000007.1_35 
ABVW01000007.1_41 
ABVW01000001.1_101 
ABVW01000001.1_204 
ABVW01000001.1_398 
ABVW01000002.1_108 
ABVW01000002.1_156 
ABVW01000003.1_33 
ABVW01000003.1_85 
ABVW01000008.1_40 
ABVW01000001.1_343 
ABVW01000001.1_408 
ABVW01000002.1_119 
ABVW01000018.1_16 
ABVW01000001.1_138 
ABVW01000001.1_419 
ABVW01000002.1_176 
ABVW01000003.1_48 
ABVW01000004.1_10 
ABVW01000002.1_8 
ABVW01000003.1_58 
ABVW01000016.1_19 
ABVW01000019.1_3 
ABVW01000005.1_16 
ABVW01000001.1_79 
ABVW01000002.1_36 
ABVW01000006.1_36 
ABVW01000013.1_20 
ABVW01000001.1_225 
ABVW01000002.1_110 
ABVW01000017.1_7 
ABVW01000001.1_275 
ABVW01000001.1_280 
ABVW01000001.1_427 
ABVW01000005.1_31 
ABVW01000011.1_20 
ABVW01000001.1_455 
ABVW01000005.1_64 
ABVW01000006.1_56 
ABVW01000009.1_25 
ABVW01000002.1_41 
ABVW01000005.1_29 
ABVW01000007.1_6 
ABVW01000001.1_358 
ABVW01000001.1_435 
ABVW01000001.1_115 
ABVW01000002.1_25 
ABVW01000009.1_40 
ABVW01000001.1_322 
ABVW01000002.1_171 
ABVW01000021.1_4 
ABVW01000001.1_418 
ABVW01000002.1_145 
ABVW01000017.1_10 
ABVW01000002.1_28 
ABVW01000005.1_48 
ABVW01000002.1_136 
ABVW01000005.1_25 
ABVW01000012.1_23 
ABVW01000006.1_62 
ABVW01000016.1_18 
ABVW01000018.1_17 
ABVW01000001.1_57 
ABVW01000016.1_10 
ABVW01000001.1_19 
ABVW01000001.1_78 
ABVW01000002.1_73 
ABVW01000004.1_73 
ABVW01000018.1_13 
ABVW01000001.1_236 
ABVW01000013.1_13 
ABVW01000001.1_227 
ABVW01000001.1_273 
ABVW01000002.1_38 
ABVW01000014.1_5 
ABVW01000001.1_215 
ABVW01000002.1_90 
ABVW01000007.1_16 
ABVW01000008.1_18 
ABVW01000001.1_300 
ABVW01000002.1_3 
ABVW01000001.1_309 
ABVW01000001.1_32 
ABVW01000001.1_339 
ABVW01000003.1_51 
ABVW01000006.1_20 
ABVW01000016.1_22 
ABVW01000008.1_23 
ABVW01000001.1_23 
ABVW01000009.1_19 
ABVW01000001.1_232 
ABVW01000001.1_270 
ABVW01000001.1_356 
ABVW01000001.1_368 
ABVW01000010.1_31 
ABVW01000011.1_27 
ABVW01000001.1_216 
ABVW01000010.1_25 
ABVW01000012.1_10 
ABVW01000004.1_80 
ABVW01000005.1_54 
ABVW01000002.1_112 
ABVW01000002.1_55 
ABVW01000008.1_2 
ABVW01000013.1_23 
ABVW01000001.1_111 
ABVW01000001.1_326 
ABVW01000001.1_371 
ABVW01000002.1_107 
ABVW01000007.1_49 
ABVW01000001.1_229 
ABVW01000001.1_382 
ABVW01000005.1_77 
ABVW01000006.1_5 
ABVW01000013.1_11 
ABVW01000020.1_1 
ABVW01000001.1_255 
ABVW01000001.1_304 
ABVW01000007.1_46 
ABVW01000016.1_6 
ABVW01000001.1_423 
ABVW01000001.1_457 
ABVW01000010.1_40 
ABVW01000016.1_5 
ABVW01000001.1_359 
ABVW01000001.1_373 
ABVW01000002.1_27 
ABVW01000009.1_27 
ABVW01000018.1_1 
ABVW01000002.1_131 
ABVW01000002.1_35 
ABVW01000007.1_7 
ABVW01000001.1_161 
ABVW01000003.1_86 
ABVW01000001.1_329 
ABVW01000001.1_413 
ABVW01000002.1_125 
ABVW01000009.1_2 
ABVW01000012.1_22 
ABVW01000002.1_100 
ABVW01000003.1_64 
ABVW01000012.1_20 
ABVW01000013.1_6 
ABVW01000002.1_26 
ABVW01000008.1_39 
ABVW01000014.1_20 
ABVW01000003.1_66 
ABVW01000005.1_1 
ABVW01000001.1_8 
ABVW01000002.1_170 
ABVW01000010.1_22 
ABVW01000001.1_137 
ABVW01000001.1_385 
ABVW01000002.1_98 
ABVW01000009.1_34 
ABVW01000010.1_1 
ABVW01000020.1_2 
ABVW01000011.1_24 
ABVW01000001.1_91 
ABVW01000003.1_38 
ABVW01000006.1_23 
ABVW01000010.1_13 
ABVW01000001.1_214 
ABVW01000001.1_360 
ABVW01000002.1_116 
ABVW01000002.1_144 
ABVW01000002.1_40 
ABVW01000003.1_13 
ABVW01000017.1_13 
ABVW01000018.1_10 
ABVW01000001.1_72 
ABVW01000001.1_26 
ABVW01000003.1_22 
ABVW01000013.1_22 
ABVW01000018.1_8 
ABVW01000001.1_212 
ABVW01000001.1_265 
ABVW01000003.1_20 
ABVW01000004.1_1 
ABVW01000004.1_54 
ABVW01000004.1_67 
ABVW01000005.1_10 
ABVW01000008.1_42 
ABVW01000011.1_2 
ABVW01000001.1_136 
ABVW01000001.1_33 
ABVW01000011.1_8 
ABVW01000002.1_89 
ABVW01000002.1_115 
ABVW01000006.1_25 
ABVW01000001.1_103 
ABVW01000001.1_110 
ABVW01000002.1_103 
ABVW01000006.1_67 
ABVW01000001.1_388 
ABVW01000003.1_1 
ABVW01000001.1_193 
ABVW01000016.1_26 
ABVW01000001.1_279 
ABVW01000002.1_109 
ABVW01000004.1_84 
ABVW01000001.1_271 
ABVW01000001.1_377 
ABVW01000016.1_23 
ABVW01000017.1_4 
ABVW01000001.1_182 
ABVW01000001.1_247 
ABVW01000003.1_91 
ABVW01000015.1_24 
ABVW01000001.1_11 
ABVW01000003.1_34 
ABVW01000003.1_19 
ABVW01000004.1_53 
ABVW01000001.1_407 
ABVW01000015.1_21 
ABVW01000001.1_178 
ABVW01000001.1_278 
ABVW01000006.1_54 
ABVW01000009.1_18 
ABVW01000010.1_34 
ABVW01000013.1_19 
ABVW01000020.1_7 
ABVW01000001.1_462 
ABVW01000002.1_146 
ABVW01000004.1_12 
ABVW01000011.1_7 
ABVW01000001.1_51 
ABVW01000002.1_56 
ABVW01000001.1_6 
ABVW01000001.1_456 
ABVW01000001.1_64 
ABVW01000015.1_23 
ABVW01000002.1_104 
ABVW01000005.1_50 
ABVW01000001.1_296 
ABVW01000014.1_11 
ABVW01000015.1_1 
ABVW01000002.1_4 
ABVW01000005.1_17 
ABVW01000001.1_189 
ABVW01000002.1_92 
ABVW01000016.1_14 
ABVW01000001.1_122 
ABVW01000001.1_415 
ABVW01000003.1_95 
ABVW01000007.1_21 
ABVW01000007.1_32 
ABVW01000012.1_21 
ABVW01000002.1_67 
ABVW01000002.1_95 
ABVW01000004.1_25 
ABVW01000001.1_218 
ABVW01000021.1_6 
ABVW01000003.1_42 
ABVW01000010.1_27 
ABVW01000018.1_14 
ABVW01000001.1_104 
ABVW01000001.1_239 
ABVW01000002.1_97 
ABVW01000003.1_2 
ABVW01000007.1_37 
ABVW01000002.1_106 
ABVW01000015.1_18 
ABVW01000017.1_8 
ABVW01000001.1_224 
ABVW01000001.1_466 
ABVW01000002.1_102 
ABVW01000005.1_4 
ABVW01000005.1_49 
ABVW01000006.1_79 
ABVW01000019.1_4 
ABVW01000006.1_30 
ABVW01000002.1_168 
ABVW01000003.1_21 
ABVW01000010.1_16 
ABVW01000001.1_206 
ABVW01000008.1_9 
ABVW01000016.1_3 
ABVW01000014.1_4 
ABVW01000010.1_39 
ABVW01000001.1_180 
ABVW01000001.1_202 
ABVW01000006.1_14 
ABVW01000001.1_346 
ABVW01000013.1_4 
ABVW01000001.1_307 
ABVW01000005.1_56 
ABVW01000003.1_74 
ABVW01000001.1_80 
ABVW01000003.1_84 
ABVW01000001.1_402 
ABVW01000002.1_175 
ABVW01000004.1_52 
ABVW01000009.1_39 
ABVW01000001.1_414 
ABVW01000002.1_114 
ABVW01000001.1_71 
ABVW01000002.1_83 
ABVW01000015.1_22 
ABVW01000016.1_8 
ABVW01000001.1_131 
ABVW01000007.1_29 
ABVW01000010.1_41 
ABVW01000006.1_38 
ABVW01000007.1_51 
ABVW01000001.1_342 
ABVW01000001.1_392 
ABVW01000009.1_35 
ABVW01000002.1_101 
ABVW01000001.1_417 
ABVW01000002.1_111 
ABVW01000005.1_39 
ABVW01000016.1_1 
ABVW01000008.1_27 
ABVW01000001.1_317 
ABVW01000003.1_4 
ABVW01000008.1_20 
ABVW01000009.1_37 
ABVW01000007.1_28 
ABVW01000007.1_56 
ABVW01000001.1_74 
ABVW01000001.1_40 
ABVW01000006.1_1 
ABVW01000003.1_5 
ABVW01000004.1_46 
ABVW01000001.1_63 
ABVW01000009.1_15 
ABVW01000014.1_3 
ABVW01000002.1_143 
ABVW01000016.1_4 
ABVW01000008.1_26 
ABVW01000001.1_126 
ABVW01000001.1_316 
ABVW01000001.1_341 
ABVW01000002.1_178 
ABVW01000005.1_5 
ABVW01000014.1_21 
ABVW01000001.1_467 
ABVW01000004.1_33 
ABVW01000011.1_1 
ABVW01000007.1_10 
ABVW01000015.1_19 
ABVW01000015.1_20 
ABVW01000019.1_13 
ABVW01000021.1_1 
